<?xml version="1.0" encoding="UTF-8"?>
<testsuites name="ECRCreate" time="746" tests="3" failures="1" errors="1">
   <testsuite name="ECRCreate" tests="3" failures="1" errors="1" time="746" timestamp="2017-11-16 23:17:55" hostname="nipin - L22622WUS.rpega.com" id="Test Suites/ECRCreate">
      <properties>
         <property name="deviceName" value=""/>
         <property name="devicePlatform" value=""/>
         <property name="logFolder" value="C:\\Users\\nipin\\Katalon Studio\\COE\\Reports\\ECRCreate\\20171116_231752"/>
         <property name="logFiles" value="C:\\Users\\nipin\\Katalon Studio\\COE\\Reports\\ECRCreate\\20171116_231752\\execution0.log"/>
         <property name="attachments" value=""/>
         <property name="hostName" value="nipin - L22622WUS.rpega.com"/>
         <property name="os" value="Windows 7 64bit"/>
         <property name="katalonVersion" value="5.1.0.1"/>
         <property name="browser" value="Chrome 62.0.3202.94"/>
         <property name="hostAddress" value="10.224.202.96"/>
         <property name="sessionId" value="770f242aa7a4faf29aac15033917f6bf"/>
         <property name="seleniumVersion" value="3.7.1"/>
         <property name="proxyInformation" value="ProxyInformation{proxyOption=NO_PROXY, proxyServerType=HTTP, password=, proxyServerAddress=, proxyServerPort=0}"/>
         <property name="platform" value="Windows 7"/>
      </properties>
      <testcase name="Test Cases/ECR/REF/ECR_Meeting_ExpertService" classname="Test Cases/ECR/REF/ECR_Meeting_ExpertService" status="PASSED">
         <system-out><![CDATA[2017-11-16 23:17:55 - [TEST_CASE][PASSED] - Test Cases/ECR/REF/ECR_Meeting_ExpertService: Test Cases/ECR/REF/ECR_Meeting_ExpertService

2017-11-16 23:17:56 - [TEST_STEP][PASSED] - com.helper.commonfunct.utilities.login: com.helper.commonfunct.utilities.login is PASSED

2017-11-16 23:18:00 - [MESSAGE][PASSED] - Browser is opened with url: ''

2017-11-16 23:18:05 - [MESSAGE][PASSED] - Navigate to 'https://vtcpqa2.rpega.com:9030/tcpqa/PRServlet' successfully

2017-11-16 23:18:06 - [MESSAGE][PASSED] - Text 'pogoa@pegasystems.com' is set on object 'Object Repository/input_UserIdentifier'

2017-11-16 23:18:06 - [MESSAGE][PASSED] - Text 'install' is set on object 'Object Repository/input_Password'

2017-11-16 23:18:23 - [MESSAGE][PASSED] - Keys 'ENTER + ' sent to object: 'Object Repository/input_Password'

2017-11-16 23:18:23 - [MESSAGE][PASSED] - com.helper.commonfunct.utilities.login is PASSED

2017-11-16 23:18:23 - [TEST_STEP][PASSED] - Statement - Meeting = true: null

2017-11-16 23:18:23 - [TEST_STEP][PASSED] - com.helper.commonfunct.utilities.ECRMeeting: com.helper.commonfunct.utilities.ECRMeeting is PASSED

2017-11-16 23:18:23 - [MESSAGE][PASSED] - Object: 'Object Repository/Generic/a_Actions' is clicked on

2017-11-16 23:18:25 - [MESSAGE][PASSED] - Object: 'Object Repository/span_New' is focused

2017-11-16 23:18:28 - [MESSAGE][PASSED] - Object: 'Object Repository/span_Bid Process' is clicked on

2017-11-16 23:18:29 - [MESSAGE][PASSED] - Object: 'Object Repository/ECR/BID_TYPE' is clicked on

2017-11-16 23:18:29 - [MESSAGE][PASSED] - Object 'Object Repository/button_Import' is present

2017-11-16 23:18:34 - [MESSAGE][PASSED] - Delayed 5 second(s)

2017-11-16 23:18:34 - [MESSAGE][PASSED] - Object: 'Object Repository/button_Import' is clicked on

2017-11-16 23:18:35 - [MESSAGE][PASSED] - File 'C:\Users\nipin\Desktop\Latest BSW\Final\ECR_EXPSVC.xlsm' sent to object: 'Object Repository/input_PpyWorkPageppyFilePath'

2017-11-16 23:18:40 - [MESSAGE][PASSED] - Delayed 5 second(s)

2017-11-16 23:18:40 - [MESSAGE][WARNING] - Timeout '0' is invalid. Using default page load timeout: '30'

2017-11-16 23:18:40 - [MESSAGE][PASSED] - Scroll to object 'Object Repository/button_Submit' successfully

2017-11-16 23:18:45 - [MESSAGE][PASSED] - Object: 'Object Repository/button_Submit' is clicked on

2017-11-16 23:18:45 - [MESSAGE][PASSED] - Object 'Object Repository/EngInfo/COID' is visible

2017-11-16 23:18:50 - [MESSAGE][PASSED] - Delayed 5 second(s)

2017-11-16 23:18:55 - [MESSAGE][PASSED] - Delayed 5 second(s)

2017-11-16 23:18:55 - [MESSAGE][PASSED] - Text 'BOFA' is set on object 'Object Repository/Generic/ORG'

2017-11-16 23:19:00 - [MESSAGE][PASSED] - Delayed 5 second(s)

2017-11-16 23:19:01 - [MESSAGE][PASSED] - Keys 'TAB + ' sent to object: 'Object Repository/Generic/ORG'

2017-11-16 23:19:06 - [MESSAGE][PASSED] - Delayed 5 second(s)

2017-11-16 23:19:06 - [MESSAGE][PASSED] - Text 'BOFA' is set on object 'Object Repository/Generic/ACC'

2017-11-16 23:19:06 - [MESSAGE][PASSED] - Keys 'TAB + ' sent to object: 'Object Repository/Generic/ACC'

2017-11-16 23:19:11 - [MESSAGE][PASSED] - Delayed 5 second(s)

2017-11-16 23:19:11 - [MESSAGE][PASSED] - Text 'AUTOTEST1' is set on object 'Object Repository/Generic/ENG_DESC'

2017-11-16 23:19:16 - [MESSAGE][PASSED] - Delayed 5 second(s)

2017-11-16 23:19:16 - [MESSAGE][PASSED] - Scroll to object 'Object Repository/Generic/SUBMIT' successfully

2017-11-16 23:19:17 - [MESSAGE][PASSED] - Object: 'Object Repository/Generic/SUBMIT' is clicked on

2017-11-16 23:19:17 - [MESSAGE][PASSED] - Wait for page load successfully

2017-11-16 23:19:22 - [MESSAGE][PASSED] - Delayed 5 second(s)

2017-11-16 23:19:26 - [MESSAGE][PASSED] - Text 'CO-123' is set on object 'Object Repository/EngInfo/COID'

2017-11-16 23:19:26 - [MESSAGE][PASSED] - Wait for page load successfully

2017-11-16 23:19:31 - [MESSAGE][PASSED] - Delayed 5 second(s)

2017-11-16 23:19:31 - [MESSAGE][PASSED] - Keys 'Jeff Henderson ' sent to object: 'Object Repository/EngInfo/PL'

2017-11-16 23:19:36 - [MESSAGE][PASSED] - Delayed 5 second(s)

2017-11-16 23:19:37 - [MESSAGE][PASSED] - Keys 'Robert Higgins' sent to object: 'Object Repository/EngInfo/PLTL'

2017-11-16 23:19:42 - [MESSAGE][PASSED] - Delayed 5 second(s)

2017-11-16 23:19:42 - [MESSAGE][PASSED] - Keys 'Eric Panepinto' sent to object: 'Object Repository/EngInfo/RL'

2017-11-16 23:19:47 - [MESSAGE][PASSED] - Delayed 5 second(s)

2017-11-16 23:19:47 - [MESSAGE][PASSED] - Keys 'Robert Lang' sent to object: 'Object Repository/EngInfo/RD'

2017-11-16 23:19:52 - [MESSAGE][PASSED] - Delayed 5 second(s)

2017-11-16 23:19:57 - [MESSAGE][PASSED] - Delayed 5 second(s)

2017-11-16 23:19:58 - [MESSAGE][PASSED] - Object: 'Object Repository/Generic/MorethanOneRLS' is clicked on

2017-11-16 23:20:03 - [MESSAGE][PASSED] - Delayed 5 second(s)

2017-11-16 23:20:03 - [MESSAGE][PASSED] - Object: 'Object Repository/Generic/RapidDelivery' is clicked on

2017-11-16 23:20:08 - [MESSAGE][PASSED] - Delayed 5 second(s)

2017-11-16 23:20:08 - [MESSAGE][PASSED] - Object: 'Object Repository/Generic/methodology' is clicked on

2017-11-16 23:20:13 - [MESSAGE][PASSED] - Delayed 5 second(s)

2017-11-16 23:20:14 - [MESSAGE][PASSED] - Text '85000' is set on object 'Object Repository/ECR/Licence'

2017-11-16 23:20:19 - [MESSAGE][PASSED] - Delayed 5 second(s)

2017-11-16 23:20:19 - [MESSAGE][PASSED] - Keys 'AMPchroma' sent to object: 'Object Repository/Generic/PlatformID'

2017-11-16 23:20:24 - [MESSAGE][PASSED] - Delayed 5 second(s)

2017-11-16 23:20:24 - [MESSAGE][PASSED] - Keys 'N/A' sent to object: 'Object Repository/Generic/PlatformVersion'

2017-11-16 23:20:29 - [MESSAGE][PASSED] - Delayed 5 second(s)

2017-11-16 23:20:29 - [MESSAGE][PASSED] - Object: 'Object Repository/Generic/PlatformTrue' is clicked on

2017-11-16 23:20:30 - [MESSAGE][PASSED] - Scroll to object 'Object Repository/NEXT_BUTTON' successfully

2017-11-16 23:20:30 - [MESSAGE][PASSED] - Object: 'Object Repository/NEXT_BUTTON' is clicked on

2017-11-16 23:20:35 - [MESSAGE][PASSED] - Delayed 5 second(s)

2017-11-16 23:20:38 - [MESSAGE][PASSED] - Text '12/6/2017 11:27 AM' is set on object 'Object Repository/EngInfo/MeetingDate'

2017-11-16 23:20:43 - [MESSAGE][PASSED] - Delayed 5 second(s)

2017-11-16 23:20:43 - [MESSAGE][PASSED] - Text 'TEsting' is set on object 'Object Repository/EngInfo/instruction'

2017-11-16 23:20:48 - [MESSAGE][PASSED] - Delayed 5 second(s)

2017-11-16 23:20:48 - [MESSAGE][PASSED] - Text '' is set on object 'Object Repository/EngInfo/AE'

2017-11-16 23:20:53 - [MESSAGE][PASSED] - Delayed 5 second(s)

2017-11-16 23:20:54 - [MESSAGE][PASSED] - Text 'Nagaveni Nipinale' is set on object 'Object Repository/EngInfo/AE'

2017-11-16 23:20:54 - [MESSAGE][PASSED] - Object: 'Object Repository/EngInfo/isCloudInitiativeYes' is clicked on

2017-11-16 23:20:59 - [MESSAGE][PASSED] - Delayed 5 second(s)

2017-11-16 23:20:59 - [MESSAGE][PASSED] - Object: 'Object Repository/EngInfo/IsPegaMarketingYes' is clicked on

2017-11-16 23:21:04 - [MESSAGE][PASSED] - Delayed 5 second(s)

2017-11-16 23:21:04 - [MESSAGE][PASSED] - Object: 'Object Repository/EngInfo/IsPegaMobileYes' is clicked on

2017-11-16 23:21:09 - [MESSAGE][PASSED] - Delayed 5 second(s)

2017-11-16 23:21:14 - [MESSAGE][PASSED] - Delayed 5 second(s)

2017-11-16 23:21:19 - [MESSAGE][PASSED] - Delayed 5 second(s)

2017-11-16 23:21:19 - [MESSAGE][PASSED] - Scroll to object 'Object Repository/NEXT_BUTTON' successfully

2017-11-16 23:21:20 - [MESSAGE][PASSED] - Object: 'Object Repository/NEXT_BUTTON' is clicked on

2017-11-16 23:21:25 - [MESSAGE][PASSED] - Delayed 5 second(s)

2017-11-16 23:21:25 - [MESSAGE][PASSED] - Scroll to object 'Object Repository/NEXT_BUTTON' successfully

2017-11-16 23:21:25 - [MESSAGE][PASSED] - Object: 'Object Repository/NEXT_BUTTON' is clicked on

2017-11-16 23:21:30 - [MESSAGE][PASSED] - Delayed 5 second(s)

2017-11-16 23:21:30 - [MESSAGE][PASSED] - Scroll to object 'Object Repository/Generic/FINISH_BUTTON' successfully

2017-11-16 23:21:30 - [MESSAGE][PASSED] - Object: 'Object Repository/Generic/FINISH_BUTTON' is clicked on

2017-11-16 23:21:35 - [MESSAGE][PASSED] - Delayed 5 second(s)

2017-11-16 23:21:35 - [MESSAGE][PASSED] - Object: 'Object Repository/EngInfo/Continue' is clicked on

2017-11-16 23:21:40 - [MESSAGE][PASSED] - Delayed 5 second(s)

2017-11-16 23:21:45 - [MESSAGE][PASSED] - Delayed 5 second(s)

2017-11-16 23:21:47 - [MESSAGE][PASSED] - Object: 'Object Repository/Approve-Reject/attachdoc' is clicked on

2017-11-16 23:21:52 - [MESSAGE][PASSED] - Delayed 5 second(s)

2017-11-16 23:21:53 - [MESSAGE][PASSED] - Keys 'testing' sent to object: 'Object Repository/ECR_MEETING/BSW_TEXT'

2017-11-16 23:21:58 - [MESSAGE][PASSED] - Delayed 5 second(s)

2017-11-16 23:21:58 - [MESSAGE][PASSED] - Keys 'testing' sent to object: 'Object Repository/ECR_MEETING/ESTIMATE_TEXT'

2017-11-16 23:22:03 - [MESSAGE][PASSED] - Delayed 5 second(s)

2017-11-16 23:22:03 - [MESSAGE][PASSED] - Keys 'testing' sent to object: 'Object Repository/ECR_MEETING/OTHER_TEXT'

2017-11-16 23:22:08 - [MESSAGE][PASSED] - Delayed 5 second(s)

2017-11-16 23:22:08 - [MESSAGE][PASSED] - Keys 'testing' sent to object: 'Object Repository/ECR_MEETING/PRIAGE_TEXT'

2017-11-16 23:22:13 - [MESSAGE][PASSED] - Delayed 5 second(s)

2017-11-16 23:22:14 - [MESSAGE][PASSED] - Keys 'testing' sent to object: 'Object Repository/ECR_MEETING/SIZING_TEXT'

2017-11-16 23:22:19 - [MESSAGE][PASSED] - Delayed 5 second(s)

2017-11-16 23:22:19 - [MESSAGE][PASSED] - Keys 'testing' sent to object: 'Object Repository/Approve-Reject/APPROVE_REJECT_NOTES'

2017-11-16 23:22:24 - [MESSAGE][PASSED] - Delayed 5 second(s)

2017-11-16 23:22:24 - [MESSAGE][WARNING] - Timeout '0' is invalid. Using default page load timeout: '30'

2017-11-16 23:22:24 - [MESSAGE][PASSED] - Scroll to object 'Object Repository/Generic/SUBMIT' successfully

2017-11-16 23:22:24 - [MESSAGE][PASSED] - Object: 'Object Repository/Generic/SUBMIT' is clicked on

2017-11-16 23:22:29 - [MESSAGE][PASSED] - Delayed 5 second(s)

2017-11-16 23:22:30 - [MESSAGE][PASSED] - Text of object 'Object Repository/WO' is: 'ECR-16Nov2017-19'

2017-11-16 23:22:30 - [MESSAGE][PASSED] - Text of object 'Object Repository/ECR/WOSTATUS' is: 'Pending-RDApproval'

2017-11-16 23:22:30 - [MESSAGE][PASSED] - com.helper.commonfunct.utilities.ECRMeeting is PASSED]]></system-out>
         <system-err><![CDATA[]]></system-err>
      </testcase>
      <testcase name="Test Cases/ECR/REF/ECR_Meeting_NoExpertService" classname="Test Cases/ECR/REF/ECR_Meeting_NoExpertService" status="PASSED">
         <system-out><![CDATA[2017-11-16 23:22:30 - [TEST_CASE][PASSED] - Test Cases/ECR/REF/ECR_Meeting_NoExpertService: Test Cases/ECR/REF/ECR_Meeting_NoExpertService

2017-11-16 23:22:30 - [TEST_STEP][PASSED] - com.helper.commonfunct.utilities.login: com.helper.commonfunct.utilities.login is PASSED

2017-11-16 23:22:30 - [MESSAGE][WARNING] - A browser is already opened. Closing browser and opening a new one

2017-11-16 23:22:33 - [MESSAGE][PASSED] - Browser is opened with url: ''

2017-11-16 23:22:38 - [MESSAGE][PASSED] - Navigate to 'https://vtcpqa2.rpega.com:9030/tcpqa/PRServlet' successfully

2017-11-16 23:22:39 - [MESSAGE][PASSED] - Text 'pogoa@pegasystems.com' is set on object 'Object Repository/input_UserIdentifier'

2017-11-16 23:22:39 - [MESSAGE][PASSED] - Text 'install' is set on object 'Object Repository/input_Password'

2017-11-16 23:23:02 - [MESSAGE][PASSED] - Keys 'ENTER + ' sent to object: 'Object Repository/input_Password'

2017-11-16 23:23:02 - [MESSAGE][PASSED] - com.helper.commonfunct.utilities.login is PASSED

2017-11-16 23:23:02 - [TEST_STEP][PASSED] - Statement - Meeting = true: null

2017-11-16 23:23:02 - [TEST_STEP][PASSED] - com.helper.commonfunct.utilities.ECRMeeting: com.helper.commonfunct.utilities.ECRMeeting is PASSED

2017-11-16 23:23:03 - [MESSAGE][PASSED] - Object: 'Object Repository/Generic/a_Actions' is clicked on

2017-11-16 23:23:05 - [MESSAGE][PASSED] - Object: 'Object Repository/span_New' is focused

2017-11-16 23:23:10 - [MESSAGE][PASSED] - Object: 'Object Repository/span_Bid Process' is clicked on

2017-11-16 23:23:10 - [MESSAGE][PASSED] - Object: 'Object Repository/ECR/BID_TYPE' is clicked on

2017-11-16 23:23:10 - [MESSAGE][PASSED] - Object 'Object Repository/button_Import' is present

2017-11-16 23:23:15 - [MESSAGE][PASSED] - Delayed 5 second(s)

2017-11-16 23:23:16 - [MESSAGE][PASSED] - Object: 'Object Repository/button_Import' is clicked on

2017-11-16 23:23:16 - [MESSAGE][PASSED] - File 'C:\Users\nipin\Desktop\Latest BSW\Final\ECR_WITH_MEETING.xlsm' sent to object: 'Object Repository/input_PpyWorkPageppyFilePath'

2017-11-16 23:23:21 - [MESSAGE][PASSED] - Delayed 5 second(s)

2017-11-16 23:23:21 - [MESSAGE][WARNING] - Timeout '0' is invalid. Using default page load timeout: '30'

2017-11-16 23:23:22 - [MESSAGE][PASSED] - Scroll to object 'Object Repository/button_Submit' successfully

2017-11-16 23:23:26 - [MESSAGE][PASSED] - Object: 'Object Repository/button_Submit' is clicked on

2017-11-16 23:23:26 - [MESSAGE][PASSED] - Object 'Object Repository/EngInfo/COID' is visible

2017-11-16 23:23:31 - [MESSAGE][PASSED] - Delayed 5 second(s)

2017-11-16 23:23:36 - [MESSAGE][PASSED] - Delayed 5 second(s)

2017-11-16 23:23:36 - [MESSAGE][PASSED] - Text 'BOFA' is set on object 'Object Repository/Generic/ORG'

2017-11-16 23:23:41 - [MESSAGE][PASSED] - Delayed 5 second(s)

2017-11-16 23:23:41 - [MESSAGE][PASSED] - Keys 'TAB + ' sent to object: 'Object Repository/Generic/ORG'

2017-11-16 23:23:46 - [MESSAGE][PASSED] - Delayed 5 second(s)

2017-11-16 23:23:46 - [MESSAGE][PASSED] - Text 'BOFA' is set on object 'Object Repository/Generic/ACC'

2017-11-16 23:23:47 - [MESSAGE][PASSED] - Keys 'TAB + ' sent to object: 'Object Repository/Generic/ACC'

2017-11-16 23:23:52 - [MESSAGE][PASSED] - Delayed 5 second(s)

2017-11-16 23:23:52 - [MESSAGE][PASSED] - Text 'AUTOTEST1' is set on object 'Object Repository/Generic/ENG_DESC'

2017-11-16 23:23:57 - [MESSAGE][PASSED] - Delayed 5 second(s)

2017-11-16 23:23:57 - [MESSAGE][PASSED] - Scroll to object 'Object Repository/Generic/SUBMIT' successfully

2017-11-16 23:23:57 - [MESSAGE][PASSED] - Object: 'Object Repository/Generic/SUBMIT' is clicked on

2017-11-16 23:23:58 - [MESSAGE][PASSED] - Wait for page load successfully

2017-11-16 23:24:03 - [MESSAGE][PASSED] - Delayed 5 second(s)

2017-11-16 23:24:04 - [MESSAGE][PASSED] - Text 'CO-123' is set on object 'Object Repository/EngInfo/COID'

2017-11-16 23:24:04 - [MESSAGE][PASSED] - Wait for page load successfully

2017-11-16 23:24:09 - [MESSAGE][PASSED] - Delayed 5 second(s)

2017-11-16 23:24:09 - [MESSAGE][PASSED] - Keys 'Jeff Henderson ' sent to object: 'Object Repository/EngInfo/PL'

2017-11-16 23:24:14 - [MESSAGE][PASSED] - Delayed 5 second(s)

2017-11-16 23:24:14 - [MESSAGE][PASSED] - Keys 'Robert Higgins' sent to object: 'Object Repository/EngInfo/PLTL'

2017-11-16 23:24:19 - [MESSAGE][PASSED] - Delayed 5 second(s)

2017-11-16 23:24:20 - [MESSAGE][PASSED] - Keys 'Eric Panepinto' sent to object: 'Object Repository/EngInfo/RL'

2017-11-16 23:24:25 - [MESSAGE][PASSED] - Delayed 5 second(s)

2017-11-16 23:24:25 - [MESSAGE][PASSED] - Keys 'Robert Lang' sent to object: 'Object Repository/EngInfo/RD'

2017-11-16 23:24:30 - [MESSAGE][PASSED] - Delayed 5 second(s)

2017-11-16 23:24:35 - [MESSAGE][PASSED] - Delayed 5 second(s)

2017-11-16 23:24:35 - [MESSAGE][PASSED] - Object: 'Object Repository/Generic/MorethanOneRLS' is clicked on

2017-11-16 23:24:40 - [MESSAGE][PASSED] - Delayed 5 second(s)

2017-11-16 23:24:41 - [MESSAGE][PASSED] - Object: 'Object Repository/Generic/RapidDelivery' is clicked on

2017-11-16 23:24:46 - [MESSAGE][PASSED] - Delayed 5 second(s)

2017-11-16 23:24:46 - [MESSAGE][PASSED] - Object: 'Object Repository/Generic/methodology' is clicked on

2017-11-16 23:24:51 - [MESSAGE][PASSED] - Delayed 5 second(s)

2017-11-16 23:24:51 - [MESSAGE][PASSED] - Text '85000' is set on object 'Object Repository/ECR/Licence'

2017-11-16 23:24:56 - [MESSAGE][PASSED] - Delayed 5 second(s)

2017-11-16 23:24:57 - [MESSAGE][PASSED] - Keys 'AMPchroma' sent to object: 'Object Repository/Generic/PlatformID'

2017-11-16 23:25:02 - [MESSAGE][PASSED] - Delayed 5 second(s)

2017-11-16 23:25:02 - [MESSAGE][PASSED] - Keys 'N/A' sent to object: 'Object Repository/Generic/PlatformVersion'

2017-11-16 23:25:07 - [MESSAGE][PASSED] - Delayed 5 second(s)

2017-11-16 23:25:07 - [MESSAGE][PASSED] - Object: 'Object Repository/Generic/PlatformTrue' is clicked on

2017-11-16 23:25:07 - [MESSAGE][PASSED] - Scroll to object 'Object Repository/NEXT_BUTTON' successfully

2017-11-16 23:25:07 - [MESSAGE][PASSED] - Object: 'Object Repository/NEXT_BUTTON' is clicked on

2017-11-16 23:25:12 - [MESSAGE][PASSED] - Delayed 5 second(s)

2017-11-16 23:25:13 - [MESSAGE][PASSED] - Text '12/6/2017 11:27 AM' is set on object 'Object Repository/EngInfo/MeetingDate'

2017-11-16 23:25:18 - [MESSAGE][PASSED] - Delayed 5 second(s)

2017-11-16 23:25:18 - [MESSAGE][PASSED] - Text 'TEsting' is set on object 'Object Repository/EngInfo/instruction'

2017-11-16 23:25:23 - [MESSAGE][PASSED] - Delayed 5 second(s)

2017-11-16 23:25:23 - [MESSAGE][PASSED] - Text '' is set on object 'Object Repository/EngInfo/AE'

2017-11-16 23:25:28 - [MESSAGE][PASSED] - Delayed 5 second(s)

2017-11-16 23:25:29 - [MESSAGE][PASSED] - Text 'Nagaveni Nipinale' is set on object 'Object Repository/EngInfo/AE'

2017-11-16 23:25:29 - [MESSAGE][PASSED] - Object: 'Object Repository/EngInfo/isCloudInitiativeYes' is clicked on

2017-11-16 23:25:34 - [MESSAGE][PASSED] - Delayed 5 second(s)

2017-11-16 23:25:34 - [MESSAGE][PASSED] - Object: 'Object Repository/EngInfo/IsPegaMarketingYes' is clicked on

2017-11-16 23:25:39 - [MESSAGE][PASSED] - Delayed 5 second(s)

2017-11-16 23:25:40 - [MESSAGE][PASSED] - Object: 'Object Repository/EngInfo/IsPegaMobileYes' is clicked on

2017-11-16 23:25:45 - [MESSAGE][PASSED] - Delayed 5 second(s)

2017-11-16 23:25:50 - [MESSAGE][PASSED] - Delayed 5 second(s)

2017-11-16 23:25:55 - [MESSAGE][PASSED] - Delayed 5 second(s)

2017-11-16 23:25:55 - [MESSAGE][PASSED] - Scroll to object 'Object Repository/NEXT_BUTTON' successfully

2017-11-16 23:25:55 - [MESSAGE][PASSED] - Object: 'Object Repository/NEXT_BUTTON' is clicked on

2017-11-16 23:26:00 - [MESSAGE][PASSED] - Delayed 5 second(s)

2017-11-16 23:26:00 - [MESSAGE][PASSED] - Scroll to object 'Object Repository/NEXT_BUTTON' successfully

2017-11-16 23:26:00 - [MESSAGE][PASSED] - Object: 'Object Repository/NEXT_BUTTON' is clicked on

2017-11-16 23:26:05 - [MESSAGE][PASSED] - Delayed 5 second(s)

2017-11-16 23:26:05 - [MESSAGE][PASSED] - Scroll to object 'Object Repository/Generic/FINISH_BUTTON' successfully

2017-11-16 23:26:06 - [MESSAGE][PASSED] - Object: 'Object Repository/Generic/FINISH_BUTTON' is clicked on

2017-11-16 23:26:11 - [MESSAGE][PASSED] - Delayed 5 second(s)

2017-11-16 23:26:11 - [MESSAGE][PASSED] - Object: 'Object Repository/EngInfo/Continue' is clicked on

2017-11-16 23:26:16 - [MESSAGE][PASSED] - Delayed 5 second(s)

2017-11-16 23:26:21 - [MESSAGE][PASSED] - Delayed 5 second(s)

2017-11-16 23:26:22 - [MESSAGE][PASSED] - Object: 'Object Repository/Approve-Reject/attachdoc' is clicked on

2017-11-16 23:26:27 - [MESSAGE][PASSED] - Delayed 5 second(s)

2017-11-16 23:26:27 - [MESSAGE][PASSED] - Keys 'testing' sent to object: 'Object Repository/ECR_MEETING/BSW_TEXT'

2017-11-16 23:26:32 - [MESSAGE][PASSED] - Delayed 5 second(s)

2017-11-16 23:26:33 - [MESSAGE][PASSED] - Keys 'testing' sent to object: 'Object Repository/ECR_MEETING/ESTIMATE_TEXT'

2017-11-16 23:26:38 - [MESSAGE][PASSED] - Delayed 5 second(s)

2017-11-16 23:26:38 - [MESSAGE][PASSED] - Keys 'testing' sent to object: 'Object Repository/ECR_MEETING/OTHER_TEXT'

2017-11-16 23:26:43 - [MESSAGE][PASSED] - Delayed 5 second(s)

2017-11-16 23:26:43 - [MESSAGE][PASSED] - Keys 'testing' sent to object: 'Object Repository/ECR_MEETING/PRIAGE_TEXT'

2017-11-16 23:26:48 - [MESSAGE][PASSED] - Delayed 5 second(s)

2017-11-16 23:26:48 - [MESSAGE][PASSED] - Keys 'testing' sent to object: 'Object Repository/ECR_MEETING/SIZING_TEXT'

2017-11-16 23:26:53 - [MESSAGE][PASSED] - Delayed 5 second(s)

2017-11-16 23:26:54 - [MESSAGE][PASSED] - Keys 'testing' sent to object: 'Object Repository/Approve-Reject/APPROVE_REJECT_NOTES'

2017-11-16 23:26:59 - [MESSAGE][PASSED] - Delayed 5 second(s)

2017-11-16 23:26:59 - [MESSAGE][WARNING] - Timeout '0' is invalid. Using default page load timeout: '30'

2017-11-16 23:26:59 - [MESSAGE][PASSED] - Scroll to object 'Object Repository/Generic/SUBMIT' successfully

2017-11-16 23:26:59 - [MESSAGE][PASSED] - Object: 'Object Repository/Generic/SUBMIT' is clicked on

2017-11-16 23:27:04 - [MESSAGE][PASSED] - Delayed 5 second(s)

2017-11-16 23:27:04 - [MESSAGE][PASSED] - Text of object 'Object Repository/WO' is: 'ECR-16Nov2017-20'

2017-11-16 23:27:04 - [MESSAGE][PASSED] - Text of object 'Object Repository/ECR/WOSTATUS' is: 'Pending-RDApproval'

2017-11-16 23:27:04 - [MESSAGE][PASSED] - com.helper.commonfunct.utilities.ECRMeeting is PASSED]]></system-out>
         <system-err><![CDATA[]]></system-err>
      </testcase>
      <testcase name="Test Cases/ECR/REF/ECR_Lite_ExpertService" classname="Test Cases/ECR/REF/ECR_Lite_ExpertService" status="PASSED">
         <system-out><![CDATA[2017-11-16 23:27:04 - [TEST_CASE][PASSED] - Test Cases/ECR/REF/ECR_Lite_ExpertService: Test Cases/ECR/REF/ECR_Lite_ExpertService

2017-11-16 23:27:04 - [TEST_STEP][PASSED] - com.helper.commonfunct.utilities.login: com.helper.commonfunct.utilities.login is PASSED

2017-11-16 23:27:04 - [MESSAGE][WARNING] - A browser is already opened. Closing browser and opening a new one

2017-11-16 23:27:08 - [MESSAGE][PASSED] - Browser is opened with url: ''

2017-11-16 23:27:13 - [MESSAGE][PASSED] - Navigate to 'https://vtcpqa2.rpega.com:9030/tcpqa/PRServlet' successfully

2017-11-16 23:27:13 - [MESSAGE][PASSED] - Text 'pogoa@pegasystems.com' is set on object 'Object Repository/input_UserIdentifier'

2017-11-16 23:27:14 - [MESSAGE][PASSED] - Text 'install' is set on object 'Object Repository/input_Password'

2017-11-16 23:27:28 - [MESSAGE][PASSED] - Keys 'ENTER + ' sent to object: 'Object Repository/input_Password'

2017-11-16 23:27:28 - [MESSAGE][PASSED] - com.helper.commonfunct.utilities.login is PASSED

2017-11-16 23:27:28 - [TEST_STEP][PASSED] - com.helper.commonfunct.utilities.createECR: com.helper.commonfunct.utilities.createECR is PASSED

2017-11-16 23:27:28 - [MESSAGE][PASSED] - Object: 'Object Repository/Generic/a_Actions' is clicked on

2017-11-16 23:27:31 - [MESSAGE][PASSED] - Object: 'Object Repository/span_New' is focused

2017-11-16 23:27:34 - [MESSAGE][PASSED] - Object: 'Object Repository/span_Bid Process' is clicked on

2017-11-16 23:27:34 - [MESSAGE][PASSED] - Object: 'Object Repository/ECR/BID_TYPE' is clicked on

2017-11-16 23:27:34 - [MESSAGE][PASSED] - Object 'Object Repository/button_Import' is present

2017-11-16 23:27:39 - [MESSAGE][PASSED] - Delayed 5 second(s)

2017-11-16 23:27:39 - [MESSAGE][PASSED] - Object: 'Object Repository/button_Import' is clicked on

2017-11-16 23:27:40 - [MESSAGE][PASSED] - File 'C:\Users\nipin\Desktop\Latest BSW\Final\ECR_LITE_EXPSVC.xlsm' sent to object: 'Object Repository/input_PpyWorkPageppyFilePath'

2017-11-16 23:27:45 - [MESSAGE][PASSED] - Delayed 5 second(s)

2017-11-16 23:27:45 - [MESSAGE][WARNING] - Timeout '0' is invalid. Using default page load timeout: '30'

2017-11-16 23:27:45 - [MESSAGE][PASSED] - Scroll to object 'Object Repository/button_Submit' successfully

2017-11-16 23:27:50 - [MESSAGE][PASSED] - Object: 'Object Repository/button_Submit' is clicked on

2017-11-16 23:27:50 - [MESSAGE][PASSED] - Object 'Object Repository/EngInfo/COID' is visible

2017-11-16 23:27:55 - [MESSAGE][PASSED] - Delayed 5 second(s)

2017-11-16 23:28:00 - [MESSAGE][PASSED] - Delayed 5 second(s)

2017-11-16 23:28:01 - [MESSAGE][PASSED] - Text 'BOFA' is set on object 'Object Repository/Generic/ORG'

2017-11-16 23:28:06 - [MESSAGE][PASSED] - Delayed 5 second(s)

2017-11-16 23:28:06 - [MESSAGE][PASSED] - Keys 'TAB + ' sent to object: 'Object Repository/Generic/ORG'

2017-11-16 23:28:11 - [MESSAGE][PASSED] - Delayed 5 second(s)

2017-11-16 23:28:11 - [MESSAGE][PASSED] - Text 'BOFA' is set on object 'Object Repository/Generic/ACC'

2017-11-16 23:28:16 - [MESSAGE][PASSED] - Delayed 5 second(s)

2017-11-16 23:28:16 - [MESSAGE][PASSED] - Keys 'TAB + ' sent to object: 'Object Repository/Generic/ACC'

2017-11-16 23:28:21 - [MESSAGE][PASSED] - Delayed 5 second(s)

2017-11-16 23:28:22 - [MESSAGE][PASSED] - Text 'AUTOTEST1' is set on object 'Object Repository/Generic/ENG_DESC'

2017-11-16 23:28:27 - [MESSAGE][PASSED] - Delayed 5 second(s)

2017-11-16 23:28:27 - [MESSAGE][WARNING] - Timeout '0' is invalid. Using default page load timeout: '30'

2017-11-16 23:28:27 - [MESSAGE][PASSED] - Scroll to object 'Object Repository/Generic/SUBMIT' successfully

2017-11-16 23:28:27 - [MESSAGE][PASSED] - Object: 'Object Repository/Generic/SUBMIT' is clicked on

2017-11-16 23:28:32 - [MESSAGE][PASSED] - Delayed 5 second(s)

2017-11-16 23:28:32 - [MESSAGE][PASSED] - Text 'CO-12' is set on object 'Object Repository/EngInfo/COID'

2017-11-16 23:28:39 - [MESSAGE][PASSED] - Delayed 7 second(s)

2017-11-16 23:28:39 - [MESSAGE][PASSED] - Wait for page load successfully

2017-11-16 23:28:40 - [MESSAGE][PASSED] - Object: 'Object Repository/Generic/gapDrivenMethodology' is clicked on

2017-11-16 23:28:45 - [MESSAGE][PASSED] - Delayed 5 second(s)

2017-11-16 23:28:45 - [MESSAGE][PASSED] - Object: 'Object Repository/Generic/RapidDelivery' is clicked on

2017-11-16 23:28:50 - [MESSAGE][PASSED] - Delayed 5 second(s)

2017-11-16 23:28:50 - [MESSAGE][PASSED] - Object: 'Object Repository/Generic/MorethanOneRLS' is clicked on

2017-11-16 23:28:55 - [MESSAGE][PASSED] - Delayed 5 second(s)

2017-11-16 23:28:56 - [MESSAGE][PASSED] - Text '85000' is set on object 'Object Repository/ECR/Licence'

2017-11-16 23:29:01 - [MESSAGE][PASSED] - Delayed 5 second(s)

2017-11-16 23:29:01 - [MESSAGE][PASSED] - Object 'Object Repository/Generic/platform' is visible

2017-11-16 23:29:06 - [MESSAGE][PASSED] - Delayed 5 second(s)

2017-11-16 23:29:06 - [MESSAGE][PASSED] - Keys 'AMPchroma' sent to object: 'Object Repository/Generic/PlatformID'

2017-11-16 23:29:11 - [MESSAGE][PASSED] - Delayed 5 second(s)

2017-11-16 23:29:11 - [MESSAGE][PASSED] - Keys 'N/A' sent to object: 'Object Repository/Generic/PlatformVersion'

2017-11-16 23:29:16 - [MESSAGE][PASSED] - Delayed 5 second(s)

2017-11-16 23:29:16 - [MESSAGE][PASSED] - Object: 'Object Repository/Generic/PlatformTrue' is clicked on

2017-11-16 23:29:21 - [MESSAGE][PASSED] - Delayed 5 second(s)

2017-11-16 23:29:22 - [MESSAGE][PASSED] - Keys 'Jeff Henderson ' sent to object: 'Object Repository/EngInfo/PL'

2017-11-16 23:29:27 - [MESSAGE][PASSED] - Delayed 5 second(s)

2017-11-16 23:29:27 - [MESSAGE][PASSED] - Keys 'Robert Higgins' sent to object: 'Object Repository/EngInfo/PLTL'

2017-11-16 23:29:32 - [MESSAGE][PASSED] - Delayed 5 second(s)

2017-11-16 23:29:32 - [MESSAGE][PASSED] - Keys 'Eric Panepinto' sent to object: 'Object Repository/EngInfo/RL'

2017-11-16 23:29:37 - [MESSAGE][PASSED] - Delayed 5 second(s)

2017-11-16 23:29:38 - [MESSAGE][PASSED] - Keys 'Robert Lang' sent to object: 'Object Repository/EngInfo/RD'

2017-11-16 23:29:43 - [MESSAGE][PASSED] - Delayed 5 second(s)

2017-11-16 23:29:43 - [MESSAGE][PASSED] - Scroll to object 'Object Repository/NEXT_BUTTON' successfully

2017-11-16 23:29:43 - [MESSAGE][PASSED] - Object: 'Object Repository/NEXT_BUTTON' is clicked on

2017-11-16 23:29:50 - [MESSAGE][PASSED] - Delayed 7 second(s)

2017-11-16 23:29:50 - [MESSAGE][PASSED] - Scroll to object 'Object Repository/NEXT_BUTTON' successfully

2017-11-16 23:29:50 - [MESSAGE][PASSED] - Object: 'Object Repository/NEXT_BUTTON' is clicked on

2017-11-16 23:29:57 - [MESSAGE][PASSED] - Delayed 7 second(s)

2017-11-16 23:29:57 - [MESSAGE][PASSED] - Wait for page load successfully

2017-11-16 23:29:58 - [MESSAGE][PASSED] - Scroll to object 'Object Repository/Generic/FINISH_BUTTON' successfully

2017-11-16 23:29:58 - [MESSAGE][PASSED] - Object: 'Object Repository/Generic/FINISH_BUTTON' is clicked on

2017-11-16 23:30:03 - [MESSAGE][PASSED] - Delayed 5 second(s)

2017-11-16 23:30:04 - [MESSAGE][PASSED] - Text of object 'Object Repository/WO' is: 'ECR-16Nov2017-21'

2017-11-16 23:30:04 - [MESSAGE][PASSED] - Text of object 'Object Repository/ECR/WOSTATUS' is: 'Pending-RDApproval'

2017-11-16 23:30:04 - [MESSAGE][PASSED] - com.helper.commonfunct.utilities.createECR is PASSED]]></system-out>
         <system-err><![CDATA[]]></system-err>
      </testcase>
      <testcase name="Test Cases/ECR/REF/ECR_Lite_NoExpertService" classname="Test Cases/ECR/REF/ECR_Lite_NoExpertService" status="FAILED">
         <failure type="FAILED" message="Unable to click on object 'Object Repository/Generic/a_Actions' (Root cause: org.openqa.selenium.NoSuchWindowException: no such window: target window already closed
from unknown error: web view not found
  (Session info: chrome=62.0.3202.94)
  (Driver info: chromedriver=2.33.506120 (e3e53437346286c0bc2d2dc9aa4915ba81d9023f),platform=Windows NT 6.1.7601 SP1 x86_64) (WARNING: The server did not provide any stacktrace information)
Command duration or timeout: 0 milliseconds
Build info: version: '3.7.1', revision: '8a0099a', time: '2017-11-06T21:07:36.161Z'
System info: host: 'L22622WUS', ip: '10.224.202.96', os.name: 'Windows 7', os.arch: 'amd64', os.version: '6.1', java.version: '1.8.0_102'
Driver info: com.kms.katalon.selenium.driver.CChromeDriver
Capabilities {acceptSslCerts: true, applicationCacheEnabled: false, browserConnectionEnabled: false, browserName: chrome, chrome: {chromedriverVersion: 2.33.506120 (e3e53437346286..., userDataDir: C:\Users\nipin\AppData\Loca...}, cssSelectorsEnabled: true, databaseEnabled: false, handlesAlerts: true, hasTouchScreen: false, javascriptEnabled: true, locationContextEnabled: true, mobileEmulationEnabled: false, nativeEvents: true, networkConnectionEnabled: false, pageLoadStrategy: normal, platform: XP, platformName: XP, rotatable: false, setWindowRect: true, takesHeapSnapshot: true, takesScreenshot: true, unexpectedAlertBehaviour: , unhandledPromptBehavior: , version: 62.0.3202.94, webStorageEnabled: true}
Session ID: 770f242aa7a4faf29aac15033917f6bf
*** Element info: {Using=xpath, value=//a[count(. | //*[@href = '#']) = count(//*[@href = '#'])][count(. | //*[contains(.,'Actions')]) = count(//*[contains(.,'Actions')])]})"/>
         <system-out><![CDATA[2017-11-16 23:30:04 - [TEST_CASE][FAILED] - Test Cases/ECR/REF/ECR_Lite_NoExpertService: Test Cases/ECR/REF/ECR_Lite_NoExpertService FAILED because (of) Unable to click on object 'Object Repository/Generic/a_Actions' (Root cause: org.openqa.selenium.NoSuchWindowException: no such window: target window already closed
from unknown error: web view not found
  (Session info: chrome=62.0.3202.94)
  (Driver info: chromedriver=2.33.506120 (e3e53437346286c0bc2d2dc9aa4915ba81d9023f),platform=Windows NT 6.1.7601 SP1 x86_64) (WARNING: The server did not provide any stacktrace information)
Command duration or timeout: 0 milliseconds
Build info: version: '3.7.1', revision: '8a0099a', time: '2017-11-06T21:07:36.161Z'
System info: host: 'L22622WUS', ip: '10.224.202.96', os.name: 'Windows 7', os.arch: 'amd64', os.version: '6.1', java.version: '1.8.0_102'
Driver info: com.kms.katalon.selenium.driver.CChromeDriver
Capabilities {acceptSslCerts: true, applicationCacheEnabled: false, browserConnectionEnabled: false, browserName: chrome, chrome: {chromedriverVersion: 2.33.506120 (e3e53437346286..., userDataDir: C:\Users\nipin\AppData\Loca...}, cssSelectorsEnabled: true, databaseEnabled: false, handlesAlerts: true, hasTouchScreen: false, javascriptEnabled: true, locationContextEnabled: true, mobileEmulationEnabled: false, nativeEvents: true, networkConnectionEnabled: false, pageLoadStrategy: normal, platform: XP, platformName: XP, rotatable: false, setWindowRect: true, takesHeapSnapshot: true, takesScreenshot: true, unexpectedAlertBehaviour: , unhandledPromptBehavior: , version: 62.0.3202.94, webStorageEnabled: true}
Session ID: 770f242aa7a4faf29aac15033917f6bf
*** Element info: {Using=xpath, value=//a[count(. | //*[@href = '#']) = count(//*[@href = '#'])][count(. | //*[contains(.,'Actions')]) = count(//*[contains(.,'Actions')])]})

2017-11-16 23:30:04 - [TEST_STEP][PASSED] - com.helper.commonfunct.utilities.login: com.helper.commonfunct.utilities.login is PASSED

2017-11-16 23:30:04 - [MESSAGE][WARNING] - A browser is already opened. Closing browser and opening a new one

2017-11-16 23:30:08 - [MESSAGE][PASSED] - Browser is opened with url: ''

2017-11-16 23:30:13 - [MESSAGE][PASSED] - Navigate to 'https://vtcpqa2.rpega.com:9030/tcpqa/PRServlet' successfully

2017-11-16 23:30:14 - [MESSAGE][PASSED] - Text 'pogoa@pegasystems.com' is set on object 'Object Repository/input_UserIdentifier'

2017-11-16 23:30:14 - [MESSAGE][PASSED] - Text 'install' is set on object 'Object Repository/input_Password'

2017-11-16 23:30:20 - [MESSAGE][PASSED] - Keys 'ENTER + ' sent to object: 'Object Repository/input_Password'

2017-11-16 23:30:20 - [MESSAGE][PASSED] - com.helper.commonfunct.utilities.login is PASSED

2017-11-16 23:30:20 - [TEST_STEP][FAILED] - com.helper.commonfunct.utilities.createECR: Unable to click on object 'Object Repository/Generic/a_Actions' (Root cause: org.openqa.selenium.NoSuchWindowException: no such window: target window already closed
from unknown error: web view not found
  (Session info: chrome=62.0.3202.94)
  (Driver info: chromedriver=2.33.506120 (e3e53437346286c0bc2d2dc9aa4915ba81d9023f),platform=Windows NT 6.1.7601 SP1 x86_64) (WARNING: The server did not provide any stacktrace information)
Command duration or timeout: 0 milliseconds
Build info: version: '3.7.1', revision: '8a0099a', time: '2017-11-06T21:07:36.161Z'
System info: host: 'L22622WUS', ip: '10.224.202.96', os.name: 'Windows 7', os.arch: 'amd64', os.version: '6.1', java.version: '1.8.0_102'
Driver info: com.kms.katalon.selenium.driver.CChromeDriver
Capabilities {acceptSslCerts: true, applicationCacheEnabled: false, browserConnectionEnabled: false, browserName: chrome, chrome: {chromedriverVersion: 2.33.506120 (e3e53437346286..., userDataDir: C:\Users\nipin\AppData\Loca...}, cssSelectorsEnabled: true, databaseEnabled: false, handlesAlerts: true, hasTouchScreen: false, javascriptEnabled: true, locationContextEnabled: true, mobileEmulationEnabled: false, nativeEvents: true, networkConnectionEnabled: false, pageLoadStrategy: normal, platform: XP, platformName: XP, rotatable: false, setWindowRect: true, takesHeapSnapshot: true, takesScreenshot: true, unexpectedAlertBehaviour: , unhandledPromptBehavior: , version: 62.0.3202.94, webStorageEnabled: true}
Session ID: 770f242aa7a4faf29aac15033917f6bf
*** Element info: {Using=xpath, value=//a[count(. | //*[@href = '#']) = count(//*[@href = '#'])][count(. | //*[contains(.,'Actions')]) = count(//*[contains(.,'Actions')])]})

2017-11-16 23:30:20 - [MESSAGE][WARNING] - Cannot take screenshot

2017-11-16 23:30:20 - [MESSAGE][FAILED] - Unable to click on object 'Object Repository/Generic/a_Actions' (Root cause: org.openqa.selenium.NoSuchWindowException: no such window: target window already closed
from unknown error: web view not found
  (Session info: chrome=62.0.3202.94)
  (Driver info: chromedriver=2.33.506120 (e3e53437346286c0bc2d2dc9aa4915ba81d9023f),platform=Windows NT 6.1.7601 SP1 x86_64) (WARNING: The server did not provide any stacktrace information)
Command duration or timeout: 0 milliseconds
Build info: version: '3.7.1', revision: '8a0099a', time: '2017-11-06T21:07:36.161Z'
System info: host: 'L22622WUS', ip: '10.224.202.96', os.name: 'Windows 7', os.arch: 'amd64', os.version: '6.1', java.version: '1.8.0_102'
Driver info: com.kms.katalon.selenium.driver.CChromeDriver
Capabilities {acceptSslCerts: true, applicationCacheEnabled: false, browserConnectionEnabled: false, browserName: chrome, chrome: {chromedriverVersion: 2.33.506120 (e3e53437346286..., userDataDir: C:\Users\nipin\AppData\Loca...}, cssSelectorsEnabled: true, databaseEnabled: false, handlesAlerts: true, hasTouchScreen: false, javascriptEnabled: true, locationContextEnabled: true, mobileEmulationEnabled: false, nativeEvents: true, networkConnectionEnabled: false, pageLoadStrategy: normal, platform: XP, platformName: XP, rotatable: false, setWindowRect: true, takesHeapSnapshot: true, takesScreenshot: true, unexpectedAlertBehaviour: , unhandledPromptBehavior: , version: 62.0.3202.94, webStorageEnabled: true}
Session ID: 770f242aa7a4faf29aac15033917f6bf
*** Element info: {Using=xpath, value=//a[count(. | //*[@href = '#']) = count(//*[@href = '#'])][count(. | //*[contains(.,'Actions')]) = count(//*[contains(.,'Actions')])]})

2017-11-16 23:30:20 - [MESSAGE][FAILED] - Unable to click on object 'Object Repository/Generic/a_Actions' (Root cause: org.openqa.selenium.NoSuchWindowException: no such window: target window already closed
from unknown error: web view not found
  (Session info: chrome=62.0.3202.94)
  (Driver info: chromedriver=2.33.506120 (e3e53437346286c0bc2d2dc9aa4915ba81d9023f),platform=Windows NT 6.1.7601 SP1 x86_64) (WARNING: The server did not provide any stacktrace information)
Command duration or timeout: 0 milliseconds
Build info: version: '3.7.1', revision: '8a0099a', time: '2017-11-06T21:07:36.161Z'
System info: host: 'L22622WUS', ip: '10.224.202.96', os.name: 'Windows 7', os.arch: 'amd64', os.version: '6.1', java.version: '1.8.0_102'
Driver info: com.kms.katalon.selenium.driver.CChromeDriver
Capabilities {acceptSslCerts: true, applicationCacheEnabled: false, browserConnectionEnabled: false, browserName: chrome, chrome: {chromedriverVersion: 2.33.506120 (e3e53437346286..., userDataDir: C:\Users\nipin\AppData\Loca...}, cssSelectorsEnabled: true, databaseEnabled: false, handlesAlerts: true, hasTouchScreen: false, javascriptEnabled: true, locationContextEnabled: true, mobileEmulationEnabled: false, nativeEvents: true, networkConnectionEnabled: false, pageLoadStrategy: normal, platform: XP, platformName: XP, rotatable: false, setWindowRect: true, takesHeapSnapshot: true, takesScreenshot: true, unexpectedAlertBehaviour: , unhandledPromptBehavior: , version: 62.0.3202.94, webStorageEnabled: true}
Session ID: 770f242aa7a4faf29aac15033917f6bf
*** Element info: {Using=xpath, value=//a[count(. | //*[@href = '#']) = count(//*[@href = '#'])][count(. | //*[contains(.,'Actions')]) = count(//*[contains(.,'Actions')])]})]]></system-out>
         <system-err><![CDATA[2017-11-16 23:30:04 - [TEST_CASE][FAILED] - Test Cases/ECR/REF/ECR_Lite_NoExpertService: Test Cases/ECR/REF/ECR_Lite_NoExpertService FAILED because (of) Unable to click on object 'Object Repository/Generic/a_Actions' (Root cause: org.openqa.selenium.NoSuchWindowException: no such window: target window already closed
from unknown error: web view not found
  (Session info: chrome=62.0.3202.94)
  (Driver info: chromedriver=2.33.506120 (e3e53437346286c0bc2d2dc9aa4915ba81d9023f),platform=Windows NT 6.1.7601 SP1 x86_64) (WARNING: The server did not provide any stacktrace information)
Command duration or timeout: 0 milliseconds
Build info: version: '3.7.1', revision: '8a0099a', time: '2017-11-06T21:07:36.161Z'
System info: host: 'L22622WUS', ip: '10.224.202.96', os.name: 'Windows 7', os.arch: 'amd64', os.version: '6.1', java.version: '1.8.0_102'
Driver info: com.kms.katalon.selenium.driver.CChromeDriver
Capabilities {acceptSslCerts: true, applicationCacheEnabled: false, browserConnectionEnabled: false, browserName: chrome, chrome: {chromedriverVersion: 2.33.506120 (e3e53437346286..., userDataDir: C:\Users\nipin\AppData\Loca...}, cssSelectorsEnabled: true, databaseEnabled: false, handlesAlerts: true, hasTouchScreen: false, javascriptEnabled: true, locationContextEnabled: true, mobileEmulationEnabled: false, nativeEvents: true, networkConnectionEnabled: false, pageLoadStrategy: normal, platform: XP, platformName: XP, rotatable: false, setWindowRect: true, takesHeapSnapshot: true, takesScreenshot: true, unexpectedAlertBehaviour: , unhandledPromptBehavior: , version: 62.0.3202.94, webStorageEnabled: true}
Session ID: 770f242aa7a4faf29aac15033917f6bf
*** Element info: {Using=xpath, value=//a[count(. | //*[@href = '#']) = count(//*[@href = '#'])][count(. | //*[contains(.,'Actions')]) = count(//*[contains(.,'Actions')])]})]]></system-err>
      </testcase>
      <testcase name="Test Cases/ECR/REF/ECR_NoRL_Approval" classname="Test Cases/ECR/REF/ECR_NoRL_Approval" status="ERROR">
         <error type="ERROR" message="Test Cases/ECR/REF/ECR_NoRL_Approval FAILED because (of) org.openqa.selenium.NoSuchSessionException: Session ID is null. Using WebDriver after calling quit()?
Build info: version: '3.7.1', revision: '8a0099a', time: '2017-11-06T21:07:36.161Z'
System info: host: 'L22622WUS', ip: '10.224.202.96', os.name: 'Windows 7', os.arch: 'amd64', os.version: '6.1', java.version: '1.8.0_102'
Driver info: driver.version: CChromeDriver"/>
         <system-out><![CDATA[2017-11-16 23:30:20 - [TEST_CASE][ERROR] - Test Cases/ECR/REF/ECR_NoRL_Approval: Test Cases/ECR/REF/ECR_NoRL_Approval FAILED because (of) org.openqa.selenium.NoSuchSessionException: Session ID is null. Using WebDriver after calling quit()?
Build info: version: '3.7.1', revision: '8a0099a', time: '2017-11-06T21:07:36.161Z'
System info: host: 'L22622WUS', ip: '10.224.202.96', os.name: 'Windows 7', os.arch: 'amd64', os.version: '6.1', java.version: '1.8.0_102'
Driver info: driver.version: CChromeDriver

2017-11-16 23:30:21 - [TEST_STEP][PASSED] - Statement - While (WOSTATUS.contains("Pending")): null

2017-11-16 23:30:21 - [TEST_STEP][PASSED] - Statement - For ([j = 0, j < AssignmentList.size(), (j++)]): null

2017-11-16 23:30:21 - [TEST_STEP][PASSED] - Statement - Status = text: null]]></system-out>
         <system-err><![CDATA[2017-11-16 23:30:20 - [TEST_CASE][ERROR] - Test Cases/ECR/REF/ECR_NoRL_Approval: Test Cases/ECR/REF/ECR_NoRL_Approval FAILED because (of) org.openqa.selenium.NoSuchSessionException: Session ID is null. Using WebDriver after calling quit()?
Build info: version: '3.7.1', revision: '8a0099a', time: '2017-11-06T21:07:36.161Z'
System info: host: 'L22622WUS', ip: '10.224.202.96', os.name: 'Windows 7', os.arch: 'amd64', os.version: '6.1', java.version: '1.8.0_102'
Driver info: driver.version: CChromeDriver]]></system-err>
      </testcase>
      <system-out><![CDATA[2017-11-16 23:17:55 - [TEST_SUITE][FAILED] - ECRCreate: Test Cases/ECR/REF/ECR_Lite_NoExpertService FAILED because (of) Unable to click on object 'Object Repository/Generic/a_Actions' (Root cause: org.openqa.selenium.NoSuchWindowException: no such window: target window already closed
from unknown error: web view not found
  (Session info: chrome=62.0.3202.94)
  (Driver info: chromedriver=2.33.506120 (e3e53437346286c0bc2d2dc9aa4915ba81d9023f),platform=Windows NT 6.1.7601 SP1 x86_64) (WARNING: The server did not provide any stacktrace information)
Command duration or timeout: 0 milliseconds
Build info: version: '3.7.1', revision: '8a0099a', time: '2017-11-06T21:07:36.161Z'
System info: host: 'L22622WUS', ip: '10.224.202.96', os.name: 'Windows 7', os.arch: 'amd64', os.version: '6.1', java.version: '1.8.0_102'
Driver info: com.kms.katalon.selenium.driver.CChromeDriver
Capabilities {acceptSslCerts: true, applicationCacheEnabled: false, browserConnectionEnabled: false, browserName: chrome, chrome: {chromedriverVersion: 2.33.506120 (e3e53437346286..., userDataDir: C:\Users\nipin\AppData\Loca...}, cssSelectorsEnabled: true, databaseEnabled: false, handlesAlerts: true, hasTouchScreen: false, javascriptEnabled: true, locationContextEnabled: true, mobileEmulationEnabled: false, nativeEvents: true, networkConnectionEnabled: false, pageLoadStrategy: normal, platform: XP, platformName: XP, rotatable: false, setWindowRect: true, takesHeapSnapshot: true, takesScreenshot: true, unexpectedAlertBehaviour: , unhandledPromptBehavior: , version: 62.0.3202.94, webStorageEnabled: true}
Session ID: 770f242aa7a4faf29aac15033917f6bf
*** Element info: {Using=xpath, value=//a[count(. | //*[@href = '#']) = count(//*[@href = '#'])][count(. | //*[contains(.,'Actions')]) = count(//*[contains(.,'Actions')])]})]]></system-out>
      <system-err><![CDATA[2017-11-16 23:17:55 - [TEST_SUITE][FAILED] - ECRCreate: Test Cases/ECR/REF/ECR_Lite_NoExpertService FAILED because (of) Unable to click on object 'Object Repository/Generic/a_Actions' (Root cause: org.openqa.selenium.NoSuchWindowException: no such window: target window already closed
from unknown error: web view not found
  (Session info: chrome=62.0.3202.94)
  (Driver info: chromedriver=2.33.506120 (e3e53437346286c0bc2d2dc9aa4915ba81d9023f),platform=Windows NT 6.1.7601 SP1 x86_64) (WARNING: The server did not provide any stacktrace information)
Command duration or timeout: 0 milliseconds
Build info: version: '3.7.1', revision: '8a0099a', time: '2017-11-06T21:07:36.161Z'
System info: host: 'L22622WUS', ip: '10.224.202.96', os.name: 'Windows 7', os.arch: 'amd64', os.version: '6.1', java.version: '1.8.0_102'
Driver info: com.kms.katalon.selenium.driver.CChromeDriver
Capabilities {acceptSslCerts: true, applicationCacheEnabled: false, browserConnectionEnabled: false, browserName: chrome, chrome: {chromedriverVersion: 2.33.506120 (e3e53437346286..., userDataDir: C:\Users\nipin\AppData\Loca...}, cssSelectorsEnabled: true, databaseEnabled: false, handlesAlerts: true, hasTouchScreen: false, javascriptEnabled: true, locationContextEnabled: true, mobileEmulationEnabled: false, nativeEvents: true, networkConnectionEnabled: false, pageLoadStrategy: normal, platform: XP, platformName: XP, rotatable: false, setWindowRect: true, takesHeapSnapshot: true, takesScreenshot: true, unexpectedAlertBehaviour: , unhandledPromptBehavior: , version: 62.0.3202.94, webStorageEnabled: true}
Session ID: 770f242aa7a4faf29aac15033917f6bf
*** Element info: {Using=xpath, value=//a[count(. | //*[@href = '#']) = count(//*[@href = '#'])][count(. | //*[contains(.,'Actions')]) = count(//*[contains(.,'Actions')])]})]]></system-err>
   </testsuite>
</testsuites>
