<?xml version="1.0" encoding="UTF-8"?>
<testsuites name="BEP_Selected" time="921" tests="1" failures="1" errors="0">
   <testsuite name="BEP_Selected" tests="1" failures="1" errors="0" time="921" timestamp="2017-11-27 11:53:04" hostname="nipin - L22622WUS.rpega.com" id="Test Suites/BEP_Selected">
      <properties>
         <property name="deviceName" value=""/>
         <property name="devicePlatform" value=""/>
         <property name="logFolder" value="C:\\Users\\nipin\\Katalon Studio\\COE\\Reports\\BEP_Selected\\20171127_115301"/>
         <property name="logFiles" value="C:\\Users\\nipin\\Katalon Studio\\COE\\Reports\\BEP_Selected\\20171127_115301\\execution0.log"/>
         <property name="attachments" value="C:\\Users\\nipin\\Katalon Studio\\COE\\Reports\\BEP_Selected\\20171127_115301\\1511801724174.png"/>
         <property name="hostName" value="nipin - L22622WUS.rpega.com"/>
         <property name="os" value="Windows 7 64bit"/>
         <property name="katalonVersion" value="5.1.0.1"/>
         <property name="browser" value="Chrome 62.0.3202.94"/>
         <property name="hostAddress" value="10.2.176.78"/>
         <property name="sessionId" value="85cae1ebc074d32c441080b727a8fc5f"/>
         <property name="seleniumVersion" value="3.7.1"/>
         <property name="proxyInformation" value="ProxyInformation{proxyOption=NO_PROXY, proxyServerType=HTTP, password=, proxyServerAddress=, proxyServerPort=0}"/>
         <property name="platform" value="Windows 7"/>
      </properties>
      <testcase name="Test Cases/BEP/TC_CreateBEP_NoroutingToRL" classname="Test Cases/BEP/TC_CreateBEP_NoroutingToRL" status="FAILED">
         <failure type="FAILED" message="Unable to click on object 'Object Repository/Generic/a_Actions' (Root cause: com.kms.katalon.core.webui.exception.WebElementNotFoundException: Web element with id: 'Object Repository/Generic/a_Actions' located by 'By.xpath: //a[count(. | //*[@href = '#']) = count(//*[@href = '#'])][count(. | //*[contains(.,'Actions')]) = count(//*[contains(.,'Actions')])]' not found)"/>
         <system-out><![CDATA[2017-11-27 11:53:04 - [TEST_CASE][FAILED] - Test Cases/BEP/TC_CreateBEP_NoroutingToRL: Test Cases/BEP/TC_CreateBEP_NoroutingToRL FAILED because (of) Unable to click on object 'Object Repository/Generic/a_Actions' (Root cause: com.kms.katalon.core.webui.exception.WebElementNotFoundException: Web element with id: 'Object Repository/Generic/a_Actions' located by 'By.xpath: //a[count(. | //*[@href = '#']) = count(//*[@href = '#'])][count(. | //*[contains(.,'Actions')]) = count(//*[contains(.,'Actions')])]' not found)

2017-11-27 11:53:05 - [TEST_STEP][FAILED] - callTestCase: Unable to call Test Case with id 'Test Cases/BEP/TC_Create_BEP_NoOutput' (Root cause: Call Test Case 'Test Cases/BEP/TC_Create_BEP_NoOutput' failed)

2017-11-27 11:53:05 - [TEST_CASE][FAILED] - Test Cases/BEP/TC_Create_BEP_NoOutput: Test Cases/BEP/TC_Create_BEP_NoOutput FAILED because (of) Unable to click on object 'Object Repository/Generic/a_Actions' (Root cause: com.kms.katalon.core.webui.exception.WebElementNotFoundException: Web element with id: 'Object Repository/Generic/a_Actions' located by 'By.xpath: //a[count(. | //*[@href = '#']) = count(//*[@href = '#'])][count(. | //*[contains(.,'Actions')]) = count(//*[contains(.,'Actions')])]' not found)

2017-11-27 11:53:05 - [TEST_STEP][PASSED] - com.helper.commonfunct.utilities.login: com.helper.commonfunct.utilities.login is PASSED

2017-11-27 11:53:10 - [MESSAGE][PASSED] - Browser is opened with url: ''

2017-11-27 11:53:39 - [MESSAGE][PASSED] - Navigate to 'https://vtcpqa2.rpega.com:9030/tcpqa/PRServlet' successfully

2017-11-27 11:53:40 - [MESSAGE][PASSED] - Text 'hendj@pegasystems.com' is set on object 'Object Repository/input_UserIdentifier'

2017-11-27 11:53:40 - [MESSAGE][PASSED] - Text 'install' is set on object 'Object Repository/input_Password'

2017-11-27 11:54:52 - [MESSAGE][PASSED] - Keys 'ENTER + ' sent to object: 'Object Repository/input_Password'

2017-11-27 11:54:52 - [MESSAGE][PASSED] - com.helper.commonfunct.utilities.login is PASSED

2017-11-27 11:54:52 - [TEST_STEP][FAILED] - com.helper.commonfunct.BEP_CommonMethod.EstimateNoOutput: Unable to click on object 'Object Repository/Generic/a_Actions' (Root cause: com.kms.katalon.core.webui.exception.WebElementNotFoundException: Web element with id: 'Object Repository/Generic/a_Actions' located by 'By.xpath: //a[count(. | //*[@href = '#']) = count(//*[@href = '#'])][count(. | //*[contains(.,'Actions')]) = count(//*[contains(.,'Actions')])]' not found)

2017-11-27 11:55:24 - [MESSAGE][FAILED] - Unable to click on object 'Object Repository/Generic/a_Actions' (Root cause: com.kms.katalon.core.webui.exception.WebElementNotFoundException: Web element with id: 'Object Repository/Generic/a_Actions' located by 'By.xpath: //a[count(. | //*[@href = '#']) = count(//*[@href = '#'])][count(. | //*[contains(.,'Actions')]) = count(//*[contains(.,'Actions')])]' not found)
[[ATTACHMENT|C:\\Users\\nipin\\Katalon Studio\\COE\\Reports\\BEP_Selected\\20171127_115301\\1511801724174.png]]

2017-11-27 11:55:24 - [MESSAGE][FAILED] - Unable to click on object 'Object Repository/Generic/a_Actions' (Root cause: com.kms.katalon.core.webui.exception.WebElementNotFoundException: Web element with id: 'Object Repository/Generic/a_Actions' located by 'By.xpath: //a[count(. | //*[@href = '#']) = count(//*[@href = '#'])][count(. | //*[contains(.,'Actions')]) = count(//*[contains(.,'Actions')])]' not found)

2017-11-27 11:55:24 - [MESSAGE][FAILED] - Unable to call Test Case with id 'Test Cases/BEP/TC_Create_BEP_NoOutput' (Root cause: Call Test Case 'Test Cases/BEP/TC_Create_BEP_NoOutput' failed)]]></system-out>
         <system-err><![CDATA[2017-11-27 11:53:04 - [TEST_CASE][FAILED] - Test Cases/BEP/TC_CreateBEP_NoroutingToRL: Test Cases/BEP/TC_CreateBEP_NoroutingToRL FAILED because (of) Unable to click on object 'Object Repository/Generic/a_Actions' (Root cause: com.kms.katalon.core.webui.exception.WebElementNotFoundException: Web element with id: 'Object Repository/Generic/a_Actions' located by 'By.xpath: //a[count(. | //*[@href = '#']) = count(//*[@href = '#'])][count(. | //*[contains(.,'Actions')]) = count(//*[contains(.,'Actions')])]' not found)]]></system-err>
      </testcase>
      <testcase name="Test Cases/BEP/TC_RLMeetingRequest_CancelMeeting" classname="Test Cases/BEP/TC_RLMeetingRequest_CancelMeeting" status="PASSED">
         <system-out><![CDATA[2017-11-27 11:55:24 - [TEST_CASE][PASSED] - Test Cases/BEP/TC_RLMeetingRequest_CancelMeeting: Test Cases/BEP/TC_RLMeetingRequest_CancelMeeting

2017-11-27 11:55:25 - [TEST_STEP][PASSED] - callTestCase: Call Test Case 'Test Cases/BEP/TC_Create_BEP_NoOutput' successfully

2017-11-27 11:55:25 - [TEST_CASE][PASSED] - Test Cases/BEP/TC_Create_BEP_NoOutput: Test Cases/BEP/TC_Create_BEP_NoOutput

2017-11-27 11:55:25 - [TEST_STEP][PASSED] - com.helper.commonfunct.utilities.login: com.helper.commonfunct.utilities.login is PASSED

2017-11-27 11:55:25 - [MESSAGE][WARNING] - A browser is already opened. Closing browser and opening a new one

2017-11-27 11:55:28 - [MESSAGE][PASSED] - Browser is opened with url: ''

2017-11-27 11:55:29 - [MESSAGE][PASSED] - Navigate to 'https://vtcpqa2.rpega.com:9030/tcpqa/PRServlet' successfully

2017-11-27 11:55:29 - [MESSAGE][PASSED] - Text 'hendj@pegasystems.com' is set on object 'Object Repository/input_UserIdentifier'

2017-11-27 11:55:30 - [MESSAGE][PASSED] - Text 'install' is set on object 'Object Repository/input_Password'

2017-11-27 11:55:33 - [MESSAGE][PASSED] - Keys 'ENTER + ' sent to object: 'Object Repository/input_Password'

2017-11-27 11:55:33 - [MESSAGE][PASSED] - com.helper.commonfunct.utilities.login is PASSED

2017-11-27 11:55:33 - [TEST_STEP][PASSED] - com.helper.commonfunct.BEP_CommonMethod.EstimateNoOutput: com.helper.commonfunct.BEP_CommonMethod.EstimateNoOutput is PASSED

2017-11-27 11:55:33 - [MESSAGE][PASSED] - Object: 'Object Repository/Generic/a_Actions' is clicked on

2017-11-27 11:55:35 - [MESSAGE][PASSED] - Object: 'Object Repository/span_New' is focused

2017-11-27 11:55:38 - [MESSAGE][PASSED] - Object: 'Object Repository/BEP/EstimateLink' is clicked on

2017-11-27 11:55:43 - [MESSAGE][PASSED] - Delayed 5 second(s)

2017-11-27 11:55:43 - [MESSAGE][WARNING] - Timeout '0' is invalid. Using default page load timeout: '30'

2017-11-27 11:55:43 - [MESSAGE][PASSED] - Object 'Object Repository/BEP/import' is visible

2017-11-27 11:55:43 - [MESSAGE][PASSED] - Object: 'Object Repository/BEP/import' is clicked on

2017-11-27 11:55:48 - [MESSAGE][PASSED] - Delayed 5 second(s)

2017-11-27 11:55:49 - [MESSAGE][PASSED] - File 'C:\EStimate.xlsm' sent to object: 'Object Repository/input_PpyWorkPageppyFilePath'

2017-11-27 11:55:54 - [MESSAGE][PASSED] - Delayed 5 second(s)

2017-11-27 11:55:58 - [MESSAGE][PASSED] - Object: 'Object Repository/button_Submit' is clicked on

2017-11-27 11:56:08 - [MESSAGE][PASSED] - Delayed 10 second(s)

2017-11-27 11:56:08 - [MESSAGE][PASSED] - Text 'BOFA' is set on object 'Object Repository/Generic/ORG'

2017-11-27 11:56:13 - [MESSAGE][PASSED] - Delayed 5 second(s)

2017-11-27 11:56:14 - [MESSAGE][PASSED] - Keys 'TAB + ' sent to object: 'Object Repository/Generic/ORG'

2017-11-27 11:56:19 - [MESSAGE][PASSED] - Delayed 5 second(s)

2017-11-27 11:56:19 - [MESSAGE][PASSED] - Text 'BOFA' is set on object 'Object Repository/Generic/ACC'

2017-11-27 11:56:24 - [MESSAGE][PASSED] - Delayed 5 second(s)

2017-11-27 11:56:24 - [MESSAGE][PASSED] - Keys 'TAB + ' sent to object: 'Object Repository/Generic/ACC'

2017-11-27 11:56:29 - [MESSAGE][PASSED] - Delayed 5 second(s)

2017-11-27 11:56:30 - [MESSAGE][PASSED] - Text 'AUTOTEST1' is set on object 'Object Repository/Generic/ENG_DESC'

2017-11-27 11:56:35 - [MESSAGE][PASSED] - Delayed 5 second(s)

2017-11-27 11:56:35 - [MESSAGE][PASSED] - Object: 'Object Repository/Generic/PlatformID' is clicked on

2017-11-27 11:56:40 - [MESSAGE][PASSED] - Delayed 5 second(s)

2017-11-27 11:56:40 - [MESSAGE][PASSED] - Keys 'AMPchroma' sent to object: 'Object Repository/Generic/PlatformID'

2017-11-27 11:56:45 - [MESSAGE][PASSED] - Delayed 5 second(s)

2017-11-27 11:56:46 - [MESSAGE][PASSED] - Object: 'Object Repository/Generic/PlatformVersion' is clicked on

2017-11-27 11:56:51 - [MESSAGE][PASSED] - Delayed 5 second(s)

2017-11-27 11:56:51 - [MESSAGE][PASSED] - Keys 'N/A' sent to object: 'Object Repository/Generic/PlatformVersion'

2017-11-27 11:56:56 - [MESSAGE][PASSED] - Delayed 5 second(s)

2017-11-27 11:56:56 - [MESSAGE][PASSED] - Scroll to object 'Object Repository/BEP/MorethanOneRLSNO' successfully

2017-11-27 11:56:57 - [MESSAGE][PASSED] - Object: 'Object Repository/BEP/MorethanOneRLSNO' is clicked on

2017-11-27 11:57:02 - [MESSAGE][PASSED] - Delayed 5 second(s)

2017-11-27 11:57:02 - [MESSAGE][PASSED] - Object: 'Object Repository/Generic/PlatformTrue' is clicked on

2017-11-27 11:57:07 - [MESSAGE][PASSED] - Delayed 5 second(s)

2017-11-27 11:57:12 - [MESSAGE][PASSED] - Delayed 5 second(s)

2017-11-27 11:57:12 - [MESSAGE][PASSED] - Object: 'Object Repository/EngInfo/PL' is clicked on

2017-11-27 11:57:17 - [MESSAGE][PASSED] - Delayed 5 second(s)

2017-11-27 11:57:18 - [MESSAGE][PASSED] - Keys 'Jeff Henderson ' sent to object: 'Object Repository/EngInfo/PL'

2017-11-27 11:57:23 - [MESSAGE][PASSED] - Delayed 5 second(s)

2017-11-27 11:57:23 - [MESSAGE][PASSED] - Object: 'Object Repository/EngInfo/PLTL' is clicked on

2017-11-27 11:57:28 - [MESSAGE][PASSED] - Delayed 5 second(s)

2017-11-27 11:57:28 - [MESSAGE][PASSED] - Keys 'Robert Higgins' sent to object: 'Object Repository/EngInfo/PLTL'

2017-11-27 11:57:33 - [MESSAGE][PASSED] - Delayed 5 second(s)

2017-11-27 11:57:33 - [MESSAGE][PASSED] - Object: 'Object Repository/EngInfo/RL' is clicked on

2017-11-27 11:57:38 - [MESSAGE][PASSED] - Delayed 5 second(s)

2017-11-27 11:57:39 - [MESSAGE][PASSED] - Keys 'Eric Panepinto' sent to object: 'Object Repository/EngInfo/RL'

2017-11-27 11:57:44 - [MESSAGE][PASSED] - Delayed 5 second(s)

2017-11-27 11:57:44 - [MESSAGE][PASSED] - Object: 'Object Repository/EngInfo/RD' is clicked on

2017-11-27 11:57:49 - [MESSAGE][PASSED] - Delayed 5 second(s)

2017-11-27 11:57:49 - [MESSAGE][PASSED] - Keys 'Robert Lang' sent to object: 'Object Repository/EngInfo/RD'

2017-11-27 11:57:54 - [MESSAGE][PASSED] - Delayed 5 second(s)

2017-11-27 11:57:55 - [MESSAGE][PASSED] - Scroll to object 'Object Repository/NEXT_BUTTON' successfully

2017-11-27 11:57:55 - [MESSAGE][PASSED] - Object: 'Object Repository/NEXT_BUTTON' is clicked on

2017-11-27 11:58:12 - [MESSAGE][PASSED] - Text '12' is set on object 'Object Repository/BEP/DurationLow'

2017-11-27 11:58:17 - [MESSAGE][PASSED] - Delayed 5 second(s)

2017-11-27 11:58:17 - [MESSAGE][PASSED] - Keys 'TAB + ' sent to object: 'Object Repository/BEP/DurationLow'

2017-11-27 11:58:22 - [MESSAGE][PASSED] - Delayed 5 second(s)

2017-11-27 11:58:22 - [MESSAGE][PASSED] - Text '12' is set on object 'Object Repository/BEP/DurationHigh'

2017-11-27 11:58:27 - [MESSAGE][PASSED] - Delayed 5 second(s)

2017-11-27 11:58:27 - [MESSAGE][PASSED] - Keys 'TAB + ' sent to object: 'Object Repository/BEP/DurationHigh'

2017-11-27 11:58:32 - [MESSAGE][PASSED] - Delayed 5 second(s)

2017-11-27 11:58:32 - [MESSAGE][PASSED] - Text '12' is set on object 'Object Repository/BEP/PartnerHoursLow'

2017-11-27 11:58:37 - [MESSAGE][PASSED] - Delayed 5 second(s)

2017-11-27 11:58:37 - [MESSAGE][PASSED] - Keys 'TAB + ' sent to object: 'Object Repository/BEP/PartnerHoursLow'

2017-11-27 11:58:42 - [MESSAGE][PASSED] - Delayed 5 second(s)

2017-11-27 11:58:43 - [MESSAGE][PASSED] - Text '12' is set on object 'Object Repository/BEP/PartnerHoursHigh'

2017-11-27 11:58:48 - [MESSAGE][PASSED] - Delayed 5 second(s)

2017-11-27 11:58:48 - [MESSAGE][PASSED] - Object: 'Object Repository/BEP/EstimationMethod' is clicked on

2017-11-27 11:58:53 - [MESSAGE][PASSED] - Delayed 5 second(s)

2017-11-27 11:58:54 - [MESSAGE][PASSED] - Keys 'BSW' sent to object: 'Object Repository/BEP/EstimationMethod'

2017-11-27 11:58:59 - [MESSAGE][PASSED] - Delayed 5 second(s)

2017-11-27 11:58:59 - [MESSAGE][PASSED] - Object: 'Object Repository/BEP/routeToRL' is clicked on

2017-11-27 11:59:04 - [MESSAGE][PASSED] - Delayed 5 second(s)

2017-11-27 11:59:04 - [MESSAGE][PASSED] - Scroll to object 'Object Repository/NEXT_BUTTON' successfully

2017-11-27 11:59:04 - [MESSAGE][PASSED] - Object: 'Object Repository/NEXT_BUTTON' is clicked on

2017-11-27 11:59:09 - [MESSAGE][PASSED] - Delayed 5 second(s)

2017-11-27 11:59:10 - [MESSAGE][PASSED] - Object: 'Object Repository/BEP/BEPoutput' is clicked on

2017-11-27 11:59:15 - [MESSAGE][PASSED] - Delayed 5 second(s)

2017-11-27 11:59:15 - [MESSAGE][PASSED] - All options with value 'RFP in process' are selected in object 'Object Repository/BEP/ReasonCode' 

2017-11-27 11:59:15 - [MESSAGE][PASSED] - Scroll to object 'Object Repository/NEXT_BUTTON' successfully

2017-11-27 11:59:15 - [MESSAGE][PASSED] - Object: 'Object Repository/NEXT_BUTTON' is clicked on

2017-11-27 11:59:20 - [MESSAGE][PASSED] - Scroll to object 'Object Repository/Generic/FINISH_BUTTON' successfully

2017-11-27 11:59:21 - [MESSAGE][PASSED] - Object: 'Object Repository/Generic/FINISH_BUTTON' is clicked on

2017-11-27 11:59:26 - [MESSAGE][PASSED] - Delayed 5 second(s)

2017-11-27 11:59:33 - [MESSAGE][PASSED] - Text of object 'Object Repository/BEP/BEPWOID' is: 'BEP-27Nov2017-13'

2017-11-27 11:59:33 - [MESSAGE][PASSED] - com.helper.commonfunct.BEP_CommonMethod.EstimateNoOutput is PASSED

2017-11-27 11:59:33 - [TEST_STEP][PASSED] - com.helper.commonfunct.BEP_CommonMethod.woid: com.helper.commonfunct.BEP_CommonMethod.woid is PASSED

2017-11-27 11:59:33 - [MESSAGE][PASSED] - Text of object 'Object Repository/BEP/BEPWOID' is: 'BEP-27Nov2017-13'

2017-11-27 11:59:33 - [MESSAGE][PASSED] - com.helper.commonfunct.BEP_CommonMethod.woid is PASSED

2017-11-27 11:59:33 - [TEST_STEP][PASSED] - com.helper.commonfunct.BEP_CommonMethod.WOstatus: com.helper.commonfunct.BEP_CommonMethod.WOstatus is PASSED

2017-11-27 11:59:33 - [MESSAGE][PASSED] - Text of object 'Object Repository/BEP/WOSTATUS' is: 'Pending-RDApproval'

2017-11-27 11:59:33 - [MESSAGE][PASSED] - com.helper.commonfunct.BEP_CommonMethod.WOstatus is PASSED

2017-11-27 11:59:33 - [MESSAGE][PASSED] - Call Test Case 'Test Cases/BEP/TC_Create_BEP_NoOutput' successfully

2017-11-27 11:59:33 - [TEST_STEP][PASSED] - com.helper.commonfunct.utilities.login: com.helper.commonfunct.utilities.login is PASSED

2017-11-27 11:59:33 - [MESSAGE][WARNING] - A browser is already opened. Closing browser and opening a new one

2017-11-27 11:59:37 - [MESSAGE][PASSED] - Browser is opened with url: ''

2017-11-27 12:00:12 - [MESSAGE][PASSED] - Navigate to 'https://vtcpqa2.rpega.com:9030/tcpqa/PRServlet' successfully

2017-11-27 12:00:12 - [MESSAGE][PASSED] - Text 'langr1@pegasystems.com' is set on object 'Object Repository/input_UserIdentifier'

2017-11-27 12:00:13 - [MESSAGE][PASSED] - Text 'install' is set on object 'Object Repository/input_Password'

2017-11-27 12:00:26 - [MESSAGE][PASSED] - Keys 'ENTER + ' sent to object: 'Object Repository/input_Password'

2017-11-27 12:00:26 - [MESSAGE][PASSED] - com.helper.commonfunct.utilities.login is PASSED

2017-11-27 12:00:26 - [TEST_STEP][PASSED] - com.helper.commonfunct.utilities.search: com.helper.commonfunct.utilities.search is PASSED

2017-11-27 12:00:27 - [MESSAGE][PASSED] - Current window maximized

2017-11-27 12:00:32 - [MESSAGE][PASSED] - Delayed 5 second(s)

2017-11-27 12:00:33 - [MESSAGE][PASSED] - Text 'BEP-27Nov2017-13' is set on object 'Object Repository/EngInfo/search'

2017-11-27 12:00:38 - [MESSAGE][PASSED] - Delayed 5 second(s)

2017-11-27 12:00:38 - [MESSAGE][PASSED] - Keys 'ENTER + ' sent to object: 'Object Repository/EngInfo/search'

2017-11-27 12:00:43 - [MESSAGE][PASSED] - Delayed 5 second(s)

2017-11-27 12:00:43 - [MESSAGE][PASSED] - com.helper.commonfunct.utilities.search is PASSED

2017-11-27 12:00:43 - [TEST_STEP][PASSED] - com.helper.commonfunct.BEP_CommonMethod.RDapprove: com.helper.commonfunct.BEP_CommonMethod.RDapprove is PASSED

2017-11-27 12:00:48 - [MESSAGE][PASSED] - Delayed 5 second(s)

2017-11-27 12:00:48 - [MESSAGE][WARNING] - Timeout '0' is invalid. Using default page load timeout: '30'

2017-11-27 12:00:51 - [MESSAGE][PASSED] - Object: 'Object Repository/BEP/RDLink' is clicked on

2017-11-27 12:00:56 - [MESSAGE][PASSED] - Delayed 5 second(s)

2017-11-27 12:00:56 - [MESSAGE][PASSED] - Scroll to object 'Object Repository/NEXT_BUTTON' successfully

2017-11-27 12:00:56 - [MESSAGE][PASSED] - Object: 'Object Repository/NEXT_BUTTON' is clicked on

2017-11-27 12:01:01 - [MESSAGE][PASSED] - Delayed 5 second(s)

2017-11-27 12:01:01 - [MESSAGE][WARNING] - Timeout '0' is invalid. Using default page load timeout: '30'

2017-11-27 12:01:01 - [MESSAGE][PASSED] - Scroll to object 'Object Repository/BEP/RD_RLApprove' successfully

2017-11-27 12:01:02 - [MESSAGE][PASSED] - Object: 'Object Repository/BEP/RD_RLApprove' is clicked on

2017-11-27 12:01:07 - [MESSAGE][PASSED] - Delayed 5 second(s)

2017-11-27 12:01:07 - [MESSAGE][PASSED] - Text 'Testing' is set on object 'Object Repository/BEP/BEP_CASENOTES'

2017-11-27 12:01:12 - [MESSAGE][PASSED] - Delayed 5 second(s)

2017-11-27 12:01:12 - [MESSAGE][WARNING] - Timeout '0' is invalid. Using default page load timeout: '30'

2017-11-27 12:01:12 - [MESSAGE][PASSED] - Scroll to object 'Object Repository/BEP/FINISH_ASSIGNMENT' successfully

2017-11-27 12:01:12 - [MESSAGE][PASSED] - Object: 'Object Repository/BEP/FINISH_ASSIGNMENT' is clicked on

2017-11-27 12:01:17 - [MESSAGE][PASSED] - Delayed 5 second(s)

2017-11-27 12:01:17 - [MESSAGE][PASSED] - com.helper.commonfunct.BEP_CommonMethod.RDapprove is PASSED

2017-11-27 12:01:17 - [TEST_STEP][PASSED] - com.helper.commonfunct.utilities.login: com.helper.commonfunct.utilities.login is PASSED

2017-11-27 12:01:17 - [MESSAGE][WARNING] - A browser is already opened. Closing browser and opening a new one

2017-11-27 12:01:21 - [MESSAGE][PASSED] - Browser is opened with url: ''

2017-11-27 12:01:22 - [MESSAGE][PASSED] - Navigate to 'https://vtcpqa2.rpega.com:9030/tcpqa/PRServlet' successfully

2017-11-27 12:01:23 - [MESSAGE][PASSED] - Text 'panee@pegasystems.com' is set on object 'Object Repository/input_UserIdentifier'

2017-11-27 12:01:23 - [MESSAGE][PASSED] - Text 'install' is set on object 'Object Repository/input_Password'

2017-11-27 12:01:37 - [MESSAGE][PASSED] - Keys 'ENTER + ' sent to object: 'Object Repository/input_Password'

2017-11-27 12:01:37 - [MESSAGE][PASSED] - com.helper.commonfunct.utilities.login is PASSED

2017-11-27 12:01:37 - [TEST_STEP][PASSED] - com.helper.commonfunct.utilities.search: com.helper.commonfunct.utilities.search is PASSED

2017-11-27 12:01:38 - [MESSAGE][PASSED] - Current window maximized

2017-11-27 12:01:43 - [MESSAGE][PASSED] - Delayed 5 second(s)

2017-11-27 12:01:43 - [MESSAGE][PASSED] - Text 'BEP-27Nov2017-13' is set on object 'Object Repository/EngInfo/search'

2017-11-27 12:01:48 - [MESSAGE][PASSED] - Delayed 5 second(s)

2017-11-27 12:01:49 - [MESSAGE][PASSED] - Keys 'ENTER + ' sent to object: 'Object Repository/EngInfo/search'

2017-11-27 12:01:54 - [MESSAGE][PASSED] - Delayed 5 second(s)

2017-11-27 12:01:54 - [MESSAGE][PASSED] - com.helper.commonfunct.utilities.search is PASSED

2017-11-27 12:01:54 - [TEST_STEP][PASSED] - com.helper.commonfunct.BEP_CommonMethod.RLRequestMeeting: com.helper.commonfunct.BEP_CommonMethod.RLRequestMeeting is PASSED

2017-11-27 12:01:59 - [MESSAGE][PASSED] - Delayed 5 second(s)

2017-11-27 12:01:59 - [MESSAGE][WARNING] - Timeout '0' is invalid. Using default page load timeout: '30'

2017-11-27 12:02:41 - [MESSAGE][PASSED] - Object: 'Object Repository/BEP/RlLink' is clicked on

2017-11-27 12:02:46 - [MESSAGE][PASSED] - Delayed 5 second(s)

2017-11-27 12:02:47 - [MESSAGE][PASSED] - Scroll to object 'Object Repository/NEXT_BUTTON' successfully

2017-11-27 12:02:47 - [MESSAGE][PASSED] - Object: 'Object Repository/NEXT_BUTTON' is clicked on

2017-11-27 12:02:52 - [MESSAGE][PASSED] - Delayed 5 second(s)

2017-11-27 12:02:52 - [MESSAGE][WARNING] - Timeout '0' is invalid. Using default page load timeout: '30'

2017-11-27 12:02:52 - [MESSAGE][PASSED] - Scroll to object 'Object Repository/BEP/RD_RLApprove' successfully

2017-11-27 12:02:52 - [MESSAGE][PASSED] - Object: 'Object Repository/BEP/RD_RLApprove' is clicked on

2017-11-27 12:02:57 - [MESSAGE][PASSED] - Delayed 5 second(s)

2017-11-27 12:02:58 - [MESSAGE][PASSED] - Object: 'Object Repository/BEP/Meeting_Required' is clicked on

2017-11-27 12:03:03 - [MESSAGE][PASSED] - Delayed 5 second(s)

2017-11-27 12:03:03 - [MESSAGE][PASSED] - Text '11/29/2017' is set on object 'Object Repository/BEP/MeetingDate'

2017-11-27 12:03:08 - [MESSAGE][PASSED] - Delayed 5 second(s)

2017-11-27 12:03:08 - [MESSAGE][WARNING] - Timeout '0' is invalid. Using default page load timeout: '30'

2017-11-27 12:03:08 - [MESSAGE][PASSED] - Scroll to object 'Object Repository/BEP/FINISH_ASSIGNMENT' successfully

2017-11-27 12:03:09 - [MESSAGE][PASSED] - Object: 'Object Repository/BEP/FINISH_ASSIGNMENT' is clicked on

2017-11-27 12:03:14 - [MESSAGE][PASSED] - Delayed 5 second(s)

2017-11-27 12:03:14 - [MESSAGE][PASSED] - com.helper.commonfunct.BEP_CommonMethod.RLRequestMeeting is PASSED

2017-11-27 12:03:14 - [TEST_STEP][PASSED] - com.helper.commonfunct.utilities.login: com.helper.commonfunct.utilities.login is PASSED

2017-11-27 12:03:14 - [MESSAGE][WARNING] - A browser is already opened. Closing browser and opening a new one

2017-11-27 12:03:17 - [MESSAGE][PASSED] - Browser is opened with url: ''

2017-11-27 12:03:19 - [MESSAGE][PASSED] - Navigate to 'https://vtcpqa2.rpega.com:9030/tcpqa/PRServlet' successfully

2017-11-27 12:03:19 - [MESSAGE][PASSED] - Text 'diazz@pegasystems.com' is set on object 'Object Repository/input_UserIdentifier'

2017-11-27 12:03:20 - [MESSAGE][PASSED] - Text 'install' is set on object 'Object Repository/input_Password'

2017-11-27 12:03:25 - [MESSAGE][PASSED] - Keys 'ENTER + ' sent to object: 'Object Repository/input_Password'

2017-11-27 12:03:25 - [MESSAGE][PASSED] - com.helper.commonfunct.utilities.login is PASSED

2017-11-27 12:03:25 - [TEST_STEP][PASSED] - com.helper.commonfunct.utilities.search: com.helper.commonfunct.utilities.search is PASSED

2017-11-27 12:03:26 - [MESSAGE][PASSED] - Current window maximized

2017-11-27 12:03:31 - [MESSAGE][PASSED] - Delayed 5 second(s)

2017-11-27 12:03:32 - [MESSAGE][PASSED] - Text 'BEP-27Nov2017-13' is set on object 'Object Repository/EngInfo/search'

2017-11-27 12:03:37 - [MESSAGE][PASSED] - Delayed 5 second(s)

2017-11-27 12:03:37 - [MESSAGE][PASSED] - Keys 'ENTER + ' sent to object: 'Object Repository/EngInfo/search'

2017-11-27 12:03:42 - [MESSAGE][PASSED] - Delayed 5 second(s)

2017-11-27 12:03:42 - [MESSAGE][PASSED] - com.helper.commonfunct.utilities.search is PASSED

2017-11-27 12:03:42 - [TEST_STEP][PASSED] - com.helper.commonfunct.BEP_CommonMethod.ScheduleMeeting: com.helper.commonfunct.BEP_CommonMethod.ScheduleMeeting is PASSED

2017-11-27 12:03:47 - [MESSAGE][PASSED] - Delayed 5 second(s)

2017-11-27 12:03:47 - [MESSAGE][WARNING] - Timeout '0' is invalid. Using default page load timeout: '30'

2017-11-27 12:03:49 - [MESSAGE][PASSED] - Object: 'Object Repository/BEP/Meeting/meetingLink' is clicked on

2017-11-27 12:03:54 - [MESSAGE][PASSED] - Delayed 5 second(s)

2017-11-27 12:03:54 - [MESSAGE][PASSED] - Text 'Cambridge' is set on object 'Object Repository/ECR_MEETING/location'

2017-11-27 12:03:59 - [MESSAGE][PASSED] - Delayed 5 second(s)

2017-11-27 12:03:59 - [MESSAGE][WARNING] - Timeout '0' is invalid. Using default page load timeout: '30'

2017-11-27 12:03:59 - [MESSAGE][PASSED] - Scroll to object 'Object Repository/Generic/FINISH_ASSIGNMENT' successfully

2017-11-27 12:04:00 - [MESSAGE][PASSED] - Object: 'Object Repository/Generic/FINISH_ASSIGNMENT' is clicked on

2017-11-27 12:04:05 - [MESSAGE][PASSED] - Delayed 5 second(s)

2017-11-27 12:04:05 - [MESSAGE][PASSED] - com.helper.commonfunct.BEP_CommonMethod.ScheduleMeeting is PASSED

2017-11-27 12:04:05 - [TEST_STEP][PASSED] - com.helper.commonfunct.utilities.login: com.helper.commonfunct.utilities.login is PASSED

2017-11-27 12:04:05 - [MESSAGE][WARNING] - A browser is already opened. Closing browser and opening a new one

2017-11-27 12:04:08 - [MESSAGE][PASSED] - Browser is opened with url: ''

2017-11-27 12:04:09 - [MESSAGE][PASSED] - Navigate to 'https://vtcpqa2.rpega.com:9030/tcpqa/PRServlet' successfully

2017-11-27 12:04:10 - [MESSAGE][PASSED] - Text 'panee@pegasystems.com' is set on object 'Object Repository/input_UserIdentifier'

2017-11-27 12:04:10 - [MESSAGE][PASSED] - Text 'install' is set on object 'Object Repository/input_Password'

2017-11-27 12:04:14 - [MESSAGE][PASSED] - Keys 'ENTER + ' sent to object: 'Object Repository/input_Password'

2017-11-27 12:04:14 - [MESSAGE][PASSED] - com.helper.commonfunct.utilities.login is PASSED

2017-11-27 12:04:14 - [TEST_STEP][PASSED] - com.helper.commonfunct.utilities.search: com.helper.commonfunct.utilities.search is PASSED

2017-11-27 12:04:15 - [MESSAGE][PASSED] - Current window maximized

2017-11-27 12:04:20 - [MESSAGE][PASSED] - Delayed 5 second(s)

2017-11-27 12:04:20 - [MESSAGE][PASSED] - Text 'BEP-27Nov2017-13' is set on object 'Object Repository/EngInfo/search'

2017-11-27 12:04:25 - [MESSAGE][PASSED] - Delayed 5 second(s)

2017-11-27 12:04:25 - [MESSAGE][PASSED] - Keys 'ENTER + ' sent to object: 'Object Repository/EngInfo/search'

2017-11-27 12:04:30 - [MESSAGE][PASSED] - Delayed 5 second(s)

2017-11-27 12:04:30 - [MESSAGE][PASSED] - com.helper.commonfunct.utilities.search is PASSED

2017-11-27 12:04:30 - [TEST_STEP][PASSED] - Statement - Meeting = true: null

2017-11-27 12:04:30 - [TEST_STEP][PASSED] - com.helper.commonfunct.BEP_CommonMethod.RLapprove: com.helper.commonfunct.BEP_CommonMethod.RLapprove is PASSED

2017-11-27 12:04:35 - [MESSAGE][PASSED] - Delayed 5 second(s)

2017-11-27 12:04:35 - [MESSAGE][WARNING] - Timeout '0' is invalid. Using default page load timeout: '30'

2017-11-27 12:04:37 - [MESSAGE][PASSED] - Object: 'Object Repository/BEP/RlLink' is clicked on

2017-11-27 12:04:42 - [MESSAGE][PASSED] - Delayed 5 second(s)

2017-11-27 12:04:42 - [MESSAGE][PASSED] - Scroll to object 'Object Repository/NEXT_BUTTON' successfully

2017-11-27 12:04:43 - [MESSAGE][PASSED] - Object: 'Object Repository/NEXT_BUTTON' is clicked on

2017-11-27 12:04:48 - [MESSAGE][PASSED] - Delayed 5 second(s)

2017-11-27 12:04:48 - [MESSAGE][PASSED] - Text 'A meeting for this estimate has been requested/scheduled' is present on page 

2017-11-27 12:04:53 - [MESSAGE][PASSED] - Delayed 5 second(s)

2017-11-27 12:04:53 - [MESSAGE][PASSED] - com.helper.commonfunct.BEP_CommonMethod.RLapprove is PASSED

2017-11-27 12:04:53 - [TEST_STEP][PASSED] - click: Object: 'Object Repository/Generic/CLOSE_WORK_OBJECT' is clicked on

2017-11-27 12:04:54 - [MESSAGE][PASSED] - Object: 'Object Repository/Generic/CLOSE_WORK_OBJECT' is clicked on

2017-11-27 12:04:54 - [TEST_STEP][PASSED] - com.helper.commonfunct.utilities.search: com.helper.commonfunct.utilities.search is PASSED

2017-11-27 12:04:54 - [MESSAGE][PASSED] - Current window maximized

2017-11-27 12:04:59 - [MESSAGE][PASSED] - Delayed 5 second(s)

2017-11-27 12:05:00 - [MESSAGE][PASSED] - Text 'BEP-27Nov2017-13' is set on object 'Object Repository/EngInfo/search'

2017-11-27 12:05:05 - [MESSAGE][PASSED] - Delayed 5 second(s)

2017-11-27 12:05:05 - [MESSAGE][PASSED] - Keys 'ENTER + ' sent to object: 'Object Repository/EngInfo/search'

2017-11-27 12:05:10 - [MESSAGE][PASSED] - Delayed 5 second(s)

2017-11-27 12:05:10 - [MESSAGE][PASSED] - com.helper.commonfunct.utilities.search is PASSED

2017-11-27 12:05:10 - [TEST_STEP][PASSED] - Statement - Meeting = false: null

2017-11-27 12:05:10 - [TEST_STEP][PASSED] - com.helper.commonfunct.BEP_CommonMethod.RequestCancelMeeting: com.helper.commonfunct.BEP_CommonMethod.RequestCancelMeeting is PASSED

2017-11-27 12:05:10 - [MESSAGE][WARNING] - Timeout '0' is invalid. Using default page load timeout: '30'

2017-11-27 12:06:08 - [MESSAGE][PASSED] - Object: 'Object Repository/BEP/OtherActions' is clicked on

2017-11-27 12:06:13 - [MESSAGE][PASSED] - Delayed 5 second(s)

2017-11-27 12:06:13 - [MESSAGE][PASSED] - Object: 'Object Repository/BEP/Meeting/CancelMeeting' is clicked on

2017-11-27 12:06:18 - [MESSAGE][PASSED] - Delayed 5 second(s)

2017-11-27 12:06:19 - [MESSAGE][PASSED] - Text 'Testing' is set on object 'Object Repository/ECR/ActionMenu/Reason'

2017-11-27 12:06:24 - [MESSAGE][PASSED] - Delayed 5 second(s)

2017-11-27 12:06:24 - [MESSAGE][PASSED] - Keys 'TAB + ' sent to object: 'Object Repository/ECR/ActionMenu/Reason'

2017-11-27 12:06:29 - [MESSAGE][PASSED] - Delayed 5 second(s)

2017-11-27 12:06:31 - [MESSAGE][PASSED] - Object: 'Object Repository/BEP/Meeting/Submit_otheraction' is clicked on

2017-11-27 12:06:36 - [MESSAGE][PASSED] - Delayed 5 second(s)

2017-11-27 12:06:37 - [MESSAGE][PASSED] - Object: 'Object Repository/Generic/CLOSE_WORK_OBJECT' is clicked on

2017-11-27 12:06:37 - [MESSAGE][PASSED] - com.helper.commonfunct.BEP_CommonMethod.RequestCancelMeeting is PASSED

2017-11-27 12:06:37 - [TEST_STEP][PASSED] - com.helper.commonfunct.utilities.login: com.helper.commonfunct.utilities.login is PASSED

2017-11-27 12:06:37 - [MESSAGE][WARNING] - A browser is already opened. Closing browser and opening a new one

2017-11-27 12:06:41 - [MESSAGE][PASSED] - Browser is opened with url: ''

2017-11-27 12:06:41 - [MESSAGE][PASSED] - Navigate to 'https://vtcpqa2.rpega.com:9030/tcpqa/PRServlet' successfully

2017-11-27 12:06:42 - [MESSAGE][PASSED] - Text 'diazz@pegasystems.com' is set on object 'Object Repository/input_UserIdentifier'

2017-11-27 12:06:42 - [MESSAGE][PASSED] - Text 'install' is set on object 'Object Repository/input_Password'

2017-11-27 12:06:45 - [MESSAGE][PASSED] - Keys 'ENTER + ' sent to object: 'Object Repository/input_Password'

2017-11-27 12:06:45 - [MESSAGE][PASSED] - com.helper.commonfunct.utilities.login is PASSED

2017-11-27 12:06:45 - [TEST_STEP][PASSED] - com.helper.commonfunct.utilities.search: com.helper.commonfunct.utilities.search is PASSED

2017-11-27 12:06:46 - [MESSAGE][PASSED] - Current window maximized

2017-11-27 12:06:51 - [MESSAGE][PASSED] - Delayed 5 second(s)

2017-11-27 12:06:52 - [MESSAGE][PASSED] - Text 'BEP-27Nov2017-13' is set on object 'Object Repository/EngInfo/search'

2017-11-27 12:06:57 - [MESSAGE][PASSED] - Delayed 5 second(s)

2017-11-27 12:06:59 - [MESSAGE][PASSED] - Keys 'ENTER + ' sent to object: 'Object Repository/EngInfo/search'

2017-11-27 12:07:04 - [MESSAGE][PASSED] - Delayed 5 second(s)

2017-11-27 12:07:04 - [MESSAGE][PASSED] - com.helper.commonfunct.utilities.search is PASSED

2017-11-27 12:07:04 - [TEST_STEP][PASSED] - com.helper.commonfunct.BEP_CommonMethod.Cancelmeeting: com.helper.commonfunct.BEP_CommonMethod.Cancelmeeting is PASSED

2017-11-27 12:07:09 - [MESSAGE][PASSED] - Delayed 5 second(s)

2017-11-27 12:07:09 - [MESSAGE][WARNING] - Timeout '0' is invalid. Using default page load timeout: '30'

2017-11-27 12:07:11 - [MESSAGE][PASSED] - Object: 'Object Repository/BEP/Meeting/cancelMeetinglink' is clicked on

2017-11-27 12:07:16 - [MESSAGE][PASSED] - Delayed 5 second(s)

2017-11-27 12:07:16 - [MESSAGE][WARNING] - Timeout '0' is invalid. Using default page load timeout: '30'

2017-11-27 12:07:16 - [MESSAGE][PASSED] - Scroll to object 'Object Repository/Generic/FINISH_ASSIGNMENT' successfully

2017-11-27 12:07:16 - [MESSAGE][PASSED] - Object: 'Object Repository/Generic/FINISH_ASSIGNMENT' is clicked on

2017-11-27 12:07:21 - [MESSAGE][PASSED] - Delayed 5 second(s)

2017-11-27 12:07:21 - [MESSAGE][PASSED] - com.helper.commonfunct.BEP_CommonMethod.Cancelmeeting is PASSED

2017-11-27 12:07:21 - [TEST_STEP][PASSED] - com.helper.commonfunct.utilities.WOstatus: com.helper.commonfunct.utilities.WOstatus is PASSED

2017-11-27 12:07:22 - [MESSAGE][PASSED] - Text of object 'Object Repository/ECR/WOSTATUS' is: 'Pending-RLApproval'

2017-11-27 12:07:22 - [MESSAGE][PASSED] - com.helper.commonfunct.utilities.WOstatus is PASSED

2017-11-27 12:07:22 - [TEST_STEP][PASSED] - Statement - Meeting = false: null

2017-11-27 12:07:22 - [TEST_STEP][PASSED] - callTestCase: Call Test Case 'Test Cases/BEP/All_Approval_Reject' successfully

2017-11-27 12:07:22 - [TEST_CASE][PASSED] - Test Cases/BEP/All_Approval_Reject: Test Cases/BEP/All_Approval_Reject

2017-11-27 12:07:22 - [TEST_STEP][PASSED] - Statement - While (WOSTATUS.contains("Pending")): com.helper.commonfunct.utilities.WOstatus is PASSED

2017-11-27 12:07:22 - [TEST_STEP][PASSED] - Statement - For ([j = 0, j < AssignmentList.size(), (j++)]): com.helper.commonfunct.utilities.WOstatus is PASSED

2017-11-27 12:07:22 - [TEST_STEP][PASSED] - Statement - Status = text: null

2017-11-27 12:07:22 - [TEST_STEP][PASSED] - Statement - println(Status): null

2017-11-27 12:07:22 - [TEST_STEP][PASSED] - Statement - If (WOSTATUS == "Pending-RDApproval"): null

2017-11-27 12:07:22 - [TEST_STEP][PASSED] - Statement - Else If (WOSTATUS == "Pending-RLApproval"): com.helper.commonfunct.utilities.WOstatus is PASSED

2017-11-27 12:07:22 - [TEST_STEP][PASSED] - Statement - If (RLReject == false): com.helper.commonfunct.utilities.WOstatus is PASSED

2017-11-27 12:07:22 - [TEST_STEP][PASSED] - com.helper.commonfunct.utilities.login: com.helper.commonfunct.utilities.login is PASSED

2017-11-27 12:07:22 - [MESSAGE][WARNING] - A browser is already opened. Closing browser and opening a new one

2017-11-27 12:07:26 - [MESSAGE][PASSED] - Browser is opened with url: ''

2017-11-27 12:07:27 - [MESSAGE][PASSED] - Navigate to 'https://vtcpqa2.rpega.com:9030/tcpqa/PRServlet' successfully

2017-11-27 12:07:28 - [MESSAGE][PASSED] - Text 'panee@pegasystems.com' is set on object 'Object Repository/input_UserIdentifier'

2017-11-27 12:07:28 - [MESSAGE][PASSED] - Text 'install' is set on object 'Object Repository/input_Password'

2017-11-27 12:07:31 - [MESSAGE][PASSED] - Keys 'ENTER + ' sent to object: 'Object Repository/input_Password'

2017-11-27 12:07:31 - [MESSAGE][PASSED] - com.helper.commonfunct.utilities.login is PASSED

2017-11-27 12:07:31 - [TEST_STEP][PASSED] - com.helper.commonfunct.utilities.search: com.helper.commonfunct.utilities.search is PASSED

2017-11-27 12:07:33 - [MESSAGE][PASSED] - Current window maximized

2017-11-27 12:07:38 - [MESSAGE][PASSED] - Delayed 5 second(s)

2017-11-27 12:07:38 - [MESSAGE][PASSED] - Text 'BEP-27Nov2017-13' is set on object 'Object Repository/EngInfo/search'

2017-11-27 12:07:43 - [MESSAGE][PASSED] - Delayed 5 second(s)

2017-11-27 12:07:43 - [MESSAGE][PASSED] - Keys 'ENTER + ' sent to object: 'Object Repository/EngInfo/search'

2017-11-27 12:07:48 - [MESSAGE][PASSED] - Delayed 5 second(s)

2017-11-27 12:07:48 - [MESSAGE][PASSED] - com.helper.commonfunct.utilities.search is PASSED

2017-11-27 12:07:48 - [TEST_STEP][PASSED] - com.helper.commonfunct.BEP_CommonMethod.RLapprove: com.helper.commonfunct.BEP_CommonMethod.RLapprove is PASSED

2017-11-27 12:07:53 - [MESSAGE][PASSED] - Delayed 5 second(s)

2017-11-27 12:07:53 - [MESSAGE][WARNING] - Timeout '0' is invalid. Using default page load timeout: '30'

2017-11-27 12:07:55 - [MESSAGE][PASSED] - Object: 'Object Repository/BEP/RlLink' is clicked on

2017-11-27 12:08:00 - [MESSAGE][PASSED] - Delayed 5 second(s)

2017-11-27 12:08:00 - [MESSAGE][PASSED] - Scroll to object 'Object Repository/NEXT_BUTTON' successfully

2017-11-27 12:08:00 - [MESSAGE][PASSED] - Object: 'Object Repository/NEXT_BUTTON' is clicked on

2017-11-27 12:08:05 - [MESSAGE][PASSED] - Delayed 5 second(s)

2017-11-27 12:08:05 - [MESSAGE][WARNING] - Timeout '0' is invalid. Using default page load timeout: '30'

2017-11-27 12:08:05 - [MESSAGE][PASSED] - Scroll to object 'Object Repository/BEP/RD_RLApprove' successfully

2017-11-27 12:08:06 - [MESSAGE][PASSED] - Object: 'Object Repository/BEP/RD_RLApprove' is clicked on

2017-11-27 12:08:11 - [MESSAGE][PASSED] - Delayed 5 second(s)

2017-11-27 12:08:11 - [MESSAGE][PASSED] - Text 'Testing' is set on object 'Object Repository/BEP/BEP_CASENOTES'

2017-11-27 12:08:16 - [MESSAGE][PASSED] - Delayed 5 second(s)

2017-11-27 12:08:16 - [MESSAGE][WARNING] - Timeout '0' is invalid. Using default page load timeout: '30'

2017-11-27 12:08:16 - [MESSAGE][PASSED] - Scroll to object 'Object Repository/BEP/FINISH_ASSIGNMENT' successfully

2017-11-27 12:08:16 - [MESSAGE][PASSED] - Object: 'Object Repository/BEP/FINISH_ASSIGNMENT' is clicked on

2017-11-27 12:08:22 - [MESSAGE][PASSED] - Delayed 5 second(s)

2017-11-27 12:08:22 - [MESSAGE][PASSED] - Text of object 'Object Repository/BEP/WOSTATUS' is: 'Resolved-Approved'

2017-11-27 12:08:23 - [MESSAGE][PASSED] - com.helper.commonfunct.BEP_CommonMethod.RLapprove is PASSED

2017-11-27 12:08:23 - [TEST_STEP][PASSED] - com.helper.commonfunct.utilities.WOstatus: com.helper.commonfunct.utilities.WOstatus is PASSED

2017-11-27 12:08:24 - [MESSAGE][PASSED] - Text of object 'Object Repository/ECR/WOSTATUS' is: 'Resolved-Approved'

2017-11-27 12:08:24 - [MESSAGE][PASSED] - com.helper.commonfunct.utilities.WOstatus is PASSED

2017-11-27 12:08:24 - [MESSAGE][PASSED] - Call Test Case 'Test Cases/BEP/All_Approval_Reject' successfully]]></system-out>
         <system-err><![CDATA[]]></system-err>
      </testcase>
      <system-out><![CDATA[2017-11-27 11:53:04 - [TEST_SUITE][FAILED] - BEP_Selected: Test Cases/BEP/TC_CreateBEP_NoroutingToRL FAILED because (of) Unable to click on object 'Object Repository/Generic/a_Actions' (Root cause: com.kms.katalon.core.webui.exception.WebElementNotFoundException: Web element with id: 'Object Repository/Generic/a_Actions' located by 'By.xpath: //a[count(. | //*[@href = '#']) = count(//*[@href = '#'])][count(. | //*[contains(.,'Actions')]) = count(//*[contains(.,'Actions')])]' not found)]]></system-out>
      <system-err><![CDATA[2017-11-27 11:53:04 - [TEST_SUITE][FAILED] - BEP_Selected: Test Cases/BEP/TC_CreateBEP_NoroutingToRL FAILED because (of) Unable to click on object 'Object Repository/Generic/a_Actions' (Root cause: com.kms.katalon.core.webui.exception.WebElementNotFoundException: Web element with id: 'Object Repository/Generic/a_Actions' located by 'By.xpath: //a[count(. | //*[@href = '#']) = count(//*[@href = '#'])][count(. | //*[contains(.,'Actions')]) = count(//*[contains(.,'Actions')])]' not found)]]></system-err>
   </testsuite>
</testsuites>
