<?xml version="1.0" encoding="UTF-8"?>
<testsuites name="Estimate" time="401" tests="1" failures="2" errors="0">
   <testsuite name="Estimate" tests="1" failures="2" errors="0" time="401" timestamp="2018-01-02 13:17:24" hostname="nipin - L22622WUS.rpega.com" id="Test Suites/Estimate">
      <properties>
         <property name="deviceName" value=""/>
         <property name="devicePlatform" value=""/>
         <property name="logFolder" value="C:\\Users\\nipin\\Katalon Studio\\COE\\Reports\\Estimate\\20180102_131721"/>
         <property name="logFiles" value="C:\\Users\\nipin\\Katalon Studio\\COE\\Reports\\Estimate\\20180102_131721\\execution0.log"/>
         <property name="attachments" value="C:\\Users\\nipin\\Katalon Studio\\COE\\Reports\\Estimate\\20180102_131721\\1514917369195.png, C:\\Users\\nipin\\Katalon Studio\\COE\\Reports\\Estimate\\20180102_131721\\1514917445290.png"/>
         <property name="hostName" value="nipin - L22622WUS.rpega.com"/>
         <property name="os" value="Windows 7 64bit"/>
         <property name="katalonVersion" value="5.2.0.1"/>
         <property name="browser" value="Chrome 63.0.3239.84"/>
         <property name="hostAddress" value="10.2.176.84"/>
         <property name="sessionId" value="f98528af82608fe13b83f67040f7fb0c"/>
         <property name="seleniumVersion" value="3.7.1"/>
         <property name="proxyInformation" value="ProxyInformation{proxyOption=NO_PROXY, proxyServerType=HTTP, password=, proxyServerAddress=, proxyServerPort=0}"/>
         <property name="platform" value="Windows 7"/>
      </properties>
      <testcase name="Test Cases/BEP/Create_Approve_Reject/Create_BEP_NoOutput - Iteration 1" classname="Test Cases/BEP/Create_Approve_Reject/Create_BEP_NoOutput" status="PASSED">
         <system-out><![CDATA[2018-01-02 13:17:25 - [TEST_CASE][PASSED] - Test Cases/BEP/Create_Approve_Reject/Create_BEP_NoOutput - Iteration 1: Test Cases/BEP/Create_Approve_Reject/Create_BEP_NoOutput

2018-01-02 13:17:26 - [TEST_STEP][PASSED] - com.helper.commonfunct.commonutilities.login: com.helper.commonfunct.commonutilities.login is PASSED

2018-01-02 13:17:31 - [MESSAGE][PASSED] - Browser is opened with url: ''

2018-01-02 13:17:32 - [MESSAGE][PASSED] - Navigate to 'https://vtcpqa.rpega.com:9030/tcpqa/PRServlet' successfully

2018-01-02 13:17:32 - [MESSAGE][PASSED] - Text 'hendj@pegasystems.com' is set on object 'Object Repository/Generic/input_UserIdentifier'

2018-01-02 13:17:33 - [MESSAGE][PASSED] - Text 'install' is set on object 'Object Repository/Generic/input_Password'

2018-01-02 13:17:36 - [MESSAGE][PASSED] - Keys 'ENTER + ' sent to object: 'Object Repository/Generic/input_Password'

2018-01-02 13:17:36 - [MESSAGE][PASSED] - com.helper.commonfunct.commonutilities.login is PASSED

2018-01-02 13:17:36 - [TEST_STEP][PASSED] - com.helper.commonfunct.BEP_CommonMethod.EstimateNoOutput: com.helper.commonfunct.BEP_CommonMethod.EstimateNoOutput is PASSED

2018-01-02 13:17:37 - [MESSAGE][PASSED] - Current window maximized

2018-01-02 13:17:39 - [MESSAGE][PASSED] - Delayed 2 second(s)

2018-01-02 13:17:39 - [MESSAGE][PASSED] - Object: 'Object Repository/Generic/New' is clicked on

2018-01-02 13:17:43 - [MESSAGE][PASSED] - Delayed 4 second(s)

2018-01-02 13:17:47 - [MESSAGE][PASSED] - Object: 'Object Repository/BEP/EstimateLink' is clicked on

2018-01-02 13:17:52 - [MESSAGE][PASSED] - Delayed 5 second(s)

2018-01-02 13:17:52 - [MESSAGE][WARNING] - Timeout '0' is invalid. Using default page load timeout: '30'

2018-01-02 13:17:52 - [MESSAGE][PASSED] - Object 'Object Repository/BEP/import' is visible

2018-01-02 13:17:52 - [MESSAGE][PASSED] - Object: 'Object Repository/BEP/import' is clicked on

2018-01-02 13:17:57 - [MESSAGE][PASSED] - Delayed 5 second(s)

2018-01-02 13:17:58 - [MESSAGE][PASSED] - File 'C:\EStimate.xlsm' sent to object: 'Object Repository/Generic/FilePath'

2018-01-02 13:18:03 - [MESSAGE][PASSED] - Delayed 5 second(s)

2018-01-02 13:18:11 - [MESSAGE][PASSED] - Object: 'Object Repository/Generic/button_Submit' is clicked on

2018-01-02 13:18:21 - [MESSAGE][PASSED] - Delayed 10 second(s)

2018-01-02 13:18:22 - [MESSAGE][PASSED] - Text 'BOFA' is set on object 'Object Repository/Generic/ORG'

2018-01-02 13:18:29 - [MESSAGE][PASSED] - Delayed 7 second(s)

2018-01-02 13:18:29 - [MESSAGE][PASSED] - Keys 'TAB + ' sent to object: 'Object Repository/Generic/ORG'

2018-01-02 13:18:36 - [MESSAGE][PASSED] - Delayed 7 second(s)

2018-01-02 13:18:36 - [MESSAGE][PASSED] - Text 'BOFA' is set on object 'Object Repository/Generic/ACC'

2018-01-02 13:18:43 - [MESSAGE][PASSED] - Delayed 7 second(s)

2018-01-02 13:18:43 - [MESSAGE][PASSED] - Keys 'TAB + ' sent to object: 'Object Repository/Generic/ACC'

2018-01-02 13:18:48 - [MESSAGE][PASSED] - Delayed 5 second(s)

2018-01-02 13:18:49 - [MESSAGE][PASSED] - Text 'AUTOTEST1' is set on object 'Object Repository/Generic/ENG_DESC'

2018-01-02 13:18:54 - [MESSAGE][PASSED] - Delayed 5 second(s)

2018-01-02 13:18:54 - [MESSAGE][PASSED] - Object: 'Object Repository/Generic/PlatformID' is clicked on

2018-01-02 13:18:59 - [MESSAGE][PASSED] - Delayed 5 second(s)

2018-01-02 13:18:59 - [MESSAGE][PASSED] - Keys 'Pega Platform(PRPC)' sent to object: 'Object Repository/Generic/PlatformID'

2018-01-02 13:19:04 - [MESSAGE][PASSED] - Delayed 5 second(s)

2018-01-02 13:19:05 - [MESSAGE][PASSED] - Object: 'Object Repository/Generic/PlatformVersion' is clicked on

2018-01-02 13:19:10 - [MESSAGE][PASSED] - Delayed 5 second(s)

2018-01-02 13:19:10 - [MESSAGE][PASSED] - Keys '6.2' sent to object: 'Object Repository/Generic/PlatformVersion'

2018-01-02 13:19:15 - [MESSAGE][PASSED] - Delayed 5 second(s)

2018-01-02 13:19:15 - [MESSAGE][PASSED] - Scroll to object 'Object Repository/BEP/MorethanOneRLSNO' successfully

2018-01-02 13:19:15 - [MESSAGE][PASSED] - Object: 'Object Repository/BEP/MorethanOneRLSNO' is clicked on

2018-01-02 13:19:20 - [MESSAGE][PASSED] - Delayed 5 second(s)

2018-01-02 13:19:21 - [MESSAGE][PASSED] - Object: 'Object Repository/Generic/PlatformTrue' is clicked on

2018-01-02 13:19:26 - [MESSAGE][PASSED] - Delayed 5 second(s)

2018-01-02 13:19:31 - [MESSAGE][PASSED] - Delayed 5 second(s)

2018-01-02 13:19:31 - [MESSAGE][PASSED] - Object: 'Object Repository/EngInfo/PL' is clicked on

2018-01-02 13:19:36 - [MESSAGE][PASSED] - Delayed 5 second(s)

2018-01-02 13:19:36 - [MESSAGE][PASSED] - Keys 'Jeff Henderson' sent to object: 'Object Repository/EngInfo/PL'

2018-01-02 13:19:41 - [MESSAGE][PASSED] - Delayed 5 second(s)

2018-01-02 13:19:41 - [MESSAGE][PASSED] - Object: 'Object Repository/EngInfo/PLTL' is clicked on

2018-01-02 13:19:46 - [MESSAGE][PASSED] - Delayed 5 second(s)

2018-01-02 13:19:47 - [MESSAGE][PASSED] - Keys 'Robert Higgins' sent to object: 'Object Repository/EngInfo/PLTL'

2018-01-02 13:19:52 - [MESSAGE][PASSED] - Delayed 5 second(s)

2018-01-02 13:19:52 - [MESSAGE][PASSED] - Object: 'Object Repository/EngInfo/RL' is clicked on

2018-01-02 13:19:57 - [MESSAGE][PASSED] - Delayed 5 second(s)

2018-01-02 13:19:57 - [MESSAGE][PASSED] - Keys 'Eric Panepinto' sent to object: 'Object Repository/EngInfo/RL'

2018-01-02 13:20:02 - [MESSAGE][PASSED] - Delayed 5 second(s)

2018-01-02 13:20:03 - [MESSAGE][PASSED] - Object: 'Object Repository/EngInfo/RD' is clicked on

2018-01-02 13:20:08 - [MESSAGE][PASSED] - Delayed 5 second(s)

2018-01-02 13:20:08 - [MESSAGE][PASSED] - Keys 'Robert lang' sent to object: 'Object Repository/EngInfo/RD'

2018-01-02 13:20:13 - [MESSAGE][PASSED] - Delayed 5 second(s)

2018-01-02 13:20:13 - [MESSAGE][PASSED] - Scroll to object 'Object Repository/Generic/NEXT_BUTTON' successfully

2018-01-02 13:20:13 - [MESSAGE][PASSED] - Object: 'Object Repository/Generic/NEXT_BUTTON' is clicked on

2018-01-02 13:20:18 - [MESSAGE][PASSED] - Delayed 5 second(s)

2018-01-02 13:20:18 - [MESSAGE][PASSED] - Wait for page load successfully

2018-01-02 13:20:19 - [MESSAGE][PASSED] - Object: 'Object Repository/BEP/EstimationMethod' is clicked on

2018-01-02 13:20:24 - [MESSAGE][PASSED] - Delayed 5 second(s)

2018-01-02 13:20:24 - [MESSAGE][PASSED] - Keys 'BSW' sent to object: 'Object Repository/BEP/EstimationMethod'

2018-01-02 13:20:29 - [MESSAGE][PASSED] - Delayed 5 second(s)

2018-01-02 13:20:34 - [MESSAGE][PASSED] - Delayed 5 second(s)

2018-01-02 13:20:34 - [MESSAGE][PASSED] - Scroll to object 'Object Repository/Generic/NEXT_BUTTON' successfully

2018-01-02 13:20:34 - [MESSAGE][PASSED] - Object: 'Object Repository/Generic/NEXT_BUTTON' is clicked on

2018-01-02 13:20:39 - [MESSAGE][PASSED] - Delayed 5 second(s)

2018-01-02 13:20:39 - [MESSAGE][PASSED] - Wait for page load successfully

2018-01-02 13:20:39 - [MESSAGE][PASSED] - Object: 'Object Repository/BEP/BEPoutput' is clicked on

2018-01-02 13:20:44 - [MESSAGE][PASSED] - Delayed 5 second(s)

2018-01-02 13:20:45 - [MESSAGE][PASSED] - All options with value 'RFP in process' are selected in object 'Object Repository/BEP/ReasonCode' 

2018-01-02 13:20:45 - [MESSAGE][PASSED] - Scroll to object 'Object Repository/Generic/NEXT_BUTTON' successfully

2018-01-02 13:20:45 - [MESSAGE][PASSED] - Object: 'Object Repository/Generic/NEXT_BUTTON' is clicked on

2018-01-02 13:20:47 - [MESSAGE][PASSED] - Scroll to object 'Object Repository/Generic/FINISH_BUTTON' successfully

2018-01-02 13:20:47 - [MESSAGE][PASSED] - Object: 'Object Repository/Generic/FINISH_BUTTON' is clicked on

2018-01-02 13:20:52 - [MESSAGE][PASSED] - Delayed 5 second(s)

2018-01-02 13:21:05 - [MESSAGE][PASSED] - Text of object 'Object Repository/BEP/BEPWOID' is: 'BEP-02Jan2018-1'

2018-01-02 13:21:06 - [MESSAGE][PASSED] - com.helper.commonfunct.BEP_CommonMethod.EstimateNoOutput is PASSED

2018-01-02 13:21:06 - [TEST_STEP][NOT_RUN] - com.helper.commonfunct.BEP_CommonMethod.woid: NOT_RUN: com.helper.commonfunct.BEP_CommonMethod.woid

2018-01-02 13:21:06 - [MESSAGE][NOT_RUN] - NOT_RUN: com.helper.commonfunct.BEP_CommonMethod.woid

2018-01-02 13:21:06 - [TEST_STEP][PASSED] - com.helper.commonfunct.BEP_CommonMethod.searchStatus: com.helper.commonfunct.BEP_CommonMethod.searchStatus is PASSED

2018-01-02 13:21:07 - [MESSAGE][PASSED] - Text of object 'Object Repository/BEP/SearchStatus' is: 'PENDING-RDAPPROVAL'

2018-01-02 13:21:11 - [MESSAGE][PASSED] - Delayed 4 second(s)

2018-01-02 13:21:15 - [MESSAGE][PASSED] - Delayed 4 second(s)

2018-01-02 13:21:15 - [MESSAGE][PASSED] - com.helper.commonfunct.BEP_CommonMethod.searchStatus is PASSED]]></system-out>
         <system-err><![CDATA[]]></system-err>
      </testcase>
      <testcase name="Test Cases/BEP/Create_Approve_Reject/Create_BEP_NoOutput - Iteration 2" classname="Test Cases/BEP/Create_Approve_Reject/Create_BEP_NoOutput" status="FAILED">
         <failure type="FAILED" message="Test Cases/BEP/Create_Approve_Reject/Create_BEP_NoOutput FAILED because (of) Unable to set text 'BOFA' of object 'Object Repository/Generic/ACC' (Root cause: com.kms.katalon.core.webui.exception.WebElementNotFoundException: Web element with id: 'Object Repository/Generic/ACC' located by 'By.xpath: //*[@id = 'AccountID']' not found)"/>
         <system-out><![CDATA[2018-01-02 13:21:15 - [TEST_CASE][FAILED] - Test Cases/BEP/Create_Approve_Reject/Create_BEP_NoOutput - Iteration 2: Test Cases/BEP/Create_Approve_Reject/Create_BEP_NoOutput FAILED because (of) Unable to set text 'BOFA' of object 'Object Repository/Generic/ACC' (Root cause: com.kms.katalon.core.webui.exception.WebElementNotFoundException: Web element with id: 'Object Repository/Generic/ACC' located by 'By.xpath: //*[@id = 'AccountID']' not found)

2018-01-02 13:21:15 - [TEST_STEP][PASSED] - com.helper.commonfunct.commonutilities.login: com.helper.commonfunct.commonutilities.login is PASSED

2018-01-02 13:21:15 - [MESSAGE][WARNING] - A browser is already opened. Closing browser and opening a new one

2018-01-02 13:21:18 - [MESSAGE][PASSED] - Browser is opened with url: ''

2018-01-02 13:21:19 - [MESSAGE][PASSED] - Navigate to 'https://vtcpqa.rpega.com:9030/tcpqa/PRServlet' successfully

2018-01-02 13:21:19 - [MESSAGE][PASSED] - Text 'hendj@pegasystems.com' is set on object 'Object Repository/Generic/input_UserIdentifier'

2018-01-02 13:21:19 - [MESSAGE][PASSED] - Text 'install' is set on object 'Object Repository/Generic/input_Password'

2018-01-02 13:21:22 - [MESSAGE][PASSED] - Keys 'ENTER + ' sent to object: 'Object Repository/Generic/input_Password'

2018-01-02 13:21:22 - [MESSAGE][PASSED] - com.helper.commonfunct.commonutilities.login is PASSED

2018-01-02 13:21:22 - [TEST_STEP][FAILED] - com.helper.commonfunct.BEP_CommonMethod.EstimateNoOutput: Unable to set text 'BOFA' of object 'Object Repository/Generic/ACC' (Root cause: com.kms.katalon.core.webui.exception.WebElementNotFoundException: Web element with id: 'Object Repository/Generic/ACC' located by 'By.xpath: //*[@id = 'AccountID']' not found)

2018-01-02 13:21:23 - [MESSAGE][PASSED] - Current window maximized

2018-01-02 13:21:25 - [MESSAGE][PASSED] - Delayed 2 second(s)

2018-01-02 13:21:25 - [MESSAGE][PASSED] - Object: 'Object Repository/Generic/New' is clicked on

2018-01-02 13:21:29 - [MESSAGE][PASSED] - Delayed 4 second(s)

2018-01-02 13:21:33 - [MESSAGE][PASSED] - Object: 'Object Repository/BEP/EstimateLink' is clicked on

2018-01-02 13:21:38 - [MESSAGE][PASSED] - Delayed 5 second(s)

2018-01-02 13:21:38 - [MESSAGE][WARNING] - Timeout '0' is invalid. Using default page load timeout: '30'

2018-01-02 13:21:38 - [MESSAGE][PASSED] - Object 'Object Repository/BEP/import' is visible

2018-01-02 13:21:38 - [MESSAGE][PASSED] - Object: 'Object Repository/BEP/import' is clicked on

2018-01-02 13:21:43 - [MESSAGE][PASSED] - Delayed 5 second(s)

2018-01-02 13:21:43 - [MESSAGE][PASSED] - File 'C:\EStimate.xlsm' sent to object: 'Object Repository/Generic/FilePath'

2018-01-02 13:21:48 - [MESSAGE][PASSED] - Delayed 5 second(s)

2018-01-02 13:21:51 - [MESSAGE][PASSED] - Object: 'Object Repository/Generic/button_Submit' is clicked on

2018-01-02 13:22:01 - [MESSAGE][PASSED] - Delayed 10 second(s)

2018-01-02 13:22:02 - [MESSAGE][PASSED] - Text 'BOFA' is set on object 'Object Repository/Generic/ORG'

2018-01-02 13:22:09 - [MESSAGE][PASSED] - Delayed 7 second(s)

2018-01-02 13:22:09 - [MESSAGE][PASSED] - Keys 'TAB + ' sent to object: 'Object Repository/Generic/ORG'

2018-01-02 13:22:16 - [MESSAGE][PASSED] - Delayed 7 second(s)

2018-01-02 13:22:49 - [MESSAGE][FAILED] - Unable to set text 'BOFA' of object 'Object Repository/Generic/ACC' (Root cause: com.kms.katalon.core.webui.exception.WebElementNotFoundException: Web element with id: 'Object Repository/Generic/ACC' located by 'By.xpath: //*[@id = 'AccountID']' not found)
[[ATTACHMENT|C:\\Users\\nipin\\Katalon Studio\\COE\\Reports\\Estimate\\20180102_131721\\1514917369195.png]]

2018-01-02 13:22:49 - [MESSAGE][FAILED] - Unable to set text 'BOFA' of object 'Object Repository/Generic/ACC' (Root cause: com.kms.katalon.core.webui.exception.WebElementNotFoundException: Web element with id: 'Object Repository/Generic/ACC' located by 'By.xpath: //*[@id = 'AccountID']' not found)]]></system-out>
         <system-err><![CDATA[2018-01-02 13:21:15 - [TEST_CASE][FAILED] - Test Cases/BEP/Create_Approve_Reject/Create_BEP_NoOutput - Iteration 2: Test Cases/BEP/Create_Approve_Reject/Create_BEP_NoOutput FAILED because (of) Unable to set text 'BOFA' of object 'Object Repository/Generic/ACC' (Root cause: com.kms.katalon.core.webui.exception.WebElementNotFoundException: Web element with id: 'Object Repository/Generic/ACC' located by 'By.xpath: //*[@id = 'AccountID']' not found)]]></system-err>
      </testcase>
      <testcase name="Test Cases/BEP/Create_Approve_Reject/Create_BEP_NoOutput - Iteration 3" classname="Test Cases/BEP/Create_Approve_Reject/Create_BEP_NoOutput" status="FAILED">
         <failure type="FAILED" message="Test Cases/BEP/Create_Approve_Reject/Create_BEP_NoOutput FAILED because (of) Unable to click on object 'Object Repository/Generic/PlatformID' (Root cause: org.openqa.selenium.WebDriverException: unknown error: Element &lt;select data-template=&quot;&quot; data-change=&quot;[[&amp;quot;postValue&amp;quot;,[&amp;quot;:event&amp;quot;]],[&amp;quot;refresh&amp;quot;, [&amp;quot;thisSection&amp;quot;,&amp;quot;&amp;quot;, &amp;quot;&amp;quot;, &amp;quot;&amp;amp;=&amp;quot;, &amp;quot;&amp;quot;, &amp;quot;,&amp;quot;,&amp;quot;:event&amp;quot;,&amp;quot;&amp;quot;,&amp;quot;pyWorkPage&amp;quot;]]]&quot; data-test-id=&quot;20151110090401048839200&quot; data-ctl=&quot;[&amp;quot;Dropdown&amp;quot;]&quot; id=&quot;PlatformID&quot; style=&quot;width:100%&quot; name=&quot;$PpyWorkPage$pEngagement$pPlatformID&quot; validationtype=&quot;required&quot;>...&lt;/select> is not clickable at point (654, 495). Other element would receive the click: &lt;div data-template=&quot;&quot; class=&quot;layout layout-noheader layout-noheader-modal_button_array&quot; data-layout-id=&quot;&quot;>...&lt;/div>
  (Session info: chrome=63.0.3239.84)
  (Driver info: chromedriver=2.33.506120 (e3e53437346286c0bc2d2dc9aa4915ba81d9023f),platform=Windows NT 6.1.7601 SP1 x86_64) (WARNING: The server did not provide any stacktrace information)
Command duration or timeout: 0 milliseconds
Build info: version: '3.7.1', revision: '8a0099a', time: '2017-11-06T21:07:36.161Z'
System info: host: 'L22622WUS', ip: '10.2.176.84', os.name: 'Windows 7', os.arch: 'amd64', os.version: '6.1', java.version: '1.8.0_102'
Driver info: com.kms.katalon.selenium.driver.CChromeDriver
Capabilities {acceptSslCerts: true, applicationCacheEnabled: false, browserConnectionEnabled: false, browserName: chrome, chrome: {chromedriverVersion: 2.33.506120 (e3e53437346286..., userDataDir: C:\Users\nipin\AppData\Loca...}, cssSelectorsEnabled: true, databaseEnabled: false, handlesAlerts: true, hasTouchScreen: false, javascriptEnabled: true, locationContextEnabled: true, mobileEmulationEnabled: false, nativeEvents: true, networkConnectionEnabled: false, pageLoadStrategy: normal, platform: XP, platformName: XP, rotatable: false, setWindowRect: true, takesHeapSnapshot: true, takesScreenshot: true, unexpectedAlertBehaviour: , unhandledPromptBehavior: , version: 63.0.3239.84, webStorageEnabled: true}
Session ID: f98528af82608fe13b83f67040f7fb0c)"/>
         <system-out><![CDATA[2018-01-02 13:22:49 - [TEST_CASE][FAILED] - Test Cases/BEP/Create_Approve_Reject/Create_BEP_NoOutput - Iteration 3: Test Cases/BEP/Create_Approve_Reject/Create_BEP_NoOutput FAILED because (of) Unable to click on object 'Object Repository/Generic/PlatformID' (Root cause: org.openqa.selenium.WebDriverException: unknown error: Element <select data-template="" data-change="[[&quot;postValue&quot;,[&quot;:event&quot;]],[&quot;refresh&quot;, [&quot;thisSection&quot;,&quot;&quot;, &quot;&quot;, &quot;&amp;=&quot;, &quot;&quot;, &quot;,&quot;,&quot;:event&quot;,&quot;&quot;,&quot;pyWorkPage&quot;]]]" data-test-id="20151110090401048839200" data-ctl="[&quot;Dropdown&quot;]" id="PlatformID" style="width:100%" name="$PpyWorkPage$pEngagement$pPlatformID" validationtype="required">...</select> is not clickable at point (654, 495). Other element would receive the click: <div data-template="" class="layout layout-noheader layout-noheader-modal_button_array" data-layout-id="">...</div>
  (Session info: chrome=63.0.3239.84)
  (Driver info: chromedriver=2.33.506120 (e3e53437346286c0bc2d2dc9aa4915ba81d9023f),platform=Windows NT 6.1.7601 SP1 x86_64) (WARNING: The server did not provide any stacktrace information)
Command duration or timeout: 0 milliseconds
Build info: version: '3.7.1', revision: '8a0099a', time: '2017-11-06T21:07:36.161Z'
System info: host: 'L22622WUS', ip: '10.2.176.84', os.name: 'Windows 7', os.arch: 'amd64', os.version: '6.1', java.version: '1.8.0_102'
Driver info: com.kms.katalon.selenium.driver.CChromeDriver
Capabilities {acceptSslCerts: true, applicationCacheEnabled: false, browserConnectionEnabled: false, browserName: chrome, chrome: {chromedriverVersion: 2.33.506120 (e3e53437346286..., userDataDir: C:\Users\nipin\AppData\Loca...}, cssSelectorsEnabled: true, databaseEnabled: false, handlesAlerts: true, hasTouchScreen: false, javascriptEnabled: true, locationContextEnabled: true, mobileEmulationEnabled: false, nativeEvents: true, networkConnectionEnabled: false, pageLoadStrategy: normal, platform: XP, platformName: XP, rotatable: false, setWindowRect: true, takesHeapSnapshot: true, takesScreenshot: true, unexpectedAlertBehaviour: , unhandledPromptBehavior: , version: 63.0.3239.84, webStorageEnabled: true}
Session ID: f98528af82608fe13b83f67040f7fb0c)

2018-01-02 13:22:49 - [TEST_STEP][PASSED] - com.helper.commonfunct.commonutilities.login: com.helper.commonfunct.commonutilities.login is PASSED

2018-01-02 13:22:49 - [MESSAGE][WARNING] - A browser is already opened. Closing browser and opening a new one

2018-01-02 13:22:52 - [MESSAGE][PASSED] - Browser is opened with url: ''

2018-01-02 13:22:53 - [MESSAGE][PASSED] - Navigate to 'https://vtcpqa.rpega.com:9030/tcpqa/PRServlet' successfully

2018-01-02 13:22:53 - [MESSAGE][PASSED] - Text 'hendj@pegasystems.com' is set on object 'Object Repository/Generic/input_UserIdentifier'

2018-01-02 13:22:53 - [MESSAGE][PASSED] - Text 'install' is set on object 'Object Repository/Generic/input_Password'

2018-01-02 13:22:56 - [MESSAGE][PASSED] - Keys 'ENTER + ' sent to object: 'Object Repository/Generic/input_Password'

2018-01-02 13:22:56 - [MESSAGE][PASSED] - com.helper.commonfunct.commonutilities.login is PASSED

2018-01-02 13:22:56 - [TEST_STEP][FAILED] - com.helper.commonfunct.BEP_CommonMethod.EstimateNoOutput: Unable to click on object 'Object Repository/Generic/PlatformID' (Root cause: org.openqa.selenium.WebDriverException: unknown error: Element <select data-template="" data-change="[[&quot;postValue&quot;,[&quot;:event&quot;]],[&quot;refresh&quot;, [&quot;thisSection&quot;,&quot;&quot;, &quot;&quot;, &quot;&amp;=&quot;, &quot;&quot;, &quot;,&quot;,&quot;:event&quot;,&quot;&quot;,&quot;pyWorkPage&quot;]]]" data-test-id="20151110090401048839200" data-ctl="[&quot;Dropdown&quot;]" id="PlatformID" style="width:100%" name="$PpyWorkPage$pEngagement$pPlatformID" validationtype="required">...</select> is not clickable at point (654, 495). Other element would receive the click: <div data-template="" class="layout layout-noheader layout-noheader-modal_button_array" data-layout-id="">...</div>
  (Session info: chrome=63.0.3239.84)
  (Driver info: chromedriver=2.33.506120 (e3e53437346286c0bc2d2dc9aa4915ba81d9023f),platform=Windows NT 6.1.7601 SP1 x86_64) (WARNING: The server did not provide any stacktrace information)
Command duration or timeout: 0 milliseconds
Build info: version: '3.7.1', revision: '8a0099a', time: '2017-11-06T21:07:36.161Z'
System info: host: 'L22622WUS', ip: '10.2.176.84', os.name: 'Windows 7', os.arch: 'amd64', os.version: '6.1', java.version: '1.8.0_102'
Driver info: com.kms.katalon.selenium.driver.CChromeDriver
Capabilities {acceptSslCerts: true, applicationCacheEnabled: false, browserConnectionEnabled: false, browserName: chrome, chrome: {chromedriverVersion: 2.33.506120 (e3e53437346286..., userDataDir: C:\Users\nipin\AppData\Loca...}, cssSelectorsEnabled: true, databaseEnabled: false, handlesAlerts: true, hasTouchScreen: false, javascriptEnabled: true, locationContextEnabled: true, mobileEmulationEnabled: false, nativeEvents: true, networkConnectionEnabled: false, pageLoadStrategy: normal, platform: XP, platformName: XP, rotatable: false, setWindowRect: true, takesHeapSnapshot: true, takesScreenshot: true, unexpectedAlertBehaviour: , unhandledPromptBehavior: , version: 63.0.3239.84, webStorageEnabled: true}
Session ID: f98528af82608fe13b83f67040f7fb0c)

2018-01-02 13:22:57 - [MESSAGE][PASSED] - Current window maximized

2018-01-02 13:22:59 - [MESSAGE][PASSED] - Delayed 2 second(s)

2018-01-02 13:23:00 - [MESSAGE][PASSED] - Object: 'Object Repository/Generic/New' is clicked on

2018-01-02 13:23:04 - [MESSAGE][PASSED] - Delayed 4 second(s)

2018-01-02 13:23:06 - [MESSAGE][PASSED] - Object: 'Object Repository/BEP/EstimateLink' is clicked on

2018-01-02 13:23:11 - [MESSAGE][PASSED] - Delayed 5 second(s)

2018-01-02 13:23:11 - [MESSAGE][WARNING] - Timeout '0' is invalid. Using default page load timeout: '30'

2018-01-02 13:23:11 - [MESSAGE][PASSED] - Object 'Object Repository/BEP/import' is visible

2018-01-02 13:23:11 - [MESSAGE][PASSED] - Object: 'Object Repository/BEP/import' is clicked on

2018-01-02 13:23:16 - [MESSAGE][PASSED] - Delayed 5 second(s)

2018-01-02 13:23:16 - [MESSAGE][PASSED] - File '' sent to object: 'Object Repository/Generic/FilePath'

2018-01-02 13:23:21 - [MESSAGE][PASSED] - Delayed 5 second(s)

2018-01-02 13:23:22 - [MESSAGE][PASSED] - Object: 'Object Repository/Generic/button_Submit' is clicked on

2018-01-02 13:23:32 - [MESSAGE][PASSED] - Delayed 10 second(s)

2018-01-02 13:23:33 - [MESSAGE][PASSED] - Text '' is set on object 'Object Repository/Generic/ORG'

2018-01-02 13:23:40 - [MESSAGE][PASSED] - Delayed 7 second(s)

2018-01-02 13:23:40 - [MESSAGE][PASSED] - Keys 'TAB + ' sent to object: 'Object Repository/Generic/ORG'

2018-01-02 13:23:47 - [MESSAGE][PASSED] - Delayed 7 second(s)

2018-01-02 13:23:47 - [MESSAGE][PASSED] - Text '' is set on object 'Object Repository/Generic/ACC'

2018-01-02 13:23:54 - [MESSAGE][PASSED] - Delayed 7 second(s)

2018-01-02 13:23:54 - [MESSAGE][PASSED] - Keys 'TAB + ' sent to object: 'Object Repository/Generic/ACC'

2018-01-02 13:23:59 - [MESSAGE][PASSED] - Delayed 5 second(s)

2018-01-02 13:24:00 - [MESSAGE][PASSED] - Text 'AUTOTEST1' is set on object 'Object Repository/Generic/ENG_DESC'

2018-01-02 13:24:05 - [MESSAGE][PASSED] - Delayed 5 second(s)

2018-01-02 13:24:05 - [MESSAGE][FAILED] - Unable to click on object 'Object Repository/Generic/PlatformID' (Root cause: org.openqa.selenium.WebDriverException: unknown error: Element <select data-template="" data-change="[[&quot;postValue&quot;,[&quot;:event&quot;]],[&quot;refresh&quot;, [&quot;thisSection&quot;,&quot;&quot;, &quot;&quot;, &quot;&amp;=&quot;, &quot;&quot;, &quot;,&quot;,&quot;:event&quot;,&quot;&quot;,&quot;pyWorkPage&quot;]]]" data-test-id="20151110090401048839200" data-ctl="[&quot;Dropdown&quot;]" id="PlatformID" style="width:100%" name="$PpyWorkPage$pEngagement$pPlatformID" validationtype="required">...</select> is not clickable at point (654, 495). Other element would receive the click: <div data-template="" class="layout layout-noheader layout-noheader-modal_button_array" data-layout-id="">...</div>
  (Session info: chrome=63.0.3239.84)
  (Driver info: chromedriver=2.33.506120 (e3e53437346286c0bc2d2dc9aa4915ba81d9023f),platform=Windows NT 6.1.7601 SP1 x86_64) (WARNING: The server did not provide any stacktrace information)
Command duration or timeout: 0 milliseconds
Build info: version: '3.7.1', revision: '8a0099a', time: '2017-11-06T21:07:36.161Z'
System info: host: 'L22622WUS', ip: '10.2.176.84', os.name: 'Windows 7', os.arch: 'amd64', os.version: '6.1', java.version: '1.8.0_102'
Driver info: com.kms.katalon.selenium.driver.CChromeDriver
Capabilities {acceptSslCerts: true, applicationCacheEnabled: false, browserConnectionEnabled: false, browserName: chrome, chrome: {chromedriverVersion: 2.33.506120 (e3e53437346286..., userDataDir: C:\Users\nipin\AppData\Loca...}, cssSelectorsEnabled: true, databaseEnabled: false, handlesAlerts: true, hasTouchScreen: false, javascriptEnabled: true, locationContextEnabled: true, mobileEmulationEnabled: false, nativeEvents: true, networkConnectionEnabled: false, pageLoadStrategy: normal, platform: XP, platformName: XP, rotatable: false, setWindowRect: true, takesHeapSnapshot: true, takesScreenshot: true, unexpectedAlertBehaviour: , unhandledPromptBehavior: , version: 63.0.3239.84, webStorageEnabled: true}
Session ID: f98528af82608fe13b83f67040f7fb0c)
[[ATTACHMENT|C:\\Users\\nipin\\Katalon Studio\\COE\\Reports\\Estimate\\20180102_131721\\1514917445290.png]]

2018-01-02 13:24:05 - [MESSAGE][FAILED] - Unable to click on object 'Object Repository/Generic/PlatformID' (Root cause: org.openqa.selenium.WebDriverException: unknown error: Element <select data-template="" data-change="[[&quot;postValue&quot;,[&quot;:event&quot;]],[&quot;refresh&quot;, [&quot;thisSection&quot;,&quot;&quot;, &quot;&quot;, &quot;&amp;=&quot;, &quot;&quot;, &quot;,&quot;,&quot;:event&quot;,&quot;&quot;,&quot;pyWorkPage&quot;]]]" data-test-id="20151110090401048839200" data-ctl="[&quot;Dropdown&quot;]" id="PlatformID" style="width:100%" name="$PpyWorkPage$pEngagement$pPlatformID" validationtype="required">...</select> is not clickable at point (654, 495). Other element would receive the click: <div data-template="" class="layout layout-noheader layout-noheader-modal_button_array" data-layout-id="">...</div>
  (Session info: chrome=63.0.3239.84)
  (Driver info: chromedriver=2.33.506120 (e3e53437346286c0bc2d2dc9aa4915ba81d9023f),platform=Windows NT 6.1.7601 SP1 x86_64) (WARNING: The server did not provide any stacktrace information)
Command duration or timeout: 0 milliseconds
Build info: version: '3.7.1', revision: '8a0099a', time: '2017-11-06T21:07:36.161Z'
System info: host: 'L22622WUS', ip: '10.2.176.84', os.name: 'Windows 7', os.arch: 'amd64', os.version: '6.1', java.version: '1.8.0_102'
Driver info: com.kms.katalon.selenium.driver.CChromeDriver
Capabilities {acceptSslCerts: true, applicationCacheEnabled: false, browserConnectionEnabled: false, browserName: chrome, chrome: {chromedriverVersion: 2.33.506120 (e3e53437346286..., userDataDir: C:\Users\nipin\AppData\Loca...}, cssSelectorsEnabled: true, databaseEnabled: false, handlesAlerts: true, hasTouchScreen: false, javascriptEnabled: true, locationContextEnabled: true, mobileEmulationEnabled: false, nativeEvents: true, networkConnectionEnabled: false, pageLoadStrategy: normal, platform: XP, platformName: XP, rotatable: false, setWindowRect: true, takesHeapSnapshot: true, takesScreenshot: true, unexpectedAlertBehaviour: , unhandledPromptBehavior: , version: 63.0.3239.84, webStorageEnabled: true}
Session ID: f98528af82608fe13b83f67040f7fb0c)]]></system-out>
         <system-err><![CDATA[2018-01-02 13:22:49 - [TEST_CASE][FAILED] - Test Cases/BEP/Create_Approve_Reject/Create_BEP_NoOutput - Iteration 3: Test Cases/BEP/Create_Approve_Reject/Create_BEP_NoOutput FAILED because (of) Unable to click on object 'Object Repository/Generic/PlatformID' (Root cause: org.openqa.selenium.WebDriverException: unknown error: Element <select data-template="" data-change="[[&quot;postValue&quot;,[&quot;:event&quot;]],[&quot;refresh&quot;, [&quot;thisSection&quot;,&quot;&quot;, &quot;&quot;, &quot;&amp;=&quot;, &quot;&quot;, &quot;,&quot;,&quot;:event&quot;,&quot;&quot;,&quot;pyWorkPage&quot;]]]" data-test-id="20151110090401048839200" data-ctl="[&quot;Dropdown&quot;]" id="PlatformID" style="width:100%" name="$PpyWorkPage$pEngagement$pPlatformID" validationtype="required">...</select> is not clickable at point (654, 495). Other element would receive the click: <div data-template="" class="layout layout-noheader layout-noheader-modal_button_array" data-layout-id="">...</div>
  (Session info: chrome=63.0.3239.84)
  (Driver info: chromedriver=2.33.506120 (e3e53437346286c0bc2d2dc9aa4915ba81d9023f),platform=Windows NT 6.1.7601 SP1 x86_64) (WARNING: The server did not provide any stacktrace information)
Command duration or timeout: 0 milliseconds
Build info: version: '3.7.1', revision: '8a0099a', time: '2017-11-06T21:07:36.161Z'
System info: host: 'L22622WUS', ip: '10.2.176.84', os.name: 'Windows 7', os.arch: 'amd64', os.version: '6.1', java.version: '1.8.0_102'
Driver info: com.kms.katalon.selenium.driver.CChromeDriver
Capabilities {acceptSslCerts: true, applicationCacheEnabled: false, browserConnectionEnabled: false, browserName: chrome, chrome: {chromedriverVersion: 2.33.506120 (e3e53437346286..., userDataDir: C:\Users\nipin\AppData\Loca...}, cssSelectorsEnabled: true, databaseEnabled: false, handlesAlerts: true, hasTouchScreen: false, javascriptEnabled: true, locationContextEnabled: true, mobileEmulationEnabled: false, nativeEvents: true, networkConnectionEnabled: false, pageLoadStrategy: normal, platform: XP, platformName: XP, rotatable: false, setWindowRect: true, takesHeapSnapshot: true, takesScreenshot: true, unexpectedAlertBehaviour: , unhandledPromptBehavior: , version: 63.0.3239.84, webStorageEnabled: true}
Session ID: f98528af82608fe13b83f67040f7fb0c)]]></system-err>
      </testcase>
      <system-out><![CDATA[2018-01-02 13:17:24 - [TEST_SUITE][FAILED] - Estimate: Test Cases/BEP/Create_Approve_Reject/Create_BEP_NoOutput FAILED because (of) Unable to set text 'BOFA' of object 'Object Repository/Generic/ACC' (Root cause: com.kms.katalon.core.webui.exception.WebElementNotFoundException: Web element with id: 'Object Repository/Generic/ACC' located by 'By.xpath: //*[@id = 'AccountID']' not found)]]></system-out>
      <system-err><![CDATA[2018-01-02 13:17:24 - [TEST_SUITE][FAILED] - Estimate: Test Cases/BEP/Create_Approve_Reject/Create_BEP_NoOutput FAILED because (of) Unable to set text 'BOFA' of object 'Object Repository/Generic/ACC' (Root cause: com.kms.katalon.core.webui.exception.WebElementNotFoundException: Web element with id: 'Object Repository/Generic/ACC' located by 'By.xpath: //*[@id = 'AccountID']' not found)]]></system-err>
   </testsuite>
</testsuites>
