<?xml version="1.0" encoding="UTF-8"?>
<testsuites name="ECR_Lite" time="2151" tests="0" failures="4" errors="0">
   <testsuite name="ECR_Lite" tests="0" failures="4" errors="0" time="2151" timestamp="2017-11-20 12:17:18" hostname="nipin - L22622WUS.rpega.com" id="Test Suites/ECR_Lite">
      <properties>
         <property name="deviceName" value=""/>
         <property name="devicePlatform" value=""/>
         <property name="logFolder" value="C:\\Users\\nipin\\Katalon Studio\\COE\\Reports\\ECR_Lite\\20171120_121716"/>
         <property name="logFiles" value="C:\\Users\\nipin\\Katalon Studio\\COE\\Reports\\ECR_Lite\\20171120_121716\\execution0.log"/>
         <property name="attachments" value="C:\\Users\\nipin\\Katalon Studio\\COE\\Reports\\ECR_Lite\\20171120_121716\\1511198341686.png, C:\\Users\\nipin\\Katalon Studio\\COE\\Reports\\ECR_Lite\\20171120_121716\\1511198342208.png, C:\\Users\\nipin\\Katalon Studio\\COE\\Reports\\ECR_Lite\\20171120_121716\\1511198347854.png, C:\\Users\\nipin\\Katalon Studio\\COE\\Reports\\ECR_Lite\\20171120_121716\\1511198348371.png, C:\\Users\\nipin\\Katalon Studio\\COE\\Reports\\ECR_Lite\\20171120_121716\\1511198773239.png, C:\\Users\\nipin\\Katalon Studio\\COE\\Reports\\ECR_Lite\\20171120_121716\\1511198774971.png, C:\\Users\\nipin\\Katalon Studio\\COE\\Reports\\ECR_Lite\\20171120_121716\\1511198780962.png, C:\\Users\\nipin\\Katalon Studio\\COE\\Reports\\ECR_Lite\\20171120_121716\\1511198781741.png, C:\\Users\\nipin\\Katalon Studio\\COE\\Reports\\ECR_Lite\\20171120_121716\\1511198923447.png, C:\\Users\\nipin\\Katalon Studio\\COE\\Reports\\ECR_Lite\\20171120_121716\\1511198924609.png, C:\\Users\\nipin\\Katalon Studio\\COE\\Reports\\ECR_Lite\\20171120_121716\\1511198930596.png, C:\\Users\\nipin\\Katalon Studio\\COE\\Reports\\ECR_Lite\\20171120_121716\\1511198931377.png, C:\\Users\\nipin\\Katalon Studio\\COE\\Reports\\ECR_Lite\\20171120_121716\\1511199944440.png, C:\\Users\\nipin\\Katalon Studio\\COE\\Reports\\ECR_Lite\\20171120_121716\\1511200046946.png, C:\\Users\\nipin\\Katalon Studio\\COE\\Reports\\ECR_Lite\\20171120_121716\\1511200047531.png, C:\\Users\\nipin\\Katalon Studio\\COE\\Reports\\ECR_Lite\\20171120_121716\\1511200053560.png, C:\\Users\\nipin\\Katalon Studio\\COE\\Reports\\ECR_Lite\\20171120_121716\\1511200054226.png"/>
         <property name="hostName" value="nipin - L22622WUS.rpega.com"/>
         <property name="os" value="Windows 7 64bit"/>
         <property name="katalonVersion" value="5.1.0.1"/>
         <property name="browser" value="Chrome 62.0.3202.94"/>
         <property name="hostAddress" value="10.2.176.79"/>
         <property name="sessionId" value="7adf2e8dfcb28fe200d54c26f9863328"/>
         <property name="seleniumVersion" value="3.7.1"/>
         <property name="proxyInformation" value="ProxyInformation{proxyOption=NO_PROXY, proxyServerType=HTTP, password=, proxyServerAddress=, proxyServerPort=0}"/>
         <property name="platform" value="Windows 7"/>
      </properties>
      <testcase name="Test Cases/ECR/TC_ECRLite_NoExpertService_AllApproval" classname="Test Cases/ECR/TC_ECRLite_NoExpertService_AllApproval" status="FAILED">
         <failure type="FAILED" message="Unable to click on object 'Object Repository/Approve-Reject/contractlink' (Root cause: org.openqa.selenium.WebDriverException: chrome not reachable
  (Session info: chrome=62.0.3202.94)
  (Driver info: chromedriver=2.33.506120 (e3e53437346286c0bc2d2dc9aa4915ba81d9023f),platform=Windows NT 6.1.7601 SP1 x86_64) (WARNING: The server did not provide any stacktrace information)
Command duration or timeout: 0 milliseconds
Build info: version: '3.7.1', revision: '8a0099a', time: '2017-11-06T21:07:36.161Z'
System info: host: 'L22622WUS', ip: '10.2.176.79', os.name: 'Windows 7', os.arch: 'amd64', os.version: '6.1', java.version: '1.8.0_102'
Driver info: com.kms.katalon.selenium.driver.CChromeDriver
Capabilities {acceptSslCerts: true, applicationCacheEnabled: false, browserConnectionEnabled: false, browserName: chrome, chrome: {chromedriverVersion: 2.33.506120 (e3e53437346286..., userDataDir: C:\Users\nipin\AppData\Loca...}, cssSelectorsEnabled: true, databaseEnabled: false, handlesAlerts: true, hasTouchScreen: false, javascriptEnabled: true, locationContextEnabled: true, mobileEmulationEnabled: false, nativeEvents: true, networkConnectionEnabled: false, pageLoadStrategy: normal, platform: XP, platformName: XP, rotatable: false, setWindowRect: true, takesHeapSnapshot: true, takesScreenshot: true, unexpectedAlertBehaviour: , unhandledPromptBehavior: , version: 62.0.3202.94, webStorageEnabled: true}
Session ID: c63627690cc8c14dd691297e66e273eb
*** Element info: {Using=xpath, value=//nobr//a[contains(.,'Create Contract')]})"/>
         <system-out><![CDATA[2017-11-20 12:17:19 - [TEST_CASE][FAILED] - Test Cases/ECR/TC_ECRLite_NoExpertService_AllApproval: Test Cases/ECR/TC_ECRLite_NoExpertService_AllApproval FAILED because (of) Unable to click on object 'Object Repository/Approve-Reject/contractlink' (Root cause: org.openqa.selenium.WebDriverException: chrome not reachable
  (Session info: chrome=62.0.3202.94)
  (Driver info: chromedriver=2.33.506120 (e3e53437346286c0bc2d2dc9aa4915ba81d9023f),platform=Windows NT 6.1.7601 SP1 x86_64) (WARNING: The server did not provide any stacktrace information)
Command duration or timeout: 0 milliseconds
Build info: version: '3.7.1', revision: '8a0099a', time: '2017-11-06T21:07:36.161Z'
System info: host: 'L22622WUS', ip: '10.2.176.79', os.name: 'Windows 7', os.arch: 'amd64', os.version: '6.1', java.version: '1.8.0_102'
Driver info: com.kms.katalon.selenium.driver.CChromeDriver
Capabilities {acceptSslCerts: true, applicationCacheEnabled: false, browserConnectionEnabled: false, browserName: chrome, chrome: {chromedriverVersion: 2.33.506120 (e3e53437346286..., userDataDir: C:\Users\nipin\AppData\Loca...}, cssSelectorsEnabled: true, databaseEnabled: false, handlesAlerts: true, hasTouchScreen: false, javascriptEnabled: true, locationContextEnabled: true, mobileEmulationEnabled: false, nativeEvents: true, networkConnectionEnabled: false, pageLoadStrategy: normal, platform: XP, platformName: XP, rotatable: false, setWindowRect: true, takesHeapSnapshot: true, takesScreenshot: true, unexpectedAlertBehaviour: , unhandledPromptBehavior: , version: 62.0.3202.94, webStorageEnabled: true}
Session ID: c63627690cc8c14dd691297e66e273eb
*** Element info: {Using=xpath, value=//nobr//a[contains(.,'Create Contract')]})

2017-11-20 12:17:20 - [TEST_STEP][FAILED] - callTestCase: Call Test Case 'Test Cases/ECR/REF/ECR_Lite_NoExpertService' successfully

2017-11-20 12:17:20 - [TEST_CASE][FAILED] - Test Cases/ECR/REF/ECR_Lite_NoExpertService: com.helper.commonfunct.utilities.createECR is PASSED

2017-11-20 12:17:20 - [TEST_STEP][PASSED] - com.helper.commonfunct.utilities.login: com.helper.commonfunct.utilities.login is PASSED

2017-11-20 12:17:24 - [MESSAGE][PASSED] - Browser is opened with url: ''

2017-11-20 12:17:25 - [MESSAGE][PASSED] - Navigate to 'https://vtcpqa2.rpega.com:9030/tcpqa/PRServlet' successfully

2017-11-20 12:17:26 - [MESSAGE][PASSED] - Text 'pogoa@pegasystems.com' is set on object 'Object Repository/input_UserIdentifier'

2017-11-20 12:17:26 - [MESSAGE][PASSED] - Text 'install' is set on object 'Object Repository/input_Password'

2017-11-20 12:17:30 - [MESSAGE][PASSED] - Keys 'ENTER + ' sent to object: 'Object Repository/input_Password'

2017-11-20 12:17:30 - [MESSAGE][PASSED] - com.helper.commonfunct.utilities.login is PASSED

2017-11-20 12:17:30 - [TEST_STEP][FAILED] - com.helper.commonfunct.utilities.createECR: com.helper.commonfunct.utilities.createECR is PASSED

2017-11-20 12:17:30 - [MESSAGE][PASSED] - Object: 'Object Repository/Generic/a_Actions' is clicked on

2017-11-20 12:17:32 - [MESSAGE][PASSED] - Object: 'Object Repository/span_New' is focused

2017-11-20 12:17:34 - [MESSAGE][PASSED] - Object: 'Object Repository/span_Bid Process' is clicked on

2017-11-20 12:17:35 - [MESSAGE][PASSED] - Object: 'Object Repository/ECR/BID_TYPE' is clicked on

2017-11-20 12:17:35 - [MESSAGE][PASSED] - Object 'Object Repository/button_Import' is present

2017-11-20 12:17:40 - [MESSAGE][PASSED] - Delayed 5 second(s)

2017-11-20 12:17:40 - [MESSAGE][PASSED] - Object: 'Object Repository/button_Import' is clicked on

2017-11-20 12:17:41 - [MESSAGE][PASSED] - File 'C:\Users\nipin\Desktop\Latest BSW\Final\ECR_LITE_EXPSVC.xlsm' sent to object: 'Object Repository/input_PpyWorkPageppyFilePath'

2017-11-20 12:17:46 - [MESSAGE][PASSED] - Delayed 5 second(s)

2017-11-20 12:17:46 - [MESSAGE][WARNING] - Timeout '0' is invalid. Using default page load timeout: '30'

2017-11-20 12:17:46 - [MESSAGE][PASSED] - Scroll to object 'Object Repository/button_Submit' successfully

2017-11-20 12:17:46 - [MESSAGE][PASSED] - Object: 'Object Repository/button_Submit' is clicked on

2017-11-20 12:17:46 - [MESSAGE][PASSED] - Object 'Object Repository/EngInfo/COID' is visible

2017-11-20 12:17:51 - [MESSAGE][PASSED] - Delayed 5 second(s)

2017-11-20 12:17:56 - [MESSAGE][PASSED] - Delayed 5 second(s)

2017-11-20 12:17:57 - [MESSAGE][PASSED] - Text 'BOFA' is set on object 'Object Repository/Generic/ORG'

2017-11-20 12:18:02 - [MESSAGE][PASSED] - Delayed 5 second(s)

2017-11-20 12:18:02 - [MESSAGE][PASSED] - Keys 'TAB + ' sent to object: 'Object Repository/Generic/ORG'

2017-11-20 12:18:07 - [MESSAGE][PASSED] - Delayed 5 second(s)

2017-11-20 12:18:07 - [MESSAGE][PASSED] - Text 'BOFA' is set on object 'Object Repository/Generic/ACC'

2017-11-20 12:18:12 - [MESSAGE][PASSED] - Delayed 5 second(s)

2017-11-20 12:18:12 - [MESSAGE][PASSED] - Keys 'TAB + ' sent to object: 'Object Repository/Generic/ACC'

2017-11-20 12:18:17 - [MESSAGE][PASSED] - Delayed 5 second(s)

2017-11-20 12:18:17 - [MESSAGE][PASSED] - Text 'AUTOTEST1' is set on object 'Object Repository/Generic/ENG_DESC'

2017-11-20 12:18:22 - [MESSAGE][PASSED] - Delayed 5 second(s)

2017-11-20 12:18:22 - [MESSAGE][WARNING] - Timeout '0' is invalid. Using default page load timeout: '30'

2017-11-20 12:18:22 - [MESSAGE][PASSED] - Scroll to object 'Object Repository/Generic/SUBMIT' successfully

2017-11-20 12:18:22 - [MESSAGE][PASSED] - Object: 'Object Repository/Generic/SUBMIT' is clicked on

2017-11-20 12:18:27 - [MESSAGE][PASSED] - Delayed 5 second(s)

2017-11-20 12:18:28 - [MESSAGE][PASSED] - Text 'CO-12' is set on object 'Object Repository/EngInfo/COID'

2017-11-20 12:18:35 - [MESSAGE][PASSED] - Delayed 7 second(s)

2017-11-20 12:18:35 - [MESSAGE][PASSED] - Wait for page load successfully

2017-11-20 12:18:35 - [MESSAGE][PASSED] - Object: 'Object Repository/Generic/gapDrivenMethodology' is clicked on

2017-11-20 12:18:40 - [MESSAGE][PASSED] - Delayed 5 second(s)

2017-11-20 12:18:40 - [MESSAGE][PASSED] - Object: 'Object Repository/Generic/RapidDelivery' is clicked on

2017-11-20 12:18:45 - [MESSAGE][PASSED] - Delayed 5 second(s)

2017-11-20 12:18:46 - [MESSAGE][PASSED] - Object: 'Object Repository/Generic/MorethanOneRLS' is clicked on

2017-11-20 12:18:51 - [MESSAGE][PASSED] - Delayed 5 second(s)

2017-11-20 12:18:51 - [MESSAGE][PASSED] - Text '85000' is set on object 'Object Repository/ECR/Licence'

2017-11-20 12:18:56 - [MESSAGE][PASSED] - Delayed 5 second(s)

2017-11-20 12:18:56 - [MESSAGE][PASSED] - Object 'Object Repository/Generic/platform' is visible

2017-11-20 12:19:01 - [MESSAGE][PASSED] - Delayed 5 second(s)

2017-11-20 12:19:01 - [MESSAGE][PASSED] - Keys 'AMPchroma' sent to object: 'Object Repository/Generic/PlatformID'

2017-11-20 12:19:02 - [MESSAGE][FAILED] - Unable to set text 'AMPchroma' of object 'Object Repository/Generic/PlatformID' (Root cause: org.openqa.selenium.InvalidElementStateException: invalid element state: Element must be user-editable in order to clear it.
  (Session info: chrome=62.0.3202.94)
  (Driver info: chromedriver=2.33.506120 (e3e53437346286c0bc2d2dc9aa4915ba81d9023f),platform=Windows NT 6.1.7601 SP1 x86_64) (WARNING: The server did not provide any stacktrace information)
Command duration or timeout: 0 milliseconds
Build info: version: '3.7.1', revision: '8a0099a', time: '2017-11-06T21:07:36.161Z'
System info: host: 'L22622WUS', ip: '10.2.176.79', os.name: 'Windows 7', os.arch: 'amd64', os.version: '6.1', java.version: '1.8.0_102'
Driver info: com.kms.katalon.selenium.driver.CChromeDriver
Capabilities {acceptSslCerts: true, applicationCacheEnabled: false, browserConnectionEnabled: false, browserName: chrome, chrome: {chromedriverVersion: 2.33.506120 (e3e53437346286..., userDataDir: C:\Users\nipin\AppData\Loca...}, cssSelectorsEnabled: true, databaseEnabled: false, handlesAlerts: true, hasTouchScreen: false, javascriptEnabled: true, locationContextEnabled: true, mobileEmulationEnabled: false, nativeEvents: true, networkConnectionEnabled: false, pageLoadStrategy: normal, platform: XP, platformName: XP, rotatable: false, setWindowRect: true, takesHeapSnapshot: true, takesScreenshot: true, unexpectedAlertBehaviour: , unhandledPromptBehavior: , version: 62.0.3202.94, webStorageEnabled: true}
Session ID: fbd0d5f08aab32f446e661e25c8b7e86)
[[ATTACHMENT|C:\\Users\\nipin\\Katalon Studio\\COE\\Reports\\ECR_Lite\\20171120_121716\\1511198341686.png]]

2017-11-20 12:19:02 - [MESSAGE][PASSED] - Keys 'AMPchroma' sent to object: 'Object Repository/Generic/PlatformID'

2017-11-20 12:19:02 - [MESSAGE][FAILED] - Unable to set text 'AMPchroma' of object 'Object Repository/Generic/PlatformID' (Root cause: org.openqa.selenium.InvalidElementStateException: invalid element state: Element must be user-editable in order to clear it.
  (Session info: chrome=62.0.3202.94)
  (Driver info: chromedriver=2.33.506120 (e3e53437346286c0bc2d2dc9aa4915ba81d9023f),platform=Windows NT 6.1.7601 SP1 x86_64) (WARNING: The server did not provide any stacktrace information)
Command duration or timeout: 0 milliseconds
Build info: version: '3.7.1', revision: '8a0099a', time: '2017-11-06T21:07:36.161Z'
System info: host: 'L22622WUS', ip: '10.2.176.79', os.name: 'Windows 7', os.arch: 'amd64', os.version: '6.1', java.version: '1.8.0_102'
Driver info: com.kms.katalon.selenium.driver.CChromeDriver
Capabilities {acceptSslCerts: true, applicationCacheEnabled: false, browserConnectionEnabled: false, browserName: chrome, chrome: {chromedriverVersion: 2.33.506120 (e3e53437346286..., userDataDir: C:\Users\nipin\AppData\Loca...}, cssSelectorsEnabled: true, databaseEnabled: false, handlesAlerts: true, hasTouchScreen: false, javascriptEnabled: true, locationContextEnabled: true, mobileEmulationEnabled: false, nativeEvents: true, networkConnectionEnabled: false, pageLoadStrategy: normal, platform: XP, platformName: XP, rotatable: false, setWindowRect: true, takesHeapSnapshot: true, takesScreenshot: true, unexpectedAlertBehaviour: , unhandledPromptBehavior: , version: 62.0.3202.94, webStorageEnabled: true}
Session ID: fbd0d5f08aab32f446e661e25c8b7e86)
[[ATTACHMENT|C:\\Users\\nipin\\Katalon Studio\\COE\\Reports\\ECR_Lite\\20171120_121716\\1511198342208.png]]

2017-11-20 12:19:07 - [MESSAGE][PASSED] - Delayed 5 second(s)

2017-11-20 12:19:07 - [MESSAGE][PASSED] - Keys 'N/A' sent to object: 'Object Repository/Generic/PlatformVersion'

2017-11-20 12:19:08 - [MESSAGE][FAILED] - Unable to set text 'N/A' of object 'Object Repository/Generic/PlatformVersion' (Root cause: org.openqa.selenium.InvalidElementStateException: invalid element state: Element must be user-editable in order to clear it.
  (Session info: chrome=62.0.3202.94)
  (Driver info: chromedriver=2.33.506120 (e3e53437346286c0bc2d2dc9aa4915ba81d9023f),platform=Windows NT 6.1.7601 SP1 x86_64) (WARNING: The server did not provide any stacktrace information)
Command duration or timeout: 0 milliseconds
Build info: version: '3.7.1', revision: '8a0099a', time: '2017-11-06T21:07:36.161Z'
System info: host: 'L22622WUS', ip: '10.2.176.79', os.name: 'Windows 7', os.arch: 'amd64', os.version: '6.1', java.version: '1.8.0_102'
Driver info: com.kms.katalon.selenium.driver.CChromeDriver
Capabilities {acceptSslCerts: true, applicationCacheEnabled: false, browserConnectionEnabled: false, browserName: chrome, chrome: {chromedriverVersion: 2.33.506120 (e3e53437346286..., userDataDir: C:\Users\nipin\AppData\Loca...}, cssSelectorsEnabled: true, databaseEnabled: false, handlesAlerts: true, hasTouchScreen: false, javascriptEnabled: true, locationContextEnabled: true, mobileEmulationEnabled: false, nativeEvents: true, networkConnectionEnabled: false, pageLoadStrategy: normal, platform: XP, platformName: XP, rotatable: false, setWindowRect: true, takesHeapSnapshot: true, takesScreenshot: true, unexpectedAlertBehaviour: , unhandledPromptBehavior: , version: 62.0.3202.94, webStorageEnabled: true}
Session ID: fbd0d5f08aab32f446e661e25c8b7e86)
[[ATTACHMENT|C:\\Users\\nipin\\Katalon Studio\\COE\\Reports\\ECR_Lite\\20171120_121716\\1511198347854.png]]

2017-11-20 12:19:08 - [MESSAGE][PASSED] - Keys 'N/A' sent to object: 'Object Repository/Generic/PlatformVersion'

2017-11-20 12:19:08 - [MESSAGE][FAILED] - Unable to set text 'N/A' of object 'Object Repository/Generic/PlatformVersion' (Root cause: org.openqa.selenium.InvalidElementStateException: invalid element state: Element must be user-editable in order to clear it.
  (Session info: chrome=62.0.3202.94)
  (Driver info: chromedriver=2.33.506120 (e3e53437346286c0bc2d2dc9aa4915ba81d9023f),platform=Windows NT 6.1.7601 SP1 x86_64) (WARNING: The server did not provide any stacktrace information)
Command duration or timeout: 0 milliseconds
Build info: version: '3.7.1', revision: '8a0099a', time: '2017-11-06T21:07:36.161Z'
System info: host: 'L22622WUS', ip: '10.2.176.79', os.name: 'Windows 7', os.arch: 'amd64', os.version: '6.1', java.version: '1.8.0_102'
Driver info: com.kms.katalon.selenium.driver.CChromeDriver
Capabilities {acceptSslCerts: true, applicationCacheEnabled: false, browserConnectionEnabled: false, browserName: chrome, chrome: {chromedriverVersion: 2.33.506120 (e3e53437346286..., userDataDir: C:\Users\nipin\AppData\Loca...}, cssSelectorsEnabled: true, databaseEnabled: false, handlesAlerts: true, hasTouchScreen: false, javascriptEnabled: true, locationContextEnabled: true, mobileEmulationEnabled: false, nativeEvents: true, networkConnectionEnabled: false, pageLoadStrategy: normal, platform: XP, platformName: XP, rotatable: false, setWindowRect: true, takesHeapSnapshot: true, takesScreenshot: true, unexpectedAlertBehaviour: , unhandledPromptBehavior: , version: 62.0.3202.94, webStorageEnabled: true}
Session ID: fbd0d5f08aab32f446e661e25c8b7e86)
[[ATTACHMENT|C:\\Users\\nipin\\Katalon Studio\\COE\\Reports\\ECR_Lite\\20171120_121716\\1511198348371.png]]

2017-11-20 12:19:13 - [MESSAGE][PASSED] - Delayed 5 second(s)

2017-11-20 12:19:13 - [MESSAGE][PASSED] - Object: 'Object Repository/Generic/PlatformTrue' is clicked on

2017-11-20 12:19:18 - [MESSAGE][PASSED] - Delayed 5 second(s)

2017-11-20 12:19:19 - [MESSAGE][PASSED] - Keys 'Jeff Henderson' sent to object: 'Object Repository/EngInfo/PL'

2017-11-20 12:19:24 - [MESSAGE][PASSED] - Delayed 5 second(s)

2017-11-20 12:19:24 - [MESSAGE][PASSED] - Keys 'Robert Higgins' sent to object: 'Object Repository/EngInfo/PLTL'

2017-11-20 12:19:29 - [MESSAGE][PASSED] - Delayed 5 second(s)

2017-11-20 12:19:29 - [MESSAGE][PASSED] - Keys 'Eric Panepinto' sent to object: 'Object Repository/EngInfo/RL'

2017-11-20 12:19:34 - [MESSAGE][PASSED] - Delayed 5 second(s)

2017-11-20 12:19:34 - [MESSAGE][PASSED] - Keys 'Robert Lang' sent to object: 'Object Repository/EngInfo/RD'

2017-11-20 12:19:39 - [MESSAGE][PASSED] - Delayed 5 second(s)

2017-11-20 12:19:40 - [MESSAGE][PASSED] - Scroll to object 'Object Repository/NEXT_BUTTON' successfully

2017-11-20 12:19:40 - [MESSAGE][PASSED] - Object: 'Object Repository/NEXT_BUTTON' is clicked on

2017-11-20 12:19:47 - [MESSAGE][PASSED] - Delayed 7 second(s)

2017-11-20 12:19:47 - [MESSAGE][PASSED] - Scroll to object 'Object Repository/NEXT_BUTTON' successfully

2017-11-20 12:19:47 - [MESSAGE][PASSED] - Object: 'Object Repository/NEXT_BUTTON' is clicked on

2017-11-20 12:19:54 - [MESSAGE][PASSED] - Delayed 7 second(s)

2017-11-20 12:19:54 - [MESSAGE][PASSED] - Wait for page load successfully

2017-11-20 12:19:54 - [MESSAGE][PASSED] - Scroll to object 'Object Repository/Generic/FINISH_BUTTON' successfully

2017-11-20 12:19:54 - [MESSAGE][PASSED] - Object: 'Object Repository/Generic/FINISH_BUTTON' is clicked on

2017-11-20 12:19:59 - [MESSAGE][PASSED] - Delayed 5 second(s)

2017-11-20 12:20:00 - [MESSAGE][PASSED] - Text of object 'Object Repository/WO' is: 'ECR-20Nov2017-16'

2017-11-20 12:20:00 - [MESSAGE][PASSED] - Text of object 'Object Repository/ECR/WOSTATUS' is: 'Pending-RDApproval'

2017-11-20 12:20:00 - [MESSAGE][PASSED] - com.helper.commonfunct.utilities.createECR is PASSED

2017-11-20 12:20:00 - [MESSAGE][PASSED] - Call Test Case 'Test Cases/ECR/REF/ECR_Lite_NoExpertService' successfully

2017-11-20 12:20:00 - [TEST_STEP][FAILED] - callTestCase: Unable to call Test Case with id 'Test Cases/ECR/REF/ECR_Approval_Reject' (Root cause: Call Test Case 'Test Cases/ECR/REF/ECR_Approval_Reject' failed)

2017-11-20 12:20:00 - [TEST_CASE][FAILED] - Test Cases/ECR/REF/ECR_Approval_Reject: Test Cases/ECR/REF/ECR_Approval_Reject FAILED because (of) Unable to click on object 'Object Repository/Approve-Reject/contractlink' (Root cause: org.openqa.selenium.WebDriverException: chrome not reachable
  (Session info: chrome=62.0.3202.94)
  (Driver info: chromedriver=2.33.506120 (e3e53437346286c0bc2d2dc9aa4915ba81d9023f),platform=Windows NT 6.1.7601 SP1 x86_64) (WARNING: The server did not provide any stacktrace information)
Command duration or timeout: 0 milliseconds
Build info: version: '3.7.1', revision: '8a0099a', time: '2017-11-06T21:07:36.161Z'
System info: host: 'L22622WUS', ip: '10.2.176.79', os.name: 'Windows 7', os.arch: 'amd64', os.version: '6.1', java.version: '1.8.0_102'
Driver info: com.kms.katalon.selenium.driver.CChromeDriver
Capabilities {acceptSslCerts: true, applicationCacheEnabled: false, browserConnectionEnabled: false, browserName: chrome, chrome: {chromedriverVersion: 2.33.506120 (e3e53437346286..., userDataDir: C:\Users\nipin\AppData\Loca...}, cssSelectorsEnabled: true, databaseEnabled: false, handlesAlerts: true, hasTouchScreen: false, javascriptEnabled: true, locationContextEnabled: true, mobileEmulationEnabled: false, nativeEvents: true, networkConnectionEnabled: false, pageLoadStrategy: normal, platform: XP, platformName: XP, rotatable: false, setWindowRect: true, takesHeapSnapshot: true, takesScreenshot: true, unexpectedAlertBehaviour: , unhandledPromptBehavior: , version: 62.0.3202.94, webStorageEnabled: true}
Session ID: c63627690cc8c14dd691297e66e273eb
*** Element info: {Using=xpath, value=//nobr//a[contains(.,'Create Contract')]})

2017-11-20 12:20:00 - [TEST_STEP][FAILED] - Statement - While (WOSTATUS.contains("Pending")): Unable to click on object 'Object Repository/Approve-Reject/contractlink' (Root cause: org.openqa.selenium.WebDriverException: chrome not reachable
  (Session info: chrome=62.0.3202.94)
  (Driver info: chromedriver=2.33.506120 (e3e53437346286c0bc2d2dc9aa4915ba81d9023f),platform=Windows NT 6.1.7601 SP1 x86_64) (WARNING: The server did not provide any stacktrace information)
Command duration or timeout: 0 milliseconds
Build info: version: '3.7.1', revision: '8a0099a', time: '2017-11-06T21:07:36.161Z'
System info: host: 'L22622WUS', ip: '10.2.176.79', os.name: 'Windows 7', os.arch: 'amd64', os.version: '6.1', java.version: '1.8.0_102'
Driver info: com.kms.katalon.selenium.driver.CChromeDriver
Capabilities {acceptSslCerts: true, applicationCacheEnabled: false, browserConnectionEnabled: false, browserName: chrome, chrome: {chromedriverVersion: 2.33.506120 (e3e53437346286..., userDataDir: C:\Users\nipin\AppData\Loca...}, cssSelectorsEnabled: true, databaseEnabled: false, handlesAlerts: true, hasTouchScreen: false, javascriptEnabled: true, locationContextEnabled: true, mobileEmulationEnabled: false, nativeEvents: true, networkConnectionEnabled: false, pageLoadStrategy: normal, platform: XP, platformName: XP, rotatable: false, setWindowRect: true, takesHeapSnapshot: true, takesScreenshot: true, unexpectedAlertBehaviour: , unhandledPromptBehavior: , version: 62.0.3202.94, webStorageEnabled: true}
Session ID: c63627690cc8c14dd691297e66e273eb
*** Element info: {Using=xpath, value=//nobr//a[contains(.,'Create Contract')]})

2017-11-20 12:20:00 - [TEST_STEP][PASSED] - Statement - For ([j = 0, j < AssignmentList.size(), (j++)]): com.helper.commonfunct.utilities.WOstatus is PASSED

2017-11-20 12:20:00 - [TEST_STEP][PASSED] - Statement - Status = text: null

2017-11-20 12:20:00 - [TEST_STEP][PASSED] - Statement - println(Status): null

2017-11-20 12:20:00 - [TEST_STEP][PASSED] - Statement - If (Status == "Pending-RDApproval"): com.helper.commonfunct.utilities.WOstatus is PASSED

2017-11-20 12:20:00 - [TEST_STEP][PASSED] - Statement - If (RDReject == false): com.helper.commonfunct.utilities.WOstatus is PASSED

2017-11-20 12:20:00 - [TEST_STEP][PASSED] - Statement - If (Meeting == true): null

2017-11-20 12:20:00 - [TEST_STEP][PASSED] - Statement - Else: com.helper.commonfunct.utilities.WOstatus is PASSED

2017-11-20 12:20:00 - [TEST_STEP][PASSED] - com.helper.commonfunct.utilities.login: com.helper.commonfunct.utilities.login is PASSED

2017-11-20 12:20:00 - [MESSAGE][WARNING] - A browser is already opened. Closing browser and opening a new one

2017-11-20 12:20:03 - [MESSAGE][PASSED] - Browser is opened with url: ''

2017-11-20 12:20:04 - [MESSAGE][PASSED] - Navigate to 'https://vtcpqa2.rpega.com:9030/tcpqa/PRServlet' successfully

2017-11-20 12:20:04 - [MESSAGE][PASSED] - Text 'langr1@pegasystems.com' is set on object 'Object Repository/input_UserIdentifier'

2017-11-20 12:20:04 - [MESSAGE][PASSED] - Text 'install' is set on object 'Object Repository/input_Password'

2017-11-20 12:20:07 - [MESSAGE][PASSED] - Keys 'ENTER + ' sent to object: 'Object Repository/input_Password'

2017-11-20 12:20:07 - [MESSAGE][PASSED] - com.helper.commonfunct.utilities.login is PASSED

2017-11-20 12:20:07 - [TEST_STEP][PASSED] - com.helper.commonfunct.utilities.search: com.helper.commonfunct.utilities.search is PASSED

2017-11-20 12:20:08 - [MESSAGE][PASSED] - Current window maximized

2017-11-20 12:20:13 - [MESSAGE][PASSED] - Delayed 5 second(s)

2017-11-20 12:20:14 - [MESSAGE][PASSED] - Text 'ECR-20Nov2017-16' is set on object 'Object Repository/EngInfo/search'

2017-11-20 12:20:19 - [MESSAGE][PASSED] - Delayed 5 second(s)

2017-11-20 12:20:19 - [MESSAGE][PASSED] - Keys 'ENTER + ' sent to object: 'Object Repository/EngInfo/search'

2017-11-20 12:20:24 - [MESSAGE][PASSED] - Delayed 5 second(s)

2017-11-20 12:20:24 - [MESSAGE][PASSED] - com.helper.commonfunct.utilities.search is PASSED

2017-11-20 12:20:24 - [TEST_STEP][PASSED] - com.helper.commonfunct.utilities.approve: com.helper.commonfunct.utilities.approve is PASSED

2017-11-20 12:20:29 - [MESSAGE][PASSED] - Delayed 5 second(s)

2017-11-20 12:20:29 - [MESSAGE][WARNING] - Timeout '0' is invalid. Using default page load timeout: '30'

2017-11-20 12:20:30 - [MESSAGE][PASSED] - Object: 'Object Repository/Approve-Reject/link_assignment' is clicked on

2017-11-20 12:20:35 - [MESSAGE][PASSED] - Delayed 5 second(s)

2017-11-20 12:20:35 - [MESSAGE][WARNING] - Timeout '0' is invalid. Using default page load timeout: '30'

2017-11-20 12:20:35 - [MESSAGE][PASSED] - Scroll to object 'Object Repository/Approve-Reject/APPROVE_BUTTON' successfully

2017-11-20 12:20:36 - [MESSAGE][PASSED] - Object: 'Object Repository/Approve-Reject/APPROVE_BUTTON' is clicked on

2017-11-20 12:20:41 - [MESSAGE][PASSED] - Delayed 5 second(s)

2017-11-20 12:20:41 - [MESSAGE][PASSED] - Keys 'testing' sent to object: 'Object Repository/Approve-Reject/APPROVE_REJECT_NOTES'

2017-11-20 12:20:46 - [MESSAGE][PASSED] - Delayed 5 second(s)

2017-11-20 12:20:46 - [MESSAGE][WARNING] - Timeout '0' is invalid. Using default page load timeout: '30'

2017-11-20 12:20:46 - [MESSAGE][PASSED] - Scroll to object 'Object Repository/Generic/SUBMIT' successfully

2017-11-20 12:20:46 - [MESSAGE][PASSED] - Object: 'Object Repository/Generic/SUBMIT' is clicked on

2017-11-20 12:20:51 - [MESSAGE][PASSED] - Delayed 5 second(s)

2017-11-20 12:20:51 - [MESSAGE][PASSED] - com.helper.commonfunct.utilities.approve is PASSED

2017-11-20 12:20:51 - [TEST_STEP][PASSED] - com.helper.commonfunct.utilities.WOstatus: com.helper.commonfunct.utilities.WOstatus is PASSED

2017-11-20 12:20:52 - [MESSAGE][PASSED] - Text of object 'Object Repository/ECR/WOSTATUS' is: 'Pending-Approval'

2017-11-20 12:20:52 - [MESSAGE][PASSED] - com.helper.commonfunct.utilities.WOstatus is PASSED

2017-11-20 12:20:52 - [TEST_STEP][PASSED] - Statement - Status = text: null

2017-11-20 12:20:52 - [TEST_STEP][PASSED] - Statement - println(Status): null

2017-11-20 12:20:52 - [TEST_STEP][PASSED] - Statement - If (Status == "Pending-RDApproval"): null

2017-11-20 12:20:52 - [TEST_STEP][PASSED] - Statement - Else If (Status == "Pending-RLApproval"): null

2017-11-20 12:20:52 - [TEST_STEP][PASSED] - Statement - Else If (Status == "Pending-RDDApproval"): null

2017-11-20 12:20:52 - [TEST_STEP][PASSED] - Statement - Else If (Status == "Pending-OPSApproval"): com.helper.commonfunct.utilities.WOstatus is PASSED

2017-11-20 12:20:52 - [TEST_STEP][PASSED] - Statement - If (OpsReject == false): com.helper.commonfunct.utilities.WOstatus is PASSED

2017-11-20 12:20:52 - [TEST_STEP][PASSED] - com.helper.commonfunct.utilities.login: com.helper.commonfunct.utilities.login is PASSED

2017-11-20 12:20:52 - [MESSAGE][WARNING] - A browser is already opened. Closing browser and opening a new one

2017-11-20 12:20:55 - [MESSAGE][PASSED] - Browser is opened with url: ''

2017-11-20 12:20:56 - [MESSAGE][PASSED] - Navigate to 'https://vtcpqa2.rpega.com:9030/tcpqa/PRServlet' successfully

2017-11-20 12:20:56 - [MESSAGE][PASSED] - Text 'pogoa@pegasystems.com' is set on object 'Object Repository/input_UserIdentifier'

2017-11-20 12:20:56 - [MESSAGE][PASSED] - Text 'install' is set on object 'Object Repository/input_Password'

2017-11-20 12:20:59 - [MESSAGE][PASSED] - Keys 'ENTER + ' sent to object: 'Object Repository/input_Password'

2017-11-20 12:20:59 - [MESSAGE][PASSED] - com.helper.commonfunct.utilities.login is PASSED

2017-11-20 12:20:59 - [TEST_STEP][PASSED] - com.helper.commonfunct.utilities.search: com.helper.commonfunct.utilities.search is PASSED

2017-11-20 12:21:01 - [MESSAGE][PASSED] - Current window maximized

2017-11-20 12:21:06 - [MESSAGE][PASSED] - Delayed 5 second(s)

2017-11-20 12:21:07 - [MESSAGE][PASSED] - Text 'ECR-20Nov2017-16' is set on object 'Object Repository/EngInfo/search'

2017-11-20 12:21:12 - [MESSAGE][PASSED] - Delayed 5 second(s)

2017-11-20 12:21:12 - [MESSAGE][PASSED] - Keys 'ENTER + ' sent to object: 'Object Repository/EngInfo/search'

2017-11-20 12:21:17 - [MESSAGE][PASSED] - Delayed 5 second(s)

2017-11-20 12:21:17 - [MESSAGE][PASSED] - com.helper.commonfunct.utilities.search is PASSED

2017-11-20 12:21:17 - [TEST_STEP][PASSED] - com.helper.commonfunct.utilities.gsopsApprove: com.helper.commonfunct.utilities.gsopsApprove is PASSED

2017-11-20 12:21:22 - [MESSAGE][PASSED] - Delayed 5 second(s)

2017-11-20 12:21:22 - [MESSAGE][WARNING] - Timeout '0' is invalid. Using default page load timeout: '30'

2017-11-20 12:21:24 - [MESSAGE][WARNING] - Timeout '0' is invalid. Using default page load timeout: '30'

2017-11-20 12:21:24 - [MESSAGE][PASSED] - Scroll to object 'Object Repository/Approve-Reject/APPROVE_BUTTON' successfully

2017-11-20 12:21:24 - [MESSAGE][PASSED] - Object: 'Object Repository/Approve-Reject/APPROVE_BUTTON' is clicked on

2017-11-20 12:21:29 - [MESSAGE][PASSED] - Delayed 5 second(s)

2017-11-20 12:21:29 - [MESSAGE][PASSED] - Keys 'testing' sent to object: 'Object Repository/Approve-Reject/APPROVE_REJECT_NOTES'

2017-11-20 12:21:34 - [MESSAGE][PASSED] - Delayed 5 second(s)

2017-11-20 12:21:34 - [MESSAGE][WARNING] - Timeout '0' is invalid. Using default page load timeout: '30'

2017-11-20 12:21:35 - [MESSAGE][PASSED] - Scroll to object 'Object Repository/Generic/SUBMIT' successfully

2017-11-20 12:21:35 - [MESSAGE][PASSED] - Object: 'Object Repository/Generic/SUBMIT' is clicked on

2017-11-20 12:21:40 - [MESSAGE][PASSED] - Delayed 5 second(s)

2017-11-20 12:21:40 - [MESSAGE][PASSED] - com.helper.commonfunct.utilities.gsopsApprove is PASSED

2017-11-20 12:21:40 - [TEST_STEP][PASSED] - com.helper.commonfunct.utilities.WOstatus: com.helper.commonfunct.utilities.WOstatus is PASSED

2017-11-20 12:21:40 - [MESSAGE][PASSED] - Text of object 'Object Repository/ECR/WOSTATUS' is: 'Pending-Approval'

2017-11-20 12:21:40 - [MESSAGE][PASSED] - com.helper.commonfunct.utilities.WOstatus is PASSED

2017-11-20 12:21:40 - [TEST_STEP][PASSED] - Statement - For ([j = 0, j < AssignmentList.size(), (j++)]): com.helper.commonfunct.utilities.WOstatus is PASSED

2017-11-20 12:21:40 - [TEST_STEP][PASSED] - Statement - Status = text: null

2017-11-20 12:21:40 - [TEST_STEP][PASSED] - Statement - println(Status): null

2017-11-20 12:21:40 - [TEST_STEP][PASSED] - Statement - If (Status == "Pending-RDApproval"): null

2017-11-20 12:21:40 - [TEST_STEP][PASSED] - Statement - Else If (Status == "Pending-RLApproval"): null

2017-11-20 12:21:40 - [TEST_STEP][PASSED] - Statement - Else If (Status == "Pending-RDDApproval"): com.helper.commonfunct.utilities.WOstatus is PASSED

2017-11-20 12:21:40 - [TEST_STEP][PASSED] - Statement - If (RDD_Reject == false): com.helper.commonfunct.utilities.WOstatus is PASSED

2017-11-20 12:21:40 - [TEST_STEP][PASSED] - com.helper.commonfunct.utilities.login: com.helper.commonfunct.utilities.login is PASSED

2017-11-20 12:21:40 - [MESSAGE][WARNING] - A browser is already opened. Closing browser and opening a new one

2017-11-20 12:21:44 - [MESSAGE][PASSED] - Browser is opened with url: ''

2017-11-20 12:21:44 - [MESSAGE][PASSED] - Navigate to 'https://vtcpqa2.rpega.com:9030/tcpqa/PRServlet' successfully

2017-11-20 12:21:45 - [MESSAGE][PASSED] - Text 'lachd@pegasystems.com' is set on object 'Object Repository/input_UserIdentifier'

2017-11-20 12:21:45 - [MESSAGE][PASSED] - Text 'install' is set on object 'Object Repository/input_Password'

2017-11-20 12:21:48 - [MESSAGE][PASSED] - Keys 'ENTER + ' sent to object: 'Object Repository/input_Password'

2017-11-20 12:21:48 - [MESSAGE][PASSED] - com.helper.commonfunct.utilities.login is PASSED

2017-11-20 12:21:48 - [TEST_STEP][PASSED] - com.helper.commonfunct.utilities.search: com.helper.commonfunct.utilities.search is PASSED

2017-11-20 12:21:49 - [MESSAGE][PASSED] - Current window maximized

2017-11-20 12:21:54 - [MESSAGE][PASSED] - Delayed 5 second(s)

2017-11-20 12:21:55 - [MESSAGE][PASSED] - Text 'ECR-20Nov2017-16' is set on object 'Object Repository/EngInfo/search'

2017-11-20 12:22:00 - [MESSAGE][PASSED] - Delayed 5 second(s)

2017-11-20 12:22:00 - [MESSAGE][PASSED] - Keys 'ENTER + ' sent to object: 'Object Repository/EngInfo/search'

2017-11-20 12:22:05 - [MESSAGE][PASSED] - Delayed 5 second(s)

2017-11-20 12:22:05 - [MESSAGE][PASSED] - com.helper.commonfunct.utilities.search is PASSED

2017-11-20 12:22:05 - [TEST_STEP][PASSED] - com.helper.commonfunct.utilities.approve: com.helper.commonfunct.utilities.approve is PASSED

2017-11-20 12:22:10 - [MESSAGE][PASSED] - Delayed 5 second(s)

2017-11-20 12:22:10 - [MESSAGE][WARNING] - Timeout '0' is invalid. Using default page load timeout: '30'

2017-11-20 12:22:11 - [MESSAGE][PASSED] - Object: 'Object Repository/Approve-Reject/link_assignment' is clicked on

2017-11-20 12:22:16 - [MESSAGE][PASSED] - Delayed 5 second(s)

2017-11-20 12:22:16 - [MESSAGE][WARNING] - Timeout '0' is invalid. Using default page load timeout: '30'

2017-11-20 12:22:16 - [MESSAGE][PASSED] - Scroll to object 'Object Repository/Approve-Reject/APPROVE_BUTTON' successfully

2017-11-20 12:22:17 - [MESSAGE][PASSED] - Object: 'Object Repository/Approve-Reject/APPROVE_BUTTON' is clicked on

2017-11-20 12:22:22 - [MESSAGE][PASSED] - Delayed 5 second(s)

2017-11-20 12:22:22 - [MESSAGE][PASSED] - Keys 'testing' sent to object: 'Object Repository/Approve-Reject/APPROVE_REJECT_NOTES'

2017-11-20 12:22:27 - [MESSAGE][PASSED] - Delayed 5 second(s)

2017-11-20 12:22:27 - [MESSAGE][WARNING] - Timeout '0' is invalid. Using default page load timeout: '30'

2017-11-20 12:22:27 - [MESSAGE][PASSED] - Scroll to object 'Object Repository/Generic/SUBMIT' successfully

2017-11-20 12:22:27 - [MESSAGE][PASSED] - Object: 'Object Repository/Generic/SUBMIT' is clicked on

2017-11-20 12:22:32 - [MESSAGE][PASSED] - Delayed 5 second(s)

2017-11-20 12:22:32 - [MESSAGE][PASSED] - com.helper.commonfunct.utilities.approve is PASSED

2017-11-20 12:22:32 - [TEST_STEP][PASSED] - com.helper.commonfunct.utilities.WOstatus: com.helper.commonfunct.utilities.WOstatus is PASSED

2017-11-20 12:22:32 - [MESSAGE][PASSED] - Text of object 'Object Repository/ECR/WOSTATUS' is: 'Pending-Approval'

2017-11-20 12:22:32 - [MESSAGE][PASSED] - com.helper.commonfunct.utilities.WOstatus is PASSED

2017-11-20 12:22:32 - [TEST_STEP][PASSED] - Statement - For ([j = 0, j < AssignmentList.size(), (j++)]): com.helper.commonfunct.utilities.WOstatus is PASSED

2017-11-20 12:22:32 - [TEST_STEP][PASSED] - Statement - Status = text: null

2017-11-20 12:22:32 - [TEST_STEP][PASSED] - Statement - println(Status): null

2017-11-20 12:22:32 - [TEST_STEP][PASSED] - Statement - If (Status == "Pending-RDApproval"): null

2017-11-20 12:22:32 - [TEST_STEP][PASSED] - Statement - Else If (Status == "Pending-RLApproval"): null

2017-11-20 12:22:32 - [TEST_STEP][PASSED] - Statement - Else If (Status == "Pending-RDDApproval"): null

2017-11-20 12:22:32 - [TEST_STEP][PASSED] - Statement - Else If (Status == "Pending-OPSApproval"): null

2017-11-20 12:22:32 - [TEST_STEP][PASSED] - Statement - Else If (Status == "Pending-ExpSvcApproval"): com.helper.commonfunct.utilities.WOstatus is PASSED

2017-11-20 12:22:32 - [TEST_STEP][PASSED] - Statement - If (EXP_SVC_Reject == false): com.helper.commonfunct.utilities.WOstatus is PASSED

2017-11-20 12:22:32 - [TEST_STEP][PASSED] - com.helper.commonfunct.utilities.login: com.helper.commonfunct.utilities.login is PASSED

2017-11-20 12:22:32 - [MESSAGE][WARNING] - A browser is already opened. Closing browser and opening a new one

2017-11-20 12:22:35 - [MESSAGE][PASSED] - Browser is opened with url: ''

2017-11-20 12:22:36 - [MESSAGE][PASSED] - Navigate to 'https://vtcpqa2.rpega.com:9030/tcpqa/PRServlet' successfully

2017-11-20 12:22:37 - [MESSAGE][PASSED] - Text 'sachb@pegasystems.com' is set on object 'Object Repository/input_UserIdentifier'

2017-11-20 12:22:37 - [MESSAGE][PASSED] - Text 'install' is set on object 'Object Repository/input_Password'

2017-11-20 12:22:40 - [MESSAGE][PASSED] - Keys 'ENTER + ' sent to object: 'Object Repository/input_Password'

2017-11-20 12:22:40 - [MESSAGE][PASSED] - com.helper.commonfunct.utilities.login is PASSED

2017-11-20 12:22:40 - [TEST_STEP][PASSED] - com.helper.commonfunct.utilities.search: com.helper.commonfunct.utilities.search is PASSED

2017-11-20 12:22:41 - [MESSAGE][PASSED] - Current window maximized

2017-11-20 12:22:46 - [MESSAGE][PASSED] - Delayed 5 second(s)

2017-11-20 12:22:46 - [MESSAGE][PASSED] - Text 'ECR-20Nov2017-16' is set on object 'Object Repository/EngInfo/search'

2017-11-20 12:22:51 - [MESSAGE][PASSED] - Delayed 5 second(s)

2017-11-20 12:22:51 - [MESSAGE][PASSED] - Keys 'ENTER + ' sent to object: 'Object Repository/EngInfo/search'

2017-11-20 12:22:56 - [MESSAGE][PASSED] - Delayed 5 second(s)

2017-11-20 12:22:56 - [MESSAGE][PASSED] - com.helper.commonfunct.utilities.search is PASSED

2017-11-20 12:22:56 - [TEST_STEP][PASSED] - com.helper.commonfunct.utilities.approve: com.helper.commonfunct.utilities.approve is PASSED

2017-11-20 12:23:01 - [MESSAGE][PASSED] - Delayed 5 second(s)

2017-11-20 12:23:01 - [MESSAGE][WARNING] - Timeout '0' is invalid. Using default page load timeout: '30'

2017-11-20 12:23:02 - [MESSAGE][PASSED] - Object: 'Object Repository/Approve-Reject/link_assignment' is clicked on

2017-11-20 12:23:07 - [MESSAGE][PASSED] - Delayed 5 second(s)

2017-11-20 12:23:07 - [MESSAGE][WARNING] - Timeout '0' is invalid. Using default page load timeout: '30'

2017-11-20 12:23:08 - [MESSAGE][PASSED] - Scroll to object 'Object Repository/Approve-Reject/APPROVE_BUTTON' successfully

2017-11-20 12:23:08 - [MESSAGE][PASSED] - Object: 'Object Repository/Approve-Reject/APPROVE_BUTTON' is clicked on

2017-11-20 12:23:13 - [MESSAGE][PASSED] - Delayed 5 second(s)

2017-11-20 12:23:13 - [MESSAGE][PASSED] - Keys 'testing' sent to object: 'Object Repository/Approve-Reject/APPROVE_REJECT_NOTES'

2017-11-20 12:23:18 - [MESSAGE][PASSED] - Delayed 5 second(s)

2017-11-20 12:23:18 - [MESSAGE][WARNING] - Timeout '0' is invalid. Using default page load timeout: '30'

2017-11-20 12:23:18 - [MESSAGE][PASSED] - Scroll to object 'Object Repository/Generic/SUBMIT' successfully

2017-11-20 12:23:18 - [MESSAGE][PASSED] - Object: 'Object Repository/Generic/SUBMIT' is clicked on

2017-11-20 12:23:23 - [MESSAGE][PASSED] - Delayed 5 second(s)

2017-11-20 12:23:23 - [MESSAGE][PASSED] - com.helper.commonfunct.utilities.approve is PASSED

2017-11-20 12:23:23 - [TEST_STEP][PASSED] - com.helper.commonfunct.utilities.WOstatus: com.helper.commonfunct.utilities.WOstatus is PASSED

2017-11-20 12:23:23 - [MESSAGE][PASSED] - Text of object 'Object Repository/ECR/WOSTATUS' is: 'Pending-Contract'

2017-11-20 12:23:23 - [MESSAGE][PASSED] - com.helper.commonfunct.utilities.WOstatus is PASSED

2017-11-20 12:23:23 - [TEST_STEP][FAILED] - Statement - For ([j = 0, j < AssignmentList.size(), (j++)]): Unable to click on object 'Object Repository/Approve-Reject/contractlink' (Root cause: org.openqa.selenium.WebDriverException: chrome not reachable
  (Session info: chrome=62.0.3202.94)
  (Driver info: chromedriver=2.33.506120 (e3e53437346286c0bc2d2dc9aa4915ba81d9023f),platform=Windows NT 6.1.7601 SP1 x86_64) (WARNING: The server did not provide any stacktrace information)
Command duration or timeout: 0 milliseconds
Build info: version: '3.7.1', revision: '8a0099a', time: '2017-11-06T21:07:36.161Z'
System info: host: 'L22622WUS', ip: '10.2.176.79', os.name: 'Windows 7', os.arch: 'amd64', os.version: '6.1', java.version: '1.8.0_102'
Driver info: com.kms.katalon.selenium.driver.CChromeDriver
Capabilities {acceptSslCerts: true, applicationCacheEnabled: false, browserConnectionEnabled: false, browserName: chrome, chrome: {chromedriverVersion: 2.33.506120 (e3e53437346286..., userDataDir: C:\Users\nipin\AppData\Loca...}, cssSelectorsEnabled: true, databaseEnabled: false, handlesAlerts: true, hasTouchScreen: false, javascriptEnabled: true, locationContextEnabled: true, mobileEmulationEnabled: false, nativeEvents: true, networkConnectionEnabled: false, pageLoadStrategy: normal, platform: XP, platformName: XP, rotatable: false, setWindowRect: true, takesHeapSnapshot: true, takesScreenshot: true, unexpectedAlertBehaviour: , unhandledPromptBehavior: , version: 62.0.3202.94, webStorageEnabled: true}
Session ID: c63627690cc8c14dd691297e66e273eb
*** Element info: {Using=xpath, value=//nobr//a[contains(.,'Create Contract')]})

2017-11-20 12:23:23 - [TEST_STEP][PASSED] - Statement - Status = text: null

2017-11-20 12:23:24 - [TEST_STEP][PASSED] - Statement - println(Status): null

2017-11-20 12:23:24 - [TEST_STEP][PASSED] - Statement - If (Status == "Pending-RDApproval"): null

2017-11-20 12:23:24 - [TEST_STEP][PASSED] - Statement - Else If (Status == "Pending-RLApproval"): null

2017-11-20 12:23:24 - [TEST_STEP][PASSED] - Statement - Else If (Status == "Pending-RDDApproval"): null

2017-11-20 12:23:24 - [TEST_STEP][PASSED] - Statement - Else If (Status == "Pending-OPSApproval"): null

2017-11-20 12:23:24 - [TEST_STEP][PASSED] - Statement - Else If (Status == "Pending-ExpSvcApproval"): null

2017-11-20 12:23:24 - [TEST_STEP][PASSED] - Statement - Else If (Status == "Pending-DocUpdate"): null

2017-11-20 12:23:24 - [TEST_STEP][FAILED] - Statement - Else If (Status == "Pending-Contract"): Unable to click on object 'Object Repository/Approve-Reject/contractlink' (Root cause: org.openqa.selenium.WebDriverException: chrome not reachable
  (Session info: chrome=62.0.3202.94)
  (Driver info: chromedriver=2.33.506120 (e3e53437346286c0bc2d2dc9aa4915ba81d9023f),platform=Windows NT 6.1.7601 SP1 x86_64) (WARNING: The server did not provide any stacktrace information)
Command duration or timeout: 0 milliseconds
Build info: version: '3.7.1', revision: '8a0099a', time: '2017-11-06T21:07:36.161Z'
System info: host: 'L22622WUS', ip: '10.2.176.79', os.name: 'Windows 7', os.arch: 'amd64', os.version: '6.1', java.version: '1.8.0_102'
Driver info: com.kms.katalon.selenium.driver.CChromeDriver
Capabilities {acceptSslCerts: true, applicationCacheEnabled: false, browserConnectionEnabled: false, browserName: chrome, chrome: {chromedriverVersion: 2.33.506120 (e3e53437346286..., userDataDir: C:\Users\nipin\AppData\Loca...}, cssSelectorsEnabled: true, databaseEnabled: false, handlesAlerts: true, hasTouchScreen: false, javascriptEnabled: true, locationContextEnabled: true, mobileEmulationEnabled: false, nativeEvents: true, networkConnectionEnabled: false, pageLoadStrategy: normal, platform: XP, platformName: XP, rotatable: false, setWindowRect: true, takesHeapSnapshot: true, takesScreenshot: true, unexpectedAlertBehaviour: , unhandledPromptBehavior: , version: 62.0.3202.94, webStorageEnabled: true}
Session ID: c63627690cc8c14dd691297e66e273eb
*** Element info: {Using=xpath, value=//nobr//a[contains(.,'Create Contract')]})

2017-11-20 12:23:24 - [TEST_STEP][PASSED] - com.helper.commonfunct.utilities.login: com.helper.commonfunct.utilities.login is PASSED

2017-11-20 12:23:24 - [MESSAGE][WARNING] - A browser is already opened. Closing browser and opening a new one

2017-11-20 12:23:27 - [MESSAGE][PASSED] - Browser is opened with url: ''

2017-11-20 12:23:28 - [MESSAGE][PASSED] - Navigate to 'https://vtcpqa2.rpega.com:9030/tcpqa/PRServlet' successfully

2017-11-20 12:23:28 - [MESSAGE][PASSED] - Text 'hendj@pegasystems.com' is set on object 'Object Repository/input_UserIdentifier'

2017-11-20 12:23:29 - [MESSAGE][PASSED] - Text 'install' is set on object 'Object Repository/input_Password'

2017-11-20 12:23:32 - [MESSAGE][PASSED] - Keys 'ENTER + ' sent to object: 'Object Repository/input_Password'

2017-11-20 12:23:32 - [MESSAGE][PASSED] - com.helper.commonfunct.utilities.login is PASSED

2017-11-20 12:23:32 - [TEST_STEP][PASSED] - com.helper.commonfunct.utilities.search: com.helper.commonfunct.utilities.search is PASSED

2017-11-20 12:23:33 - [MESSAGE][PASSED] - Current window maximized

2017-11-20 12:23:38 - [MESSAGE][PASSED] - Delayed 5 second(s)

2017-11-20 12:23:39 - [MESSAGE][PASSED] - Text 'ECR-20Nov2017-16' is set on object 'Object Repository/EngInfo/search'

2017-11-20 12:23:44 - [MESSAGE][PASSED] - Delayed 5 second(s)

2017-11-20 12:23:44 - [MESSAGE][PASSED] - Keys 'ENTER + ' sent to object: 'Object Repository/EngInfo/search'

2017-11-20 12:23:49 - [MESSAGE][PASSED] - Delayed 5 second(s)

2017-11-20 12:23:49 - [MESSAGE][PASSED] - com.helper.commonfunct.utilities.search is PASSED

2017-11-20 12:23:49 - [TEST_STEP][PASSED] - maximizeWindow: Current window maximized

2017-11-20 12:23:49 - [MESSAGE][PASSED] - Current window maximized

2017-11-20 12:23:49 - [TEST_STEP][FAILED] - com.helper.commonfunct.utilities.ContractDisposition: Unable to click on object 'Object Repository/Approve-Reject/contractlink' (Root cause: org.openqa.selenium.WebDriverException: chrome not reachable
  (Session info: chrome=62.0.3202.94)
  (Driver info: chromedriver=2.33.506120 (e3e53437346286c0bc2d2dc9aa4915ba81d9023f),platform=Windows NT 6.1.7601 SP1 x86_64) (WARNING: The server did not provide any stacktrace information)
Command duration or timeout: 0 milliseconds
Build info: version: '3.7.1', revision: '8a0099a', time: '2017-11-06T21:07:36.161Z'
System info: host: 'L22622WUS', ip: '10.2.176.79', os.name: 'Windows 7', os.arch: 'amd64', os.version: '6.1', java.version: '1.8.0_102'
Driver info: com.kms.katalon.selenium.driver.CChromeDriver
Capabilities {acceptSslCerts: true, applicationCacheEnabled: false, browserConnectionEnabled: false, browserName: chrome, chrome: {chromedriverVersion: 2.33.506120 (e3e53437346286..., userDataDir: C:\Users\nipin\AppData\Loca...}, cssSelectorsEnabled: true, databaseEnabled: false, handlesAlerts: true, hasTouchScreen: false, javascriptEnabled: true, locationContextEnabled: true, mobileEmulationEnabled: false, nativeEvents: true, networkConnectionEnabled: false, pageLoadStrategy: normal, platform: XP, platformName: XP, rotatable: false, setWindowRect: true, takesHeapSnapshot: true, takesScreenshot: true, unexpectedAlertBehaviour: , unhandledPromptBehavior: , version: 62.0.3202.94, webStorageEnabled: true}
Session ID: c63627690cc8c14dd691297e66e273eb
*** Element info: {Using=xpath, value=//nobr//a[contains(.,'Create Contract')]})

2017-11-20 12:23:54 - [MESSAGE][PASSED] - Delayed 5 second(s)

2017-11-20 12:23:54 - [MESSAGE][WARNING] - Timeout '0' is invalid. Using default page load timeout: '30'

2017-11-20 12:24:33 - [MESSAGE][WARNING] - Cannot take screenshot

2017-11-20 12:24:33 - [MESSAGE][FAILED] - Unable to click on object 'Object Repository/Approve-Reject/contractlink' (Root cause: org.openqa.selenium.WebDriverException: chrome not reachable
  (Session info: chrome=62.0.3202.94)
  (Driver info: chromedriver=2.33.506120 (e3e53437346286c0bc2d2dc9aa4915ba81d9023f),platform=Windows NT 6.1.7601 SP1 x86_64) (WARNING: The server did not provide any stacktrace information)
Command duration or timeout: 0 milliseconds
Build info: version: '3.7.1', revision: '8a0099a', time: '2017-11-06T21:07:36.161Z'
System info: host: 'L22622WUS', ip: '10.2.176.79', os.name: 'Windows 7', os.arch: 'amd64', os.version: '6.1', java.version: '1.8.0_102'
Driver info: com.kms.katalon.selenium.driver.CChromeDriver
Capabilities {acceptSslCerts: true, applicationCacheEnabled: false, browserConnectionEnabled: false, browserName: chrome, chrome: {chromedriverVersion: 2.33.506120 (e3e53437346286..., userDataDir: C:\Users\nipin\AppData\Loca...}, cssSelectorsEnabled: true, databaseEnabled: false, handlesAlerts: true, hasTouchScreen: false, javascriptEnabled: true, locationContextEnabled: true, mobileEmulationEnabled: false, nativeEvents: true, networkConnectionEnabled: false, pageLoadStrategy: normal, platform: XP, platformName: XP, rotatable: false, setWindowRect: true, takesHeapSnapshot: true, takesScreenshot: true, unexpectedAlertBehaviour: , unhandledPromptBehavior: , version: 62.0.3202.94, webStorageEnabled: true}
Session ID: c63627690cc8c14dd691297e66e273eb
*** Element info: {Using=xpath, value=//nobr//a[contains(.,'Create Contract')]})

2017-11-20 12:24:33 - [MESSAGE][FAILED] - Unable to click on object 'Object Repository/Approve-Reject/contractlink' (Root cause: org.openqa.selenium.WebDriverException: chrome not reachable
  (Session info: chrome=62.0.3202.94)
  (Driver info: chromedriver=2.33.506120 (e3e53437346286c0bc2d2dc9aa4915ba81d9023f),platform=Windows NT 6.1.7601 SP1 x86_64) (WARNING: The server did not provide any stacktrace information)
Command duration or timeout: 0 milliseconds
Build info: version: '3.7.1', revision: '8a0099a', time: '2017-11-06T21:07:36.161Z'
System info: host: 'L22622WUS', ip: '10.2.176.79', os.name: 'Windows 7', os.arch: 'amd64', os.version: '6.1', java.version: '1.8.0_102'
Driver info: com.kms.katalon.selenium.driver.CChromeDriver
Capabilities {acceptSslCerts: true, applicationCacheEnabled: false, browserConnectionEnabled: false, browserName: chrome, chrome: {chromedriverVersion: 2.33.506120 (e3e53437346286..., userDataDir: C:\Users\nipin\AppData\Loca...}, cssSelectorsEnabled: true, databaseEnabled: false, handlesAlerts: true, hasTouchScreen: false, javascriptEnabled: true, locationContextEnabled: true, mobileEmulationEnabled: false, nativeEvents: true, networkConnectionEnabled: false, pageLoadStrategy: normal, platform: XP, platformName: XP, rotatable: false, setWindowRect: true, takesHeapSnapshot: true, takesScreenshot: true, unexpectedAlertBehaviour: , unhandledPromptBehavior: , version: 62.0.3202.94, webStorageEnabled: true}
Session ID: c63627690cc8c14dd691297e66e273eb
*** Element info: {Using=xpath, value=//nobr//a[contains(.,'Create Contract')]})

2017-11-20 12:24:33 - [MESSAGE][FAILED] - Unable to call Test Case with id 'Test Cases/ECR/REF/ECR_Approval_Reject' (Root cause: Call Test Case 'Test Cases/ECR/REF/ECR_Approval_Reject' failed)]]></system-out>
         <system-err><![CDATA[2017-11-20 12:17:19 - [TEST_CASE][FAILED] - Test Cases/ECR/TC_ECRLite_NoExpertService_AllApproval: Test Cases/ECR/TC_ECRLite_NoExpertService_AllApproval FAILED because (of) Unable to click on object 'Object Repository/Approve-Reject/contractlink' (Root cause: org.openqa.selenium.WebDriverException: chrome not reachable
  (Session info: chrome=62.0.3202.94)
  (Driver info: chromedriver=2.33.506120 (e3e53437346286c0bc2d2dc9aa4915ba81d9023f),platform=Windows NT 6.1.7601 SP1 x86_64) (WARNING: The server did not provide any stacktrace information)
Command duration or timeout: 0 milliseconds
Build info: version: '3.7.1', revision: '8a0099a', time: '2017-11-06T21:07:36.161Z'
System info: host: 'L22622WUS', ip: '10.2.176.79', os.name: 'Windows 7', os.arch: 'amd64', os.version: '6.1', java.version: '1.8.0_102'
Driver info: com.kms.katalon.selenium.driver.CChromeDriver
Capabilities {acceptSslCerts: true, applicationCacheEnabled: false, browserConnectionEnabled: false, browserName: chrome, chrome: {chromedriverVersion: 2.33.506120 (e3e53437346286..., userDataDir: C:\Users\nipin\AppData\Loca...}, cssSelectorsEnabled: true, databaseEnabled: false, handlesAlerts: true, hasTouchScreen: false, javascriptEnabled: true, locationContextEnabled: true, mobileEmulationEnabled: false, nativeEvents: true, networkConnectionEnabled: false, pageLoadStrategy: normal, platform: XP, platformName: XP, rotatable: false, setWindowRect: true, takesHeapSnapshot: true, takesScreenshot: true, unexpectedAlertBehaviour: , unhandledPromptBehavior: , version: 62.0.3202.94, webStorageEnabled: true}
Session ID: c63627690cc8c14dd691297e66e273eb
*** Element info: {Using=xpath, value=//nobr//a[contains(.,'Create Contract')]})]]></system-err>
      </testcase>
      <testcase name="Test Cases/ECR/TC_ECRLite_NoExpertService_AllReject" classname="Test Cases/ECR/TC_ECRLite_NoExpertService_AllReject" status="FAILED">
         <failure type="FAILED" message="Unable to scroll to object 'Object Repository/NEXT_BUTTON' (Root cause: org.openqa.selenium.UnhandledAlertException: unexpected alert open: {Alert text : Please correct flagged fields before submitting the form!}
  (Session info: chrome=62.0.3202.94)
  (Driver info: chromedriver=2.33.506120 (e3e53437346286c0bc2d2dc9aa4915ba81d9023f),platform=Windows NT 6.1.7601 SP1 x86_64) (WARNING: The server did not provide any stacktrace information)
Command duration or timeout: 0 milliseconds: null
Build info: version: '3.7.1', revision: '8a0099a', time: '2017-11-06T21:07:36.161Z'
System info: host: 'L22622WUS', ip: '10.2.176.79', os.name: 'Windows 7', os.arch: 'amd64', os.version: '6.1', java.version: '1.8.0_102'
Driver info: com.kms.katalon.selenium.driver.CChromeDriver
Capabilities {acceptSslCerts: true, applicationCacheEnabled: false, browserConnectionEnabled: false, browserName: chrome, chrome: {chromedriverVersion: 2.33.506120 (e3e53437346286..., userDataDir: C:\Users\nipin\AppData\Loca...}, cssSelectorsEnabled: true, databaseEnabled: false, handlesAlerts: true, hasTouchScreen: false, javascriptEnabled: true, locationContextEnabled: true, mobileEmulationEnabled: false, nativeEvents: true, networkConnectionEnabled: false, pageLoadStrategy: normal, platform: XP, platformName: XP, rotatable: false, setWindowRect: true, takesHeapSnapshot: true, takesScreenshot: true, unexpectedAlertBehaviour: , unhandledPromptBehavior: , version: 62.0.3202.94, webStorageEnabled: true}
Session ID: f7d968b25c1e8b2e48506c58173b912d
*** Element info: {Using=xpath, value=//button[@title='Move to the next screen'][count(. | //*[@data-test-id = '20150226064347057917526']) = count(//*[@data-test-id = '20150226064347057917526'])][count(. | //*[@class = 'COE_Standard pzhc']) = count(//*[@class = 'COE_Standard pzhc'])]})"/>
         <system-out><![CDATA[2017-11-20 12:24:33 - [TEST_CASE][FAILED] - Test Cases/ECR/TC_ECRLite_NoExpertService_AllReject: Test Cases/ECR/TC_ECRLite_NoExpertService_AllReject FAILED because (of) Unable to scroll to object 'Object Repository/NEXT_BUTTON' (Root cause: org.openqa.selenium.UnhandledAlertException: unexpected alert open: {Alert text : Please correct flagged fields before submitting the form!}
  (Session info: chrome=62.0.3202.94)
  (Driver info: chromedriver=2.33.506120 (e3e53437346286c0bc2d2dc9aa4915ba81d9023f),platform=Windows NT 6.1.7601 SP1 x86_64) (WARNING: The server did not provide any stacktrace information)
Command duration or timeout: 0 milliseconds: null
Build info: version: '3.7.1', revision: '8a0099a', time: '2017-11-06T21:07:36.161Z'
System info: host: 'L22622WUS', ip: '10.2.176.79', os.name: 'Windows 7', os.arch: 'amd64', os.version: '6.1', java.version: '1.8.0_102'
Driver info: com.kms.katalon.selenium.driver.CChromeDriver
Capabilities {acceptSslCerts: true, applicationCacheEnabled: false, browserConnectionEnabled: false, browserName: chrome, chrome: {chromedriverVersion: 2.33.506120 (e3e53437346286..., userDataDir: C:\Users\nipin\AppData\Loca...}, cssSelectorsEnabled: true, databaseEnabled: false, handlesAlerts: true, hasTouchScreen: false, javascriptEnabled: true, locationContextEnabled: true, mobileEmulationEnabled: false, nativeEvents: true, networkConnectionEnabled: false, pageLoadStrategy: normal, platform: XP, platformName: XP, rotatable: false, setWindowRect: true, takesHeapSnapshot: true, takesScreenshot: true, unexpectedAlertBehaviour: , unhandledPromptBehavior: , version: 62.0.3202.94, webStorageEnabled: true}
Session ID: f7d968b25c1e8b2e48506c58173b912d
*** Element info: {Using=xpath, value=//button[@title='Move to the next screen'][count(. | //*[@data-test-id = '20150226064347057917526']) = count(//*[@data-test-id = '20150226064347057917526'])][count(. | //*[@class = 'COE_Standard pzhc']) = count(//*[@class = 'COE_Standard pzhc'])]})

2017-11-20 12:24:33 - [TEST_STEP][FAILED] - callTestCase: Unable to call Test Case with id 'Test Cases/ECR/REF/ECR_Lite_NoExpertService' (Root cause: Call Test Case 'Test Cases/ECR/REF/ECR_Lite_NoExpertService' failed)

2017-11-20 12:24:33 - [TEST_CASE][FAILED] - Test Cases/ECR/REF/ECR_Lite_NoExpertService: Test Cases/ECR/REF/ECR_Lite_NoExpertService FAILED because (of) Unable to scroll to object 'Object Repository/NEXT_BUTTON' (Root cause: org.openqa.selenium.UnhandledAlertException: unexpected alert open: {Alert text : Please correct flagged fields before submitting the form!}
  (Session info: chrome=62.0.3202.94)
  (Driver info: chromedriver=2.33.506120 (e3e53437346286c0bc2d2dc9aa4915ba81d9023f),platform=Windows NT 6.1.7601 SP1 x86_64) (WARNING: The server did not provide any stacktrace information)
Command duration or timeout: 0 milliseconds: null
Build info: version: '3.7.1', revision: '8a0099a', time: '2017-11-06T21:07:36.161Z'
System info: host: 'L22622WUS', ip: '10.2.176.79', os.name: 'Windows 7', os.arch: 'amd64', os.version: '6.1', java.version: '1.8.0_102'
Driver info: com.kms.katalon.selenium.driver.CChromeDriver
Capabilities {acceptSslCerts: true, applicationCacheEnabled: false, browserConnectionEnabled: false, browserName: chrome, chrome: {chromedriverVersion: 2.33.506120 (e3e53437346286..., userDataDir: C:\Users\nipin\AppData\Loca...}, cssSelectorsEnabled: true, databaseEnabled: false, handlesAlerts: true, hasTouchScreen: false, javascriptEnabled: true, locationContextEnabled: true, mobileEmulationEnabled: false, nativeEvents: true, networkConnectionEnabled: false, pageLoadStrategy: normal, platform: XP, platformName: XP, rotatable: false, setWindowRect: true, takesHeapSnapshot: true, takesScreenshot: true, unexpectedAlertBehaviour: , unhandledPromptBehavior: , version: 62.0.3202.94, webStorageEnabled: true}
Session ID: f7d968b25c1e8b2e48506c58173b912d
*** Element info: {Using=xpath, value=//button[@title='Move to the next screen'][count(. | //*[@data-test-id = '20150226064347057917526']) = count(//*[@data-test-id = '20150226064347057917526'])][count(. | //*[@class = 'COE_Standard pzhc']) = count(//*[@class = 'COE_Standard pzhc'])]})

2017-11-20 12:24:33 - [TEST_STEP][PASSED] - com.helper.commonfunct.utilities.login: com.helper.commonfunct.utilities.login is PASSED

2017-11-20 12:24:33 - [MESSAGE][WARNING] - A browser is already opened. Closing browser and opening a new one

2017-11-20 12:24:36 - [MESSAGE][PASSED] - Browser is opened with url: ''

2017-11-20 12:24:37 - [MESSAGE][PASSED] - Navigate to 'https://vtcpqa2.rpega.com:9030/tcpqa/PRServlet' successfully

2017-11-20 12:24:37 - [MESSAGE][PASSED] - Text 'pogoa@pegasystems.com' is set on object 'Object Repository/input_UserIdentifier'

2017-11-20 12:24:38 - [MESSAGE][PASSED] - Text 'install' is set on object 'Object Repository/input_Password'

2017-11-20 12:24:42 - [MESSAGE][PASSED] - Keys 'ENTER + ' sent to object: 'Object Repository/input_Password'

2017-11-20 12:24:42 - [MESSAGE][PASSED] - com.helper.commonfunct.utilities.login is PASSED

2017-11-20 12:24:42 - [TEST_STEP][FAILED] - com.helper.commonfunct.utilities.createECR: Unable to scroll to object 'Object Repository/NEXT_BUTTON' (Root cause: org.openqa.selenium.UnhandledAlertException: unexpected alert open: {Alert text : Please correct flagged fields before submitting the form!}
  (Session info: chrome=62.0.3202.94)
  (Driver info: chromedriver=2.33.506120 (e3e53437346286c0bc2d2dc9aa4915ba81d9023f),platform=Windows NT 6.1.7601 SP1 x86_64) (WARNING: The server did not provide any stacktrace information)
Command duration or timeout: 0 milliseconds: null
Build info: version: '3.7.1', revision: '8a0099a', time: '2017-11-06T21:07:36.161Z'
System info: host: 'L22622WUS', ip: '10.2.176.79', os.name: 'Windows 7', os.arch: 'amd64', os.version: '6.1', java.version: '1.8.0_102'
Driver info: com.kms.katalon.selenium.driver.CChromeDriver
Capabilities {acceptSslCerts: true, applicationCacheEnabled: false, browserConnectionEnabled: false, browserName: chrome, chrome: {chromedriverVersion: 2.33.506120 (e3e53437346286..., userDataDir: C:\Users\nipin\AppData\Loca...}, cssSelectorsEnabled: true, databaseEnabled: false, handlesAlerts: true, hasTouchScreen: false, javascriptEnabled: true, locationContextEnabled: true, mobileEmulationEnabled: false, nativeEvents: true, networkConnectionEnabled: false, pageLoadStrategy: normal, platform: XP, platformName: XP, rotatable: false, setWindowRect: true, takesHeapSnapshot: true, takesScreenshot: true, unexpectedAlertBehaviour: , unhandledPromptBehavior: , version: 62.0.3202.94, webStorageEnabled: true}
Session ID: f7d968b25c1e8b2e48506c58173b912d
*** Element info: {Using=xpath, value=//button[@title='Move to the next screen'][count(. | //*[@data-test-id = '20150226064347057917526']) = count(//*[@data-test-id = '20150226064347057917526'])][count(. | //*[@class = 'COE_Standard pzhc']) = count(//*[@class = 'COE_Standard pzhc'])]})

2017-11-20 12:24:42 - [MESSAGE][PASSED] - Object: 'Object Repository/Generic/a_Actions' is clicked on

2017-11-20 12:24:44 - [MESSAGE][PASSED] - Object: 'Object Repository/span_New' is focused

2017-11-20 12:24:45 - [MESSAGE][PASSED] - Object: 'Object Repository/span_Bid Process' is clicked on

2017-11-20 12:24:46 - [MESSAGE][PASSED] - Object: 'Object Repository/ECR/BID_TYPE' is clicked on

2017-11-20 12:24:46 - [MESSAGE][PASSED] - Object 'Object Repository/button_Import' is present

2017-11-20 12:24:51 - [MESSAGE][PASSED] - Delayed 5 second(s)

2017-11-20 12:24:51 - [MESSAGE][PASSED] - Object: 'Object Repository/button_Import' is clicked on

2017-11-20 12:24:51 - [MESSAGE][PASSED] - File 'C:\Users\nipin\Desktop\Latest BSW\Final\ECR_LITE_EXPSVC.xlsm' sent to object: 'Object Repository/input_PpyWorkPageppyFilePath'

2017-11-20 12:24:56 - [MESSAGE][PASSED] - Delayed 5 second(s)

2017-11-20 12:24:56 - [MESSAGE][WARNING] - Timeout '0' is invalid. Using default page load timeout: '30'

2017-11-20 12:24:56 - [MESSAGE][PASSED] - Scroll to object 'Object Repository/button_Submit' successfully

2017-11-20 12:24:57 - [MESSAGE][PASSED] - Object: 'Object Repository/button_Submit' is clicked on

2017-11-20 12:24:57 - [MESSAGE][PASSED] - Object 'Object Repository/EngInfo/COID' is visible

2017-11-20 12:25:02 - [MESSAGE][PASSED] - Delayed 5 second(s)

2017-11-20 12:25:07 - [MESSAGE][PASSED] - Delayed 5 second(s)

2017-11-20 12:25:07 - [MESSAGE][PASSED] - Text 'BOFA' is set on object 'Object Repository/Generic/ORG'

2017-11-20 12:25:12 - [MESSAGE][PASSED] - Delayed 5 second(s)

2017-11-20 12:25:12 - [MESSAGE][PASSED] - Keys 'TAB + ' sent to object: 'Object Repository/Generic/ORG'

2017-11-20 12:25:17 - [MESSAGE][PASSED] - Delayed 5 second(s)

2017-11-20 12:25:17 - [MESSAGE][PASSED] - Text 'BOFA' is set on object 'Object Repository/Generic/ACC'

2017-11-20 12:25:22 - [MESSAGE][PASSED] - Delayed 5 second(s)

2017-11-20 12:25:22 - [MESSAGE][PASSED] - Keys 'TAB + ' sent to object: 'Object Repository/Generic/ACC'

2017-11-20 12:25:27 - [MESSAGE][PASSED] - Delayed 5 second(s)

2017-11-20 12:25:28 - [MESSAGE][PASSED] - Text 'AUTOTEST1' is set on object 'Object Repository/Generic/ENG_DESC'

2017-11-20 12:25:33 - [MESSAGE][PASSED] - Delayed 5 second(s)

2017-11-20 12:25:33 - [MESSAGE][WARNING] - Timeout '0' is invalid. Using default page load timeout: '30'

2017-11-20 12:25:33 - [MESSAGE][PASSED] - Scroll to object 'Object Repository/Generic/SUBMIT' successfully

2017-11-20 12:25:33 - [MESSAGE][PASSED] - Object: 'Object Repository/Generic/SUBMIT' is clicked on

2017-11-20 12:25:38 - [MESSAGE][PASSED] - Delayed 5 second(s)

2017-11-20 12:25:39 - [MESSAGE][PASSED] - Text 'CO-12' is set on object 'Object Repository/EngInfo/COID'

2017-11-20 12:25:46 - [MESSAGE][PASSED] - Delayed 7 second(s)

2017-11-20 12:25:46 - [MESSAGE][PASSED] - Wait for page load successfully

2017-11-20 12:25:46 - [MESSAGE][PASSED] - Object: 'Object Repository/Generic/gapDrivenMethodology' is clicked on

2017-11-20 12:25:51 - [MESSAGE][PASSED] - Delayed 5 second(s)

2017-11-20 12:25:51 - [MESSAGE][PASSED] - Object: 'Object Repository/Generic/RapidDelivery' is clicked on

2017-11-20 12:25:56 - [MESSAGE][PASSED] - Delayed 5 second(s)

2017-11-20 12:25:56 - [MESSAGE][PASSED] - Object: 'Object Repository/Generic/MorethanOneRLS' is clicked on

2017-11-20 12:26:01 - [MESSAGE][PASSED] - Delayed 5 second(s)

2017-11-20 12:26:02 - [MESSAGE][PASSED] - Text '85000' is set on object 'Object Repository/ECR/Licence'

2017-11-20 12:26:07 - [MESSAGE][PASSED] - Delayed 5 second(s)

2017-11-20 12:26:07 - [MESSAGE][PASSED] - Object 'Object Repository/Generic/platform' is visible

2017-11-20 12:26:12 - [MESSAGE][PASSED] - Delayed 5 second(s)

2017-11-20 12:26:13 - [MESSAGE][PASSED] - Keys 'AMPchroma' sent to object: 'Object Repository/Generic/PlatformID'

2017-11-20 12:26:14 - [MESSAGE][FAILED] - Unable to set text 'AMPchroma' of object 'Object Repository/Generic/PlatformID' (Root cause: org.openqa.selenium.InvalidElementStateException: invalid element state: Element must be user-editable in order to clear it.
  (Session info: chrome=62.0.3202.94)
  (Driver info: chromedriver=2.33.506120 (e3e53437346286c0bc2d2dc9aa4915ba81d9023f),platform=Windows NT 6.1.7601 SP1 x86_64) (WARNING: The server did not provide any stacktrace information)
Command duration or timeout: 0 milliseconds
Build info: version: '3.7.1', revision: '8a0099a', time: '2017-11-06T21:07:36.161Z'
System info: host: 'L22622WUS', ip: '10.2.176.79', os.name: 'Windows 7', os.arch: 'amd64', os.version: '6.1', java.version: '1.8.0_102'
Driver info: com.kms.katalon.selenium.driver.CChromeDriver
Capabilities {acceptSslCerts: true, applicationCacheEnabled: false, browserConnectionEnabled: false, browserName: chrome, chrome: {chromedriverVersion: 2.33.506120 (e3e53437346286..., userDataDir: C:\Users\nipin\AppData\Loca...}, cssSelectorsEnabled: true, databaseEnabled: false, handlesAlerts: true, hasTouchScreen: false, javascriptEnabled: true, locationContextEnabled: true, mobileEmulationEnabled: false, nativeEvents: true, networkConnectionEnabled: false, pageLoadStrategy: normal, platform: XP, platformName: XP, rotatable: false, setWindowRect: true, takesHeapSnapshot: true, takesScreenshot: true, unexpectedAlertBehaviour: , unhandledPromptBehavior: , version: 62.0.3202.94, webStorageEnabled: true}
Session ID: f7d968b25c1e8b2e48506c58173b912d)
[[ATTACHMENT|C:\\Users\\nipin\\Katalon Studio\\COE\\Reports\\ECR_Lite\\20171120_121716\\1511198773239.png]]

2017-11-20 12:26:14 - [MESSAGE][PASSED] - Keys 'AMPchroma' sent to object: 'Object Repository/Generic/PlatformID'

2017-11-20 12:26:15 - [MESSAGE][FAILED] - Unable to set text 'AMPchroma' of object 'Object Repository/Generic/PlatformID' (Root cause: org.openqa.selenium.StaleElementReferenceException: stale element reference: element is not attached to the page document
  (Session info: chrome=62.0.3202.94)
  (Driver info: chromedriver=2.33.506120 (e3e53437346286c0bc2d2dc9aa4915ba81d9023f),platform=Windows NT 6.1.7601 SP1 x86_64) (WARNING: The server did not provide any stacktrace information)
Command duration or timeout: 0 milliseconds
For documentation on this error, please visit: http://seleniumhq.org/exceptions/stale_element_reference.html
Build info: version: '3.7.1', revision: '8a0099a', time: '2017-11-06T21:07:36.161Z'
System info: host: 'L22622WUS', ip: '10.2.176.79', os.name: 'Windows 7', os.arch: 'amd64', os.version: '6.1', java.version: '1.8.0_102'
Driver info: com.kms.katalon.selenium.driver.CChromeDriver
Capabilities {acceptSslCerts: true, applicationCacheEnabled: false, browserConnectionEnabled: false, browserName: chrome, chrome: {chromedriverVersion: 2.33.506120 (e3e53437346286..., userDataDir: C:\Users\nipin\AppData\Loca...}, cssSelectorsEnabled: true, databaseEnabled: false, handlesAlerts: true, hasTouchScreen: false, javascriptEnabled: true, locationContextEnabled: true, mobileEmulationEnabled: false, nativeEvents: true, networkConnectionEnabled: false, pageLoadStrategy: normal, platform: XP, platformName: XP, rotatable: false, setWindowRect: true, takesHeapSnapshot: true, takesScreenshot: true, unexpectedAlertBehaviour: , unhandledPromptBehavior: , version: 62.0.3202.94, webStorageEnabled: true}
Session ID: f7d968b25c1e8b2e48506c58173b912d)
[[ATTACHMENT|C:\\Users\\nipin\\Katalon Studio\\COE\\Reports\\ECR_Lite\\20171120_121716\\1511198774971.png]]

2017-11-20 12:26:20 - [MESSAGE][PASSED] - Delayed 5 second(s)

2017-11-20 12:26:20 - [MESSAGE][PASSED] - Keys 'N/A' sent to object: 'Object Repository/Generic/PlatformVersion'

2017-11-20 12:26:21 - [MESSAGE][FAILED] - Unable to set text 'N/A' of object 'Object Repository/Generic/PlatformVersion' (Root cause: org.openqa.selenium.InvalidElementStateException: invalid element state: Element must be user-editable in order to clear it.
  (Session info: chrome=62.0.3202.94)
  (Driver info: chromedriver=2.33.506120 (e3e53437346286c0bc2d2dc9aa4915ba81d9023f),platform=Windows NT 6.1.7601 SP1 x86_64) (WARNING: The server did not provide any stacktrace information)
Command duration or timeout: 0 milliseconds
Build info: version: '3.7.1', revision: '8a0099a', time: '2017-11-06T21:07:36.161Z'
System info: host: 'L22622WUS', ip: '10.2.176.79', os.name: 'Windows 7', os.arch: 'amd64', os.version: '6.1', java.version: '1.8.0_102'
Driver info: com.kms.katalon.selenium.driver.CChromeDriver
Capabilities {acceptSslCerts: true, applicationCacheEnabled: false, browserConnectionEnabled: false, browserName: chrome, chrome: {chromedriverVersion: 2.33.506120 (e3e53437346286..., userDataDir: C:\Users\nipin\AppData\Loca...}, cssSelectorsEnabled: true, databaseEnabled: false, handlesAlerts: true, hasTouchScreen: false, javascriptEnabled: true, locationContextEnabled: true, mobileEmulationEnabled: false, nativeEvents: true, networkConnectionEnabled: false, pageLoadStrategy: normal, platform: XP, platformName: XP, rotatable: false, setWindowRect: true, takesHeapSnapshot: true, takesScreenshot: true, unexpectedAlertBehaviour: , unhandledPromptBehavior: , version: 62.0.3202.94, webStorageEnabled: true}
Session ID: f7d968b25c1e8b2e48506c58173b912d)
[[ATTACHMENT|C:\\Users\\nipin\\Katalon Studio\\COE\\Reports\\ECR_Lite\\20171120_121716\\1511198780962.png]]

2017-11-20 12:26:21 - [MESSAGE][PASSED] - Keys 'N/A' sent to object: 'Object Repository/Generic/PlatformVersion'

2017-11-20 12:26:22 - [MESSAGE][FAILED] - Unable to set text 'N/A' of object 'Object Repository/Generic/PlatformVersion' (Root cause: org.openqa.selenium.InvalidElementStateException: invalid element state: Element must be user-editable in order to clear it.
  (Session info: chrome=62.0.3202.94)
  (Driver info: chromedriver=2.33.506120 (e3e53437346286c0bc2d2dc9aa4915ba81d9023f),platform=Windows NT 6.1.7601 SP1 x86_64) (WARNING: The server did not provide any stacktrace information)
Command duration or timeout: 0 milliseconds
Build info: version: '3.7.1', revision: '8a0099a', time: '2017-11-06T21:07:36.161Z'
System info: host: 'L22622WUS', ip: '10.2.176.79', os.name: 'Windows 7', os.arch: 'amd64', os.version: '6.1', java.version: '1.8.0_102'
Driver info: com.kms.katalon.selenium.driver.CChromeDriver
Capabilities {acceptSslCerts: true, applicationCacheEnabled: false, browserConnectionEnabled: false, browserName: chrome, chrome: {chromedriverVersion: 2.33.506120 (e3e53437346286..., userDataDir: C:\Users\nipin\AppData\Loca...}, cssSelectorsEnabled: true, databaseEnabled: false, handlesAlerts: true, hasTouchScreen: false, javascriptEnabled: true, locationContextEnabled: true, mobileEmulationEnabled: false, nativeEvents: true, networkConnectionEnabled: false, pageLoadStrategy: normal, platform: XP, platformName: XP, rotatable: false, setWindowRect: true, takesHeapSnapshot: true, takesScreenshot: true, unexpectedAlertBehaviour: , unhandledPromptBehavior: , version: 62.0.3202.94, webStorageEnabled: true}
Session ID: f7d968b25c1e8b2e48506c58173b912d)
[[ATTACHMENT|C:\\Users\\nipin\\Katalon Studio\\COE\\Reports\\ECR_Lite\\20171120_121716\\1511198781741.png]]

2017-11-20 12:26:27 - [MESSAGE][PASSED] - Delayed 5 second(s)

2017-11-20 12:26:27 - [MESSAGE][PASSED] - Object: 'Object Repository/Generic/PlatformTrue' is clicked on

2017-11-20 12:26:32 - [MESSAGE][PASSED] - Delayed 5 second(s)

2017-11-20 12:26:33 - [MESSAGE][PASSED] - Keys 'Jeff Henderson' sent to object: 'Object Repository/EngInfo/PL'

2017-11-20 12:26:38 - [MESSAGE][PASSED] - Delayed 5 second(s)

2017-11-20 12:26:38 - [MESSAGE][PASSED] - Keys 'Robert Higgins' sent to object: 'Object Repository/EngInfo/PLTL'

2017-11-20 12:26:43 - [MESSAGE][PASSED] - Delayed 5 second(s)

2017-11-20 12:26:43 - [MESSAGE][PASSED] - Keys 'Eric Panepinto' sent to object: 'Object Repository/EngInfo/RL'

2017-11-20 12:26:48 - [MESSAGE][PASSED] - Delayed 5 second(s)

2017-11-20 12:26:49 - [MESSAGE][PASSED] - Keys 'Robert Lang' sent to object: 'Object Repository/EngInfo/RD'

2017-11-20 12:26:54 - [MESSAGE][PASSED] - Delayed 5 second(s)

2017-11-20 12:26:54 - [MESSAGE][PASSED] - Scroll to object 'Object Repository/NEXT_BUTTON' successfully

2017-11-20 12:26:54 - [MESSAGE][PASSED] - Object: 'Object Repository/NEXT_BUTTON' is clicked on

2017-11-20 12:27:01 - [MESSAGE][PASSED] - Delayed 7 second(s)

2017-11-20 12:27:01 - [MESSAGE][WARNING] - Cannot take screenshot

2017-11-20 12:27:01 - [MESSAGE][FAILED] - Unable to scroll to object 'Object Repository/NEXT_BUTTON' (Root cause: org.openqa.selenium.UnhandledAlertException: unexpected alert open: {Alert text : Please correct flagged fields before submitting the form!}
  (Session info: chrome=62.0.3202.94)
  (Driver info: chromedriver=2.33.506120 (e3e53437346286c0bc2d2dc9aa4915ba81d9023f),platform=Windows NT 6.1.7601 SP1 x86_64) (WARNING: The server did not provide any stacktrace information)
Command duration or timeout: 0 milliseconds: null
Build info: version: '3.7.1', revision: '8a0099a', time: '2017-11-06T21:07:36.161Z'
System info: host: 'L22622WUS', ip: '10.2.176.79', os.name: 'Windows 7', os.arch: 'amd64', os.version: '6.1', java.version: '1.8.0_102'
Driver info: com.kms.katalon.selenium.driver.CChromeDriver
Capabilities {acceptSslCerts: true, applicationCacheEnabled: false, browserConnectionEnabled: false, browserName: chrome, chrome: {chromedriverVersion: 2.33.506120 (e3e53437346286..., userDataDir: C:\Users\nipin\AppData\Loca...}, cssSelectorsEnabled: true, databaseEnabled: false, handlesAlerts: true, hasTouchScreen: false, javascriptEnabled: true, locationContextEnabled: true, mobileEmulationEnabled: false, nativeEvents: true, networkConnectionEnabled: false, pageLoadStrategy: normal, platform: XP, platformName: XP, rotatable: false, setWindowRect: true, takesHeapSnapshot: true, takesScreenshot: true, unexpectedAlertBehaviour: , unhandledPromptBehavior: , version: 62.0.3202.94, webStorageEnabled: true}
Session ID: f7d968b25c1e8b2e48506c58173b912d
*** Element info: {Using=xpath, value=//button[@title='Move to the next screen'][count(. | //*[@data-test-id = '20150226064347057917526']) = count(//*[@data-test-id = '20150226064347057917526'])][count(. | //*[@class = 'COE_Standard pzhc']) = count(//*[@class = 'COE_Standard pzhc'])]})

2017-11-20 12:27:01 - [MESSAGE][FAILED] - Unable to scroll to object 'Object Repository/NEXT_BUTTON' (Root cause: org.openqa.selenium.UnhandledAlertException: unexpected alert open: {Alert text : Please correct flagged fields before submitting the form!}
  (Session info: chrome=62.0.3202.94)
  (Driver info: chromedriver=2.33.506120 (e3e53437346286c0bc2d2dc9aa4915ba81d9023f),platform=Windows NT 6.1.7601 SP1 x86_64) (WARNING: The server did not provide any stacktrace information)
Command duration or timeout: 0 milliseconds: null
Build info: version: '3.7.1', revision: '8a0099a', time: '2017-11-06T21:07:36.161Z'
System info: host: 'L22622WUS', ip: '10.2.176.79', os.name: 'Windows 7', os.arch: 'amd64', os.version: '6.1', java.version: '1.8.0_102'
Driver info: com.kms.katalon.selenium.driver.CChromeDriver
Capabilities {acceptSslCerts: true, applicationCacheEnabled: false, browserConnectionEnabled: false, browserName: chrome, chrome: {chromedriverVersion: 2.33.506120 (e3e53437346286..., userDataDir: C:\Users\nipin\AppData\Loca...}, cssSelectorsEnabled: true, databaseEnabled: false, handlesAlerts: true, hasTouchScreen: false, javascriptEnabled: true, locationContextEnabled: true, mobileEmulationEnabled: false, nativeEvents: true, networkConnectionEnabled: false, pageLoadStrategy: normal, platform: XP, platformName: XP, rotatable: false, setWindowRect: true, takesHeapSnapshot: true, takesScreenshot: true, unexpectedAlertBehaviour: , unhandledPromptBehavior: , version: 62.0.3202.94, webStorageEnabled: true}
Session ID: f7d968b25c1e8b2e48506c58173b912d
*** Element info: {Using=xpath, value=//button[@title='Move to the next screen'][count(. | //*[@data-test-id = '20150226064347057917526']) = count(//*[@data-test-id = '20150226064347057917526'])][count(. | //*[@class = 'COE_Standard pzhc']) = count(//*[@class = 'COE_Standard pzhc'])]})

2017-11-20 12:27:01 - [MESSAGE][FAILED] - Unable to call Test Case with id 'Test Cases/ECR/REF/ECR_Lite_NoExpertService' (Root cause: Call Test Case 'Test Cases/ECR/REF/ECR_Lite_NoExpertService' failed)]]></system-out>
         <system-err><![CDATA[2017-11-20 12:24:33 - [TEST_CASE][FAILED] - Test Cases/ECR/TC_ECRLite_NoExpertService_AllReject: Test Cases/ECR/TC_ECRLite_NoExpertService_AllReject FAILED because (of) Unable to scroll to object 'Object Repository/NEXT_BUTTON' (Root cause: org.openqa.selenium.UnhandledAlertException: unexpected alert open: {Alert text : Please correct flagged fields before submitting the form!}
  (Session info: chrome=62.0.3202.94)
  (Driver info: chromedriver=2.33.506120 (e3e53437346286c0bc2d2dc9aa4915ba81d9023f),platform=Windows NT 6.1.7601 SP1 x86_64) (WARNING: The server did not provide any stacktrace information)
Command duration or timeout: 0 milliseconds: null
Build info: version: '3.7.1', revision: '8a0099a', time: '2017-11-06T21:07:36.161Z'
System info: host: 'L22622WUS', ip: '10.2.176.79', os.name: 'Windows 7', os.arch: 'amd64', os.version: '6.1', java.version: '1.8.0_102'
Driver info: com.kms.katalon.selenium.driver.CChromeDriver
Capabilities {acceptSslCerts: true, applicationCacheEnabled: false, browserConnectionEnabled: false, browserName: chrome, chrome: {chromedriverVersion: 2.33.506120 (e3e53437346286..., userDataDir: C:\Users\nipin\AppData\Loca...}, cssSelectorsEnabled: true, databaseEnabled: false, handlesAlerts: true, hasTouchScreen: false, javascriptEnabled: true, locationContextEnabled: true, mobileEmulationEnabled: false, nativeEvents: true, networkConnectionEnabled: false, pageLoadStrategy: normal, platform: XP, platformName: XP, rotatable: false, setWindowRect: true, takesHeapSnapshot: true, takesScreenshot: true, unexpectedAlertBehaviour: , unhandledPromptBehavior: , version: 62.0.3202.94, webStorageEnabled: true}
Session ID: f7d968b25c1e8b2e48506c58173b912d
*** Element info: {Using=xpath, value=//button[@title='Move to the next screen'][count(. | //*[@data-test-id = '20150226064347057917526']) = count(//*[@data-test-id = '20150226064347057917526'])][count(. | //*[@class = 'COE_Standard pzhc']) = count(//*[@class = 'COE_Standard pzhc'])]})]]></system-err>
      </testcase>
      <testcase name="Test Cases/ECR/TC_ECR_Lite_ExpertService_AllReject" classname="Test Cases/ECR/TC_ECR_Lite_ExpertService_AllReject" status="FAILED">
         <failure type="FAILED" message="Unable to click on object 'Object Repository/Approve-Reject/contractlink' (Root cause: com.kms.katalon.core.webui.exception.WebElementNotFoundException: Web element with id: 'Object Repository/Approve-Reject/contractlink' located by 'By.xpath: //nobr//a[contains(.,'Create Contract')]' not found)"/>
         <system-out><![CDATA[2017-11-20 12:27:01 - [TEST_CASE][FAILED] - Test Cases/ECR/TC_ECR_Lite_ExpertService_AllReject: Test Cases/ECR/TC_ECR_Lite_ExpertService_AllReject FAILED because (of) Unable to click on object 'Object Repository/Approve-Reject/contractlink' (Root cause: com.kms.katalon.core.webui.exception.WebElementNotFoundException: Web element with id: 'Object Repository/Approve-Reject/contractlink' located by 'By.xpath: //nobr//a[contains(.,'Create Contract')]' not found)

2017-11-20 12:27:02 - [TEST_STEP][FAILED] - callTestCase: Call Test Case 'Test Cases/ECR/REF/ECR_Lite_ExpertService' successfully

2017-11-20 12:27:02 - [TEST_CASE][FAILED] - Test Cases/ECR/REF/ECR_Lite_ExpertService: com.helper.commonfunct.utilities.createECR is PASSED

2017-11-20 12:27:02 - [TEST_STEP][PASSED] - com.helper.commonfunct.utilities.login: com.helper.commonfunct.utilities.login is PASSED

2017-11-20 12:27:02 - [MESSAGE][WARNING] - A browser is already opened. Closing browser and opening a new one

2017-11-20 12:27:05 - [MESSAGE][PASSED] - Browser is opened with url: ''

2017-11-20 12:27:07 - [MESSAGE][PASSED] - Navigate to 'https://vtcpqa2.rpega.com:9030/tcpqa/PRServlet' successfully

2017-11-20 12:27:07 - [MESSAGE][PASSED] - Text 'pogoa@pegasystems.com' is set on object 'Object Repository/input_UserIdentifier'

2017-11-20 12:27:07 - [MESSAGE][PASSED] - Text 'install' is set on object 'Object Repository/input_Password'

2017-11-20 12:27:11 - [MESSAGE][PASSED] - Keys 'ENTER + ' sent to object: 'Object Repository/input_Password'

2017-11-20 12:27:11 - [MESSAGE][PASSED] - com.helper.commonfunct.utilities.login is PASSED

2017-11-20 12:27:11 - [TEST_STEP][FAILED] - com.helper.commonfunct.utilities.createECR: com.helper.commonfunct.utilities.createECR is PASSED

2017-11-20 12:27:11 - [MESSAGE][PASSED] - Object: 'Object Repository/Generic/a_Actions' is clicked on

2017-11-20 12:27:14 - [MESSAGE][PASSED] - Object: 'Object Repository/span_New' is focused

2017-11-20 12:27:15 - [MESSAGE][PASSED] - Object: 'Object Repository/span_Bid Process' is clicked on

2017-11-20 12:27:15 - [MESSAGE][PASSED] - Object: 'Object Repository/ECR/BID_TYPE' is clicked on

2017-11-20 12:27:15 - [MESSAGE][PASSED] - Object 'Object Repository/button_Import' is present

2017-11-20 12:27:20 - [MESSAGE][PASSED] - Delayed 5 second(s)

2017-11-20 12:27:21 - [MESSAGE][PASSED] - Object: 'Object Repository/button_Import' is clicked on

2017-11-20 12:27:22 - [MESSAGE][PASSED] - File 'C:\Users\nipin\Desktop\Latest BSW\Final\ECR_LITE_EXPSVC.xlsm' sent to object: 'Object Repository/input_PpyWorkPageppyFilePath'

2017-11-20 12:27:27 - [MESSAGE][PASSED] - Delayed 5 second(s)

2017-11-20 12:27:27 - [MESSAGE][WARNING] - Timeout '0' is invalid. Using default page load timeout: '30'

2017-11-20 12:27:27 - [MESSAGE][PASSED] - Scroll to object 'Object Repository/button_Submit' successfully

2017-11-20 12:27:27 - [MESSAGE][PASSED] - Object: 'Object Repository/button_Submit' is clicked on

2017-11-20 12:27:27 - [MESSAGE][PASSED] - Object 'Object Repository/EngInfo/COID' is visible

2017-11-20 12:27:32 - [MESSAGE][PASSED] - Delayed 5 second(s)

2017-11-20 12:27:37 - [MESSAGE][PASSED] - Delayed 5 second(s)

2017-11-20 12:27:38 - [MESSAGE][PASSED] - Text 'BOFA' is set on object 'Object Repository/Generic/ORG'

2017-11-20 12:27:43 - [MESSAGE][PASSED] - Delayed 5 second(s)

2017-11-20 12:27:43 - [MESSAGE][PASSED] - Keys 'TAB + ' sent to object: 'Object Repository/Generic/ORG'

2017-11-20 12:27:48 - [MESSAGE][PASSED] - Delayed 5 second(s)

2017-11-20 12:27:48 - [MESSAGE][PASSED] - Text 'BOFA' is set on object 'Object Repository/Generic/ACC'

2017-11-20 12:27:53 - [MESSAGE][PASSED] - Delayed 5 second(s)

2017-11-20 12:27:53 - [MESSAGE][PASSED] - Keys 'TAB + ' sent to object: 'Object Repository/Generic/ACC'

2017-11-20 12:27:58 - [MESSAGE][PASSED] - Delayed 5 second(s)

2017-11-20 12:27:58 - [MESSAGE][PASSED] - Text 'AUTOTEST1' is set on object 'Object Repository/Generic/ENG_DESC'

2017-11-20 12:28:03 - [MESSAGE][PASSED] - Delayed 5 second(s)

2017-11-20 12:28:03 - [MESSAGE][WARNING] - Timeout '0' is invalid. Using default page load timeout: '30'

2017-11-20 12:28:04 - [MESSAGE][PASSED] - Scroll to object 'Object Repository/Generic/SUBMIT' successfully

2017-11-20 12:28:04 - [MESSAGE][PASSED] - Object: 'Object Repository/Generic/SUBMIT' is clicked on

2017-11-20 12:28:09 - [MESSAGE][PASSED] - Delayed 5 second(s)

2017-11-20 12:28:09 - [MESSAGE][PASSED] - Text 'CO-12' is set on object 'Object Repository/EngInfo/COID'

2017-11-20 12:28:16 - [MESSAGE][PASSED] - Delayed 7 second(s)

2017-11-20 12:28:16 - [MESSAGE][PASSED] - Wait for page load successfully

2017-11-20 12:28:16 - [MESSAGE][PASSED] - Object: 'Object Repository/Generic/gapDrivenMethodology' is clicked on

2017-11-20 12:28:21 - [MESSAGE][PASSED] - Delayed 5 second(s)

2017-11-20 12:28:22 - [MESSAGE][PASSED] - Object: 'Object Repository/Generic/RapidDelivery' is clicked on

2017-11-20 12:28:27 - [MESSAGE][PASSED] - Delayed 5 second(s)

2017-11-20 12:28:27 - [MESSAGE][PASSED] - Object: 'Object Repository/Generic/MorethanOneRLS' is clicked on

2017-11-20 12:28:32 - [MESSAGE][PASSED] - Delayed 5 second(s)

2017-11-20 12:28:32 - [MESSAGE][PASSED] - Text '85000' is set on object 'Object Repository/ECR/Licence'

2017-11-20 12:28:37 - [MESSAGE][PASSED] - Delayed 5 second(s)

2017-11-20 12:28:37 - [MESSAGE][PASSED] - Object 'Object Repository/Generic/platform' is visible

2017-11-20 12:28:42 - [MESSAGE][PASSED] - Delayed 5 second(s)

2017-11-20 12:28:43 - [MESSAGE][PASSED] - Keys 'AMPchroma' sent to object: 'Object Repository/Generic/PlatformID'

2017-11-20 12:28:43 - [MESSAGE][FAILED] - Unable to set text 'AMPchroma' of object 'Object Repository/Generic/PlatformID' (Root cause: org.openqa.selenium.InvalidElementStateException: invalid element state: Element must be user-editable in order to clear it.
  (Session info: chrome=62.0.3202.94)
  (Driver info: chromedriver=2.33.506120 (e3e53437346286c0bc2d2dc9aa4915ba81d9023f),platform=Windows NT 6.1.7601 SP1 x86_64) (WARNING: The server did not provide any stacktrace information)
Command duration or timeout: 0 milliseconds
Build info: version: '3.7.1', revision: '8a0099a', time: '2017-11-06T21:07:36.161Z'
System info: host: 'L22622WUS', ip: '10.2.176.79', os.name: 'Windows 7', os.arch: 'amd64', os.version: '6.1', java.version: '1.8.0_102'
Driver info: com.kms.katalon.selenium.driver.CChromeDriver
Capabilities {acceptSslCerts: true, applicationCacheEnabled: false, browserConnectionEnabled: false, browserName: chrome, chrome: {chromedriverVersion: 2.33.506120 (e3e53437346286..., userDataDir: C:\Users\nipin\AppData\Loca...}, cssSelectorsEnabled: true, databaseEnabled: false, handlesAlerts: true, hasTouchScreen: false, javascriptEnabled: true, locationContextEnabled: true, mobileEmulationEnabled: false, nativeEvents: true, networkConnectionEnabled: false, pageLoadStrategy: normal, platform: XP, platformName: XP, rotatable: false, setWindowRect: true, takesHeapSnapshot: true, takesScreenshot: true, unexpectedAlertBehaviour: , unhandledPromptBehavior: , version: 62.0.3202.94, webStorageEnabled: true}
Session ID: 91a6d2c01e7972c28ad0498b0e963a04)
[[ATTACHMENT|C:\\Users\\nipin\\Katalon Studio\\COE\\Reports\\ECR_Lite\\20171120_121716\\1511198923447.png]]

2017-11-20 12:28:44 - [MESSAGE][PASSED] - Keys 'AMPchroma' sent to object: 'Object Repository/Generic/PlatformID'

2017-11-20 12:28:45 - [MESSAGE][FAILED] - Unable to set text 'AMPchroma' of object 'Object Repository/Generic/PlatformID' (Root cause: org.openqa.selenium.InvalidElementStateException: invalid element state: Element must be user-editable in order to clear it.
  (Session info: chrome=62.0.3202.94)
  (Driver info: chromedriver=2.33.506120 (e3e53437346286c0bc2d2dc9aa4915ba81d9023f),platform=Windows NT 6.1.7601 SP1 x86_64) (WARNING: The server did not provide any stacktrace information)
Command duration or timeout: 0 milliseconds
Build info: version: '3.7.1', revision: '8a0099a', time: '2017-11-06T21:07:36.161Z'
System info: host: 'L22622WUS', ip: '10.2.176.79', os.name: 'Windows 7', os.arch: 'amd64', os.version: '6.1', java.version: '1.8.0_102'
Driver info: com.kms.katalon.selenium.driver.CChromeDriver
Capabilities {acceptSslCerts: true, applicationCacheEnabled: false, browserConnectionEnabled: false, browserName: chrome, chrome: {chromedriverVersion: 2.33.506120 (e3e53437346286..., userDataDir: C:\Users\nipin\AppData\Loca...}, cssSelectorsEnabled: true, databaseEnabled: false, handlesAlerts: true, hasTouchScreen: false, javascriptEnabled: true, locationContextEnabled: true, mobileEmulationEnabled: false, nativeEvents: true, networkConnectionEnabled: false, pageLoadStrategy: normal, platform: XP, platformName: XP, rotatable: false, setWindowRect: true, takesHeapSnapshot: true, takesScreenshot: true, unexpectedAlertBehaviour: , unhandledPromptBehavior: , version: 62.0.3202.94, webStorageEnabled: true}
Session ID: 91a6d2c01e7972c28ad0498b0e963a04)
[[ATTACHMENT|C:\\Users\\nipin\\Katalon Studio\\COE\\Reports\\ECR_Lite\\20171120_121716\\1511198924609.png]]

2017-11-20 12:28:50 - [MESSAGE][PASSED] - Delayed 5 second(s)

2017-11-20 12:28:50 - [MESSAGE][PASSED] - Keys 'N/A' sent to object: 'Object Repository/Generic/PlatformVersion'

2017-11-20 12:28:51 - [MESSAGE][FAILED] - Unable to set text 'N/A' of object 'Object Repository/Generic/PlatformVersion' (Root cause: org.openqa.selenium.InvalidElementStateException: invalid element state: Element must be user-editable in order to clear it.
  (Session info: chrome=62.0.3202.94)
  (Driver info: chromedriver=2.33.506120 (e3e53437346286c0bc2d2dc9aa4915ba81d9023f),platform=Windows NT 6.1.7601 SP1 x86_64) (WARNING: The server did not provide any stacktrace information)
Command duration or timeout: 0 milliseconds
Build info: version: '3.7.1', revision: '8a0099a', time: '2017-11-06T21:07:36.161Z'
System info: host: 'L22622WUS', ip: '10.2.176.79', os.name: 'Windows 7', os.arch: 'amd64', os.version: '6.1', java.version: '1.8.0_102'
Driver info: com.kms.katalon.selenium.driver.CChromeDriver
Capabilities {acceptSslCerts: true, applicationCacheEnabled: false, browserConnectionEnabled: false, browserName: chrome, chrome: {chromedriverVersion: 2.33.506120 (e3e53437346286..., userDataDir: C:\Users\nipin\AppData\Loca...}, cssSelectorsEnabled: true, databaseEnabled: false, handlesAlerts: true, hasTouchScreen: false, javascriptEnabled: true, locationContextEnabled: true, mobileEmulationEnabled: false, nativeEvents: true, networkConnectionEnabled: false, pageLoadStrategy: normal, platform: XP, platformName: XP, rotatable: false, setWindowRect: true, takesHeapSnapshot: true, takesScreenshot: true, unexpectedAlertBehaviour: , unhandledPromptBehavior: , version: 62.0.3202.94, webStorageEnabled: true}
Session ID: 91a6d2c01e7972c28ad0498b0e963a04)
[[ATTACHMENT|C:\\Users\\nipin\\Katalon Studio\\COE\\Reports\\ECR_Lite\\20171120_121716\\1511198930596.png]]

2017-11-20 12:28:51 - [MESSAGE][PASSED] - Keys 'N/A' sent to object: 'Object Repository/Generic/PlatformVersion'

2017-11-20 12:28:51 - [MESSAGE][FAILED] - Unable to set text 'N/A' of object 'Object Repository/Generic/PlatformVersion' (Root cause: org.openqa.selenium.InvalidElementStateException: invalid element state: Element must be user-editable in order to clear it.
  (Session info: chrome=62.0.3202.94)
  (Driver info: chromedriver=2.33.506120 (e3e53437346286c0bc2d2dc9aa4915ba81d9023f),platform=Windows NT 6.1.7601 SP1 x86_64) (WARNING: The server did not provide any stacktrace information)
Command duration or timeout: 0 milliseconds
Build info: version: '3.7.1', revision: '8a0099a', time: '2017-11-06T21:07:36.161Z'
System info: host: 'L22622WUS', ip: '10.2.176.79', os.name: 'Windows 7', os.arch: 'amd64', os.version: '6.1', java.version: '1.8.0_102'
Driver info: com.kms.katalon.selenium.driver.CChromeDriver
Capabilities {acceptSslCerts: true, applicationCacheEnabled: false, browserConnectionEnabled: false, browserName: chrome, chrome: {chromedriverVersion: 2.33.506120 (e3e53437346286..., userDataDir: C:\Users\nipin\AppData\Loca...}, cssSelectorsEnabled: true, databaseEnabled: false, handlesAlerts: true, hasTouchScreen: false, javascriptEnabled: true, locationContextEnabled: true, mobileEmulationEnabled: false, nativeEvents: true, networkConnectionEnabled: false, pageLoadStrategy: normal, platform: XP, platformName: XP, rotatable: false, setWindowRect: true, takesHeapSnapshot: true, takesScreenshot: true, unexpectedAlertBehaviour: , unhandledPromptBehavior: , version: 62.0.3202.94, webStorageEnabled: true}
Session ID: 91a6d2c01e7972c28ad0498b0e963a04)
[[ATTACHMENT|C:\\Users\\nipin\\Katalon Studio\\COE\\Reports\\ECR_Lite\\20171120_121716\\1511198931377.png]]

2017-11-20 12:28:56 - [MESSAGE][PASSED] - Delayed 5 second(s)

2017-11-20 12:28:57 - [MESSAGE][PASSED] - Object: 'Object Repository/Generic/PlatformTrue' is clicked on

2017-11-20 12:29:02 - [MESSAGE][PASSED] - Delayed 5 second(s)

2017-11-20 12:29:02 - [MESSAGE][PASSED] - Keys 'Jeff Henderson' sent to object: 'Object Repository/EngInfo/PL'

2017-11-20 12:29:07 - [MESSAGE][PASSED] - Delayed 5 second(s)

2017-11-20 12:29:07 - [MESSAGE][PASSED] - Keys 'Robert Higgins' sent to object: 'Object Repository/EngInfo/PLTL'

2017-11-20 12:29:12 - [MESSAGE][PASSED] - Delayed 5 second(s)

2017-11-20 12:29:13 - [MESSAGE][PASSED] - Keys 'Eric Panepinto' sent to object: 'Object Repository/EngInfo/RL'

2017-11-20 12:29:18 - [MESSAGE][PASSED] - Delayed 5 second(s)

2017-11-20 12:29:18 - [MESSAGE][PASSED] - Keys 'Robert Lang' sent to object: 'Object Repository/EngInfo/RD'

2017-11-20 12:29:23 - [MESSAGE][PASSED] - Delayed 5 second(s)

2017-11-20 12:29:23 - [MESSAGE][PASSED] - Scroll to object 'Object Repository/NEXT_BUTTON' successfully

2017-11-20 12:29:23 - [MESSAGE][PASSED] - Object: 'Object Repository/NEXT_BUTTON' is clicked on

2017-11-20 12:29:30 - [MESSAGE][PASSED] - Delayed 7 second(s)

2017-11-20 12:29:30 - [MESSAGE][PASSED] - Scroll to object 'Object Repository/NEXT_BUTTON' successfully

2017-11-20 12:29:30 - [MESSAGE][PASSED] - Object: 'Object Repository/NEXT_BUTTON' is clicked on

2017-11-20 12:29:37 - [MESSAGE][PASSED] - Delayed 7 second(s)

2017-11-20 12:29:37 - [MESSAGE][PASSED] - Wait for page load successfully

2017-11-20 12:29:38 - [MESSAGE][PASSED] - Scroll to object 'Object Repository/Generic/FINISH_BUTTON' successfully

2017-11-20 12:29:38 - [MESSAGE][PASSED] - Object: 'Object Repository/Generic/FINISH_BUTTON' is clicked on

2017-11-20 12:29:43 - [MESSAGE][PASSED] - Delayed 5 second(s)

2017-11-20 12:29:43 - [MESSAGE][PASSED] - Text of object 'Object Repository/WO' is: 'ECR-20Nov2017-18'

2017-11-20 12:29:43 - [MESSAGE][PASSED] - Text of object 'Object Repository/ECR/WOSTATUS' is: 'Pending-RDApproval'

2017-11-20 12:29:43 - [MESSAGE][PASSED] - com.helper.commonfunct.utilities.createECR is PASSED

2017-11-20 12:29:43 - [MESSAGE][PASSED] - Call Test Case 'Test Cases/ECR/REF/ECR_Lite_ExpertService' successfully

2017-11-20 12:29:43 - [TEST_STEP][PASSED] - com.helper.commonfunct.utilities.setprop: com.helper.commonfunct.utilities.setprop is PASSED

2017-11-20 12:29:43 - [MESSAGE][PASSED] - com.helper.commonfunct.utilities.setprop is PASSED

2017-11-20 12:29:43 - [TEST_STEP][FAILED] - callTestCase: Unable to call Test Case with id 'Test Cases/ECR/REF/ECR_Approval_Reject' (Root cause: Call Test Case 'Test Cases/ECR/REF/ECR_Approval_Reject' failed)

2017-11-20 12:29:43 - [TEST_CASE][FAILED] - Test Cases/ECR/REF/ECR_Approval_Reject: Test Cases/ECR/REF/ECR_Approval_Reject FAILED because (of) Unable to click on object 'Object Repository/Approve-Reject/contractlink' (Root cause: com.kms.katalon.core.webui.exception.WebElementNotFoundException: Web element with id: 'Object Repository/Approve-Reject/contractlink' located by 'By.xpath: //nobr//a[contains(.,'Create Contract')]' not found)

2017-11-20 12:29:43 - [TEST_STEP][FAILED] - Statement - While (WOSTATUS.contains("Pending")): Unable to click on object 'Object Repository/Approve-Reject/contractlink' (Root cause: com.kms.katalon.core.webui.exception.WebElementNotFoundException: Web element with id: 'Object Repository/Approve-Reject/contractlink' located by 'By.xpath: //nobr//a[contains(.,'Create Contract')]' not found)

2017-11-20 12:29:43 - [TEST_STEP][PASSED] - Statement - For ([j = 0, j < AssignmentList.size(), (j++)]): com.helper.commonfunct.utilities.WOstatus is PASSED

2017-11-20 12:29:43 - [TEST_STEP][PASSED] - Statement - Status = text: null

2017-11-20 12:29:43 - [TEST_STEP][PASSED] - Statement - println(Status): null

2017-11-20 12:29:43 - [TEST_STEP][PASSED] - Statement - If (Status == "Pending-RDApproval"): com.helper.commonfunct.utilities.WOstatus is PASSED

2017-11-20 12:29:43 - [TEST_STEP][PASSED] - Statement - If (RDReject == false): null

2017-11-20 12:29:43 - [TEST_STEP][PASSED] - Statement - Else: com.helper.commonfunct.utilities.WOstatus is PASSED

2017-11-20 12:29:43 - [TEST_STEP][PASSED] - com.helper.commonfunct.utilities.login: com.helper.commonfunct.utilities.login is PASSED

2017-11-20 12:29:43 - [MESSAGE][WARNING] - A browser is already opened. Closing browser and opening a new one

2017-11-20 12:29:46 - [MESSAGE][PASSED] - Browser is opened with url: ''

2017-11-20 12:29:47 - [MESSAGE][PASSED] - Navigate to 'https://vtcpqa2.rpega.com:9030/tcpqa/PRServlet' successfully

2017-11-20 12:29:48 - [MESSAGE][PASSED] - Text 'langr1@pegasystems.com' is set on object 'Object Repository/input_UserIdentifier'

2017-11-20 12:29:48 - [MESSAGE][PASSED] - Text 'install' is set on object 'Object Repository/input_Password'

2017-11-20 12:29:51 - [MESSAGE][PASSED] - Keys 'ENTER + ' sent to object: 'Object Repository/input_Password'

2017-11-20 12:29:51 - [MESSAGE][PASSED] - com.helper.commonfunct.utilities.login is PASSED

2017-11-20 12:29:51 - [TEST_STEP][PASSED] - com.helper.commonfunct.utilities.search: com.helper.commonfunct.utilities.search is PASSED

2017-11-20 12:29:52 - [MESSAGE][PASSED] - Current window maximized

2017-11-20 12:29:57 - [MESSAGE][PASSED] - Delayed 5 second(s)

2017-11-20 12:29:57 - [MESSAGE][PASSED] - Text 'ECR-20Nov2017-18' is set on object 'Object Repository/EngInfo/search'

2017-11-20 12:30:02 - [MESSAGE][PASSED] - Delayed 5 second(s)

2017-11-20 12:30:02 - [MESSAGE][PASSED] - Keys 'ENTER + ' sent to object: 'Object Repository/EngInfo/search'

2017-11-20 12:30:07 - [MESSAGE][PASSED] - Delayed 5 second(s)

2017-11-20 12:30:07 - [MESSAGE][PASSED] - com.helper.commonfunct.utilities.search is PASSED

2017-11-20 12:30:07 - [TEST_STEP][PASSED] - maximizeWindow: Current window maximized

2017-11-20 12:30:07 - [MESSAGE][PASSED] - Current window maximized

2017-11-20 12:30:07 - [TEST_STEP][PASSED] - com.helper.commonfunct.utilities.reject: com.helper.commonfunct.utilities.reject is PASSED

2017-11-20 12:30:12 - [MESSAGE][PASSED] - Delayed 5 second(s)

2017-11-20 12:30:12 - [MESSAGE][WARNING] - Timeout '0' is invalid. Using default page load timeout: '30'

2017-11-20 12:30:14 - [MESSAGE][PASSED] - Object: 'Object Repository/Approve-Reject/link_assignment' is clicked on

2017-11-20 12:30:19 - [MESSAGE][PASSED] - Delayed 5 second(s)

2017-11-20 12:30:19 - [MESSAGE][WARNING] - Timeout '0' is invalid. Using default page load timeout: '30'

2017-11-20 12:30:19 - [MESSAGE][PASSED] - Scroll to object 'Object Repository/Approve-Reject/ReturnToRequestor' successfully

2017-11-20 12:30:19 - [MESSAGE][PASSED] - Object: 'Object Repository/Approve-Reject/ReturnToRequestor' is clicked on

2017-11-20 12:30:24 - [MESSAGE][PASSED] - Delayed 5 second(s)

2017-11-20 12:30:24 - [MESSAGE][PASSED] - Keys 'testing' sent to object: 'Object Repository/Approve-Reject/APPROVE_REJECT_NOTES'

2017-11-20 12:30:29 - [MESSAGE][PASSED] - Delayed 5 second(s)

2017-11-20 12:30:29 - [MESSAGE][WARNING] - Timeout '0' is invalid. Using default page load timeout: '30'

2017-11-20 12:30:29 - [MESSAGE][PASSED] - Scroll to object 'Object Repository/Generic/SUBMIT' successfully

2017-11-20 12:30:29 - [MESSAGE][PASSED] - Object: 'Object Repository/Generic/SUBMIT' is clicked on

2017-11-20 12:30:34 - [MESSAGE][PASSED] - Delayed 5 second(s)

2017-11-20 12:30:34 - [MESSAGE][PASSED] - com.helper.commonfunct.utilities.reject is PASSED

2017-11-20 12:30:34 - [TEST_STEP][PASSED] - Statement - RDReject = false: null

2017-11-20 12:30:34 - [TEST_STEP][PASSED] - com.helper.commonfunct.utilities.WOstatus: com.helper.commonfunct.utilities.WOstatus is PASSED

2017-11-20 12:30:34 - [MESSAGE][PASSED] - Text of object 'Object Repository/ECR/WOSTATUS' is: 'Pending-DocUpdate'

2017-11-20 12:30:34 - [MESSAGE][PASSED] - com.helper.commonfunct.utilities.WOstatus is PASSED

2017-11-20 12:30:34 - [TEST_STEP][PASSED] - Statement - For ([j = 0, j < AssignmentList.size(), (j++)]): Delayed 3 second(s)

2017-11-20 12:30:34 - [TEST_STEP][PASSED] - Statement - Status = text: null

2017-11-20 12:30:34 - [TEST_STEP][PASSED] - Statement - println(Status): null

2017-11-20 12:30:34 - [TEST_STEP][PASSED] - Statement - If (Status == "Pending-RDApproval"): null

2017-11-20 12:30:34 - [TEST_STEP][PASSED] - Statement - Else If (Status == "Pending-RLApproval"): null

2017-11-20 12:30:34 - [TEST_STEP][PASSED] - Statement - Else If (Status == "Pending-RDDApproval"): null

2017-11-20 12:30:34 - [TEST_STEP][PASSED] - Statement - Else If (Status == "Pending-OPSApproval"): null

2017-11-20 12:30:34 - [TEST_STEP][PASSED] - Statement - Else If (Status == "Pending-ExpSvcApproval"): null

2017-11-20 12:30:34 - [TEST_STEP][PASSED] - Statement - Else If (Status == "Pending-DocUpdate"): Delayed 3 second(s)

2017-11-20 12:30:34 - [TEST_STEP][PASSED] - Statement - If (Meeting == false): Delayed 3 second(s)

2017-11-20 12:30:34 - [TEST_STEP][PASSED] - com.helper.commonfunct.utilities.login: com.helper.commonfunct.utilities.login is PASSED

2017-11-20 12:30:34 - [MESSAGE][WARNING] - A browser is already opened. Closing browser and opening a new one

2017-11-20 12:30:38 - [MESSAGE][PASSED] - Browser is opened with url: ''

2017-11-20 12:30:38 - [MESSAGE][PASSED] - Navigate to 'https://vtcpqa2.rpega.com:9030/tcpqa/PRServlet' successfully

2017-11-20 12:30:39 - [MESSAGE][PASSED] - Text 'pogoa@pegasystems.com' is set on object 'Object Repository/input_UserIdentifier'

2017-11-20 12:30:39 - [MESSAGE][PASSED] - Text 'install' is set on object 'Object Repository/input_Password'

2017-11-20 12:30:43 - [MESSAGE][PASSED] - Keys 'ENTER + ' sent to object: 'Object Repository/input_Password'

2017-11-20 12:30:43 - [MESSAGE][PASSED] - com.helper.commonfunct.utilities.login is PASSED

2017-11-20 12:30:43 - [TEST_STEP][PASSED] - com.helper.commonfunct.utilities.search: com.helper.commonfunct.utilities.search is PASSED

2017-11-20 12:30:44 - [MESSAGE][PASSED] - Current window maximized

2017-11-20 12:30:49 - [MESSAGE][PASSED] - Delayed 5 second(s)

2017-11-20 12:30:49 - [MESSAGE][PASSED] - Text 'ECR-20Nov2017-18' is set on object 'Object Repository/EngInfo/search'

2017-11-20 12:30:54 - [MESSAGE][PASSED] - Delayed 5 second(s)

2017-11-20 12:30:54 - [MESSAGE][PASSED] - Keys 'ENTER + ' sent to object: 'Object Repository/EngInfo/search'

2017-11-20 12:30:59 - [MESSAGE][PASSED] - Delayed 5 second(s)

2017-11-20 12:30:59 - [MESSAGE][PASSED] - com.helper.commonfunct.utilities.search is PASSED

2017-11-20 12:30:59 - [TEST_STEP][PASSED] - maximizeWindow: Current window maximized

2017-11-20 12:30:59 - [MESSAGE][PASSED] - Current window maximized

2017-11-20 12:30:59 - [TEST_STEP][PASSED] - com.helper.commonfunct.utilities.docUpdate: com.helper.commonfunct.utilities.docUpdate is PASSED

2017-11-20 12:30:59 - [MESSAGE][WARNING] - Timeout '0' is invalid. Using default page load timeout: '30'

2017-11-20 12:31:04 - [MESSAGE][PASSED] - Delayed 5 second(s)

2017-11-20 12:31:06 - [MESSAGE][PASSED] - Object: 'Object Repository/Approve-Reject/linktoupdateEngData' is clicked on

2017-11-20 12:31:06 - [MESSAGE][WARNING] - Timeout '0' is invalid. Using default page load timeout: '30'

2017-11-20 12:31:06 - [MESSAGE][PASSED] - Scroll to object 'Object Repository/NEXT_BUTTON' successfully

2017-11-20 12:31:06 - [MESSAGE][PASSED] - Object: 'Object Repository/NEXT_BUTTON' is clicked on

2017-11-20 12:31:11 - [MESSAGE][PASSED] - Delayed 5 second(s)

2017-11-20 12:31:11 - [MESSAGE][WARNING] - Timeout '0' is invalid. Using default page load timeout: '30'

2017-11-20 12:31:11 - [MESSAGE][PASSED] - Scroll to object 'Object Repository/NEXT_BUTTON' successfully

2017-11-20 12:31:12 - [MESSAGE][PASSED] - Object: 'Object Repository/NEXT_BUTTON' is clicked on

2017-11-20 12:31:17 - [MESSAGE][PASSED] - Delayed 5 second(s)

2017-11-20 12:31:17 - [MESSAGE][PASSED] - Wait for page load successfully

2017-11-20 12:31:17 - [MESSAGE][WARNING] - Timeout '0' is invalid. Using default page load timeout: '30'

2017-11-20 12:31:17 - [MESSAGE][PASSED] - Scroll to object 'Object Repository/Generic/FINISH_BUTTON' successfully

2017-11-20 12:31:18 - [MESSAGE][PASSED] - Object: 'Object Repository/Generic/FINISH_BUTTON' is clicked on

2017-11-20 12:31:23 - [MESSAGE][PASSED] - Delayed 5 second(s)

2017-11-20 12:31:23 - [MESSAGE][PASSED] - Wait for page load successfully

2017-11-20 12:31:23 - [MESSAGE][PASSED] - com.helper.commonfunct.utilities.docUpdate is PASSED

2017-11-20 12:31:23 - [TEST_STEP][PASSED] - com.helper.commonfunct.utilities.WOstatus: com.helper.commonfunct.utilities.WOstatus is PASSED

2017-11-20 12:31:23 - [MESSAGE][PASSED] - Text of object 'Object Repository/ECR/WOSTATUS' is: 'Pending-RDApproval'

2017-11-20 12:31:23 - [MESSAGE][PASSED] - com.helper.commonfunct.utilities.WOstatus is PASSED

2017-11-20 12:31:23 - [TEST_STEP][PASSED] - delay: Delayed 3 second(s)

2017-11-20 12:31:26 - [MESSAGE][PASSED] - Delayed 3 second(s)

2017-11-20 12:31:26 - [TEST_STEP][PASSED] - Statement - For ([j = 0, j < AssignmentList.size(), (j++)]): null

2017-11-20 12:31:26 - [TEST_STEP][PASSED] - Statement - Status = text: null

2017-11-20 12:31:26 - [TEST_STEP][PASSED] - Statement - println(Status): null

2017-11-20 12:31:26 - [TEST_STEP][PASSED] - Statement - If (Status == "Pending-RDApproval"): com.helper.commonfunct.utilities.WOstatus is PASSED

2017-11-20 12:31:26 - [TEST_STEP][PASSED] - Statement - If (RDReject == false): com.helper.commonfunct.utilities.WOstatus is PASSED

2017-11-20 12:31:26 - [TEST_STEP][PASSED] - Statement - If (Meeting == true): null

2017-11-20 12:31:26 - [TEST_STEP][PASSED] - Statement - Else: com.helper.commonfunct.utilities.WOstatus is PASSED

2017-11-20 12:31:26 - [TEST_STEP][PASSED] - com.helper.commonfunct.utilities.login: com.helper.commonfunct.utilities.login is PASSED

2017-11-20 12:31:26 - [MESSAGE][WARNING] - A browser is already opened. Closing browser and opening a new one

2017-11-20 12:31:29 - [MESSAGE][PASSED] - Browser is opened with url: ''

2017-11-20 12:31:30 - [MESSAGE][PASSED] - Navigate to 'https://vtcpqa2.rpega.com:9030/tcpqa/PRServlet' successfully

2017-11-20 12:31:30 - [MESSAGE][PASSED] - Text 'langr1@pegasystems.com' is set on object 'Object Repository/input_UserIdentifier'

2017-11-20 12:31:30 - [MESSAGE][PASSED] - Text 'install' is set on object 'Object Repository/input_Password'

2017-11-20 12:31:34 - [MESSAGE][PASSED] - Keys 'ENTER + ' sent to object: 'Object Repository/input_Password'

2017-11-20 12:31:34 - [MESSAGE][PASSED] - com.helper.commonfunct.utilities.login is PASSED

2017-11-20 12:31:34 - [TEST_STEP][PASSED] - com.helper.commonfunct.utilities.search: com.helper.commonfunct.utilities.search is PASSED

2017-11-20 12:31:35 - [MESSAGE][PASSED] - Current window maximized

2017-11-20 12:31:40 - [MESSAGE][PASSED] - Delayed 5 second(s)

2017-11-20 12:31:41 - [MESSAGE][PASSED] - Text 'ECR-20Nov2017-18' is set on object 'Object Repository/EngInfo/search'

2017-11-20 12:31:46 - [MESSAGE][PASSED] - Delayed 5 second(s)

2017-11-20 12:31:46 - [MESSAGE][PASSED] - Keys 'ENTER + ' sent to object: 'Object Repository/EngInfo/search'

2017-11-20 12:31:51 - [MESSAGE][PASSED] - Delayed 5 second(s)

2017-11-20 12:31:51 - [MESSAGE][PASSED] - com.helper.commonfunct.utilities.search is PASSED

2017-11-20 12:31:51 - [TEST_STEP][PASSED] - com.helper.commonfunct.utilities.approve: com.helper.commonfunct.utilities.approve is PASSED

2017-11-20 12:31:56 - [MESSAGE][PASSED] - Delayed 5 second(s)

2017-11-20 12:31:56 - [MESSAGE][WARNING] - Timeout '0' is invalid. Using default page load timeout: '30'

2017-11-20 12:31:57 - [MESSAGE][PASSED] - Object: 'Object Repository/Approve-Reject/link_assignment' is clicked on

2017-11-20 12:32:02 - [MESSAGE][PASSED] - Delayed 5 second(s)

2017-11-20 12:32:02 - [MESSAGE][WARNING] - Timeout '0' is invalid. Using default page load timeout: '30'

2017-11-20 12:32:02 - [MESSAGE][PASSED] - Scroll to object 'Object Repository/Approve-Reject/APPROVE_BUTTON' successfully

2017-11-20 12:32:03 - [MESSAGE][PASSED] - Object: 'Object Repository/Approve-Reject/APPROVE_BUTTON' is clicked on

2017-11-20 12:32:08 - [MESSAGE][PASSED] - Delayed 5 second(s)

2017-11-20 12:32:08 - [MESSAGE][PASSED] - Keys 'testing' sent to object: 'Object Repository/Approve-Reject/APPROVE_REJECT_NOTES'

2017-11-20 12:32:13 - [MESSAGE][PASSED] - Delayed 5 second(s)

2017-11-20 12:32:13 - [MESSAGE][WARNING] - Timeout '0' is invalid. Using default page load timeout: '30'

2017-11-20 12:32:13 - [MESSAGE][PASSED] - Scroll to object 'Object Repository/Generic/SUBMIT' successfully

2017-11-20 12:32:13 - [MESSAGE][PASSED] - Object: 'Object Repository/Generic/SUBMIT' is clicked on

2017-11-20 12:32:18 - [MESSAGE][PASSED] - Delayed 5 second(s)

2017-11-20 12:32:18 - [MESSAGE][PASSED] - com.helper.commonfunct.utilities.approve is PASSED

2017-11-20 12:32:18 - [TEST_STEP][PASSED] - com.helper.commonfunct.utilities.WOstatus: com.helper.commonfunct.utilities.WOstatus is PASSED

2017-11-20 12:32:18 - [MESSAGE][PASSED] - Text of object 'Object Repository/ECR/WOSTATUS' is: 'Pending-Approval'

2017-11-20 12:32:18 - [MESSAGE][PASSED] - com.helper.commonfunct.utilities.WOstatus is PASSED

2017-11-20 12:32:18 - [TEST_STEP][PASSED] - Statement - Status = text: null

2017-11-20 12:32:18 - [TEST_STEP][PASSED] - Statement - println(Status): null

2017-11-20 12:32:18 - [TEST_STEP][PASSED] - Statement - If (Status == "Pending-RDApproval"): null

2017-11-20 12:32:18 - [TEST_STEP][PASSED] - Statement - Else If (Status == "Pending-RLApproval"): null

2017-11-20 12:32:18 - [TEST_STEP][PASSED] - Statement - Else If (Status == "Pending-RDDApproval"): null

2017-11-20 12:32:18 - [TEST_STEP][PASSED] - Statement - Else If (Status == "Pending-OPSApproval"): null

2017-11-20 12:32:18 - [TEST_STEP][PASSED] - Statement - If (OpsReject == false): null

2017-11-20 12:32:18 - [TEST_STEP][PASSED] - Statement - Else: null

2017-11-20 12:32:18 - [TEST_STEP][PASSED] - com.helper.commonfunct.utilities.login: com.helper.commonfunct.utilities.login is PASSED

2017-11-20 12:32:18 - [MESSAGE][WARNING] - A browser is already opened. Closing browser and opening a new one

2017-11-20 12:32:22 - [MESSAGE][PASSED] - Browser is opened with url: ''

2017-11-20 12:32:22 - [MESSAGE][PASSED] - Navigate to 'https://vtcpqa2.rpega.com:9030/tcpqa/PRServlet' successfully

2017-11-20 12:32:22 - [MESSAGE][PASSED] - Text 'pogoa@pegasystems.com' is set on object 'Object Repository/input_UserIdentifier'

2017-11-20 12:32:23 - [MESSAGE][PASSED] - Text 'install' is set on object 'Object Repository/input_Password'

2017-11-20 12:32:26 - [MESSAGE][PASSED] - Keys 'ENTER + ' sent to object: 'Object Repository/input_Password'

2017-11-20 12:32:26 - [MESSAGE][PASSED] - com.helper.commonfunct.utilities.login is PASSED

2017-11-20 12:32:26 - [TEST_STEP][PASSED] - com.helper.commonfunct.utilities.search: com.helper.commonfunct.utilities.search is PASSED

2017-11-20 12:32:27 - [MESSAGE][PASSED] - Current window maximized

2017-11-20 12:32:32 - [MESSAGE][PASSED] - Delayed 5 second(s)

2017-11-20 12:32:32 - [MESSAGE][PASSED] - Text 'ECR-20Nov2017-18' is set on object 'Object Repository/EngInfo/search'

2017-11-20 12:32:37 - [MESSAGE][PASSED] - Delayed 5 second(s)

2017-11-20 12:32:38 - [MESSAGE][PASSED] - Keys 'ENTER + ' sent to object: 'Object Repository/EngInfo/search'

2017-11-20 12:32:43 - [MESSAGE][PASSED] - Delayed 5 second(s)

2017-11-20 12:32:43 - [MESSAGE][PASSED] - com.helper.commonfunct.utilities.search is PASSED

2017-11-20 12:32:43 - [TEST_STEP][PASSED] - maximizeWindow: Current window maximized

2017-11-20 12:32:43 - [MESSAGE][PASSED] - Current window maximized

2017-11-20 12:32:43 - [TEST_STEP][PASSED] - com.helper.commonfunct.utilities.gsopsReject: com.helper.commonfunct.utilities.gsopsReject is PASSED

2017-11-20 12:32:48 - [MESSAGE][PASSED] - Delayed 5 second(s)

2017-11-20 12:32:48 - [MESSAGE][WARNING] - Timeout '0' is invalid. Using default page load timeout: '30'

2017-11-20 12:32:49 - [MESSAGE][WARNING] - Timeout '0' is invalid. Using default page load timeout: '30'

2017-11-20 12:32:50 - [MESSAGE][PASSED] - Scroll to object 'Object Repository/Approve-Reject/ReturnToRequestor' successfully

2017-11-20 12:32:50 - [MESSAGE][PASSED] - Object: 'Object Repository/Approve-Reject/ReturnToRequestor' is clicked on

2017-11-20 12:32:55 - [MESSAGE][PASSED] - Delayed 5 second(s)

2017-11-20 12:32:55 - [MESSAGE][PASSED] - Keys 'testing' sent to object: 'Object Repository/Approve-Reject/APPROVE_REJECT_NOTES'

2017-11-20 12:33:00 - [MESSAGE][PASSED] - Delayed 5 second(s)

2017-11-20 12:33:00 - [MESSAGE][WARNING] - Timeout '0' is invalid. Using default page load timeout: '30'

2017-11-20 12:33:00 - [MESSAGE][PASSED] - Scroll to object 'Object Repository/Generic/SUBMIT' successfully

2017-11-20 12:33:02 - [MESSAGE][PASSED] - Object: 'Object Repository/Generic/SUBMIT' is clicked on

2017-11-20 12:33:07 - [MESSAGE][PASSED] - Delayed 5 second(s)

2017-11-20 12:33:07 - [MESSAGE][PASSED] - Scroll to object 'Object Repository/NEXT_BUTTON' successfully

2017-11-20 12:33:08 - [MESSAGE][PASSED] - Object: 'Object Repository/NEXT_BUTTON' is clicked on

2017-11-20 12:33:13 - [MESSAGE][PASSED] - Delayed 5 second(s)

2017-11-20 12:33:13 - [MESSAGE][PASSED] - Scroll to object 'Object Repository/NEXT_BUTTON' successfully

2017-11-20 12:33:13 - [MESSAGE][PASSED] - Object: 'Object Repository/NEXT_BUTTON' is clicked on

2017-11-20 12:33:18 - [MESSAGE][PASSED] - Delayed 5 second(s)

2017-11-20 12:33:18 - [MESSAGE][PASSED] - Scroll to object 'Object Repository/Generic/FINISH_BUTTON' successfully

2017-11-20 12:33:18 - [MESSAGE][PASSED] - Object: 'Object Repository/Generic/FINISH_BUTTON' is clicked on

2017-11-20 12:33:23 - [MESSAGE][PASSED] - Delayed 5 second(s)

2017-11-20 12:33:23 - [MESSAGE][PASSED] - Text of object 'Object Repository/WO' is: 'ECR-20Nov2017-18'

2017-11-20 12:33:23 - [MESSAGE][PASSED] - Text of object 'Object Repository/ECR/WOSTATUS' is: 'Pending-RDApproval'

2017-11-20 12:33:23 - [MESSAGE][PASSED] - com.helper.commonfunct.utilities.gsopsReject is PASSED

2017-11-20 12:33:23 - [TEST_STEP][PASSED] - Statement - OpsReject = false: null

2017-11-20 12:33:23 - [TEST_STEP][PASSED] - Statement - For ([j = 0, j < AssignmentList.size(), (j++)]): com.helper.commonfunct.utilities.WOstatus is PASSED

2017-11-20 12:33:23 - [TEST_STEP][PASSED] - Statement - Status = text: null

2017-11-20 12:33:24 - [TEST_STEP][PASSED] - Statement - println(Status): null

2017-11-20 12:33:24 - [TEST_STEP][PASSED] - Statement - If (Status == "Pending-RDApproval"): com.helper.commonfunct.utilities.WOstatus is PASSED

2017-11-20 12:33:24 - [TEST_STEP][PASSED] - Statement - If (RDReject == false): com.helper.commonfunct.utilities.WOstatus is PASSED

2017-11-20 12:33:24 - [TEST_STEP][PASSED] - Statement - If (Meeting == true): null

2017-11-20 12:33:24 - [TEST_STEP][PASSED] - Statement - Else: com.helper.commonfunct.utilities.WOstatus is PASSED

2017-11-20 12:33:24 - [TEST_STEP][PASSED] - com.helper.commonfunct.utilities.login: com.helper.commonfunct.utilities.login is PASSED

2017-11-20 12:33:24 - [MESSAGE][WARNING] - A browser is already opened. Closing browser and opening a new one

2017-11-20 12:33:27 - [MESSAGE][PASSED] - Browser is opened with url: ''

2017-11-20 12:33:28 - [MESSAGE][PASSED] - Navigate to 'https://vtcpqa2.rpega.com:9030/tcpqa/PRServlet' successfully

2017-11-20 12:33:28 - [MESSAGE][PASSED] - Text 'langr1@pegasystems.com' is set on object 'Object Repository/input_UserIdentifier'

2017-11-20 12:33:28 - [MESSAGE][PASSED] - Text 'install' is set on object 'Object Repository/input_Password'

2017-11-20 12:33:32 - [MESSAGE][PASSED] - Keys 'ENTER + ' sent to object: 'Object Repository/input_Password'

2017-11-20 12:33:32 - [MESSAGE][PASSED] - com.helper.commonfunct.utilities.login is PASSED

2017-11-20 12:33:32 - [TEST_STEP][PASSED] - com.helper.commonfunct.utilities.search: com.helper.commonfunct.utilities.search is PASSED

2017-11-20 12:33:33 - [MESSAGE][PASSED] - Current window maximized

2017-11-20 12:33:38 - [MESSAGE][PASSED] - Delayed 5 second(s)

2017-11-20 12:33:38 - [MESSAGE][PASSED] - Text 'ECR-20Nov2017-18' is set on object 'Object Repository/EngInfo/search'

2017-11-20 12:33:43 - [MESSAGE][PASSED] - Delayed 5 second(s)

2017-11-20 12:33:43 - [MESSAGE][PASSED] - Keys 'ENTER + ' sent to object: 'Object Repository/EngInfo/search'

2017-11-20 12:33:48 - [MESSAGE][PASSED] - Delayed 5 second(s)

2017-11-20 12:33:48 - [MESSAGE][PASSED] - com.helper.commonfunct.utilities.search is PASSED

2017-11-20 12:33:48 - [TEST_STEP][PASSED] - com.helper.commonfunct.utilities.approve: com.helper.commonfunct.utilities.approve is PASSED

2017-11-20 12:33:53 - [MESSAGE][PASSED] - Delayed 5 second(s)

2017-11-20 12:33:53 - [MESSAGE][WARNING] - Timeout '0' is invalid. Using default page load timeout: '30'

2017-11-20 12:33:55 - [MESSAGE][PASSED] - Object: 'Object Repository/Approve-Reject/link_assignment' is clicked on

2017-11-20 12:34:00 - [MESSAGE][PASSED] - Delayed 5 second(s)

2017-11-20 12:34:00 - [MESSAGE][WARNING] - Timeout '0' is invalid. Using default page load timeout: '30'

2017-11-20 12:34:00 - [MESSAGE][PASSED] - Scroll to object 'Object Repository/Approve-Reject/APPROVE_BUTTON' successfully

2017-11-20 12:34:00 - [MESSAGE][PASSED] - Object: 'Object Repository/Approve-Reject/APPROVE_BUTTON' is clicked on

2017-11-20 12:34:05 - [MESSAGE][PASSED] - Delayed 5 second(s)

2017-11-20 12:34:06 - [MESSAGE][PASSED] - Keys 'testing' sent to object: 'Object Repository/Approve-Reject/APPROVE_REJECT_NOTES'

2017-11-20 12:34:11 - [MESSAGE][PASSED] - Delayed 5 second(s)

2017-11-20 12:34:11 - [MESSAGE][WARNING] - Timeout '0' is invalid. Using default page load timeout: '30'

2017-11-20 12:34:11 - [MESSAGE][PASSED] - Scroll to object 'Object Repository/Generic/SUBMIT' successfully

2017-11-20 12:34:11 - [MESSAGE][PASSED] - Object: 'Object Repository/Generic/SUBMIT' is clicked on

2017-11-20 12:34:16 - [MESSAGE][PASSED] - Delayed 5 second(s)

2017-11-20 12:34:16 - [MESSAGE][PASSED] - com.helper.commonfunct.utilities.approve is PASSED

2017-11-20 12:34:16 - [TEST_STEP][PASSED] - com.helper.commonfunct.utilities.WOstatus: com.helper.commonfunct.utilities.WOstatus is PASSED

2017-11-20 12:34:16 - [MESSAGE][PASSED] - Text of object 'Object Repository/ECR/WOSTATUS' is: 'Pending-Approval'

2017-11-20 12:34:16 - [MESSAGE][PASSED] - com.helper.commonfunct.utilities.WOstatus is PASSED

2017-11-20 12:34:16 - [TEST_STEP][PASSED] - Statement - Status = text: null

2017-11-20 12:34:16 - [TEST_STEP][PASSED] - Statement - println(Status): null

2017-11-20 12:34:16 - [TEST_STEP][PASSED] - Statement - If (Status == "Pending-RDApproval"): null

2017-11-20 12:34:16 - [TEST_STEP][PASSED] - Statement - Else If (Status == "Pending-RLApproval"): null

2017-11-20 12:34:16 - [TEST_STEP][PASSED] - Statement - Else If (Status == "Pending-RDDApproval"): null

2017-11-20 12:34:16 - [TEST_STEP][PASSED] - Statement - Else If (Status == "Pending-OPSApproval"): com.helper.commonfunct.utilities.WOstatus is PASSED

2017-11-20 12:34:16 - [TEST_STEP][PASSED] - Statement - If (OpsReject == false): com.helper.commonfunct.utilities.WOstatus is PASSED

2017-11-20 12:34:16 - [TEST_STEP][PASSED] - com.helper.commonfunct.utilities.login: com.helper.commonfunct.utilities.login is PASSED

2017-11-20 12:34:16 - [MESSAGE][WARNING] - A browser is already opened. Closing browser and opening a new one

2017-11-20 12:34:19 - [MESSAGE][PASSED] - Browser is opened with url: ''

2017-11-20 12:34:20 - [MESSAGE][PASSED] - Navigate to 'https://vtcpqa2.rpega.com:9030/tcpqa/PRServlet' successfully

2017-11-20 12:34:22 - [MESSAGE][PASSED] - Text 'pogoa@pegasystems.com' is set on object 'Object Repository/input_UserIdentifier'

2017-11-20 12:34:22 - [MESSAGE][PASSED] - Text 'install' is set on object 'Object Repository/input_Password'

2017-11-20 12:34:29 - [MESSAGE][PASSED] - Keys 'ENTER + ' sent to object: 'Object Repository/input_Password'

2017-11-20 12:34:29 - [MESSAGE][PASSED] - com.helper.commonfunct.utilities.login is PASSED

2017-11-20 12:34:29 - [TEST_STEP][PASSED] - com.helper.commonfunct.utilities.search: com.helper.commonfunct.utilities.search is PASSED

2017-11-20 12:34:30 - [MESSAGE][PASSED] - Current window maximized

2017-11-20 12:34:35 - [MESSAGE][PASSED] - Delayed 5 second(s)

2017-11-20 12:34:35 - [MESSAGE][PASSED] - Text 'ECR-20Nov2017-18' is set on object 'Object Repository/EngInfo/search'

2017-11-20 12:34:40 - [MESSAGE][PASSED] - Delayed 5 second(s)

2017-11-20 12:34:40 - [MESSAGE][PASSED] - Keys 'ENTER + ' sent to object: 'Object Repository/EngInfo/search'

2017-11-20 12:34:45 - [MESSAGE][PASSED] - Delayed 5 second(s)

2017-11-20 12:34:45 - [MESSAGE][PASSED] - com.helper.commonfunct.utilities.search is PASSED

2017-11-20 12:34:45 - [TEST_STEP][PASSED] - com.helper.commonfunct.utilities.gsopsApprove: com.helper.commonfunct.utilities.gsopsApprove is PASSED

2017-11-20 12:34:50 - [MESSAGE][PASSED] - Delayed 5 second(s)

2017-11-20 12:34:50 - [MESSAGE][WARNING] - Timeout '0' is invalid. Using default page load timeout: '30'

2017-11-20 12:34:52 - [MESSAGE][WARNING] - Timeout '0' is invalid. Using default page load timeout: '30'

2017-11-20 12:34:52 - [MESSAGE][PASSED] - Scroll to object 'Object Repository/Approve-Reject/APPROVE_BUTTON' successfully

2017-11-20 12:34:52 - [MESSAGE][PASSED] - Object: 'Object Repository/Approve-Reject/APPROVE_BUTTON' is clicked on

2017-11-20 12:34:57 - [MESSAGE][PASSED] - Delayed 5 second(s)

2017-11-20 12:34:58 - [MESSAGE][PASSED] - Keys 'testing' sent to object: 'Object Repository/Approve-Reject/APPROVE_REJECT_NOTES'

2017-11-20 12:35:03 - [MESSAGE][PASSED] - Delayed 5 second(s)

2017-11-20 12:35:03 - [MESSAGE][WARNING] - Timeout '0' is invalid. Using default page load timeout: '30'

2017-11-20 12:35:03 - [MESSAGE][PASSED] - Scroll to object 'Object Repository/Generic/SUBMIT' successfully

2017-11-20 12:35:03 - [MESSAGE][PASSED] - Object: 'Object Repository/Generic/SUBMIT' is clicked on

2017-11-20 12:35:08 - [MESSAGE][PASSED] - Delayed 5 second(s)

2017-11-20 12:35:08 - [MESSAGE][PASSED] - com.helper.commonfunct.utilities.gsopsApprove is PASSED

2017-11-20 12:35:08 - [TEST_STEP][PASSED] - com.helper.commonfunct.utilities.WOstatus: com.helper.commonfunct.utilities.WOstatus is PASSED

2017-11-20 12:35:08 - [MESSAGE][PASSED] - Text of object 'Object Repository/ECR/WOSTATUS' is: 'Pending-Approval'

2017-11-20 12:35:08 - [MESSAGE][PASSED] - com.helper.commonfunct.utilities.WOstatus is PASSED

2017-11-20 12:35:08 - [TEST_STEP][PASSED] - Statement - For ([j = 0, j < AssignmentList.size(), (j++)]): null

2017-11-20 12:35:08 - [TEST_STEP][PASSED] - Statement - Status = text: null

2017-11-20 12:35:08 - [TEST_STEP][PASSED] - Statement - println(Status): null

2017-11-20 12:35:08 - [TEST_STEP][PASSED] - Statement - If (Status == "Pending-RDApproval"): null

2017-11-20 12:35:08 - [TEST_STEP][PASSED] - Statement - Else If (Status == "Pending-RLApproval"): null

2017-11-20 12:35:08 - [TEST_STEP][PASSED] - Statement - Else If (Status == "Pending-RDDApproval"): null

2017-11-20 12:35:08 - [TEST_STEP][PASSED] - Statement - If (RDD_Reject == false): null

2017-11-20 12:35:08 - [TEST_STEP][PASSED] - Statement - Else: null

2017-11-20 12:35:08 - [TEST_STEP][PASSED] - com.helper.commonfunct.utilities.login: com.helper.commonfunct.utilities.login is PASSED

2017-11-20 12:35:08 - [MESSAGE][WARNING] - A browser is already opened. Closing browser and opening a new one

2017-11-20 12:35:11 - [MESSAGE][PASSED] - Browser is opened with url: ''

2017-11-20 12:35:12 - [MESSAGE][PASSED] - Navigate to 'https://vtcpqa2.rpega.com:9030/tcpqa/PRServlet' successfully

2017-11-20 12:35:12 - [MESSAGE][PASSED] - Text 'lachd@pegasystems.com' is set on object 'Object Repository/input_UserIdentifier'

2017-11-20 12:35:12 - [MESSAGE][PASSED] - Text 'install' is set on object 'Object Repository/input_Password'

2017-11-20 12:35:15 - [MESSAGE][PASSED] - Keys 'ENTER + ' sent to object: 'Object Repository/input_Password'

2017-11-20 12:35:15 - [MESSAGE][PASSED] - com.helper.commonfunct.utilities.login is PASSED

2017-11-20 12:35:15 - [TEST_STEP][PASSED] - com.helper.commonfunct.utilities.search: com.helper.commonfunct.utilities.search is PASSED

2017-11-20 12:35:16 - [MESSAGE][PASSED] - Current window maximized

2017-11-20 12:35:21 - [MESSAGE][PASSED] - Delayed 5 second(s)

2017-11-20 12:35:22 - [MESSAGE][PASSED] - Text 'ECR-20Nov2017-18' is set on object 'Object Repository/EngInfo/search'

2017-11-20 12:35:27 - [MESSAGE][PASSED] - Delayed 5 second(s)

2017-11-20 12:35:27 - [MESSAGE][PASSED] - Keys 'ENTER + ' sent to object: 'Object Repository/EngInfo/search'

2017-11-20 12:35:32 - [MESSAGE][PASSED] - Delayed 5 second(s)

2017-11-20 12:35:32 - [MESSAGE][PASSED] - com.helper.commonfunct.utilities.search is PASSED

2017-11-20 12:35:32 - [TEST_STEP][PASSED] - com.helper.commonfunct.utilities.reject: com.helper.commonfunct.utilities.reject is PASSED

2017-11-20 12:35:37 - [MESSAGE][PASSED] - Delayed 5 second(s)

2017-11-20 12:35:37 - [MESSAGE][WARNING] - Timeout '0' is invalid. Using default page load timeout: '30'

2017-11-20 12:35:39 - [MESSAGE][PASSED] - Object: 'Object Repository/Approve-Reject/link_assignment' is clicked on

2017-11-20 12:35:44 - [MESSAGE][PASSED] - Delayed 5 second(s)

2017-11-20 12:35:44 - [MESSAGE][WARNING] - Timeout '0' is invalid. Using default page load timeout: '30'

2017-11-20 12:35:44 - [MESSAGE][PASSED] - Scroll to object 'Object Repository/Approve-Reject/ReturnToRequestor' successfully

2017-11-20 12:35:44 - [MESSAGE][PASSED] - Object: 'Object Repository/Approve-Reject/ReturnToRequestor' is clicked on

2017-11-20 12:35:49 - [MESSAGE][PASSED] - Delayed 5 second(s)

2017-11-20 12:35:49 - [MESSAGE][PASSED] - Keys 'testing' sent to object: 'Object Repository/Approve-Reject/APPROVE_REJECT_NOTES'

2017-11-20 12:35:54 - [MESSAGE][PASSED] - Delayed 5 second(s)

2017-11-20 12:35:54 - [MESSAGE][WARNING] - Timeout '0' is invalid. Using default page load timeout: '30'

2017-11-20 12:35:54 - [MESSAGE][PASSED] - Scroll to object 'Object Repository/Generic/SUBMIT' successfully

2017-11-20 12:35:54 - [MESSAGE][PASSED] - Object: 'Object Repository/Generic/SUBMIT' is clicked on

2017-11-20 12:35:59 - [MESSAGE][PASSED] - Delayed 5 second(s)

2017-11-20 12:35:59 - [MESSAGE][PASSED] - com.helper.commonfunct.utilities.reject is PASSED

2017-11-20 12:35:59 - [TEST_STEP][PASSED] - Statement - RDD_Reject = false: null

2017-11-20 12:35:59 - [TEST_STEP][PASSED] - com.helper.commonfunct.utilities.WOstatus: com.helper.commonfunct.utilities.WOstatus is PASSED

2017-11-20 12:35:59 - [MESSAGE][PASSED] - Text of object 'Object Repository/ECR/WOSTATUS' is: 'Pending-DocUpdate'

2017-11-20 12:35:59 - [MESSAGE][PASSED] - com.helper.commonfunct.utilities.WOstatus is PASSED

2017-11-20 12:35:59 - [TEST_STEP][PASSED] - Statement - println(Status): null

2017-11-20 12:35:59 - [TEST_STEP][PASSED] - Statement - For ([j = 0, j < AssignmentList.size(), (j++)]): Delayed 3 second(s)

2017-11-20 12:35:59 - [TEST_STEP][PASSED] - Statement - Status = text: null

2017-11-20 12:35:59 - [TEST_STEP][PASSED] - Statement - println(Status): null

2017-11-20 12:35:59 - [TEST_STEP][PASSED] - Statement - If (Status == "Pending-RDApproval"): null

2017-11-20 12:35:59 - [TEST_STEP][PASSED] - Statement - Else If (Status == "Pending-RLApproval"): null

2017-11-20 12:35:59 - [TEST_STEP][PASSED] - Statement - Else If (Status == "Pending-RDDApproval"): null

2017-11-20 12:35:59 - [TEST_STEP][PASSED] - Statement - Else If (Status == "Pending-OPSApproval"): null

2017-11-20 12:35:59 - [TEST_STEP][PASSED] - Statement - Else If (Status == "Pending-ExpSvcApproval"): null

2017-11-20 12:35:59 - [TEST_STEP][PASSED] - Statement - Else If (Status == "Pending-DocUpdate"): Delayed 3 second(s)

2017-11-20 12:35:59 - [TEST_STEP][PASSED] - Statement - If (Meeting == false): Delayed 3 second(s)

2017-11-20 12:35:59 - [TEST_STEP][PASSED] - com.helper.commonfunct.utilities.login: com.helper.commonfunct.utilities.login is PASSED

2017-11-20 12:35:59 - [MESSAGE][WARNING] - A browser is already opened. Closing browser and opening a new one

2017-11-20 12:36:03 - [MESSAGE][PASSED] - Browser is opened with url: ''

2017-11-20 12:36:03 - [MESSAGE][PASSED] - Navigate to 'https://vtcpqa2.rpega.com:9030/tcpqa/PRServlet' successfully

2017-11-20 12:36:03 - [MESSAGE][PASSED] - Text 'pogoa@pegasystems.com' is set on object 'Object Repository/input_UserIdentifier'

2017-11-20 12:36:04 - [MESSAGE][PASSED] - Text 'install' is set on object 'Object Repository/input_Password'

2017-11-20 12:36:07 - [MESSAGE][PASSED] - Keys 'ENTER + ' sent to object: 'Object Repository/input_Password'

2017-11-20 12:36:07 - [MESSAGE][PASSED] - com.helper.commonfunct.utilities.login is PASSED

2017-11-20 12:36:07 - [TEST_STEP][PASSED] - com.helper.commonfunct.utilities.search: com.helper.commonfunct.utilities.search is PASSED

2017-11-20 12:36:08 - [MESSAGE][PASSED] - Current window maximized

2017-11-20 12:36:13 - [MESSAGE][PASSED] - Delayed 5 second(s)

2017-11-20 12:36:13 - [MESSAGE][PASSED] - Text 'ECR-20Nov2017-18' is set on object 'Object Repository/EngInfo/search'

2017-11-20 12:36:18 - [MESSAGE][PASSED] - Delayed 5 second(s)

2017-11-20 12:36:18 - [MESSAGE][PASSED] - Keys 'ENTER + ' sent to object: 'Object Repository/EngInfo/search'

2017-11-20 12:36:23 - [MESSAGE][PASSED] - Delayed 5 second(s)

2017-11-20 12:36:23 - [MESSAGE][PASSED] - com.helper.commonfunct.utilities.search is PASSED

2017-11-20 12:36:23 - [TEST_STEP][PASSED] - maximizeWindow: Current window maximized

2017-11-20 12:36:23 - [MESSAGE][PASSED] - Current window maximized

2017-11-20 12:36:23 - [TEST_STEP][PASSED] - com.helper.commonfunct.utilities.docUpdate: com.helper.commonfunct.utilities.docUpdate is PASSED

2017-11-20 12:36:23 - [MESSAGE][WARNING] - Timeout '0' is invalid. Using default page load timeout: '30'

2017-11-20 12:36:28 - [MESSAGE][PASSED] - Delayed 5 second(s)

2017-11-20 12:36:30 - [MESSAGE][PASSED] - Object: 'Object Repository/Approve-Reject/linktoupdateEngData' is clicked on

2017-11-20 12:36:30 - [MESSAGE][WARNING] - Timeout '0' is invalid. Using default page load timeout: '30'

2017-11-20 12:36:30 - [MESSAGE][PASSED] - Scroll to object 'Object Repository/NEXT_BUTTON' successfully

2017-11-20 12:36:30 - [MESSAGE][PASSED] - Object: 'Object Repository/NEXT_BUTTON' is clicked on

2017-11-20 12:36:35 - [MESSAGE][PASSED] - Delayed 5 second(s)

2017-11-20 12:36:35 - [MESSAGE][WARNING] - Timeout '0' is invalid. Using default page load timeout: '30'

2017-11-20 12:36:35 - [MESSAGE][PASSED] - Scroll to object 'Object Repository/NEXT_BUTTON' successfully

2017-11-20 12:36:35 - [MESSAGE][PASSED] - Object: 'Object Repository/NEXT_BUTTON' is clicked on

2017-11-20 12:36:40 - [MESSAGE][PASSED] - Delayed 5 second(s)

2017-11-20 12:36:40 - [MESSAGE][PASSED] - Wait for page load successfully

2017-11-20 12:36:40 - [MESSAGE][WARNING] - Timeout '0' is invalid. Using default page load timeout: '30'

2017-11-20 12:36:40 - [MESSAGE][PASSED] - Scroll to object 'Object Repository/Generic/FINISH_BUTTON' successfully

2017-11-20 12:36:43 - [MESSAGE][PASSED] - Object: 'Object Repository/Generic/FINISH_BUTTON' is clicked on

2017-11-20 12:36:48 - [MESSAGE][PASSED] - Delayed 5 second(s)

2017-11-20 12:36:48 - [MESSAGE][PASSED] - Wait for page load successfully

2017-11-20 12:36:48 - [MESSAGE][PASSED] - com.helper.commonfunct.utilities.docUpdate is PASSED

2017-11-20 12:36:48 - [TEST_STEP][PASSED] - com.helper.commonfunct.utilities.WOstatus: com.helper.commonfunct.utilities.WOstatus is PASSED

2017-11-20 12:36:48 - [MESSAGE][PASSED] - Text of object 'Object Repository/ECR/WOSTATUS' is: 'Pending-RDApproval'

2017-11-20 12:36:48 - [MESSAGE][PASSED] - com.helper.commonfunct.utilities.WOstatus is PASSED

2017-11-20 12:36:48 - [TEST_STEP][PASSED] - delay: Delayed 3 second(s)

2017-11-20 12:36:51 - [MESSAGE][PASSED] - Delayed 3 second(s)

2017-11-20 12:36:51 - [TEST_STEP][PASSED] - Statement - For ([j = 0, j < AssignmentList.size(), (j++)]): com.helper.commonfunct.utilities.WOstatus is PASSED

2017-11-20 12:36:51 - [TEST_STEP][PASSED] - Statement - Status = text: null

2017-11-20 12:36:52 - [TEST_STEP][PASSED] - Statement - println(Status): null

2017-11-20 12:36:52 - [TEST_STEP][PASSED] - Statement - If (Status == "Pending-RDApproval"): com.helper.commonfunct.utilities.WOstatus is PASSED

2017-11-20 12:36:52 - [TEST_STEP][PASSED] - Statement - If (RDReject == false): com.helper.commonfunct.utilities.WOstatus is PASSED

2017-11-20 12:36:52 - [TEST_STEP][PASSED] - Statement - If (Meeting == true): null

2017-11-20 12:36:52 - [TEST_STEP][PASSED] - Statement - Else: com.helper.commonfunct.utilities.WOstatus is PASSED

2017-11-20 12:36:52 - [TEST_STEP][PASSED] - com.helper.commonfunct.utilities.login: com.helper.commonfunct.utilities.login is PASSED

2017-11-20 12:36:52 - [MESSAGE][WARNING] - A browser is already opened. Closing browser and opening a new one

2017-11-20 12:36:55 - [MESSAGE][PASSED] - Browser is opened with url: ''

2017-11-20 12:36:55 - [MESSAGE][PASSED] - Navigate to 'https://vtcpqa2.rpega.com:9030/tcpqa/PRServlet' successfully

2017-11-20 12:36:56 - [MESSAGE][PASSED] - Text 'langr1@pegasystems.com' is set on object 'Object Repository/input_UserIdentifier'

2017-11-20 12:36:56 - [MESSAGE][PASSED] - Text 'install' is set on object 'Object Repository/input_Password'

2017-11-20 12:36:59 - [MESSAGE][PASSED] - Keys 'ENTER + ' sent to object: 'Object Repository/input_Password'

2017-11-20 12:36:59 - [MESSAGE][PASSED] - com.helper.commonfunct.utilities.login is PASSED

2017-11-20 12:36:59 - [TEST_STEP][PASSED] - com.helper.commonfunct.utilities.search: com.helper.commonfunct.utilities.search is PASSED

2017-11-20 12:37:00 - [MESSAGE][PASSED] - Current window maximized

2017-11-20 12:37:05 - [MESSAGE][PASSED] - Delayed 5 second(s)

2017-11-20 12:37:05 - [MESSAGE][PASSED] - Text 'ECR-20Nov2017-18' is set on object 'Object Repository/EngInfo/search'

2017-11-20 12:37:10 - [MESSAGE][PASSED] - Delayed 5 second(s)

2017-11-20 12:37:10 - [MESSAGE][PASSED] - Keys 'ENTER + ' sent to object: 'Object Repository/EngInfo/search'

2017-11-20 12:37:15 - [MESSAGE][PASSED] - Delayed 5 second(s)

2017-11-20 12:37:15 - [MESSAGE][PASSED] - com.helper.commonfunct.utilities.search is PASSED

2017-11-20 12:37:15 - [TEST_STEP][PASSED] - com.helper.commonfunct.utilities.approve: com.helper.commonfunct.utilities.approve is PASSED

2017-11-20 12:37:20 - [MESSAGE][PASSED] - Delayed 5 second(s)

2017-11-20 12:37:20 - [MESSAGE][WARNING] - Timeout '0' is invalid. Using default page load timeout: '30'

2017-11-20 12:37:22 - [MESSAGE][PASSED] - Object: 'Object Repository/Approve-Reject/link_assignment' is clicked on

2017-11-20 12:37:27 - [MESSAGE][PASSED] - Delayed 5 second(s)

2017-11-20 12:37:27 - [MESSAGE][WARNING] - Timeout '0' is invalid. Using default page load timeout: '30'

2017-11-20 12:37:27 - [MESSAGE][PASSED] - Scroll to object 'Object Repository/Approve-Reject/APPROVE_BUTTON' successfully

2017-11-20 12:37:27 - [MESSAGE][PASSED] - Object: 'Object Repository/Approve-Reject/APPROVE_BUTTON' is clicked on

2017-11-20 12:37:32 - [MESSAGE][PASSED] - Delayed 5 second(s)

2017-11-20 12:37:32 - [MESSAGE][PASSED] - Keys 'testing' sent to object: 'Object Repository/Approve-Reject/APPROVE_REJECT_NOTES'

2017-11-20 12:37:37 - [MESSAGE][PASSED] - Delayed 5 second(s)

2017-11-20 12:37:37 - [MESSAGE][WARNING] - Timeout '0' is invalid. Using default page load timeout: '30'

2017-11-20 12:37:37 - [MESSAGE][PASSED] - Scroll to object 'Object Repository/Generic/SUBMIT' successfully

2017-11-20 12:37:38 - [MESSAGE][PASSED] - Object: 'Object Repository/Generic/SUBMIT' is clicked on

2017-11-20 12:37:43 - [MESSAGE][PASSED] - Delayed 5 second(s)

2017-11-20 12:37:43 - [MESSAGE][PASSED] - com.helper.commonfunct.utilities.approve is PASSED

2017-11-20 12:37:43 - [TEST_STEP][PASSED] - com.helper.commonfunct.utilities.WOstatus: com.helper.commonfunct.utilities.WOstatus is PASSED

2017-11-20 12:37:43 - [MESSAGE][PASSED] - Text of object 'Object Repository/ECR/WOSTATUS' is: 'Pending-Approval'

2017-11-20 12:37:43 - [MESSAGE][PASSED] - com.helper.commonfunct.utilities.WOstatus is PASSED

2017-11-20 12:37:43 - [TEST_STEP][PASSED] - Statement - Status = text: null

2017-11-20 12:37:43 - [TEST_STEP][PASSED] - Statement - println(Status): null

2017-11-20 12:37:43 - [TEST_STEP][PASSED] - Statement - If (Status == "Pending-RDApproval"): null

2017-11-20 12:37:43 - [TEST_STEP][PASSED] - Statement - Else If (Status == "Pending-RLApproval"): null

2017-11-20 12:37:43 - [TEST_STEP][PASSED] - Statement - Else If (Status == "Pending-RDDApproval"): null

2017-11-20 12:37:43 - [TEST_STEP][PASSED] - Statement - Else If (Status == "Pending-OPSApproval"): com.helper.commonfunct.utilities.WOstatus is PASSED

2017-11-20 12:37:43 - [TEST_STEP][PASSED] - Statement - If (OpsReject == false): com.helper.commonfunct.utilities.WOstatus is PASSED

2017-11-20 12:37:43 - [TEST_STEP][PASSED] - com.helper.commonfunct.utilities.login: com.helper.commonfunct.utilities.login is PASSED

2017-11-20 12:37:43 - [MESSAGE][WARNING] - A browser is already opened. Closing browser and opening a new one

2017-11-20 12:37:46 - [MESSAGE][PASSED] - Browser is opened with url: ''

2017-11-20 12:37:46 - [MESSAGE][PASSED] - Navigate to 'https://vtcpqa2.rpega.com:9030/tcpqa/PRServlet' successfully

2017-11-20 12:37:47 - [MESSAGE][PASSED] - Text 'pogoa@pegasystems.com' is set on object 'Object Repository/input_UserIdentifier'

2017-11-20 12:37:47 - [MESSAGE][PASSED] - Text 'install' is set on object 'Object Repository/input_Password'

2017-11-20 12:37:50 - [MESSAGE][PASSED] - Keys 'ENTER + ' sent to object: 'Object Repository/input_Password'

2017-11-20 12:37:50 - [MESSAGE][PASSED] - com.helper.commonfunct.utilities.login is PASSED

2017-11-20 12:37:50 - [TEST_STEP][PASSED] - com.helper.commonfunct.utilities.search: com.helper.commonfunct.utilities.search is PASSED

2017-11-20 12:37:52 - [MESSAGE][PASSED] - Current window maximized

2017-11-20 12:37:57 - [MESSAGE][PASSED] - Delayed 5 second(s)

2017-11-20 12:37:57 - [MESSAGE][PASSED] - Text 'ECR-20Nov2017-18' is set on object 'Object Repository/EngInfo/search'

2017-11-20 12:38:02 - [MESSAGE][PASSED] - Delayed 5 second(s)

2017-11-20 12:38:02 - [MESSAGE][PASSED] - Keys 'ENTER + ' sent to object: 'Object Repository/EngInfo/search'

2017-11-20 12:38:07 - [MESSAGE][PASSED] - Delayed 5 second(s)

2017-11-20 12:38:07 - [MESSAGE][PASSED] - com.helper.commonfunct.utilities.search is PASSED

2017-11-20 12:38:07 - [TEST_STEP][PASSED] - com.helper.commonfunct.utilities.gsopsApprove: com.helper.commonfunct.utilities.gsopsApprove is PASSED

2017-11-20 12:38:12 - [MESSAGE][PASSED] - Delayed 5 second(s)

2017-11-20 12:38:12 - [MESSAGE][WARNING] - Timeout '0' is invalid. Using default page load timeout: '30'

2017-11-20 12:38:14 - [MESSAGE][WARNING] - Timeout '0' is invalid. Using default page load timeout: '30'

2017-11-20 12:38:14 - [MESSAGE][PASSED] - Scroll to object 'Object Repository/Approve-Reject/APPROVE_BUTTON' successfully

2017-11-20 12:38:14 - [MESSAGE][PASSED] - Object: 'Object Repository/Approve-Reject/APPROVE_BUTTON' is clicked on

2017-11-20 12:38:19 - [MESSAGE][PASSED] - Delayed 5 second(s)

2017-11-20 12:38:19 - [MESSAGE][PASSED] - Keys 'testing' sent to object: 'Object Repository/Approve-Reject/APPROVE_REJECT_NOTES'

2017-11-20 12:38:24 - [MESSAGE][PASSED] - Delayed 5 second(s)

2017-11-20 12:38:24 - [MESSAGE][WARNING] - Timeout '0' is invalid. Using default page load timeout: '30'

2017-11-20 12:38:24 - [MESSAGE][PASSED] - Scroll to object 'Object Repository/Generic/SUBMIT' successfully

2017-11-20 12:38:25 - [MESSAGE][PASSED] - Object: 'Object Repository/Generic/SUBMIT' is clicked on

2017-11-20 12:38:30 - [MESSAGE][PASSED] - Delayed 5 second(s)

2017-11-20 12:38:30 - [MESSAGE][PASSED] - com.helper.commonfunct.utilities.gsopsApprove is PASSED

2017-11-20 12:38:30 - [TEST_STEP][PASSED] - com.helper.commonfunct.utilities.WOstatus: com.helper.commonfunct.utilities.WOstatus is PASSED

2017-11-20 12:38:30 - [MESSAGE][PASSED] - Text of object 'Object Repository/ECR/WOSTATUS' is: 'Pending-Approval'

2017-11-20 12:38:30 - [MESSAGE][PASSED] - com.helper.commonfunct.utilities.WOstatus is PASSED

2017-11-20 12:38:30 - [TEST_STEP][PASSED] - Statement - For ([j = 0, j < AssignmentList.size(), (j++)]): com.helper.commonfunct.utilities.WOstatus is PASSED

2017-11-20 12:38:30 - [TEST_STEP][PASSED] - Statement - Status = text: null

2017-11-20 12:38:30 - [TEST_STEP][PASSED] - Statement - println(Status): null

2017-11-20 12:38:30 - [TEST_STEP][PASSED] - Statement - If (Status == "Pending-RDApproval"): null

2017-11-20 12:38:30 - [TEST_STEP][PASSED] - Statement - Else If (Status == "Pending-RLApproval"): null

2017-11-20 12:38:30 - [TEST_STEP][PASSED] - Statement - Else If (Status == "Pending-RDDApproval"): com.helper.commonfunct.utilities.WOstatus is PASSED

2017-11-20 12:38:30 - [TEST_STEP][PASSED] - Statement - If (RDD_Reject == false): com.helper.commonfunct.utilities.WOstatus is PASSED

2017-11-20 12:38:30 - [TEST_STEP][PASSED] - com.helper.commonfunct.utilities.login: com.helper.commonfunct.utilities.login is PASSED

2017-11-20 12:38:30 - [MESSAGE][WARNING] - A browser is already opened. Closing browser and opening a new one

2017-11-20 12:38:33 - [MESSAGE][PASSED] - Browser is opened with url: ''

2017-11-20 12:38:34 - [MESSAGE][PASSED] - Navigate to 'https://vtcpqa2.rpega.com:9030/tcpqa/PRServlet' successfully

2017-11-20 12:38:34 - [MESSAGE][PASSED] - Text 'lachd@pegasystems.com' is set on object 'Object Repository/input_UserIdentifier'

2017-11-20 12:38:34 - [MESSAGE][PASSED] - Text 'install' is set on object 'Object Repository/input_Password'

2017-11-20 12:38:38 - [MESSAGE][PASSED] - Keys 'ENTER + ' sent to object: 'Object Repository/input_Password'

2017-11-20 12:38:38 - [MESSAGE][PASSED] - com.helper.commonfunct.utilities.login is PASSED

2017-11-20 12:38:38 - [TEST_STEP][PASSED] - com.helper.commonfunct.utilities.search: com.helper.commonfunct.utilities.search is PASSED

2017-11-20 12:38:39 - [MESSAGE][PASSED] - Current window maximized

2017-11-20 12:38:44 - [MESSAGE][PASSED] - Delayed 5 second(s)

2017-11-20 12:38:45 - [MESSAGE][PASSED] - Text 'ECR-20Nov2017-18' is set on object 'Object Repository/EngInfo/search'

2017-11-20 12:38:50 - [MESSAGE][PASSED] - Delayed 5 second(s)

2017-11-20 12:38:51 - [MESSAGE][PASSED] - Keys 'ENTER + ' sent to object: 'Object Repository/EngInfo/search'

2017-11-20 12:38:56 - [MESSAGE][PASSED] - Delayed 5 second(s)

2017-11-20 12:38:56 - [MESSAGE][PASSED] - com.helper.commonfunct.utilities.search is PASSED

2017-11-20 12:38:56 - [TEST_STEP][PASSED] - com.helper.commonfunct.utilities.approve: com.helper.commonfunct.utilities.approve is PASSED

2017-11-20 12:39:01 - [MESSAGE][PASSED] - Delayed 5 second(s)

2017-11-20 12:39:01 - [MESSAGE][WARNING] - Timeout '0' is invalid. Using default page load timeout: '30'

2017-11-20 12:39:02 - [MESSAGE][PASSED] - Object: 'Object Repository/Approve-Reject/link_assignment' is clicked on

2017-11-20 12:39:07 - [MESSAGE][PASSED] - Delayed 5 second(s)

2017-11-20 12:39:07 - [MESSAGE][WARNING] - Timeout '0' is invalid. Using default page load timeout: '30'

2017-11-20 12:39:07 - [MESSAGE][PASSED] - Scroll to object 'Object Repository/Approve-Reject/APPROVE_BUTTON' successfully

2017-11-20 12:39:07 - [MESSAGE][PASSED] - Object: 'Object Repository/Approve-Reject/APPROVE_BUTTON' is clicked on

2017-11-20 12:39:12 - [MESSAGE][PASSED] - Delayed 5 second(s)

2017-11-20 12:39:12 - [MESSAGE][PASSED] - Keys 'testing' sent to object: 'Object Repository/Approve-Reject/APPROVE_REJECT_NOTES'

2017-11-20 12:39:17 - [MESSAGE][PASSED] - Delayed 5 second(s)

2017-11-20 12:39:17 - [MESSAGE][WARNING] - Timeout '0' is invalid. Using default page load timeout: '30'

2017-11-20 12:39:18 - [MESSAGE][PASSED] - Scroll to object 'Object Repository/Generic/SUBMIT' successfully

2017-11-20 12:39:18 - [MESSAGE][PASSED] - Object: 'Object Repository/Generic/SUBMIT' is clicked on

2017-11-20 12:39:23 - [MESSAGE][PASSED] - Delayed 5 second(s)

2017-11-20 12:39:23 - [MESSAGE][PASSED] - com.helper.commonfunct.utilities.approve is PASSED

2017-11-20 12:39:23 - [TEST_STEP][PASSED] - com.helper.commonfunct.utilities.WOstatus: com.helper.commonfunct.utilities.WOstatus is PASSED

2017-11-20 12:39:23 - [MESSAGE][PASSED] - Text of object 'Object Repository/ECR/WOSTATUS' is: 'Pending-Approval'

2017-11-20 12:39:23 - [MESSAGE][PASSED] - com.helper.commonfunct.utilities.WOstatus is PASSED

2017-11-20 12:39:23 - [TEST_STEP][PASSED] - Statement - For ([j = 0, j < AssignmentList.size(), (j++)]): com.helper.commonfunct.utilities.WOstatus is PASSED

2017-11-20 12:39:23 - [TEST_STEP][PASSED] - Statement - Status = text: null

2017-11-20 12:39:23 - [TEST_STEP][PASSED] - Statement - println(Status): null

2017-11-20 12:39:23 - [TEST_STEP][PASSED] - Statement - If (Status == "Pending-RDApproval"): null

2017-11-20 12:39:23 - [TEST_STEP][PASSED] - Statement - Else If (Status == "Pending-RLApproval"): null

2017-11-20 12:39:23 - [TEST_STEP][PASSED] - Statement - Else If (Status == "Pending-RDDApproval"): null

2017-11-20 12:39:23 - [TEST_STEP][PASSED] - Statement - Else If (Status == "Pending-OPSApproval"): null

2017-11-20 12:39:23 - [TEST_STEP][PASSED] - Statement - Else If (Status == "Pending-ExpSvcApproval"): com.helper.commonfunct.utilities.WOstatus is PASSED

2017-11-20 12:39:23 - [TEST_STEP][PASSED] - Statement - If (EXP_SVC_Reject == false): null

2017-11-20 12:39:23 - [TEST_STEP][PASSED] - Statement - Else: com.helper.commonfunct.utilities.WOstatus is PASSED

2017-11-20 12:39:23 - [TEST_STEP][PASSED] - com.helper.commonfunct.utilities.login: com.helper.commonfunct.utilities.login is PASSED

2017-11-20 12:39:23 - [MESSAGE][WARNING] - A browser is already opened. Closing browser and opening a new one

2017-11-20 12:39:27 - [MESSAGE][PASSED] - Browser is opened with url: ''

2017-11-20 12:39:28 - [MESSAGE][PASSED] - Navigate to 'https://vtcpqa2.rpega.com:9030/tcpqa/PRServlet' successfully

2017-11-20 12:39:28 - [MESSAGE][PASSED] - Text 'sachb@pegasystems.com' is set on object 'Object Repository/input_UserIdentifier'

2017-11-20 12:39:28 - [MESSAGE][PASSED] - Text 'install' is set on object 'Object Repository/input_Password'

2017-11-20 12:39:31 - [MESSAGE][PASSED] - Keys 'ENTER + ' sent to object: 'Object Repository/input_Password'

2017-11-20 12:39:31 - [MESSAGE][PASSED] - com.helper.commonfunct.utilities.login is PASSED

2017-11-20 12:39:31 - [TEST_STEP][PASSED] - com.helper.commonfunct.utilities.search: com.helper.commonfunct.utilities.search is PASSED

2017-11-20 12:39:32 - [MESSAGE][PASSED] - Current window maximized

2017-11-20 12:39:37 - [MESSAGE][PASSED] - Delayed 5 second(s)

2017-11-20 12:39:37 - [MESSAGE][PASSED] - Text 'ECR-20Nov2017-18' is set on object 'Object Repository/EngInfo/search'

2017-11-20 12:39:42 - [MESSAGE][PASSED] - Delayed 5 second(s)

2017-11-20 12:39:42 - [MESSAGE][PASSED] - Keys 'ENTER + ' sent to object: 'Object Repository/EngInfo/search'

2017-11-20 12:39:47 - [MESSAGE][PASSED] - Delayed 5 second(s)

2017-11-20 12:39:47 - [MESSAGE][PASSED] - com.helper.commonfunct.utilities.search is PASSED

2017-11-20 12:39:47 - [TEST_STEP][PASSED] - com.helper.commonfunct.utilities.reject: com.helper.commonfunct.utilities.reject is PASSED

2017-11-20 12:39:52 - [MESSAGE][PASSED] - Delayed 5 second(s)

2017-11-20 12:39:52 - [MESSAGE][WARNING] - Timeout '0' is invalid. Using default page load timeout: '30'

2017-11-20 12:39:54 - [MESSAGE][PASSED] - Object: 'Object Repository/Approve-Reject/link_assignment' is clicked on

2017-11-20 12:39:59 - [MESSAGE][PASSED] - Delayed 5 second(s)

2017-11-20 12:39:59 - [MESSAGE][WARNING] - Timeout '0' is invalid. Using default page load timeout: '30'

2017-11-20 12:39:59 - [MESSAGE][PASSED] - Scroll to object 'Object Repository/Approve-Reject/ReturnToRequestor' successfully

2017-11-20 12:39:59 - [MESSAGE][PASSED] - Object: 'Object Repository/Approve-Reject/ReturnToRequestor' is clicked on

2017-11-20 12:40:04 - [MESSAGE][PASSED] - Delayed 5 second(s)

2017-11-20 12:40:04 - [MESSAGE][PASSED] - Keys 'testing' sent to object: 'Object Repository/Approve-Reject/APPROVE_REJECT_NOTES'

2017-11-20 12:40:09 - [MESSAGE][PASSED] - Delayed 5 second(s)

2017-11-20 12:40:09 - [MESSAGE][WARNING] - Timeout '0' is invalid. Using default page load timeout: '30'

2017-11-20 12:40:09 - [MESSAGE][PASSED] - Scroll to object 'Object Repository/Generic/SUBMIT' successfully

2017-11-20 12:40:10 - [MESSAGE][PASSED] - Object: 'Object Repository/Generic/SUBMIT' is clicked on

2017-11-20 12:40:15 - [MESSAGE][PASSED] - Delayed 5 second(s)

2017-11-20 12:40:15 - [MESSAGE][PASSED] - com.helper.commonfunct.utilities.reject is PASSED

2017-11-20 12:40:15 - [TEST_STEP][PASSED] - Statement - EXP_SVC_Reject = false: null

2017-11-20 12:40:15 - [TEST_STEP][PASSED] - com.helper.commonfunct.utilities.WOstatus: com.helper.commonfunct.utilities.WOstatus is PASSED

2017-11-20 12:40:15 - [MESSAGE][PASSED] - Text of object 'Object Repository/ECR/WOSTATUS' is: 'Pending-DocUpdate'

2017-11-20 12:40:15 - [MESSAGE][PASSED] - com.helper.commonfunct.utilities.WOstatus is PASSED

2017-11-20 12:40:15 - [TEST_STEP][PASSED] - Statement - For ([j = 0, j < AssignmentList.size(), (j++)]): Delayed 3 second(s)

2017-11-20 12:40:15 - [TEST_STEP][PASSED] - Statement - Status = text: null

2017-11-20 12:40:15 - [TEST_STEP][PASSED] - Statement - println(Status): null

2017-11-20 12:40:15 - [TEST_STEP][PASSED] - Statement - If (Status == "Pending-RDApproval"): null

2017-11-20 12:40:15 - [TEST_STEP][PASSED] - Statement - Else If (Status == "Pending-RLApproval"): null

2017-11-20 12:40:15 - [TEST_STEP][PASSED] - Statement - Else If (Status == "Pending-RDDApproval"): null

2017-11-20 12:40:15 - [TEST_STEP][PASSED] - Statement - Else If (Status == "Pending-OPSApproval"): null

2017-11-20 12:40:15 - [TEST_STEP][PASSED] - Statement - Else If (Status == "Pending-ExpSvcApproval"): null

2017-11-20 12:40:15 - [TEST_STEP][PASSED] - Statement - Else If (Status == "Pending-DocUpdate"): Delayed 3 second(s)

2017-11-20 12:40:15 - [TEST_STEP][PASSED] - Statement - If (Meeting == false): Delayed 3 second(s)

2017-11-20 12:40:15 - [TEST_STEP][PASSED] - com.helper.commonfunct.utilities.login: com.helper.commonfunct.utilities.login is PASSED

2017-11-20 12:40:15 - [MESSAGE][WARNING] - A browser is already opened. Closing browser and opening a new one

2017-11-20 12:40:19 - [MESSAGE][PASSED] - Browser is opened with url: ''

2017-11-20 12:40:19 - [MESSAGE][PASSED] - Navigate to 'https://vtcpqa2.rpega.com:9030/tcpqa/PRServlet' successfully

2017-11-20 12:40:19 - [MESSAGE][PASSED] - Text 'pogoa@pegasystems.com' is set on object 'Object Repository/input_UserIdentifier'

2017-11-20 12:40:20 - [MESSAGE][PASSED] - Text 'install' is set on object 'Object Repository/input_Password'

2017-11-20 12:40:24 - [MESSAGE][PASSED] - Keys 'ENTER + ' sent to object: 'Object Repository/input_Password'

2017-11-20 12:40:24 - [MESSAGE][PASSED] - com.helper.commonfunct.utilities.login is PASSED

2017-11-20 12:40:24 - [TEST_STEP][PASSED] - com.helper.commonfunct.utilities.search: com.helper.commonfunct.utilities.search is PASSED

2017-11-20 12:40:25 - [MESSAGE][PASSED] - Current window maximized

2017-11-20 12:40:30 - [MESSAGE][PASSED] - Delayed 5 second(s)

2017-11-20 12:40:30 - [MESSAGE][PASSED] - Text 'ECR-20Nov2017-18' is set on object 'Object Repository/EngInfo/search'

2017-11-20 12:40:35 - [MESSAGE][PASSED] - Delayed 5 second(s)

2017-11-20 12:40:36 - [MESSAGE][PASSED] - Keys 'ENTER + ' sent to object: 'Object Repository/EngInfo/search'

2017-11-20 12:40:41 - [MESSAGE][PASSED] - Delayed 5 second(s)

2017-11-20 12:40:41 - [MESSAGE][PASSED] - com.helper.commonfunct.utilities.search is PASSED

2017-11-20 12:40:41 - [TEST_STEP][PASSED] - maximizeWindow: Current window maximized

2017-11-20 12:40:41 - [MESSAGE][PASSED] - Current window maximized

2017-11-20 12:40:41 - [TEST_STEP][PASSED] - com.helper.commonfunct.utilities.docUpdate: com.helper.commonfunct.utilities.docUpdate is PASSED

2017-11-20 12:40:41 - [MESSAGE][WARNING] - Timeout '0' is invalid. Using default page load timeout: '30'

2017-11-20 12:40:46 - [MESSAGE][PASSED] - Delayed 5 second(s)

2017-11-20 12:40:47 - [MESSAGE][PASSED] - Object: 'Object Repository/Approve-Reject/linktoupdateEngData' is clicked on

2017-11-20 12:40:47 - [MESSAGE][WARNING] - Timeout '0' is invalid. Using default page load timeout: '30'

2017-11-20 12:40:47 - [MESSAGE][PASSED] - Scroll to object 'Object Repository/NEXT_BUTTON' successfully

2017-11-20 12:40:48 - [MESSAGE][PASSED] - Object: 'Object Repository/NEXT_BUTTON' is clicked on

2017-11-20 12:40:53 - [MESSAGE][PASSED] - Delayed 5 second(s)

2017-11-20 12:40:53 - [MESSAGE][WARNING] - Timeout '0' is invalid. Using default page load timeout: '30'

2017-11-20 12:40:53 - [MESSAGE][PASSED] - Scroll to object 'Object Repository/NEXT_BUTTON' successfully

2017-11-20 12:40:53 - [MESSAGE][PASSED] - Object: 'Object Repository/NEXT_BUTTON' is clicked on

2017-11-20 12:40:58 - [MESSAGE][PASSED] - Delayed 5 second(s)

2017-11-20 12:40:58 - [MESSAGE][PASSED] - Wait for page load successfully

2017-11-20 12:40:58 - [MESSAGE][WARNING] - Timeout '0' is invalid. Using default page load timeout: '30'

2017-11-20 12:40:58 - [MESSAGE][PASSED] - Scroll to object 'Object Repository/Generic/FINISH_BUTTON' successfully

2017-11-20 12:40:58 - [MESSAGE][PASSED] - Object: 'Object Repository/Generic/FINISH_BUTTON' is clicked on

2017-11-20 12:41:03 - [MESSAGE][PASSED] - Delayed 5 second(s)

2017-11-20 12:41:03 - [MESSAGE][PASSED] - Wait for page load successfully

2017-11-20 12:41:03 - [MESSAGE][PASSED] - com.helper.commonfunct.utilities.docUpdate is PASSED

2017-11-20 12:41:03 - [TEST_STEP][PASSED] - com.helper.commonfunct.utilities.WOstatus: com.helper.commonfunct.utilities.WOstatus is PASSED

2017-11-20 12:41:03 - [MESSAGE][PASSED] - Text of object 'Object Repository/ECR/WOSTATUS' is: 'Pending-RDApproval'

2017-11-20 12:41:03 - [MESSAGE][PASSED] - com.helper.commonfunct.utilities.WOstatus is PASSED

2017-11-20 12:41:03 - [TEST_STEP][PASSED] - delay: Delayed 3 second(s)

2017-11-20 12:41:06 - [MESSAGE][PASSED] - Delayed 3 second(s)

2017-11-20 12:41:06 - [TEST_STEP][PASSED] - Statement - For ([j = 0, j < AssignmentList.size(), (j++)]): com.helper.commonfunct.utilities.WOstatus is PASSED

2017-11-20 12:41:06 - [TEST_STEP][PASSED] - Statement - Status = text: null

2017-11-20 12:41:06 - [TEST_STEP][PASSED] - Statement - println(Status): null

2017-11-20 12:41:06 - [TEST_STEP][PASSED] - Statement - If (Status == "Pending-RDApproval"): com.helper.commonfunct.utilities.WOstatus is PASSED

2017-11-20 12:41:06 - [TEST_STEP][PASSED] - Statement - If (RDReject == false): com.helper.commonfunct.utilities.WOstatus is PASSED

2017-11-20 12:41:06 - [TEST_STEP][PASSED] - Statement - If (Meeting == true): null

2017-11-20 12:41:06 - [TEST_STEP][PASSED] - Statement - Else: com.helper.commonfunct.utilities.WOstatus is PASSED

2017-11-20 12:41:06 - [TEST_STEP][PASSED] - com.helper.commonfunct.utilities.login: com.helper.commonfunct.utilities.login is PASSED

2017-11-20 12:41:06 - [MESSAGE][WARNING] - A browser is already opened. Closing browser and opening a new one

2017-11-20 12:41:10 - [MESSAGE][PASSED] - Browser is opened with url: ''

2017-11-20 12:41:10 - [MESSAGE][PASSED] - Navigate to 'https://vtcpqa2.rpega.com:9030/tcpqa/PRServlet' successfully

2017-11-20 12:41:11 - [MESSAGE][PASSED] - Text 'langr1@pegasystems.com' is set on object 'Object Repository/input_UserIdentifier'

2017-11-20 12:41:11 - [MESSAGE][PASSED] - Text 'install' is set on object 'Object Repository/input_Password'

2017-11-20 12:41:13 - [MESSAGE][PASSED] - Keys 'ENTER + ' sent to object: 'Object Repository/input_Password'

2017-11-20 12:41:13 - [MESSAGE][PASSED] - com.helper.commonfunct.utilities.login is PASSED

2017-11-20 12:41:13 - [TEST_STEP][PASSED] - com.helper.commonfunct.utilities.search: com.helper.commonfunct.utilities.search is PASSED

2017-11-20 12:41:14 - [MESSAGE][PASSED] - Current window maximized

2017-11-20 12:41:19 - [MESSAGE][PASSED] - Delayed 5 second(s)

2017-11-20 12:41:20 - [MESSAGE][PASSED] - Text 'ECR-20Nov2017-18' is set on object 'Object Repository/EngInfo/search'

2017-11-20 12:41:25 - [MESSAGE][PASSED] - Delayed 5 second(s)

2017-11-20 12:41:25 - [MESSAGE][PASSED] - Keys 'ENTER + ' sent to object: 'Object Repository/EngInfo/search'

2017-11-20 12:41:30 - [MESSAGE][PASSED] - Delayed 5 second(s)

2017-11-20 12:41:30 - [MESSAGE][PASSED] - com.helper.commonfunct.utilities.search is PASSED

2017-11-20 12:41:30 - [TEST_STEP][PASSED] - com.helper.commonfunct.utilities.approve: com.helper.commonfunct.utilities.approve is PASSED

2017-11-20 12:41:35 - [MESSAGE][PASSED] - Delayed 5 second(s)

2017-11-20 12:41:35 - [MESSAGE][WARNING] - Timeout '0' is invalid. Using default page load timeout: '30'

2017-11-20 12:41:36 - [MESSAGE][PASSED] - Object: 'Object Repository/Approve-Reject/link_assignment' is clicked on

2017-11-20 12:41:41 - [MESSAGE][PASSED] - Delayed 5 second(s)

2017-11-20 12:41:41 - [MESSAGE][WARNING] - Timeout '0' is invalid. Using default page load timeout: '30'

2017-11-20 12:41:41 - [MESSAGE][PASSED] - Scroll to object 'Object Repository/Approve-Reject/APPROVE_BUTTON' successfully

2017-11-20 12:41:42 - [MESSAGE][PASSED] - Object: 'Object Repository/Approve-Reject/APPROVE_BUTTON' is clicked on

2017-11-20 12:41:47 - [MESSAGE][PASSED] - Delayed 5 second(s)

2017-11-20 12:41:47 - [MESSAGE][PASSED] - Keys 'testing' sent to object: 'Object Repository/Approve-Reject/APPROVE_REJECT_NOTES'

2017-11-20 12:41:52 - [MESSAGE][PASSED] - Delayed 5 second(s)

2017-11-20 12:41:52 - [MESSAGE][WARNING] - Timeout '0' is invalid. Using default page load timeout: '30'

2017-11-20 12:41:52 - [MESSAGE][PASSED] - Scroll to object 'Object Repository/Generic/SUBMIT' successfully

2017-11-20 12:41:52 - [MESSAGE][PASSED] - Object: 'Object Repository/Generic/SUBMIT' is clicked on

2017-11-20 12:41:57 - [MESSAGE][PASSED] - Delayed 5 second(s)

2017-11-20 12:41:57 - [MESSAGE][PASSED] - com.helper.commonfunct.utilities.approve is PASSED

2017-11-20 12:41:57 - [TEST_STEP][PASSED] - com.helper.commonfunct.utilities.WOstatus: com.helper.commonfunct.utilities.WOstatus is PASSED

2017-11-20 12:41:57 - [MESSAGE][PASSED] - Text of object 'Object Repository/ECR/WOSTATUS' is: 'Pending-Approval'

2017-11-20 12:41:57 - [MESSAGE][PASSED] - com.helper.commonfunct.utilities.WOstatus is PASSED

2017-11-20 12:41:57 - [TEST_STEP][PASSED] - Statement - Status = text: null

2017-11-20 12:41:57 - [TEST_STEP][PASSED] - Statement - println(Status): null

2017-11-20 12:41:57 - [TEST_STEP][PASSED] - Statement - If (Status == "Pending-RDApproval"): null

2017-11-20 12:41:57 - [TEST_STEP][PASSED] - Statement - Else If (Status == "Pending-RLApproval"): null

2017-11-20 12:41:57 - [TEST_STEP][PASSED] - Statement - Else If (Status == "Pending-RDDApproval"): null

2017-11-20 12:41:57 - [TEST_STEP][PASSED] - Statement - Else If (Status == "Pending-OPSApproval"): com.helper.commonfunct.utilities.WOstatus is PASSED

2017-11-20 12:41:57 - [TEST_STEP][PASSED] - Statement - If (OpsReject == false): com.helper.commonfunct.utilities.WOstatus is PASSED

2017-11-20 12:41:57 - [TEST_STEP][PASSED] - com.helper.commonfunct.utilities.login: com.helper.commonfunct.utilities.login is PASSED

2017-11-20 12:41:57 - [MESSAGE][WARNING] - A browser is already opened. Closing browser and opening a new one

2017-11-20 12:42:00 - [MESSAGE][PASSED] - Browser is opened with url: ''

2017-11-20 12:42:01 - [MESSAGE][PASSED] - Navigate to 'https://vtcpqa2.rpega.com:9030/tcpqa/PRServlet' successfully

2017-11-20 12:42:01 - [MESSAGE][PASSED] - Text 'pogoa@pegasystems.com' is set on object 'Object Repository/input_UserIdentifier'

2017-11-20 12:42:02 - [MESSAGE][PASSED] - Text 'install' is set on object 'Object Repository/input_Password'

2017-11-20 12:42:07 - [MESSAGE][PASSED] - Keys 'ENTER + ' sent to object: 'Object Repository/input_Password'

2017-11-20 12:42:07 - [MESSAGE][PASSED] - com.helper.commonfunct.utilities.login is PASSED

2017-11-20 12:42:07 - [TEST_STEP][PASSED] - com.helper.commonfunct.utilities.search: com.helper.commonfunct.utilities.search is PASSED

2017-11-20 12:42:08 - [MESSAGE][PASSED] - Current window maximized

2017-11-20 12:42:13 - [MESSAGE][PASSED] - Delayed 5 second(s)

2017-11-20 12:42:13 - [MESSAGE][PASSED] - Text 'ECR-20Nov2017-18' is set on object 'Object Repository/EngInfo/search'

2017-11-20 12:42:18 - [MESSAGE][PASSED] - Delayed 5 second(s)

2017-11-20 12:42:22 - [MESSAGE][PASSED] - Keys 'ENTER + ' sent to object: 'Object Repository/EngInfo/search'

2017-11-20 12:42:27 - [MESSAGE][PASSED] - Delayed 5 second(s)

2017-11-20 12:42:27 - [MESSAGE][PASSED] - com.helper.commonfunct.utilities.search is PASSED

2017-11-20 12:42:27 - [TEST_STEP][PASSED] - com.helper.commonfunct.utilities.gsopsApprove: com.helper.commonfunct.utilities.gsopsApprove is PASSED

2017-11-20 12:42:32 - [MESSAGE][PASSED] - Delayed 5 second(s)

2017-11-20 12:42:32 - [MESSAGE][WARNING] - Timeout '0' is invalid. Using default page load timeout: '30'

2017-11-20 12:42:33 - [MESSAGE][WARNING] - Timeout '0' is invalid. Using default page load timeout: '30'

2017-11-20 12:42:33 - [MESSAGE][PASSED] - Scroll to object 'Object Repository/Approve-Reject/APPROVE_BUTTON' successfully

2017-11-20 12:42:34 - [MESSAGE][PASSED] - Object: 'Object Repository/Approve-Reject/APPROVE_BUTTON' is clicked on

2017-11-20 12:42:39 - [MESSAGE][PASSED] - Delayed 5 second(s)

2017-11-20 12:42:39 - [MESSAGE][PASSED] - Keys 'testing' sent to object: 'Object Repository/Approve-Reject/APPROVE_REJECT_NOTES'

2017-11-20 12:42:44 - [MESSAGE][PASSED] - Delayed 5 second(s)

2017-11-20 12:42:44 - [MESSAGE][WARNING] - Timeout '0' is invalid. Using default page load timeout: '30'

2017-11-20 12:42:44 - [MESSAGE][PASSED] - Scroll to object 'Object Repository/Generic/SUBMIT' successfully

2017-11-20 12:42:44 - [MESSAGE][PASSED] - Object: 'Object Repository/Generic/SUBMIT' is clicked on

2017-11-20 12:42:49 - [MESSAGE][PASSED] - Delayed 5 second(s)

2017-11-20 12:42:49 - [MESSAGE][PASSED] - com.helper.commonfunct.utilities.gsopsApprove is PASSED

2017-11-20 12:42:49 - [TEST_STEP][PASSED] - com.helper.commonfunct.utilities.WOstatus: com.helper.commonfunct.utilities.WOstatus is PASSED

2017-11-20 12:42:49 - [MESSAGE][PASSED] - Text of object 'Object Repository/ECR/WOSTATUS' is: 'Pending-Approval'

2017-11-20 12:42:49 - [MESSAGE][PASSED] - com.helper.commonfunct.utilities.WOstatus is PASSED

2017-11-20 12:42:49 - [TEST_STEP][PASSED] - Statement - For ([j = 0, j < AssignmentList.size(), (j++)]): com.helper.commonfunct.utilities.WOstatus is PASSED

2017-11-20 12:42:49 - [TEST_STEP][PASSED] - Statement - Status = text: null

2017-11-20 12:42:49 - [TEST_STEP][PASSED] - Statement - println(Status): null

2017-11-20 12:42:49 - [TEST_STEP][PASSED] - Statement - If (Status == "Pending-RDApproval"): null

2017-11-20 12:42:49 - [TEST_STEP][PASSED] - Statement - Else If (Status == "Pending-RLApproval"): null

2017-11-20 12:42:49 - [TEST_STEP][PASSED] - Statement - Else If (Status == "Pending-RDDApproval"): com.helper.commonfunct.utilities.WOstatus is PASSED

2017-11-20 12:42:49 - [TEST_STEP][PASSED] - Statement - If (RDD_Reject == false): com.helper.commonfunct.utilities.WOstatus is PASSED

2017-11-20 12:42:49 - [TEST_STEP][PASSED] - com.helper.commonfunct.utilities.login: com.helper.commonfunct.utilities.login is PASSED

2017-11-20 12:42:49 - [MESSAGE][WARNING] - A browser is already opened. Closing browser and opening a new one

2017-11-20 12:42:54 - [MESSAGE][PASSED] - Browser is opened with url: ''

2017-11-20 12:42:55 - [MESSAGE][PASSED] - Navigate to 'https://vtcpqa2.rpega.com:9030/tcpqa/PRServlet' successfully

2017-11-20 12:42:56 - [MESSAGE][PASSED] - Text 'lachd@pegasystems.com' is set on object 'Object Repository/input_UserIdentifier'

2017-11-20 12:42:56 - [MESSAGE][PASSED] - Text 'install' is set on object 'Object Repository/input_Password'

2017-11-20 12:43:04 - [MESSAGE][PASSED] - Keys 'ENTER + ' sent to object: 'Object Repository/input_Password'

2017-11-20 12:43:04 - [MESSAGE][PASSED] - com.helper.commonfunct.utilities.login is PASSED

2017-11-20 12:43:04 - [TEST_STEP][PASSED] - com.helper.commonfunct.utilities.search: com.helper.commonfunct.utilities.search is PASSED

2017-11-20 12:43:06 - [MESSAGE][PASSED] - Current window maximized

2017-11-20 12:43:11 - [MESSAGE][PASSED] - Delayed 5 second(s)

2017-11-20 12:43:11 - [MESSAGE][PASSED] - Text 'ECR-20Nov2017-18' is set on object 'Object Repository/EngInfo/search'

2017-11-20 12:43:16 - [MESSAGE][PASSED] - Delayed 5 second(s)

2017-11-20 12:43:17 - [MESSAGE][PASSED] - Keys 'ENTER + ' sent to object: 'Object Repository/EngInfo/search'

2017-11-20 12:43:22 - [MESSAGE][PASSED] - Delayed 5 second(s)

2017-11-20 12:43:22 - [MESSAGE][PASSED] - com.helper.commonfunct.utilities.search is PASSED

2017-11-20 12:43:22 - [TEST_STEP][PASSED] - com.helper.commonfunct.utilities.approve: com.helper.commonfunct.utilities.approve is PASSED

2017-11-20 12:43:27 - [MESSAGE][PASSED] - Delayed 5 second(s)

2017-11-20 12:43:27 - [MESSAGE][WARNING] - Timeout '0' is invalid. Using default page load timeout: '30'

2017-11-20 12:43:28 - [MESSAGE][PASSED] - Object: 'Object Repository/Approve-Reject/link_assignment' is clicked on

2017-11-20 12:43:33 - [MESSAGE][PASSED] - Delayed 5 second(s)

2017-11-20 12:43:33 - [MESSAGE][WARNING] - Timeout '0' is invalid. Using default page load timeout: '30'

2017-11-20 12:43:33 - [MESSAGE][PASSED] - Scroll to object 'Object Repository/Approve-Reject/APPROVE_BUTTON' successfully

2017-11-20 12:43:33 - [MESSAGE][PASSED] - Object: 'Object Repository/Approve-Reject/APPROVE_BUTTON' is clicked on

2017-11-20 12:43:38 - [MESSAGE][PASSED] - Delayed 5 second(s)

2017-11-20 12:43:39 - [MESSAGE][PASSED] - Keys 'testing' sent to object: 'Object Repository/Approve-Reject/APPROVE_REJECT_NOTES'

2017-11-20 12:43:44 - [MESSAGE][PASSED] - Delayed 5 second(s)

2017-11-20 12:43:44 - [MESSAGE][WARNING] - Timeout '0' is invalid. Using default page load timeout: '30'

2017-11-20 12:43:44 - [MESSAGE][PASSED] - Scroll to object 'Object Repository/Generic/SUBMIT' successfully

2017-11-20 12:43:44 - [MESSAGE][PASSED] - Object: 'Object Repository/Generic/SUBMIT' is clicked on

2017-11-20 12:43:49 - [MESSAGE][PASSED] - Delayed 5 second(s)

2017-11-20 12:43:49 - [MESSAGE][PASSED] - com.helper.commonfunct.utilities.approve is PASSED

2017-11-20 12:43:49 - [TEST_STEP][PASSED] - com.helper.commonfunct.utilities.WOstatus: com.helper.commonfunct.utilities.WOstatus is PASSED

2017-11-20 12:43:49 - [MESSAGE][PASSED] - Text of object 'Object Repository/ECR/WOSTATUS' is: 'Pending-Approval'

2017-11-20 12:43:49 - [MESSAGE][PASSED] - com.helper.commonfunct.utilities.WOstatus is PASSED

2017-11-20 12:43:49 - [TEST_STEP][PASSED] - Statement - For ([j = 0, j < AssignmentList.size(), (j++)]): com.helper.commonfunct.utilities.WOstatus is PASSED

2017-11-20 12:43:49 - [TEST_STEP][PASSED] - Statement - Status = text: null

2017-11-20 12:43:49 - [TEST_STEP][PASSED] - Statement - println(Status): null

2017-11-20 12:43:49 - [TEST_STEP][PASSED] - Statement - If (Status == "Pending-RDApproval"): null

2017-11-20 12:43:49 - [TEST_STEP][PASSED] - Statement - Else If (Status == "Pending-RLApproval"): null

2017-11-20 12:43:49 - [TEST_STEP][PASSED] - Statement - Else If (Status == "Pending-RDDApproval"): null

2017-11-20 12:43:49 - [TEST_STEP][PASSED] - Statement - Else If (Status == "Pending-OPSApproval"): null

2017-11-20 12:43:49 - [TEST_STEP][PASSED] - Statement - Else If (Status == "Pending-ExpSvcApproval"): com.helper.commonfunct.utilities.WOstatus is PASSED

2017-11-20 12:43:49 - [TEST_STEP][PASSED] - Statement - If (EXP_SVC_Reject == false): com.helper.commonfunct.utilities.WOstatus is PASSED

2017-11-20 12:43:49 - [TEST_STEP][PASSED] - com.helper.commonfunct.utilities.login: com.helper.commonfunct.utilities.login is PASSED

2017-11-20 12:43:49 - [MESSAGE][WARNING] - A browser is already opened. Closing browser and opening a new one

2017-11-20 12:43:53 - [MESSAGE][PASSED] - Browser is opened with url: ''

2017-11-20 12:43:54 - [MESSAGE][PASSED] - Navigate to 'https://vtcpqa2.rpega.com:9030/tcpqa/PRServlet' successfully

2017-11-20 12:43:54 - [MESSAGE][PASSED] - Text 'sachb@pegasystems.com' is set on object 'Object Repository/input_UserIdentifier'

2017-11-20 12:43:55 - [MESSAGE][PASSED] - Text 'install' is set on object 'Object Repository/input_Password'

2017-11-20 12:43:59 - [MESSAGE][PASSED] - Keys 'ENTER + ' sent to object: 'Object Repository/input_Password'

2017-11-20 12:43:59 - [MESSAGE][PASSED] - com.helper.commonfunct.utilities.login is PASSED

2017-11-20 12:43:59 - [TEST_STEP][PASSED] - com.helper.commonfunct.utilities.search: com.helper.commonfunct.utilities.search is PASSED

2017-11-20 12:44:00 - [MESSAGE][PASSED] - Current window maximized

2017-11-20 12:44:05 - [MESSAGE][PASSED] - Delayed 5 second(s)

2017-11-20 12:44:06 - [MESSAGE][PASSED] - Text 'ECR-20Nov2017-18' is set on object 'Object Repository/EngInfo/search'

2017-11-20 12:44:11 - [MESSAGE][PASSED] - Delayed 5 second(s)

2017-11-20 12:44:11 - [MESSAGE][PASSED] - Keys 'ENTER + ' sent to object: 'Object Repository/EngInfo/search'

2017-11-20 12:44:16 - [MESSAGE][PASSED] - Delayed 5 second(s)

2017-11-20 12:44:16 - [MESSAGE][PASSED] - com.helper.commonfunct.utilities.search is PASSED

2017-11-20 12:44:16 - [TEST_STEP][PASSED] - com.helper.commonfunct.utilities.approve: com.helper.commonfunct.utilities.approve is PASSED

2017-11-20 12:44:21 - [MESSAGE][PASSED] - Delayed 5 second(s)

2017-11-20 12:44:21 - [MESSAGE][WARNING] - Timeout '0' is invalid. Using default page load timeout: '30'

2017-11-20 12:44:22 - [MESSAGE][PASSED] - Object: 'Object Repository/Approve-Reject/link_assignment' is clicked on

2017-11-20 12:44:27 - [MESSAGE][PASSED] - Delayed 5 second(s)

2017-11-20 12:44:27 - [MESSAGE][WARNING] - Timeout '0' is invalid. Using default page load timeout: '30'

2017-11-20 12:44:27 - [MESSAGE][PASSED] - Scroll to object 'Object Repository/Approve-Reject/APPROVE_BUTTON' successfully

2017-11-20 12:44:27 - [MESSAGE][PASSED] - Object: 'Object Repository/Approve-Reject/APPROVE_BUTTON' is clicked on

2017-11-20 12:44:32 - [MESSAGE][PASSED] - Delayed 5 second(s)

2017-11-20 12:44:33 - [MESSAGE][PASSED] - Keys 'testing' sent to object: 'Object Repository/Approve-Reject/APPROVE_REJECT_NOTES'

2017-11-20 12:44:38 - [MESSAGE][PASSED] - Delayed 5 second(s)

2017-11-20 12:44:38 - [MESSAGE][WARNING] - Timeout '0' is invalid. Using default page load timeout: '30'

2017-11-20 12:44:38 - [MESSAGE][PASSED] - Scroll to object 'Object Repository/Generic/SUBMIT' successfully

2017-11-20 12:44:38 - [MESSAGE][PASSED] - Object: 'Object Repository/Generic/SUBMIT' is clicked on

2017-11-20 12:44:43 - [MESSAGE][PASSED] - Delayed 5 second(s)

2017-11-20 12:44:43 - [MESSAGE][PASSED] - com.helper.commonfunct.utilities.approve is PASSED

2017-11-20 12:44:43 - [TEST_STEP][PASSED] - com.helper.commonfunct.utilities.WOstatus: com.helper.commonfunct.utilities.WOstatus is PASSED

2017-11-20 12:44:43 - [MESSAGE][PASSED] - Text of object 'Object Repository/ECR/WOSTATUS' is: 'Pending-Contract'

2017-11-20 12:44:43 - [MESSAGE][PASSED] - com.helper.commonfunct.utilities.WOstatus is PASSED

2017-11-20 12:44:43 - [TEST_STEP][FAILED] - Statement - For ([j = 0, j < AssignmentList.size(), (j++)]): Unable to click on object 'Object Repository/Approve-Reject/contractlink' (Root cause: com.kms.katalon.core.webui.exception.WebElementNotFoundException: Web element with id: 'Object Repository/Approve-Reject/contractlink' located by 'By.xpath: //nobr//a[contains(.,'Create Contract')]' not found)

2017-11-20 12:44:43 - [TEST_STEP][PASSED] - Statement - Status = text: null

2017-11-20 12:44:43 - [TEST_STEP][PASSED] - Statement - println(Status): null

2017-11-20 12:44:43 - [TEST_STEP][PASSED] - Statement - If (Status == "Pending-RDApproval"): null

2017-11-20 12:44:43 - [TEST_STEP][PASSED] - Statement - Else If (Status == "Pending-RLApproval"): null

2017-11-20 12:44:43 - [TEST_STEP][PASSED] - Statement - Else If (Status == "Pending-RDDApproval"): null

2017-11-20 12:44:43 - [TEST_STEP][PASSED] - Statement - Else If (Status == "Pending-OPSApproval"): null

2017-11-20 12:44:43 - [TEST_STEP][PASSED] - Statement - Else If (Status == "Pending-ExpSvcApproval"): null

2017-11-20 12:44:43 - [TEST_STEP][PASSED] - Statement - Else If (Status == "Pending-DocUpdate"): null

2017-11-20 12:44:43 - [TEST_STEP][FAILED] - Statement - Else If (Status == "Pending-Contract"): Unable to click on object 'Object Repository/Approve-Reject/contractlink' (Root cause: com.kms.katalon.core.webui.exception.WebElementNotFoundException: Web element with id: 'Object Repository/Approve-Reject/contractlink' located by 'By.xpath: //nobr//a[contains(.,'Create Contract')]' not found)

2017-11-20 12:44:43 - [TEST_STEP][PASSED] - com.helper.commonfunct.utilities.login: com.helper.commonfunct.utilities.login is PASSED

2017-11-20 12:44:43 - [MESSAGE][WARNING] - A browser is already opened. Closing browser and opening a new one

2017-11-20 12:44:46 - [MESSAGE][PASSED] - Browser is opened with url: ''

2017-11-20 12:44:47 - [MESSAGE][PASSED] - Navigate to 'https://vtcpqa2.rpega.com:9030/tcpqa/PRServlet' successfully

2017-11-20 12:44:48 - [MESSAGE][PASSED] - Text 'hendj@pegasystems.com' is set on object 'Object Repository/input_UserIdentifier'

2017-11-20 12:44:48 - [MESSAGE][PASSED] - Text 'install' is set on object 'Object Repository/input_Password'

2017-11-20 12:44:51 - [MESSAGE][PASSED] - Keys 'ENTER + ' sent to object: 'Object Repository/input_Password'

2017-11-20 12:44:51 - [MESSAGE][PASSED] - com.helper.commonfunct.utilities.login is PASSED

2017-11-20 12:44:51 - [TEST_STEP][PASSED] - com.helper.commonfunct.utilities.search: com.helper.commonfunct.utilities.search is PASSED

2017-11-20 12:44:52 - [MESSAGE][PASSED] - Current window maximized

2017-11-20 12:44:57 - [MESSAGE][PASSED] - Delayed 5 second(s)

2017-11-20 12:44:58 - [MESSAGE][PASSED] - Text 'ECR-20Nov2017-18' is set on object 'Object Repository/EngInfo/search'

2017-11-20 12:45:03 - [MESSAGE][PASSED] - Delayed 5 second(s)

2017-11-20 12:45:03 - [MESSAGE][PASSED] - Keys 'ENTER + ' sent to object: 'Object Repository/EngInfo/search'

2017-11-20 12:45:08 - [MESSAGE][PASSED] - Delayed 5 second(s)

2017-11-20 12:45:08 - [MESSAGE][PASSED] - com.helper.commonfunct.utilities.search is PASSED

2017-11-20 12:45:08 - [TEST_STEP][PASSED] - maximizeWindow: Current window maximized

2017-11-20 12:45:08 - [MESSAGE][PASSED] - Current window maximized

2017-11-20 12:45:08 - [TEST_STEP][FAILED] - com.helper.commonfunct.utilities.ContractDisposition: Unable to click on object 'Object Repository/Approve-Reject/contractlink' (Root cause: com.kms.katalon.core.webui.exception.WebElementNotFoundException: Web element with id: 'Object Repository/Approve-Reject/contractlink' located by 'By.xpath: //nobr//a[contains(.,'Create Contract')]' not found)

2017-11-20 12:45:13 - [MESSAGE][PASSED] - Delayed 5 second(s)

2017-11-20 12:45:13 - [MESSAGE][WARNING] - Timeout '0' is invalid. Using default page load timeout: '30'

2017-11-20 12:45:45 - [MESSAGE][FAILED] - Unable to click on object 'Object Repository/Approve-Reject/contractlink' (Root cause: com.kms.katalon.core.webui.exception.WebElementNotFoundException: Web element with id: 'Object Repository/Approve-Reject/contractlink' located by 'By.xpath: //nobr//a[contains(.,'Create Contract')]' not found)
[[ATTACHMENT|C:\\Users\\nipin\\Katalon Studio\\COE\\Reports\\ECR_Lite\\20171120_121716\\1511199944440.png]]

2017-11-20 12:45:45 - [MESSAGE][FAILED] - Unable to click on object 'Object Repository/Approve-Reject/contractlink' (Root cause: com.kms.katalon.core.webui.exception.WebElementNotFoundException: Web element with id: 'Object Repository/Approve-Reject/contractlink' located by 'By.xpath: //nobr//a[contains(.,'Create Contract')]' not found)

2017-11-20 12:45:45 - [MESSAGE][FAILED] - Unable to call Test Case with id 'Test Cases/ECR/REF/ECR_Approval_Reject' (Root cause: Call Test Case 'Test Cases/ECR/REF/ECR_Approval_Reject' failed)]]></system-out>
         <system-err><![CDATA[2017-11-20 12:27:01 - [TEST_CASE][FAILED] - Test Cases/ECR/TC_ECR_Lite_ExpertService_AllReject: Test Cases/ECR/TC_ECR_Lite_ExpertService_AllReject FAILED because (of) Unable to click on object 'Object Repository/Approve-Reject/contractlink' (Root cause: com.kms.katalon.core.webui.exception.WebElementNotFoundException: Web element with id: 'Object Repository/Approve-Reject/contractlink' located by 'By.xpath: //nobr//a[contains(.,'Create Contract')]' not found)]]></system-err>
      </testcase>
      <testcase name="Test Cases/ECR/TC_ECR_Lite_ExpertService_AllApproval" classname="Test Cases/ECR/TC_ECR_Lite_ExpertService_AllApproval" status="FAILED">
         <failure type="FAILED" message="Call Test Case 'Test Cases/ECR/REF/ECR_Lite_ExpertService' successfully"/>
         <system-out><![CDATA[2017-11-20 12:45:45 - [TEST_CASE][FAILED] - Test Cases/ECR/TC_ECR_Lite_ExpertService_AllApproval: Call Test Case 'Test Cases/ECR/REF/ECR_Lite_ExpertService' successfully

2017-11-20 12:45:45 - [TEST_STEP][FAILED] - callTestCase: Call Test Case 'Test Cases/ECR/REF/ECR_Lite_ExpertService' successfully

2017-11-20 12:45:45 - [TEST_CASE][FAILED] - Test Cases/ECR/REF/ECR_Lite_ExpertService: com.helper.commonfunct.utilities.createECR is PASSED

2017-11-20 12:45:45 - [TEST_STEP][PASSED] - com.helper.commonfunct.utilities.login: com.helper.commonfunct.utilities.login is PASSED

2017-11-20 12:45:45 - [MESSAGE][WARNING] - A browser is already opened. Closing browser and opening a new one

2017-11-20 12:45:49 - [MESSAGE][PASSED] - Browser is opened with url: ''

2017-11-20 12:45:50 - [MESSAGE][PASSED] - Navigate to 'https://vtcpqa2.rpega.com:9030/tcpqa/PRServlet' successfully

2017-11-20 12:45:50 - [MESSAGE][PASSED] - Text 'pogoa@pegasystems.com' is set on object 'Object Repository/input_UserIdentifier'

2017-11-20 12:45:50 - [MESSAGE][PASSED] - Text 'install' is set on object 'Object Repository/input_Password'

2017-11-20 12:45:55 - [MESSAGE][PASSED] - Keys 'ENTER + ' sent to object: 'Object Repository/input_Password'

2017-11-20 12:45:55 - [MESSAGE][PASSED] - com.helper.commonfunct.utilities.login is PASSED

2017-11-20 12:45:55 - [TEST_STEP][FAILED] - com.helper.commonfunct.utilities.createECR: com.helper.commonfunct.utilities.createECR is PASSED

2017-11-20 12:45:55 - [MESSAGE][PASSED] - Object: 'Object Repository/Generic/a_Actions' is clicked on

2017-11-20 12:45:58 - [MESSAGE][PASSED] - Object: 'Object Repository/span_New' is focused

2017-11-20 12:45:59 - [MESSAGE][PASSED] - Object: 'Object Repository/span_Bid Process' is clicked on

2017-11-20 12:45:59 - [MESSAGE][PASSED] - Object: 'Object Repository/ECR/BID_TYPE' is clicked on

2017-11-20 12:45:59 - [MESSAGE][PASSED] - Object 'Object Repository/button_Import' is present

2017-11-20 12:46:04 - [MESSAGE][PASSED] - Delayed 5 second(s)

2017-11-20 12:46:04 - [MESSAGE][PASSED] - Object: 'Object Repository/button_Import' is clicked on

2017-11-20 12:46:05 - [MESSAGE][PASSED] - File 'C:\Users\nipin\Desktop\Latest BSW\Final\ECR_LITE_EXPSVC.xlsm' sent to object: 'Object Repository/input_PpyWorkPageppyFilePath'

2017-11-20 12:46:10 - [MESSAGE][PASSED] - Delayed 5 second(s)

2017-11-20 12:46:10 - [MESSAGE][WARNING] - Timeout '0' is invalid. Using default page load timeout: '30'

2017-11-20 12:46:10 - [MESSAGE][PASSED] - Scroll to object 'Object Repository/button_Submit' successfully

2017-11-20 12:46:11 - [MESSAGE][PASSED] - Object: 'Object Repository/button_Submit' is clicked on

2017-11-20 12:46:11 - [MESSAGE][PASSED] - Object 'Object Repository/EngInfo/COID' is visible

2017-11-20 12:46:16 - [MESSAGE][PASSED] - Delayed 5 second(s)

2017-11-20 12:46:21 - [MESSAGE][PASSED] - Delayed 5 second(s)

2017-11-20 12:46:21 - [MESSAGE][PASSED] - Text 'BOFA' is set on object 'Object Repository/Generic/ORG'

2017-11-20 12:46:26 - [MESSAGE][PASSED] - Delayed 5 second(s)

2017-11-20 12:46:26 - [MESSAGE][PASSED] - Keys 'TAB + ' sent to object: 'Object Repository/Generic/ORG'

2017-11-20 12:46:31 - [MESSAGE][PASSED] - Delayed 5 second(s)

2017-11-20 12:46:31 - [MESSAGE][PASSED] - Text 'BOFA' is set on object 'Object Repository/Generic/ACC'

2017-11-20 12:46:36 - [MESSAGE][PASSED] - Delayed 5 second(s)

2017-11-20 12:46:36 - [MESSAGE][PASSED] - Keys 'TAB + ' sent to object: 'Object Repository/Generic/ACC'

2017-11-20 12:46:41 - [MESSAGE][PASSED] - Delayed 5 second(s)

2017-11-20 12:46:42 - [MESSAGE][PASSED] - Text 'AUTOTEST1' is set on object 'Object Repository/Generic/ENG_DESC'

2017-11-20 12:46:47 - [MESSAGE][PASSED] - Delayed 5 second(s)

2017-11-20 12:46:47 - [MESSAGE][WARNING] - Timeout '0' is invalid. Using default page load timeout: '30'

2017-11-20 12:46:47 - [MESSAGE][PASSED] - Scroll to object 'Object Repository/Generic/SUBMIT' successfully

2017-11-20 12:46:47 - [MESSAGE][PASSED] - Object: 'Object Repository/Generic/SUBMIT' is clicked on

2017-11-20 12:46:52 - [MESSAGE][PASSED] - Delayed 5 second(s)

2017-11-20 12:46:53 - [MESSAGE][PASSED] - Text 'CO-12' is set on object 'Object Repository/EngInfo/COID'

2017-11-20 12:47:00 - [MESSAGE][PASSED] - Delayed 7 second(s)

2017-11-20 12:47:00 - [MESSAGE][PASSED] - Wait for page load successfully

2017-11-20 12:47:00 - [MESSAGE][PASSED] - Object: 'Object Repository/Generic/gapDrivenMethodology' is clicked on

2017-11-20 12:47:05 - [MESSAGE][PASSED] - Delayed 5 second(s)

2017-11-20 12:47:05 - [MESSAGE][PASSED] - Object: 'Object Repository/Generic/RapidDelivery' is clicked on

2017-11-20 12:47:10 - [MESSAGE][PASSED] - Delayed 5 second(s)

2017-11-20 12:47:11 - [MESSAGE][PASSED] - Object: 'Object Repository/Generic/MorethanOneRLS' is clicked on

2017-11-20 12:47:16 - [MESSAGE][PASSED] - Delayed 5 second(s)

2017-11-20 12:47:16 - [MESSAGE][PASSED] - Text '85000' is set on object 'Object Repository/ECR/Licence'

2017-11-20 12:47:21 - [MESSAGE][PASSED] - Delayed 5 second(s)

2017-11-20 12:47:21 - [MESSAGE][PASSED] - Object 'Object Repository/Generic/platform' is visible

2017-11-20 12:47:26 - [MESSAGE][PASSED] - Delayed 5 second(s)

2017-11-20 12:47:26 - [MESSAGE][PASSED] - Keys 'AMPchroma' sent to object: 'Object Repository/Generic/PlatformID'

2017-11-20 12:47:27 - [MESSAGE][FAILED] - Unable to set text 'AMPchroma' of object 'Object Repository/Generic/PlatformID' (Root cause: org.openqa.selenium.InvalidElementStateException: invalid element state: Element must be user-editable in order to clear it.
  (Session info: chrome=62.0.3202.94)
  (Driver info: chromedriver=2.33.506120 (e3e53437346286c0bc2d2dc9aa4915ba81d9023f),platform=Windows NT 6.1.7601 SP1 x86_64) (WARNING: The server did not provide any stacktrace information)
Command duration or timeout: 0 milliseconds
Build info: version: '3.7.1', revision: '8a0099a', time: '2017-11-06T21:07:36.161Z'
System info: host: 'L22622WUS', ip: '10.2.176.79', os.name: 'Windows 7', os.arch: 'amd64', os.version: '6.1', java.version: '1.8.0_102'
Driver info: com.kms.katalon.selenium.driver.CChromeDriver
Capabilities {acceptSslCerts: true, applicationCacheEnabled: false, browserConnectionEnabled: false, browserName: chrome, chrome: {chromedriverVersion: 2.33.506120 (e3e53437346286..., userDataDir: C:\Users\nipin\AppData\Loca...}, cssSelectorsEnabled: true, databaseEnabled: false, handlesAlerts: true, hasTouchScreen: false, javascriptEnabled: true, locationContextEnabled: true, mobileEmulationEnabled: false, nativeEvents: true, networkConnectionEnabled: false, pageLoadStrategy: normal, platform: XP, platformName: XP, rotatable: false, setWindowRect: true, takesHeapSnapshot: true, takesScreenshot: true, unexpectedAlertBehaviour: , unhandledPromptBehavior: , version: 62.0.3202.94, webStorageEnabled: true}
Session ID: 0ed8d20bea474fce05a1fcca9e53b94b)
[[ATTACHMENT|C:\\Users\\nipin\\Katalon Studio\\COE\\Reports\\ECR_Lite\\20171120_121716\\1511200046946.png]]

2017-11-20 12:47:27 - [MESSAGE][PASSED] - Keys 'AMPchroma' sent to object: 'Object Repository/Generic/PlatformID'

2017-11-20 12:47:27 - [MESSAGE][FAILED] - Unable to set text 'AMPchroma' of object 'Object Repository/Generic/PlatformID' (Root cause: org.openqa.selenium.InvalidElementStateException: invalid element state: Element must be user-editable in order to clear it.
  (Session info: chrome=62.0.3202.94)
  (Driver info: chromedriver=2.33.506120 (e3e53437346286c0bc2d2dc9aa4915ba81d9023f),platform=Windows NT 6.1.7601 SP1 x86_64) (WARNING: The server did not provide any stacktrace information)
Command duration or timeout: 0 milliseconds
Build info: version: '3.7.1', revision: '8a0099a', time: '2017-11-06T21:07:36.161Z'
System info: host: 'L22622WUS', ip: '10.2.176.79', os.name: 'Windows 7', os.arch: 'amd64', os.version: '6.1', java.version: '1.8.0_102'
Driver info: com.kms.katalon.selenium.driver.CChromeDriver
Capabilities {acceptSslCerts: true, applicationCacheEnabled: false, browserConnectionEnabled: false, browserName: chrome, chrome: {chromedriverVersion: 2.33.506120 (e3e53437346286..., userDataDir: C:\Users\nipin\AppData\Loca...}, cssSelectorsEnabled: true, databaseEnabled: false, handlesAlerts: true, hasTouchScreen: false, javascriptEnabled: true, locationContextEnabled: true, mobileEmulationEnabled: false, nativeEvents: true, networkConnectionEnabled: false, pageLoadStrategy: normal, platform: XP, platformName: XP, rotatable: false, setWindowRect: true, takesHeapSnapshot: true, takesScreenshot: true, unexpectedAlertBehaviour: , unhandledPromptBehavior: , version: 62.0.3202.94, webStorageEnabled: true}
Session ID: 0ed8d20bea474fce05a1fcca9e53b94b)
[[ATTACHMENT|C:\\Users\\nipin\\Katalon Studio\\COE\\Reports\\ECR_Lite\\20171120_121716\\1511200047531.png]]

2017-11-20 12:47:32 - [MESSAGE][PASSED] - Delayed 5 second(s)

2017-11-20 12:47:33 - [MESSAGE][PASSED] - Keys 'N/A' sent to object: 'Object Repository/Generic/PlatformVersion'

2017-11-20 12:47:33 - [MESSAGE][FAILED] - Unable to set text 'N/A' of object 'Object Repository/Generic/PlatformVersion' (Root cause: org.openqa.selenium.InvalidElementStateException: invalid element state: Element must be user-editable in order to clear it.
  (Session info: chrome=62.0.3202.94)
  (Driver info: chromedriver=2.33.506120 (e3e53437346286c0bc2d2dc9aa4915ba81d9023f),platform=Windows NT 6.1.7601 SP1 x86_64) (WARNING: The server did not provide any stacktrace information)
Command duration or timeout: 0 milliseconds
Build info: version: '3.7.1', revision: '8a0099a', time: '2017-11-06T21:07:36.161Z'
System info: host: 'L22622WUS', ip: '10.2.176.79', os.name: 'Windows 7', os.arch: 'amd64', os.version: '6.1', java.version: '1.8.0_102'
Driver info: com.kms.katalon.selenium.driver.CChromeDriver
Capabilities {acceptSslCerts: true, applicationCacheEnabled: false, browserConnectionEnabled: false, browserName: chrome, chrome: {chromedriverVersion: 2.33.506120 (e3e53437346286..., userDataDir: C:\Users\nipin\AppData\Loca...}, cssSelectorsEnabled: true, databaseEnabled: false, handlesAlerts: true, hasTouchScreen: false, javascriptEnabled: true, locationContextEnabled: true, mobileEmulationEnabled: false, nativeEvents: true, networkConnectionEnabled: false, pageLoadStrategy: normal, platform: XP, platformName: XP, rotatable: false, setWindowRect: true, takesHeapSnapshot: true, takesScreenshot: true, unexpectedAlertBehaviour: , unhandledPromptBehavior: , version: 62.0.3202.94, webStorageEnabled: true}
Session ID: 0ed8d20bea474fce05a1fcca9e53b94b)
[[ATTACHMENT|C:\\Users\\nipin\\Katalon Studio\\COE\\Reports\\ECR_Lite\\20171120_121716\\1511200053560.png]]

2017-11-20 12:47:34 - [MESSAGE][PASSED] - Keys 'N/A' sent to object: 'Object Repository/Generic/PlatformVersion'

2017-11-20 12:47:34 - [MESSAGE][FAILED] - Unable to set text 'N/A' of object 'Object Repository/Generic/PlatformVersion' (Root cause: org.openqa.selenium.InvalidElementStateException: invalid element state: Element must be user-editable in order to clear it.
  (Session info: chrome=62.0.3202.94)
  (Driver info: chromedriver=2.33.506120 (e3e53437346286c0bc2d2dc9aa4915ba81d9023f),platform=Windows NT 6.1.7601 SP1 x86_64) (WARNING: The server did not provide any stacktrace information)
Command duration or timeout: 0 milliseconds
Build info: version: '3.7.1', revision: '8a0099a', time: '2017-11-06T21:07:36.161Z'
System info: host: 'L22622WUS', ip: '10.2.176.79', os.name: 'Windows 7', os.arch: 'amd64', os.version: '6.1', java.version: '1.8.0_102'
Driver info: com.kms.katalon.selenium.driver.CChromeDriver
Capabilities {acceptSslCerts: true, applicationCacheEnabled: false, browserConnectionEnabled: false, browserName: chrome, chrome: {chromedriverVersion: 2.33.506120 (e3e53437346286..., userDataDir: C:\Users\nipin\AppData\Loca...}, cssSelectorsEnabled: true, databaseEnabled: false, handlesAlerts: true, hasTouchScreen: false, javascriptEnabled: true, locationContextEnabled: true, mobileEmulationEnabled: false, nativeEvents: true, networkConnectionEnabled: false, pageLoadStrategy: normal, platform: XP, platformName: XP, rotatable: false, setWindowRect: true, takesHeapSnapshot: true, takesScreenshot: true, unexpectedAlertBehaviour: , unhandledPromptBehavior: , version: 62.0.3202.94, webStorageEnabled: true}
Session ID: 0ed8d20bea474fce05a1fcca9e53b94b)
[[ATTACHMENT|C:\\Users\\nipin\\Katalon Studio\\COE\\Reports\\ECR_Lite\\20171120_121716\\1511200054226.png]]

2017-11-20 12:47:39 - [MESSAGE][PASSED] - Delayed 5 second(s)

2017-11-20 12:47:39 - [MESSAGE][PASSED] - Object: 'Object Repository/Generic/PlatformTrue' is clicked on

2017-11-20 12:47:44 - [MESSAGE][PASSED] - Delayed 5 second(s)

2017-11-20 12:47:45 - [MESSAGE][PASSED] - Keys 'Jeff Henderson' sent to object: 'Object Repository/EngInfo/PL'

2017-11-20 12:47:50 - [MESSAGE][PASSED] - Delayed 5 second(s)

2017-11-20 12:47:50 - [MESSAGE][PASSED] - Keys 'Robert Higgins' sent to object: 'Object Repository/EngInfo/PLTL'

2017-11-20 12:47:55 - [MESSAGE][PASSED] - Delayed 5 second(s)

2017-11-20 12:47:55 - [MESSAGE][PASSED] - Keys 'Eric Panepinto' sent to object: 'Object Repository/EngInfo/RL'

2017-11-20 12:48:00 - [MESSAGE][PASSED] - Delayed 5 second(s)

2017-11-20 12:48:01 - [MESSAGE][PASSED] - Keys 'Robert Lang' sent to object: 'Object Repository/EngInfo/RD'

2017-11-20 12:48:06 - [MESSAGE][PASSED] - Delayed 5 second(s)

2017-11-20 12:48:06 - [MESSAGE][PASSED] - Scroll to object 'Object Repository/NEXT_BUTTON' successfully

2017-11-20 12:48:06 - [MESSAGE][PASSED] - Object: 'Object Repository/NEXT_BUTTON' is clicked on

2017-11-20 12:48:13 - [MESSAGE][PASSED] - Delayed 7 second(s)

2017-11-20 12:48:13 - [MESSAGE][PASSED] - Scroll to object 'Object Repository/NEXT_BUTTON' successfully

2017-11-20 12:48:13 - [MESSAGE][PASSED] - Object: 'Object Repository/NEXT_BUTTON' is clicked on

2017-11-20 12:48:20 - [MESSAGE][PASSED] - Delayed 7 second(s)

2017-11-20 12:48:20 - [MESSAGE][PASSED] - Wait for page load successfully

2017-11-20 12:48:20 - [MESSAGE][PASSED] - Scroll to object 'Object Repository/Generic/FINISH_BUTTON' successfully

2017-11-20 12:48:21 - [MESSAGE][PASSED] - Object: 'Object Repository/Generic/FINISH_BUTTON' is clicked on

2017-11-20 12:48:26 - [MESSAGE][PASSED] - Delayed 5 second(s)

2017-11-20 12:48:26 - [MESSAGE][PASSED] - Text of object 'Object Repository/WO' is: 'ECR-20Nov2017-19'

2017-11-20 12:48:26 - [MESSAGE][PASSED] - Text of object 'Object Repository/ECR/WOSTATUS' is: 'Pending-RDApproval'

2017-11-20 12:48:26 - [MESSAGE][PASSED] - com.helper.commonfunct.utilities.createECR is PASSED

2017-11-20 12:48:26 - [MESSAGE][PASSED] - Call Test Case 'Test Cases/ECR/REF/ECR_Lite_ExpertService' successfully

2017-11-20 12:48:26 - [TEST_STEP][PASSED] - callTestCase: Call Test Case 'Test Cases/ECR/REF/ECR_Approval_Reject' successfully

2017-11-20 12:48:26 - [TEST_CASE][PASSED] - Test Cases/ECR/REF/ECR_Approval_Reject: Test Cases/ECR/REF/ECR_Approval_Reject

2017-11-20 12:48:26 - [TEST_STEP][PASSED] - Statement - While (WOSTATUS.contains("Pending")): com.helper.commonfunct.utilities.WOstatus is PASSED

2017-11-20 12:48:26 - [TEST_STEP][PASSED] - Statement - For ([j = 0, j < AssignmentList.size(), (j++)]): com.helper.commonfunct.utilities.WOstatus is PASSED

2017-11-20 12:48:26 - [TEST_STEP][PASSED] - Statement - Status = text: null

2017-11-20 12:48:26 - [TEST_STEP][PASSED] - Statement - println(Status): null

2017-11-20 12:48:26 - [TEST_STEP][PASSED] - Statement - If (Status == "Pending-RDApproval"): com.helper.commonfunct.utilities.WOstatus is PASSED

2017-11-20 12:48:26 - [TEST_STEP][PASSED] - Statement - If (RDReject == false): com.helper.commonfunct.utilities.WOstatus is PASSED

2017-11-20 12:48:26 - [TEST_STEP][PASSED] - Statement - If (Meeting == true): null

2017-11-20 12:48:26 - [TEST_STEP][PASSED] - Statement - Else: com.helper.commonfunct.utilities.WOstatus is PASSED

2017-11-20 12:48:26 - [TEST_STEP][PASSED] - com.helper.commonfunct.utilities.login: com.helper.commonfunct.utilities.login is PASSED

2017-11-20 12:48:26 - [MESSAGE][WARNING] - A browser is already opened. Closing browser and opening a new one

2017-11-20 12:48:29 - [MESSAGE][PASSED] - Browser is opened with url: ''

2017-11-20 12:48:30 - [MESSAGE][PASSED] - Navigate to 'https://vtcpqa2.rpega.com:9030/tcpqa/PRServlet' successfully

2017-11-20 12:48:30 - [MESSAGE][PASSED] - Text 'langr1@pegasystems.com' is set on object 'Object Repository/input_UserIdentifier'

2017-11-20 12:48:31 - [MESSAGE][PASSED] - Text 'install' is set on object 'Object Repository/input_Password'

2017-11-20 12:48:34 - [MESSAGE][PASSED] - Keys 'ENTER + ' sent to object: 'Object Repository/input_Password'

2017-11-20 12:48:34 - [MESSAGE][PASSED] - com.helper.commonfunct.utilities.login is PASSED

2017-11-20 12:48:34 - [TEST_STEP][PASSED] - com.helper.commonfunct.utilities.search: com.helper.commonfunct.utilities.search is PASSED

2017-11-20 12:48:35 - [MESSAGE][PASSED] - Current window maximized

2017-11-20 12:48:40 - [MESSAGE][PASSED] - Delayed 5 second(s)

2017-11-20 12:48:40 - [MESSAGE][PASSED] - Text 'ECR-20Nov2017-19' is set on object 'Object Repository/EngInfo/search'

2017-11-20 12:48:45 - [MESSAGE][PASSED] - Delayed 5 second(s)

2017-11-20 12:48:45 - [MESSAGE][PASSED] - Keys 'ENTER + ' sent to object: 'Object Repository/EngInfo/search'

2017-11-20 12:48:50 - [MESSAGE][PASSED] - Delayed 5 second(s)

2017-11-20 12:48:50 - [MESSAGE][PASSED] - com.helper.commonfunct.utilities.search is PASSED

2017-11-20 12:48:50 - [TEST_STEP][PASSED] - com.helper.commonfunct.utilities.approve: com.helper.commonfunct.utilities.approve is PASSED

2017-11-20 12:48:55 - [MESSAGE][PASSED] - Delayed 5 second(s)

2017-11-20 12:48:55 - [MESSAGE][WARNING] - Timeout '0' is invalid. Using default page load timeout: '30'

2017-11-20 12:48:57 - [MESSAGE][PASSED] - Object: 'Object Repository/Approve-Reject/link_assignment' is clicked on

2017-11-20 12:49:02 - [MESSAGE][PASSED] - Delayed 5 second(s)

2017-11-20 12:49:02 - [MESSAGE][WARNING] - Timeout '0' is invalid. Using default page load timeout: '30'

2017-11-20 12:49:02 - [MESSAGE][PASSED] - Scroll to object 'Object Repository/Approve-Reject/APPROVE_BUTTON' successfully

2017-11-20 12:49:02 - [MESSAGE][PASSED] - Object: 'Object Repository/Approve-Reject/APPROVE_BUTTON' is clicked on

2017-11-20 12:49:07 - [MESSAGE][PASSED] - Delayed 5 second(s)

2017-11-20 12:49:07 - [MESSAGE][PASSED] - Keys 'testing' sent to object: 'Object Repository/Approve-Reject/APPROVE_REJECT_NOTES'

2017-11-20 12:49:12 - [MESSAGE][PASSED] - Delayed 5 second(s)

2017-11-20 12:49:12 - [MESSAGE][WARNING] - Timeout '0' is invalid. Using default page load timeout: '30'

2017-11-20 12:49:12 - [MESSAGE][PASSED] - Scroll to object 'Object Repository/Generic/SUBMIT' successfully

2017-11-20 12:49:12 - [MESSAGE][PASSED] - Object: 'Object Repository/Generic/SUBMIT' is clicked on

2017-11-20 12:49:17 - [MESSAGE][PASSED] - Delayed 5 second(s)

2017-11-20 12:49:17 - [MESSAGE][PASSED] - com.helper.commonfunct.utilities.approve is PASSED

2017-11-20 12:49:17 - [TEST_STEP][PASSED] - com.helper.commonfunct.utilities.WOstatus: com.helper.commonfunct.utilities.WOstatus is PASSED

2017-11-20 12:49:18 - [MESSAGE][PASSED] - Text of object 'Object Repository/ECR/WOSTATUS' is: 'Pending-Approval'

2017-11-20 12:49:18 - [MESSAGE][PASSED] - com.helper.commonfunct.utilities.WOstatus is PASSED

2017-11-20 12:49:18 - [TEST_STEP][PASSED] - Statement - Status = text: null

2017-11-20 12:49:18 - [TEST_STEP][PASSED] - Statement - println(Status): null

2017-11-20 12:49:18 - [TEST_STEP][PASSED] - Statement - If (Status == "Pending-RDApproval"): null

2017-11-20 12:49:18 - [TEST_STEP][PASSED] - Statement - Else If (Status == "Pending-RLApproval"): null

2017-11-20 12:49:18 - [TEST_STEP][PASSED] - Statement - Else If (Status == "Pending-RDDApproval"): null

2017-11-20 12:49:18 - [TEST_STEP][PASSED] - Statement - Else If (Status == "Pending-OPSApproval"): com.helper.commonfunct.utilities.WOstatus is PASSED

2017-11-20 12:49:18 - [TEST_STEP][PASSED] - Statement - If (OpsReject == false): com.helper.commonfunct.utilities.WOstatus is PASSED

2017-11-20 12:49:18 - [TEST_STEP][PASSED] - com.helper.commonfunct.utilities.login: com.helper.commonfunct.utilities.login is PASSED

2017-11-20 12:49:18 - [MESSAGE][WARNING] - A browser is already opened. Closing browser and opening a new one

2017-11-20 12:49:21 - [MESSAGE][PASSED] - Browser is opened with url: ''

2017-11-20 12:49:21 - [MESSAGE][PASSED] - Navigate to 'https://vtcpqa2.rpega.com:9030/tcpqa/PRServlet' successfully

2017-11-20 12:49:22 - [MESSAGE][PASSED] - Text 'pogoa@pegasystems.com' is set on object 'Object Repository/input_UserIdentifier'

2017-11-20 12:49:22 - [MESSAGE][PASSED] - Text 'install' is set on object 'Object Repository/input_Password'

2017-11-20 12:49:25 - [MESSAGE][PASSED] - Keys 'ENTER + ' sent to object: 'Object Repository/input_Password'

2017-11-20 12:49:25 - [MESSAGE][PASSED] - com.helper.commonfunct.utilities.login is PASSED

2017-11-20 12:49:25 - [TEST_STEP][PASSED] - com.helper.commonfunct.utilities.search: com.helper.commonfunct.utilities.search is PASSED

2017-11-20 12:49:26 - [MESSAGE][PASSED] - Current window maximized

2017-11-20 12:49:31 - [MESSAGE][PASSED] - Delayed 5 second(s)

2017-11-20 12:49:32 - [MESSAGE][PASSED] - Text 'ECR-20Nov2017-19' is set on object 'Object Repository/EngInfo/search'

2017-11-20 12:49:37 - [MESSAGE][PASSED] - Delayed 5 second(s)

2017-11-20 12:49:37 - [MESSAGE][PASSED] - Keys 'ENTER + ' sent to object: 'Object Repository/EngInfo/search'

2017-11-20 12:49:42 - [MESSAGE][PASSED] - Delayed 5 second(s)

2017-11-20 12:49:42 - [MESSAGE][PASSED] - com.helper.commonfunct.utilities.search is PASSED

2017-11-20 12:49:42 - [TEST_STEP][PASSED] - com.helper.commonfunct.utilities.gsopsApprove: com.helper.commonfunct.utilities.gsopsApprove is PASSED

2017-11-20 12:49:47 - [MESSAGE][PASSED] - Delayed 5 second(s)

2017-11-20 12:49:47 - [MESSAGE][WARNING] - Timeout '0' is invalid. Using default page load timeout: '30'

2017-11-20 12:49:48 - [MESSAGE][WARNING] - Timeout '0' is invalid. Using default page load timeout: '30'

2017-11-20 12:49:48 - [MESSAGE][PASSED] - Scroll to object 'Object Repository/Approve-Reject/APPROVE_BUTTON' successfully

2017-11-20 12:49:48 - [MESSAGE][PASSED] - Object: 'Object Repository/Approve-Reject/APPROVE_BUTTON' is clicked on

2017-11-20 12:49:53 - [MESSAGE][PASSED] - Delayed 5 second(s)

2017-11-20 12:49:53 - [MESSAGE][PASSED] - Keys 'testing' sent to object: 'Object Repository/Approve-Reject/APPROVE_REJECT_NOTES'

2017-11-20 12:49:58 - [MESSAGE][PASSED] - Delayed 5 second(s)

2017-11-20 12:49:58 - [MESSAGE][WARNING] - Timeout '0' is invalid. Using default page load timeout: '30'

2017-11-20 12:49:58 - [MESSAGE][PASSED] - Scroll to object 'Object Repository/Generic/SUBMIT' successfully

2017-11-20 12:49:59 - [MESSAGE][PASSED] - Object: 'Object Repository/Generic/SUBMIT' is clicked on

2017-11-20 12:50:04 - [MESSAGE][PASSED] - Delayed 5 second(s)

2017-11-20 12:50:04 - [MESSAGE][PASSED] - com.helper.commonfunct.utilities.gsopsApprove is PASSED

2017-11-20 12:50:04 - [TEST_STEP][PASSED] - com.helper.commonfunct.utilities.WOstatus: com.helper.commonfunct.utilities.WOstatus is PASSED

2017-11-20 12:50:04 - [MESSAGE][PASSED] - Text of object 'Object Repository/ECR/WOSTATUS' is: 'Pending-Approval'

2017-11-20 12:50:04 - [MESSAGE][PASSED] - com.helper.commonfunct.utilities.WOstatus is PASSED

2017-11-20 12:50:04 - [TEST_STEP][PASSED] - Statement - For ([j = 0, j < AssignmentList.size(), (j++)]): com.helper.commonfunct.utilities.WOstatus is PASSED

2017-11-20 12:50:04 - [TEST_STEP][PASSED] - Statement - Status = text: null

2017-11-20 12:50:04 - [TEST_STEP][PASSED] - Statement - println(Status): null

2017-11-20 12:50:04 - [TEST_STEP][PASSED] - Statement - If (Status == "Pending-RDApproval"): null

2017-11-20 12:50:04 - [TEST_STEP][PASSED] - Statement - Else If (Status == "Pending-RLApproval"): null

2017-11-20 12:50:04 - [TEST_STEP][PASSED] - Statement - Else If (Status == "Pending-RDDApproval"): com.helper.commonfunct.utilities.WOstatus is PASSED

2017-11-20 12:50:04 - [TEST_STEP][PASSED] - Statement - If (RDD_Reject == false): com.helper.commonfunct.utilities.WOstatus is PASSED

2017-11-20 12:50:04 - [TEST_STEP][PASSED] - com.helper.commonfunct.utilities.login: com.helper.commonfunct.utilities.login is PASSED

2017-11-20 12:50:04 - [MESSAGE][WARNING] - A browser is already opened. Closing browser and opening a new one

2017-11-20 12:50:07 - [MESSAGE][PASSED] - Browser is opened with url: ''

2017-11-20 12:50:08 - [MESSAGE][PASSED] - Navigate to 'https://vtcpqa2.rpega.com:9030/tcpqa/PRServlet' successfully

2017-11-20 12:50:08 - [MESSAGE][PASSED] - Text 'lachd@pegasystems.com' is set on object 'Object Repository/input_UserIdentifier'

2017-11-20 12:50:08 - [MESSAGE][PASSED] - Text 'install' is set on object 'Object Repository/input_Password'

2017-11-20 12:50:12 - [MESSAGE][PASSED] - Keys 'ENTER + ' sent to object: 'Object Repository/input_Password'

2017-11-20 12:50:12 - [MESSAGE][PASSED] - com.helper.commonfunct.utilities.login is PASSED

2017-11-20 12:50:12 - [TEST_STEP][PASSED] - com.helper.commonfunct.utilities.search: com.helper.commonfunct.utilities.search is PASSED

2017-11-20 12:50:14 - [MESSAGE][PASSED] - Current window maximized

2017-11-20 12:50:19 - [MESSAGE][PASSED] - Delayed 5 second(s)

2017-11-20 12:50:19 - [MESSAGE][PASSED] - Text 'ECR-20Nov2017-19' is set on object 'Object Repository/EngInfo/search'

2017-11-20 12:50:24 - [MESSAGE][PASSED] - Delayed 5 second(s)

2017-11-20 12:50:24 - [MESSAGE][PASSED] - Keys 'ENTER + ' sent to object: 'Object Repository/EngInfo/search'

2017-11-20 12:50:29 - [MESSAGE][PASSED] - Delayed 5 second(s)

2017-11-20 12:50:29 - [MESSAGE][PASSED] - com.helper.commonfunct.utilities.search is PASSED

2017-11-20 12:50:29 - [TEST_STEP][PASSED] - com.helper.commonfunct.utilities.approve: com.helper.commonfunct.utilities.approve is PASSED

2017-11-20 12:50:34 - [MESSAGE][PASSED] - Delayed 5 second(s)

2017-11-20 12:50:34 - [MESSAGE][WARNING] - Timeout '0' is invalid. Using default page load timeout: '30'

2017-11-20 12:50:35 - [MESSAGE][PASSED] - Object: 'Object Repository/Approve-Reject/link_assignment' is clicked on

2017-11-20 12:50:40 - [MESSAGE][PASSED] - Delayed 5 second(s)

2017-11-20 12:50:40 - [MESSAGE][WARNING] - Timeout '0' is invalid. Using default page load timeout: '30'

2017-11-20 12:50:40 - [MESSAGE][PASSED] - Scroll to object 'Object Repository/Approve-Reject/APPROVE_BUTTON' successfully

2017-11-20 12:50:41 - [MESSAGE][PASSED] - Object: 'Object Repository/Approve-Reject/APPROVE_BUTTON' is clicked on

2017-11-20 12:50:46 - [MESSAGE][PASSED] - Delayed 5 second(s)

2017-11-20 12:50:46 - [MESSAGE][PASSED] - Keys 'testing' sent to object: 'Object Repository/Approve-Reject/APPROVE_REJECT_NOTES'

2017-11-20 12:50:51 - [MESSAGE][PASSED] - Delayed 5 second(s)

2017-11-20 12:50:51 - [MESSAGE][WARNING] - Timeout '0' is invalid. Using default page load timeout: '30'

2017-11-20 12:50:51 - [MESSAGE][PASSED] - Scroll to object 'Object Repository/Generic/SUBMIT' successfully

2017-11-20 12:50:51 - [MESSAGE][PASSED] - Object: 'Object Repository/Generic/SUBMIT' is clicked on

2017-11-20 12:50:56 - [MESSAGE][PASSED] - Delayed 5 second(s)

2017-11-20 12:50:56 - [MESSAGE][PASSED] - com.helper.commonfunct.utilities.approve is PASSED

2017-11-20 12:50:56 - [TEST_STEP][PASSED] - com.helper.commonfunct.utilities.WOstatus: com.helper.commonfunct.utilities.WOstatus is PASSED

2017-11-20 12:50:56 - [MESSAGE][PASSED] - Text of object 'Object Repository/ECR/WOSTATUS' is: 'Pending-Approval'

2017-11-20 12:50:56 - [MESSAGE][PASSED] - com.helper.commonfunct.utilities.WOstatus is PASSED

2017-11-20 12:50:56 - [TEST_STEP][PASSED] - Statement - For ([j = 0, j < AssignmentList.size(), (j++)]): com.helper.commonfunct.utilities.WOstatus is PASSED

2017-11-20 12:50:56 - [TEST_STEP][PASSED] - Statement - Status = text: null

2017-11-20 12:50:56 - [TEST_STEP][PASSED] - Statement - println(Status): null

2017-11-20 12:50:56 - [TEST_STEP][PASSED] - Statement - If (Status == "Pending-RDApproval"): null

2017-11-20 12:50:56 - [TEST_STEP][PASSED] - Statement - Else If (Status == "Pending-RLApproval"): null

2017-11-20 12:50:56 - [TEST_STEP][PASSED] - Statement - Else If (Status == "Pending-RDDApproval"): null

2017-11-20 12:50:56 - [TEST_STEP][PASSED] - Statement - Else If (Status == "Pending-OPSApproval"): null

2017-11-20 12:50:56 - [TEST_STEP][PASSED] - Statement - Else If (Status == "Pending-ExpSvcApproval"): com.helper.commonfunct.utilities.WOstatus is PASSED

2017-11-20 12:50:56 - [TEST_STEP][PASSED] - Statement - If (EXP_SVC_Reject == false): com.helper.commonfunct.utilities.WOstatus is PASSED

2017-11-20 12:50:56 - [TEST_STEP][PASSED] - com.helper.commonfunct.utilities.login: com.helper.commonfunct.utilities.login is PASSED

2017-11-20 12:50:56 - [MESSAGE][WARNING] - A browser is already opened. Closing browser and opening a new one

2017-11-20 12:51:00 - [MESSAGE][PASSED] - Browser is opened with url: ''

2017-11-20 12:51:00 - [MESSAGE][PASSED] - Navigate to 'https://vtcpqa2.rpega.com:9030/tcpqa/PRServlet' successfully

2017-11-20 12:51:00 - [MESSAGE][PASSED] - Text 'sachb@pegasystems.com' is set on object 'Object Repository/input_UserIdentifier'

2017-11-20 12:51:01 - [MESSAGE][PASSED] - Text 'install' is set on object 'Object Repository/input_Password'

2017-11-20 12:51:03 - [MESSAGE][PASSED] - Keys 'ENTER + ' sent to object: 'Object Repository/input_Password'

2017-11-20 12:51:03 - [MESSAGE][PASSED] - com.helper.commonfunct.utilities.login is PASSED

2017-11-20 12:51:03 - [TEST_STEP][PASSED] - com.helper.commonfunct.utilities.search: com.helper.commonfunct.utilities.search is PASSED

2017-11-20 12:51:04 - [MESSAGE][PASSED] - Current window maximized

2017-11-20 12:51:09 - [MESSAGE][PASSED] - Delayed 5 second(s)

2017-11-20 12:51:10 - [MESSAGE][PASSED] - Text 'ECR-20Nov2017-19' is set on object 'Object Repository/EngInfo/search'

2017-11-20 12:51:15 - [MESSAGE][PASSED] - Delayed 5 second(s)

2017-11-20 12:51:15 - [MESSAGE][PASSED] - Keys 'ENTER + ' sent to object: 'Object Repository/EngInfo/search'

2017-11-20 12:51:20 - [MESSAGE][PASSED] - Delayed 5 second(s)

2017-11-20 12:51:20 - [MESSAGE][PASSED] - com.helper.commonfunct.utilities.search is PASSED

2017-11-20 12:51:20 - [TEST_STEP][PASSED] - com.helper.commonfunct.utilities.approve: com.helper.commonfunct.utilities.approve is PASSED

2017-11-20 12:51:25 - [MESSAGE][PASSED] - Delayed 5 second(s)

2017-11-20 12:51:25 - [MESSAGE][WARNING] - Timeout '0' is invalid. Using default page load timeout: '30'

2017-11-20 12:51:27 - [MESSAGE][PASSED] - Object: 'Object Repository/Approve-Reject/link_assignment' is clicked on

2017-11-20 12:51:32 - [MESSAGE][PASSED] - Delayed 5 second(s)

2017-11-20 12:51:32 - [MESSAGE][WARNING] - Timeout '0' is invalid. Using default page load timeout: '30'

2017-11-20 12:51:32 - [MESSAGE][PASSED] - Scroll to object 'Object Repository/Approve-Reject/APPROVE_BUTTON' successfully

2017-11-20 12:51:32 - [MESSAGE][PASSED] - Object: 'Object Repository/Approve-Reject/APPROVE_BUTTON' is clicked on

2017-11-20 12:51:37 - [MESSAGE][PASSED] - Delayed 5 second(s)

2017-11-20 12:51:38 - [MESSAGE][PASSED] - Keys 'testing' sent to object: 'Object Repository/Approve-Reject/APPROVE_REJECT_NOTES'

2017-11-20 12:51:43 - [MESSAGE][PASSED] - Delayed 5 second(s)

2017-11-20 12:51:43 - [MESSAGE][WARNING] - Timeout '0' is invalid. Using default page load timeout: '30'

2017-11-20 12:51:43 - [MESSAGE][PASSED] - Scroll to object 'Object Repository/Generic/SUBMIT' successfully

2017-11-20 12:51:43 - [MESSAGE][PASSED] - Object: 'Object Repository/Generic/SUBMIT' is clicked on

2017-11-20 12:51:48 - [MESSAGE][PASSED] - Delayed 5 second(s)

2017-11-20 12:51:48 - [MESSAGE][PASSED] - com.helper.commonfunct.utilities.approve is PASSED

2017-11-20 12:51:48 - [TEST_STEP][PASSED] - com.helper.commonfunct.utilities.WOstatus: com.helper.commonfunct.utilities.WOstatus is PASSED

2017-11-20 12:51:48 - [MESSAGE][PASSED] - Text of object 'Object Repository/ECR/WOSTATUS' is: 'Pending-Contract'

2017-11-20 12:51:48 - [MESSAGE][PASSED] - com.helper.commonfunct.utilities.WOstatus is PASSED

2017-11-20 12:51:48 - [TEST_STEP][PASSED] - Statement - For ([j = 0, j < AssignmentList.size(), (j++)]): com.helper.commonfunct.utilities.WOstatus is PASSED

2017-11-20 12:51:48 - [TEST_STEP][PASSED] - Statement - Status = text: null

2017-11-20 12:51:48 - [TEST_STEP][PASSED] - Statement - println(Status): null

2017-11-20 12:51:48 - [TEST_STEP][PASSED] - Statement - If (Status == "Pending-RDApproval"): null

2017-11-20 12:51:48 - [TEST_STEP][PASSED] - Statement - Else If (Status == "Pending-RLApproval"): null

2017-11-20 12:51:48 - [TEST_STEP][PASSED] - Statement - Else If (Status == "Pending-RDDApproval"): null

2017-11-20 12:51:48 - [TEST_STEP][PASSED] - Statement - Else If (Status == "Pending-OPSApproval"): null

2017-11-20 12:51:48 - [TEST_STEP][PASSED] - Statement - Else If (Status == "Pending-ExpSvcApproval"): null

2017-11-20 12:51:48 - [TEST_STEP][PASSED] - Statement - Else If (Status == "Pending-DocUpdate"): null

2017-11-20 12:51:48 - [TEST_STEP][PASSED] - Statement - Else If (Status == "Pending-Contract"): com.helper.commonfunct.utilities.WOstatus is PASSED

2017-11-20 12:51:48 - [TEST_STEP][PASSED] - com.helper.commonfunct.utilities.login: com.helper.commonfunct.utilities.login is PASSED

2017-11-20 12:51:48 - [MESSAGE][WARNING] - A browser is already opened. Closing browser and opening a new one

2017-11-20 12:51:52 - [MESSAGE][PASSED] - Browser is opened with url: ''

2017-11-20 12:51:52 - [MESSAGE][PASSED] - Navigate to 'https://vtcpqa2.rpega.com:9030/tcpqa/PRServlet' successfully

2017-11-20 12:51:53 - [MESSAGE][PASSED] - Text 'hendj@pegasystems.com' is set on object 'Object Repository/input_UserIdentifier'

2017-11-20 12:51:53 - [MESSAGE][PASSED] - Text 'install' is set on object 'Object Repository/input_Password'

2017-11-20 12:51:56 - [MESSAGE][PASSED] - Keys 'ENTER + ' sent to object: 'Object Repository/input_Password'

2017-11-20 12:51:56 - [MESSAGE][PASSED] - com.helper.commonfunct.utilities.login is PASSED

2017-11-20 12:51:56 - [TEST_STEP][PASSED] - com.helper.commonfunct.utilities.search: com.helper.commonfunct.utilities.search is PASSED

2017-11-20 12:51:58 - [MESSAGE][PASSED] - Current window maximized

2017-11-20 12:52:03 - [MESSAGE][PASSED] - Delayed 5 second(s)

2017-11-20 12:52:04 - [MESSAGE][PASSED] - Text 'ECR-20Nov2017-19' is set on object 'Object Repository/EngInfo/search'

2017-11-20 12:52:09 - [MESSAGE][PASSED] - Delayed 5 second(s)

2017-11-20 12:52:14 - [MESSAGE][PASSED] - Keys 'ENTER + ' sent to object: 'Object Repository/EngInfo/search'

2017-11-20 12:52:19 - [MESSAGE][PASSED] - Delayed 5 second(s)

2017-11-20 12:52:19 - [MESSAGE][PASSED] - com.helper.commonfunct.utilities.search is PASSED

2017-11-20 12:52:19 - [TEST_STEP][PASSED] - maximizeWindow: Current window maximized

2017-11-20 12:52:19 - [MESSAGE][PASSED] - Current window maximized

2017-11-20 12:52:19 - [TEST_STEP][PASSED] - com.helper.commonfunct.utilities.ContractDisposition: com.helper.commonfunct.utilities.ContractDisposition is PASSED

2017-11-20 12:52:24 - [MESSAGE][PASSED] - Delayed 5 second(s)

2017-11-20 12:52:24 - [MESSAGE][WARNING] - Timeout '0' is invalid. Using default page load timeout: '30'

2017-11-20 12:52:25 - [MESSAGE][PASSED] - Object: 'Object Repository/Approve-Reject/contractlink' is clicked on

2017-11-20 12:52:30 - [MESSAGE][PASSED] - Delayed 5 second(s)

2017-11-20 12:52:30 - [MESSAGE][PASSED] - Object: 'Object Repository/Approve-Reject/cretaeContract' is clicked on

2017-11-20 12:52:35 - [MESSAGE][PASSED] - Delayed 5 second(s)

2017-11-20 12:52:35 - [MESSAGE][PASSED] - Text 'testing' is set on object 'Object Repository/Approve-Reject/contractNotes'

2017-11-20 12:52:40 - [MESSAGE][PASSED] - Delayed 5 second(s)

2017-11-20 12:52:40 - [MESSAGE][WARNING] - Timeout '0' is invalid. Using default page load timeout: '30'

2017-11-20 12:52:40 - [MESSAGE][PASSED] - Scroll to object 'Object Repository/Generic/SUBMIT' successfully

2017-11-20 12:52:41 - [MESSAGE][PASSED] - Object: 'Object Repository/Generic/SUBMIT' is clicked on

2017-11-20 12:52:46 - [MESSAGE][PASSED] - Delayed 5 second(s)

2017-11-20 12:52:46 - [MESSAGE][PASSED] - Wait for page load successfully

2017-11-20 12:52:47 - [MESSAGE][PASSED] - Object: 'Object Repository/Approve-Reject/dispositionLink' is clicked on

2017-11-20 12:52:52 - [MESSAGE][PASSED] - Delayed 5 second(s)

2017-11-20 12:52:52 - [MESSAGE][PASSED] - Object: 'Object Repository/Approve-Reject/dispositionOption' is clicked on

2017-11-20 12:52:57 - [MESSAGE][PASSED] - Delayed 5 second(s)

2017-11-20 12:52:57 - [MESSAGE][PASSED] - Text 'testing' is set on object 'Object Repository/Approve-Reject/disposition_comments'

2017-11-20 12:53:02 - [MESSAGE][PASSED] - Delayed 5 second(s)

2017-11-20 12:53:02 - [MESSAGE][WARNING] - Timeout '0' is invalid. Using default page load timeout: '30'

2017-11-20 12:53:02 - [MESSAGE][PASSED] - Scroll to object 'Object Repository/Generic/SUBMIT' successfully

2017-11-20 12:53:02 - [MESSAGE][PASSED] - Object: 'Object Repository/Generic/SUBMIT' is clicked on

2017-11-20 12:53:07 - [MESSAGE][PASSED] - Delayed 5 second(s)

2017-11-20 12:53:07 - [MESSAGE][PASSED] - com.helper.commonfunct.utilities.ContractDisposition is PASSED

2017-11-20 12:53:07 - [TEST_STEP][PASSED] - waitForPageLoad: Wait for page load successfully

2017-11-20 12:53:07 - [MESSAGE][PASSED] - Wait for page load successfully

2017-11-20 12:53:07 - [TEST_STEP][PASSED] - com.helper.commonfunct.utilities.WOstatus: com.helper.commonfunct.utilities.WOstatus is PASSED

2017-11-20 12:53:09 - [MESSAGE][PASSED] - Text of object 'Object Repository/ECR/WOSTATUS' is: 'Resolved-Won'

2017-11-20 12:53:09 - [MESSAGE][PASSED] - com.helper.commonfunct.utilities.WOstatus is PASSED

2017-11-20 12:53:09 - [MESSAGE][PASSED] - Call Test Case 'Test Cases/ECR/REF/ECR_Approval_Reject' successfully]]></system-out>
         <system-err><![CDATA[2017-11-20 12:45:45 - [TEST_CASE][FAILED] - Test Cases/ECR/TC_ECR_Lite_ExpertService_AllApproval: Call Test Case 'Test Cases/ECR/REF/ECR_Lite_ExpertService' successfully]]></system-err>
      </testcase>
      <system-out><![CDATA[2017-11-20 12:17:18 - [TEST_SUITE][FAILED] - ECR_Lite: Test Cases/ECR/TC_ECRLite_NoExpertService_AllApproval FAILED because (of) Unable to click on object 'Object Repository/Approve-Reject/contractlink' (Root cause: org.openqa.selenium.WebDriverException: chrome not reachable
  (Session info: chrome=62.0.3202.94)
  (Driver info: chromedriver=2.33.506120 (e3e53437346286c0bc2d2dc9aa4915ba81d9023f),platform=Windows NT 6.1.7601 SP1 x86_64) (WARNING: The server did not provide any stacktrace information)
Command duration or timeout: 0 milliseconds
Build info: version: '3.7.1', revision: '8a0099a', time: '2017-11-06T21:07:36.161Z'
System info: host: 'L22622WUS', ip: '10.2.176.79', os.name: 'Windows 7', os.arch: 'amd64', os.version: '6.1', java.version: '1.8.0_102'
Driver info: com.kms.katalon.selenium.driver.CChromeDriver
Capabilities {acceptSslCerts: true, applicationCacheEnabled: false, browserConnectionEnabled: false, browserName: chrome, chrome: {chromedriverVersion: 2.33.506120 (e3e53437346286..., userDataDir: C:\Users\nipin\AppData\Loca...}, cssSelectorsEnabled: true, databaseEnabled: false, handlesAlerts: true, hasTouchScreen: false, javascriptEnabled: true, locationContextEnabled: true, mobileEmulationEnabled: false, nativeEvents: true, networkConnectionEnabled: false, pageLoadStrategy: normal, platform: XP, platformName: XP, rotatable: false, setWindowRect: true, takesHeapSnapshot: true, takesScreenshot: true, unexpectedAlertBehaviour: , unhandledPromptBehavior: , version: 62.0.3202.94, webStorageEnabled: true}
Session ID: c63627690cc8c14dd691297e66e273eb
*** Element info: {Using=xpath, value=//nobr//a[contains(.,'Create Contract')]})]]></system-out>
      <system-err><![CDATA[2017-11-20 12:17:18 - [TEST_SUITE][FAILED] - ECR_Lite: Test Cases/ECR/TC_ECRLite_NoExpertService_AllApproval FAILED because (of) Unable to click on object 'Object Repository/Approve-Reject/contractlink' (Root cause: org.openqa.selenium.WebDriverException: chrome not reachable
  (Session info: chrome=62.0.3202.94)
  (Driver info: chromedriver=2.33.506120 (e3e53437346286c0bc2d2dc9aa4915ba81d9023f),platform=Windows NT 6.1.7601 SP1 x86_64) (WARNING: The server did not provide any stacktrace information)
Command duration or timeout: 0 milliseconds
Build info: version: '3.7.1', revision: '8a0099a', time: '2017-11-06T21:07:36.161Z'
System info: host: 'L22622WUS', ip: '10.2.176.79', os.name: 'Windows 7', os.arch: 'amd64', os.version: '6.1', java.version: '1.8.0_102'
Driver info: com.kms.katalon.selenium.driver.CChromeDriver
Capabilities {acceptSslCerts: true, applicationCacheEnabled: false, browserConnectionEnabled: false, browserName: chrome, chrome: {chromedriverVersion: 2.33.506120 (e3e53437346286..., userDataDir: C:\Users\nipin\AppData\Loca...}, cssSelectorsEnabled: true, databaseEnabled: false, handlesAlerts: true, hasTouchScreen: false, javascriptEnabled: true, locationContextEnabled: true, mobileEmulationEnabled: false, nativeEvents: true, networkConnectionEnabled: false, pageLoadStrategy: normal, platform: XP, platformName: XP, rotatable: false, setWindowRect: true, takesHeapSnapshot: true, takesScreenshot: true, unexpectedAlertBehaviour: , unhandledPromptBehavior: , version: 62.0.3202.94, webStorageEnabled: true}
Session ID: c63627690cc8c14dd691297e66e273eb
*** Element info: {Using=xpath, value=//nobr//a[contains(.,'Create Contract')]})]]></system-err>
   </testsuite>
</testsuites>
