<?xml version="1.0" encoding="UTF-8"?>
<testsuites name="BEP" time="3010" tests="9" failures="2" errors="0">
   <testsuite name="BEP" tests="9" failures="2" errors="0" time="3010" timestamp="2017-11-06 08:50:55" hostname="nipin - L22622WUS.rpega.com" id="Test Suites/BID/BEP">
      <properties>
         <property name="deviceName" value=""/>
         <property name="devicePlatform" value=""/>
         <property name="logFolder" value="C:\\Users\\nipin\\Katalon Studio\\COE\\Reports\\BID\\BEP\\20171106_085053"/>
         <property name="logFiles" value="C:\\Users\\nipin\\Katalon Studio\\COE\\Reports\\BID\\BEP\\20171106_085053\\execution0.log"/>
         <property name="attachments" value=""/>
         <property name="hostName" value="nipin - L22622WUS.rpega.com"/>
         <property name="os" value="Windows 7 64bit"/>
         <property name="katalonVersion" value="5.0.0.1"/>
         <property name="browser" value="Chrome 61.0.3163.100"/>
         <property name="hostAddress" value="10.2.176.41"/>
         <property name="sessionId" value="6673049d34a26fb40e92fef60b098e21"/>
         <property name="seleniumVersion" value="2.53.0"/>
         <property name="proxyInformation" value="ProxyInformation{proxyOption=NO_PROXY, proxyServerType=HTTP, password=, proxyServerAddress=, proxyServerPort=0}"/>
         <property name="platform" value="Windows 7"/>
      </properties>
      <testcase name="Test Cases/BEP/TC_CreateBEP_EmailOutput_SendEmail_CreateECR" classname="Test Cases/BEP/TC_CreateBEP_EmailOutput_SendEmail_CreateECR" status="PASSED">
         <system-out><![CDATA[2017-11-06 08:50:55 - [TEST_CASE][PASSED] - Test Cases/BEP/TC_CreateBEP_EmailOutput_SendEmail_CreateECR: Test Cases/BEP/TC_CreateBEP_EmailOutput_SendEmail_CreateECR

2017-11-06 08:50:56 - [TEST_STEP][PASSED] - callTestCase: Call Test Case 'Test Cases/BEP/TC_Create_BEP_EmailOutput' successfully

2017-11-06 08:50:56 - [TEST_CASE][PASSED] - Test Cases/BEP/TC_Create_BEP_EmailOutput: Test Cases/BEP/TC_Create_BEP_EmailOutput

2017-11-06 08:50:56 - [TEST_STEP][PASSED] - com.helper.commonfunct.utilities.login: com.helper.commonfunct.utilities.login is PASSED

2017-11-06 08:51:00 - [MESSAGE][PASSED] - Browser is opened with url: ''

2017-11-06 08:51:01 - [MESSAGE][PASSED] - Navigate to 'http://vtcpqa2:9685/tcpqa/PRServlet' successfully

2017-11-06 08:51:02 - [MESSAGE][PASSED] - Text 'hendj@pegasystems.com' is set on object 'Object Repository/input_UserIdentifier'

2017-11-06 08:51:02 - [MESSAGE][PASSED] - Text 'install' is set on object 'Object Repository/input_Password'

2017-11-06 08:51:05 - [MESSAGE][PASSED] - Keys 'ENTER + ' sent to object: 'Object Repository/input_Password'

2017-11-06 08:51:05 - [MESSAGE][PASSED] - com.helper.commonfunct.utilities.login is PASSED

2017-11-06 08:51:05 - [TEST_STEP][PASSED] - com.helper.commonfunct.BEP_CommonMethod.EstimateEmailOutput: com.helper.commonfunct.BEP_CommonMethod.EstimateEmailOutput is PASSED

2017-11-06 08:51:05 - [MESSAGE][PASSED] - Object: 'Object Repository/Generic/a_Actions' is clicked on

2017-11-06 08:51:07 - [MESSAGE][PASSED] - Object: 'Object Repository/span_New' is focused

2017-11-06 08:51:09 - [MESSAGE][PASSED] - Object: 'Object Repository/BEP/EstimateLink' is clicked on

2017-11-06 08:51:14 - [MESSAGE][PASSED] - Delayed 5 second(s)

2017-11-06 08:51:14 - [MESSAGE][WARNING] - Timeout '0' is invalid. Using default page load timeout: '30'

2017-11-06 08:51:15 - [MESSAGE][PASSED] - Object 'Object Repository/BEP/import' is visible

2017-11-06 08:51:15 - [MESSAGE][PASSED] - Object: 'Object Repository/BEP/import' is clicked on

2017-11-06 08:51:20 - [MESSAGE][PASSED] - Delayed 5 second(s)

2017-11-06 08:51:20 - [MESSAGE][PASSED] - File 'C:\EStimate.xlsm' sent to object: 'Object Repository/input_PpyWorkPageppyFilePath'

2017-11-06 08:51:25 - [MESSAGE][PASSED] - Delayed 5 second(s)

2017-11-06 08:51:25 - [MESSAGE][PASSED] - Object: 'Object Repository/button_Submit' is clicked on

2017-11-06 08:51:35 - [MESSAGE][PASSED] - Delayed 10 second(s)

2017-11-06 08:51:36 - [MESSAGE][PASSED] - Text 'BOFA' is set on object 'Object Repository/Generic/ORG'

2017-11-06 08:51:41 - [MESSAGE][PASSED] - Delayed 5 second(s)

2017-11-06 08:51:41 - [MESSAGE][PASSED] - Keys 'TAB + ' sent to object: 'Object Repository/Generic/ORG'

2017-11-06 08:51:46 - [MESSAGE][PASSED] - Delayed 5 second(s)

2017-11-06 08:51:46 - [MESSAGE][PASSED] - Text 'BOFA' is set on object 'Object Repository/Generic/ACC'

2017-11-06 08:51:51 - [MESSAGE][PASSED] - Delayed 5 second(s)

2017-11-06 08:51:51 - [MESSAGE][PASSED] - Keys 'TAB + ' sent to object: 'Object Repository/Generic/ACC'

2017-11-06 08:51:56 - [MESSAGE][PASSED] - Delayed 5 second(s)

2017-11-06 08:51:57 - [MESSAGE][PASSED] - Text 'AUTOTEST1' is set on object 'Object Repository/Generic/ENG_DESC'

2017-11-06 08:52:02 - [MESSAGE][PASSED] - Delayed 5 second(s)

2017-11-06 08:52:02 - [MESSAGE][PASSED] - Object: 'Object Repository/Generic/PlatformID' is clicked on

2017-11-06 08:52:04 - [MESSAGE][PASSED] - Delayed 2 second(s)

2017-11-06 08:52:04 - [MESSAGE][PASSED] - Keys 'Accessibility' sent to object: 'Object Repository/Generic/PlatformID'

2017-11-06 08:52:09 - [MESSAGE][PASSED] - Delayed 5 second(s)

2017-11-06 08:52:09 - [MESSAGE][PASSED] - Object: 'Object Repository/Generic/PlatformVersion' is clicked on

2017-11-06 08:52:11 - [MESSAGE][PASSED] - Delayed 2 second(s)

2017-11-06 08:52:12 - [MESSAGE][PASSED] - Keys 'Accessibility Framework' sent to object: 'Object Repository/Generic/PlatformVersion'

2017-11-06 08:52:16 - [MESSAGE][PASSED] - Delayed 4 second(s)

2017-11-06 08:52:16 - [MESSAGE][PASSED] - Scroll to object 'Object Repository/BEP/MorethanOneRLSNO' successfully

2017-11-06 08:52:16 - [MESSAGE][PASSED] - Object: 'Object Repository/BEP/MorethanOneRLSNO' is clicked on

2017-11-06 08:52:20 - [MESSAGE][PASSED] - Delayed 4 second(s)

2017-11-06 08:52:20 - [MESSAGE][PASSED] - Object: 'Object Repository/Generic/PlatformTrue' is clicked on

2017-11-06 08:52:24 - [MESSAGE][PASSED] - Delayed 4 second(s)

2017-11-06 08:52:29 - [MESSAGE][PASSED] - Delayed 5 second(s)

2017-11-06 08:52:29 - [MESSAGE][PASSED] - Object: 'Object Repository/EngInfo/PL' is clicked on

2017-11-06 08:52:31 - [MESSAGE][PASSED] - Delayed 2 second(s)

2017-11-06 08:52:32 - [MESSAGE][PASSED] - Keys 'Jeff Henderson ' sent to object: 'Object Repository/EngInfo/PL'

2017-11-06 08:52:36 - [MESSAGE][PASSED] - Delayed 4 second(s)

2017-11-06 08:52:36 - [MESSAGE][PASSED] - Object: 'Object Repository/EngInfo/PLTL' is clicked on

2017-11-06 08:52:39 - [MESSAGE][PASSED] - Delayed 3 second(s)

2017-11-06 08:52:39 - [MESSAGE][PASSED] - Keys 'Robert Higgins' sent to object: 'Object Repository/EngInfo/PLTL'

2017-11-06 08:52:44 - [MESSAGE][PASSED] - Delayed 5 second(s)

2017-11-06 08:52:44 - [MESSAGE][PASSED] - Scroll to object 'Object Repository/NEXT_BUTTON' successfully

2017-11-06 08:52:45 - [MESSAGE][PASSED] - Object: 'Object Repository/NEXT_BUTTON' is clicked on

2017-11-06 08:52:49 - [MESSAGE][PASSED] - Delayed 4 second(s)

2017-11-06 08:52:49 - [MESSAGE][PASSED] - Text '12' is set on object 'Object Repository/BEP/DurationLow'

2017-11-06 08:52:54 - [MESSAGE][PASSED] - Delayed 5 second(s)

2017-11-06 08:52:54 - [MESSAGE][PASSED] - Keys 'TAB + ' sent to object: 'Object Repository/BEP/DurationLow'

2017-11-06 08:52:59 - [MESSAGE][PASSED] - Delayed 5 second(s)

2017-11-06 08:53:00 - [MESSAGE][PASSED] - Text '12' is set on object 'Object Repository/BEP/DurationHigh'

2017-11-06 08:53:05 - [MESSAGE][PASSED] - Delayed 5 second(s)

2017-11-06 08:53:05 - [MESSAGE][PASSED] - Keys 'TAB + ' sent to object: 'Object Repository/BEP/DurationHigh'

2017-11-06 08:53:10 - [MESSAGE][PASSED] - Delayed 5 second(s)

2017-11-06 08:53:10 - [MESSAGE][PASSED] - Text '12' is set on object 'Object Repository/BEP/PartnerHoursLow'

2017-11-06 08:53:15 - [MESSAGE][PASSED] - Delayed 5 second(s)

2017-11-06 08:53:15 - [MESSAGE][PASSED] - Keys 'TAB + ' sent to object: 'Object Repository/BEP/PartnerHoursLow'

2017-11-06 08:53:20 - [MESSAGE][PASSED] - Delayed 5 second(s)

2017-11-06 08:53:20 - [MESSAGE][PASSED] - Text '12' is set on object 'Object Repository/BEP/PartnerHoursHigh'

2017-11-06 08:53:25 - [MESSAGE][PASSED] - Delayed 5 second(s)

2017-11-06 08:53:25 - [MESSAGE][PASSED] - Object: 'Object Repository/BEP/EstimationMethod' is clicked on

2017-11-06 08:53:30 - [MESSAGE][PASSED] - Delayed 5 second(s)

2017-11-06 08:53:31 - [MESSAGE][PASSED] - Keys 'BSW' sent to object: 'Object Repository/BEP/EstimationMethod'

2017-11-06 08:53:36 - [MESSAGE][PASSED] - Delayed 5 second(s)

2017-11-06 08:53:36 - [MESSAGE][PASSED] - Object: 'Object Repository/BEP/routeToRL' is clicked on

2017-11-06 08:53:38 - [MESSAGE][PASSED] - Delayed 2 second(s)

2017-11-06 08:53:38 - [MESSAGE][PASSED] - Scroll to object 'Object Repository/NEXT_BUTTON' successfully

2017-11-06 08:53:38 - [MESSAGE][PASSED] - Object: 'Object Repository/NEXT_BUTTON' is clicked on

2017-11-06 08:53:40 - [MESSAGE][PASSED] - Delayed 2 second(s)

2017-11-06 08:53:40 - [MESSAGE][PASSED] - Object: 'Object Repository/BEP/BEPOutputEmail' is clicked on

2017-11-06 08:53:44 - [MESSAGE][PASSED] - Delayed 4 second(s)

2017-11-06 08:53:44 - [MESSAGE][PASSED] - Object: 'Object Repository/BEP/RECEIPIENT' is clicked on

2017-11-06 08:53:48 - [MESSAGE][PASSED] - Delayed 4 second(s)

2017-11-06 08:53:49 - [MESSAGE][PASSED] - Object: 'Object Repository/BEP/AddEmailID' is clicked on

2017-11-06 08:53:51 - [MESSAGE][PASSED] - Delayed 2 second(s)

2017-11-06 08:53:51 - [MESSAGE][PASSED] - Keys 'nagaveni.nipinale@in.pega.com' sent to object: 'Object Repository/BEP/MAILID_XPATH'

2017-11-06 08:53:55 - [MESSAGE][PASSED] - Delayed 4 second(s)

2017-11-06 08:53:55 - [MESSAGE][PASSED] - Object: 'Object Repository/BEP/modal_submit' is clicked on

2017-11-06 08:53:59 - [MESSAGE][PASSED] - Delayed 4 second(s)

2017-11-06 08:54:00 - [MESSAGE][PASSED] - Keys 'Test Automation' sent to object: 'Object Repository/BEP/Email_Subject'

2017-11-06 08:54:00 - [MESSAGE][PASSED] - Scroll to object 'Object Repository/NEXT_BUTTON' successfully

2017-11-06 08:54:00 - [MESSAGE][PASSED] - Object: 'Object Repository/NEXT_BUTTON' is clicked on

2017-11-06 08:54:04 - [MESSAGE][PASSED] - Delayed 4 second(s)

2017-11-06 08:54:04 - [MESSAGE][PASSED] - Scroll to object 'Object Repository/Generic/FINISH_BUTTON' successfully

2017-11-06 08:54:04 - [MESSAGE][PASSED] - Object: 'Object Repository/Generic/FINISH_BUTTON' is clicked on

2017-11-06 08:54:09 - [MESSAGE][PASSED] - Text of object 'Object Repository/BEP/BEPWOID' is: 'BEP-06Nov2017-26'

2017-11-06 08:54:09 - [MESSAGE][PASSED] - com.helper.commonfunct.BEP_CommonMethod.EstimateEmailOutput is PASSED

2017-11-06 08:54:09 - [TEST_STEP][PASSED] - com.helper.commonfunct.BEP_CommonMethod.woid: com.helper.commonfunct.BEP_CommonMethod.woid is PASSED

2017-11-06 08:54:09 - [MESSAGE][PASSED] - Text of object 'Object Repository/BEP/BEPWOID' is: 'BEP-06Nov2017-26'

2017-11-06 08:54:09 - [MESSAGE][PASSED] - com.helper.commonfunct.BEP_CommonMethod.woid is PASSED

2017-11-06 08:54:09 - [TEST_STEP][PASSED] - com.helper.commonfunct.BEP_CommonMethod.WOstatus: com.helper.commonfunct.BEP_CommonMethod.WOstatus is PASSED

2017-11-06 08:54:09 - [MESSAGE][PASSED] - Text of object 'Object Repository/BEP/WOSTATUS' is: 'Pending-RDApproval'

2017-11-06 08:54:09 - [MESSAGE][PASSED] - com.helper.commonfunct.BEP_CommonMethod.WOstatus is PASSED

2017-11-06 08:54:09 - [MESSAGE][PASSED] - Call Test Case 'Test Cases/BEP/TC_Create_BEP_EmailOutput' successfully

2017-11-06 08:54:09 - [TEST_STEP][PASSED] - Statement - SendEmail = true: null

2017-11-06 08:54:09 - [TEST_STEP][PASSED] - Statement - CreateECR = true: null

2017-11-06 08:54:09 - [TEST_STEP][PASSED] - callTestCase: Call Test Case 'Test Cases/BEP/All_Approval_Reject' successfully

2017-11-06 08:54:09 - [TEST_CASE][PASSED] - Test Cases/BEP/All_Approval_Reject: Test Cases/BEP/All_Approval_Reject

2017-11-06 08:54:10 - [TEST_STEP][PASSED] - Statement - While (WOSTATUS.contains("Pending")): com.helper.commonfunct.utilities.WOstatus is PASSED

2017-11-06 08:54:10 - [TEST_STEP][PASSED] - Statement - For ([j = 0, j < AssignmentList.size(), (j++)]): com.helper.commonfunct.utilities.WOstatus is PASSED

2017-11-06 08:54:10 - [TEST_STEP][PASSED] - Statement - Status = text: null

2017-11-06 08:54:10 - [TEST_STEP][PASSED] - Statement - println(Status): null

2017-11-06 08:54:10 - [TEST_STEP][PASSED] - Statement - If (WOSTATUS == "Pending-RDApproval"): com.helper.commonfunct.utilities.WOstatus is PASSED

2017-11-06 08:54:10 - [TEST_STEP][PASSED] - Statement - If (RDReject == false): com.helper.commonfunct.utilities.WOstatus is PASSED

2017-11-06 08:54:10 - [TEST_STEP][PASSED] - Statement - If (RouteToRL == true): com.helper.commonfunct.utilities.WOstatus is PASSED

2017-11-06 08:54:10 - [TEST_STEP][PASSED] - com.helper.commonfunct.utilities.login: com.helper.commonfunct.utilities.login is PASSED

2017-11-06 08:54:10 - [MESSAGE][WARNING] - A browser is already opened. Closing browser and opening a new one

2017-11-06 08:54:13 - [MESSAGE][PASSED] - Browser is opened with url: ''

2017-11-06 08:54:14 - [MESSAGE][PASSED] - Navigate to 'http://vtcpqa2:9685/tcpqa/PRServlet' successfully

2017-11-06 08:54:14 - [MESSAGE][PASSED] - Text 'langr1@pegasystems.com' is set on object 'Object Repository/input_UserIdentifier'

2017-11-06 08:54:14 - [MESSAGE][PASSED] - Text 'install' is set on object 'Object Repository/input_Password'

2017-11-06 08:54:17 - [MESSAGE][PASSED] - Keys 'ENTER + ' sent to object: 'Object Repository/input_Password'

2017-11-06 08:54:17 - [MESSAGE][PASSED] - com.helper.commonfunct.utilities.login is PASSED

2017-11-06 08:54:17 - [TEST_STEP][PASSED] - com.helper.commonfunct.utilities.search: com.helper.commonfunct.utilities.search is PASSED

2017-11-06 08:54:18 - [MESSAGE][PASSED] - Current window maximized

2017-11-06 08:54:23 - [MESSAGE][PASSED] - Delayed 5 second(s)

2017-11-06 08:54:24 - [MESSAGE][PASSED] - Text 'BEP-06Nov2017-26' is set on object 'Object Repository/EngInfo/search'

2017-11-06 08:54:26 - [MESSAGE][PASSED] - Delayed 2 second(s)

2017-11-06 08:54:26 - [MESSAGE][PASSED] - Keys 'ENTER + ' sent to object: 'Object Repository/EngInfo/search'

2017-11-06 08:54:31 - [MESSAGE][PASSED] - Delayed 5 second(s)

2017-11-06 08:54:31 - [MESSAGE][PASSED] - com.helper.commonfunct.utilities.search is PASSED

2017-11-06 08:54:31 - [TEST_STEP][PASSED] - com.helper.commonfunct.BEP_CommonMethod.RDapprove: com.helper.commonfunct.BEP_CommonMethod.RDapprove is PASSED

2017-11-06 08:54:35 - [MESSAGE][PASSED] - Delayed 4 second(s)

2017-11-06 08:54:35 - [MESSAGE][WARNING] - Timeout '0' is invalid. Using default page load timeout: '30'

2017-11-06 08:54:36 - [MESSAGE][PASSED] - Object: 'Object Repository/BEP/RDLink' is clicked on

2017-11-06 08:54:40 - [MESSAGE][PASSED] - Delayed 4 second(s)

2017-11-06 08:54:40 - [MESSAGE][PASSED] - Scroll to object 'Object Repository/NEXT_BUTTON' successfully

2017-11-06 08:54:40 - [MESSAGE][PASSED] - Object: 'Object Repository/NEXT_BUTTON' is clicked on

2017-11-06 08:54:44 - [MESSAGE][PASSED] - Delayed 4 second(s)

2017-11-06 08:54:44 - [MESSAGE][WARNING] - Timeout '0' is invalid. Using default page load timeout: '30'

2017-11-06 08:54:44 - [MESSAGE][PASSED] - Scroll to object 'Object Repository/BEP/RD_RLApprove' successfully

2017-11-06 08:54:44 - [MESSAGE][PASSED] - Object: 'Object Repository/BEP/RD_RLApprove' is clicked on

2017-11-06 08:54:48 - [MESSAGE][PASSED] - Delayed 4 second(s)

2017-11-06 08:54:49 - [MESSAGE][PASSED] - Text 'Testing' is set on object 'Object Repository/BEP/BEP_CASENOTES'

2017-11-06 08:54:53 - [MESSAGE][PASSED] - Delayed 4 second(s)

2017-11-06 08:54:53 - [MESSAGE][WARNING] - Timeout '0' is invalid. Using default page load timeout: '30'

2017-11-06 08:54:53 - [MESSAGE][PASSED] - Scroll to object 'Object Repository/BEP/FINISH_ASSIGNMENT' successfully

2017-11-06 08:54:53 - [MESSAGE][PASSED] - Object: 'Object Repository/BEP/FINISH_ASSIGNMENT' is clicked on

2017-11-06 08:54:57 - [MESSAGE][PASSED] - Delayed 4 second(s)

2017-11-06 08:54:57 - [MESSAGE][PASSED] - com.helper.commonfunct.BEP_CommonMethod.RDapprove is PASSED

2017-11-06 08:54:57 - [TEST_STEP][PASSED] - com.helper.commonfunct.utilities.WOstatus: com.helper.commonfunct.utilities.WOstatus is PASSED

2017-11-06 08:54:57 - [MESSAGE][PASSED] - Text of object 'Object Repository/ECR/WOSTATUS' is: 'Pending-RLApproval'

2017-11-06 08:54:57 - [MESSAGE][PASSED] - com.helper.commonfunct.utilities.WOstatus is PASSED

2017-11-06 08:54:57 - [TEST_STEP][PASSED] - Statement - Status = text: null

2017-11-06 08:54:57 - [TEST_STEP][PASSED] - Statement - println(Status): null

2017-11-06 08:54:57 - [TEST_STEP][PASSED] - Statement - If (WOSTATUS == "Pending-RDApproval"): null

2017-11-06 08:54:57 - [TEST_STEP][PASSED] - Statement - Else If (WOSTATUS == "Pending-RLApproval"): com.helper.commonfunct.utilities.WOstatus is PASSED

2017-11-06 08:54:57 - [TEST_STEP][PASSED] - Statement - If (RLReject == false): com.helper.commonfunct.utilities.WOstatus is PASSED

2017-11-06 08:54:57 - [TEST_STEP][PASSED] - com.helper.commonfunct.utilities.login: com.helper.commonfunct.utilities.login is PASSED

2017-11-06 08:54:57 - [MESSAGE][WARNING] - A browser is already opened. Closing browser and opening a new one

2017-11-06 08:55:01 - [MESSAGE][PASSED] - Browser is opened with url: ''

2017-11-06 08:55:01 - [MESSAGE][PASSED] - Navigate to 'http://vtcpqa2:9685/tcpqa/PRServlet' successfully

2017-11-06 08:55:02 - [MESSAGE][PASSED] - Text 'panee@pegasystems.com' is set on object 'Object Repository/input_UserIdentifier'

2017-11-06 08:55:02 - [MESSAGE][PASSED] - Text 'install' is set on object 'Object Repository/input_Password'

2017-11-06 08:55:05 - [MESSAGE][PASSED] - Keys 'ENTER + ' sent to object: 'Object Repository/input_Password'

2017-11-06 08:55:05 - [MESSAGE][PASSED] - com.helper.commonfunct.utilities.login is PASSED

2017-11-06 08:55:05 - [TEST_STEP][PASSED] - com.helper.commonfunct.utilities.search: com.helper.commonfunct.utilities.search is PASSED

2017-11-06 08:55:06 - [MESSAGE][PASSED] - Current window maximized

2017-11-06 08:55:11 - [MESSAGE][PASSED] - Delayed 5 second(s)

2017-11-06 08:55:12 - [MESSAGE][PASSED] - Text 'BEP-06Nov2017-26' is set on object 'Object Repository/EngInfo/search'

2017-11-06 08:55:14 - [MESSAGE][PASSED] - Delayed 2 second(s)

2017-11-06 08:55:14 - [MESSAGE][PASSED] - Keys 'ENTER + ' sent to object: 'Object Repository/EngInfo/search'

2017-11-06 08:55:19 - [MESSAGE][PASSED] - Delayed 5 second(s)

2017-11-06 08:55:19 - [MESSAGE][PASSED] - com.helper.commonfunct.utilities.search is PASSED

2017-11-06 08:55:19 - [TEST_STEP][PASSED] - com.helper.commonfunct.BEP_CommonMethod.RLapprove: com.helper.commonfunct.BEP_CommonMethod.RLapprove is PASSED

2017-11-06 08:55:23 - [MESSAGE][PASSED] - Delayed 4 second(s)

2017-11-06 08:55:23 - [MESSAGE][WARNING] - Timeout '0' is invalid. Using default page load timeout: '30'

2017-11-06 08:55:24 - [MESSAGE][PASSED] - Object: 'Object Repository/BEP/RlLink' is clicked on

2017-11-06 08:55:28 - [MESSAGE][PASSED] - Delayed 4 second(s)

2017-11-06 08:55:29 - [MESSAGE][PASSED] - Scroll to object 'Object Repository/NEXT_BUTTON' successfully

2017-11-06 08:55:29 - [MESSAGE][PASSED] - Object: 'Object Repository/NEXT_BUTTON' is clicked on

2017-11-06 08:55:33 - [MESSAGE][PASSED] - Delayed 4 second(s)

2017-11-06 08:55:33 - [MESSAGE][WARNING] - Timeout '0' is invalid. Using default page load timeout: '30'

2017-11-06 08:55:33 - [MESSAGE][PASSED] - Scroll to object 'Object Repository/BEP/RD_RLApprove' successfully

2017-11-06 08:55:33 - [MESSAGE][PASSED] - Object: 'Object Repository/BEP/RD_RLApprove' is clicked on

2017-11-06 08:55:37 - [MESSAGE][PASSED] - Delayed 4 second(s)

2017-11-06 08:55:38 - [MESSAGE][PASSED] - Text 'Testing' is set on object 'Object Repository/BEP/BEP_CASENOTES'

2017-11-06 08:55:42 - [MESSAGE][PASSED] - Delayed 4 second(s)

2017-11-06 08:55:42 - [MESSAGE][WARNING] - Timeout '0' is invalid. Using default page load timeout: '30'

2017-11-06 08:55:42 - [MESSAGE][PASSED] - Scroll to object 'Object Repository/BEP/FINISH_ASSIGNMENT' successfully

2017-11-06 08:55:42 - [MESSAGE][PASSED] - Object: 'Object Repository/BEP/FINISH_ASSIGNMENT' is clicked on

2017-11-06 08:55:46 - [MESSAGE][PASSED] - Delayed 4 second(s)

2017-11-06 08:55:49 - [MESSAGE][PASSED] - Text of object 'Object Repository/BEP/WOSTATUS' is: 'Pending-EmailCustomer'

2017-11-06 08:55:49 - [MESSAGE][PASSED] - com.helper.commonfunct.BEP_CommonMethod.RLapprove is PASSED

2017-11-06 08:55:49 - [TEST_STEP][PASSED] - com.helper.commonfunct.utilities.WOstatus: com.helper.commonfunct.utilities.WOstatus is PASSED

2017-11-06 08:55:49 - [MESSAGE][PASSED] - Text of object 'Object Repository/ECR/WOSTATUS' is: 'Pending-EmailCustomer'

2017-11-06 08:55:49 - [MESSAGE][PASSED] - com.helper.commonfunct.utilities.WOstatus is PASSED

2017-11-06 08:55:49 - [TEST_STEP][PASSED] - Statement - For ([j = 0, j < AssignmentList.size(), (j++)]): com.helper.commonfunct.utilities.WOstatus is PASSED

2017-11-06 08:55:49 - [TEST_STEP][PASSED] - Statement - Status = text: null

2017-11-06 08:55:49 - [TEST_STEP][PASSED] - Statement - println(Status): null

2017-11-06 08:55:49 - [TEST_STEP][PASSED] - Statement - If (WOSTATUS == "Pending-RDApproval"): null

2017-11-06 08:55:49 - [TEST_STEP][PASSED] - Statement - Else If (WOSTATUS == "Pending-RLApproval"): null

2017-11-06 08:55:49 - [TEST_STEP][PASSED] - Statement - Else If (WOSTATUS == "Pending-Update"): null

2017-11-06 08:55:49 - [TEST_STEP][PASSED] - Statement - Else If (WOSTATUS == "Pending-Meeting"): null

2017-11-06 08:55:49 - [TEST_STEP][PASSED] - Statement - Else If (WOSTATUS == "Pending-EmailCustomer"): com.helper.commonfunct.utilities.WOstatus is PASSED

2017-11-06 08:55:49 - [TEST_STEP][PASSED] - Statement - If (SendEmail == true): com.helper.commonfunct.utilities.WOstatus is PASSED

2017-11-06 08:55:49 - [TEST_STEP][PASSED] - com.helper.commonfunct.utilities.login: com.helper.commonfunct.utilities.login is PASSED

2017-11-06 08:55:49 - [MESSAGE][WARNING] - A browser is already opened. Closing browser and opening a new one

2017-11-06 08:55:53 - [MESSAGE][PASSED] - Browser is opened with url: ''

2017-11-06 08:55:53 - [MESSAGE][PASSED] - Navigate to 'http://vtcpqa2:9685/tcpqa/PRServlet' successfully

2017-11-06 08:55:54 - [MESSAGE][PASSED] - Text 'hendj@pegasystems.com' is set on object 'Object Repository/input_UserIdentifier'

2017-11-06 08:55:54 - [MESSAGE][PASSED] - Text 'install' is set on object 'Object Repository/input_Password'

2017-11-06 08:55:58 - [MESSAGE][PASSED] - Keys 'ENTER + ' sent to object: 'Object Repository/input_Password'

2017-11-06 08:55:58 - [MESSAGE][PASSED] - com.helper.commonfunct.utilities.login is PASSED

2017-11-06 08:55:58 - [TEST_STEP][PASSED] - com.helper.commonfunct.utilities.search: com.helper.commonfunct.utilities.search is PASSED

2017-11-06 08:55:59 - [MESSAGE][PASSED] - Current window maximized

2017-11-06 08:56:04 - [MESSAGE][PASSED] - Delayed 5 second(s)

2017-11-06 08:56:05 - [MESSAGE][PASSED] - Text 'BEP-06Nov2017-26' is set on object 'Object Repository/EngInfo/search'

2017-11-06 08:56:07 - [MESSAGE][PASSED] - Delayed 2 second(s)

2017-11-06 08:56:07 - [MESSAGE][PASSED] - Keys 'ENTER + ' sent to object: 'Object Repository/EngInfo/search'

2017-11-06 08:56:12 - [MESSAGE][PASSED] - Delayed 5 second(s)

2017-11-06 08:56:12 - [MESSAGE][PASSED] - com.helper.commonfunct.utilities.search is PASSED

2017-11-06 08:56:12 - [TEST_STEP][PASSED] - com.helper.commonfunct.BEP_CommonMethod.EmailCustomer: com.helper.commonfunct.BEP_CommonMethod.EmailCustomer is PASSED

2017-11-06 08:56:16 - [MESSAGE][PASSED] - Delayed 4 second(s)

2017-11-06 08:56:16 - [MESSAGE][WARNING] - Timeout '0' is invalid. Using default page load timeout: '30'

2017-11-06 08:56:17 - [MESSAGE][PASSED] - Object: 'Object Repository/BEP/SendCustomerEmail' is clicked on

2017-11-06 08:56:21 - [MESSAGE][PASSED] - Delayed 4 second(s)

2017-11-06 08:56:21 - [MESSAGE][PASSED] - Object: 'Object Repository/BEP/ECR_CHECKBOX' is clicked on

2017-11-06 08:56:25 - [MESSAGE][PASSED] - Delayed 4 second(s)

2017-11-06 08:56:26 - [MESSAGE][PASSED] - Object: 'Object Repository/BEP/SEND_EMAIL' is clicked on

2017-11-06 08:56:30 - [MESSAGE][PASSED] - Delayed 4 second(s)

2017-11-06 08:56:30 - [MESSAGE][PASSED] - com.helper.commonfunct.BEP_CommonMethod.EmailCustomer is PASSED

2017-11-06 08:56:30 - [TEST_STEP][PASSED] - com.helper.commonfunct.utilities.WOstatus: com.helper.commonfunct.utilities.WOstatus is PASSED

2017-11-06 08:56:31 - [MESSAGE][PASSED] - Text of object 'Object Repository/ECR/WOSTATUS' is: 'Resolved-Approved'

2017-11-06 08:56:31 - [MESSAGE][PASSED] - com.helper.commonfunct.utilities.WOstatus is PASSED

2017-11-06 08:56:31 - [MESSAGE][PASSED] - Call Test Case 'Test Cases/BEP/All_Approval_Reject' successfully]]></system-out>
         <system-err><![CDATA[]]></system-err>
      </testcase>
      <testcase name="Test Cases/BEP/TC_Withdraw" classname="Test Cases/BEP/TC_Withdraw" status="PASSED">
         <system-out><![CDATA[2017-11-06 08:56:31 - [TEST_CASE][PASSED] - Test Cases/BEP/TC_Withdraw: Test Cases/BEP/TC_Withdraw

2017-11-06 08:56:31 - [TEST_STEP][PASSED] - callTestCase: Call Test Case 'Test Cases/BEP/TC_Create_BEP_NoOutput' successfully

2017-11-06 08:56:31 - [TEST_CASE][PASSED] - Test Cases/BEP/TC_Create_BEP_NoOutput: Test Cases/BEP/TC_Create_BEP_NoOutput

2017-11-06 08:56:31 - [TEST_STEP][PASSED] - com.helper.commonfunct.utilities.login: com.helper.commonfunct.utilities.login is PASSED

2017-11-06 08:56:31 - [MESSAGE][WARNING] - A browser is already opened. Closing browser and opening a new one

2017-11-06 08:56:35 - [MESSAGE][PASSED] - Browser is opened with url: ''

2017-11-06 08:56:36 - [MESSAGE][PASSED] - Navigate to 'http://vtcpqa2:9685/tcpqa/PRServlet' successfully

2017-11-06 08:56:36 - [MESSAGE][PASSED] - Text 'hendj@pegasystems.com' is set on object 'Object Repository/input_UserIdentifier'

2017-11-06 08:56:37 - [MESSAGE][PASSED] - Text 'install' is set on object 'Object Repository/input_Password'

2017-11-06 08:56:40 - [MESSAGE][PASSED] - Keys 'ENTER + ' sent to object: 'Object Repository/input_Password'

2017-11-06 08:56:40 - [MESSAGE][PASSED] - com.helper.commonfunct.utilities.login is PASSED

2017-11-06 08:56:40 - [TEST_STEP][PASSED] - com.helper.commonfunct.BEP_CommonMethod.EstimateNoOutput: com.helper.commonfunct.BEP_CommonMethod.EstimateNoOutput is PASSED

2017-11-06 08:56:41 - [MESSAGE][PASSED] - Object: 'Object Repository/Generic/a_Actions' is clicked on

2017-11-06 08:56:42 - [MESSAGE][PASSED] - Object: 'Object Repository/span_New' is focused

2017-11-06 08:56:46 - [MESSAGE][PASSED] - Object: 'Object Repository/BEP/EstimateLink' is clicked on

2017-11-06 08:56:51 - [MESSAGE][PASSED] - Delayed 5 second(s)

2017-11-06 08:56:51 - [MESSAGE][WARNING] - Timeout '0' is invalid. Using default page load timeout: '30'

2017-11-06 08:56:51 - [MESSAGE][PASSED] - Object 'Object Repository/BEP/import' is visible

2017-11-06 08:56:52 - [MESSAGE][PASSED] - Object: 'Object Repository/BEP/import' is clicked on

2017-11-06 08:56:57 - [MESSAGE][PASSED] - Delayed 5 second(s)

2017-11-06 08:56:57 - [MESSAGE][PASSED] - File 'C:\EStimate.xlsm' sent to object: 'Object Repository/input_PpyWorkPageppyFilePath'

2017-11-06 08:57:02 - [MESSAGE][PASSED] - Delayed 5 second(s)

2017-11-06 08:57:02 - [MESSAGE][PASSED] - Object: 'Object Repository/button_Submit' is clicked on

2017-11-06 08:57:12 - [MESSAGE][PASSED] - Delayed 10 second(s)

2017-11-06 08:57:12 - [MESSAGE][PASSED] - Text 'BOFA' is set on object 'Object Repository/Generic/ORG'

2017-11-06 08:57:17 - [MESSAGE][PASSED] - Delayed 5 second(s)

2017-11-06 08:57:17 - [MESSAGE][PASSED] - Keys 'TAB + ' sent to object: 'Object Repository/Generic/ORG'

2017-11-06 08:57:22 - [MESSAGE][PASSED] - Delayed 5 second(s)

2017-11-06 08:57:23 - [MESSAGE][PASSED] - Text 'BOFA' is set on object 'Object Repository/Generic/ACC'

2017-11-06 08:57:28 - [MESSAGE][PASSED] - Delayed 5 second(s)

2017-11-06 08:57:28 - [MESSAGE][PASSED] - Keys 'TAB + ' sent to object: 'Object Repository/Generic/ACC'

2017-11-06 08:57:33 - [MESSAGE][PASSED] - Delayed 5 second(s)

2017-11-06 08:57:33 - [MESSAGE][PASSED] - Text 'AUTOTEST1' is set on object 'Object Repository/Generic/ENG_DESC'

2017-11-06 08:57:38 - [MESSAGE][PASSED] - Delayed 5 second(s)

2017-11-06 08:57:39 - [MESSAGE][PASSED] - Object: 'Object Repository/Generic/PlatformID' is clicked on

2017-11-06 08:57:41 - [MESSAGE][PASSED] - Delayed 2 second(s)

2017-11-06 08:57:41 - [MESSAGE][PASSED] - Keys 'Accessibility' sent to object: 'Object Repository/Generic/PlatformID'

2017-11-06 08:57:46 - [MESSAGE][PASSED] - Delayed 5 second(s)

2017-11-06 08:57:46 - [MESSAGE][PASSED] - Object: 'Object Repository/Generic/PlatformVersion' is clicked on

2017-11-06 08:57:51 - [MESSAGE][PASSED] - Delayed 5 second(s)

2017-11-06 08:57:51 - [MESSAGE][PASSED] - Keys 'Accessibility Framework' sent to object: 'Object Repository/Generic/PlatformVersion'

2017-11-06 08:57:55 - [MESSAGE][PASSED] - Delayed 4 second(s)

2017-11-06 08:57:55 - [MESSAGE][PASSED] - Scroll to object 'Object Repository/BEP/MorethanOneRLSNO' successfully

2017-11-06 08:57:56 - [MESSAGE][PASSED] - Object: 'Object Repository/BEP/MorethanOneRLSNO' is clicked on

2017-11-06 08:58:00 - [MESSAGE][PASSED] - Delayed 4 second(s)

2017-11-06 08:58:00 - [MESSAGE][PASSED] - Object: 'Object Repository/Generic/PlatformTrue' is clicked on

2017-11-06 08:58:04 - [MESSAGE][PASSED] - Delayed 4 second(s)

2017-11-06 08:58:09 - [MESSAGE][PASSED] - Delayed 5 second(s)

2017-11-06 08:58:09 - [MESSAGE][PASSED] - Object: 'Object Repository/EngInfo/PL' is clicked on

2017-11-06 08:58:11 - [MESSAGE][PASSED] - Delayed 2 second(s)

2017-11-06 08:58:11 - [MESSAGE][PASSED] - Keys 'Jeff Henderson ' sent to object: 'Object Repository/EngInfo/PL'

2017-11-06 08:58:13 - [MESSAGE][PASSED] - Delayed 2 second(s)

2017-11-06 08:58:13 - [MESSAGE][PASSED] - Object: 'Object Repository/EngInfo/PLTL' is clicked on

2017-11-06 08:58:18 - [MESSAGE][PASSED] - Delayed 5 second(s)

2017-11-06 08:58:18 - [MESSAGE][PASSED] - Keys 'Robert Higgins' sent to object: 'Object Repository/EngInfo/PLTL'

2017-11-06 08:58:24 - [MESSAGE][PASSED] - Delayed 5 second(s)

2017-11-06 08:58:24 - [MESSAGE][PASSED] - Scroll to object 'Object Repository/NEXT_BUTTON' successfully

2017-11-06 08:58:24 - [MESSAGE][PASSED] - Object: 'Object Repository/NEXT_BUTTON' is clicked on

2017-11-06 08:58:26 - [MESSAGE][PASSED] - Text '12' is set on object 'Object Repository/BEP/DurationLow'

2017-11-06 08:58:31 - [MESSAGE][PASSED] - Delayed 5 second(s)

2017-11-06 08:58:31 - [MESSAGE][PASSED] - Keys 'TAB + ' sent to object: 'Object Repository/BEP/DurationLow'

2017-11-06 08:58:36 - [MESSAGE][PASSED] - Delayed 5 second(s)

2017-11-06 08:58:36 - [MESSAGE][PASSED] - Text '12' is set on object 'Object Repository/BEP/DurationHigh'

2017-11-06 08:58:41 - [MESSAGE][PASSED] - Delayed 5 second(s)

2017-11-06 08:58:41 - [MESSAGE][PASSED] - Keys 'TAB + ' sent to object: 'Object Repository/BEP/DurationHigh'

2017-11-06 08:58:46 - [MESSAGE][PASSED] - Delayed 5 second(s)

2017-11-06 08:58:46 - [MESSAGE][PASSED] - Text '12' is set on object 'Object Repository/BEP/PartnerHoursLow'

2017-11-06 08:58:51 - [MESSAGE][PASSED] - Delayed 5 second(s)

2017-11-06 08:58:51 - [MESSAGE][PASSED] - Keys 'TAB + ' sent to object: 'Object Repository/BEP/PartnerHoursLow'

2017-11-06 08:58:56 - [MESSAGE][PASSED] - Delayed 5 second(s)

2017-11-06 08:58:56 - [MESSAGE][PASSED] - Text '12' is set on object 'Object Repository/BEP/PartnerHoursHigh'

2017-11-06 08:59:01 - [MESSAGE][PASSED] - Delayed 5 second(s)

2017-11-06 08:59:02 - [MESSAGE][PASSED] - Object: 'Object Repository/BEP/EstimationMethod' is clicked on

2017-11-06 08:59:07 - [MESSAGE][PASSED] - Delayed 5 second(s)

2017-11-06 08:59:07 - [MESSAGE][PASSED] - Keys 'BSW' sent to object: 'Object Repository/BEP/EstimationMethod'

2017-11-06 08:59:12 - [MESSAGE][PASSED] - Delayed 5 second(s)

2017-11-06 08:59:12 - [MESSAGE][PASSED] - Object: 'Object Repository/BEP/routeToRL' is clicked on

2017-11-06 08:59:17 - [MESSAGE][PASSED] - Delayed 5 second(s)

2017-11-06 08:59:17 - [MESSAGE][PASSED] - Scroll to object 'Object Repository/NEXT_BUTTON' successfully

2017-11-06 08:59:17 - [MESSAGE][PASSED] - Object: 'Object Repository/NEXT_BUTTON' is clicked on

2017-11-06 08:59:19 - [MESSAGE][PASSED] - Delayed 2 second(s)

2017-11-06 08:59:19 - [MESSAGE][PASSED] - Object: 'Object Repository/BEP/BEPoutput' is clicked on

2017-11-06 08:59:23 - [MESSAGE][PASSED] - Delayed 4 second(s)

2017-11-06 08:59:24 - [MESSAGE][PASSED] - All options with value 'RFP in process' are selected in object 'Object Repository/BEP/ReasonCode' 

2017-11-06 08:59:24 - [MESSAGE][PASSED] - Scroll to object 'Object Repository/NEXT_BUTTON' successfully

2017-11-06 08:59:24 - [MESSAGE][PASSED] - Object: 'Object Repository/NEXT_BUTTON' is clicked on

2017-11-06 08:59:25 - [MESSAGE][PASSED] - Scroll to object 'Object Repository/Generic/FINISH_BUTTON' successfully

2017-11-06 08:59:25 - [MESSAGE][PASSED] - Object: 'Object Repository/Generic/FINISH_BUTTON' is clicked on

2017-11-06 08:59:29 - [MESSAGE][PASSED] - Delayed 4 second(s)

2017-11-06 08:59:30 - [MESSAGE][PASSED] - Text of object 'Object Repository/BEP/BEPWOID' is: 'BEP-06Nov2017-27'

2017-11-06 08:59:30 - [MESSAGE][PASSED] - com.helper.commonfunct.BEP_CommonMethod.EstimateNoOutput is PASSED

2017-11-06 08:59:30 - [TEST_STEP][PASSED] - com.helper.commonfunct.BEP_CommonMethod.woid: com.helper.commonfunct.BEP_CommonMethod.woid is PASSED

2017-11-06 08:59:30 - [MESSAGE][PASSED] - Text of object 'Object Repository/BEP/BEPWOID' is: 'BEP-06Nov2017-27'

2017-11-06 08:59:30 - [MESSAGE][PASSED] - com.helper.commonfunct.BEP_CommonMethod.woid is PASSED

2017-11-06 08:59:30 - [TEST_STEP][PASSED] - com.helper.commonfunct.BEP_CommonMethod.WOstatus: com.helper.commonfunct.BEP_CommonMethod.WOstatus is PASSED

2017-11-06 08:59:30 - [MESSAGE][PASSED] - Text of object 'Object Repository/BEP/WOSTATUS' is: 'Pending-RDApproval'

2017-11-06 08:59:30 - [MESSAGE][PASSED] - com.helper.commonfunct.BEP_CommonMethod.WOstatus is PASSED

2017-11-06 08:59:30 - [MESSAGE][PASSED] - Call Test Case 'Test Cases/BEP/TC_Create_BEP_NoOutput' successfully

2017-11-06 08:59:30 - [TEST_STEP][PASSED] - com.helper.commonfunct.utilities.login: com.helper.commonfunct.utilities.login is PASSED

2017-11-06 08:59:30 - [MESSAGE][WARNING] - A browser is already opened. Closing browser and opening a new one

2017-11-06 08:59:33 - [MESSAGE][PASSED] - Browser is opened with url: ''

2017-11-06 08:59:34 - [MESSAGE][PASSED] - Navigate to 'http://vtcpqa2:9685/tcpqa/PRServlet' successfully

2017-11-06 08:59:34 - [MESSAGE][PASSED] - Text 'hendj@pegasystems.com' is set on object 'Object Repository/input_UserIdentifier'

2017-11-06 08:59:34 - [MESSAGE][PASSED] - Text 'install' is set on object 'Object Repository/input_Password'

2017-11-06 08:59:37 - [MESSAGE][PASSED] - Keys 'ENTER + ' sent to object: 'Object Repository/input_Password'

2017-11-06 08:59:37 - [MESSAGE][PASSED] - com.helper.commonfunct.utilities.login is PASSED

2017-11-06 08:59:37 - [TEST_STEP][PASSED] - com.helper.commonfunct.utilities.search: com.helper.commonfunct.utilities.search is PASSED

2017-11-06 08:59:38 - [MESSAGE][PASSED] - Current window maximized

2017-11-06 08:59:43 - [MESSAGE][PASSED] - Delayed 5 second(s)

2017-11-06 08:59:44 - [MESSAGE][PASSED] - Text 'BEP-06Nov2017-27' is set on object 'Object Repository/EngInfo/search'

2017-11-06 08:59:46 - [MESSAGE][PASSED] - Delayed 2 second(s)

2017-11-06 08:59:46 - [MESSAGE][PASSED] - Keys 'ENTER + ' sent to object: 'Object Repository/EngInfo/search'

2017-11-06 08:59:51 - [MESSAGE][PASSED] - Delayed 5 second(s)

2017-11-06 08:59:51 - [MESSAGE][PASSED] - com.helper.commonfunct.utilities.search is PASSED

2017-11-06 08:59:51 - [TEST_STEP][PASSED] - com.helper.commonfunct.BEP_CommonMethod.withdraw: com.helper.commonfunct.BEP_CommonMethod.withdraw is PASSED

2017-11-06 08:59:55 - [MESSAGE][PASSED] - Delayed 4 second(s)

2017-11-06 08:59:55 - [MESSAGE][WARNING] - Timeout '0' is invalid. Using default page load timeout: '30'

2017-11-06 08:59:55 - [MESSAGE][PASSED] - Object: 'Object Repository/otherAction' is clicked on

2017-11-06 08:59:59 - [MESSAGE][PASSED] - Delayed 4 second(s)

2017-11-06 08:59:59 - [MESSAGE][PASSED] - Object: 'Object Repository/BEP/withdraw_link' is clicked on

2017-11-06 09:00:03 - [MESSAGE][PASSED] - Delayed 4 second(s)

2017-11-06 09:00:03 - [MESSAGE][PASSED] - Text 'Testing' is set on object 'Object Repository/BEP/withdraw_notes'

2017-11-06 09:00:07 - [MESSAGE][PASSED] - Delayed 4 second(s)

2017-11-06 09:00:08 - [MESSAGE][PASSED] - Keys 'TAB + ' sent to object: 'Object Repository/BEP/withdraw_notes'

2017-11-06 09:00:12 - [MESSAGE][PASSED] - Delayed 4 second(s)

2017-11-06 09:00:12 - [MESSAGE][PASSED] - Object: 'Object Repository/BEP/withdraw_submit' is clicked on

2017-11-06 09:00:16 - [MESSAGE][PASSED] - Delayed 4 second(s)

2017-11-06 09:00:16 - [MESSAGE][PASSED] - Object: 'Object Repository/Generic/CLOSE_WORK_OBJECT' is clicked on

2017-11-06 09:00:16 - [MESSAGE][PASSED] - com.helper.commonfunct.BEP_CommonMethod.withdraw is PASSED

2017-11-06 09:00:16 - [TEST_STEP][PASSED] - delay: Delayed 3 second(s)

2017-11-06 09:00:19 - [MESSAGE][PASSED] - Delayed 3 second(s)]]></system-out>
         <system-err><![CDATA[]]></system-err>
      </testcase>
      <testcase name="Test Cases/BEP/TC_CreateBEP_EmailOutput_SendEmail_NoECR" classname="Test Cases/BEP/TC_CreateBEP_EmailOutput_SendEmail_NoECR" status="FAILED">
         <failure type="FAILED" message="Unable to set text '12' of object 'Object Repository/BEP/DurationLow' (Root cause: org.openqa.selenium.UnhandledAlertException: unexpected alert open: {Alert text : Please correct flagged fields before submitting the form!}
  (Session info: chrome=61.0.3163.100)
  (Driver info: chromedriver=2.33.506120 (e3e53437346286c0bc2d2dc9aa4915ba81d9023f),platform=Windows NT 6.1.7601 SP1 x86_64) (WARNING: The server did not provide any stacktrace information)
Command duration or timeout: 3 milliseconds: null
Build info: version: '2.53.0', revision: '35ae25b', time: '2016-03-15 17:00:58'
System info: host: 'L22622WUS', ip: '10.2.176.41', os.name: 'Windows 7', os.arch: 'amd64', os.version: '6.1', java.version: '1.8.0_102'
Driver info: com.kms.katalon.selenium.driver.CChromeDriver
Capabilities [{applicationCacheEnabled=false, rotatable=false, mobileEmulationEnabled=false, networkConnectionEnabled=false, chrome={chromedriverVersion=2.33.506120 (e3e53437346286c0bc2d2dc9aa4915ba81d9023f), userDataDir=C:\Users\nipin\AppData\Local\Temp\scoped_dir8524_27919}, takesHeapSnapshot=true, pageLoadStrategy=normal, databaseEnabled=false, handlesAlerts=true, hasTouchScreen=false, version=61.0.3163.100, platform=XP, browserConnectionEnabled=false, nativeEvents=true, acceptSslCerts=true, locationContextEnabled=true, webStorageEnabled=true, browserName=chrome, takesScreenshot=true, javascriptEnabled=true, cssSelectorsEnabled=true, setWindowRect=true, unexpectedAlertBehaviour=}]
Session ID: 049f50b72be195e02a8764d8d8677158
*** Element info: {Using=xpath, value=//*[@id = 'DurationLow']})"/>
         <system-out><![CDATA[2017-11-06 09:00:19 - [TEST_CASE][FAILED] - Test Cases/BEP/TC_CreateBEP_EmailOutput_SendEmail_NoECR: Test Cases/BEP/TC_CreateBEP_EmailOutput_SendEmail_NoECR FAILED because (of) Unable to set text '12' of object 'Object Repository/BEP/DurationLow' (Root cause: org.openqa.selenium.UnhandledAlertException: unexpected alert open: {Alert text : Please correct flagged fields before submitting the form!}
  (Session info: chrome=61.0.3163.100)
  (Driver info: chromedriver=2.33.506120 (e3e53437346286c0bc2d2dc9aa4915ba81d9023f),platform=Windows NT 6.1.7601 SP1 x86_64) (WARNING: The server did not provide any stacktrace information)
Command duration or timeout: 3 milliseconds: null
Build info: version: '2.53.0', revision: '35ae25b', time: '2016-03-15 17:00:58'
System info: host: 'L22622WUS', ip: '10.2.176.41', os.name: 'Windows 7', os.arch: 'amd64', os.version: '6.1', java.version: '1.8.0_102'
Driver info: com.kms.katalon.selenium.driver.CChromeDriver
Capabilities [{applicationCacheEnabled=false, rotatable=false, mobileEmulationEnabled=false, networkConnectionEnabled=false, chrome={chromedriverVersion=2.33.506120 (e3e53437346286c0bc2d2dc9aa4915ba81d9023f), userDataDir=C:\Users\nipin\AppData\Local\Temp\scoped_dir8524_27919}, takesHeapSnapshot=true, pageLoadStrategy=normal, databaseEnabled=false, handlesAlerts=true, hasTouchScreen=false, version=61.0.3163.100, platform=XP, browserConnectionEnabled=false, nativeEvents=true, acceptSslCerts=true, locationContextEnabled=true, webStorageEnabled=true, browserName=chrome, takesScreenshot=true, javascriptEnabled=true, cssSelectorsEnabled=true, setWindowRect=true, unexpectedAlertBehaviour=}]
Session ID: 049f50b72be195e02a8764d8d8677158
*** Element info: {Using=xpath, value=//*[@id = 'DurationLow']})

2017-11-06 09:00:19 - [TEST_STEP][FAILED] - callTestCase: Unable to call Test Case with id 'Test Cases/BEP/TC_Create_BEP_EmailOutput' (Root cause: Call Test Case 'Test Cases/BEP/TC_Create_BEP_EmailOutput' failed)

2017-11-06 09:00:19 - [TEST_CASE][FAILED] - Test Cases/BEP/TC_Create_BEP_EmailOutput: Test Cases/BEP/TC_Create_BEP_EmailOutput FAILED because (of) Unable to set text '12' of object 'Object Repository/BEP/DurationLow' (Root cause: org.openqa.selenium.UnhandledAlertException: unexpected alert open: {Alert text : Please correct flagged fields before submitting the form!}
  (Session info: chrome=61.0.3163.100)
  (Driver info: chromedriver=2.33.506120 (e3e53437346286c0bc2d2dc9aa4915ba81d9023f),platform=Windows NT 6.1.7601 SP1 x86_64) (WARNING: The server did not provide any stacktrace information)
Command duration or timeout: 3 milliseconds: null
Build info: version: '2.53.0', revision: '35ae25b', time: '2016-03-15 17:00:58'
System info: host: 'L22622WUS', ip: '10.2.176.41', os.name: 'Windows 7', os.arch: 'amd64', os.version: '6.1', java.version: '1.8.0_102'
Driver info: com.kms.katalon.selenium.driver.CChromeDriver
Capabilities [{applicationCacheEnabled=false, rotatable=false, mobileEmulationEnabled=false, networkConnectionEnabled=false, chrome={chromedriverVersion=2.33.506120 (e3e53437346286c0bc2d2dc9aa4915ba81d9023f), userDataDir=C:\Users\nipin\AppData\Local\Temp\scoped_dir8524_27919}, takesHeapSnapshot=true, pageLoadStrategy=normal, databaseEnabled=false, handlesAlerts=true, hasTouchScreen=false, version=61.0.3163.100, platform=XP, browserConnectionEnabled=false, nativeEvents=true, acceptSslCerts=true, locationContextEnabled=true, webStorageEnabled=true, browserName=chrome, takesScreenshot=true, javascriptEnabled=true, cssSelectorsEnabled=true, setWindowRect=true, unexpectedAlertBehaviour=}]
Session ID: 049f50b72be195e02a8764d8d8677158
*** Element info: {Using=xpath, value=//*[@id = 'DurationLow']})

2017-11-06 09:00:19 - [TEST_STEP][PASSED] - com.helper.commonfunct.utilities.login: com.helper.commonfunct.utilities.login is PASSED

2017-11-06 09:00:19 - [MESSAGE][WARNING] - A browser is already opened. Closing browser and opening a new one

2017-11-06 09:00:23 - [MESSAGE][PASSED] - Browser is opened with url: ''

2017-11-06 09:00:24 - [MESSAGE][PASSED] - Navigate to 'http://vtcpqa2:9685/tcpqa/PRServlet' successfully

2017-11-06 09:00:24 - [MESSAGE][PASSED] - Text 'hendj@pegasystems.com' is set on object 'Object Repository/input_UserIdentifier'

2017-11-06 09:00:24 - [MESSAGE][PASSED] - Text 'install' is set on object 'Object Repository/input_Password'

2017-11-06 09:00:28 - [MESSAGE][PASSED] - Keys 'ENTER + ' sent to object: 'Object Repository/input_Password'

2017-11-06 09:00:28 - [MESSAGE][PASSED] - com.helper.commonfunct.utilities.login is PASSED

2017-11-06 09:00:28 - [TEST_STEP][FAILED] - com.helper.commonfunct.BEP_CommonMethod.EstimateEmailOutput: Unable to set text '12' of object 'Object Repository/BEP/DurationLow' (Root cause: org.openqa.selenium.UnhandledAlertException: unexpected alert open: {Alert text : Please correct flagged fields before submitting the form!}
  (Session info: chrome=61.0.3163.100)
  (Driver info: chromedriver=2.33.506120 (e3e53437346286c0bc2d2dc9aa4915ba81d9023f),platform=Windows NT 6.1.7601 SP1 x86_64) (WARNING: The server did not provide any stacktrace information)
Command duration or timeout: 3 milliseconds: null
Build info: version: '2.53.0', revision: '35ae25b', time: '2016-03-15 17:00:58'
System info: host: 'L22622WUS', ip: '10.2.176.41', os.name: 'Windows 7', os.arch: 'amd64', os.version: '6.1', java.version: '1.8.0_102'
Driver info: com.kms.katalon.selenium.driver.CChromeDriver
Capabilities [{applicationCacheEnabled=false, rotatable=false, mobileEmulationEnabled=false, networkConnectionEnabled=false, chrome={chromedriverVersion=2.33.506120 (e3e53437346286c0bc2d2dc9aa4915ba81d9023f), userDataDir=C:\Users\nipin\AppData\Local\Temp\scoped_dir8524_27919}, takesHeapSnapshot=true, pageLoadStrategy=normal, databaseEnabled=false, handlesAlerts=true, hasTouchScreen=false, version=61.0.3163.100, platform=XP, browserConnectionEnabled=false, nativeEvents=true, acceptSslCerts=true, locationContextEnabled=true, webStorageEnabled=true, browserName=chrome, takesScreenshot=true, javascriptEnabled=true, cssSelectorsEnabled=true, setWindowRect=true, unexpectedAlertBehaviour=}]
Session ID: 049f50b72be195e02a8764d8d8677158
*** Element info: {Using=xpath, value=//*[@id = 'DurationLow']})

2017-11-06 09:00:28 - [MESSAGE][PASSED] - Object: 'Object Repository/Generic/a_Actions' is clicked on

2017-11-06 09:00:30 - [MESSAGE][PASSED] - Object: 'Object Repository/span_New' is focused

2017-11-06 09:00:33 - [MESSAGE][PASSED] - Object: 'Object Repository/BEP/EstimateLink' is clicked on

2017-11-06 09:00:38 - [MESSAGE][PASSED] - Delayed 5 second(s)

2017-11-06 09:00:38 - [MESSAGE][WARNING] - Timeout '0' is invalid. Using default page load timeout: '30'

2017-11-06 09:00:38 - [MESSAGE][PASSED] - Object 'Object Repository/BEP/import' is visible

2017-11-06 09:00:38 - [MESSAGE][PASSED] - Object: 'Object Repository/BEP/import' is clicked on

2017-11-06 09:00:43 - [MESSAGE][PASSED] - Delayed 5 second(s)

2017-11-06 09:00:43 - [MESSAGE][PASSED] - File 'C:\EStimate.xlsm' sent to object: 'Object Repository/input_PpyWorkPageppyFilePath'

2017-11-06 09:00:48 - [MESSAGE][PASSED] - Delayed 5 second(s)

2017-11-06 09:00:48 - [MESSAGE][PASSED] - Object: 'Object Repository/button_Submit' is clicked on

2017-11-06 09:00:58 - [MESSAGE][PASSED] - Delayed 10 second(s)

2017-11-06 09:00:59 - [MESSAGE][PASSED] - Text 'BOFA' is set on object 'Object Repository/Generic/ORG'

2017-11-06 09:01:04 - [MESSAGE][PASSED] - Delayed 5 second(s)

2017-11-06 09:01:04 - [MESSAGE][PASSED] - Keys 'TAB + ' sent to object: 'Object Repository/Generic/ORG'

2017-11-06 09:01:09 - [MESSAGE][PASSED] - Delayed 5 second(s)

2017-11-06 09:01:09 - [MESSAGE][PASSED] - Text 'BOFA' is set on object 'Object Repository/Generic/ACC'

2017-11-06 09:01:14 - [MESSAGE][PASSED] - Delayed 5 second(s)

2017-11-06 09:01:14 - [MESSAGE][PASSED] - Keys 'TAB + ' sent to object: 'Object Repository/Generic/ACC'

2017-11-06 09:01:19 - [MESSAGE][PASSED] - Delayed 5 second(s)

2017-11-06 09:01:19 - [MESSAGE][PASSED] - Text 'AUTOTEST1' is set on object 'Object Repository/Generic/ENG_DESC'

2017-11-06 09:01:24 - [MESSAGE][PASSED] - Delayed 5 second(s)

2017-11-06 09:01:25 - [MESSAGE][PASSED] - Object: 'Object Repository/Generic/PlatformID' is clicked on

2017-11-06 09:01:27 - [MESSAGE][PASSED] - Delayed 2 second(s)

2017-11-06 09:01:27 - [MESSAGE][PASSED] - Keys 'Accessibility' sent to object: 'Object Repository/Generic/PlatformID'

2017-11-06 09:01:32 - [MESSAGE][PASSED] - Delayed 5 second(s)

2017-11-06 09:01:32 - [MESSAGE][PASSED] - Object: 'Object Repository/Generic/PlatformVersion' is clicked on

2017-11-06 09:01:34 - [MESSAGE][PASSED] - Delayed 2 second(s)

2017-11-06 09:01:34 - [MESSAGE][PASSED] - Keys 'Accessibility Framework' sent to object: 'Object Repository/Generic/PlatformVersion'

2017-11-06 09:01:38 - [MESSAGE][PASSED] - Delayed 4 second(s)

2017-11-06 09:01:38 - [MESSAGE][PASSED] - Scroll to object 'Object Repository/BEP/MorethanOneRLSNO' successfully

2017-11-06 09:01:39 - [MESSAGE][PASSED] - Object: 'Object Repository/BEP/MorethanOneRLSNO' is clicked on

2017-11-06 09:01:43 - [MESSAGE][PASSED] - Delayed 4 second(s)

2017-11-06 09:01:43 - [MESSAGE][PASSED] - Object: 'Object Repository/Generic/PlatformTrue' is clicked on

2017-11-06 09:01:47 - [MESSAGE][PASSED] - Delayed 4 second(s)

2017-11-06 09:01:52 - [MESSAGE][PASSED] - Delayed 5 second(s)

2017-11-06 09:01:52 - [MESSAGE][PASSED] - Object: 'Object Repository/EngInfo/PL' is clicked on

2017-11-06 09:01:54 - [MESSAGE][PASSED] - Delayed 2 second(s)

2017-11-06 09:01:54 - [MESSAGE][PASSED] - Keys 'Jeff Henderson ' sent to object: 'Object Repository/EngInfo/PL'

2017-11-06 09:01:58 - [MESSAGE][PASSED] - Delayed 4 second(s)

2017-11-06 09:01:59 - [MESSAGE][PASSED] - Object: 'Object Repository/EngInfo/PLTL' is clicked on

2017-11-06 09:02:02 - [MESSAGE][PASSED] - Delayed 3 second(s)

2017-11-06 09:02:02 - [MESSAGE][PASSED] - Keys 'Robert Higgins' sent to object: 'Object Repository/EngInfo/PLTL'

2017-11-06 09:02:07 - [MESSAGE][PASSED] - Delayed 5 second(s)

2017-11-06 09:02:07 - [MESSAGE][PASSED] - Scroll to object 'Object Repository/NEXT_BUTTON' successfully

2017-11-06 09:02:08 - [MESSAGE][PASSED] - Object: 'Object Repository/NEXT_BUTTON' is clicked on

2017-11-06 09:02:12 - [MESSAGE][PASSED] - Delayed 4 second(s)

2017-11-06 09:02:12 - [MESSAGE][WARNING] - Cannot take screenshot

2017-11-06 09:02:12 - [MESSAGE][FAILED] - Unable to set text '12' of object 'Object Repository/BEP/DurationLow' (Root cause: org.openqa.selenium.UnhandledAlertException: unexpected alert open: {Alert text : Please correct flagged fields before submitting the form!}
  (Session info: chrome=61.0.3163.100)
  (Driver info: chromedriver=2.33.506120 (e3e53437346286c0bc2d2dc9aa4915ba81d9023f),platform=Windows NT 6.1.7601 SP1 x86_64) (WARNING: The server did not provide any stacktrace information)
Command duration or timeout: 3 milliseconds: null
Build info: version: '2.53.0', revision: '35ae25b', time: '2016-03-15 17:00:58'
System info: host: 'L22622WUS', ip: '10.2.176.41', os.name: 'Windows 7', os.arch: 'amd64', os.version: '6.1', java.version: '1.8.0_102'
Driver info: com.kms.katalon.selenium.driver.CChromeDriver
Capabilities [{applicationCacheEnabled=false, rotatable=false, mobileEmulationEnabled=false, networkConnectionEnabled=false, chrome={chromedriverVersion=2.33.506120 (e3e53437346286c0bc2d2dc9aa4915ba81d9023f), userDataDir=C:\Users\nipin\AppData\Local\Temp\scoped_dir8524_27919}, takesHeapSnapshot=true, pageLoadStrategy=normal, databaseEnabled=false, handlesAlerts=true, hasTouchScreen=false, version=61.0.3163.100, platform=XP, browserConnectionEnabled=false, nativeEvents=true, acceptSslCerts=true, locationContextEnabled=true, webStorageEnabled=true, browserName=chrome, takesScreenshot=true, javascriptEnabled=true, cssSelectorsEnabled=true, setWindowRect=true, unexpectedAlertBehaviour=}]
Session ID: 049f50b72be195e02a8764d8d8677158
*** Element info: {Using=xpath, value=//*[@id = 'DurationLow']})

2017-11-06 09:02:12 - [MESSAGE][FAILED] - Unable to set text '12' of object 'Object Repository/BEP/DurationLow' (Root cause: org.openqa.selenium.UnhandledAlertException: unexpected alert open: {Alert text : Please correct flagged fields before submitting the form!}
  (Session info: chrome=61.0.3163.100)
  (Driver info: chromedriver=2.33.506120 (e3e53437346286c0bc2d2dc9aa4915ba81d9023f),platform=Windows NT 6.1.7601 SP1 x86_64) (WARNING: The server did not provide any stacktrace information)
Command duration or timeout: 3 milliseconds: null
Build info: version: '2.53.0', revision: '35ae25b', time: '2016-03-15 17:00:58'
System info: host: 'L22622WUS', ip: '10.2.176.41', os.name: 'Windows 7', os.arch: 'amd64', os.version: '6.1', java.version: '1.8.0_102'
Driver info: com.kms.katalon.selenium.driver.CChromeDriver
Capabilities [{applicationCacheEnabled=false, rotatable=false, mobileEmulationEnabled=false, networkConnectionEnabled=false, chrome={chromedriverVersion=2.33.506120 (e3e53437346286c0bc2d2dc9aa4915ba81d9023f), userDataDir=C:\Users\nipin\AppData\Local\Temp\scoped_dir8524_27919}, takesHeapSnapshot=true, pageLoadStrategy=normal, databaseEnabled=false, handlesAlerts=true, hasTouchScreen=false, version=61.0.3163.100, platform=XP, browserConnectionEnabled=false, nativeEvents=true, acceptSslCerts=true, locationContextEnabled=true, webStorageEnabled=true, browserName=chrome, takesScreenshot=true, javascriptEnabled=true, cssSelectorsEnabled=true, setWindowRect=true, unexpectedAlertBehaviour=}]
Session ID: 049f50b72be195e02a8764d8d8677158
*** Element info: {Using=xpath, value=//*[@id = 'DurationLow']})

2017-11-06 09:02:12 - [MESSAGE][FAILED] - Unable to call Test Case with id 'Test Cases/BEP/TC_Create_BEP_EmailOutput' (Root cause: Call Test Case 'Test Cases/BEP/TC_Create_BEP_EmailOutput' failed)]]></system-out>
         <system-err><![CDATA[2017-11-06 09:00:19 - [TEST_CASE][FAILED] - Test Cases/BEP/TC_CreateBEP_EmailOutput_SendEmail_NoECR: Test Cases/BEP/TC_CreateBEP_EmailOutput_SendEmail_NoECR FAILED because (of) Unable to set text '12' of object 'Object Repository/BEP/DurationLow' (Root cause: org.openqa.selenium.UnhandledAlertException: unexpected alert open: {Alert text : Please correct flagged fields before submitting the form!}
  (Session info: chrome=61.0.3163.100)
  (Driver info: chromedriver=2.33.506120 (e3e53437346286c0bc2d2dc9aa4915ba81d9023f),platform=Windows NT 6.1.7601 SP1 x86_64) (WARNING: The server did not provide any stacktrace information)
Command duration or timeout: 3 milliseconds: null
Build info: version: '2.53.0', revision: '35ae25b', time: '2016-03-15 17:00:58'
System info: host: 'L22622WUS', ip: '10.2.176.41', os.name: 'Windows 7', os.arch: 'amd64', os.version: '6.1', java.version: '1.8.0_102'
Driver info: com.kms.katalon.selenium.driver.CChromeDriver
Capabilities [{applicationCacheEnabled=false, rotatable=false, mobileEmulationEnabled=false, networkConnectionEnabled=false, chrome={chromedriverVersion=2.33.506120 (e3e53437346286c0bc2d2dc9aa4915ba81d9023f), userDataDir=C:\Users\nipin\AppData\Local\Temp\scoped_dir8524_27919}, takesHeapSnapshot=true, pageLoadStrategy=normal, databaseEnabled=false, handlesAlerts=true, hasTouchScreen=false, version=61.0.3163.100, platform=XP, browserConnectionEnabled=false, nativeEvents=true, acceptSslCerts=true, locationContextEnabled=true, webStorageEnabled=true, browserName=chrome, takesScreenshot=true, javascriptEnabled=true, cssSelectorsEnabled=true, setWindowRect=true, unexpectedAlertBehaviour=}]
Session ID: 049f50b72be195e02a8764d8d8677158
*** Element info: {Using=xpath, value=//*[@id = 'DurationLow']})]]></system-err>
      </testcase>
      <testcase name="Test Cases/BEP/TC_CreateBEP_EmailOutput_SkipEmail_CreateECR" classname="Test Cases/BEP/TC_CreateBEP_EmailOutput_SkipEmail_CreateECR" status="FAILED">
         <failure type="FAILED" message="Unable to set text '12' of object 'Object Repository/BEP/DurationLow' (Root cause: org.openqa.selenium.UnhandledAlertException: unexpected alert open: {Alert text : Please correct flagged fields before submitting the form!}
  (Session info: chrome=61.0.3163.100)
  (Driver info: chromedriver=2.33.506120 (e3e53437346286c0bc2d2dc9aa4915ba81d9023f),platform=Windows NT 6.1.7601 SP1 x86_64) (WARNING: The server did not provide any stacktrace information)
Command duration or timeout: 8 milliseconds: null
Build info: version: '2.53.0', revision: '35ae25b', time: '2016-03-15 17:00:58'
System info: host: 'L22622WUS', ip: '10.2.176.41', os.name: 'Windows 7', os.arch: 'amd64', os.version: '6.1', java.version: '1.8.0_102'
Driver info: com.kms.katalon.selenium.driver.CChromeDriver
Capabilities [{applicationCacheEnabled=false, rotatable=false, mobileEmulationEnabled=false, networkConnectionEnabled=false, chrome={chromedriverVersion=2.33.506120 (e3e53437346286c0bc2d2dc9aa4915ba81d9023f), userDataDir=C:\Users\nipin\AppData\Local\Temp\scoped_dir13824_20350}, takesHeapSnapshot=true, pageLoadStrategy=normal, databaseEnabled=false, handlesAlerts=true, hasTouchScreen=false, version=61.0.3163.100, platform=XP, browserConnectionEnabled=false, nativeEvents=true, acceptSslCerts=true, locationContextEnabled=true, webStorageEnabled=true, browserName=chrome, takesScreenshot=true, javascriptEnabled=true, cssSelectorsEnabled=true, setWindowRect=true, unexpectedAlertBehaviour=}]
Session ID: 6cdec8f8306e5fa0310cd3a88baf2dba
*** Element info: {Using=xpath, value=//*[@id = 'DurationLow']})"/>
         <system-out><![CDATA[2017-11-06 09:02:12 - [TEST_CASE][FAILED] - Test Cases/BEP/TC_CreateBEP_EmailOutput_SkipEmail_CreateECR: Test Cases/BEP/TC_CreateBEP_EmailOutput_SkipEmail_CreateECR FAILED because (of) Unable to set text '12' of object 'Object Repository/BEP/DurationLow' (Root cause: org.openqa.selenium.UnhandledAlertException: unexpected alert open: {Alert text : Please correct flagged fields before submitting the form!}
  (Session info: chrome=61.0.3163.100)
  (Driver info: chromedriver=2.33.506120 (e3e53437346286c0bc2d2dc9aa4915ba81d9023f),platform=Windows NT 6.1.7601 SP1 x86_64) (WARNING: The server did not provide any stacktrace information)
Command duration or timeout: 8 milliseconds: null
Build info: version: '2.53.0', revision: '35ae25b', time: '2016-03-15 17:00:58'
System info: host: 'L22622WUS', ip: '10.2.176.41', os.name: 'Windows 7', os.arch: 'amd64', os.version: '6.1', java.version: '1.8.0_102'
Driver info: com.kms.katalon.selenium.driver.CChromeDriver
Capabilities [{applicationCacheEnabled=false, rotatable=false, mobileEmulationEnabled=false, networkConnectionEnabled=false, chrome={chromedriverVersion=2.33.506120 (e3e53437346286c0bc2d2dc9aa4915ba81d9023f), userDataDir=C:\Users\nipin\AppData\Local\Temp\scoped_dir13824_20350}, takesHeapSnapshot=true, pageLoadStrategy=normal, databaseEnabled=false, handlesAlerts=true, hasTouchScreen=false, version=61.0.3163.100, platform=XP, browserConnectionEnabled=false, nativeEvents=true, acceptSslCerts=true, locationContextEnabled=true, webStorageEnabled=true, browserName=chrome, takesScreenshot=true, javascriptEnabled=true, cssSelectorsEnabled=true, setWindowRect=true, unexpectedAlertBehaviour=}]
Session ID: 6cdec8f8306e5fa0310cd3a88baf2dba
*** Element info: {Using=xpath, value=//*[@id = 'DurationLow']})

2017-11-06 09:02:12 - [TEST_STEP][FAILED] - callTestCase: Unable to call Test Case with id 'Test Cases/BEP/TC_Create_BEP_EmailOutput' (Root cause: Call Test Case 'Test Cases/BEP/TC_Create_BEP_EmailOutput' failed)

2017-11-06 09:02:12 - [TEST_CASE][FAILED] - Test Cases/BEP/TC_Create_BEP_EmailOutput: Test Cases/BEP/TC_Create_BEP_EmailOutput FAILED because (of) Unable to set text '12' of object 'Object Repository/BEP/DurationLow' (Root cause: org.openqa.selenium.UnhandledAlertException: unexpected alert open: {Alert text : Please correct flagged fields before submitting the form!}
  (Session info: chrome=61.0.3163.100)
  (Driver info: chromedriver=2.33.506120 (e3e53437346286c0bc2d2dc9aa4915ba81d9023f),platform=Windows NT 6.1.7601 SP1 x86_64) (WARNING: The server did not provide any stacktrace information)
Command duration or timeout: 8 milliseconds: null
Build info: version: '2.53.0', revision: '35ae25b', time: '2016-03-15 17:00:58'
System info: host: 'L22622WUS', ip: '10.2.176.41', os.name: 'Windows 7', os.arch: 'amd64', os.version: '6.1', java.version: '1.8.0_102'
Driver info: com.kms.katalon.selenium.driver.CChromeDriver
Capabilities [{applicationCacheEnabled=false, rotatable=false, mobileEmulationEnabled=false, networkConnectionEnabled=false, chrome={chromedriverVersion=2.33.506120 (e3e53437346286c0bc2d2dc9aa4915ba81d9023f), userDataDir=C:\Users\nipin\AppData\Local\Temp\scoped_dir13824_20350}, takesHeapSnapshot=true, pageLoadStrategy=normal, databaseEnabled=false, handlesAlerts=true, hasTouchScreen=false, version=61.0.3163.100, platform=XP, browserConnectionEnabled=false, nativeEvents=true, acceptSslCerts=true, locationContextEnabled=true, webStorageEnabled=true, browserName=chrome, takesScreenshot=true, javascriptEnabled=true, cssSelectorsEnabled=true, setWindowRect=true, unexpectedAlertBehaviour=}]
Session ID: 6cdec8f8306e5fa0310cd3a88baf2dba
*** Element info: {Using=xpath, value=//*[@id = 'DurationLow']})

2017-11-06 09:02:12 - [TEST_STEP][PASSED] - com.helper.commonfunct.utilities.login: com.helper.commonfunct.utilities.login is PASSED

2017-11-06 09:02:12 - [MESSAGE][WARNING] - A browser is already opened. Closing browser and opening a new one

2017-11-06 09:02:15 - [MESSAGE][PASSED] - Browser is opened with url: ''

2017-11-06 09:02:16 - [MESSAGE][PASSED] - Navigate to 'http://vtcpqa2:9685/tcpqa/PRServlet' successfully

2017-11-06 09:02:16 - [MESSAGE][PASSED] - Text 'hendj@pegasystems.com' is set on object 'Object Repository/input_UserIdentifier'

2017-11-06 09:02:16 - [MESSAGE][PASSED] - Text 'install' is set on object 'Object Repository/input_Password'

2017-11-06 09:02:20 - [MESSAGE][PASSED] - Keys 'ENTER + ' sent to object: 'Object Repository/input_Password'

2017-11-06 09:02:20 - [MESSAGE][PASSED] - com.helper.commonfunct.utilities.login is PASSED

2017-11-06 09:02:20 - [TEST_STEP][FAILED] - com.helper.commonfunct.BEP_CommonMethod.EstimateEmailOutput: Unable to set text '12' of object 'Object Repository/BEP/DurationLow' (Root cause: org.openqa.selenium.UnhandledAlertException: unexpected alert open: {Alert text : Please correct flagged fields before submitting the form!}
  (Session info: chrome=61.0.3163.100)
  (Driver info: chromedriver=2.33.506120 (e3e53437346286c0bc2d2dc9aa4915ba81d9023f),platform=Windows NT 6.1.7601 SP1 x86_64) (WARNING: The server did not provide any stacktrace information)
Command duration or timeout: 8 milliseconds: null
Build info: version: '2.53.0', revision: '35ae25b', time: '2016-03-15 17:00:58'
System info: host: 'L22622WUS', ip: '10.2.176.41', os.name: 'Windows 7', os.arch: 'amd64', os.version: '6.1', java.version: '1.8.0_102'
Driver info: com.kms.katalon.selenium.driver.CChromeDriver
Capabilities [{applicationCacheEnabled=false, rotatable=false, mobileEmulationEnabled=false, networkConnectionEnabled=false, chrome={chromedriverVersion=2.33.506120 (e3e53437346286c0bc2d2dc9aa4915ba81d9023f), userDataDir=C:\Users\nipin\AppData\Local\Temp\scoped_dir13824_20350}, takesHeapSnapshot=true, pageLoadStrategy=normal, databaseEnabled=false, handlesAlerts=true, hasTouchScreen=false, version=61.0.3163.100, platform=XP, browserConnectionEnabled=false, nativeEvents=true, acceptSslCerts=true, locationContextEnabled=true, webStorageEnabled=true, browserName=chrome, takesScreenshot=true, javascriptEnabled=true, cssSelectorsEnabled=true, setWindowRect=true, unexpectedAlertBehaviour=}]
Session ID: 6cdec8f8306e5fa0310cd3a88baf2dba
*** Element info: {Using=xpath, value=//*[@id = 'DurationLow']})

2017-11-06 09:02:20 - [MESSAGE][PASSED] - Object: 'Object Repository/Generic/a_Actions' is clicked on

2017-11-06 09:02:22 - [MESSAGE][PASSED] - Object: 'Object Repository/span_New' is focused

2017-11-06 09:02:26 - [MESSAGE][PASSED] - Object: 'Object Repository/BEP/EstimateLink' is clicked on

2017-11-06 09:02:31 - [MESSAGE][PASSED] - Delayed 5 second(s)

2017-11-06 09:02:31 - [MESSAGE][WARNING] - Timeout '0' is invalid. Using default page load timeout: '30'

2017-11-06 09:02:31 - [MESSAGE][PASSED] - Object 'Object Repository/BEP/import' is visible

2017-11-06 09:02:32 - [MESSAGE][PASSED] - Object: 'Object Repository/BEP/import' is clicked on

2017-11-06 09:02:37 - [MESSAGE][PASSED] - Delayed 5 second(s)

2017-11-06 09:02:37 - [MESSAGE][PASSED] - File 'C:\EStimate.xlsm' sent to object: 'Object Repository/input_PpyWorkPageppyFilePath'

2017-11-06 09:02:42 - [MESSAGE][PASSED] - Delayed 5 second(s)

2017-11-06 09:02:42 - [MESSAGE][PASSED] - Object: 'Object Repository/button_Submit' is clicked on

2017-11-06 09:02:52 - [MESSAGE][PASSED] - Delayed 10 second(s)

2017-11-06 09:02:52 - [MESSAGE][PASSED] - Text 'BOFA' is set on object 'Object Repository/Generic/ORG'

2017-11-06 09:02:57 - [MESSAGE][PASSED] - Delayed 5 second(s)

2017-11-06 09:02:57 - [MESSAGE][PASSED] - Keys 'TAB + ' sent to object: 'Object Repository/Generic/ORG'

2017-11-06 09:03:02 - [MESSAGE][PASSED] - Delayed 5 second(s)

2017-11-06 09:03:03 - [MESSAGE][PASSED] - Text 'BOFA' is set on object 'Object Repository/Generic/ACC'

2017-11-06 09:03:08 - [MESSAGE][PASSED] - Delayed 5 second(s)

2017-11-06 09:03:08 - [MESSAGE][PASSED] - Keys 'TAB + ' sent to object: 'Object Repository/Generic/ACC'

2017-11-06 09:03:13 - [MESSAGE][PASSED] - Delayed 5 second(s)

2017-11-06 09:03:13 - [MESSAGE][PASSED] - Text 'AUTOTEST1' is set on object 'Object Repository/Generic/ENG_DESC'

2017-11-06 09:03:18 - [MESSAGE][PASSED] - Delayed 5 second(s)

2017-11-06 09:03:19 - [MESSAGE][PASSED] - Object: 'Object Repository/Generic/PlatformID' is clicked on

2017-11-06 09:03:21 - [MESSAGE][PASSED] - Delayed 2 second(s)

2017-11-06 09:03:21 - [MESSAGE][PASSED] - Keys 'Accessibility' sent to object: 'Object Repository/Generic/PlatformID'

2017-11-06 09:03:26 - [MESSAGE][PASSED] - Delayed 5 second(s)

2017-11-06 09:03:26 - [MESSAGE][PASSED] - Object: 'Object Repository/Generic/PlatformVersion' is clicked on

2017-11-06 09:03:28 - [MESSAGE][PASSED] - Delayed 2 second(s)

2017-11-06 09:03:28 - [MESSAGE][PASSED] - Keys 'Accessibility Framework' sent to object: 'Object Repository/Generic/PlatformVersion'

2017-11-06 09:03:32 - [MESSAGE][PASSED] - Delayed 4 second(s)

2017-11-06 09:03:32 - [MESSAGE][PASSED] - Scroll to object 'Object Repository/BEP/MorethanOneRLSNO' successfully

2017-11-06 09:03:33 - [MESSAGE][PASSED] - Object: 'Object Repository/BEP/MorethanOneRLSNO' is clicked on

2017-11-06 09:03:37 - [MESSAGE][PASSED] - Delayed 4 second(s)

2017-11-06 09:03:37 - [MESSAGE][PASSED] - Object: 'Object Repository/Generic/PlatformTrue' is clicked on

2017-11-06 09:03:41 - [MESSAGE][PASSED] - Delayed 4 second(s)

2017-11-06 09:03:46 - [MESSAGE][PASSED] - Delayed 5 second(s)

2017-11-06 09:03:46 - [MESSAGE][PASSED] - Object: 'Object Repository/EngInfo/PL' is clicked on

2017-11-06 09:03:48 - [MESSAGE][PASSED] - Delayed 2 second(s)

2017-11-06 09:03:48 - [MESSAGE][PASSED] - Keys 'Jeff Henderson ' sent to object: 'Object Repository/EngInfo/PL'

2017-11-06 09:03:52 - [MESSAGE][PASSED] - Delayed 4 second(s)

2017-11-06 09:03:53 - [MESSAGE][PASSED] - Object: 'Object Repository/EngInfo/PLTL' is clicked on

2017-11-06 09:03:56 - [MESSAGE][PASSED] - Delayed 3 second(s)

2017-11-06 09:03:56 - [MESSAGE][PASSED] - Keys 'Robert Higgins' sent to object: 'Object Repository/EngInfo/PLTL'

2017-11-06 09:04:01 - [MESSAGE][PASSED] - Delayed 5 second(s)

2017-11-06 09:04:01 - [MESSAGE][PASSED] - Scroll to object 'Object Repository/NEXT_BUTTON' successfully

2017-11-06 09:04:01 - [MESSAGE][PASSED] - Object: 'Object Repository/NEXT_BUTTON' is clicked on

2017-11-06 09:04:05 - [MESSAGE][PASSED] - Delayed 4 second(s)

2017-11-06 09:04:06 - [MESSAGE][WARNING] - Cannot take screenshot

2017-11-06 09:04:06 - [MESSAGE][FAILED] - Unable to set text '12' of object 'Object Repository/BEP/DurationLow' (Root cause: org.openqa.selenium.UnhandledAlertException: unexpected alert open: {Alert text : Please correct flagged fields before submitting the form!}
  (Session info: chrome=61.0.3163.100)
  (Driver info: chromedriver=2.33.506120 (e3e53437346286c0bc2d2dc9aa4915ba81d9023f),platform=Windows NT 6.1.7601 SP1 x86_64) (WARNING: The server did not provide any stacktrace information)
Command duration or timeout: 8 milliseconds: null
Build info: version: '2.53.0', revision: '35ae25b', time: '2016-03-15 17:00:58'
System info: host: 'L22622WUS', ip: '10.2.176.41', os.name: 'Windows 7', os.arch: 'amd64', os.version: '6.1', java.version: '1.8.0_102'
Driver info: com.kms.katalon.selenium.driver.CChromeDriver
Capabilities [{applicationCacheEnabled=false, rotatable=false, mobileEmulationEnabled=false, networkConnectionEnabled=false, chrome={chromedriverVersion=2.33.506120 (e3e53437346286c0bc2d2dc9aa4915ba81d9023f), userDataDir=C:\Users\nipin\AppData\Local\Temp\scoped_dir13824_20350}, takesHeapSnapshot=true, pageLoadStrategy=normal, databaseEnabled=false, handlesAlerts=true, hasTouchScreen=false, version=61.0.3163.100, platform=XP, browserConnectionEnabled=false, nativeEvents=true, acceptSslCerts=true, locationContextEnabled=true, webStorageEnabled=true, browserName=chrome, takesScreenshot=true, javascriptEnabled=true, cssSelectorsEnabled=true, setWindowRect=true, unexpectedAlertBehaviour=}]
Session ID: 6cdec8f8306e5fa0310cd3a88baf2dba
*** Element info: {Using=xpath, value=//*[@id = 'DurationLow']})

2017-11-06 09:04:06 - [MESSAGE][FAILED] - Unable to set text '12' of object 'Object Repository/BEP/DurationLow' (Root cause: org.openqa.selenium.UnhandledAlertException: unexpected alert open: {Alert text : Please correct flagged fields before submitting the form!}
  (Session info: chrome=61.0.3163.100)
  (Driver info: chromedriver=2.33.506120 (e3e53437346286c0bc2d2dc9aa4915ba81d9023f),platform=Windows NT 6.1.7601 SP1 x86_64) (WARNING: The server did not provide any stacktrace information)
Command duration or timeout: 8 milliseconds: null
Build info: version: '2.53.0', revision: '35ae25b', time: '2016-03-15 17:00:58'
System info: host: 'L22622WUS', ip: '10.2.176.41', os.name: 'Windows 7', os.arch: 'amd64', os.version: '6.1', java.version: '1.8.0_102'
Driver info: com.kms.katalon.selenium.driver.CChromeDriver
Capabilities [{applicationCacheEnabled=false, rotatable=false, mobileEmulationEnabled=false, networkConnectionEnabled=false, chrome={chromedriverVersion=2.33.506120 (e3e53437346286c0bc2d2dc9aa4915ba81d9023f), userDataDir=C:\Users\nipin\AppData\Local\Temp\scoped_dir13824_20350}, takesHeapSnapshot=true, pageLoadStrategy=normal, databaseEnabled=false, handlesAlerts=true, hasTouchScreen=false, version=61.0.3163.100, platform=XP, browserConnectionEnabled=false, nativeEvents=true, acceptSslCerts=true, locationContextEnabled=true, webStorageEnabled=true, browserName=chrome, takesScreenshot=true, javascriptEnabled=true, cssSelectorsEnabled=true, setWindowRect=true, unexpectedAlertBehaviour=}]
Session ID: 6cdec8f8306e5fa0310cd3a88baf2dba
*** Element info: {Using=xpath, value=//*[@id = 'DurationLow']})

2017-11-06 09:04:06 - [MESSAGE][FAILED] - Unable to call Test Case with id 'Test Cases/BEP/TC_Create_BEP_EmailOutput' (Root cause: Call Test Case 'Test Cases/BEP/TC_Create_BEP_EmailOutput' failed)]]></system-out>
         <system-err><![CDATA[2017-11-06 09:02:12 - [TEST_CASE][FAILED] - Test Cases/BEP/TC_CreateBEP_EmailOutput_SkipEmail_CreateECR: Test Cases/BEP/TC_CreateBEP_EmailOutput_SkipEmail_CreateECR FAILED because (of) Unable to set text '12' of object 'Object Repository/BEP/DurationLow' (Root cause: org.openqa.selenium.UnhandledAlertException: unexpected alert open: {Alert text : Please correct flagged fields before submitting the form!}
  (Session info: chrome=61.0.3163.100)
  (Driver info: chromedriver=2.33.506120 (e3e53437346286c0bc2d2dc9aa4915ba81d9023f),platform=Windows NT 6.1.7601 SP1 x86_64) (WARNING: The server did not provide any stacktrace information)
Command duration or timeout: 8 milliseconds: null
Build info: version: '2.53.0', revision: '35ae25b', time: '2016-03-15 17:00:58'
System info: host: 'L22622WUS', ip: '10.2.176.41', os.name: 'Windows 7', os.arch: 'amd64', os.version: '6.1', java.version: '1.8.0_102'
Driver info: com.kms.katalon.selenium.driver.CChromeDriver
Capabilities [{applicationCacheEnabled=false, rotatable=false, mobileEmulationEnabled=false, networkConnectionEnabled=false, chrome={chromedriverVersion=2.33.506120 (e3e53437346286c0bc2d2dc9aa4915ba81d9023f), userDataDir=C:\Users\nipin\AppData\Local\Temp\scoped_dir13824_20350}, takesHeapSnapshot=true, pageLoadStrategy=normal, databaseEnabled=false, handlesAlerts=true, hasTouchScreen=false, version=61.0.3163.100, platform=XP, browserConnectionEnabled=false, nativeEvents=true, acceptSslCerts=true, locationContextEnabled=true, webStorageEnabled=true, browserName=chrome, takesScreenshot=true, javascriptEnabled=true, cssSelectorsEnabled=true, setWindowRect=true, unexpectedAlertBehaviour=}]
Session ID: 6cdec8f8306e5fa0310cd3a88baf2dba
*** Element info: {Using=xpath, value=//*[@id = 'DurationLow']})]]></system-err>
      </testcase>
      <testcase name="Test Cases/BEP/TC_CreateBEP_EmailOutput_SkipEmail_NOECR" classname="Test Cases/BEP/TC_CreateBEP_EmailOutput_SkipEmail_NOECR" status="PASSED">
         <system-out><![CDATA[2017-11-06 09:04:06 - [TEST_CASE][PASSED] - Test Cases/BEP/TC_CreateBEP_EmailOutput_SkipEmail_NOECR: Test Cases/BEP/TC_CreateBEP_EmailOutput_SkipEmail_NOECR

2017-11-06 09:04:06 - [TEST_STEP][PASSED] - callTestCase: Call Test Case 'Test Cases/BEP/TC_Create_BEP_EmailOutput' successfully

2017-11-06 09:04:06 - [TEST_CASE][PASSED] - Test Cases/BEP/TC_Create_BEP_EmailOutput: Test Cases/BEP/TC_Create_BEP_EmailOutput

2017-11-06 09:04:06 - [TEST_STEP][PASSED] - com.helper.commonfunct.utilities.login: com.helper.commonfunct.utilities.login is PASSED

2017-11-06 09:04:06 - [MESSAGE][WARNING] - A browser is already opened. Closing browser and opening a new one

2017-11-06 09:04:09 - [MESSAGE][PASSED] - Browser is opened with url: ''

2017-11-06 09:04:10 - [MESSAGE][PASSED] - Navigate to 'http://vtcpqa2:9685/tcpqa/PRServlet' successfully

2017-11-06 09:04:10 - [MESSAGE][PASSED] - Text 'hendj@pegasystems.com' is set on object 'Object Repository/input_UserIdentifier'

2017-11-06 09:04:10 - [MESSAGE][PASSED] - Text 'install' is set on object 'Object Repository/input_Password'

2017-11-06 09:04:13 - [MESSAGE][PASSED] - Keys 'ENTER + ' sent to object: 'Object Repository/input_Password'

2017-11-06 09:04:13 - [MESSAGE][PASSED] - com.helper.commonfunct.utilities.login is PASSED

2017-11-06 09:04:13 - [TEST_STEP][PASSED] - com.helper.commonfunct.BEP_CommonMethod.EstimateEmailOutput: com.helper.commonfunct.BEP_CommonMethod.EstimateEmailOutput is PASSED

2017-11-06 09:04:14 - [MESSAGE][PASSED] - Object: 'Object Repository/Generic/a_Actions' is clicked on

2017-11-06 09:04:15 - [MESSAGE][PASSED] - Object: 'Object Repository/span_New' is focused

2017-11-06 09:04:19 - [MESSAGE][PASSED] - Object: 'Object Repository/BEP/EstimateLink' is clicked on

2017-11-06 09:04:24 - [MESSAGE][PASSED] - Delayed 5 second(s)

2017-11-06 09:04:24 - [MESSAGE][WARNING] - Timeout '0' is invalid. Using default page load timeout: '30'

2017-11-06 09:04:24 - [MESSAGE][PASSED] - Object 'Object Repository/BEP/import' is visible

2017-11-06 09:04:24 - [MESSAGE][PASSED] - Object: 'Object Repository/BEP/import' is clicked on

2017-11-06 09:04:29 - [MESSAGE][PASSED] - Delayed 5 second(s)

2017-11-06 09:04:29 - [MESSAGE][PASSED] - File 'C:\EStimate.xlsm' sent to object: 'Object Repository/input_PpyWorkPageppyFilePath'

2017-11-06 09:04:34 - [MESSAGE][PASSED] - Delayed 5 second(s)

2017-11-06 09:04:35 - [MESSAGE][PASSED] - Object: 'Object Repository/button_Submit' is clicked on

2017-11-06 09:04:45 - [MESSAGE][PASSED] - Delayed 10 second(s)

2017-11-06 09:04:45 - [MESSAGE][PASSED] - Text 'BOFA' is set on object 'Object Repository/Generic/ORG'

2017-11-06 09:04:50 - [MESSAGE][PASSED] - Delayed 5 second(s)

2017-11-06 09:04:50 - [MESSAGE][PASSED] - Keys 'TAB + ' sent to object: 'Object Repository/Generic/ORG'

2017-11-06 09:04:55 - [MESSAGE][PASSED] - Delayed 5 second(s)

2017-11-06 09:04:56 - [MESSAGE][PASSED] - Text 'BOFA' is set on object 'Object Repository/Generic/ACC'

2017-11-06 09:05:01 - [MESSAGE][PASSED] - Delayed 5 second(s)

2017-11-06 09:05:01 - [MESSAGE][PASSED] - Keys 'TAB + ' sent to object: 'Object Repository/Generic/ACC'

2017-11-06 09:05:06 - [MESSAGE][PASSED] - Delayed 5 second(s)

2017-11-06 09:05:06 - [MESSAGE][PASSED] - Text 'AUTOTEST1' is set on object 'Object Repository/Generic/ENG_DESC'

2017-11-06 09:05:11 - [MESSAGE][PASSED] - Delayed 5 second(s)

2017-11-06 09:05:12 - [MESSAGE][PASSED] - Object: 'Object Repository/Generic/PlatformID' is clicked on

2017-11-06 09:05:14 - [MESSAGE][PASSED] - Delayed 2 second(s)

2017-11-06 09:05:14 - [MESSAGE][PASSED] - Keys 'Accessibility' sent to object: 'Object Repository/Generic/PlatformID'

2017-11-06 09:05:19 - [MESSAGE][PASSED] - Delayed 5 second(s)

2017-11-06 09:05:19 - [MESSAGE][PASSED] - Object: 'Object Repository/Generic/PlatformVersion' is clicked on

2017-11-06 09:05:21 - [MESSAGE][PASSED] - Delayed 2 second(s)

2017-11-06 09:05:21 - [MESSAGE][PASSED] - Keys 'Accessibility Framework' sent to object: 'Object Repository/Generic/PlatformVersion'

2017-11-06 09:05:25 - [MESSAGE][PASSED] - Delayed 4 second(s)

2017-11-06 09:05:26 - [MESSAGE][PASSED] - Scroll to object 'Object Repository/BEP/MorethanOneRLSNO' successfully

2017-11-06 09:05:26 - [MESSAGE][PASSED] - Object: 'Object Repository/BEP/MorethanOneRLSNO' is clicked on

2017-11-06 09:05:30 - [MESSAGE][PASSED] - Delayed 4 second(s)

2017-11-06 09:05:30 - [MESSAGE][PASSED] - Object: 'Object Repository/Generic/PlatformTrue' is clicked on

2017-11-06 09:05:34 - [MESSAGE][PASSED] - Delayed 4 second(s)

2017-11-06 09:05:39 - [MESSAGE][PASSED] - Delayed 5 second(s)

2017-11-06 09:05:39 - [MESSAGE][PASSED] - Object: 'Object Repository/EngInfo/PL' is clicked on

2017-11-06 09:05:41 - [MESSAGE][PASSED] - Delayed 2 second(s)

2017-11-06 09:05:41 - [MESSAGE][PASSED] - Keys 'Jeff Henderson ' sent to object: 'Object Repository/EngInfo/PL'

2017-11-06 09:05:45 - [MESSAGE][PASSED] - Delayed 4 second(s)

2017-11-06 09:05:46 - [MESSAGE][PASSED] - Object: 'Object Repository/EngInfo/PLTL' is clicked on

2017-11-06 09:05:49 - [MESSAGE][PASSED] - Delayed 3 second(s)

2017-11-06 09:05:49 - [MESSAGE][PASSED] - Keys 'Robert Higgins' sent to object: 'Object Repository/EngInfo/PLTL'

2017-11-06 09:05:54 - [MESSAGE][PASSED] - Delayed 5 second(s)

2017-11-06 09:05:54 - [MESSAGE][PASSED] - Scroll to object 'Object Repository/NEXT_BUTTON' successfully

2017-11-06 09:05:54 - [MESSAGE][PASSED] - Object: 'Object Repository/NEXT_BUTTON' is clicked on

2017-11-06 09:05:58 - [MESSAGE][PASSED] - Delayed 4 second(s)

2017-11-06 09:05:58 - [MESSAGE][PASSED] - Text '12' is set on object 'Object Repository/BEP/DurationLow'

2017-11-06 09:06:03 - [MESSAGE][PASSED] - Delayed 5 second(s)

2017-11-06 09:06:04 - [MESSAGE][PASSED] - Keys 'TAB + ' sent to object: 'Object Repository/BEP/DurationLow'

2017-11-06 09:06:09 - [MESSAGE][PASSED] - Delayed 5 second(s)

2017-11-06 09:06:09 - [MESSAGE][PASSED] - Text '12' is set on object 'Object Repository/BEP/DurationHigh'

2017-11-06 09:06:14 - [MESSAGE][PASSED] - Delayed 5 second(s)

2017-11-06 09:06:14 - [MESSAGE][PASSED] - Keys 'TAB + ' sent to object: 'Object Repository/BEP/DurationHigh'

2017-11-06 09:06:19 - [MESSAGE][PASSED] - Delayed 5 second(s)

2017-11-06 09:06:19 - [MESSAGE][PASSED] - Text '12' is set on object 'Object Repository/BEP/PartnerHoursLow'

2017-11-06 09:06:24 - [MESSAGE][PASSED] - Delayed 5 second(s)

2017-11-06 09:06:24 - [MESSAGE][PASSED] - Keys 'TAB + ' sent to object: 'Object Repository/BEP/PartnerHoursLow'

2017-11-06 09:06:29 - [MESSAGE][PASSED] - Delayed 5 second(s)

2017-11-06 09:06:30 - [MESSAGE][PASSED] - Text '12' is set on object 'Object Repository/BEP/PartnerHoursHigh'

2017-11-06 09:06:35 - [MESSAGE][PASSED] - Delayed 5 second(s)

2017-11-06 09:06:35 - [MESSAGE][PASSED] - Object: 'Object Repository/BEP/EstimationMethod' is clicked on

2017-11-06 09:06:40 - [MESSAGE][PASSED] - Delayed 5 second(s)

2017-11-06 09:06:40 - [MESSAGE][PASSED] - Keys 'BSW' sent to object: 'Object Repository/BEP/EstimationMethod'

2017-11-06 09:06:45 - [MESSAGE][PASSED] - Delayed 5 second(s)

2017-11-06 09:06:45 - [MESSAGE][PASSED] - Object: 'Object Repository/BEP/routeToRL' is clicked on

2017-11-06 09:06:47 - [MESSAGE][PASSED] - Delayed 2 second(s)

2017-11-06 09:06:47 - [MESSAGE][PASSED] - Scroll to object 'Object Repository/NEXT_BUTTON' successfully

2017-11-06 09:06:47 - [MESSAGE][PASSED] - Object: 'Object Repository/NEXT_BUTTON' is clicked on

2017-11-06 09:06:49 - [MESSAGE][PASSED] - Delayed 2 second(s)

2017-11-06 09:06:50 - [MESSAGE][PASSED] - Object: 'Object Repository/BEP/BEPOutputEmail' is clicked on

2017-11-06 09:06:54 - [MESSAGE][PASSED] - Delayed 4 second(s)

2017-11-06 09:06:54 - [MESSAGE][PASSED] - Object: 'Object Repository/BEP/RECEIPIENT' is clicked on

2017-11-06 09:06:58 - [MESSAGE][PASSED] - Delayed 4 second(s)

2017-11-06 09:06:59 - [MESSAGE][PASSED] - Object: 'Object Repository/BEP/AddEmailID' is clicked on

2017-11-06 09:07:01 - [MESSAGE][PASSED] - Delayed 2 second(s)

2017-11-06 09:07:01 - [MESSAGE][PASSED] - Keys 'nagaveni.nipinale@in.pega.com' sent to object: 'Object Repository/BEP/MAILID_XPATH'

2017-11-06 09:07:05 - [MESSAGE][PASSED] - Delayed 4 second(s)

2017-11-06 09:07:05 - [MESSAGE][PASSED] - Object: 'Object Repository/BEP/modal_submit' is clicked on

2017-11-06 09:07:09 - [MESSAGE][PASSED] - Delayed 4 second(s)

2017-11-06 09:07:10 - [MESSAGE][PASSED] - Keys 'Test Automation' sent to object: 'Object Repository/BEP/Email_Subject'

2017-11-06 09:07:10 - [MESSAGE][PASSED] - Scroll to object 'Object Repository/NEXT_BUTTON' successfully

2017-11-06 09:07:10 - [MESSAGE][PASSED] - Object: 'Object Repository/NEXT_BUTTON' is clicked on

2017-11-06 09:07:14 - [MESSAGE][PASSED] - Delayed 4 second(s)

2017-11-06 09:07:14 - [MESSAGE][PASSED] - Scroll to object 'Object Repository/Generic/FINISH_BUTTON' successfully

2017-11-06 09:07:14 - [MESSAGE][PASSED] - Object: 'Object Repository/Generic/FINISH_BUTTON' is clicked on

2017-11-06 09:07:19 - [MESSAGE][PASSED] - Text of object 'Object Repository/BEP/BEPWOID' is: 'BEP-06Nov2017-30'

2017-11-06 09:07:19 - [MESSAGE][PASSED] - com.helper.commonfunct.BEP_CommonMethod.EstimateEmailOutput is PASSED

2017-11-06 09:07:19 - [TEST_STEP][PASSED] - com.helper.commonfunct.BEP_CommonMethod.woid: com.helper.commonfunct.BEP_CommonMethod.woid is PASSED

2017-11-06 09:07:19 - [MESSAGE][PASSED] - Text of object 'Object Repository/BEP/BEPWOID' is: 'BEP-06Nov2017-30'

2017-11-06 09:07:19 - [MESSAGE][PASSED] - com.helper.commonfunct.BEP_CommonMethod.woid is PASSED

2017-11-06 09:07:19 - [TEST_STEP][PASSED] - com.helper.commonfunct.BEP_CommonMethod.WOstatus: com.helper.commonfunct.BEP_CommonMethod.WOstatus is PASSED

2017-11-06 09:07:19 - [MESSAGE][PASSED] - Text of object 'Object Repository/BEP/WOSTATUS' is: 'Pending-RDApproval'

2017-11-06 09:07:19 - [MESSAGE][PASSED] - com.helper.commonfunct.BEP_CommonMethod.WOstatus is PASSED

2017-11-06 09:07:19 - [MESSAGE][PASSED] - Call Test Case 'Test Cases/BEP/TC_Create_BEP_EmailOutput' successfully

2017-11-06 09:07:19 - [TEST_STEP][PASSED] - Statement - SendEmail = false: null

2017-11-06 09:07:19 - [TEST_STEP][PASSED] - Statement - CreateECR = false: null

2017-11-06 09:07:19 - [TEST_STEP][PASSED] - callTestCase: Call Test Case 'Test Cases/BEP/All_Approval_Reject' successfully

2017-11-06 09:07:19 - [TEST_CASE][PASSED] - Test Cases/BEP/All_Approval_Reject: Test Cases/BEP/All_Approval_Reject

2017-11-06 09:07:19 - [TEST_STEP][PASSED] - Statement - While (WOSTATUS.contains("Pending")): com.helper.commonfunct.utilities.WOstatus is PASSED

2017-11-06 09:07:19 - [TEST_STEP][PASSED] - Statement - For ([j = 0, j < AssignmentList.size(), (j++)]): com.helper.commonfunct.utilities.WOstatus is PASSED

2017-11-06 09:07:19 - [TEST_STEP][PASSED] - Statement - Status = text: null

2017-11-06 09:07:19 - [TEST_STEP][PASSED] - Statement - println(Status): null

2017-11-06 09:07:19 - [TEST_STEP][PASSED] - Statement - If (WOSTATUS == "Pending-RDApproval"): com.helper.commonfunct.utilities.WOstatus is PASSED

2017-11-06 09:07:19 - [TEST_STEP][PASSED] - Statement - If (RDReject == false): com.helper.commonfunct.utilities.WOstatus is PASSED

2017-11-06 09:07:19 - [TEST_STEP][PASSED] - Statement - If (RouteToRL == true): com.helper.commonfunct.utilities.WOstatus is PASSED

2017-11-06 09:07:19 - [TEST_STEP][PASSED] - com.helper.commonfunct.utilities.login: com.helper.commonfunct.utilities.login is PASSED

2017-11-06 09:07:19 - [MESSAGE][WARNING] - A browser is already opened. Closing browser and opening a new one

2017-11-06 09:07:22 - [MESSAGE][PASSED] - Browser is opened with url: ''

2017-11-06 09:07:23 - [MESSAGE][PASSED] - Navigate to 'http://vtcpqa2:9685/tcpqa/PRServlet' successfully

2017-11-06 09:07:24 - [MESSAGE][PASSED] - Text 'langr1@pegasystems.com' is set on object 'Object Repository/input_UserIdentifier'

2017-11-06 09:07:24 - [MESSAGE][PASSED] - Text 'install' is set on object 'Object Repository/input_Password'

2017-11-06 09:07:27 - [MESSAGE][PASSED] - Keys 'ENTER + ' sent to object: 'Object Repository/input_Password'

2017-11-06 09:07:27 - [MESSAGE][PASSED] - com.helper.commonfunct.utilities.login is PASSED

2017-11-06 09:07:27 - [TEST_STEP][PASSED] - com.helper.commonfunct.utilities.search: com.helper.commonfunct.utilities.search is PASSED

2017-11-06 09:07:28 - [MESSAGE][PASSED] - Current window maximized

2017-11-06 09:07:33 - [MESSAGE][PASSED] - Delayed 5 second(s)

2017-11-06 09:07:33 - [MESSAGE][PASSED] - Text 'BEP-06Nov2017-30' is set on object 'Object Repository/EngInfo/search'

2017-11-06 09:07:35 - [MESSAGE][PASSED] - Delayed 2 second(s)

2017-11-06 09:07:35 - [MESSAGE][PASSED] - Keys 'ENTER + ' sent to object: 'Object Repository/EngInfo/search'

2017-11-06 09:07:40 - [MESSAGE][PASSED] - Delayed 5 second(s)

2017-11-06 09:07:40 - [MESSAGE][PASSED] - com.helper.commonfunct.utilities.search is PASSED

2017-11-06 09:07:40 - [TEST_STEP][PASSED] - com.helper.commonfunct.BEP_CommonMethod.RDapprove: com.helper.commonfunct.BEP_CommonMethod.RDapprove is PASSED

2017-11-06 09:07:44 - [MESSAGE][PASSED] - Delayed 4 second(s)

2017-11-06 09:07:44 - [MESSAGE][WARNING] - Timeout '0' is invalid. Using default page load timeout: '30'

2017-11-06 09:07:46 - [MESSAGE][PASSED] - Object: 'Object Repository/BEP/RDLink' is clicked on

2017-11-06 09:07:50 - [MESSAGE][PASSED] - Delayed 4 second(s)

2017-11-06 09:07:50 - [MESSAGE][PASSED] - Scroll to object 'Object Repository/NEXT_BUTTON' successfully

2017-11-06 09:07:50 - [MESSAGE][PASSED] - Object: 'Object Repository/NEXT_BUTTON' is clicked on

2017-11-06 09:07:54 - [MESSAGE][PASSED] - Delayed 4 second(s)

2017-11-06 09:07:54 - [MESSAGE][WARNING] - Timeout '0' is invalid. Using default page load timeout: '30'

2017-11-06 09:07:54 - [MESSAGE][PASSED] - Scroll to object 'Object Repository/BEP/RD_RLApprove' successfully

2017-11-06 09:07:55 - [MESSAGE][PASSED] - Object: 'Object Repository/BEP/RD_RLApprove' is clicked on

2017-11-06 09:07:59 - [MESSAGE][PASSED] - Delayed 4 second(s)

2017-11-06 09:07:59 - [MESSAGE][PASSED] - Text 'Testing' is set on object 'Object Repository/BEP/BEP_CASENOTES'

2017-11-06 09:08:03 - [MESSAGE][PASSED] - Delayed 4 second(s)

2017-11-06 09:08:03 - [MESSAGE][WARNING] - Timeout '0' is invalid. Using default page load timeout: '30'

2017-11-06 09:08:03 - [MESSAGE][PASSED] - Scroll to object 'Object Repository/BEP/FINISH_ASSIGNMENT' successfully

2017-11-06 09:08:03 - [MESSAGE][PASSED] - Object: 'Object Repository/BEP/FINISH_ASSIGNMENT' is clicked on

2017-11-06 09:08:07 - [MESSAGE][PASSED] - Delayed 4 second(s)

2017-11-06 09:08:07 - [MESSAGE][PASSED] - com.helper.commonfunct.BEP_CommonMethod.RDapprove is PASSED

2017-11-06 09:08:07 - [TEST_STEP][PASSED] - com.helper.commonfunct.utilities.WOstatus: com.helper.commonfunct.utilities.WOstatus is PASSED

2017-11-06 09:08:07 - [MESSAGE][PASSED] - Text of object 'Object Repository/ECR/WOSTATUS' is: 'Pending-RLApproval'

2017-11-06 09:08:07 - [MESSAGE][PASSED] - com.helper.commonfunct.utilities.WOstatus is PASSED

2017-11-06 09:08:07 - [TEST_STEP][PASSED] - Statement - Status = text: null

2017-11-06 09:08:07 - [TEST_STEP][PASSED] - Statement - println(Status): null

2017-11-06 09:08:07 - [TEST_STEP][PASSED] - Statement - If (WOSTATUS == "Pending-RDApproval"): null

2017-11-06 09:08:07 - [TEST_STEP][PASSED] - Statement - Else If (WOSTATUS == "Pending-RLApproval"): com.helper.commonfunct.utilities.WOstatus is PASSED

2017-11-06 09:08:07 - [TEST_STEP][PASSED] - Statement - If (RLReject == false): com.helper.commonfunct.utilities.WOstatus is PASSED

2017-11-06 09:08:07 - [TEST_STEP][PASSED] - com.helper.commonfunct.utilities.login: com.helper.commonfunct.utilities.login is PASSED

2017-11-06 09:08:07 - [MESSAGE][WARNING] - A browser is already opened. Closing browser and opening a new one

2017-11-06 09:08:10 - [MESSAGE][PASSED] - Browser is opened with url: ''

2017-11-06 09:08:11 - [MESSAGE][PASSED] - Navigate to 'http://vtcpqa2:9685/tcpqa/PRServlet' successfully

2017-11-06 09:08:11 - [MESSAGE][PASSED] - Text 'panee@pegasystems.com' is set on object 'Object Repository/input_UserIdentifier'

2017-11-06 09:08:12 - [MESSAGE][PASSED] - Text 'install' is set on object 'Object Repository/input_Password'

2017-11-06 09:08:15 - [MESSAGE][PASSED] - Keys 'ENTER + ' sent to object: 'Object Repository/input_Password'

2017-11-06 09:08:15 - [MESSAGE][PASSED] - com.helper.commonfunct.utilities.login is PASSED

2017-11-06 09:08:15 - [TEST_STEP][PASSED] - com.helper.commonfunct.utilities.search: com.helper.commonfunct.utilities.search is PASSED

2017-11-06 09:08:16 - [MESSAGE][PASSED] - Current window maximized

2017-11-06 09:08:21 - [MESSAGE][PASSED] - Delayed 5 second(s)

2017-11-06 09:08:21 - [MESSAGE][PASSED] - Text 'BEP-06Nov2017-30' is set on object 'Object Repository/EngInfo/search'

2017-11-06 09:08:23 - [MESSAGE][PASSED] - Delayed 2 second(s)

2017-11-06 09:08:23 - [MESSAGE][PASSED] - Keys 'ENTER + ' sent to object: 'Object Repository/EngInfo/search'

2017-11-06 09:08:28 - [MESSAGE][PASSED] - Delayed 5 second(s)

2017-11-06 09:08:28 - [MESSAGE][PASSED] - com.helper.commonfunct.utilities.search is PASSED

2017-11-06 09:08:28 - [TEST_STEP][PASSED] - com.helper.commonfunct.BEP_CommonMethod.RLapprove: com.helper.commonfunct.BEP_CommonMethod.RLapprove is PASSED

2017-11-06 09:08:32 - [MESSAGE][PASSED] - Delayed 4 second(s)

2017-11-06 09:08:32 - [MESSAGE][WARNING] - Timeout '0' is invalid. Using default page load timeout: '30'

2017-11-06 09:08:34 - [MESSAGE][PASSED] - Object: 'Object Repository/BEP/RlLink' is clicked on

2017-11-06 09:08:38 - [MESSAGE][PASSED] - Delayed 4 second(s)

2017-11-06 09:08:38 - [MESSAGE][PASSED] - Scroll to object 'Object Repository/NEXT_BUTTON' successfully

2017-11-06 09:08:38 - [MESSAGE][PASSED] - Object: 'Object Repository/NEXT_BUTTON' is clicked on

2017-11-06 09:08:42 - [MESSAGE][PASSED] - Delayed 4 second(s)

2017-11-06 09:08:42 - [MESSAGE][WARNING] - Timeout '0' is invalid. Using default page load timeout: '30'

2017-11-06 09:08:42 - [MESSAGE][PASSED] - Scroll to object 'Object Repository/BEP/RD_RLApprove' successfully

2017-11-06 09:08:42 - [MESSAGE][PASSED] - Object: 'Object Repository/BEP/RD_RLApprove' is clicked on

2017-11-06 09:08:46 - [MESSAGE][PASSED] - Delayed 4 second(s)

2017-11-06 09:08:47 - [MESSAGE][PASSED] - Text 'Testing' is set on object 'Object Repository/BEP/BEP_CASENOTES'

2017-11-06 09:08:51 - [MESSAGE][PASSED] - Delayed 4 second(s)

2017-11-06 09:08:51 - [MESSAGE][WARNING] - Timeout '0' is invalid. Using default page load timeout: '30'

2017-11-06 09:08:51 - [MESSAGE][PASSED] - Scroll to object 'Object Repository/BEP/FINISH_ASSIGNMENT' successfully

2017-11-06 09:08:51 - [MESSAGE][PASSED] - Object: 'Object Repository/BEP/FINISH_ASSIGNMENT' is clicked on

2017-11-06 09:08:55 - [MESSAGE][PASSED] - Delayed 4 second(s)

2017-11-06 09:08:56 - [MESSAGE][PASSED] - Text of object 'Object Repository/BEP/WOSTATUS' is: 'Pending-EmailCustomer'

2017-11-06 09:08:56 - [MESSAGE][PASSED] - com.helper.commonfunct.BEP_CommonMethod.RLapprove is PASSED

2017-11-06 09:08:56 - [TEST_STEP][PASSED] - com.helper.commonfunct.utilities.WOstatus: com.helper.commonfunct.utilities.WOstatus is PASSED

2017-11-06 09:08:56 - [MESSAGE][PASSED] - Text of object 'Object Repository/ECR/WOSTATUS' is: 'Pending-EmailCustomer'

2017-11-06 09:08:56 - [MESSAGE][PASSED] - com.helper.commonfunct.utilities.WOstatus is PASSED

2017-11-06 09:08:56 - [TEST_STEP][PASSED] - Statement - For ([j = 0, j < AssignmentList.size(), (j++)]): com.helper.commonfunct.utilities.WOstatus is PASSED

2017-11-06 09:08:56 - [TEST_STEP][PASSED] - Statement - Status = text: null

2017-11-06 09:08:56 - [TEST_STEP][PASSED] - Statement - println(Status): null

2017-11-06 09:08:56 - [TEST_STEP][PASSED] - Statement - If (WOSTATUS == "Pending-RDApproval"): null

2017-11-06 09:08:56 - [TEST_STEP][PASSED] - Statement - Else If (WOSTATUS == "Pending-RLApproval"): null

2017-11-06 09:08:56 - [TEST_STEP][PASSED] - Statement - Else If (WOSTATUS == "Pending-Update"): null

2017-11-06 09:08:56 - [TEST_STEP][PASSED] - Statement - Else If (WOSTATUS == "Pending-Meeting"): null

2017-11-06 09:08:56 - [TEST_STEP][PASSED] - Statement - Else If (WOSTATUS == "Pending-EmailCustomer"): com.helper.commonfunct.utilities.WOstatus is PASSED

2017-11-06 09:08:56 - [TEST_STEP][PASSED] - Statement - If (SendEmail == true): null

2017-11-06 09:08:56 - [TEST_STEP][PASSED] - Statement - Else: com.helper.commonfunct.utilities.WOstatus is PASSED

2017-11-06 09:08:56 - [TEST_STEP][PASSED] - com.helper.commonfunct.utilities.login: com.helper.commonfunct.utilities.login is PASSED

2017-11-06 09:08:56 - [MESSAGE][WARNING] - A browser is already opened. Closing browser and opening a new one

2017-11-06 09:09:00 - [MESSAGE][PASSED] - Browser is opened with url: ''

2017-11-06 09:09:00 - [MESSAGE][PASSED] - Navigate to 'http://vtcpqa2:9685/tcpqa/PRServlet' successfully

2017-11-06 09:09:01 - [MESSAGE][PASSED] - Text 'hendj@pegasystems.com' is set on object 'Object Repository/input_UserIdentifier'

2017-11-06 09:09:01 - [MESSAGE][PASSED] - Text 'install' is set on object 'Object Repository/input_Password'

2017-11-06 09:09:04 - [MESSAGE][PASSED] - Keys 'ENTER + ' sent to object: 'Object Repository/input_Password'

2017-11-06 09:09:04 - [MESSAGE][PASSED] - com.helper.commonfunct.utilities.login is PASSED

2017-11-06 09:09:04 - [TEST_STEP][PASSED] - com.helper.commonfunct.utilities.search: com.helper.commonfunct.utilities.search is PASSED

2017-11-06 09:09:05 - [MESSAGE][PASSED] - Current window maximized

2017-11-06 09:09:10 - [MESSAGE][PASSED] - Delayed 5 second(s)

2017-11-06 09:09:10 - [MESSAGE][PASSED] - Text 'BEP-06Nov2017-30' is set on object 'Object Repository/EngInfo/search'

2017-11-06 09:09:12 - [MESSAGE][PASSED] - Delayed 2 second(s)

2017-11-06 09:09:12 - [MESSAGE][PASSED] - Keys 'ENTER + ' sent to object: 'Object Repository/EngInfo/search'

2017-11-06 09:09:17 - [MESSAGE][PASSED] - Delayed 5 second(s)

2017-11-06 09:09:17 - [MESSAGE][PASSED] - com.helper.commonfunct.utilities.search is PASSED

2017-11-06 09:09:17 - [TEST_STEP][PASSED] - com.helper.commonfunct.BEP_CommonMethod.SkipEmail: com.helper.commonfunct.BEP_CommonMethod.SkipEmail is PASSED

2017-11-06 09:09:21 - [MESSAGE][PASSED] - Delayed 4 second(s)

2017-11-06 09:09:21 - [MESSAGE][WARNING] - Timeout '0' is invalid. Using default page load timeout: '30'

2017-11-06 09:09:22 - [MESSAGE][PASSED] - Object: 'Object Repository/BEP/SendCustomerEmail' is clicked on

2017-11-06 09:09:26 - [MESSAGE][PASSED] - Delayed 4 second(s)

2017-11-06 09:09:27 - [MESSAGE][PASSED] - Object: 'Object Repository/BEP/SKIP_EMAIL_XPATH' is clicked on

2017-11-06 09:09:31 - [MESSAGE][PASSED] - Delayed 4 second(s)

2017-11-06 09:09:31 - [MESSAGE][PASSED] - Keys 'testing' sent to object: 'Object Repository/BEP/DispositionReason'

2017-11-06 09:09:36 - [MESSAGE][PASSED] - Delayed 5 second(s)

2017-11-06 09:09:36 - [MESSAGE][PASSED] - All options with value 'RFP in process' are selected in object 'Object Repository/BEP/ReasonCode' 

2017-11-06 09:09:40 - [MESSAGE][PASSED] - Delayed 4 second(s)

2017-11-06 09:09:40 - [MESSAGE][PASSED] - Object: 'Object Repository/BEP/test' is clicked on

2017-11-06 09:09:44 - [MESSAGE][PASSED] - Delayed 4 second(s)

2017-11-06 09:09:44 - [MESSAGE][PASSED] - Object: 'Object Repository/BEP/Modal_OK' is clicked on

2017-11-06 09:09:48 - [MESSAGE][PASSED] - Delayed 4 second(s)

2017-11-06 09:09:48 - [MESSAGE][PASSED] - com.helper.commonfunct.BEP_CommonMethod.SkipEmail is PASSED

2017-11-06 09:09:48 - [TEST_STEP][PASSED] - com.helper.commonfunct.utilities.WOstatus: com.helper.commonfunct.utilities.WOstatus is PASSED

2017-11-06 09:09:49 - [MESSAGE][PASSED] - Text of object 'Object Repository/ECR/WOSTATUS' is: 'Resolved-Approved'

2017-11-06 09:09:49 - [MESSAGE][PASSED] - com.helper.commonfunct.utilities.WOstatus is PASSED

2017-11-06 09:09:49 - [MESSAGE][PASSED] - Call Test Case 'Test Cases/BEP/All_Approval_Reject' successfully]]></system-out>
         <system-err><![CDATA[]]></system-err>
      </testcase>
      <testcase name="Test Cases/BEP/TC_CreateBEP_NoroutingToRL" classname="Test Cases/BEP/TC_CreateBEP_NoroutingToRL" status="PASSED">
         <system-out><![CDATA[2017-11-06 09:09:49 - [TEST_CASE][PASSED] - Test Cases/BEP/TC_CreateBEP_NoroutingToRL: Test Cases/BEP/TC_CreateBEP_NoroutingToRL

2017-11-06 09:09:50 - [TEST_STEP][PASSED] - callTestCase: Call Test Case 'Test Cases/BEP/TC_Create_BEP_NoOutput' successfully

2017-11-06 09:09:50 - [TEST_CASE][PASSED] - Test Cases/BEP/TC_Create_BEP_NoOutput: Test Cases/BEP/TC_Create_BEP_NoOutput

2017-11-06 09:09:50 - [TEST_STEP][PASSED] - com.helper.commonfunct.utilities.login: com.helper.commonfunct.utilities.login is PASSED

2017-11-06 09:09:50 - [MESSAGE][WARNING] - A browser is already opened. Closing browser and opening a new one

2017-11-06 09:09:53 - [MESSAGE][PASSED] - Browser is opened with url: ''

2017-11-06 09:09:54 - [MESSAGE][PASSED] - Navigate to 'http://vtcpqa2:9685/tcpqa/PRServlet' successfully

2017-11-06 09:09:54 - [MESSAGE][PASSED] - Text 'hendj@pegasystems.com' is set on object 'Object Repository/input_UserIdentifier'

2017-11-06 09:09:54 - [MESSAGE][PASSED] - Text 'install' is set on object 'Object Repository/input_Password'

2017-11-06 09:09:57 - [MESSAGE][PASSED] - Keys 'ENTER + ' sent to object: 'Object Repository/input_Password'

2017-11-06 09:09:57 - [MESSAGE][PASSED] - com.helper.commonfunct.utilities.login is PASSED

2017-11-06 09:09:57 - [TEST_STEP][PASSED] - com.helper.commonfunct.BEP_CommonMethod.EstimateNoOutput: com.helper.commonfunct.BEP_CommonMethod.EstimateNoOutput is PASSED

2017-11-06 09:09:57 - [MESSAGE][PASSED] - Object: 'Object Repository/Generic/a_Actions' is clicked on

2017-11-06 09:09:59 - [MESSAGE][PASSED] - Object: 'Object Repository/span_New' is focused

2017-11-06 09:10:04 - [MESSAGE][PASSED] - Object: 'Object Repository/BEP/EstimateLink' is clicked on

2017-11-06 09:10:09 - [MESSAGE][PASSED] - Delayed 5 second(s)

2017-11-06 09:10:09 - [MESSAGE][WARNING] - Timeout '0' is invalid. Using default page load timeout: '30'

2017-11-06 09:10:09 - [MESSAGE][PASSED] - Object 'Object Repository/BEP/import' is visible

2017-11-06 09:10:09 - [MESSAGE][PASSED] - Object: 'Object Repository/BEP/import' is clicked on

2017-11-06 09:10:14 - [MESSAGE][PASSED] - Delayed 5 second(s)

2017-11-06 09:10:14 - [MESSAGE][PASSED] - File 'C:\EStimate.xlsm' sent to object: 'Object Repository/input_PpyWorkPageppyFilePath'

2017-11-06 09:10:19 - [MESSAGE][PASSED] - Delayed 5 second(s)

2017-11-06 09:10:19 - [MESSAGE][PASSED] - Object: 'Object Repository/button_Submit' is clicked on

2017-11-06 09:10:29 - [MESSAGE][PASSED] - Delayed 10 second(s)

2017-11-06 09:10:30 - [MESSAGE][PASSED] - Text 'BOFA' is set on object 'Object Repository/Generic/ORG'

2017-11-06 09:10:35 - [MESSAGE][PASSED] - Delayed 5 second(s)

2017-11-06 09:10:35 - [MESSAGE][PASSED] - Keys 'TAB + ' sent to object: 'Object Repository/Generic/ORG'

2017-11-06 09:10:40 - [MESSAGE][PASSED] - Delayed 5 second(s)

2017-11-06 09:10:40 - [MESSAGE][PASSED] - Text 'BOFA' is set on object 'Object Repository/Generic/ACC'

2017-11-06 09:10:45 - [MESSAGE][PASSED] - Delayed 5 second(s)

2017-11-06 09:10:45 - [MESSAGE][PASSED] - Keys 'TAB + ' sent to object: 'Object Repository/Generic/ACC'

2017-11-06 09:10:50 - [MESSAGE][PASSED] - Delayed 5 second(s)

2017-11-06 09:10:51 - [MESSAGE][PASSED] - Text 'AUTOTEST1' is set on object 'Object Repository/Generic/ENG_DESC'

2017-11-06 09:10:56 - [MESSAGE][PASSED] - Delayed 5 second(s)

2017-11-06 09:10:56 - [MESSAGE][PASSED] - Object: 'Object Repository/Generic/PlatformID' is clicked on

2017-11-06 09:10:58 - [MESSAGE][PASSED] - Delayed 2 second(s)

2017-11-06 09:10:58 - [MESSAGE][PASSED] - Keys 'Accessibility' sent to object: 'Object Repository/Generic/PlatformID'

2017-11-06 09:11:03 - [MESSAGE][PASSED] - Delayed 5 second(s)

2017-11-06 09:11:03 - [MESSAGE][PASSED] - Object: 'Object Repository/Generic/PlatformVersion' is clicked on

2017-11-06 09:11:08 - [MESSAGE][PASSED] - Delayed 5 second(s)

2017-11-06 09:11:09 - [MESSAGE][PASSED] - Keys 'Accessibility Framework' sent to object: 'Object Repository/Generic/PlatformVersion'

2017-11-06 09:11:13 - [MESSAGE][PASSED] - Delayed 4 second(s)

2017-11-06 09:11:13 - [MESSAGE][PASSED] - Scroll to object 'Object Repository/BEP/MorethanOneRLSNO' successfully

2017-11-06 09:11:13 - [MESSAGE][PASSED] - Object: 'Object Repository/BEP/MorethanOneRLSNO' is clicked on

2017-11-06 09:11:17 - [MESSAGE][PASSED] - Delayed 4 second(s)

2017-11-06 09:11:17 - [MESSAGE][PASSED] - Object: 'Object Repository/Generic/PlatformTrue' is clicked on

2017-11-06 09:11:21 - [MESSAGE][PASSED] - Delayed 4 second(s)

2017-11-06 09:11:26 - [MESSAGE][PASSED] - Delayed 5 second(s)

2017-11-06 09:11:26 - [MESSAGE][PASSED] - Object: 'Object Repository/EngInfo/PL' is clicked on

2017-11-06 09:11:28 - [MESSAGE][PASSED] - Delayed 2 second(s)

2017-11-06 09:11:28 - [MESSAGE][PASSED] - Keys 'Jeff Henderson ' sent to object: 'Object Repository/EngInfo/PL'

2017-11-06 09:11:30 - [MESSAGE][PASSED] - Delayed 2 second(s)

2017-11-06 09:11:31 - [MESSAGE][PASSED] - Object: 'Object Repository/EngInfo/PLTL' is clicked on

2017-11-06 09:11:36 - [MESSAGE][PASSED] - Delayed 5 second(s)

2017-11-06 09:11:36 - [MESSAGE][PASSED] - Keys 'Robert Higgins' sent to object: 'Object Repository/EngInfo/PLTL'

2017-11-06 09:11:41 - [MESSAGE][PASSED] - Delayed 5 second(s)

2017-11-06 09:11:41 - [MESSAGE][PASSED] - Scroll to object 'Object Repository/NEXT_BUTTON' successfully

2017-11-06 09:11:41 - [MESSAGE][PASSED] - Object: 'Object Repository/NEXT_BUTTON' is clicked on

2017-11-06 09:11:43 - [MESSAGE][PASSED] - Text '12' is set on object 'Object Repository/BEP/DurationLow'

2017-11-06 09:11:48 - [MESSAGE][PASSED] - Delayed 5 second(s)

2017-11-06 09:11:48 - [MESSAGE][PASSED] - Keys 'TAB + ' sent to object: 'Object Repository/BEP/DurationLow'

2017-11-06 09:11:53 - [MESSAGE][PASSED] - Delayed 5 second(s)

2017-11-06 09:11:53 - [MESSAGE][PASSED] - Text '12' is set on object 'Object Repository/BEP/DurationHigh'

2017-11-06 09:11:58 - [MESSAGE][PASSED] - Delayed 5 second(s)

2017-11-06 09:11:58 - [MESSAGE][PASSED] - Keys 'TAB + ' sent to object: 'Object Repository/BEP/DurationHigh'

2017-11-06 09:12:03 - [MESSAGE][PASSED] - Delayed 5 second(s)

2017-11-06 09:12:03 - [MESSAGE][PASSED] - Text '12' is set on object 'Object Repository/BEP/PartnerHoursLow'

2017-11-06 09:12:08 - [MESSAGE][PASSED] - Delayed 5 second(s)

2017-11-06 09:12:08 - [MESSAGE][PASSED] - Keys 'TAB + ' sent to object: 'Object Repository/BEP/PartnerHoursLow'

2017-11-06 09:12:13 - [MESSAGE][PASSED] - Delayed 5 second(s)

2017-11-06 09:12:14 - [MESSAGE][PASSED] - Text '12' is set on object 'Object Repository/BEP/PartnerHoursHigh'

2017-11-06 09:12:19 - [MESSAGE][PASSED] - Delayed 5 second(s)

2017-11-06 09:12:19 - [MESSAGE][PASSED] - Object: 'Object Repository/BEP/EstimationMethod' is clicked on

2017-11-06 09:12:24 - [MESSAGE][PASSED] - Delayed 5 second(s)

2017-11-06 09:12:24 - [MESSAGE][PASSED] - Keys 'BSW' sent to object: 'Object Repository/BEP/EstimationMethod'

2017-11-06 09:12:29 - [MESSAGE][PASSED] - Delayed 5 second(s)

2017-11-06 09:12:29 - [MESSAGE][PASSED] - Object: 'Object Repository/BEP/routeToRL' is clicked on

2017-11-06 09:12:34 - [MESSAGE][PASSED] - Delayed 5 second(s)

2017-11-06 09:12:34 - [MESSAGE][PASSED] - Scroll to object 'Object Repository/NEXT_BUTTON' successfully

2017-11-06 09:12:35 - [MESSAGE][PASSED] - Object: 'Object Repository/NEXT_BUTTON' is clicked on

2017-11-06 09:12:37 - [MESSAGE][PASSED] - Delayed 2 second(s)

2017-11-06 09:12:37 - [MESSAGE][PASSED] - Object: 'Object Repository/BEP/BEPoutput' is clicked on

2017-11-06 09:12:41 - [MESSAGE][PASSED] - Delayed 4 second(s)

2017-11-06 09:12:41 - [MESSAGE][PASSED] - All options with value 'RFP in process' are selected in object 'Object Repository/BEP/ReasonCode' 

2017-11-06 09:12:41 - [MESSAGE][PASSED] - Scroll to object 'Object Repository/NEXT_BUTTON' successfully

2017-11-06 09:12:41 - [MESSAGE][PASSED] - Object: 'Object Repository/NEXT_BUTTON' is clicked on

2017-11-06 09:12:42 - [MESSAGE][PASSED] - Scroll to object 'Object Repository/Generic/FINISH_BUTTON' successfully

2017-11-06 09:12:42 - [MESSAGE][PASSED] - Object: 'Object Repository/Generic/FINISH_BUTTON' is clicked on

2017-11-06 09:12:46 - [MESSAGE][PASSED] - Delayed 4 second(s)

2017-11-06 09:12:47 - [MESSAGE][PASSED] - Text of object 'Object Repository/BEP/BEPWOID' is: 'BEP-06Nov2017-31'

2017-11-06 09:12:47 - [MESSAGE][PASSED] - com.helper.commonfunct.BEP_CommonMethod.EstimateNoOutput is PASSED

2017-11-06 09:12:47 - [TEST_STEP][PASSED] - com.helper.commonfunct.BEP_CommonMethod.woid: com.helper.commonfunct.BEP_CommonMethod.woid is PASSED

2017-11-06 09:12:47 - [MESSAGE][PASSED] - Text of object 'Object Repository/BEP/BEPWOID' is: 'BEP-06Nov2017-31'

2017-11-06 09:12:47 - [MESSAGE][PASSED] - com.helper.commonfunct.BEP_CommonMethod.woid is PASSED

2017-11-06 09:12:47 - [TEST_STEP][PASSED] - com.helper.commonfunct.BEP_CommonMethod.WOstatus: com.helper.commonfunct.BEP_CommonMethod.WOstatus is PASSED

2017-11-06 09:12:47 - [MESSAGE][PASSED] - Text of object 'Object Repository/BEP/WOSTATUS' is: 'Pending-RDApproval'

2017-11-06 09:12:47 - [MESSAGE][PASSED] - com.helper.commonfunct.BEP_CommonMethod.WOstatus is PASSED

2017-11-06 09:12:47 - [MESSAGE][PASSED] - Call Test Case 'Test Cases/BEP/TC_Create_BEP_NoOutput' successfully

2017-11-06 09:12:47 - [TEST_STEP][NOT_RUN] - Statement - RDReject = 1: NOT_RUN: Statement - RDReject = 1

2017-11-06 09:12:47 - [MESSAGE][NOT_RUN] - NOT_RUN: Statement - RDReject = 1

2017-11-06 09:12:47 - [TEST_STEP][PASSED] - Statement - RouteToRL = false: null

2017-11-06 09:12:47 - [TEST_STEP][PASSED] - callTestCase: Call Test Case 'Test Cases/BEP/All_Approval_Reject' successfully

2017-11-06 09:12:47 - [TEST_CASE][PASSED] - Test Cases/BEP/All_Approval_Reject: Test Cases/BEP/All_Approval_Reject

2017-11-06 09:12:48 - [TEST_STEP][PASSED] - Statement - While (WOSTATUS.contains("Pending")): com.helper.commonfunct.utilities.WOstatus is PASSED

2017-11-06 09:12:48 - [TEST_STEP][PASSED] - Statement - For ([j = 0, j < AssignmentList.size(), (j++)]): com.helper.commonfunct.utilities.WOstatus is PASSED

2017-11-06 09:12:48 - [TEST_STEP][PASSED] - Statement - Status = text: null

2017-11-06 09:12:48 - [TEST_STEP][PASSED] - Statement - println(Status): null

2017-11-06 09:12:48 - [TEST_STEP][PASSED] - Statement - If (WOSTATUS == "Pending-RDApproval"): com.helper.commonfunct.utilities.WOstatus is PASSED

2017-11-06 09:12:48 - [TEST_STEP][PASSED] - Statement - If (RDReject == false): com.helper.commonfunct.utilities.WOstatus is PASSED

2017-11-06 09:12:48 - [TEST_STEP][PASSED] - Statement - If (RouteToRL == true): null

2017-11-06 09:12:48 - [TEST_STEP][PASSED] - Statement - Else: com.helper.commonfunct.utilities.WOstatus is PASSED

2017-11-06 09:12:48 - [TEST_STEP][PASSED] - com.helper.commonfunct.utilities.login: com.helper.commonfunct.utilities.login is PASSED

2017-11-06 09:12:48 - [MESSAGE][WARNING] - A browser is already opened. Closing browser and opening a new one

2017-11-06 09:12:51 - [MESSAGE][PASSED] - Browser is opened with url: ''

2017-11-06 09:12:51 - [MESSAGE][PASSED] - Navigate to 'http://vtcpqa2:9685/tcpqa/PRServlet' successfully

2017-11-06 09:12:52 - [MESSAGE][PASSED] - Text 'langr1@pegasystems.com' is set on object 'Object Repository/input_UserIdentifier'

2017-11-06 09:12:52 - [MESSAGE][PASSED] - Text 'install' is set on object 'Object Repository/input_Password'

2017-11-06 09:12:55 - [MESSAGE][PASSED] - Keys 'ENTER + ' sent to object: 'Object Repository/input_Password'

2017-11-06 09:12:55 - [MESSAGE][PASSED] - com.helper.commonfunct.utilities.login is PASSED

2017-11-06 09:12:55 - [TEST_STEP][PASSED] - com.helper.commonfunct.utilities.search: com.helper.commonfunct.utilities.search is PASSED

2017-11-06 09:12:56 - [MESSAGE][PASSED] - Current window maximized

2017-11-06 09:13:01 - [MESSAGE][PASSED] - Delayed 5 second(s)

2017-11-06 09:13:01 - [MESSAGE][PASSED] - Text 'BEP-06Nov2017-31' is set on object 'Object Repository/EngInfo/search'

2017-11-06 09:13:03 - [MESSAGE][PASSED] - Delayed 2 second(s)

2017-11-06 09:13:03 - [MESSAGE][PASSED] - Keys 'ENTER + ' sent to object: 'Object Repository/EngInfo/search'

2017-11-06 09:13:08 - [MESSAGE][PASSED] - Delayed 5 second(s)

2017-11-06 09:13:08 - [MESSAGE][PASSED] - com.helper.commonfunct.utilities.search is PASSED

2017-11-06 09:13:08 - [TEST_STEP][PASSED] - com.helper.commonfunct.BEP_CommonMethod.noToRL: com.helper.commonfunct.BEP_CommonMethod.noToRL is PASSED

2017-11-06 09:13:12 - [MESSAGE][PASSED] - Delayed 4 second(s)

2017-11-06 09:13:12 - [MESSAGE][WARNING] - Timeout '0' is invalid. Using default page load timeout: '30'

2017-11-06 09:13:14 - [MESSAGE][PASSED] - Object: 'Object Repository/BEP/RDLink' is clicked on

2017-11-06 09:13:18 - [MESSAGE][PASSED] - Delayed 4 second(s)

2017-11-06 09:13:18 - [MESSAGE][PASSED] - Scroll to object 'Object Repository/NEXT_BUTTON' successfully

2017-11-06 09:13:22 - [MESSAGE][PASSED] - Delayed 4 second(s)

2017-11-06 09:13:22 - [MESSAGE][PASSED] - Object: 'Object Repository/BEP/routeNoTORL' is clicked on

2017-11-06 09:13:26 - [MESSAGE][PASSED] - Delayed 4 second(s)

2017-11-06 09:13:27 - [MESSAGE][PASSED] - Object: 'Object Repository/NEXT_BUTTON' is clicked on

2017-11-06 09:13:31 - [MESSAGE][PASSED] - Delayed 4 second(s)

2017-11-06 09:13:31 - [MESSAGE][PASSED] - Object: 'Object Repository/BEP/RD_RLApprove' is clicked on

2017-11-06 09:13:35 - [MESSAGE][PASSED] - Delayed 4 second(s)

2017-11-06 09:13:35 - [MESSAGE][PASSED] - Text 'Testing' is set on object 'Object Repository/BEP/BEP_CASENOTES'

2017-11-06 09:13:39 - [MESSAGE][PASSED] - Delayed 4 second(s)

2017-11-06 09:13:39 - [MESSAGE][WARNING] - Timeout '0' is invalid. Using default page load timeout: '30'

2017-11-06 09:13:39 - [MESSAGE][PASSED] - Scroll to object 'Object Repository/BEP/FINISH_ASSIGNMENT' successfully

2017-11-06 09:13:39 - [MESSAGE][PASSED] - Object: 'Object Repository/BEP/FINISH_ASSIGNMENT' is clicked on

2017-11-06 09:13:43 - [MESSAGE][PASSED] - Delayed 4 second(s)

2017-11-06 09:13:43 - [MESSAGE][PASSED] - com.helper.commonfunct.BEP_CommonMethod.noToRL is PASSED

2017-11-06 09:13:43 - [TEST_STEP][PASSED] - com.helper.commonfunct.utilities.WOstatus: com.helper.commonfunct.utilities.WOstatus is PASSED

2017-11-06 09:13:46 - [MESSAGE][PASSED] - Text of object 'Object Repository/ECR/WOSTATUS' is: 'Resolved-Approved'

2017-11-06 09:13:46 - [MESSAGE][PASSED] - com.helper.commonfunct.utilities.WOstatus is PASSED

2017-11-06 09:13:46 - [MESSAGE][PASSED] - Call Test Case 'Test Cases/BEP/All_Approval_Reject' successfully]]></system-out>
         <system-err><![CDATA[]]></system-err>
      </testcase>
      <testcase name="Test Cases/BEP/TC_Create_BEP_EmailOutput" classname="Test Cases/BEP/TC_Create_BEP_EmailOutput" status="PASSED">
         <system-out><![CDATA[2017-11-06 09:13:46 - [TEST_CASE][PASSED] - Test Cases/BEP/TC_Create_BEP_EmailOutput: Test Cases/BEP/TC_Create_BEP_EmailOutput

2017-11-06 09:13:46 - [TEST_STEP][PASSED] - com.helper.commonfunct.utilities.login: com.helper.commonfunct.utilities.login is PASSED

2017-11-06 09:13:46 - [MESSAGE][WARNING] - A browser is already opened. Closing browser and opening a new one

2017-11-06 09:13:49 - [MESSAGE][PASSED] - Browser is opened with url: ''

2017-11-06 09:13:49 - [MESSAGE][PASSED] - Navigate to 'http://vtcpqa2:9685/tcpqa/PRServlet' successfully

2017-11-06 09:13:50 - [MESSAGE][PASSED] - Text 'hendj@pegasystems.com' is set on object 'Object Repository/input_UserIdentifier'

2017-11-06 09:13:50 - [MESSAGE][PASSED] - Text 'install' is set on object 'Object Repository/input_Password'

2017-11-06 09:13:53 - [MESSAGE][PASSED] - Keys 'ENTER + ' sent to object: 'Object Repository/input_Password'

2017-11-06 09:13:53 - [MESSAGE][PASSED] - com.helper.commonfunct.utilities.login is PASSED

2017-11-06 09:13:53 - [TEST_STEP][PASSED] - com.helper.commonfunct.BEP_CommonMethod.EstimateEmailOutput: com.helper.commonfunct.BEP_CommonMethod.EstimateEmailOutput is PASSED

2017-11-06 09:13:53 - [MESSAGE][PASSED] - Object: 'Object Repository/Generic/a_Actions' is clicked on

2017-11-06 09:13:54 - [MESSAGE][PASSED] - Object: 'Object Repository/span_New' is focused

2017-11-06 09:13:57 - [MESSAGE][PASSED] - Object: 'Object Repository/BEP/EstimateLink' is clicked on

2017-11-06 09:14:02 - [MESSAGE][PASSED] - Delayed 5 second(s)

2017-11-06 09:14:02 - [MESSAGE][WARNING] - Timeout '0' is invalid. Using default page load timeout: '30'

2017-11-06 09:14:02 - [MESSAGE][PASSED] - Object 'Object Repository/BEP/import' is visible

2017-11-06 09:14:02 - [MESSAGE][PASSED] - Object: 'Object Repository/BEP/import' is clicked on

2017-11-06 09:14:07 - [MESSAGE][PASSED] - Delayed 5 second(s)

2017-11-06 09:14:07 - [MESSAGE][PASSED] - File 'C:\EStimate.xlsm' sent to object: 'Object Repository/input_PpyWorkPageppyFilePath'

2017-11-06 09:14:12 - [MESSAGE][PASSED] - Delayed 5 second(s)

2017-11-06 09:14:13 - [MESSAGE][PASSED] - Object: 'Object Repository/button_Submit' is clicked on

2017-11-06 09:14:23 - [MESSAGE][PASSED] - Delayed 10 second(s)

2017-11-06 09:14:23 - [MESSAGE][PASSED] - Text 'BOFA' is set on object 'Object Repository/Generic/ORG'

2017-11-06 09:14:28 - [MESSAGE][PASSED] - Delayed 5 second(s)

2017-11-06 09:14:28 - [MESSAGE][PASSED] - Keys 'TAB + ' sent to object: 'Object Repository/Generic/ORG'

2017-11-06 09:14:33 - [MESSAGE][PASSED] - Delayed 5 second(s)

2017-11-06 09:14:33 - [MESSAGE][PASSED] - Text 'BOFA' is set on object 'Object Repository/Generic/ACC'

2017-11-06 09:14:38 - [MESSAGE][PASSED] - Delayed 5 second(s)

2017-11-06 09:14:38 - [MESSAGE][PASSED] - Keys 'TAB + ' sent to object: 'Object Repository/Generic/ACC'

2017-11-06 09:14:43 - [MESSAGE][PASSED] - Delayed 5 second(s)

2017-11-06 09:14:44 - [MESSAGE][PASSED] - Text 'AUTOTEST1' is set on object 'Object Repository/Generic/ENG_DESC'

2017-11-06 09:14:49 - [MESSAGE][PASSED] - Delayed 5 second(s)

2017-11-06 09:14:49 - [MESSAGE][PASSED] - Object: 'Object Repository/Generic/PlatformID' is clicked on

2017-11-06 09:14:51 - [MESSAGE][PASSED] - Delayed 2 second(s)

2017-11-06 09:14:51 - [MESSAGE][PASSED] - Keys 'Accessibility' sent to object: 'Object Repository/Generic/PlatformID'

2017-11-06 09:14:56 - [MESSAGE][PASSED] - Delayed 5 second(s)

2017-11-06 09:14:56 - [MESSAGE][PASSED] - Object: 'Object Repository/Generic/PlatformVersion' is clicked on

2017-11-06 09:14:58 - [MESSAGE][PASSED] - Delayed 2 second(s)

2017-11-06 09:14:58 - [MESSAGE][PASSED] - Keys 'Accessibility Framework' sent to object: 'Object Repository/Generic/PlatformVersion'

2017-11-06 09:15:02 - [MESSAGE][PASSED] - Delayed 4 second(s)

2017-11-06 09:15:03 - [MESSAGE][PASSED] - Scroll to object 'Object Repository/BEP/MorethanOneRLSNO' successfully

2017-11-06 09:15:03 - [MESSAGE][PASSED] - Object: 'Object Repository/BEP/MorethanOneRLSNO' is clicked on

2017-11-06 09:15:07 - [MESSAGE][PASSED] - Delayed 4 second(s)

2017-11-06 09:15:07 - [MESSAGE][PASSED] - Object: 'Object Repository/Generic/PlatformTrue' is clicked on

2017-11-06 09:15:11 - [MESSAGE][PASSED] - Delayed 4 second(s)

2017-11-06 09:15:16 - [MESSAGE][PASSED] - Delayed 5 second(s)

2017-11-06 09:15:16 - [MESSAGE][PASSED] - Object: 'Object Repository/EngInfo/PL' is clicked on

2017-11-06 09:15:18 - [MESSAGE][PASSED] - Delayed 2 second(s)

2017-11-06 09:15:18 - [MESSAGE][PASSED] - Keys 'Jeff Henderson ' sent to object: 'Object Repository/EngInfo/PL'

2017-11-06 09:15:22 - [MESSAGE][PASSED] - Delayed 4 second(s)

2017-11-06 09:15:23 - [MESSAGE][PASSED] - Object: 'Object Repository/EngInfo/PLTL' is clicked on

2017-11-06 09:15:26 - [MESSAGE][PASSED] - Delayed 3 second(s)

2017-11-06 09:15:26 - [MESSAGE][PASSED] - Keys 'Robert Higgins' sent to object: 'Object Repository/EngInfo/PLTL'

2017-11-06 09:15:31 - [MESSAGE][PASSED] - Delayed 5 second(s)

2017-11-06 09:15:31 - [MESSAGE][PASSED] - Scroll to object 'Object Repository/NEXT_BUTTON' successfully

2017-11-06 09:15:31 - [MESSAGE][PASSED] - Object: 'Object Repository/NEXT_BUTTON' is clicked on

2017-11-06 09:15:35 - [MESSAGE][PASSED] - Delayed 4 second(s)

2017-11-06 09:15:35 - [MESSAGE][PASSED] - Text '12' is set on object 'Object Repository/BEP/DurationLow'

2017-11-06 09:15:40 - [MESSAGE][PASSED] - Delayed 5 second(s)

2017-11-06 09:15:40 - [MESSAGE][PASSED] - Keys 'TAB + ' sent to object: 'Object Repository/BEP/DurationLow'

2017-11-06 09:15:45 - [MESSAGE][PASSED] - Delayed 5 second(s)

2017-11-06 09:15:45 - [MESSAGE][PASSED] - Text '12' is set on object 'Object Repository/BEP/DurationHigh'

2017-11-06 09:15:50 - [MESSAGE][PASSED] - Delayed 5 second(s)

2017-11-06 09:15:51 - [MESSAGE][PASSED] - Keys 'TAB + ' sent to object: 'Object Repository/BEP/DurationHigh'

2017-11-06 09:15:56 - [MESSAGE][PASSED] - Delayed 5 second(s)

2017-11-06 09:15:56 - [MESSAGE][PASSED] - Text '12' is set on object 'Object Repository/BEP/PartnerHoursLow'

2017-11-06 09:16:01 - [MESSAGE][PASSED] - Delayed 5 second(s)

2017-11-06 09:16:01 - [MESSAGE][PASSED] - Keys 'TAB + ' sent to object: 'Object Repository/BEP/PartnerHoursLow'

2017-11-06 09:16:06 - [MESSAGE][PASSED] - Delayed 5 second(s)

2017-11-06 09:16:06 - [MESSAGE][PASSED] - Text '12' is set on object 'Object Repository/BEP/PartnerHoursHigh'

2017-11-06 09:16:11 - [MESSAGE][PASSED] - Delayed 5 second(s)

2017-11-06 09:16:11 - [MESSAGE][PASSED] - Object: 'Object Repository/BEP/EstimationMethod' is clicked on

2017-11-06 09:16:16 - [MESSAGE][PASSED] - Delayed 5 second(s)

2017-11-06 09:16:16 - [MESSAGE][PASSED] - Keys 'BSW' sent to object: 'Object Repository/BEP/EstimationMethod'

2017-11-06 09:16:21 - [MESSAGE][PASSED] - Delayed 5 second(s)

2017-11-06 09:16:22 - [MESSAGE][PASSED] - Object: 'Object Repository/BEP/routeToRL' is clicked on

2017-11-06 09:16:24 - [MESSAGE][PASSED] - Delayed 2 second(s)

2017-11-06 09:16:24 - [MESSAGE][PASSED] - Scroll to object 'Object Repository/NEXT_BUTTON' successfully

2017-11-06 09:16:24 - [MESSAGE][PASSED] - Object: 'Object Repository/NEXT_BUTTON' is clicked on

2017-11-06 09:16:26 - [MESSAGE][PASSED] - Delayed 2 second(s)

2017-11-06 09:16:26 - [MESSAGE][PASSED] - Object: 'Object Repository/BEP/BEPOutputEmail' is clicked on

2017-11-06 09:16:30 - [MESSAGE][PASSED] - Delayed 4 second(s)

2017-11-06 09:16:30 - [MESSAGE][PASSED] - Object: 'Object Repository/BEP/RECEIPIENT' is clicked on

2017-11-06 09:16:34 - [MESSAGE][PASSED] - Delayed 4 second(s)

2017-11-06 09:16:34 - [MESSAGE][PASSED] - Object: 'Object Repository/BEP/AddEmailID' is clicked on

2017-11-06 09:16:36 - [MESSAGE][PASSED] - Delayed 2 second(s)

2017-11-06 09:16:37 - [MESSAGE][PASSED] - Keys 'nagaveni.nipinale@in.pega.com' sent to object: 'Object Repository/BEP/MAILID_XPATH'

2017-11-06 09:16:41 - [MESSAGE][PASSED] - Delayed 4 second(s)

2017-11-06 09:16:41 - [MESSAGE][PASSED] - Object: 'Object Repository/BEP/modal_submit' is clicked on

2017-11-06 09:16:45 - [MESSAGE][PASSED] - Delayed 4 second(s)

2017-11-06 09:16:45 - [MESSAGE][PASSED] - Keys 'Test Automation' sent to object: 'Object Repository/BEP/Email_Subject'

2017-11-06 09:16:45 - [MESSAGE][PASSED] - Scroll to object 'Object Repository/NEXT_BUTTON' successfully

2017-11-06 09:16:46 - [MESSAGE][PASSED] - Object: 'Object Repository/NEXT_BUTTON' is clicked on

2017-11-06 09:16:50 - [MESSAGE][PASSED] - Delayed 4 second(s)

2017-11-06 09:16:50 - [MESSAGE][PASSED] - Scroll to object 'Object Repository/Generic/FINISH_BUTTON' successfully

2017-11-06 09:16:50 - [MESSAGE][PASSED] - Object: 'Object Repository/Generic/FINISH_BUTTON' is clicked on

2017-11-06 09:16:55 - [MESSAGE][PASSED] - Text of object 'Object Repository/BEP/BEPWOID' is: 'BEP-06Nov2017-32'

2017-11-06 09:16:55 - [MESSAGE][PASSED] - com.helper.commonfunct.BEP_CommonMethod.EstimateEmailOutput is PASSED

2017-11-06 09:16:55 - [TEST_STEP][PASSED] - com.helper.commonfunct.BEP_CommonMethod.woid: com.helper.commonfunct.BEP_CommonMethod.woid is PASSED

2017-11-06 09:16:55 - [MESSAGE][PASSED] - Text of object 'Object Repository/BEP/BEPWOID' is: 'BEP-06Nov2017-32'

2017-11-06 09:16:55 - [MESSAGE][PASSED] - com.helper.commonfunct.BEP_CommonMethod.woid is PASSED

2017-11-06 09:16:55 - [TEST_STEP][PASSED] - com.helper.commonfunct.BEP_CommonMethod.WOstatus: com.helper.commonfunct.BEP_CommonMethod.WOstatus is PASSED

2017-11-06 09:16:55 - [MESSAGE][PASSED] - Text of object 'Object Repository/BEP/WOSTATUS' is: 'Pending-RDApproval'

2017-11-06 09:16:55 - [MESSAGE][PASSED] - com.helper.commonfunct.BEP_CommonMethod.WOstatus is PASSED]]></system-out>
         <system-err><![CDATA[]]></system-err>
      </testcase>
      <testcase name="Test Cases/BEP/TC_Create_BEP_NoOutput" classname="Test Cases/BEP/TC_Create_BEP_NoOutput" status="PASSED">
         <system-out><![CDATA[2017-11-06 09:16:55 - [TEST_CASE][PASSED] - Test Cases/BEP/TC_Create_BEP_NoOutput: Test Cases/BEP/TC_Create_BEP_NoOutput

2017-11-06 09:16:55 - [TEST_STEP][PASSED] - com.helper.commonfunct.utilities.login: com.helper.commonfunct.utilities.login is PASSED

2017-11-06 09:16:55 - [MESSAGE][WARNING] - A browser is already opened. Closing browser and opening a new one

2017-11-06 09:16:58 - [MESSAGE][PASSED] - Browser is opened with url: ''

2017-11-06 09:16:59 - [MESSAGE][PASSED] - Navigate to 'http://vtcpqa2:9685/tcpqa/PRServlet' successfully

2017-11-06 09:16:59 - [MESSAGE][PASSED] - Text 'hendj@pegasystems.com' is set on object 'Object Repository/input_UserIdentifier'

2017-11-06 09:16:59 - [MESSAGE][PASSED] - Text 'install' is set on object 'Object Repository/input_Password'

2017-11-06 09:17:02 - [MESSAGE][PASSED] - Keys 'ENTER + ' sent to object: 'Object Repository/input_Password'

2017-11-06 09:17:02 - [MESSAGE][PASSED] - com.helper.commonfunct.utilities.login is PASSED

2017-11-06 09:17:02 - [TEST_STEP][PASSED] - com.helper.commonfunct.BEP_CommonMethod.EstimateNoOutput: com.helper.commonfunct.BEP_CommonMethod.EstimateNoOutput is PASSED

2017-11-06 09:17:02 - [MESSAGE][PASSED] - Object: 'Object Repository/Generic/a_Actions' is clicked on

2017-11-06 09:17:04 - [MESSAGE][PASSED] - Object: 'Object Repository/span_New' is focused

2017-11-06 09:17:06 - [MESSAGE][PASSED] - Object: 'Object Repository/BEP/EstimateLink' is clicked on

2017-11-06 09:17:11 - [MESSAGE][PASSED] - Delayed 5 second(s)

2017-11-06 09:17:11 - [MESSAGE][WARNING] - Timeout '0' is invalid. Using default page load timeout: '30'

2017-11-06 09:17:12 - [MESSAGE][PASSED] - Object 'Object Repository/BEP/import' is visible

2017-11-06 09:17:12 - [MESSAGE][PASSED] - Object: 'Object Repository/BEP/import' is clicked on

2017-11-06 09:17:17 - [MESSAGE][PASSED] - Delayed 5 second(s)

2017-11-06 09:17:17 - [MESSAGE][PASSED] - File 'C:\EStimate.xlsm' sent to object: 'Object Repository/input_PpyWorkPageppyFilePath'

2017-11-06 09:17:22 - [MESSAGE][PASSED] - Delayed 5 second(s)

2017-11-06 09:17:22 - [MESSAGE][PASSED] - Object: 'Object Repository/button_Submit' is clicked on

2017-11-06 09:17:32 - [MESSAGE][PASSED] - Delayed 10 second(s)

2017-11-06 09:17:32 - [MESSAGE][PASSED] - Text 'BOFA' is set on object 'Object Repository/Generic/ORG'

2017-11-06 09:17:37 - [MESSAGE][PASSED] - Delayed 5 second(s)

2017-11-06 09:17:38 - [MESSAGE][PASSED] - Keys 'TAB + ' sent to object: 'Object Repository/Generic/ORG'

2017-11-06 09:17:43 - [MESSAGE][PASSED] - Delayed 5 second(s)

2017-11-06 09:17:43 - [MESSAGE][PASSED] - Text 'BOFA' is set on object 'Object Repository/Generic/ACC'

2017-11-06 09:17:48 - [MESSAGE][PASSED] - Delayed 5 second(s)

2017-11-06 09:17:48 - [MESSAGE][PASSED] - Keys 'TAB + ' sent to object: 'Object Repository/Generic/ACC'

2017-11-06 09:17:53 - [MESSAGE][PASSED] - Delayed 5 second(s)

2017-11-06 09:17:53 - [MESSAGE][PASSED] - Text 'AUTOTEST1' is set on object 'Object Repository/Generic/ENG_DESC'

2017-11-06 09:17:58 - [MESSAGE][PASSED] - Delayed 5 second(s)

2017-11-06 09:17:59 - [MESSAGE][PASSED] - Object: 'Object Repository/Generic/PlatformID' is clicked on

2017-11-06 09:18:01 - [MESSAGE][PASSED] - Delayed 2 second(s)

2017-11-06 09:18:01 - [MESSAGE][PASSED] - Keys 'Accessibility' sent to object: 'Object Repository/Generic/PlatformID'

2017-11-06 09:18:06 - [MESSAGE][PASSED] - Delayed 5 second(s)

2017-11-06 09:18:06 - [MESSAGE][PASSED] - Object: 'Object Repository/Generic/PlatformVersion' is clicked on

2017-11-06 09:18:11 - [MESSAGE][PASSED] - Delayed 5 second(s)

2017-11-06 09:18:11 - [MESSAGE][PASSED] - Keys 'Accessibility Framework' sent to object: 'Object Repository/Generic/PlatformVersion'

2017-11-06 09:18:15 - [MESSAGE][PASSED] - Delayed 4 second(s)

2017-11-06 09:18:15 - [MESSAGE][PASSED] - Scroll to object 'Object Repository/BEP/MorethanOneRLSNO' successfully

2017-11-06 09:18:16 - [MESSAGE][PASSED] - Object: 'Object Repository/BEP/MorethanOneRLSNO' is clicked on

2017-11-06 09:18:20 - [MESSAGE][PASSED] - Delayed 4 second(s)

2017-11-06 09:18:20 - [MESSAGE][PASSED] - Object: 'Object Repository/Generic/PlatformTrue' is clicked on

2017-11-06 09:18:24 - [MESSAGE][PASSED] - Delayed 4 second(s)

2017-11-06 09:18:29 - [MESSAGE][PASSED] - Delayed 5 second(s)

2017-11-06 09:18:29 - [MESSAGE][PASSED] - Object: 'Object Repository/EngInfo/PL' is clicked on

2017-11-06 09:18:31 - [MESSAGE][PASSED] - Delayed 2 second(s)

2017-11-06 09:18:31 - [MESSAGE][PASSED] - Keys 'Jeff Henderson ' sent to object: 'Object Repository/EngInfo/PL'

2017-11-06 09:18:33 - [MESSAGE][PASSED] - Delayed 2 second(s)

2017-11-06 09:18:33 - [MESSAGE][PASSED] - Object: 'Object Repository/EngInfo/PLTL' is clicked on

2017-11-06 09:18:38 - [MESSAGE][PASSED] - Delayed 5 second(s)

2017-11-06 09:18:39 - [MESSAGE][PASSED] - Keys 'Robert Higgins' sent to object: 'Object Repository/EngInfo/PLTL'

2017-11-06 09:18:44 - [MESSAGE][PASSED] - Delayed 5 second(s)

2017-11-06 09:18:44 - [MESSAGE][PASSED] - Scroll to object 'Object Repository/NEXT_BUTTON' successfully

2017-11-06 09:18:44 - [MESSAGE][PASSED] - Object: 'Object Repository/NEXT_BUTTON' is clicked on

2017-11-06 09:18:45 - [MESSAGE][PASSED] - Text '12' is set on object 'Object Repository/BEP/DurationLow'

2017-11-06 09:18:50 - [MESSAGE][PASSED] - Delayed 5 second(s)

2017-11-06 09:18:50 - [MESSAGE][PASSED] - Keys 'TAB + ' sent to object: 'Object Repository/BEP/DurationLow'

2017-11-06 09:18:55 - [MESSAGE][PASSED] - Delayed 5 second(s)

2017-11-06 09:18:55 - [MESSAGE][PASSED] - Text '12' is set on object 'Object Repository/BEP/DurationHigh'

2017-11-06 09:19:00 - [MESSAGE][PASSED] - Delayed 5 second(s)

2017-11-06 09:19:00 - [MESSAGE][PASSED] - Keys 'TAB + ' sent to object: 'Object Repository/BEP/DurationHigh'

2017-11-06 09:19:05 - [MESSAGE][PASSED] - Delayed 5 second(s)

2017-11-06 09:19:06 - [MESSAGE][PASSED] - Text '12' is set on object 'Object Repository/BEP/PartnerHoursLow'

2017-11-06 09:19:11 - [MESSAGE][PASSED] - Delayed 5 second(s)

2017-11-06 09:19:11 - [MESSAGE][PASSED] - Keys 'TAB + ' sent to object: 'Object Repository/BEP/PartnerHoursLow'

2017-11-06 09:19:16 - [MESSAGE][PASSED] - Delayed 5 second(s)

2017-11-06 09:19:16 - [MESSAGE][PASSED] - Text '12' is set on object 'Object Repository/BEP/PartnerHoursHigh'

2017-11-06 09:19:21 - [MESSAGE][PASSED] - Delayed 5 second(s)

2017-11-06 09:19:21 - [MESSAGE][PASSED] - Object: 'Object Repository/BEP/EstimationMethod' is clicked on

2017-11-06 09:19:26 - [MESSAGE][PASSED] - Delayed 5 second(s)

2017-11-06 09:19:26 - [MESSAGE][PASSED] - Keys 'BSW' sent to object: 'Object Repository/BEP/EstimationMethod'

2017-11-06 09:19:31 - [MESSAGE][PASSED] - Delayed 5 second(s)

2017-11-06 09:19:32 - [MESSAGE][PASSED] - Object: 'Object Repository/BEP/routeToRL' is clicked on

2017-11-06 09:19:37 - [MESSAGE][PASSED] - Delayed 5 second(s)

2017-11-06 09:19:37 - [MESSAGE][PASSED] - Scroll to object 'Object Repository/NEXT_BUTTON' successfully

2017-11-06 09:19:37 - [MESSAGE][PASSED] - Object: 'Object Repository/NEXT_BUTTON' is clicked on

2017-11-06 09:19:39 - [MESSAGE][PASSED] - Delayed 2 second(s)

2017-11-06 09:19:39 - [MESSAGE][PASSED] - Object: 'Object Repository/BEP/BEPoutput' is clicked on

2017-11-06 09:19:43 - [MESSAGE][PASSED] - Delayed 4 second(s)

2017-11-06 09:19:43 - [MESSAGE][PASSED] - All options with value 'RFP in process' are selected in object 'Object Repository/BEP/ReasonCode' 

2017-11-06 09:19:43 - [MESSAGE][PASSED] - Scroll to object 'Object Repository/NEXT_BUTTON' successfully

2017-11-06 09:19:44 - [MESSAGE][PASSED] - Object: 'Object Repository/NEXT_BUTTON' is clicked on

2017-11-06 09:19:45 - [MESSAGE][PASSED] - Scroll to object 'Object Repository/Generic/FINISH_BUTTON' successfully

2017-11-06 09:19:45 - [MESSAGE][PASSED] - Object: 'Object Repository/Generic/FINISH_BUTTON' is clicked on

2017-11-06 09:19:49 - [MESSAGE][PASSED] - Delayed 4 second(s)

2017-11-06 09:19:50 - [MESSAGE][PASSED] - Text of object 'Object Repository/BEP/BEPWOID' is: 'BEP-06Nov2017-33'

2017-11-06 09:19:50 - [MESSAGE][PASSED] - com.helper.commonfunct.BEP_CommonMethod.EstimateNoOutput is PASSED

2017-11-06 09:19:50 - [TEST_STEP][PASSED] - com.helper.commonfunct.BEP_CommonMethod.woid: com.helper.commonfunct.BEP_CommonMethod.woid is PASSED

2017-11-06 09:19:50 - [MESSAGE][PASSED] - Text of object 'Object Repository/BEP/BEPWOID' is: 'BEP-06Nov2017-33'

2017-11-06 09:19:50 - [MESSAGE][PASSED] - com.helper.commonfunct.BEP_CommonMethod.woid is PASSED

2017-11-06 09:19:50 - [TEST_STEP][PASSED] - com.helper.commonfunct.BEP_CommonMethod.WOstatus: com.helper.commonfunct.BEP_CommonMethod.WOstatus is PASSED

2017-11-06 09:19:50 - [MESSAGE][PASSED] - Text of object 'Object Repository/BEP/WOSTATUS' is: 'Pending-RDApproval'

2017-11-06 09:19:50 - [MESSAGE][PASSED] - com.helper.commonfunct.BEP_CommonMethod.WOstatus is PASSED]]></system-out>
         <system-err><![CDATA[]]></system-err>
      </testcase>
      <testcase name="Test Cases/BEP/TC_RD_RL_Reject" classname="Test Cases/BEP/TC_RD_RL_Reject" status="PASSED">
         <system-out><![CDATA[2017-11-06 09:19:50 - [TEST_CASE][PASSED] - Test Cases/BEP/TC_RD_RL_Reject: Test Cases/BEP/TC_RD_RL_Reject

2017-11-06 09:19:50 - [TEST_STEP][PASSED] - callTestCase: Call Test Case 'Test Cases/BEP/TC_Create_BEP_NoOutput' successfully

2017-11-06 09:19:50 - [TEST_CASE][PASSED] - Test Cases/BEP/TC_Create_BEP_NoOutput: Test Cases/BEP/TC_Create_BEP_NoOutput

2017-11-06 09:19:50 - [TEST_STEP][PASSED] - com.helper.commonfunct.utilities.login: com.helper.commonfunct.utilities.login is PASSED

2017-11-06 09:19:50 - [MESSAGE][WARNING] - A browser is already opened. Closing browser and opening a new one

2017-11-06 09:19:54 - [MESSAGE][PASSED] - Browser is opened with url: ''

2017-11-06 09:19:54 - [MESSAGE][PASSED] - Navigate to 'http://vtcpqa2:9685/tcpqa/PRServlet' successfully

2017-11-06 09:19:55 - [MESSAGE][PASSED] - Text 'hendj@pegasystems.com' is set on object 'Object Repository/input_UserIdentifier'

2017-11-06 09:19:55 - [MESSAGE][PASSED] - Text 'install' is set on object 'Object Repository/input_Password'

2017-11-06 09:19:57 - [MESSAGE][PASSED] - Keys 'ENTER + ' sent to object: 'Object Repository/input_Password'

2017-11-06 09:19:57 - [MESSAGE][PASSED] - com.helper.commonfunct.utilities.login is PASSED

2017-11-06 09:19:57 - [TEST_STEP][PASSED] - com.helper.commonfunct.BEP_CommonMethod.EstimateNoOutput: com.helper.commonfunct.BEP_CommonMethod.EstimateNoOutput is PASSED

2017-11-06 09:19:58 - [MESSAGE][PASSED] - Object: 'Object Repository/Generic/a_Actions' is clicked on

2017-11-06 09:19:59 - [MESSAGE][PASSED] - Object: 'Object Repository/span_New' is focused

2017-11-06 09:20:02 - [MESSAGE][PASSED] - Object: 'Object Repository/BEP/EstimateLink' is clicked on

2017-11-06 09:20:07 - [MESSAGE][PASSED] - Delayed 5 second(s)

2017-11-06 09:20:07 - [MESSAGE][WARNING] - Timeout '0' is invalid. Using default page load timeout: '30'

2017-11-06 09:20:07 - [MESSAGE][PASSED] - Object 'Object Repository/BEP/import' is visible

2017-11-06 09:20:07 - [MESSAGE][PASSED] - Object: 'Object Repository/BEP/import' is clicked on

2017-11-06 09:20:12 - [MESSAGE][PASSED] - Delayed 5 second(s)

2017-11-06 09:20:12 - [MESSAGE][PASSED] - File 'C:\EStimate.xlsm' sent to object: 'Object Repository/input_PpyWorkPageppyFilePath'

2017-11-06 09:20:17 - [MESSAGE][PASSED] - Delayed 5 second(s)

2017-11-06 09:20:17 - [MESSAGE][PASSED] - Object: 'Object Repository/button_Submit' is clicked on

2017-11-06 09:20:27 - [MESSAGE][PASSED] - Delayed 10 second(s)

2017-11-06 09:20:28 - [MESSAGE][PASSED] - Text 'BOFA' is set on object 'Object Repository/Generic/ORG'

2017-11-06 09:20:33 - [MESSAGE][PASSED] - Delayed 5 second(s)

2017-11-06 09:20:33 - [MESSAGE][PASSED] - Keys 'TAB + ' sent to object: 'Object Repository/Generic/ORG'

2017-11-06 09:20:38 - [MESSAGE][PASSED] - Delayed 5 second(s)

2017-11-06 09:20:38 - [MESSAGE][PASSED] - Text 'BOFA' is set on object 'Object Repository/Generic/ACC'

2017-11-06 09:20:43 - [MESSAGE][PASSED] - Delayed 5 second(s)

2017-11-06 09:20:43 - [MESSAGE][PASSED] - Keys 'TAB + ' sent to object: 'Object Repository/Generic/ACC'

2017-11-06 09:20:48 - [MESSAGE][PASSED] - Delayed 5 second(s)

2017-11-06 09:20:49 - [MESSAGE][PASSED] - Text 'AUTOTEST1' is set on object 'Object Repository/Generic/ENG_DESC'

2017-11-06 09:20:54 - [MESSAGE][PASSED] - Delayed 5 second(s)

2017-11-06 09:20:54 - [MESSAGE][PASSED] - Object: 'Object Repository/Generic/PlatformID' is clicked on

2017-11-06 09:20:56 - [MESSAGE][PASSED] - Delayed 2 second(s)

2017-11-06 09:20:56 - [MESSAGE][PASSED] - Keys 'Accessibility' sent to object: 'Object Repository/Generic/PlatformID'

2017-11-06 09:21:01 - [MESSAGE][PASSED] - Delayed 5 second(s)

2017-11-06 09:21:01 - [MESSAGE][PASSED] - Object: 'Object Repository/Generic/PlatformVersion' is clicked on

2017-11-06 09:21:06 - [MESSAGE][PASSED] - Delayed 5 second(s)

2017-11-06 09:21:07 - [MESSAGE][PASSED] - Keys 'Accessibility Framework' sent to object: 'Object Repository/Generic/PlatformVersion'

2017-11-06 09:21:11 - [MESSAGE][PASSED] - Delayed 4 second(s)

2017-11-06 09:21:11 - [MESSAGE][PASSED] - Scroll to object 'Object Repository/BEP/MorethanOneRLSNO' successfully

2017-11-06 09:21:11 - [MESSAGE][PASSED] - Object: 'Object Repository/BEP/MorethanOneRLSNO' is clicked on

2017-11-06 09:21:15 - [MESSAGE][PASSED] - Delayed 4 second(s)

2017-11-06 09:21:15 - [MESSAGE][PASSED] - Object: 'Object Repository/Generic/PlatformTrue' is clicked on

2017-11-06 09:21:19 - [MESSAGE][PASSED] - Delayed 4 second(s)

2017-11-06 09:21:24 - [MESSAGE][PASSED] - Delayed 5 second(s)

2017-11-06 09:21:24 - [MESSAGE][PASSED] - Object: 'Object Repository/EngInfo/PL' is clicked on

2017-11-06 09:21:26 - [MESSAGE][PASSED] - Delayed 2 second(s)

2017-11-06 09:21:27 - [MESSAGE][PASSED] - Keys 'Jeff Henderson ' sent to object: 'Object Repository/EngInfo/PL'

2017-11-06 09:21:29 - [MESSAGE][PASSED] - Delayed 2 second(s)

2017-11-06 09:21:29 - [MESSAGE][PASSED] - Object: 'Object Repository/EngInfo/PLTL' is clicked on

2017-11-06 09:21:34 - [MESSAGE][PASSED] - Delayed 5 second(s)

2017-11-06 09:21:34 - [MESSAGE][PASSED] - Keys 'Robert Higgins' sent to object: 'Object Repository/EngInfo/PLTL'

2017-11-06 09:21:39 - [MESSAGE][PASSED] - Delayed 5 second(s)

2017-11-06 09:21:39 - [MESSAGE][PASSED] - Scroll to object 'Object Repository/NEXT_BUTTON' successfully

2017-11-06 09:21:39 - [MESSAGE][PASSED] - Object: 'Object Repository/NEXT_BUTTON' is clicked on

2017-11-06 09:21:41 - [MESSAGE][PASSED] - Text '12' is set on object 'Object Repository/BEP/DurationLow'

2017-11-06 09:21:46 - [MESSAGE][PASSED] - Delayed 5 second(s)

2017-11-06 09:21:46 - [MESSAGE][PASSED] - Keys 'TAB + ' sent to object: 'Object Repository/BEP/DurationLow'

2017-11-06 09:21:51 - [MESSAGE][PASSED] - Delayed 5 second(s)

2017-11-06 09:21:51 - [MESSAGE][PASSED] - Text '12' is set on object 'Object Repository/BEP/DurationHigh'

2017-11-06 09:21:56 - [MESSAGE][PASSED] - Delayed 5 second(s)

2017-11-06 09:21:57 - [MESSAGE][PASSED] - Keys 'TAB + ' sent to object: 'Object Repository/BEP/DurationHigh'

2017-11-06 09:22:02 - [MESSAGE][PASSED] - Delayed 5 second(s)

2017-11-06 09:22:02 - [MESSAGE][PASSED] - Text '12' is set on object 'Object Repository/BEP/PartnerHoursLow'

2017-11-06 09:22:07 - [MESSAGE][PASSED] - Delayed 5 second(s)

2017-11-06 09:22:07 - [MESSAGE][PASSED] - Keys 'TAB + ' sent to object: 'Object Repository/BEP/PartnerHoursLow'

2017-11-06 09:22:12 - [MESSAGE][PASSED] - Delayed 5 second(s)

2017-11-06 09:22:12 - [MESSAGE][PASSED] - Text '12' is set on object 'Object Repository/BEP/PartnerHoursHigh'

2017-11-06 09:22:17 - [MESSAGE][PASSED] - Delayed 5 second(s)

2017-11-06 09:22:17 - [MESSAGE][PASSED] - Object: 'Object Repository/BEP/EstimationMethod' is clicked on

2017-11-06 09:22:22 - [MESSAGE][PASSED] - Delayed 5 second(s)

2017-11-06 09:22:22 - [MESSAGE][PASSED] - Keys 'BSW' sent to object: 'Object Repository/BEP/EstimationMethod'

2017-11-06 09:22:27 - [MESSAGE][PASSED] - Delayed 5 second(s)

2017-11-06 09:22:28 - [MESSAGE][PASSED] - Object: 'Object Repository/BEP/routeToRL' is clicked on

2017-11-06 09:22:33 - [MESSAGE][PASSED] - Delayed 5 second(s)

2017-11-06 09:22:33 - [MESSAGE][PASSED] - Scroll to object 'Object Repository/NEXT_BUTTON' successfully

2017-11-06 09:22:33 - [MESSAGE][PASSED] - Object: 'Object Repository/NEXT_BUTTON' is clicked on

2017-11-06 09:22:35 - [MESSAGE][PASSED] - Delayed 2 second(s)

2017-11-06 09:22:35 - [MESSAGE][PASSED] - Object: 'Object Repository/BEP/BEPoutput' is clicked on

2017-11-06 09:22:39 - [MESSAGE][PASSED] - Delayed 4 second(s)

2017-11-06 09:22:39 - [MESSAGE][PASSED] - All options with value 'RFP in process' are selected in object 'Object Repository/BEP/ReasonCode' 

2017-11-06 09:22:39 - [MESSAGE][PASSED] - Scroll to object 'Object Repository/NEXT_BUTTON' successfully

2017-11-06 09:22:40 - [MESSAGE][PASSED] - Object: 'Object Repository/NEXT_BUTTON' is clicked on

2017-11-06 09:22:41 - [MESSAGE][PASSED] - Scroll to object 'Object Repository/Generic/FINISH_BUTTON' successfully

2017-11-06 09:22:41 - [MESSAGE][PASSED] - Object: 'Object Repository/Generic/FINISH_BUTTON' is clicked on

2017-11-06 09:22:45 - [MESSAGE][PASSED] - Delayed 4 second(s)

2017-11-06 09:22:46 - [MESSAGE][PASSED] - Text of object 'Object Repository/BEP/BEPWOID' is: 'BEP-06Nov2017-34'

2017-11-06 09:22:46 - [MESSAGE][PASSED] - com.helper.commonfunct.BEP_CommonMethod.EstimateNoOutput is PASSED

2017-11-06 09:22:46 - [TEST_STEP][PASSED] - com.helper.commonfunct.BEP_CommonMethod.woid: com.helper.commonfunct.BEP_CommonMethod.woid is PASSED

2017-11-06 09:22:46 - [MESSAGE][PASSED] - Text of object 'Object Repository/BEP/BEPWOID' is: 'BEP-06Nov2017-34'

2017-11-06 09:22:46 - [MESSAGE][PASSED] - com.helper.commonfunct.BEP_CommonMethod.woid is PASSED

2017-11-06 09:22:46 - [TEST_STEP][PASSED] - com.helper.commonfunct.BEP_CommonMethod.WOstatus: com.helper.commonfunct.BEP_CommonMethod.WOstatus is PASSED

2017-11-06 09:22:46 - [MESSAGE][PASSED] - Text of object 'Object Repository/BEP/WOSTATUS' is: 'Pending-RDApproval'

2017-11-06 09:22:46 - [MESSAGE][PASSED] - com.helper.commonfunct.BEP_CommonMethod.WOstatus is PASSED

2017-11-06 09:22:46 - [MESSAGE][PASSED] - Call Test Case 'Test Cases/BEP/TC_Create_BEP_NoOutput' successfully

2017-11-06 09:22:46 - [TEST_STEP][PASSED] - com.helper.commonfunct.utilities.setprop: com.helper.commonfunct.utilities.setprop is PASSED

2017-11-06 09:22:46 - [MESSAGE][PASSED] - com.helper.commonfunct.utilities.setprop is PASSED

2017-11-06 09:22:46 - [TEST_STEP][PASSED] - callTestCase: Call Test Case 'Test Cases/BEP/All_Approval_Reject' successfully

2017-11-06 09:22:46 - [TEST_CASE][PASSED] - Test Cases/BEP/All_Approval_Reject: Test Cases/BEP/All_Approval_Reject

2017-11-06 09:22:46 - [TEST_STEP][PASSED] - Statement - While (WOSTATUS.contains("Pending")): com.helper.commonfunct.utilities.WOstatus is PASSED

2017-11-06 09:22:46 - [TEST_STEP][PASSED] - Statement - For ([j = 0, j < AssignmentList.size(), (j++)]): com.helper.commonfunct.utilities.WOstatus is PASSED

2017-11-06 09:22:46 - [TEST_STEP][PASSED] - Statement - Status = text: null

2017-11-06 09:22:46 - [TEST_STEP][PASSED] - Statement - println(Status): null

2017-11-06 09:22:46 - [TEST_STEP][PASSED] - Statement - If (WOSTATUS == "Pending-RDApproval"): com.helper.commonfunct.utilities.WOstatus is PASSED

2017-11-06 09:22:46 - [TEST_STEP][PASSED] - Statement - If (RDReject == false): com.helper.commonfunct.utilities.WOstatus is PASSED

2017-11-06 09:22:46 - [TEST_STEP][PASSED] - Statement - If (RouteToRL == true): com.helper.commonfunct.utilities.WOstatus is PASSED

2017-11-06 09:22:46 - [TEST_STEP][PASSED] - com.helper.commonfunct.utilities.login: com.helper.commonfunct.utilities.login is PASSED

2017-11-06 09:22:46 - [MESSAGE][WARNING] - A browser is already opened. Closing browser and opening a new one

2017-11-06 09:22:50 - [MESSAGE][PASSED] - Browser is opened with url: ''

2017-11-06 09:22:51 - [MESSAGE][PASSED] - Navigate to 'http://vtcpqa2:9685/tcpqa/PRServlet' successfully

2017-11-06 09:22:51 - [MESSAGE][PASSED] - Text 'langr1@pegasystems.com' is set on object 'Object Repository/input_UserIdentifier'

2017-11-06 09:22:51 - [MESSAGE][PASSED] - Text 'install' is set on object 'Object Repository/input_Password'

2017-11-06 09:22:54 - [MESSAGE][PASSED] - Keys 'ENTER + ' sent to object: 'Object Repository/input_Password'

2017-11-06 09:22:54 - [MESSAGE][PASSED] - com.helper.commonfunct.utilities.login is PASSED

2017-11-06 09:22:54 - [TEST_STEP][PASSED] - com.helper.commonfunct.utilities.search: com.helper.commonfunct.utilities.search is PASSED

2017-11-06 09:22:55 - [MESSAGE][PASSED] - Current window maximized

2017-11-06 09:23:00 - [MESSAGE][PASSED] - Delayed 5 second(s)

2017-11-06 09:23:01 - [MESSAGE][PASSED] - Text 'BEP-06Nov2017-34' is set on object 'Object Repository/EngInfo/search'

2017-11-06 09:23:03 - [MESSAGE][PASSED] - Delayed 2 second(s)

2017-11-06 09:23:03 - [MESSAGE][PASSED] - Keys 'ENTER + ' sent to object: 'Object Repository/EngInfo/search'

2017-11-06 09:23:08 - [MESSAGE][PASSED] - Delayed 5 second(s)

2017-11-06 09:23:08 - [MESSAGE][PASSED] - com.helper.commonfunct.utilities.search is PASSED

2017-11-06 09:23:08 - [TEST_STEP][PASSED] - com.helper.commonfunct.BEP_CommonMethod.RDapprove: com.helper.commonfunct.BEP_CommonMethod.RDapprove is PASSED

2017-11-06 09:23:12 - [MESSAGE][PASSED] - Delayed 4 second(s)

2017-11-06 09:23:12 - [MESSAGE][WARNING] - Timeout '0' is invalid. Using default page load timeout: '30'

2017-11-06 09:23:13 - [MESSAGE][PASSED] - Object: 'Object Repository/BEP/RDLink' is clicked on

2017-11-06 09:23:17 - [MESSAGE][PASSED] - Delayed 4 second(s)

2017-11-06 09:23:17 - [MESSAGE][PASSED] - Scroll to object 'Object Repository/NEXT_BUTTON' successfully

2017-11-06 09:23:17 - [MESSAGE][PASSED] - Object: 'Object Repository/NEXT_BUTTON' is clicked on

2017-11-06 09:23:21 - [MESSAGE][PASSED] - Delayed 4 second(s)

2017-11-06 09:23:21 - [MESSAGE][WARNING] - Timeout '0' is invalid. Using default page load timeout: '30'

2017-11-06 09:23:21 - [MESSAGE][PASSED] - Scroll to object 'Object Repository/BEP/RD_RLApprove' successfully

2017-11-06 09:23:22 - [MESSAGE][PASSED] - Object: 'Object Repository/BEP/RD_RLApprove' is clicked on

2017-11-06 09:23:26 - [MESSAGE][PASSED] - Delayed 4 second(s)

2017-11-06 09:23:26 - [MESSAGE][PASSED] - Text 'Testing' is set on object 'Object Repository/BEP/BEP_CASENOTES'

2017-11-06 09:23:30 - [MESSAGE][PASSED] - Delayed 4 second(s)

2017-11-06 09:23:30 - [MESSAGE][WARNING] - Timeout '0' is invalid. Using default page load timeout: '30'

2017-11-06 09:23:30 - [MESSAGE][PASSED] - Scroll to object 'Object Repository/BEP/FINISH_ASSIGNMENT' successfully

2017-11-06 09:23:30 - [MESSAGE][PASSED] - Object: 'Object Repository/BEP/FINISH_ASSIGNMENT' is clicked on

2017-11-06 09:23:34 - [MESSAGE][PASSED] - Delayed 4 second(s)

2017-11-06 09:23:34 - [MESSAGE][PASSED] - com.helper.commonfunct.BEP_CommonMethod.RDapprove is PASSED

2017-11-06 09:23:34 - [TEST_STEP][PASSED] - com.helper.commonfunct.utilities.WOstatus: com.helper.commonfunct.utilities.WOstatus is PASSED

2017-11-06 09:23:34 - [MESSAGE][PASSED] - Text of object 'Object Repository/ECR/WOSTATUS' is: 'Pending-RLApproval'

2017-11-06 09:23:34 - [MESSAGE][PASSED] - com.helper.commonfunct.utilities.WOstatus is PASSED

2017-11-06 09:23:34 - [TEST_STEP][PASSED] - Statement - Status = text: null

2017-11-06 09:23:34 - [TEST_STEP][PASSED] - Statement - println(Status): null

2017-11-06 09:23:34 - [TEST_STEP][PASSED] - Statement - If (WOSTATUS == "Pending-RDApproval"): null

2017-11-06 09:23:34 - [TEST_STEP][PASSED] - Statement - Else If (WOSTATUS == "Pending-RLApproval"): com.helper.commonfunct.utilities.WOstatus is PASSED

2017-11-06 09:23:34 - [TEST_STEP][PASSED] - Statement - If (RLReject == false): com.helper.commonfunct.utilities.WOstatus is PASSED

2017-11-06 09:23:34 - [TEST_STEP][PASSED] - com.helper.commonfunct.utilities.login: com.helper.commonfunct.utilities.login is PASSED

2017-11-06 09:23:34 - [MESSAGE][WARNING] - A browser is already opened. Closing browser and opening a new one

2017-11-06 09:23:37 - [MESSAGE][PASSED] - Browser is opened with url: ''

2017-11-06 09:23:38 - [MESSAGE][PASSED] - Navigate to 'http://vtcpqa2:9685/tcpqa/PRServlet' successfully

2017-11-06 09:23:38 - [MESSAGE][PASSED] - Text 'panee@pegasystems.com' is set on object 'Object Repository/input_UserIdentifier'

2017-11-06 09:23:38 - [MESSAGE][PASSED] - Text 'install' is set on object 'Object Repository/input_Password'

2017-11-06 09:23:42 - [MESSAGE][PASSED] - Keys 'ENTER + ' sent to object: 'Object Repository/input_Password'

2017-11-06 09:23:42 - [MESSAGE][PASSED] - com.helper.commonfunct.utilities.login is PASSED

2017-11-06 09:23:42 - [TEST_STEP][PASSED] - com.helper.commonfunct.utilities.search: com.helper.commonfunct.utilities.search is PASSED

2017-11-06 09:23:43 - [MESSAGE][PASSED] - Current window maximized

2017-11-06 09:23:48 - [MESSAGE][PASSED] - Delayed 5 second(s)

2017-11-06 09:23:48 - [MESSAGE][PASSED] - Text 'BEP-06Nov2017-34' is set on object 'Object Repository/EngInfo/search'

2017-11-06 09:23:50 - [MESSAGE][PASSED] - Delayed 2 second(s)

2017-11-06 09:23:50 - [MESSAGE][PASSED] - Keys 'ENTER + ' sent to object: 'Object Repository/EngInfo/search'

2017-11-06 09:23:55 - [MESSAGE][PASSED] - Delayed 5 second(s)

2017-11-06 09:23:55 - [MESSAGE][PASSED] - com.helper.commonfunct.utilities.search is PASSED

2017-11-06 09:23:55 - [TEST_STEP][PASSED] - com.helper.commonfunct.BEP_CommonMethod.RLapprove: com.helper.commonfunct.BEP_CommonMethod.RLapprove is PASSED

2017-11-06 09:23:59 - [MESSAGE][PASSED] - Delayed 4 second(s)

2017-11-06 09:23:59 - [MESSAGE][WARNING] - Timeout '0' is invalid. Using default page load timeout: '30'

2017-11-06 09:24:01 - [MESSAGE][PASSED] - Object: 'Object Repository/BEP/RlLink' is clicked on

2017-11-06 09:24:05 - [MESSAGE][PASSED] - Delayed 4 second(s)

2017-11-06 09:24:05 - [MESSAGE][PASSED] - Scroll to object 'Object Repository/NEXT_BUTTON' successfully

2017-11-06 09:24:05 - [MESSAGE][PASSED] - Object: 'Object Repository/NEXT_BUTTON' is clicked on

2017-11-06 09:24:09 - [MESSAGE][PASSED] - Delayed 4 second(s)

2017-11-06 09:24:09 - [MESSAGE][WARNING] - Timeout '0' is invalid. Using default page load timeout: '30'

2017-11-06 09:24:09 - [MESSAGE][PASSED] - Scroll to object 'Object Repository/BEP/RD_RLApprove' successfully

2017-11-06 09:24:09 - [MESSAGE][PASSED] - Object: 'Object Repository/BEP/RD_RLApprove' is clicked on

2017-11-06 09:24:13 - [MESSAGE][PASSED] - Delayed 4 second(s)

2017-11-06 09:24:13 - [MESSAGE][PASSED] - Text 'Testing' is set on object 'Object Repository/BEP/BEP_CASENOTES'

2017-11-06 09:24:17 - [MESSAGE][PASSED] - Delayed 4 second(s)

2017-11-06 09:24:17 - [MESSAGE][WARNING] - Timeout '0' is invalid. Using default page load timeout: '30'

2017-11-06 09:24:17 - [MESSAGE][PASSED] - Scroll to object 'Object Repository/BEP/FINISH_ASSIGNMENT' successfully

2017-11-06 09:24:18 - [MESSAGE][PASSED] - Object: 'Object Repository/BEP/FINISH_ASSIGNMENT' is clicked on

2017-11-06 09:24:22 - [MESSAGE][PASSED] - Delayed 4 second(s)

2017-11-06 09:24:24 - [MESSAGE][PASSED] - Text of object 'Object Repository/BEP/WOSTATUS' is: 'Resolved-Approved'

2017-11-06 09:24:25 - [MESSAGE][PASSED] - com.helper.commonfunct.BEP_CommonMethod.RLapprove is PASSED

2017-11-06 09:24:25 - [TEST_STEP][PASSED] - com.helper.commonfunct.utilities.WOstatus: com.helper.commonfunct.utilities.WOstatus is PASSED

2017-11-06 09:24:26 - [MESSAGE][PASSED] - Text of object 'Object Repository/ECR/WOSTATUS' is: 'Resolved-Approved'

2017-11-06 09:24:26 - [MESSAGE][PASSED] - com.helper.commonfunct.utilities.WOstatus is PASSED

2017-11-06 09:24:26 - [MESSAGE][PASSED] - Call Test Case 'Test Cases/BEP/All_Approval_Reject' successfully]]></system-out>
         <system-err><![CDATA[]]></system-err>
      </testcase>
      <testcase name="Test Cases/BEP/TC_RLMeetingRequest_CancelMeeting" classname="Test Cases/BEP/TC_RLMeetingRequest_CancelMeeting" status="PASSED">
         <system-out><![CDATA[2017-11-06 09:24:26 - [TEST_CASE][PASSED] - Test Cases/BEP/TC_RLMeetingRequest_CancelMeeting: Test Cases/BEP/TC_RLMeetingRequest_CancelMeeting

2017-11-06 09:24:26 - [TEST_STEP][PASSED] - callTestCase: Call Test Case 'Test Cases/BEP/TC_Create_BEP_NoOutput' successfully

2017-11-06 09:24:26 - [TEST_CASE][PASSED] - Test Cases/BEP/TC_Create_BEP_NoOutput: Test Cases/BEP/TC_Create_BEP_NoOutput

2017-11-06 09:24:26 - [TEST_STEP][PASSED] - com.helper.commonfunct.utilities.login: com.helper.commonfunct.utilities.login is PASSED

2017-11-06 09:24:26 - [MESSAGE][WARNING] - A browser is already opened. Closing browser and opening a new one

2017-11-06 09:24:29 - [MESSAGE][PASSED] - Browser is opened with url: ''

2017-11-06 09:24:30 - [MESSAGE][PASSED] - Navigate to 'http://vtcpqa2:9685/tcpqa/PRServlet' successfully

2017-11-06 09:24:30 - [MESSAGE][PASSED] - Text 'hendj@pegasystems.com' is set on object 'Object Repository/input_UserIdentifier'

2017-11-06 09:24:30 - [MESSAGE][PASSED] - Text 'install' is set on object 'Object Repository/input_Password'

2017-11-06 09:24:33 - [MESSAGE][PASSED] - Keys 'ENTER + ' sent to object: 'Object Repository/input_Password'

2017-11-06 09:24:33 - [MESSAGE][PASSED] - com.helper.commonfunct.utilities.login is PASSED

2017-11-06 09:24:33 - [TEST_STEP][PASSED] - com.helper.commonfunct.BEP_CommonMethod.EstimateNoOutput: com.helper.commonfunct.BEP_CommonMethod.EstimateNoOutput is PASSED

2017-11-06 09:24:33 - [MESSAGE][PASSED] - Object: 'Object Repository/Generic/a_Actions' is clicked on

2017-11-06 09:24:35 - [MESSAGE][PASSED] - Object: 'Object Repository/span_New' is focused

2017-11-06 09:24:37 - [MESSAGE][PASSED] - Object: 'Object Repository/BEP/EstimateLink' is clicked on

2017-11-06 09:24:43 - [MESSAGE][PASSED] - Delayed 5 second(s)

2017-11-06 09:24:43 - [MESSAGE][WARNING] - Timeout '0' is invalid. Using default page load timeout: '30'

2017-11-06 09:24:43 - [MESSAGE][PASSED] - Object 'Object Repository/BEP/import' is visible

2017-11-06 09:24:43 - [MESSAGE][PASSED] - Object: 'Object Repository/BEP/import' is clicked on

2017-11-06 09:24:48 - [MESSAGE][PASSED] - Delayed 5 second(s)

2017-11-06 09:24:48 - [MESSAGE][PASSED] - File 'C:\EStimate.xlsm' sent to object: 'Object Repository/input_PpyWorkPageppyFilePath'

2017-11-06 09:24:53 - [MESSAGE][PASSED] - Delayed 5 second(s)

2017-11-06 09:24:53 - [MESSAGE][PASSED] - Object: 'Object Repository/button_Submit' is clicked on

2017-11-06 09:25:03 - [MESSAGE][PASSED] - Delayed 10 second(s)

2017-11-06 09:25:04 - [MESSAGE][PASSED] - Text 'BOFA' is set on object 'Object Repository/Generic/ORG'

2017-11-06 09:25:09 - [MESSAGE][PASSED] - Delayed 5 second(s)

2017-11-06 09:25:09 - [MESSAGE][PASSED] - Keys 'TAB + ' sent to object: 'Object Repository/Generic/ORG'

2017-11-06 09:25:14 - [MESSAGE][PASSED] - Delayed 5 second(s)

2017-11-06 09:25:14 - [MESSAGE][PASSED] - Text 'BOFA' is set on object 'Object Repository/Generic/ACC'

2017-11-06 09:25:19 - [MESSAGE][PASSED] - Delayed 5 second(s)

2017-11-06 09:25:19 - [MESSAGE][PASSED] - Keys 'TAB + ' sent to object: 'Object Repository/Generic/ACC'

2017-11-06 09:25:24 - [MESSAGE][PASSED] - Delayed 5 second(s)

2017-11-06 09:25:25 - [MESSAGE][PASSED] - Text 'AUTOTEST1' is set on object 'Object Repository/Generic/ENG_DESC'

2017-11-06 09:25:30 - [MESSAGE][PASSED] - Delayed 5 second(s)

2017-11-06 09:25:30 - [MESSAGE][PASSED] - Object: 'Object Repository/Generic/PlatformID' is clicked on

2017-11-06 09:25:32 - [MESSAGE][PASSED] - Delayed 2 second(s)

2017-11-06 09:25:32 - [MESSAGE][PASSED] - Keys 'Accessibility' sent to object: 'Object Repository/Generic/PlatformID'

2017-11-06 09:25:37 - [MESSAGE][PASSED] - Delayed 5 second(s)

2017-11-06 09:25:37 - [MESSAGE][PASSED] - Object: 'Object Repository/Generic/PlatformVersion' is clicked on

2017-11-06 09:25:42 - [MESSAGE][PASSED] - Delayed 5 second(s)

2017-11-06 09:25:43 - [MESSAGE][PASSED] - Keys 'Accessibility Framework' sent to object: 'Object Repository/Generic/PlatformVersion'

2017-11-06 09:25:47 - [MESSAGE][PASSED] - Delayed 4 second(s)

2017-11-06 09:25:47 - [MESSAGE][PASSED] - Scroll to object 'Object Repository/BEP/MorethanOneRLSNO' successfully

2017-11-06 09:25:47 - [MESSAGE][PASSED] - Object: 'Object Repository/BEP/MorethanOneRLSNO' is clicked on

2017-11-06 09:25:51 - [MESSAGE][PASSED] - Delayed 4 second(s)

2017-11-06 09:25:51 - [MESSAGE][PASSED] - Object: 'Object Repository/Generic/PlatformTrue' is clicked on

2017-11-06 09:25:55 - [MESSAGE][PASSED] - Delayed 4 second(s)

2017-11-06 09:26:00 - [MESSAGE][PASSED] - Delayed 5 second(s)

2017-11-06 09:26:01 - [MESSAGE][PASSED] - Object: 'Object Repository/EngInfo/PL' is clicked on

2017-11-06 09:26:03 - [MESSAGE][PASSED] - Delayed 2 second(s)

2017-11-06 09:26:03 - [MESSAGE][PASSED] - Keys 'Jeff Henderson ' sent to object: 'Object Repository/EngInfo/PL'

2017-11-06 09:26:05 - [MESSAGE][PASSED] - Delayed 2 second(s)

2017-11-06 09:26:05 - [MESSAGE][PASSED] - Object: 'Object Repository/EngInfo/PLTL' is clicked on

2017-11-06 09:26:10 - [MESSAGE][PASSED] - Delayed 5 second(s)

2017-11-06 09:26:10 - [MESSAGE][PASSED] - Keys 'Robert Higgins' sent to object: 'Object Repository/EngInfo/PLTL'

2017-11-06 09:26:15 - [MESSAGE][PASSED] - Delayed 5 second(s)

2017-11-06 09:26:15 - [MESSAGE][PASSED] - Scroll to object 'Object Repository/NEXT_BUTTON' successfully

2017-11-06 09:26:16 - [MESSAGE][PASSED] - Object: 'Object Repository/NEXT_BUTTON' is clicked on

2017-11-06 09:26:17 - [MESSAGE][PASSED] - Text '12' is set on object 'Object Repository/BEP/DurationLow'

2017-11-06 09:26:22 - [MESSAGE][PASSED] - Delayed 5 second(s)

2017-11-06 09:26:22 - [MESSAGE][PASSED] - Keys 'TAB + ' sent to object: 'Object Repository/BEP/DurationLow'

2017-11-06 09:26:27 - [MESSAGE][PASSED] - Delayed 5 second(s)

2017-11-06 09:26:28 - [MESSAGE][PASSED] - Text '12' is set on object 'Object Repository/BEP/DurationHigh'

2017-11-06 09:26:33 - [MESSAGE][PASSED] - Delayed 5 second(s)

2017-11-06 09:26:33 - [MESSAGE][PASSED] - Keys 'TAB + ' sent to object: 'Object Repository/BEP/DurationHigh'

2017-11-06 09:26:38 - [MESSAGE][PASSED] - Delayed 5 second(s)

2017-11-06 09:26:38 - [MESSAGE][PASSED] - Text '12' is set on object 'Object Repository/BEP/PartnerHoursLow'

2017-11-06 09:26:43 - [MESSAGE][PASSED] - Delayed 5 second(s)

2017-11-06 09:26:43 - [MESSAGE][PASSED] - Keys 'TAB + ' sent to object: 'Object Repository/BEP/PartnerHoursLow'

2017-11-06 09:26:48 - [MESSAGE][PASSED] - Delayed 5 second(s)

2017-11-06 09:26:48 - [MESSAGE][PASSED] - Text '12' is set on object 'Object Repository/BEP/PartnerHoursHigh'

2017-11-06 09:26:53 - [MESSAGE][PASSED] - Delayed 5 second(s)

2017-11-06 09:26:54 - [MESSAGE][PASSED] - Object: 'Object Repository/BEP/EstimationMethod' is clicked on

2017-11-06 09:26:59 - [MESSAGE][PASSED] - Delayed 5 second(s)

2017-11-06 09:26:59 - [MESSAGE][PASSED] - Keys 'BSW' sent to object: 'Object Repository/BEP/EstimationMethod'

2017-11-06 09:27:04 - [MESSAGE][PASSED] - Delayed 5 second(s)

2017-11-06 09:27:04 - [MESSAGE][PASSED] - Object: 'Object Repository/BEP/routeToRL' is clicked on

2017-11-06 09:27:09 - [MESSAGE][PASSED] - Delayed 5 second(s)

2017-11-06 09:27:09 - [MESSAGE][PASSED] - Scroll to object 'Object Repository/NEXT_BUTTON' successfully

2017-11-06 09:27:09 - [MESSAGE][PASSED] - Object: 'Object Repository/NEXT_BUTTON' is clicked on

2017-11-06 09:27:11 - [MESSAGE][PASSED] - Delayed 2 second(s)

2017-11-06 09:27:12 - [MESSAGE][PASSED] - Object: 'Object Repository/BEP/BEPoutput' is clicked on

2017-11-06 09:27:16 - [MESSAGE][PASSED] - Delayed 4 second(s)

2017-11-06 09:27:16 - [MESSAGE][PASSED] - All options with value 'RFP in process' are selected in object 'Object Repository/BEP/ReasonCode' 

2017-11-06 09:27:16 - [MESSAGE][PASSED] - Scroll to object 'Object Repository/NEXT_BUTTON' successfully

2017-11-06 09:27:17 - [MESSAGE][PASSED] - Object: 'Object Repository/NEXT_BUTTON' is clicked on

2017-11-06 09:27:18 - [MESSAGE][PASSED] - Scroll to object 'Object Repository/Generic/FINISH_BUTTON' successfully

2017-11-06 09:27:18 - [MESSAGE][PASSED] - Object: 'Object Repository/Generic/FINISH_BUTTON' is clicked on

2017-11-06 09:27:22 - [MESSAGE][PASSED] - Delayed 4 second(s)

2017-11-06 09:27:22 - [MESSAGE][PASSED] - Text of object 'Object Repository/BEP/BEPWOID' is: 'BEP-06Nov2017-35'

2017-11-06 09:27:22 - [MESSAGE][PASSED] - com.helper.commonfunct.BEP_CommonMethod.EstimateNoOutput is PASSED

2017-11-06 09:27:22 - [TEST_STEP][PASSED] - com.helper.commonfunct.BEP_CommonMethod.woid: com.helper.commonfunct.BEP_CommonMethod.woid is PASSED

2017-11-06 09:27:22 - [MESSAGE][PASSED] - Text of object 'Object Repository/BEP/BEPWOID' is: 'BEP-06Nov2017-35'

2017-11-06 09:27:22 - [MESSAGE][PASSED] - com.helper.commonfunct.BEP_CommonMethod.woid is PASSED

2017-11-06 09:27:22 - [TEST_STEP][PASSED] - com.helper.commonfunct.BEP_CommonMethod.WOstatus: com.helper.commonfunct.BEP_CommonMethod.WOstatus is PASSED

2017-11-06 09:27:23 - [MESSAGE][PASSED] - Text of object 'Object Repository/BEP/WOSTATUS' is: 'Pending-RDApproval'

2017-11-06 09:27:23 - [MESSAGE][PASSED] - com.helper.commonfunct.BEP_CommonMethod.WOstatus is PASSED

2017-11-06 09:27:23 - [MESSAGE][PASSED] - Call Test Case 'Test Cases/BEP/TC_Create_BEP_NoOutput' successfully

2017-11-06 09:27:23 - [TEST_STEP][PASSED] - com.helper.commonfunct.utilities.login: com.helper.commonfunct.utilities.login is PASSED

2017-11-06 09:27:23 - [MESSAGE][WARNING] - A browser is already opened. Closing browser and opening a new one

2017-11-06 09:27:26 - [MESSAGE][PASSED] - Browser is opened with url: ''

2017-11-06 09:27:27 - [MESSAGE][PASSED] - Navigate to 'http://vtcpqa2:9685/tcpqa/PRServlet' successfully

2017-11-06 09:27:27 - [MESSAGE][PASSED] - Text 'langr1@pegasystems.com' is set on object 'Object Repository/input_UserIdentifier'

2017-11-06 09:27:28 - [MESSAGE][PASSED] - Text 'install' is set on object 'Object Repository/input_Password'

2017-11-06 09:27:30 - [MESSAGE][PASSED] - Keys 'ENTER + ' sent to object: 'Object Repository/input_Password'

2017-11-06 09:27:30 - [MESSAGE][PASSED] - com.helper.commonfunct.utilities.login is PASSED

2017-11-06 09:27:30 - [TEST_STEP][PASSED] - com.helper.commonfunct.utilities.search: com.helper.commonfunct.utilities.search is PASSED

2017-11-06 09:27:32 - [MESSAGE][PASSED] - Current window maximized

2017-11-06 09:27:37 - [MESSAGE][PASSED] - Delayed 5 second(s)

2017-11-06 09:27:37 - [MESSAGE][PASSED] - Text 'BEP-06Nov2017-35' is set on object 'Object Repository/EngInfo/search'

2017-11-06 09:27:39 - [MESSAGE][PASSED] - Delayed 2 second(s)

2017-11-06 09:27:39 - [MESSAGE][PASSED] - Keys 'ENTER + ' sent to object: 'Object Repository/EngInfo/search'

2017-11-06 09:27:44 - [MESSAGE][PASSED] - Delayed 5 second(s)

2017-11-06 09:27:44 - [MESSAGE][PASSED] - com.helper.commonfunct.utilities.search is PASSED

2017-11-06 09:27:44 - [TEST_STEP][PASSED] - com.helper.commonfunct.BEP_CommonMethod.RDapprove: com.helper.commonfunct.BEP_CommonMethod.RDapprove is PASSED

2017-11-06 09:27:48 - [MESSAGE][PASSED] - Delayed 4 second(s)

2017-11-06 09:27:48 - [MESSAGE][WARNING] - Timeout '0' is invalid. Using default page load timeout: '30'

2017-11-06 09:27:49 - [MESSAGE][PASSED] - Object: 'Object Repository/BEP/RDLink' is clicked on

2017-11-06 09:27:53 - [MESSAGE][PASSED] - Delayed 4 second(s)

2017-11-06 09:27:53 - [MESSAGE][PASSED] - Scroll to object 'Object Repository/NEXT_BUTTON' successfully

2017-11-06 09:27:54 - [MESSAGE][PASSED] - Object: 'Object Repository/NEXT_BUTTON' is clicked on

2017-11-06 09:27:58 - [MESSAGE][PASSED] - Delayed 4 second(s)

2017-11-06 09:27:58 - [MESSAGE][WARNING] - Timeout '0' is invalid. Using default page load timeout: '30'

2017-11-06 09:27:58 - [MESSAGE][PASSED] - Scroll to object 'Object Repository/BEP/RD_RLApprove' successfully

2017-11-06 09:27:58 - [MESSAGE][PASSED] - Object: 'Object Repository/BEP/RD_RLApprove' is clicked on

2017-11-06 09:28:02 - [MESSAGE][PASSED] - Delayed 4 second(s)

2017-11-06 09:28:02 - [MESSAGE][PASSED] - Text 'Testing' is set on object 'Object Repository/BEP/BEP_CASENOTES'

2017-11-06 09:28:06 - [MESSAGE][PASSED] - Delayed 4 second(s)

2017-11-06 09:28:06 - [MESSAGE][WARNING] - Timeout '0' is invalid. Using default page load timeout: '30'

2017-11-06 09:28:06 - [MESSAGE][PASSED] - Scroll to object 'Object Repository/BEP/FINISH_ASSIGNMENT' successfully

2017-11-06 09:28:06 - [MESSAGE][PASSED] - Object: 'Object Repository/BEP/FINISH_ASSIGNMENT' is clicked on

2017-11-06 09:28:10 - [MESSAGE][PASSED] - Delayed 4 second(s)

2017-11-06 09:28:10 - [MESSAGE][PASSED] - com.helper.commonfunct.BEP_CommonMethod.RDapprove is PASSED

2017-11-06 09:28:10 - [TEST_STEP][PASSED] - com.helper.commonfunct.utilities.login: com.helper.commonfunct.utilities.login is PASSED

2017-11-06 09:28:10 - [MESSAGE][WARNING] - A browser is already opened. Closing browser and opening a new one

2017-11-06 09:28:14 - [MESSAGE][PASSED] - Browser is opened with url: ''

2017-11-06 09:28:14 - [MESSAGE][PASSED] - Navigate to 'http://vtcpqa2:9685/tcpqa/PRServlet' successfully

2017-11-06 09:28:15 - [MESSAGE][PASSED] - Text 'panee@pegasystems.com' is set on object 'Object Repository/input_UserIdentifier'

2017-11-06 09:28:15 - [MESSAGE][PASSED] - Text 'install' is set on object 'Object Repository/input_Password'

2017-11-06 09:28:18 - [MESSAGE][PASSED] - Keys 'ENTER + ' sent to object: 'Object Repository/input_Password'

2017-11-06 09:28:18 - [MESSAGE][PASSED] - com.helper.commonfunct.utilities.login is PASSED

2017-11-06 09:28:18 - [TEST_STEP][PASSED] - com.helper.commonfunct.utilities.search: com.helper.commonfunct.utilities.search is PASSED

2017-11-06 09:28:19 - [MESSAGE][PASSED] - Current window maximized

2017-11-06 09:28:24 - [MESSAGE][PASSED] - Delayed 5 second(s)

2017-11-06 09:28:24 - [MESSAGE][PASSED] - Text 'BEP-06Nov2017-35' is set on object 'Object Repository/EngInfo/search'

2017-11-06 09:28:26 - [MESSAGE][PASSED] - Delayed 2 second(s)

2017-11-06 09:28:26 - [MESSAGE][PASSED] - Keys 'ENTER + ' sent to object: 'Object Repository/EngInfo/search'

2017-11-06 09:28:31 - [MESSAGE][PASSED] - Delayed 5 second(s)

2017-11-06 09:28:31 - [MESSAGE][PASSED] - com.helper.commonfunct.utilities.search is PASSED

2017-11-06 09:28:31 - [TEST_STEP][PASSED] - com.helper.commonfunct.BEP_CommonMethod.RLRequestMeeting: com.helper.commonfunct.BEP_CommonMethod.RLRequestMeeting is PASSED

2017-11-06 09:28:35 - [MESSAGE][PASSED] - Delayed 4 second(s)

2017-11-06 09:28:35 - [MESSAGE][WARNING] - Timeout '0' is invalid. Using default page load timeout: '30'

2017-11-06 09:28:37 - [MESSAGE][PASSED] - Object: 'Object Repository/BEP/RlLink' is clicked on

2017-11-06 09:28:41 - [MESSAGE][PASSED] - Delayed 4 second(s)

2017-11-06 09:28:41 - [MESSAGE][PASSED] - Scroll to object 'Object Repository/NEXT_BUTTON' successfully

2017-11-06 09:28:41 - [MESSAGE][PASSED] - Object: 'Object Repository/NEXT_BUTTON' is clicked on

2017-11-06 09:28:45 - [MESSAGE][PASSED] - Delayed 4 second(s)

2017-11-06 09:28:45 - [MESSAGE][WARNING] - Timeout '0' is invalid. Using default page load timeout: '30'

2017-11-06 09:28:45 - [MESSAGE][PASSED] - Scroll to object 'Object Repository/BEP/RD_RLApprove' successfully

2017-11-06 09:28:45 - [MESSAGE][PASSED] - Object: 'Object Repository/BEP/RD_RLApprove' is clicked on

2017-11-06 09:28:49 - [MESSAGE][PASSED] - Delayed 4 second(s)

2017-11-06 09:28:50 - [MESSAGE][PASSED] - Object: 'Object Repository/BEP/Meeting_Required' is clicked on

2017-11-06 09:28:54 - [MESSAGE][PASSED] - Delayed 4 second(s)

2017-11-06 09:28:54 - [MESSAGE][PASSED] - Text '11/6/2017 11:27 AM' is set on object 'Object Repository/BEP/MeetingDate'

2017-11-06 09:28:58 - [MESSAGE][PASSED] - Delayed 4 second(s)

2017-11-06 09:28:58 - [MESSAGE][WARNING] - Timeout '0' is invalid. Using default page load timeout: '30'

2017-11-06 09:28:58 - [MESSAGE][PASSED] - Scroll to object 'Object Repository/BEP/FINISH_ASSIGNMENT' successfully

2017-11-06 09:28:58 - [MESSAGE][PASSED] - Object: 'Object Repository/BEP/FINISH_ASSIGNMENT' is clicked on

2017-11-06 09:29:03 - [MESSAGE][PASSED] - Delayed 5 second(s)

2017-11-06 09:29:03 - [MESSAGE][PASSED] - com.helper.commonfunct.BEP_CommonMethod.RLRequestMeeting is PASSED

2017-11-06 09:29:03 - [TEST_STEP][PASSED] - com.helper.commonfunct.utilities.login: com.helper.commonfunct.utilities.login is PASSED

2017-11-06 09:29:03 - [MESSAGE][WARNING] - A browser is already opened. Closing browser and opening a new one

2017-11-06 09:29:07 - [MESSAGE][PASSED] - Browser is opened with url: ''

2017-11-06 09:29:07 - [MESSAGE][PASSED] - Navigate to 'http://vtcpqa2:9685/tcpqa/PRServlet' successfully

2017-11-06 09:29:08 - [MESSAGE][PASSED] - Text 'diazz@pegasystems.com' is set on object 'Object Repository/input_UserIdentifier'

2017-11-06 09:29:08 - [MESSAGE][PASSED] - Text 'install' is set on object 'Object Repository/input_Password'

2017-11-06 09:29:11 - [MESSAGE][PASSED] - Keys 'ENTER + ' sent to object: 'Object Repository/input_Password'

2017-11-06 09:29:11 - [MESSAGE][PASSED] - com.helper.commonfunct.utilities.login is PASSED

2017-11-06 09:29:11 - [TEST_STEP][PASSED] - com.helper.commonfunct.utilities.search: com.helper.commonfunct.utilities.search is PASSED

2017-11-06 09:29:12 - [MESSAGE][PASSED] - Current window maximized

2017-11-06 09:29:17 - [MESSAGE][PASSED] - Delayed 5 second(s)

2017-11-06 09:29:17 - [MESSAGE][PASSED] - Text 'BEP-06Nov2017-35' is set on object 'Object Repository/EngInfo/search'

2017-11-06 09:29:19 - [MESSAGE][PASSED] - Delayed 2 second(s)

2017-11-06 09:29:19 - [MESSAGE][PASSED] - Keys 'ENTER + ' sent to object: 'Object Repository/EngInfo/search'

2017-11-06 09:29:24 - [MESSAGE][PASSED] - Delayed 5 second(s)

2017-11-06 09:29:24 - [MESSAGE][PASSED] - com.helper.commonfunct.utilities.search is PASSED

2017-11-06 09:29:24 - [TEST_STEP][PASSED] - com.helper.commonfunct.BEP_CommonMethod.ScheduleMeeting: com.helper.commonfunct.BEP_CommonMethod.ScheduleMeeting is PASSED

2017-11-06 09:29:28 - [MESSAGE][PASSED] - Delayed 4 second(s)

2017-11-06 09:29:28 - [MESSAGE][WARNING] - Timeout '0' is invalid. Using default page load timeout: '30'

2017-11-06 09:29:29 - [MESSAGE][PASSED] - Object: 'Object Repository/BEP/Meeting/meetingLink' is clicked on

2017-11-06 09:29:33 - [MESSAGE][PASSED] - Delayed 4 second(s)

2017-11-06 09:29:34 - [MESSAGE][PASSED] - Text 'Cambridge' is set on object 'Object Repository/ECR_MEETING/location'

2017-11-06 09:29:38 - [MESSAGE][PASSED] - Delayed 4 second(s)

2017-11-06 09:29:38 - [MESSAGE][WARNING] - Timeout '0' is invalid. Using default page load timeout: '30'

2017-11-06 09:29:38 - [MESSAGE][PASSED] - Scroll to object 'Object Repository/Generic/FINISH_ASSIGNMENT' successfully

2017-11-06 09:29:38 - [MESSAGE][PASSED] - Object: 'Object Repository/Generic/FINISH_ASSIGNMENT' is clicked on

2017-11-06 09:29:43 - [MESSAGE][PASSED] - Delayed 5 second(s)

2017-11-06 09:29:43 - [MESSAGE][PASSED] - com.helper.commonfunct.BEP_CommonMethod.ScheduleMeeting is PASSED

2017-11-06 09:29:43 - [TEST_STEP][PASSED] - com.helper.commonfunct.utilities.login: com.helper.commonfunct.utilities.login is PASSED

2017-11-06 09:29:43 - [MESSAGE][WARNING] - A browser is already opened. Closing browser and opening a new one

2017-11-06 09:29:46 - [MESSAGE][PASSED] - Browser is opened with url: ''

2017-11-06 09:29:47 - [MESSAGE][PASSED] - Navigate to 'http://vtcpqa2:9685/tcpqa/PRServlet' successfully

2017-11-06 09:29:47 - [MESSAGE][PASSED] - Text 'panee@pegasystems.com' is set on object 'Object Repository/input_UserIdentifier'

2017-11-06 09:29:47 - [MESSAGE][PASSED] - Text 'install' is set on object 'Object Repository/input_Password'

2017-11-06 09:29:51 - [MESSAGE][PASSED] - Keys 'ENTER + ' sent to object: 'Object Repository/input_Password'

2017-11-06 09:29:51 - [MESSAGE][PASSED] - com.helper.commonfunct.utilities.login is PASSED

2017-11-06 09:29:51 - [TEST_STEP][PASSED] - com.helper.commonfunct.utilities.search: com.helper.commonfunct.utilities.search is PASSED

2017-11-06 09:29:52 - [MESSAGE][PASSED] - Current window maximized

2017-11-06 09:29:57 - [MESSAGE][PASSED] - Delayed 5 second(s)

2017-11-06 09:29:57 - [MESSAGE][PASSED] - Text 'BEP-06Nov2017-35' is set on object 'Object Repository/EngInfo/search'

2017-11-06 09:29:59 - [MESSAGE][PASSED] - Delayed 2 second(s)

2017-11-06 09:29:59 - [MESSAGE][PASSED] - Keys 'ENTER + ' sent to object: 'Object Repository/EngInfo/search'

2017-11-06 09:30:04 - [MESSAGE][PASSED] - Delayed 5 second(s)

2017-11-06 09:30:04 - [MESSAGE][PASSED] - com.helper.commonfunct.utilities.search is PASSED

2017-11-06 09:30:04 - [TEST_STEP][PASSED] - Statement - Meeting = true: null

2017-11-06 09:30:04 - [TEST_STEP][PASSED] - com.helper.commonfunct.BEP_CommonMethod.RLapprove: com.helper.commonfunct.BEP_CommonMethod.RLapprove is PASSED

2017-11-06 09:30:08 - [MESSAGE][PASSED] - Delayed 4 second(s)

2017-11-06 09:30:08 - [MESSAGE][WARNING] - Timeout '0' is invalid. Using default page load timeout: '30'

2017-11-06 09:30:10 - [MESSAGE][PASSED] - Object: 'Object Repository/BEP/RlLink' is clicked on

2017-11-06 09:30:14 - [MESSAGE][PASSED] - Delayed 4 second(s)

2017-11-06 09:30:14 - [MESSAGE][PASSED] - Scroll to object 'Object Repository/NEXT_BUTTON' successfully

2017-11-06 09:30:14 - [MESSAGE][PASSED] - Object: 'Object Repository/NEXT_BUTTON' is clicked on

2017-11-06 09:30:18 - [MESSAGE][PASSED] - Delayed 4 second(s)

2017-11-06 09:30:18 - [MESSAGE][PASSED] - Text 'A meeting for this estimate has been requested/scheduled' is present on page 

2017-11-06 09:30:22 - [MESSAGE][PASSED] - Delayed 4 second(s)

2017-11-06 09:30:22 - [MESSAGE][PASSED] - com.helper.commonfunct.BEP_CommonMethod.RLapprove is PASSED

2017-11-06 09:30:22 - [TEST_STEP][PASSED] - click: Object: 'Object Repository/Generic/CLOSE_WORK_OBJECT' is clicked on

2017-11-06 09:30:23 - [MESSAGE][PASSED] - Object: 'Object Repository/Generic/CLOSE_WORK_OBJECT' is clicked on

2017-11-06 09:30:23 - [TEST_STEP][PASSED] - com.helper.commonfunct.utilities.search: com.helper.commonfunct.utilities.search is PASSED

2017-11-06 09:30:23 - [MESSAGE][PASSED] - Current window maximized

2017-11-06 09:30:28 - [MESSAGE][PASSED] - Delayed 5 second(s)

2017-11-06 09:30:28 - [MESSAGE][PASSED] - Text 'BEP-06Nov2017-35' is set on object 'Object Repository/EngInfo/search'

2017-11-06 09:30:30 - [MESSAGE][PASSED] - Delayed 2 second(s)

2017-11-06 09:30:30 - [MESSAGE][PASSED] - Keys 'ENTER + ' sent to object: 'Object Repository/EngInfo/search'

2017-11-06 09:30:35 - [MESSAGE][PASSED] - Delayed 5 second(s)

2017-11-06 09:30:35 - [MESSAGE][PASSED] - com.helper.commonfunct.utilities.search is PASSED

2017-11-06 09:30:35 - [TEST_STEP][PASSED] - Statement - Meeting = false: null

2017-11-06 09:30:35 - [TEST_STEP][PASSED] - com.helper.commonfunct.BEP_CommonMethod.RequestCancelMeeting: com.helper.commonfunct.BEP_CommonMethod.RequestCancelMeeting is PASSED

2017-11-06 09:30:35 - [MESSAGE][WARNING] - Timeout '0' is invalid. Using default page load timeout: '30'

2017-11-06 09:30:36 - [MESSAGE][PASSED] - Object: 'Object Repository/BEP/OtherActions' is clicked on

2017-11-06 09:30:40 - [MESSAGE][PASSED] - Delayed 4 second(s)

2017-11-06 09:30:40 - [MESSAGE][PASSED] - Object: 'Object Repository/BEP/Meeting/CancelMeeting' is clicked on

2017-11-06 09:30:44 - [MESSAGE][PASSED] - Delayed 4 second(s)

2017-11-06 09:30:44 - [MESSAGE][PASSED] - Text 'Testing' is set on object 'Object Repository/ECR/ActionMenu/Reason'

2017-11-06 09:30:48 - [MESSAGE][PASSED] - Delayed 4 second(s)

2017-11-06 09:30:48 - [MESSAGE][PASSED] - Keys 'TAB + ' sent to object: 'Object Repository/ECR/ActionMenu/Reason'

2017-11-06 09:30:52 - [MESSAGE][PASSED] - Delayed 4 second(s)

2017-11-06 09:30:55 - [MESSAGE][PASSED] - Object: 'Object Repository/BEP/Meeting/Submit_otheraction' is clicked on

2017-11-06 09:30:59 - [MESSAGE][PASSED] - Delayed 4 second(s)

2017-11-06 09:31:00 - [MESSAGE][PASSED] - Object: 'Object Repository/Generic/CLOSE_WORK_OBJECT' is clicked on

2017-11-06 09:31:00 - [MESSAGE][PASSED] - com.helper.commonfunct.BEP_CommonMethod.RequestCancelMeeting is PASSED

2017-11-06 09:31:00 - [TEST_STEP][PASSED] - com.helper.commonfunct.utilities.login: com.helper.commonfunct.utilities.login is PASSED

2017-11-06 09:31:00 - [MESSAGE][WARNING] - A browser is already opened. Closing browser and opening a new one

2017-11-06 09:31:03 - [MESSAGE][PASSED] - Browser is opened with url: ''

2017-11-06 09:31:03 - [MESSAGE][PASSED] - Navigate to 'http://vtcpqa2:9685/tcpqa/PRServlet' successfully

2017-11-06 09:31:04 - [MESSAGE][PASSED] - Text 'diazz@pegasystems.com' is set on object 'Object Repository/input_UserIdentifier'

2017-11-06 09:31:04 - [MESSAGE][PASSED] - Text 'install' is set on object 'Object Repository/input_Password'

2017-11-06 09:31:07 - [MESSAGE][PASSED] - Keys 'ENTER + ' sent to object: 'Object Repository/input_Password'

2017-11-06 09:31:07 - [MESSAGE][PASSED] - com.helper.commonfunct.utilities.login is PASSED

2017-11-06 09:31:07 - [TEST_STEP][PASSED] - com.helper.commonfunct.utilities.search: com.helper.commonfunct.utilities.search is PASSED

2017-11-06 09:31:08 - [MESSAGE][PASSED] - Current window maximized

2017-11-06 09:31:13 - [MESSAGE][PASSED] - Delayed 5 second(s)

2017-11-06 09:31:14 - [MESSAGE][PASSED] - Text 'BEP-06Nov2017-35' is set on object 'Object Repository/EngInfo/search'

2017-11-06 09:31:16 - [MESSAGE][PASSED] - Delayed 2 second(s)

2017-11-06 09:31:16 - [MESSAGE][PASSED] - Keys 'ENTER + ' sent to object: 'Object Repository/EngInfo/search'

2017-11-06 09:31:21 - [MESSAGE][PASSED] - Delayed 5 second(s)

2017-11-06 09:31:21 - [MESSAGE][PASSED] - com.helper.commonfunct.utilities.search is PASSED

2017-11-06 09:31:21 - [TEST_STEP][PASSED] - com.helper.commonfunct.BEP_CommonMethod.Cancelmeeting: com.helper.commonfunct.BEP_CommonMethod.Cancelmeeting is PASSED

2017-11-06 09:31:25 - [MESSAGE][PASSED] - Delayed 4 second(s)

2017-11-06 09:31:25 - [MESSAGE][WARNING] - Timeout '0' is invalid. Using default page load timeout: '30'

2017-11-06 09:31:26 - [MESSAGE][PASSED] - Object: 'Object Repository/BEP/Meeting/cancelMeetinglink' is clicked on

2017-11-06 09:31:30 - [MESSAGE][PASSED] - Delayed 4 second(s)

2017-11-06 09:31:30 - [MESSAGE][WARNING] - Timeout '0' is invalid. Using default page load timeout: '30'

2017-11-06 09:31:30 - [MESSAGE][PASSED] - Scroll to object 'Object Repository/Generic/FINISH_ASSIGNMENT' successfully

2017-11-06 09:31:30 - [MESSAGE][PASSED] - Object: 'Object Repository/Generic/FINISH_ASSIGNMENT' is clicked on

2017-11-06 09:31:35 - [MESSAGE][PASSED] - Delayed 5 second(s)

2017-11-06 09:31:35 - [MESSAGE][PASSED] - com.helper.commonfunct.BEP_CommonMethod.Cancelmeeting is PASSED

2017-11-06 09:31:35 - [TEST_STEP][PASSED] - com.helper.commonfunct.utilities.WOstatus: com.helper.commonfunct.utilities.WOstatus is PASSED

2017-11-06 09:31:35 - [MESSAGE][PASSED] - Text of object 'Object Repository/ECR/WOSTATUS' is: 'Pending-RLApproval'

2017-11-06 09:31:35 - [MESSAGE][PASSED] - com.helper.commonfunct.utilities.WOstatus is PASSED

2017-11-06 09:31:35 - [TEST_STEP][PASSED] - Statement - Meeting = false: null

2017-11-06 09:31:35 - [TEST_STEP][PASSED] - callTestCase: Call Test Case 'Test Cases/BEP/All_Approval_Reject' successfully

2017-11-06 09:31:35 - [TEST_CASE][PASSED] - Test Cases/BEP/All_Approval_Reject: Test Cases/BEP/All_Approval_Reject

2017-11-06 09:31:35 - [TEST_STEP][PASSED] - Statement - While (WOSTATUS.contains("Pending")): com.helper.commonfunct.utilities.WOstatus is PASSED

2017-11-06 09:31:35 - [TEST_STEP][PASSED] - Statement - For ([j = 0, j < AssignmentList.size(), (j++)]): com.helper.commonfunct.utilities.WOstatus is PASSED

2017-11-06 09:31:35 - [TEST_STEP][PASSED] - Statement - Status = text: null

2017-11-06 09:31:35 - [TEST_STEP][PASSED] - Statement - println(Status): null

2017-11-06 09:31:35 - [TEST_STEP][PASSED] - Statement - If (WOSTATUS == "Pending-RDApproval"): null

2017-11-06 09:31:35 - [TEST_STEP][PASSED] - Statement - Else If (WOSTATUS == "Pending-RLApproval"): com.helper.commonfunct.utilities.WOstatus is PASSED

2017-11-06 09:31:35 - [TEST_STEP][PASSED] - Statement - If (RLReject == false): com.helper.commonfunct.utilities.WOstatus is PASSED

2017-11-06 09:31:35 - [TEST_STEP][PASSED] - com.helper.commonfunct.utilities.login: com.helper.commonfunct.utilities.login is PASSED

2017-11-06 09:31:35 - [MESSAGE][WARNING] - A browser is already opened. Closing browser and opening a new one

2017-11-06 09:31:38 - [MESSAGE][PASSED] - Browser is opened with url: ''

2017-11-06 09:31:39 - [MESSAGE][PASSED] - Navigate to 'http://vtcpqa2:9685/tcpqa/PRServlet' successfully

2017-11-06 09:31:39 - [MESSAGE][PASSED] - Text 'panee@pegasystems.com' is set on object 'Object Repository/input_UserIdentifier'

2017-11-06 09:31:39 - [MESSAGE][PASSED] - Text 'install' is set on object 'Object Repository/input_Password'

2017-11-06 09:31:42 - [MESSAGE][PASSED] - Keys 'ENTER + ' sent to object: 'Object Repository/input_Password'

2017-11-06 09:31:42 - [MESSAGE][PASSED] - com.helper.commonfunct.utilities.login is PASSED

2017-11-06 09:31:42 - [TEST_STEP][PASSED] - com.helper.commonfunct.utilities.search: com.helper.commonfunct.utilities.search is PASSED

2017-11-06 09:31:43 - [MESSAGE][PASSED] - Current window maximized

2017-11-06 09:31:48 - [MESSAGE][PASSED] - Delayed 5 second(s)

2017-11-06 09:31:48 - [MESSAGE][PASSED] - Text 'BEP-06Nov2017-35' is set on object 'Object Repository/EngInfo/search'

2017-11-06 09:31:50 - [MESSAGE][PASSED] - Delayed 2 second(s)

2017-11-06 09:31:50 - [MESSAGE][PASSED] - Keys 'ENTER + ' sent to object: 'Object Repository/EngInfo/search'

2017-11-06 09:31:55 - [MESSAGE][PASSED] - Delayed 5 second(s)

2017-11-06 09:31:55 - [MESSAGE][PASSED] - com.helper.commonfunct.utilities.search is PASSED

2017-11-06 09:31:55 - [TEST_STEP][PASSED] - com.helper.commonfunct.BEP_CommonMethod.RLapprove: com.helper.commonfunct.BEP_CommonMethod.RLapprove is PASSED

2017-11-06 09:31:59 - [MESSAGE][PASSED] - Delayed 4 second(s)

2017-11-06 09:31:59 - [MESSAGE][WARNING] - Timeout '0' is invalid. Using default page load timeout: '30'

2017-11-06 09:32:01 - [MESSAGE][PASSED] - Object: 'Object Repository/BEP/RlLink' is clicked on

2017-11-06 09:32:05 - [MESSAGE][PASSED] - Delayed 4 second(s)

2017-11-06 09:32:05 - [MESSAGE][PASSED] - Scroll to object 'Object Repository/NEXT_BUTTON' successfully

2017-11-06 09:32:05 - [MESSAGE][PASSED] - Object: 'Object Repository/NEXT_BUTTON' is clicked on

2017-11-06 09:32:09 - [MESSAGE][PASSED] - Delayed 4 second(s)

2017-11-06 09:32:09 - [MESSAGE][WARNING] - Timeout '0' is invalid. Using default page load timeout: '30'

2017-11-06 09:32:09 - [MESSAGE][PASSED] - Scroll to object 'Object Repository/BEP/RD_RLApprove' successfully

2017-11-06 09:32:10 - [MESSAGE][PASSED] - Object: 'Object Repository/BEP/RD_RLApprove' is clicked on

2017-11-06 09:32:14 - [MESSAGE][PASSED] - Delayed 4 second(s)

2017-11-06 09:32:14 - [MESSAGE][PASSED] - Text 'Testing' is set on object 'Object Repository/BEP/BEP_CASENOTES'

2017-11-06 09:32:18 - [MESSAGE][PASSED] - Delayed 4 second(s)

2017-11-06 09:32:18 - [MESSAGE][WARNING] - Timeout '0' is invalid. Using default page load timeout: '30'

2017-11-06 09:32:18 - [MESSAGE][PASSED] - Scroll to object 'Object Repository/BEP/FINISH_ASSIGNMENT' successfully

2017-11-06 09:32:18 - [MESSAGE][PASSED] - Object: 'Object Repository/BEP/FINISH_ASSIGNMENT' is clicked on

2017-11-06 09:32:22 - [MESSAGE][PASSED] - Delayed 4 second(s)

2017-11-06 09:32:23 - [MESSAGE][PASSED] - Text of object 'Object Repository/BEP/WOSTATUS' is: 'Resolved-Approved'

2017-11-06 09:32:24 - [MESSAGE][PASSED] - com.helper.commonfunct.BEP_CommonMethod.RLapprove is PASSED

2017-11-06 09:32:24 - [TEST_STEP][PASSED] - com.helper.commonfunct.utilities.WOstatus: com.helper.commonfunct.utilities.WOstatus is PASSED

2017-11-06 09:32:25 - [MESSAGE][PASSED] - Text of object 'Object Repository/ECR/WOSTATUS' is: 'Resolved-Approved'

2017-11-06 09:32:25 - [MESSAGE][PASSED] - com.helper.commonfunct.utilities.WOstatus is PASSED

2017-11-06 09:32:25 - [MESSAGE][PASSED] - Call Test Case 'Test Cases/BEP/All_Approval_Reject' successfully]]></system-out>
         <system-err><![CDATA[]]></system-err>
      </testcase>
      <testcase name="Test Cases/BEP/TC_All_Recall" classname="Test Cases/BEP/TC_All_Recall" status="PASSED">
         <system-out><![CDATA[2017-11-06 09:32:25 - [TEST_CASE][PASSED] - Test Cases/BEP/TC_All_Recall: Test Cases/BEP/TC_All_Recall

2017-11-06 09:32:25 - [TEST_STEP][PASSED] - callTestCase: Call Test Case 'Test Cases/BEP/TC_Create_BEP_NoOutput' successfully

2017-11-06 09:32:26 - [TEST_CASE][PASSED] - Test Cases/BEP/TC_Create_BEP_NoOutput: Test Cases/BEP/TC_Create_BEP_NoOutput

2017-11-06 09:32:26 - [TEST_STEP][PASSED] - com.helper.commonfunct.utilities.login: com.helper.commonfunct.utilities.login is PASSED

2017-11-06 09:32:26 - [MESSAGE][WARNING] - A browser is already opened. Closing browser and opening a new one

2017-11-06 09:32:29 - [MESSAGE][PASSED] - Browser is opened with url: ''

2017-11-06 09:32:29 - [MESSAGE][PASSED] - Navigate to 'http://vtcpqa2:9685/tcpqa/PRServlet' successfully

2017-11-06 09:32:29 - [MESSAGE][PASSED] - Text 'hendj@pegasystems.com' is set on object 'Object Repository/input_UserIdentifier'

2017-11-06 09:32:30 - [MESSAGE][PASSED] - Text 'install' is set on object 'Object Repository/input_Password'

2017-11-06 09:32:32 - [MESSAGE][PASSED] - Keys 'ENTER + ' sent to object: 'Object Repository/input_Password'

2017-11-06 09:32:32 - [MESSAGE][PASSED] - com.helper.commonfunct.utilities.login is PASSED

2017-11-06 09:32:32 - [TEST_STEP][PASSED] - com.helper.commonfunct.BEP_CommonMethod.EstimateNoOutput: com.helper.commonfunct.BEP_CommonMethod.EstimateNoOutput is PASSED

2017-11-06 09:32:32 - [MESSAGE][PASSED] - Object: 'Object Repository/Generic/a_Actions' is clicked on

2017-11-06 09:32:35 - [MESSAGE][PASSED] - Object: 'Object Repository/span_New' is focused

2017-11-06 09:32:37 - [MESSAGE][PASSED] - Object: 'Object Repository/BEP/EstimateLink' is clicked on

2017-11-06 09:32:42 - [MESSAGE][PASSED] - Delayed 5 second(s)

2017-11-06 09:32:42 - [MESSAGE][WARNING] - Timeout '0' is invalid. Using default page load timeout: '30'

2017-11-06 09:32:42 - [MESSAGE][PASSED] - Object 'Object Repository/BEP/import' is visible

2017-11-06 09:32:43 - [MESSAGE][PASSED] - Object: 'Object Repository/BEP/import' is clicked on

2017-11-06 09:32:48 - [MESSAGE][PASSED] - Delayed 5 second(s)

2017-11-06 09:32:48 - [MESSAGE][PASSED] - File 'C:\EStimate.xlsm' sent to object: 'Object Repository/input_PpyWorkPageppyFilePath'

2017-11-06 09:32:53 - [MESSAGE][PASSED] - Delayed 5 second(s)

2017-11-06 09:32:53 - [MESSAGE][PASSED] - Object: 'Object Repository/button_Submit' is clicked on

2017-11-06 09:33:03 - [MESSAGE][PASSED] - Delayed 10 second(s)

2017-11-06 09:33:03 - [MESSAGE][PASSED] - Text 'BOFA' is set on object 'Object Repository/Generic/ORG'

2017-11-06 09:33:08 - [MESSAGE][PASSED] - Delayed 5 second(s)

2017-11-06 09:33:08 - [MESSAGE][PASSED] - Keys 'TAB + ' sent to object: 'Object Repository/Generic/ORG'

2017-11-06 09:33:13 - [MESSAGE][PASSED] - Delayed 5 second(s)

2017-11-06 09:33:14 - [MESSAGE][PASSED] - Text 'BOFA' is set on object 'Object Repository/Generic/ACC'

2017-11-06 09:33:19 - [MESSAGE][PASSED] - Delayed 5 second(s)

2017-11-06 09:33:19 - [MESSAGE][PASSED] - Keys 'TAB + ' sent to object: 'Object Repository/Generic/ACC'

2017-11-06 09:33:24 - [MESSAGE][PASSED] - Delayed 5 second(s)

2017-11-06 09:33:24 - [MESSAGE][PASSED] - Text 'AUTOTEST1' is set on object 'Object Repository/Generic/ENG_DESC'

2017-11-06 09:33:29 - [MESSAGE][PASSED] - Delayed 5 second(s)

2017-11-06 09:33:29 - [MESSAGE][PASSED] - Object: 'Object Repository/Generic/PlatformID' is clicked on

2017-11-06 09:33:31 - [MESSAGE][PASSED] - Delayed 2 second(s)

2017-11-06 09:33:32 - [MESSAGE][PASSED] - Keys 'Accessibility' sent to object: 'Object Repository/Generic/PlatformID'

2017-11-06 09:33:37 - [MESSAGE][PASSED] - Delayed 5 second(s)

2017-11-06 09:33:37 - [MESSAGE][PASSED] - Object: 'Object Repository/Generic/PlatformVersion' is clicked on

2017-11-06 09:33:42 - [MESSAGE][PASSED] - Delayed 5 second(s)

2017-11-06 09:33:42 - [MESSAGE][PASSED] - Keys 'Accessibility Framework' sent to object: 'Object Repository/Generic/PlatformVersion'

2017-11-06 09:33:46 - [MESSAGE][PASSED] - Delayed 4 second(s)

2017-11-06 09:33:46 - [MESSAGE][PASSED] - Scroll to object 'Object Repository/BEP/MorethanOneRLSNO' successfully

2017-11-06 09:33:46 - [MESSAGE][PASSED] - Object: 'Object Repository/BEP/MorethanOneRLSNO' is clicked on

2017-11-06 09:33:50 - [MESSAGE][PASSED] - Delayed 4 second(s)

2017-11-06 09:33:51 - [MESSAGE][PASSED] - Object: 'Object Repository/Generic/PlatformTrue' is clicked on

2017-11-06 09:33:55 - [MESSAGE][PASSED] - Delayed 4 second(s)

2017-11-06 09:34:00 - [MESSAGE][PASSED] - Delayed 5 second(s)

2017-11-06 09:34:00 - [MESSAGE][PASSED] - Object: 'Object Repository/EngInfo/PL' is clicked on

2017-11-06 09:34:02 - [MESSAGE][PASSED] - Delayed 2 second(s)

2017-11-06 09:34:02 - [MESSAGE][PASSED] - Keys 'Jeff Henderson ' sent to object: 'Object Repository/EngInfo/PL'

2017-11-06 09:34:04 - [MESSAGE][PASSED] - Delayed 2 second(s)

2017-11-06 09:34:04 - [MESSAGE][PASSED] - Object: 'Object Repository/EngInfo/PLTL' is clicked on

2017-11-06 09:34:09 - [MESSAGE][PASSED] - Delayed 5 second(s)

2017-11-06 09:34:09 - [MESSAGE][PASSED] - Keys 'Robert Higgins' sent to object: 'Object Repository/EngInfo/PLTL'

2017-11-06 09:34:14 - [MESSAGE][PASSED] - Delayed 5 second(s)

2017-11-06 09:34:14 - [MESSAGE][PASSED] - Scroll to object 'Object Repository/NEXT_BUTTON' successfully

2017-11-06 09:34:15 - [MESSAGE][PASSED] - Object: 'Object Repository/NEXT_BUTTON' is clicked on

2017-11-06 09:34:16 - [MESSAGE][PASSED] - Text '12' is set on object 'Object Repository/BEP/DurationLow'

2017-11-06 09:34:21 - [MESSAGE][PASSED] - Delayed 5 second(s)

2017-11-06 09:34:21 - [MESSAGE][PASSED] - Keys 'TAB + ' sent to object: 'Object Repository/BEP/DurationLow'

2017-11-06 09:34:26 - [MESSAGE][PASSED] - Delayed 5 second(s)

2017-11-06 09:34:27 - [MESSAGE][PASSED] - Text '12' is set on object 'Object Repository/BEP/DurationHigh'

2017-11-06 09:34:32 - [MESSAGE][PASSED] - Delayed 5 second(s)

2017-11-06 09:34:32 - [MESSAGE][PASSED] - Keys 'TAB + ' sent to object: 'Object Repository/BEP/DurationHigh'

2017-11-06 09:34:37 - [MESSAGE][PASSED] - Delayed 5 second(s)

2017-11-06 09:34:37 - [MESSAGE][PASSED] - Text '12' is set on object 'Object Repository/BEP/PartnerHoursLow'

2017-11-06 09:34:42 - [MESSAGE][PASSED] - Delayed 5 second(s)

2017-11-06 09:34:42 - [MESSAGE][PASSED] - Keys 'TAB + ' sent to object: 'Object Repository/BEP/PartnerHoursLow'

2017-11-06 09:34:47 - [MESSAGE][PASSED] - Delayed 5 second(s)

2017-11-06 09:34:47 - [MESSAGE][PASSED] - Text '12' is set on object 'Object Repository/BEP/PartnerHoursHigh'

2017-11-06 09:34:52 - [MESSAGE][PASSED] - Delayed 5 second(s)

2017-11-06 09:34:52 - [MESSAGE][PASSED] - Object: 'Object Repository/BEP/EstimationMethod' is clicked on

2017-11-06 09:34:57 - [MESSAGE][PASSED] - Delayed 5 second(s)

2017-11-06 09:34:57 - [MESSAGE][PASSED] - Keys 'BSW' sent to object: 'Object Repository/BEP/EstimationMethod'

2017-11-06 09:35:02 - [MESSAGE][PASSED] - Delayed 5 second(s)

2017-11-06 09:35:03 - [MESSAGE][PASSED] - Object: 'Object Repository/BEP/routeToRL' is clicked on

2017-11-06 09:35:08 - [MESSAGE][PASSED] - Delayed 5 second(s)

2017-11-06 09:35:08 - [MESSAGE][PASSED] - Scroll to object 'Object Repository/NEXT_BUTTON' successfully

2017-11-06 09:35:08 - [MESSAGE][PASSED] - Object: 'Object Repository/NEXT_BUTTON' is clicked on

2017-11-06 09:35:10 - [MESSAGE][PASSED] - Delayed 2 second(s)

2017-11-06 09:35:10 - [MESSAGE][PASSED] - Object: 'Object Repository/BEP/BEPoutput' is clicked on

2017-11-06 09:35:14 - [MESSAGE][PASSED] - Delayed 4 second(s)

2017-11-06 09:35:14 - [MESSAGE][PASSED] - All options with value 'RFP in process' are selected in object 'Object Repository/BEP/ReasonCode' 

2017-11-06 09:35:14 - [MESSAGE][PASSED] - Scroll to object 'Object Repository/NEXT_BUTTON' successfully

2017-11-06 09:35:15 - [MESSAGE][PASSED] - Object: 'Object Repository/NEXT_BUTTON' is clicked on

2017-11-06 09:35:16 - [MESSAGE][PASSED] - Scroll to object 'Object Repository/Generic/FINISH_BUTTON' successfully

2017-11-06 09:35:16 - [MESSAGE][PASSED] - Object: 'Object Repository/Generic/FINISH_BUTTON' is clicked on

2017-11-06 09:35:20 - [MESSAGE][PASSED] - Delayed 4 second(s)

2017-11-06 09:35:21 - [MESSAGE][PASSED] - Text of object 'Object Repository/BEP/BEPWOID' is: 'BEP-06Nov2017-36'

2017-11-06 09:35:21 - [MESSAGE][PASSED] - com.helper.commonfunct.BEP_CommonMethod.EstimateNoOutput is PASSED

2017-11-06 09:35:21 - [TEST_STEP][PASSED] - com.helper.commonfunct.BEP_CommonMethod.woid: com.helper.commonfunct.BEP_CommonMethod.woid is PASSED

2017-11-06 09:35:21 - [MESSAGE][PASSED] - Text of object 'Object Repository/BEP/BEPWOID' is: 'BEP-06Nov2017-36'

2017-11-06 09:35:21 - [MESSAGE][PASSED] - com.helper.commonfunct.BEP_CommonMethod.woid is PASSED

2017-11-06 09:35:21 - [TEST_STEP][PASSED] - com.helper.commonfunct.BEP_CommonMethod.WOstatus: com.helper.commonfunct.BEP_CommonMethod.WOstatus is PASSED

2017-11-06 09:35:21 - [MESSAGE][PASSED] - Text of object 'Object Repository/BEP/WOSTATUS' is: 'Pending-RDApproval'

2017-11-06 09:35:21 - [MESSAGE][PASSED] - com.helper.commonfunct.BEP_CommonMethod.WOstatus is PASSED

2017-11-06 09:35:21 - [MESSAGE][PASSED] - Call Test Case 'Test Cases/BEP/TC_Create_BEP_NoOutput' successfully

2017-11-06 09:35:21 - [TEST_STEP][PASSED] - Statement - RDRecall = true: null

2017-11-06 09:35:21 - [TEST_STEP][PASSED] - Statement - RLRecall = true: null

2017-11-06 09:35:21 - [TEST_STEP][PASSED] - com.helper.commonfunct.utilities.setprop: com.helper.commonfunct.utilities.setprop is PASSED

2017-11-06 09:35:21 - [MESSAGE][PASSED] - com.helper.commonfunct.utilities.setprop is PASSED

2017-11-06 09:35:21 - [TEST_STEP][NOT_RUN] - Statement - While (WOSTATUS.contains("Pending")): NOT_RUN: Statement - While (WOSTATUS.contains("Pending"))

2017-11-06 09:35:21 - [MESSAGE][NOT_RUN] - NOT_RUN: Statement - While (WOSTATUS.contains("Pending"))

2017-11-06 09:35:21 - [TEST_STEP][PASSED] - callTestCase: Call Test Case 'Test Cases/BEP/All_Approval_Recall' successfully

2017-11-06 09:35:21 - [TEST_CASE][PASSED] - Test Cases/BEP/All_Approval_Recall: Test Cases/BEP/All_Approval_Recall

2017-11-06 09:35:22 - [TEST_STEP][PASSED] - Statement - While (WOSTATUS.contains("Pending")): com.helper.commonfunct.utilities.WOstatus is PASSED

2017-11-06 09:35:22 - [TEST_STEP][PASSED] - Statement - For ([j = 0, j < AssignmentList.size(), (j++)]): com.helper.commonfunct.utilities.WOstatus is PASSED

2017-11-06 09:35:22 - [TEST_STEP][PASSED] - Statement - Status = text: null

2017-11-06 09:35:22 - [TEST_STEP][PASSED] - Statement - println(Status): null

2017-11-06 09:35:22 - [TEST_STEP][PASSED] - Statement - If (WOSTATUS == "Pending-RDApproval"): com.helper.commonfunct.utilities.WOstatus is PASSED

2017-11-06 09:35:22 - [TEST_STEP][PASSED] - Statement - If (RDRecall == false): null

2017-11-06 09:35:22 - [TEST_STEP][PASSED] - Statement - Else: com.helper.commonfunct.utilities.WOstatus is PASSED

2017-11-06 09:35:22 - [TEST_STEP][PASSED] - com.helper.commonfunct.utilities.login: com.helper.commonfunct.utilities.login is PASSED

2017-11-06 09:35:22 - [MESSAGE][WARNING] - A browser is already opened. Closing browser and opening a new one

2017-11-06 09:35:25 - [MESSAGE][PASSED] - Browser is opened with url: ''

2017-11-06 09:35:25 - [MESSAGE][PASSED] - Navigate to 'http://vtcpqa2:9685/tcpqa/PRServlet' successfully

2017-11-06 09:35:26 - [MESSAGE][PASSED] - Text 'hendj@pegasystems.com' is set on object 'Object Repository/input_UserIdentifier'

2017-11-06 09:35:26 - [MESSAGE][PASSED] - Text 'install' is set on object 'Object Repository/input_Password'

2017-11-06 09:35:29 - [MESSAGE][PASSED] - Keys 'ENTER + ' sent to object: 'Object Repository/input_Password'

2017-11-06 09:35:29 - [MESSAGE][PASSED] - com.helper.commonfunct.utilities.login is PASSED

2017-11-06 09:35:29 - [TEST_STEP][PASSED] - com.helper.commonfunct.utilities.search: com.helper.commonfunct.utilities.search is PASSED

2017-11-06 09:35:30 - [MESSAGE][PASSED] - Current window maximized

2017-11-06 09:35:35 - [MESSAGE][PASSED] - Delayed 5 second(s)

2017-11-06 09:35:35 - [MESSAGE][PASSED] - Text 'BEP-06Nov2017-36' is set on object 'Object Repository/EngInfo/search'

2017-11-06 09:35:37 - [MESSAGE][PASSED] - Delayed 2 second(s)

2017-11-06 09:35:37 - [MESSAGE][PASSED] - Keys 'ENTER + ' sent to object: 'Object Repository/EngInfo/search'

2017-11-06 09:35:42 - [MESSAGE][PASSED] - Delayed 5 second(s)

2017-11-06 09:35:42 - [MESSAGE][PASSED] - com.helper.commonfunct.utilities.search is PASSED

2017-11-06 09:35:42 - [TEST_STEP][PASSED] - com.helper.commonfunct.BEP_CommonMethod.recall: com.helper.commonfunct.BEP_CommonMethod.recall is PASSED

2017-11-06 09:35:46 - [MESSAGE][PASSED] - Delayed 4 second(s)

2017-11-06 09:35:46 - [MESSAGE][WARNING] - Timeout '0' is invalid. Using default page load timeout: '30'

2017-11-06 09:35:47 - [MESSAGE][PASSED] - Object: 'Object Repository/otherAction' is clicked on

2017-11-06 09:35:51 - [MESSAGE][PASSED] - Delayed 4 second(s)

2017-11-06 09:35:51 - [MESSAGE][PASSED] - Object: 'Object Repository/BEP/recall' is clicked on

2017-11-06 09:35:55 - [MESSAGE][PASSED] - Delayed 4 second(s)

2017-11-06 09:35:55 - [MESSAGE][PASSED] - Text 'Testing' is set on object 'Object Repository/BEP/recall_reason'

2017-11-06 09:35:59 - [MESSAGE][PASSED] - Delayed 4 second(s)

2017-11-06 09:35:59 - [MESSAGE][PASSED] - Keys 'TAB + ' sent to object: 'Object Repository/BEP/recall_reason'

2017-11-06 09:36:03 - [MESSAGE][PASSED] - Delayed 4 second(s)

2017-11-06 09:36:05 - [MESSAGE][PASSED] - Object: 'Object Repository/BEP/recall_submit' is clicked on

2017-11-06 09:36:09 - [MESSAGE][PASSED] - Delayed 4 second(s)

2017-11-06 09:36:09 - [MESSAGE][PASSED] - com.helper.commonfunct.BEP_CommonMethod.recall is PASSED

2017-11-06 09:36:09 - [TEST_STEP][PASSED] - Statement - RDRecall = false: null

2017-11-06 09:36:09 - [TEST_STEP][PASSED] - Statement - print(RDRecall): null

2017-11-06 09:36:09 - [TEST_STEP][PASSED] - com.helper.commonfunct.utilities.WOstatus: com.helper.commonfunct.utilities.WOstatus is PASSED

2017-11-06 09:36:09 - [MESSAGE][PASSED] - Text of object 'Object Repository/ECR/WOSTATUS' is: 'Pending-Update'

2017-11-06 09:36:09 - [MESSAGE][PASSED] - com.helper.commonfunct.utilities.WOstatus is PASSED

2017-11-06 09:36:09 - [TEST_STEP][PASSED] - Statement - For ([j = 0, j < AssignmentList.size(), (j++)]): com.helper.commonfunct.utilities.WOstatus is PASSED

2017-11-06 09:36:09 - [TEST_STEP][PASSED] - Statement - Status = text: null

2017-11-06 09:36:09 - [TEST_STEP][PASSED] - Statement - println(Status): null

2017-11-06 09:36:09 - [TEST_STEP][PASSED] - Statement - If (WOSTATUS == "Pending-RDApproval"): null

2017-11-06 09:36:09 - [TEST_STEP][PASSED] - Statement - Else If (WOSTATUS == "Pending-RLApproval"): null

2017-11-06 09:36:09 - [TEST_STEP][PASSED] - Statement - Else If (WOSTATUS == "Pending-Update"): com.helper.commonfunct.utilities.WOstatus is PASSED

2017-11-06 09:36:09 - [TEST_STEP][PASSED] - com.helper.commonfunct.utilities.login: com.helper.commonfunct.utilities.login is PASSED

2017-11-06 09:36:09 - [MESSAGE][WARNING] - A browser is already opened. Closing browser and opening a new one

2017-11-06 09:36:12 - [MESSAGE][PASSED] - Browser is opened with url: ''

2017-11-06 09:36:13 - [MESSAGE][PASSED] - Navigate to 'http://vtcpqa2:9685/tcpqa/PRServlet' successfully

2017-11-06 09:36:13 - [MESSAGE][PASSED] - Text 'hendj@pegasystems.com' is set on object 'Object Repository/input_UserIdentifier'

2017-11-06 09:36:13 - [MESSAGE][PASSED] - Text 'install' is set on object 'Object Repository/input_Password'

2017-11-06 09:36:16 - [MESSAGE][PASSED] - Keys 'ENTER + ' sent to object: 'Object Repository/input_Password'

2017-11-06 09:36:16 - [MESSAGE][PASSED] - com.helper.commonfunct.utilities.login is PASSED

2017-11-06 09:36:16 - [TEST_STEP][PASSED] - com.helper.commonfunct.utilities.search: com.helper.commonfunct.utilities.search is PASSED

2017-11-06 09:36:18 - [MESSAGE][PASSED] - Current window maximized

2017-11-06 09:36:23 - [MESSAGE][PASSED] - Delayed 5 second(s)

2017-11-06 09:36:23 - [MESSAGE][PASSED] - Text 'BEP-06Nov2017-36' is set on object 'Object Repository/EngInfo/search'

2017-11-06 09:36:25 - [MESSAGE][PASSED] - Delayed 2 second(s)

2017-11-06 09:36:25 - [MESSAGE][PASSED] - Keys 'ENTER + ' sent to object: 'Object Repository/EngInfo/search'

2017-11-06 09:36:30 - [MESSAGE][PASSED] - Delayed 5 second(s)

2017-11-06 09:36:30 - [MESSAGE][PASSED] - com.helper.commonfunct.utilities.search is PASSED

2017-11-06 09:36:30 - [TEST_STEP][PASSED] - com.helper.commonfunct.BEP_CommonMethod.UpdateAfterRecall: com.helper.commonfunct.BEP_CommonMethod.UpdateAfterRecall is PASSED

2017-11-06 09:36:34 - [MESSAGE][PASSED] - Delayed 4 second(s)

2017-11-06 09:36:34 - [MESSAGE][WARNING] - Timeout '0' is invalid. Using default page load timeout: '30'

2017-11-06 09:36:35 - [MESSAGE][PASSED] - Object: 'Object Repository/BEP/link_Update_AftreRecall' is clicked on

2017-11-06 09:36:39 - [MESSAGE][PASSED] - Delayed 4 second(s)

2017-11-06 09:36:39 - [MESSAGE][PASSED] - Scroll to object 'Object Repository/NEXT_BUTTON' successfully

2017-11-06 09:36:40 - [MESSAGE][PASSED] - Object: 'Object Repository/NEXT_BUTTON' is clicked on

2017-11-06 09:36:44 - [MESSAGE][PASSED] - Delayed 4 second(s)

2017-11-06 09:36:44 - [MESSAGE][PASSED] - Scroll to object 'Object Repository/NEXT_BUTTON' successfully

2017-11-06 09:36:44 - [MESSAGE][PASSED] - Object: 'Object Repository/NEXT_BUTTON' is clicked on

2017-11-06 09:36:48 - [MESSAGE][PASSED] - Delayed 4 second(s)

2017-11-06 09:36:48 - [MESSAGE][PASSED] - Text 'Testing' is set on object 'Object Repository/BEP/BEP_CASENOTES'

2017-11-06 09:36:52 - [MESSAGE][PASSED] - Delayed 4 second(s)

2017-11-06 09:36:52 - [MESSAGE][PASSED] - Scroll to object 'Object Repository/NEXT_BUTTON' successfully

2017-11-06 09:36:52 - [MESSAGE][PASSED] - Object: 'Object Repository/NEXT_BUTTON' is clicked on

2017-11-06 09:36:56 - [MESSAGE][PASSED] - Delayed 4 second(s)

2017-11-06 09:36:56 - [MESSAGE][WARNING] - Timeout '0' is invalid. Using default page load timeout: '30'

2017-11-06 09:36:56 - [MESSAGE][PASSED] - Scroll to object 'Object Repository/BEP/FINISH_ASSIGNMENT' successfully

2017-11-06 09:36:57 - [MESSAGE][PASSED] - Object: 'Object Repository/BEP/FINISH_ASSIGNMENT' is clicked on

2017-11-06 09:37:01 - [MESSAGE][PASSED] - Delayed 4 second(s)

2017-11-06 09:37:01 - [MESSAGE][PASSED] - com.helper.commonfunct.BEP_CommonMethod.UpdateAfterRecall is PASSED

2017-11-06 09:37:01 - [TEST_STEP][PASSED] - com.helper.commonfunct.utilities.WOstatus: com.helper.commonfunct.utilities.WOstatus is PASSED

2017-11-06 09:37:01 - [MESSAGE][PASSED] - Text of object 'Object Repository/ECR/WOSTATUS' is: 'Pending-RDApproval'

2017-11-06 09:37:01 - [MESSAGE][PASSED] - com.helper.commonfunct.utilities.WOstatus is PASSED

2017-11-06 09:37:01 - [TEST_STEP][PASSED] - Statement - Status = text: null

2017-11-06 09:37:01 - [TEST_STEP][PASSED] - Statement - println(Status): null

2017-11-06 09:37:01 - [TEST_STEP][PASSED] - Statement - If (WOSTATUS == "Pending-RDApproval"): com.helper.commonfunct.utilities.WOstatus is PASSED

2017-11-06 09:37:01 - [TEST_STEP][PASSED] - Statement - If (RDRecall == false): com.helper.commonfunct.utilities.WOstatus is PASSED

2017-11-06 09:37:01 - [TEST_STEP][PASSED] - Statement - If (RouteToRL == true): com.helper.commonfunct.utilities.WOstatus is PASSED

2017-11-06 09:37:01 - [TEST_STEP][PASSED] - com.helper.commonfunct.utilities.login: com.helper.commonfunct.utilities.login is PASSED

2017-11-06 09:37:01 - [MESSAGE][WARNING] - A browser is already opened. Closing browser and opening a new one

2017-11-06 09:37:04 - [MESSAGE][PASSED] - Browser is opened with url: ''

2017-11-06 09:37:05 - [MESSAGE][PASSED] - Navigate to 'http://vtcpqa2:9685/tcpqa/PRServlet' successfully

2017-11-06 09:37:05 - [MESSAGE][PASSED] - Text 'langr1@pegasystems.com' is set on object 'Object Repository/input_UserIdentifier'

2017-11-06 09:37:05 - [MESSAGE][PASSED] - Text 'install' is set on object 'Object Repository/input_Password'

2017-11-06 09:37:08 - [MESSAGE][PASSED] - Keys 'ENTER + ' sent to object: 'Object Repository/input_Password'

2017-11-06 09:37:08 - [MESSAGE][PASSED] - com.helper.commonfunct.utilities.login is PASSED

2017-11-06 09:37:08 - [TEST_STEP][PASSED] - com.helper.commonfunct.utilities.search: com.helper.commonfunct.utilities.search is PASSED

2017-11-06 09:37:09 - [MESSAGE][PASSED] - Current window maximized

2017-11-06 09:37:14 - [MESSAGE][PASSED] - Delayed 5 second(s)

2017-11-06 09:37:15 - [MESSAGE][PASSED] - Text 'BEP-06Nov2017-36' is set on object 'Object Repository/EngInfo/search'

2017-11-06 09:37:17 - [MESSAGE][PASSED] - Delayed 2 second(s)

2017-11-06 09:37:17 - [MESSAGE][PASSED] - Keys 'ENTER + ' sent to object: 'Object Repository/EngInfo/search'

2017-11-06 09:37:22 - [MESSAGE][PASSED] - Delayed 5 second(s)

2017-11-06 09:37:22 - [MESSAGE][PASSED] - com.helper.commonfunct.utilities.search is PASSED

2017-11-06 09:37:22 - [TEST_STEP][PASSED] - com.helper.commonfunct.BEP_CommonMethod.RDapprove: com.helper.commonfunct.BEP_CommonMethod.RDapprove is PASSED

2017-11-06 09:37:26 - [MESSAGE][PASSED] - Delayed 4 second(s)

2017-11-06 09:37:26 - [MESSAGE][WARNING] - Timeout '0' is invalid. Using default page load timeout: '30'

2017-11-06 09:37:27 - [MESSAGE][PASSED] - Object: 'Object Repository/BEP/RDLink' is clicked on

2017-11-06 09:37:31 - [MESSAGE][PASSED] - Delayed 4 second(s)

2017-11-06 09:37:31 - [MESSAGE][PASSED] - Scroll to object 'Object Repository/NEXT_BUTTON' successfully

2017-11-06 09:37:32 - [MESSAGE][PASSED] - Object: 'Object Repository/NEXT_BUTTON' is clicked on

2017-11-06 09:37:36 - [MESSAGE][PASSED] - Delayed 4 second(s)

2017-11-06 09:37:36 - [MESSAGE][WARNING] - Timeout '0' is invalid. Using default page load timeout: '30'

2017-11-06 09:37:36 - [MESSAGE][PASSED] - Scroll to object 'Object Repository/BEP/RD_RLApprove' successfully

2017-11-06 09:37:36 - [MESSAGE][PASSED] - Object: 'Object Repository/BEP/RD_RLApprove' is clicked on

2017-11-06 09:37:40 - [MESSAGE][PASSED] - Delayed 4 second(s)

2017-11-06 09:37:40 - [MESSAGE][PASSED] - Text 'Testing' is set on object 'Object Repository/BEP/BEP_CASENOTES'

2017-11-06 09:37:44 - [MESSAGE][PASSED] - Delayed 4 second(s)

2017-11-06 09:37:44 - [MESSAGE][WARNING] - Timeout '0' is invalid. Using default page load timeout: '30'

2017-11-06 09:37:44 - [MESSAGE][PASSED] - Scroll to object 'Object Repository/BEP/FINISH_ASSIGNMENT' successfully

2017-11-06 09:37:44 - [MESSAGE][PASSED] - Object: 'Object Repository/BEP/FINISH_ASSIGNMENT' is clicked on

2017-11-06 09:37:48 - [MESSAGE][PASSED] - Delayed 4 second(s)

2017-11-06 09:37:48 - [MESSAGE][PASSED] - com.helper.commonfunct.BEP_CommonMethod.RDapprove is PASSED

2017-11-06 09:37:48 - [TEST_STEP][PASSED] - com.helper.commonfunct.utilities.WOstatus: com.helper.commonfunct.utilities.WOstatus is PASSED

2017-11-06 09:37:48 - [MESSAGE][PASSED] - Text of object 'Object Repository/ECR/WOSTATUS' is: 'Pending-RLApproval'

2017-11-06 09:37:48 - [MESSAGE][PASSED] - com.helper.commonfunct.utilities.WOstatus is PASSED

2017-11-06 09:37:48 - [TEST_STEP][PASSED] - Statement - For ([j = 0, j < AssignmentList.size(), (j++)]): com.helper.commonfunct.utilities.WOstatus is PASSED

2017-11-06 09:37:48 - [TEST_STEP][PASSED] - Statement - Status = text: null

2017-11-06 09:37:48 - [TEST_STEP][PASSED] - Statement - println(Status): null

2017-11-06 09:37:48 - [TEST_STEP][PASSED] - Statement - If (WOSTATUS == "Pending-RDApproval"): null

2017-11-06 09:37:48 - [TEST_STEP][PASSED] - Statement - Else If (WOSTATUS == "Pending-RLApproval"): com.helper.commonfunct.utilities.WOstatus is PASSED

2017-11-06 09:37:48 - [TEST_STEP][PASSED] - Statement - If (RLRecall == false): null

2017-11-06 09:37:48 - [TEST_STEP][PASSED] - Statement - Else: com.helper.commonfunct.utilities.WOstatus is PASSED

2017-11-06 09:37:48 - [TEST_STEP][PASSED] - com.helper.commonfunct.utilities.login: com.helper.commonfunct.utilities.login is PASSED

2017-11-06 09:37:48 - [MESSAGE][WARNING] - A browser is already opened. Closing browser and opening a new one

2017-11-06 09:37:52 - [MESSAGE][PASSED] - Browser is opened with url: ''

2017-11-06 09:37:52 - [MESSAGE][PASSED] - Navigate to 'http://vtcpqa2:9685/tcpqa/PRServlet' successfully

2017-11-06 09:37:52 - [MESSAGE][PASSED] - Text 'hendj@pegasystems.com' is set on object 'Object Repository/input_UserIdentifier'

2017-11-06 09:37:53 - [MESSAGE][PASSED] - Text 'install' is set on object 'Object Repository/input_Password'

2017-11-06 09:37:56 - [MESSAGE][PASSED] - Keys 'ENTER + ' sent to object: 'Object Repository/input_Password'

2017-11-06 09:37:56 - [MESSAGE][PASSED] - com.helper.commonfunct.utilities.login is PASSED

2017-11-06 09:37:56 - [TEST_STEP][PASSED] - com.helper.commonfunct.utilities.search: com.helper.commonfunct.utilities.search is PASSED

2017-11-06 09:37:57 - [MESSAGE][PASSED] - Current window maximized

2017-11-06 09:38:02 - [MESSAGE][PASSED] - Delayed 5 second(s)

2017-11-06 09:38:02 - [MESSAGE][PASSED] - Text 'BEP-06Nov2017-36' is set on object 'Object Repository/EngInfo/search'

2017-11-06 09:38:04 - [MESSAGE][PASSED] - Delayed 2 second(s)

2017-11-06 09:38:04 - [MESSAGE][PASSED] - Keys 'ENTER + ' sent to object: 'Object Repository/EngInfo/search'

2017-11-06 09:38:09 - [MESSAGE][PASSED] - Delayed 5 second(s)

2017-11-06 09:38:09 - [MESSAGE][PASSED] - com.helper.commonfunct.utilities.search is PASSED

2017-11-06 09:38:09 - [TEST_STEP][PASSED] - com.helper.commonfunct.BEP_CommonMethod.recall: com.helper.commonfunct.BEP_CommonMethod.recall is PASSED

2017-11-06 09:38:13 - [MESSAGE][PASSED] - Delayed 4 second(s)

2017-11-06 09:38:13 - [MESSAGE][WARNING] - Timeout '0' is invalid. Using default page load timeout: '30'

2017-11-06 09:38:13 - [MESSAGE][PASSED] - Object: 'Object Repository/otherAction' is clicked on

2017-11-06 09:38:17 - [MESSAGE][PASSED] - Delayed 4 second(s)

2017-11-06 09:38:18 - [MESSAGE][PASSED] - Object: 'Object Repository/BEP/recall' is clicked on

2017-11-06 09:38:22 - [MESSAGE][PASSED] - Delayed 4 second(s)

2017-11-06 09:38:22 - [MESSAGE][PASSED] - Text 'Testing' is set on object 'Object Repository/BEP/recall_reason'

2017-11-06 09:38:26 - [MESSAGE][PASSED] - Delayed 4 second(s)

2017-11-06 09:38:26 - [MESSAGE][PASSED] - Keys 'TAB + ' sent to object: 'Object Repository/BEP/recall_reason'

2017-11-06 09:38:30 - [MESSAGE][PASSED] - Delayed 4 second(s)

2017-11-06 09:38:31 - [MESSAGE][PASSED] - Object: 'Object Repository/BEP/recall_submit' is clicked on

2017-11-06 09:38:35 - [MESSAGE][PASSED] - Delayed 4 second(s)

2017-11-06 09:38:35 - [MESSAGE][PASSED] - com.helper.commonfunct.BEP_CommonMethod.recall is PASSED

2017-11-06 09:38:35 - [TEST_STEP][PASSED] - Statement - RLRecall = false: null

2017-11-06 09:38:35 - [TEST_STEP][PASSED] - Statement - print(RLRecall): null

2017-11-06 09:38:35 - [TEST_STEP][PASSED] - com.helper.commonfunct.utilities.WOstatus: com.helper.commonfunct.utilities.WOstatus is PASSED

2017-11-06 09:38:36 - [MESSAGE][PASSED] - Text of object 'Object Repository/ECR/WOSTATUS' is: 'Pending-Update'

2017-11-06 09:38:36 - [MESSAGE][PASSED] - com.helper.commonfunct.utilities.WOstatus is PASSED

2017-11-06 09:38:36 - [TEST_STEP][PASSED] - Statement - For ([j = 0, j < AssignmentList.size(), (j++)]): com.helper.commonfunct.utilities.WOstatus is PASSED

2017-11-06 09:38:36 - [TEST_STEP][PASSED] - Statement - Status = text: null

2017-11-06 09:38:36 - [TEST_STEP][PASSED] - Statement - println(Status): null

2017-11-06 09:38:36 - [TEST_STEP][PASSED] - Statement - If (WOSTATUS == "Pending-RDApproval"): null

2017-11-06 09:38:36 - [TEST_STEP][PASSED] - Statement - Else If (WOSTATUS == "Pending-RLApproval"): null

2017-11-06 09:38:36 - [TEST_STEP][PASSED] - Statement - Else If (WOSTATUS == "Pending-Update"): com.helper.commonfunct.utilities.WOstatus is PASSED

2017-11-06 09:38:36 - [TEST_STEP][PASSED] - com.helper.commonfunct.utilities.login: com.helper.commonfunct.utilities.login is PASSED

2017-11-06 09:38:36 - [MESSAGE][WARNING] - A browser is already opened. Closing browser and opening a new one

2017-11-06 09:38:39 - [MESSAGE][PASSED] - Browser is opened with url: ''

2017-11-06 09:38:39 - [MESSAGE][PASSED] - Navigate to 'http://vtcpqa2:9685/tcpqa/PRServlet' successfully

2017-11-06 09:38:40 - [MESSAGE][PASSED] - Text 'hendj@pegasystems.com' is set on object 'Object Repository/input_UserIdentifier'

2017-11-06 09:38:40 - [MESSAGE][PASSED] - Text 'install' is set on object 'Object Repository/input_Password'

2017-11-06 09:38:43 - [MESSAGE][PASSED] - Keys 'ENTER + ' sent to object: 'Object Repository/input_Password'

2017-11-06 09:38:43 - [MESSAGE][PASSED] - com.helper.commonfunct.utilities.login is PASSED

2017-11-06 09:38:43 - [TEST_STEP][PASSED] - com.helper.commonfunct.utilities.search: com.helper.commonfunct.utilities.search is PASSED

2017-11-06 09:38:44 - [MESSAGE][PASSED] - Current window maximized

2017-11-06 09:38:49 - [MESSAGE][PASSED] - Delayed 5 second(s)

2017-11-06 09:38:49 - [MESSAGE][PASSED] - Text 'BEP-06Nov2017-36' is set on object 'Object Repository/EngInfo/search'

2017-11-06 09:38:51 - [MESSAGE][PASSED] - Delayed 2 second(s)

2017-11-06 09:38:51 - [MESSAGE][PASSED] - Keys 'ENTER + ' sent to object: 'Object Repository/EngInfo/search'

2017-11-06 09:38:56 - [MESSAGE][PASSED] - Delayed 5 second(s)

2017-11-06 09:38:56 - [MESSAGE][PASSED] - com.helper.commonfunct.utilities.search is PASSED

2017-11-06 09:38:56 - [TEST_STEP][PASSED] - com.helper.commonfunct.BEP_CommonMethod.UpdateAfterRecall: com.helper.commonfunct.BEP_CommonMethod.UpdateAfterRecall is PASSED

2017-11-06 09:39:00 - [MESSAGE][PASSED] - Delayed 4 second(s)

2017-11-06 09:39:00 - [MESSAGE][WARNING] - Timeout '0' is invalid. Using default page load timeout: '30'

2017-11-06 09:39:02 - [MESSAGE][PASSED] - Object: 'Object Repository/BEP/link_Update_AftreRecall' is clicked on

2017-11-06 09:39:06 - [MESSAGE][PASSED] - Delayed 4 second(s)

2017-11-06 09:39:06 - [MESSAGE][PASSED] - Scroll to object 'Object Repository/NEXT_BUTTON' successfully

2017-11-06 09:39:06 - [MESSAGE][PASSED] - Object: 'Object Repository/NEXT_BUTTON' is clicked on

2017-11-06 09:39:10 - [MESSAGE][PASSED] - Delayed 4 second(s)

2017-11-06 09:39:10 - [MESSAGE][PASSED] - Scroll to object 'Object Repository/NEXT_BUTTON' successfully

2017-11-06 09:39:10 - [MESSAGE][PASSED] - Object: 'Object Repository/NEXT_BUTTON' is clicked on

2017-11-06 09:39:14 - [MESSAGE][PASSED] - Delayed 4 second(s)

2017-11-06 09:39:14 - [MESSAGE][PASSED] - Text 'Testing' is set on object 'Object Repository/BEP/BEP_CASENOTES'

2017-11-06 09:39:18 - [MESSAGE][PASSED] - Delayed 4 second(s)

2017-11-06 09:39:18 - [MESSAGE][PASSED] - Scroll to object 'Object Repository/NEXT_BUTTON' successfully

2017-11-06 09:39:19 - [MESSAGE][PASSED] - Object: 'Object Repository/NEXT_BUTTON' is clicked on

2017-11-06 09:39:23 - [MESSAGE][PASSED] - Delayed 4 second(s)

2017-11-06 09:39:23 - [MESSAGE][WARNING] - Timeout '0' is invalid. Using default page load timeout: '30'

2017-11-06 09:39:23 - [MESSAGE][PASSED] - Scroll to object 'Object Repository/BEP/FINISH_ASSIGNMENT' successfully

2017-11-06 09:39:23 - [MESSAGE][PASSED] - Object: 'Object Repository/BEP/FINISH_ASSIGNMENT' is clicked on

2017-11-06 09:39:27 - [MESSAGE][PASSED] - Delayed 4 second(s)

2017-11-06 09:39:27 - [MESSAGE][PASSED] - com.helper.commonfunct.BEP_CommonMethod.UpdateAfterRecall is PASSED

2017-11-06 09:39:27 - [TEST_STEP][PASSED] - com.helper.commonfunct.utilities.WOstatus: com.helper.commonfunct.utilities.WOstatus is PASSED

2017-11-06 09:39:27 - [MESSAGE][PASSED] - Text of object 'Object Repository/ECR/WOSTATUS' is: 'Pending-RDApproval'

2017-11-06 09:39:27 - [MESSAGE][PASSED] - com.helper.commonfunct.utilities.WOstatus is PASSED

2017-11-06 09:39:27 - [TEST_STEP][PASSED] - Statement - Status = text: null

2017-11-06 09:39:27 - [TEST_STEP][PASSED] - Statement - println(Status): null

2017-11-06 09:39:27 - [TEST_STEP][PASSED] - Statement - If (WOSTATUS == "Pending-RDApproval"): com.helper.commonfunct.utilities.WOstatus is PASSED

2017-11-06 09:39:27 - [TEST_STEP][PASSED] - Statement - If (RDRecall == false): com.helper.commonfunct.utilities.WOstatus is PASSED

2017-11-06 09:39:27 - [TEST_STEP][PASSED] - Statement - If (RouteToRL == true): com.helper.commonfunct.utilities.WOstatus is PASSED

2017-11-06 09:39:27 - [TEST_STEP][PASSED] - com.helper.commonfunct.utilities.login: com.helper.commonfunct.utilities.login is PASSED

2017-11-06 09:39:27 - [MESSAGE][WARNING] - A browser is already opened. Closing browser and opening a new one

2017-11-06 09:39:30 - [MESSAGE][PASSED] - Browser is opened with url: ''

2017-11-06 09:39:31 - [MESSAGE][PASSED] - Navigate to 'http://vtcpqa2:9685/tcpqa/PRServlet' successfully

2017-11-06 09:39:31 - [MESSAGE][PASSED] - Text 'langr1@pegasystems.com' is set on object 'Object Repository/input_UserIdentifier'

2017-11-06 09:39:31 - [MESSAGE][PASSED] - Text 'install' is set on object 'Object Repository/input_Password'

2017-11-06 09:39:34 - [MESSAGE][PASSED] - Keys 'ENTER + ' sent to object: 'Object Repository/input_Password'

2017-11-06 09:39:34 - [MESSAGE][PASSED] - com.helper.commonfunct.utilities.login is PASSED

2017-11-06 09:39:34 - [TEST_STEP][PASSED] - com.helper.commonfunct.utilities.search: com.helper.commonfunct.utilities.search is PASSED

2017-11-06 09:39:35 - [MESSAGE][PASSED] - Current window maximized

2017-11-06 09:39:40 - [MESSAGE][PASSED] - Delayed 5 second(s)

2017-11-06 09:39:40 - [MESSAGE][PASSED] - Text 'BEP-06Nov2017-36' is set on object 'Object Repository/EngInfo/search'

2017-11-06 09:39:42 - [MESSAGE][PASSED] - Delayed 2 second(s)

2017-11-06 09:39:42 - [MESSAGE][PASSED] - Keys 'ENTER + ' sent to object: 'Object Repository/EngInfo/search'

2017-11-06 09:39:47 - [MESSAGE][PASSED] - Delayed 5 second(s)

2017-11-06 09:39:47 - [MESSAGE][PASSED] - com.helper.commonfunct.utilities.search is PASSED

2017-11-06 09:39:47 - [TEST_STEP][PASSED] - com.helper.commonfunct.BEP_CommonMethod.RDapprove: com.helper.commonfunct.BEP_CommonMethod.RDapprove is PASSED

2017-11-06 09:39:51 - [MESSAGE][PASSED] - Delayed 4 second(s)

2017-11-06 09:39:51 - [MESSAGE][WARNING] - Timeout '0' is invalid. Using default page load timeout: '30'

2017-11-06 09:39:53 - [MESSAGE][PASSED] - Object: 'Object Repository/BEP/RDLink' is clicked on

2017-11-06 09:39:57 - [MESSAGE][PASSED] - Delayed 4 second(s)

2017-11-06 09:39:57 - [MESSAGE][PASSED] - Scroll to object 'Object Repository/NEXT_BUTTON' successfully

2017-11-06 09:39:57 - [MESSAGE][PASSED] - Object: 'Object Repository/NEXT_BUTTON' is clicked on

2017-11-06 09:40:01 - [MESSAGE][PASSED] - Delayed 4 second(s)

2017-11-06 09:40:01 - [MESSAGE][WARNING] - Timeout '0' is invalid. Using default page load timeout: '30'

2017-11-06 09:40:01 - [MESSAGE][PASSED] - Scroll to object 'Object Repository/BEP/RD_RLApprove' successfully

2017-11-06 09:40:01 - [MESSAGE][PASSED] - Object: 'Object Repository/BEP/RD_RLApprove' is clicked on

2017-11-06 09:40:05 - [MESSAGE][PASSED] - Delayed 4 second(s)

2017-11-06 09:40:05 - [MESSAGE][PASSED] - Text 'Testing' is set on object 'Object Repository/BEP/BEP_CASENOTES'

2017-11-06 09:40:09 - [MESSAGE][PASSED] - Delayed 4 second(s)

2017-11-06 09:40:10 - [MESSAGE][WARNING] - Timeout '0' is invalid. Using default page load timeout: '30'

2017-11-06 09:40:10 - [MESSAGE][PASSED] - Scroll to object 'Object Repository/BEP/FINISH_ASSIGNMENT' successfully

2017-11-06 09:40:10 - [MESSAGE][PASSED] - Object: 'Object Repository/BEP/FINISH_ASSIGNMENT' is clicked on

2017-11-06 09:40:14 - [MESSAGE][PASSED] - Delayed 4 second(s)

2017-11-06 09:40:14 - [MESSAGE][PASSED] - com.helper.commonfunct.BEP_CommonMethod.RDapprove is PASSED

2017-11-06 09:40:14 - [TEST_STEP][PASSED] - com.helper.commonfunct.utilities.WOstatus: com.helper.commonfunct.utilities.WOstatus is PASSED

2017-11-06 09:40:14 - [MESSAGE][PASSED] - Text of object 'Object Repository/ECR/WOSTATUS' is: 'Pending-RLApproval'

2017-11-06 09:40:14 - [MESSAGE][PASSED] - com.helper.commonfunct.utilities.WOstatus is PASSED

2017-11-06 09:40:14 - [TEST_STEP][PASSED] - Statement - For ([j = 0, j < AssignmentList.size(), (j++)]): com.helper.commonfunct.utilities.WOstatus is PASSED

2017-11-06 09:40:14 - [TEST_STEP][PASSED] - Statement - Status = text: null

2017-11-06 09:40:14 - [TEST_STEP][PASSED] - Statement - println(Status): null

2017-11-06 09:40:14 - [TEST_STEP][PASSED] - Statement - If (WOSTATUS == "Pending-RDApproval"): null

2017-11-06 09:40:14 - [TEST_STEP][PASSED] - Statement - Else If (WOSTATUS == "Pending-RLApproval"): com.helper.commonfunct.utilities.WOstatus is PASSED

2017-11-06 09:40:14 - [TEST_STEP][PASSED] - Statement - If (RLRecall == false): com.helper.commonfunct.utilities.WOstatus is PASSED

2017-11-06 09:40:14 - [TEST_STEP][PASSED] - com.helper.commonfunct.utilities.login: com.helper.commonfunct.utilities.login is PASSED

2017-11-06 09:40:14 - [MESSAGE][WARNING] - A browser is already opened. Closing browser and opening a new one

2017-11-06 09:40:17 - [MESSAGE][PASSED] - Browser is opened with url: ''

2017-11-06 09:40:18 - [MESSAGE][PASSED] - Navigate to 'http://vtcpqa2:9685/tcpqa/PRServlet' successfully

2017-11-06 09:40:18 - [MESSAGE][PASSED] - Text 'panee@pegasystems.com' is set on object 'Object Repository/input_UserIdentifier'

2017-11-06 09:40:18 - [MESSAGE][PASSED] - Text 'install' is set on object 'Object Repository/input_Password'

2017-11-06 09:40:21 - [MESSAGE][PASSED] - Keys 'ENTER + ' sent to object: 'Object Repository/input_Password'

2017-11-06 09:40:21 - [MESSAGE][PASSED] - com.helper.commonfunct.utilities.login is PASSED

2017-11-06 09:40:21 - [TEST_STEP][PASSED] - com.helper.commonfunct.utilities.search: com.helper.commonfunct.utilities.search is PASSED

2017-11-06 09:40:22 - [MESSAGE][PASSED] - Current window maximized

2017-11-06 09:40:27 - [MESSAGE][PASSED] - Delayed 5 second(s)

2017-11-06 09:40:27 - [MESSAGE][PASSED] - Text 'BEP-06Nov2017-36' is set on object 'Object Repository/EngInfo/search'

2017-11-06 09:40:29 - [MESSAGE][PASSED] - Delayed 2 second(s)

2017-11-06 09:40:29 - [MESSAGE][PASSED] - Keys 'ENTER + ' sent to object: 'Object Repository/EngInfo/search'

2017-11-06 09:40:34 - [MESSAGE][PASSED] - Delayed 5 second(s)

2017-11-06 09:40:34 - [MESSAGE][PASSED] - com.helper.commonfunct.utilities.search is PASSED

2017-11-06 09:40:34 - [TEST_STEP][PASSED] - com.helper.commonfunct.BEP_CommonMethod.RLapprove: com.helper.commonfunct.BEP_CommonMethod.RLapprove is PASSED

2017-11-06 09:40:38 - [MESSAGE][PASSED] - Delayed 4 second(s)

2017-11-06 09:40:38 - [MESSAGE][WARNING] - Timeout '0' is invalid. Using default page load timeout: '30'

2017-11-06 09:40:40 - [MESSAGE][PASSED] - Object: 'Object Repository/BEP/RlLink' is clicked on

2017-11-06 09:40:44 - [MESSAGE][PASSED] - Delayed 4 second(s)

2017-11-06 09:40:44 - [MESSAGE][PASSED] - Scroll to object 'Object Repository/NEXT_BUTTON' successfully

2017-11-06 09:40:44 - [MESSAGE][PASSED] - Object: 'Object Repository/NEXT_BUTTON' is clicked on

2017-11-06 09:40:48 - [MESSAGE][PASSED] - Delayed 4 second(s)

2017-11-06 09:40:48 - [MESSAGE][WARNING] - Timeout '0' is invalid. Using default page load timeout: '30'

2017-11-06 09:40:48 - [MESSAGE][PASSED] - Scroll to object 'Object Repository/BEP/RD_RLApprove' successfully

2017-11-06 09:40:48 - [MESSAGE][PASSED] - Object: 'Object Repository/BEP/RD_RLApprove' is clicked on

2017-11-06 09:40:52 - [MESSAGE][PASSED] - Delayed 4 second(s)

2017-11-06 09:40:53 - [MESSAGE][PASSED] - Text 'Testing' is set on object 'Object Repository/BEP/BEP_CASENOTES'

2017-11-06 09:40:57 - [MESSAGE][PASSED] - Delayed 4 second(s)

2017-11-06 09:40:57 - [MESSAGE][WARNING] - Timeout '0' is invalid. Using default page load timeout: '30'

2017-11-06 09:40:57 - [MESSAGE][PASSED] - Scroll to object 'Object Repository/BEP/FINISH_ASSIGNMENT' successfully

2017-11-06 09:40:57 - [MESSAGE][PASSED] - Object: 'Object Repository/BEP/FINISH_ASSIGNMENT' is clicked on

2017-11-06 09:41:01 - [MESSAGE][PASSED] - Delayed 4 second(s)

2017-11-06 09:41:01 - [MESSAGE][PASSED] - Text of object 'Object Repository/BEP/WOSTATUS' is: 'Resolved-Approved'

2017-11-06 09:41:03 - [MESSAGE][PASSED] - com.helper.commonfunct.BEP_CommonMethod.RLapprove is PASSED

2017-11-06 09:41:03 - [TEST_STEP][PASSED] - com.helper.commonfunct.utilities.WOstatus: com.helper.commonfunct.utilities.WOstatus is PASSED

2017-11-06 09:41:04 - [MESSAGE][PASSED] - Text of object 'Object Repository/ECR/WOSTATUS' is: 'Resolved-Approved'

2017-11-06 09:41:04 - [MESSAGE][PASSED] - com.helper.commonfunct.utilities.WOstatus is PASSED

2017-11-06 09:41:04 - [MESSAGE][PASSED] - Call Test Case 'Test Cases/BEP/All_Approval_Recall' successfully]]></system-out>
         <system-err><![CDATA[]]></system-err>
      </testcase>
      <system-out><![CDATA[2017-11-06 08:50:55 - [TEST_SUITE][FAILED] - BEP: Test Cases/BEP/TC_CreateBEP_EmailOutput_SendEmail_NoECR FAILED because (of) Unable to set text '12' of object 'Object Repository/BEP/DurationLow' (Root cause: org.openqa.selenium.UnhandledAlertException: unexpected alert open: {Alert text : Please correct flagged fields before submitting the form!}
  (Session info: chrome=61.0.3163.100)
  (Driver info: chromedriver=2.33.506120 (e3e53437346286c0bc2d2dc9aa4915ba81d9023f),platform=Windows NT 6.1.7601 SP1 x86_64) (WARNING: The server did not provide any stacktrace information)
Command duration or timeout: 3 milliseconds: null
Build info: version: '2.53.0', revision: '35ae25b', time: '2016-03-15 17:00:58'
System info: host: 'L22622WUS', ip: '10.2.176.41', os.name: 'Windows 7', os.arch: 'amd64', os.version: '6.1', java.version: '1.8.0_102'
Driver info: com.kms.katalon.selenium.driver.CChromeDriver
Capabilities [{applicationCacheEnabled=false, rotatable=false, mobileEmulationEnabled=false, networkConnectionEnabled=false, chrome={chromedriverVersion=2.33.506120 (e3e53437346286c0bc2d2dc9aa4915ba81d9023f), userDataDir=C:\Users\nipin\AppData\Local\Temp\scoped_dir8524_27919}, takesHeapSnapshot=true, pageLoadStrategy=normal, databaseEnabled=false, handlesAlerts=true, hasTouchScreen=false, version=61.0.3163.100, platform=XP, browserConnectionEnabled=false, nativeEvents=true, acceptSslCerts=true, locationContextEnabled=true, webStorageEnabled=true, browserName=chrome, takesScreenshot=true, javascriptEnabled=true, cssSelectorsEnabled=true, setWindowRect=true, unexpectedAlertBehaviour=}]
Session ID: 049f50b72be195e02a8764d8d8677158
*** Element info: {Using=xpath, value=//*[@id = 'DurationLow']})]]></system-out>
      <system-err><![CDATA[2017-11-06 08:50:55 - [TEST_SUITE][FAILED] - BEP: Test Cases/BEP/TC_CreateBEP_EmailOutput_SendEmail_NoECR FAILED because (of) Unable to set text '12' of object 'Object Repository/BEP/DurationLow' (Root cause: org.openqa.selenium.UnhandledAlertException: unexpected alert open: {Alert text : Please correct flagged fields before submitting the form!}
  (Session info: chrome=61.0.3163.100)
  (Driver info: chromedriver=2.33.506120 (e3e53437346286c0bc2d2dc9aa4915ba81d9023f),platform=Windows NT 6.1.7601 SP1 x86_64) (WARNING: The server did not provide any stacktrace information)
Command duration or timeout: 3 milliseconds: null
Build info: version: '2.53.0', revision: '35ae25b', time: '2016-03-15 17:00:58'
System info: host: 'L22622WUS', ip: '10.2.176.41', os.name: 'Windows 7', os.arch: 'amd64', os.version: '6.1', java.version: '1.8.0_102'
Driver info: com.kms.katalon.selenium.driver.CChromeDriver
Capabilities [{applicationCacheEnabled=false, rotatable=false, mobileEmulationEnabled=false, networkConnectionEnabled=false, chrome={chromedriverVersion=2.33.506120 (e3e53437346286c0bc2d2dc9aa4915ba81d9023f), userDataDir=C:\Users\nipin\AppData\Local\Temp\scoped_dir8524_27919}, takesHeapSnapshot=true, pageLoadStrategy=normal, databaseEnabled=false, handlesAlerts=true, hasTouchScreen=false, version=61.0.3163.100, platform=XP, browserConnectionEnabled=false, nativeEvents=true, acceptSslCerts=true, locationContextEnabled=true, webStorageEnabled=true, browserName=chrome, takesScreenshot=true, javascriptEnabled=true, cssSelectorsEnabled=true, setWindowRect=true, unexpectedAlertBehaviour=}]
Session ID: 049f50b72be195e02a8764d8d8677158
*** Element info: {Using=xpath, value=//*[@id = 'DurationLow']})]]></system-err>
   </testsuite>
</testsuites>
