<?xml version="1.0" encoding="UTF-8"?>
<testsuites name="ECR_Lite" time="62667" tests="0" failures="4" errors="0">
   <testsuite name="ECR_Lite" tests="0" failures="4" errors="0" time="62667" timestamp="2017-11-20 15:31:26" hostname="nipin - L22622WUS.rpega.com" id="Test Suites/ECR_Lite">
      <properties>
         <property name="deviceName" value=""/>
         <property name="devicePlatform" value=""/>
         <property name="logFolder" value="C:\\Users\\nipin\\Katalon Studio\\COE\\Reports\\ECR_Lite\\20171120_153124"/>
         <property name="logFiles" value="C:\\Users\\nipin\\Katalon Studio\\COE\\Reports\\ECR_Lite\\20171120_153124\\execution0.log"/>
         <property name="attachments" value="C:\\Users\\nipin\\Katalon Studio\\COE\\Reports\\ECR_Lite\\20171120_153124\\1511209913331.png, C:\\Users\\nipin\\Katalon Studio\\COE\\Reports\\ECR_Lite\\20171120_153124\\1511210011656.png, C:\\Users\\nipin\\Katalon Studio\\COE\\Reports\\ECR_Lite\\20171120_153124\\1511210012164.png, C:\\Users\\nipin\\Katalon Studio\\COE\\Reports\\ECR_Lite\\20171120_153124\\1511210017798.png, C:\\Users\\nipin\\Katalon Studio\\COE\\Reports\\ECR_Lite\\20171120_153124\\1511210018267.png, C:\\Users\\nipin\\Katalon Studio\\COE\\Reports\\ECR_Lite\\20171120_153124\\1511211020122.png, C:\\Users\\nipin\\Katalon Studio\\COE\\Reports\\ECR_Lite\\20171120_153124\\1511211122272.png, C:\\Users\\nipin\\Katalon Studio\\COE\\Reports\\ECR_Lite\\20171120_153124\\1511211122784.png, C:\\Users\\nipin\\Katalon Studio\\COE\\Reports\\ECR_Lite\\20171120_153124\\1511211128443.png, C:\\Users\\nipin\\Katalon Studio\\COE\\Reports\\ECR_Lite\\20171120_153124\\1511211128857.png, C:\\Users\\nipin\\Katalon Studio\\COE\\Reports\\ECR_Lite\\20171120_153124\\1511272348303.png, C:\\Users\\nipin\\Katalon Studio\\COE\\Reports\\ECR_Lite\\20171120_153124\\1511272487906.png, C:\\Users\\nipin\\Katalon Studio\\COE\\Reports\\ECR_Lite\\20171120_153124\\1511272489845.png, C:\\Users\\nipin\\Katalon Studio\\COE\\Reports\\ECR_Lite\\20171120_153124\\1511272496028.png, C:\\Users\\nipin\\Katalon Studio\\COE\\Reports\\ECR_Lite\\20171120_153124\\1511272496842.png"/>
         <property name="hostName" value="nipin - L22622WUS.rpega.com"/>
         <property name="os" value="Windows 7 64bit"/>
         <property name="katalonVersion" value="5.1.0.1"/>
         <property name="browser" value="Chrome 62.0.3202.94"/>
         <property name="hostAddress" value="10.2.176.79"/>
         <property name="sessionId" value="f0c7bddc06923f0a43aabf1d0f862dba"/>
         <property name="seleniumVersion" value="3.7.1"/>
         <property name="proxyInformation" value="ProxyInformation{proxyOption=NO_PROXY, proxyServerType=HTTP, password=, proxyServerAddress=, proxyServerPort=0}"/>
         <property name="platform" value="Windows 7"/>
      </properties>
      <testcase name="Test Cases/ECR/TC_ECRLite_NoExpertService_AllApproval" classname="Test Cases/ECR/TC_ECRLite_NoExpertService_AllApproval" status="FAILED">
         <failure type="FAILED" message="Unable to wait for object 'Object Repository/EngInfo/COID' to be visible (Root cause: org.openqa.selenium.StaleElementReferenceException: stale element reference: element is not attached to the page document
  (Session info: chrome=62.0.3202.94)
  (Driver info: chromedriver=2.33.506120 (e3e53437346286c0bc2d2dc9aa4915ba81d9023f),platform=Windows NT 6.1.7601 SP1 x86_64) (WARNING: The server did not provide any stacktrace information)
Command duration or timeout: 0 milliseconds
For documentation on this error, please visit: http://seleniumhq.org/exceptions/stale_element_reference.html
Build info: version: '3.7.1', revision: '8a0099a', time: '2017-11-06T21:07:36.161Z'
System info: host: 'L22622WUS', ip: '10.2.176.79', os.name: 'Windows 7', os.arch: 'amd64', os.version: '6.1', java.version: '1.8.0_102'
Driver info: com.kms.katalon.selenium.driver.CChromeDriver
Capabilities {acceptSslCerts: true, applicationCacheEnabled: false, browserConnectionEnabled: false, browserName: chrome, chrome: {chromedriverVersion: 2.33.506120 (e3e53437346286..., userDataDir: C:\Users\nipin\AppData\Loca...}, cssSelectorsEnabled: true, databaseEnabled: false, handlesAlerts: true, hasTouchScreen: false, javascriptEnabled: true, locationContextEnabled: true, mobileEmulationEnabled: false, nativeEvents: true, networkConnectionEnabled: false, pageLoadStrategy: normal, platform: XP, platformName: XP, rotatable: false, setWindowRect: true, takesHeapSnapshot: true, takesScreenshot: true, unexpectedAlertBehaviour: , unhandledPromptBehavior: , version: 62.0.3202.94, webStorageEnabled: true}
Session ID: 7743d44c8a769261aec901e10630d7c9)"/>
         <system-out><![CDATA[2017-11-20 15:31:26 - [TEST_CASE][FAILED] - Test Cases/ECR/TC_ECRLite_NoExpertService_AllApproval: Test Cases/ECR/TC_ECRLite_NoExpertService_AllApproval FAILED because (of) Unable to wait for object 'Object Repository/EngInfo/COID' to be visible (Root cause: org.openqa.selenium.StaleElementReferenceException: stale element reference: element is not attached to the page document
  (Session info: chrome=62.0.3202.94)
  (Driver info: chromedriver=2.33.506120 (e3e53437346286c0bc2d2dc9aa4915ba81d9023f),platform=Windows NT 6.1.7601 SP1 x86_64) (WARNING: The server did not provide any stacktrace information)
Command duration or timeout: 0 milliseconds
For documentation on this error, please visit: http://seleniumhq.org/exceptions/stale_element_reference.html
Build info: version: '3.7.1', revision: '8a0099a', time: '2017-11-06T21:07:36.161Z'
System info: host: 'L22622WUS', ip: '10.2.176.79', os.name: 'Windows 7', os.arch: 'amd64', os.version: '6.1', java.version: '1.8.0_102'
Driver info: com.kms.katalon.selenium.driver.CChromeDriver
Capabilities {acceptSslCerts: true, applicationCacheEnabled: false, browserConnectionEnabled: false, browserName: chrome, chrome: {chromedriverVersion: 2.33.506120 (e3e53437346286..., userDataDir: C:\Users\nipin\AppData\Loca...}, cssSelectorsEnabled: true, databaseEnabled: false, handlesAlerts: true, hasTouchScreen: false, javascriptEnabled: true, locationContextEnabled: true, mobileEmulationEnabled: false, nativeEvents: true, networkConnectionEnabled: false, pageLoadStrategy: normal, platform: XP, platformName: XP, rotatable: false, setWindowRect: true, takesHeapSnapshot: true, takesScreenshot: true, unexpectedAlertBehaviour: , unhandledPromptBehavior: , version: 62.0.3202.94, webStorageEnabled: true}
Session ID: 7743d44c8a769261aec901e10630d7c9)

2017-11-20 15:31:27 - [TEST_STEP][FAILED] - callTestCase: Unable to call Test Case with id 'Test Cases/ECR/REF/ECR_Lite_NoExpertService' (Root cause: Call Test Case 'Test Cases/ECR/REF/ECR_Lite_NoExpertService' failed)

2017-11-20 15:31:27 - [TEST_CASE][FAILED] - Test Cases/ECR/REF/ECR_Lite_NoExpertService: Test Cases/ECR/REF/ECR_Lite_NoExpertService FAILED because (of) Unable to wait for object 'Object Repository/EngInfo/COID' to be visible (Root cause: org.openqa.selenium.StaleElementReferenceException: stale element reference: element is not attached to the page document
  (Session info: chrome=62.0.3202.94)
  (Driver info: chromedriver=2.33.506120 (e3e53437346286c0bc2d2dc9aa4915ba81d9023f),platform=Windows NT 6.1.7601 SP1 x86_64) (WARNING: The server did not provide any stacktrace information)
Command duration or timeout: 0 milliseconds
For documentation on this error, please visit: http://seleniumhq.org/exceptions/stale_element_reference.html
Build info: version: '3.7.1', revision: '8a0099a', time: '2017-11-06T21:07:36.161Z'
System info: host: 'L22622WUS', ip: '10.2.176.79', os.name: 'Windows 7', os.arch: 'amd64', os.version: '6.1', java.version: '1.8.0_102'
Driver info: com.kms.katalon.selenium.driver.CChromeDriver
Capabilities {acceptSslCerts: true, applicationCacheEnabled: false, browserConnectionEnabled: false, browserName: chrome, chrome: {chromedriverVersion: 2.33.506120 (e3e53437346286..., userDataDir: C:\Users\nipin\AppData\Loca...}, cssSelectorsEnabled: true, databaseEnabled: false, handlesAlerts: true, hasTouchScreen: false, javascriptEnabled: true, locationContextEnabled: true, mobileEmulationEnabled: false, nativeEvents: true, networkConnectionEnabled: false, pageLoadStrategy: normal, platform: XP, platformName: XP, rotatable: false, setWindowRect: true, takesHeapSnapshot: true, takesScreenshot: true, unexpectedAlertBehaviour: , unhandledPromptBehavior: , version: 62.0.3202.94, webStorageEnabled: true}
Session ID: 7743d44c8a769261aec901e10630d7c9)

2017-11-20 15:31:27 - [TEST_STEP][PASSED] - com.helper.commonfunct.utilities.login: com.helper.commonfunct.utilities.login is PASSED

2017-11-20 15:31:32 - [MESSAGE][PASSED] - Browser is opened with url: ''

2017-11-20 15:31:33 - [MESSAGE][PASSED] - Navigate to 'https://vtcpqa2.rpega.com:9030/tcpqa/PRServlet' successfully

2017-11-20 15:31:33 - [MESSAGE][PASSED] - Text 'pogoa@pegasystems.com' is set on object 'Object Repository/input_UserIdentifier'

2017-11-20 15:31:34 - [MESSAGE][PASSED] - Text 'install' is set on object 'Object Repository/input_Password'

2017-11-20 15:31:37 - [MESSAGE][PASSED] - Keys 'ENTER + ' sent to object: 'Object Repository/input_Password'

2017-11-20 15:31:37 - [MESSAGE][PASSED] - com.helper.commonfunct.utilities.login is PASSED

2017-11-20 15:31:37 - [TEST_STEP][FAILED] - com.helper.commonfunct.utilities.createECR: Unable to wait for object 'Object Repository/EngInfo/COID' to be visible (Root cause: org.openqa.selenium.StaleElementReferenceException: stale element reference: element is not attached to the page document
  (Session info: chrome=62.0.3202.94)
  (Driver info: chromedriver=2.33.506120 (e3e53437346286c0bc2d2dc9aa4915ba81d9023f),platform=Windows NT 6.1.7601 SP1 x86_64) (WARNING: The server did not provide any stacktrace information)
Command duration or timeout: 0 milliseconds
For documentation on this error, please visit: http://seleniumhq.org/exceptions/stale_element_reference.html
Build info: version: '3.7.1', revision: '8a0099a', time: '2017-11-06T21:07:36.161Z'
System info: host: 'L22622WUS', ip: '10.2.176.79', os.name: 'Windows 7', os.arch: 'amd64', os.version: '6.1', java.version: '1.8.0_102'
Driver info: com.kms.katalon.selenium.driver.CChromeDriver
Capabilities {acceptSslCerts: true, applicationCacheEnabled: false, browserConnectionEnabled: false, browserName: chrome, chrome: {chromedriverVersion: 2.33.506120 (e3e53437346286..., userDataDir: C:\Users\nipin\AppData\Loca...}, cssSelectorsEnabled: true, databaseEnabled: false, handlesAlerts: true, hasTouchScreen: false, javascriptEnabled: true, locationContextEnabled: true, mobileEmulationEnabled: false, nativeEvents: true, networkConnectionEnabled: false, pageLoadStrategy: normal, platform: XP, platformName: XP, rotatable: false, setWindowRect: true, takesHeapSnapshot: true, takesScreenshot: true, unexpectedAlertBehaviour: , unhandledPromptBehavior: , version: 62.0.3202.94, webStorageEnabled: true}
Session ID: 7743d44c8a769261aec901e10630d7c9)

2017-11-20 15:31:37 - [MESSAGE][PASSED] - Object: 'Object Repository/Generic/a_Actions' is clicked on

2017-11-20 15:31:40 - [MESSAGE][PASSED] - Object: 'Object Repository/span_New' is focused

2017-11-20 15:31:41 - [MESSAGE][PASSED] - Object: 'Object Repository/span_Bid Process' is clicked on

2017-11-20 15:31:41 - [MESSAGE][PASSED] - Object: 'Object Repository/ECR/BID_TYPE' is clicked on

2017-11-20 15:31:41 - [MESSAGE][PASSED] - Object 'Object Repository/button_Import' is present

2017-11-20 15:31:46 - [MESSAGE][PASSED] - Delayed 5 second(s)

2017-11-20 15:31:46 - [MESSAGE][PASSED] - Object: 'Object Repository/button_Import' is clicked on

2017-11-20 15:31:47 - [MESSAGE][PASSED] - File 'C:\Users\nipin\Desktop\Latest BSW\Final\ECR_LITE_EXPSVC.xlsm' sent to object: 'Object Repository/input_PpyWorkPageppyFilePath'

2017-11-20 15:31:52 - [MESSAGE][PASSED] - Delayed 5 second(s)

2017-11-20 15:31:52 - [MESSAGE][WARNING] - Timeout '0' is invalid. Using default page load timeout: '30'

2017-11-20 15:31:52 - [MESSAGE][PASSED] - Scroll to object 'Object Repository/button_Submit' successfully

2017-11-20 15:31:52 - [MESSAGE][PASSED] - Object: 'Object Repository/button_Submit' is clicked on

2017-11-20 15:31:53 - [MESSAGE][FAILED] - Unable to wait for object 'Object Repository/EngInfo/COID' to be visible (Root cause: org.openqa.selenium.StaleElementReferenceException: stale element reference: element is not attached to the page document
  (Session info: chrome=62.0.3202.94)
  (Driver info: chromedriver=2.33.506120 (e3e53437346286c0bc2d2dc9aa4915ba81d9023f),platform=Windows NT 6.1.7601 SP1 x86_64) (WARNING: The server did not provide any stacktrace information)
Command duration or timeout: 0 milliseconds
For documentation on this error, please visit: http://seleniumhq.org/exceptions/stale_element_reference.html
Build info: version: '3.7.1', revision: '8a0099a', time: '2017-11-06T21:07:36.161Z'
System info: host: 'L22622WUS', ip: '10.2.176.79', os.name: 'Windows 7', os.arch: 'amd64', os.version: '6.1', java.version: '1.8.0_102'
Driver info: com.kms.katalon.selenium.driver.CChromeDriver
Capabilities {acceptSslCerts: true, applicationCacheEnabled: false, browserConnectionEnabled: false, browserName: chrome, chrome: {chromedriverVersion: 2.33.506120 (e3e53437346286..., userDataDir: C:\Users\nipin\AppData\Loca...}, cssSelectorsEnabled: true, databaseEnabled: false, handlesAlerts: true, hasTouchScreen: false, javascriptEnabled: true, locationContextEnabled: true, mobileEmulationEnabled: false, nativeEvents: true, networkConnectionEnabled: false, pageLoadStrategy: normal, platform: XP, platformName: XP, rotatable: false, setWindowRect: true, takesHeapSnapshot: true, takesScreenshot: true, unexpectedAlertBehaviour: , unhandledPromptBehavior: , version: 62.0.3202.94, webStorageEnabled: true}
Session ID: 7743d44c8a769261aec901e10630d7c9)
[[ATTACHMENT|C:\\Users\\nipin\\Katalon Studio\\COE\\Reports\\ECR_Lite\\20171120_153124\\1511209913331.png]]

2017-11-20 15:31:53 - [MESSAGE][FAILED] - Unable to wait for object 'Object Repository/EngInfo/COID' to be visible (Root cause: org.openqa.selenium.StaleElementReferenceException: stale element reference: element is not attached to the page document
  (Session info: chrome=62.0.3202.94)
  (Driver info: chromedriver=2.33.506120 (e3e53437346286c0bc2d2dc9aa4915ba81d9023f),platform=Windows NT 6.1.7601 SP1 x86_64) (WARNING: The server did not provide any stacktrace information)
Command duration or timeout: 0 milliseconds
For documentation on this error, please visit: http://seleniumhq.org/exceptions/stale_element_reference.html
Build info: version: '3.7.1', revision: '8a0099a', time: '2017-11-06T21:07:36.161Z'
System info: host: 'L22622WUS', ip: '10.2.176.79', os.name: 'Windows 7', os.arch: 'amd64', os.version: '6.1', java.version: '1.8.0_102'
Driver info: com.kms.katalon.selenium.driver.CChromeDriver
Capabilities {acceptSslCerts: true, applicationCacheEnabled: false, browserConnectionEnabled: false, browserName: chrome, chrome: {chromedriverVersion: 2.33.506120 (e3e53437346286..., userDataDir: C:\Users\nipin\AppData\Loca...}, cssSelectorsEnabled: true, databaseEnabled: false, handlesAlerts: true, hasTouchScreen: false, javascriptEnabled: true, locationContextEnabled: true, mobileEmulationEnabled: false, nativeEvents: true, networkConnectionEnabled: false, pageLoadStrategy: normal, platform: XP, platformName: XP, rotatable: false, setWindowRect: true, takesHeapSnapshot: true, takesScreenshot: true, unexpectedAlertBehaviour: , unhandledPromptBehavior: , version: 62.0.3202.94, webStorageEnabled: true}
Session ID: 7743d44c8a769261aec901e10630d7c9)

2017-11-20 15:31:53 - [MESSAGE][FAILED] - Unable to call Test Case with id 'Test Cases/ECR/REF/ECR_Lite_NoExpertService' (Root cause: Call Test Case 'Test Cases/ECR/REF/ECR_Lite_NoExpertService' failed)]]></system-out>
         <system-err><![CDATA[2017-11-20 15:31:26 - [TEST_CASE][FAILED] - Test Cases/ECR/TC_ECRLite_NoExpertService_AllApproval: Test Cases/ECR/TC_ECRLite_NoExpertService_AllApproval FAILED because (of) Unable to wait for object 'Object Repository/EngInfo/COID' to be visible (Root cause: org.openqa.selenium.StaleElementReferenceException: stale element reference: element is not attached to the page document
  (Session info: chrome=62.0.3202.94)
  (Driver info: chromedriver=2.33.506120 (e3e53437346286c0bc2d2dc9aa4915ba81d9023f),platform=Windows NT 6.1.7601 SP1 x86_64) (WARNING: The server did not provide any stacktrace information)
Command duration or timeout: 0 milliseconds
For documentation on this error, please visit: http://seleniumhq.org/exceptions/stale_element_reference.html
Build info: version: '3.7.1', revision: '8a0099a', time: '2017-11-06T21:07:36.161Z'
System info: host: 'L22622WUS', ip: '10.2.176.79', os.name: 'Windows 7', os.arch: 'amd64', os.version: '6.1', java.version: '1.8.0_102'
Driver info: com.kms.katalon.selenium.driver.CChromeDriver
Capabilities {acceptSslCerts: true, applicationCacheEnabled: false, browserConnectionEnabled: false, browserName: chrome, chrome: {chromedriverVersion: 2.33.506120 (e3e53437346286..., userDataDir: C:\Users\nipin\AppData\Loca...}, cssSelectorsEnabled: true, databaseEnabled: false, handlesAlerts: true, hasTouchScreen: false, javascriptEnabled: true, locationContextEnabled: true, mobileEmulationEnabled: false, nativeEvents: true, networkConnectionEnabled: false, pageLoadStrategy: normal, platform: XP, platformName: XP, rotatable: false, setWindowRect: true, takesHeapSnapshot: true, takesScreenshot: true, unexpectedAlertBehaviour: , unhandledPromptBehavior: , version: 62.0.3202.94, webStorageEnabled: true}
Session ID: 7743d44c8a769261aec901e10630d7c9)]]></system-err>
      </testcase>
      <testcase name="Test Cases/ECR/TC_ECRLite_NoExpertService_AllReject" classname="Test Cases/ECR/TC_ECRLite_NoExpertService_AllReject" status="FAILED">
         <failure type="FAILED" message="Unable to click on object 'Object Repository/Approve-Reject/contractlink' (Root cause: com.kms.katalon.core.webui.exception.WebElementNotFoundException: Web element with id: 'Object Repository/Approve-Reject/contractlink' located by 'By.xpath: //nobr//a[contains(.,'Create Contract')]' not found)"/>
         <system-out><![CDATA[2017-11-20 15:31:53 - [TEST_CASE][FAILED] - Test Cases/ECR/TC_ECRLite_NoExpertService_AllReject: Test Cases/ECR/TC_ECRLite_NoExpertService_AllReject FAILED because (of) Unable to click on object 'Object Repository/Approve-Reject/contractlink' (Root cause: com.kms.katalon.core.webui.exception.WebElementNotFoundException: Web element with id: 'Object Repository/Approve-Reject/contractlink' located by 'By.xpath: //nobr//a[contains(.,'Create Contract')]' not found)

2017-11-20 15:31:53 - [TEST_STEP][FAILED] - callTestCase: Call Test Case 'Test Cases/ECR/REF/ECR_Lite_NoExpertService' successfully

2017-11-20 15:31:54 - [TEST_CASE][FAILED] - Test Cases/ECR/REF/ECR_Lite_NoExpertService: com.helper.commonfunct.utilities.createECR is PASSED

2017-11-20 15:31:54 - [TEST_STEP][PASSED] - com.helper.commonfunct.utilities.login: com.helper.commonfunct.utilities.login is PASSED

2017-11-20 15:31:54 - [MESSAGE][WARNING] - A browser is already opened. Closing browser and opening a new one

2017-11-20 15:31:57 - [MESSAGE][PASSED] - Browser is opened with url: ''

2017-11-20 15:31:57 - [MESSAGE][PASSED] - Navigate to 'https://vtcpqa2.rpega.com:9030/tcpqa/PRServlet' successfully

2017-11-20 15:31:57 - [MESSAGE][PASSED] - Text 'pogoa@pegasystems.com' is set on object 'Object Repository/input_UserIdentifier'

2017-11-20 15:31:58 - [MESSAGE][PASSED] - Text 'install' is set on object 'Object Repository/input_Password'

2017-11-20 15:32:00 - [MESSAGE][PASSED] - Keys 'ENTER + ' sent to object: 'Object Repository/input_Password'

2017-11-20 15:32:00 - [MESSAGE][PASSED] - com.helper.commonfunct.utilities.login is PASSED

2017-11-20 15:32:00 - [TEST_STEP][FAILED] - com.helper.commonfunct.utilities.createECR: com.helper.commonfunct.utilities.createECR is PASSED

2017-11-20 15:32:01 - [MESSAGE][PASSED] - Object: 'Object Repository/Generic/a_Actions' is clicked on

2017-11-20 15:32:03 - [MESSAGE][PASSED] - Object: 'Object Repository/span_New' is focused

2017-11-20 15:32:04 - [MESSAGE][PASSED] - Object: 'Object Repository/span_Bid Process' is clicked on

2017-11-20 15:32:04 - [MESSAGE][PASSED] - Object: 'Object Repository/ECR/BID_TYPE' is clicked on

2017-11-20 15:32:05 - [MESSAGE][PASSED] - Object 'Object Repository/button_Import' is present

2017-11-20 15:32:10 - [MESSAGE][PASSED] - Delayed 5 second(s)

2017-11-20 15:32:10 - [MESSAGE][PASSED] - Object: 'Object Repository/button_Import' is clicked on

2017-11-20 15:32:10 - [MESSAGE][PASSED] - File 'C:\Users\nipin\Desktop\Latest BSW\Final\ECR_LITE_EXPSVC.xlsm' sent to object: 'Object Repository/input_PpyWorkPageppyFilePath'

2017-11-20 15:32:15 - [MESSAGE][PASSED] - Delayed 5 second(s)

2017-11-20 15:32:15 - [MESSAGE][WARNING] - Timeout '0' is invalid. Using default page load timeout: '30'

2017-11-20 15:32:15 - [MESSAGE][PASSED] - Scroll to object 'Object Repository/button_Submit' successfully

2017-11-20 15:32:16 - [MESSAGE][PASSED] - Object: 'Object Repository/button_Submit' is clicked on

2017-11-20 15:32:16 - [MESSAGE][PASSED] - Object 'Object Repository/EngInfo/COID' is visible

2017-11-20 15:32:21 - [MESSAGE][PASSED] - Delayed 5 second(s)

2017-11-20 15:32:26 - [MESSAGE][PASSED] - Delayed 5 second(s)

2017-11-20 15:32:26 - [MESSAGE][PASSED] - Text 'BOFA' is set on object 'Object Repository/Generic/ORG'

2017-11-20 15:32:31 - [MESSAGE][PASSED] - Delayed 5 second(s)

2017-11-20 15:32:31 - [MESSAGE][PASSED] - Keys 'TAB + ' sent to object: 'Object Repository/Generic/ORG'

2017-11-20 15:32:36 - [MESSAGE][PASSED] - Delayed 5 second(s)

2017-11-20 15:32:37 - [MESSAGE][PASSED] - Text 'BOFA' is set on object 'Object Repository/Generic/ACC'

2017-11-20 15:32:42 - [MESSAGE][PASSED] - Delayed 5 second(s)

2017-11-20 15:32:42 - [MESSAGE][PASSED] - Keys 'TAB + ' sent to object: 'Object Repository/Generic/ACC'

2017-11-20 15:32:47 - [MESSAGE][PASSED] - Delayed 5 second(s)

2017-11-20 15:32:47 - [MESSAGE][PASSED] - Text 'AUTOTEST1' is set on object 'Object Repository/Generic/ENG_DESC'

2017-11-20 15:32:52 - [MESSAGE][PASSED] - Delayed 5 second(s)

2017-11-20 15:32:52 - [MESSAGE][WARNING] - Timeout '0' is invalid. Using default page load timeout: '30'

2017-11-20 15:32:52 - [MESSAGE][PASSED] - Scroll to object 'Object Repository/Generic/SUBMIT' successfully

2017-11-20 15:32:52 - [MESSAGE][PASSED] - Object: 'Object Repository/Generic/SUBMIT' is clicked on

2017-11-20 15:32:57 - [MESSAGE][PASSED] - Delayed 5 second(s)

2017-11-20 15:32:58 - [MESSAGE][PASSED] - Text 'CO-12' is set on object 'Object Repository/EngInfo/COID'

2017-11-20 15:33:05 - [MESSAGE][PASSED] - Delayed 7 second(s)

2017-11-20 15:33:05 - [MESSAGE][PASSED] - Wait for page load successfully

2017-11-20 15:33:05 - [MESSAGE][PASSED] - Object: 'Object Repository/Generic/gapDrivenMethodology' is clicked on

2017-11-20 15:33:10 - [MESSAGE][PASSED] - Delayed 5 second(s)

2017-11-20 15:33:10 - [MESSAGE][PASSED] - Object: 'Object Repository/Generic/RapidDelivery' is clicked on

2017-11-20 15:33:15 - [MESSAGE][PASSED] - Delayed 5 second(s)

2017-11-20 15:33:15 - [MESSAGE][PASSED] - Object: 'Object Repository/Generic/MorethanOneRLS' is clicked on

2017-11-20 15:33:20 - [MESSAGE][PASSED] - Delayed 5 second(s)

2017-11-20 15:33:21 - [MESSAGE][PASSED] - Text '85000' is set on object 'Object Repository/ECR/Licence'

2017-11-20 15:33:26 - [MESSAGE][PASSED] - Delayed 5 second(s)

2017-11-20 15:33:26 - [MESSAGE][PASSED] - Object 'Object Repository/Generic/platform' is visible

2017-11-20 15:33:31 - [MESSAGE][PASSED] - Delayed 5 second(s)

2017-11-20 15:33:31 - [MESSAGE][PASSED] - Keys 'AMPchroma' sent to object: 'Object Repository/Generic/PlatformID'

2017-11-20 15:33:31 - [MESSAGE][FAILED] - Unable to set text 'AMPchroma' of object 'Object Repository/Generic/PlatformID' (Root cause: org.openqa.selenium.InvalidElementStateException: invalid element state: Element must be user-editable in order to clear it.
  (Session info: chrome=62.0.3202.94)
  (Driver info: chromedriver=2.33.506120 (e3e53437346286c0bc2d2dc9aa4915ba81d9023f),platform=Windows NT 6.1.7601 SP1 x86_64) (WARNING: The server did not provide any stacktrace information)
Command duration or timeout: 0 milliseconds
Build info: version: '3.7.1', revision: '8a0099a', time: '2017-11-06T21:07:36.161Z'
System info: host: 'L22622WUS', ip: '10.2.176.79', os.name: 'Windows 7', os.arch: 'amd64', os.version: '6.1', java.version: '1.8.0_102'
Driver info: com.kms.katalon.selenium.driver.CChromeDriver
Capabilities {acceptSslCerts: true, applicationCacheEnabled: false, browserConnectionEnabled: false, browserName: chrome, chrome: {chromedriverVersion: 2.33.506120 (e3e53437346286..., userDataDir: C:\Users\nipin\AppData\Loca...}, cssSelectorsEnabled: true, databaseEnabled: false, handlesAlerts: true, hasTouchScreen: false, javascriptEnabled: true, locationContextEnabled: true, mobileEmulationEnabled: false, nativeEvents: true, networkConnectionEnabled: false, pageLoadStrategy: normal, platform: XP, platformName: XP, rotatable: false, setWindowRect: true, takesHeapSnapshot: true, takesScreenshot: true, unexpectedAlertBehaviour: , unhandledPromptBehavior: , version: 62.0.3202.94, webStorageEnabled: true}
Session ID: ad3a07e72dce1a9e1ea38a7a7d5f68b0)
[[ATTACHMENT|C:\\Users\\nipin\\Katalon Studio\\COE\\Reports\\ECR_Lite\\20171120_153124\\1511210011656.png]]

2017-11-20 15:33:32 - [MESSAGE][PASSED] - Keys 'AMPchroma' sent to object: 'Object Repository/Generic/PlatformID'

2017-11-20 15:33:32 - [MESSAGE][FAILED] - Unable to set text 'AMPchroma' of object 'Object Repository/Generic/PlatformID' (Root cause: org.openqa.selenium.InvalidElementStateException: invalid element state: Element must be user-editable in order to clear it.
  (Session info: chrome=62.0.3202.94)
  (Driver info: chromedriver=2.33.506120 (e3e53437346286c0bc2d2dc9aa4915ba81d9023f),platform=Windows NT 6.1.7601 SP1 x86_64) (WARNING: The server did not provide any stacktrace information)
Command duration or timeout: 0 milliseconds
Build info: version: '3.7.1', revision: '8a0099a', time: '2017-11-06T21:07:36.161Z'
System info: host: 'L22622WUS', ip: '10.2.176.79', os.name: 'Windows 7', os.arch: 'amd64', os.version: '6.1', java.version: '1.8.0_102'
Driver info: com.kms.katalon.selenium.driver.CChromeDriver
Capabilities {acceptSslCerts: true, applicationCacheEnabled: false, browserConnectionEnabled: false, browserName: chrome, chrome: {chromedriverVersion: 2.33.506120 (e3e53437346286..., userDataDir: C:\Users\nipin\AppData\Loca...}, cssSelectorsEnabled: true, databaseEnabled: false, handlesAlerts: true, hasTouchScreen: false, javascriptEnabled: true, locationContextEnabled: true, mobileEmulationEnabled: false, nativeEvents: true, networkConnectionEnabled: false, pageLoadStrategy: normal, platform: XP, platformName: XP, rotatable: false, setWindowRect: true, takesHeapSnapshot: true, takesScreenshot: true, unexpectedAlertBehaviour: , unhandledPromptBehavior: , version: 62.0.3202.94, webStorageEnabled: true}
Session ID: ad3a07e72dce1a9e1ea38a7a7d5f68b0)
[[ATTACHMENT|C:\\Users\\nipin\\Katalon Studio\\COE\\Reports\\ECR_Lite\\20171120_153124\\1511210012164.png]]

2017-11-20 15:33:37 - [MESSAGE][PASSED] - Delayed 5 second(s)

2017-11-20 15:33:37 - [MESSAGE][PASSED] - Keys 'N/A' sent to object: 'Object Repository/Generic/PlatformVersion'

2017-11-20 15:33:38 - [MESSAGE][FAILED] - Unable to set text 'N/A' of object 'Object Repository/Generic/PlatformVersion' (Root cause: org.openqa.selenium.InvalidElementStateException: invalid element state: Element must be user-editable in order to clear it.
  (Session info: chrome=62.0.3202.94)
  (Driver info: chromedriver=2.33.506120 (e3e53437346286c0bc2d2dc9aa4915ba81d9023f),platform=Windows NT 6.1.7601 SP1 x86_64) (WARNING: The server did not provide any stacktrace information)
Command duration or timeout: 0 milliseconds
Build info: version: '3.7.1', revision: '8a0099a', time: '2017-11-06T21:07:36.161Z'
System info: host: 'L22622WUS', ip: '10.2.176.79', os.name: 'Windows 7', os.arch: 'amd64', os.version: '6.1', java.version: '1.8.0_102'
Driver info: com.kms.katalon.selenium.driver.CChromeDriver
Capabilities {acceptSslCerts: true, applicationCacheEnabled: false, browserConnectionEnabled: false, browserName: chrome, chrome: {chromedriverVersion: 2.33.506120 (e3e53437346286..., userDataDir: C:\Users\nipin\AppData\Loca...}, cssSelectorsEnabled: true, databaseEnabled: false, handlesAlerts: true, hasTouchScreen: false, javascriptEnabled: true, locationContextEnabled: true, mobileEmulationEnabled: false, nativeEvents: true, networkConnectionEnabled: false, pageLoadStrategy: normal, platform: XP, platformName: XP, rotatable: false, setWindowRect: true, takesHeapSnapshot: true, takesScreenshot: true, unexpectedAlertBehaviour: , unhandledPromptBehavior: , version: 62.0.3202.94, webStorageEnabled: true}
Session ID: ad3a07e72dce1a9e1ea38a7a7d5f68b0)
[[ATTACHMENT|C:\\Users\\nipin\\Katalon Studio\\COE\\Reports\\ECR_Lite\\20171120_153124\\1511210017798.png]]

2017-11-20 15:33:38 - [MESSAGE][PASSED] - Keys 'N/A' sent to object: 'Object Repository/Generic/PlatformVersion'

2017-11-20 15:33:38 - [MESSAGE][FAILED] - Unable to set text 'N/A' of object 'Object Repository/Generic/PlatformVersion' (Root cause: org.openqa.selenium.InvalidElementStateException: invalid element state: Element must be user-editable in order to clear it.
  (Session info: chrome=62.0.3202.94)
  (Driver info: chromedriver=2.33.506120 (e3e53437346286c0bc2d2dc9aa4915ba81d9023f),platform=Windows NT 6.1.7601 SP1 x86_64) (WARNING: The server did not provide any stacktrace information)
Command duration or timeout: 0 milliseconds
Build info: version: '3.7.1', revision: '8a0099a', time: '2017-11-06T21:07:36.161Z'
System info: host: 'L22622WUS', ip: '10.2.176.79', os.name: 'Windows 7', os.arch: 'amd64', os.version: '6.1', java.version: '1.8.0_102'
Driver info: com.kms.katalon.selenium.driver.CChromeDriver
Capabilities {acceptSslCerts: true, applicationCacheEnabled: false, browserConnectionEnabled: false, browserName: chrome, chrome: {chromedriverVersion: 2.33.506120 (e3e53437346286..., userDataDir: C:\Users\nipin\AppData\Loca...}, cssSelectorsEnabled: true, databaseEnabled: false, handlesAlerts: true, hasTouchScreen: false, javascriptEnabled: true, locationContextEnabled: true, mobileEmulationEnabled: false, nativeEvents: true, networkConnectionEnabled: false, pageLoadStrategy: normal, platform: XP, platformName: XP, rotatable: false, setWindowRect: true, takesHeapSnapshot: true, takesScreenshot: true, unexpectedAlertBehaviour: , unhandledPromptBehavior: , version: 62.0.3202.94, webStorageEnabled: true}
Session ID: ad3a07e72dce1a9e1ea38a7a7d5f68b0)
[[ATTACHMENT|C:\\Users\\nipin\\Katalon Studio\\COE\\Reports\\ECR_Lite\\20171120_153124\\1511210018267.png]]

2017-11-20 15:33:43 - [MESSAGE][PASSED] - Delayed 5 second(s)

2017-11-20 15:33:43 - [MESSAGE][PASSED] - Object: 'Object Repository/Generic/PlatformTrue' is clicked on

2017-11-20 15:33:48 - [MESSAGE][PASSED] - Delayed 5 second(s)

2017-11-20 15:33:49 - [MESSAGE][PASSED] - Keys 'Jeff Henderson' sent to object: 'Object Repository/EngInfo/PL'

2017-11-20 15:33:54 - [MESSAGE][PASSED] - Delayed 5 second(s)

2017-11-20 15:33:54 - [MESSAGE][PASSED] - Keys 'Robert Higgins' sent to object: 'Object Repository/EngInfo/PLTL'

2017-11-20 15:33:59 - [MESSAGE][PASSED] - Delayed 5 second(s)

2017-11-20 15:33:59 - [MESSAGE][PASSED] - Keys 'Eric Panepinto' sent to object: 'Object Repository/EngInfo/RL'

2017-11-20 15:34:04 - [MESSAGE][PASSED] - Delayed 5 second(s)

2017-11-20 15:34:04 - [MESSAGE][PASSED] - Keys 'Robert Lang' sent to object: 'Object Repository/EngInfo/RD'

2017-11-20 15:34:09 - [MESSAGE][PASSED] - Delayed 5 second(s)

2017-11-20 15:34:10 - [MESSAGE][PASSED] - Scroll to object 'Object Repository/NEXT_BUTTON' successfully

2017-11-20 15:34:10 - [MESSAGE][PASSED] - Object: 'Object Repository/NEXT_BUTTON' is clicked on

2017-11-20 15:34:17 - [MESSAGE][PASSED] - Delayed 7 second(s)

2017-11-20 15:34:17 - [MESSAGE][PASSED] - Scroll to object 'Object Repository/NEXT_BUTTON' successfully

2017-11-20 15:34:17 - [MESSAGE][PASSED] - Object: 'Object Repository/NEXT_BUTTON' is clicked on

2017-11-20 15:34:24 - [MESSAGE][PASSED] - Delayed 7 second(s)

2017-11-20 15:34:24 - [MESSAGE][PASSED] - Wait for page load successfully

2017-11-20 15:34:24 - [MESSAGE][PASSED] - Scroll to object 'Object Repository/Generic/FINISH_BUTTON' successfully

2017-11-20 15:34:24 - [MESSAGE][PASSED] - Object: 'Object Repository/Generic/FINISH_BUTTON' is clicked on

2017-11-20 15:34:29 - [MESSAGE][PASSED] - Delayed 5 second(s)

2017-11-20 15:34:29 - [MESSAGE][PASSED] - Text of object 'Object Repository/WO' is: 'ECR-20Nov2017-33'

2017-11-20 15:34:29 - [MESSAGE][PASSED] - Text of object 'Object Repository/ECR/WOSTATUS' is: 'Pending-RDApproval'

2017-11-20 15:34:29 - [MESSAGE][PASSED] - com.helper.commonfunct.utilities.createECR is PASSED

2017-11-20 15:34:29 - [MESSAGE][PASSED] - Call Test Case 'Test Cases/ECR/REF/ECR_Lite_NoExpertService' successfully

2017-11-20 15:34:29 - [TEST_STEP][PASSED] - com.helper.commonfunct.utilities.setprop: com.helper.commonfunct.utilities.setprop is PASSED

2017-11-20 15:34:29 - [MESSAGE][PASSED] - com.helper.commonfunct.utilities.setprop is PASSED

2017-11-20 15:34:29 - [TEST_STEP][FAILED] - callTestCase: Unable to call Test Case with id 'Test Cases/ECR/REF/ECR_Approval_Reject' (Root cause: Call Test Case 'Test Cases/ECR/REF/ECR_Approval_Reject' failed)

2017-11-20 15:34:30 - [TEST_CASE][FAILED] - Test Cases/ECR/REF/ECR_Approval_Reject: Test Cases/ECR/REF/ECR_Approval_Reject FAILED because (of) Unable to click on object 'Object Repository/Approve-Reject/contractlink' (Root cause: com.kms.katalon.core.webui.exception.WebElementNotFoundException: Web element with id: 'Object Repository/Approve-Reject/contractlink' located by 'By.xpath: //nobr//a[contains(.,'Create Contract')]' not found)

2017-11-20 15:34:30 - [TEST_STEP][FAILED] - Statement - While (WOSTATUS.contains("Pending")): Unable to click on object 'Object Repository/Approve-Reject/contractlink' (Root cause: com.kms.katalon.core.webui.exception.WebElementNotFoundException: Web element with id: 'Object Repository/Approve-Reject/contractlink' located by 'By.xpath: //nobr//a[contains(.,'Create Contract')]' not found)

2017-11-20 15:34:30 - [TEST_STEP][PASSED] - Statement - For ([j = 0, j < AssignmentList.size(), (j++)]): com.helper.commonfunct.utilities.WOstatus is PASSED

2017-11-20 15:34:30 - [TEST_STEP][PASSED] - Statement - Status = text: null

2017-11-20 15:34:30 - [TEST_STEP][PASSED] - Statement - println(Status): null

2017-11-20 15:34:30 - [TEST_STEP][PASSED] - Statement - If (Status == "Pending-RDApproval"): com.helper.commonfunct.utilities.WOstatus is PASSED

2017-11-20 15:34:30 - [TEST_STEP][PASSED] - Statement - If (RDReject == false): null

2017-11-20 15:34:30 - [TEST_STEP][PASSED] - Statement - Else: com.helper.commonfunct.utilities.WOstatus is PASSED

2017-11-20 15:34:30 - [TEST_STEP][PASSED] - com.helper.commonfunct.utilities.login: com.helper.commonfunct.utilities.login is PASSED

2017-11-20 15:34:30 - [MESSAGE][WARNING] - A browser is already opened. Closing browser and opening a new one

2017-11-20 15:34:33 - [MESSAGE][PASSED] - Browser is opened with url: ''

2017-11-20 15:34:34 - [MESSAGE][PASSED] - Navigate to 'https://vtcpqa2.rpega.com:9030/tcpqa/PRServlet' successfully

2017-11-20 15:34:34 - [MESSAGE][PASSED] - Text 'langr1@pegasystems.com' is set on object 'Object Repository/input_UserIdentifier'

2017-11-20 15:34:34 - [MESSAGE][PASSED] - Text 'install' is set on object 'Object Repository/input_Password'

2017-11-20 15:34:36 - [MESSAGE][PASSED] - Keys 'ENTER + ' sent to object: 'Object Repository/input_Password'

2017-11-20 15:34:36 - [MESSAGE][PASSED] - com.helper.commonfunct.utilities.login is PASSED

2017-11-20 15:34:36 - [TEST_STEP][PASSED] - com.helper.commonfunct.utilities.search: com.helper.commonfunct.utilities.search is PASSED

2017-11-20 15:34:38 - [MESSAGE][PASSED] - Current window maximized

2017-11-20 15:34:43 - [MESSAGE][PASSED] - Delayed 5 second(s)

2017-11-20 15:34:43 - [MESSAGE][PASSED] - Text 'ECR-20Nov2017-33' is set on object 'Object Repository/EngInfo/search'

2017-11-20 15:34:48 - [MESSAGE][PASSED] - Delayed 5 second(s)

2017-11-20 15:34:48 - [MESSAGE][PASSED] - Keys 'ENTER + ' sent to object: 'Object Repository/EngInfo/search'

2017-11-20 15:34:53 - [MESSAGE][PASSED] - Delayed 5 second(s)

2017-11-20 15:34:53 - [MESSAGE][PASSED] - com.helper.commonfunct.utilities.search is PASSED

2017-11-20 15:34:53 - [TEST_STEP][PASSED] - maximizeWindow: Current window maximized

2017-11-20 15:34:53 - [MESSAGE][PASSED] - Current window maximized

2017-11-20 15:34:53 - [TEST_STEP][PASSED] - com.helper.commonfunct.utilities.reject: com.helper.commonfunct.utilities.reject is PASSED

2017-11-20 15:34:58 - [MESSAGE][PASSED] - Delayed 5 second(s)

2017-11-20 15:34:58 - [MESSAGE][WARNING] - Timeout '0' is invalid. Using default page load timeout: '30'

2017-11-20 15:35:00 - [MESSAGE][PASSED] - Object: 'Object Repository/Approve-Reject/link_assignment' is clicked on

2017-11-20 15:35:05 - [MESSAGE][PASSED] - Delayed 5 second(s)

2017-11-20 15:35:05 - [MESSAGE][WARNING] - Timeout '0' is invalid. Using default page load timeout: '30'

2017-11-20 15:35:05 - [MESSAGE][PASSED] - Scroll to object 'Object Repository/Approve-Reject/ReturnToRequestor' successfully

2017-11-20 15:35:05 - [MESSAGE][PASSED] - Object: 'Object Repository/Approve-Reject/ReturnToRequestor' is clicked on

2017-11-20 15:35:10 - [MESSAGE][PASSED] - Delayed 5 second(s)

2017-11-20 15:35:10 - [MESSAGE][PASSED] - Keys 'testing' sent to object: 'Object Repository/Approve-Reject/APPROVE_REJECT_NOTES'

2017-11-20 15:35:15 - [MESSAGE][PASSED] - Delayed 5 second(s)

2017-11-20 15:35:15 - [MESSAGE][WARNING] - Timeout '0' is invalid. Using default page load timeout: '30'

2017-11-20 15:35:15 - [MESSAGE][PASSED] - Scroll to object 'Object Repository/Generic/SUBMIT' successfully

2017-11-20 15:35:15 - [MESSAGE][PASSED] - Object: 'Object Repository/Generic/SUBMIT' is clicked on

2017-11-20 15:35:20 - [MESSAGE][PASSED] - Delayed 5 second(s)

2017-11-20 15:35:20 - [MESSAGE][PASSED] - com.helper.commonfunct.utilities.reject is PASSED

2017-11-20 15:35:20 - [TEST_STEP][PASSED] - Statement - RDReject = false: null

2017-11-20 15:35:20 - [TEST_STEP][PASSED] - com.helper.commonfunct.utilities.WOstatus: com.helper.commonfunct.utilities.WOstatus is PASSED

2017-11-20 15:35:21 - [MESSAGE][PASSED] - Text of object 'Object Repository/ECR/WOSTATUS' is: 'Pending-DocUpdate'

2017-11-20 15:35:21 - [MESSAGE][PASSED] - com.helper.commonfunct.utilities.WOstatus is PASSED

2017-11-20 15:35:21 - [TEST_STEP][PASSED] - Statement - For ([j = 0, j < AssignmentList.size(), (j++)]): Delayed 3 second(s)

2017-11-20 15:35:21 - [TEST_STEP][PASSED] - Statement - Status = text: null

2017-11-20 15:35:21 - [TEST_STEP][PASSED] - Statement - println(Status): null

2017-11-20 15:35:21 - [TEST_STEP][PASSED] - Statement - If (Status == "Pending-RDApproval"): null

2017-11-20 15:35:21 - [TEST_STEP][PASSED] - Statement - Else If (Status == "Pending-RLApproval"): null

2017-11-20 15:35:21 - [TEST_STEP][PASSED] - Statement - Else If (Status == "Pending-RDDApproval"): null

2017-11-20 15:35:21 - [TEST_STEP][PASSED] - Statement - Else If (Status == "Pending-OPSApproval"): null

2017-11-20 15:35:21 - [TEST_STEP][PASSED] - Statement - Else If (Status == "Pending-ExpSvcApproval"): null

2017-11-20 15:35:21 - [TEST_STEP][PASSED] - Statement - Else If (Status == "Pending-DocUpdate"): Delayed 3 second(s)

2017-11-20 15:35:21 - [TEST_STEP][PASSED] - Statement - If (Meeting == false): Delayed 3 second(s)

2017-11-20 15:35:21 - [TEST_STEP][PASSED] - com.helper.commonfunct.utilities.login: com.helper.commonfunct.utilities.login is PASSED

2017-11-20 15:35:21 - [MESSAGE][WARNING] - A browser is already opened. Closing browser and opening a new one

2017-11-20 15:35:24 - [MESSAGE][PASSED] - Browser is opened with url: ''

2017-11-20 15:35:24 - [MESSAGE][PASSED] - Navigate to 'https://vtcpqa2.rpega.com:9030/tcpqa/PRServlet' successfully

2017-11-20 15:35:25 - [MESSAGE][PASSED] - Text 'pogoa@pegasystems.com' is set on object 'Object Repository/input_UserIdentifier'

2017-11-20 15:35:25 - [MESSAGE][PASSED] - Text 'install' is set on object 'Object Repository/input_Password'

2017-11-20 15:35:28 - [MESSAGE][PASSED] - Keys 'ENTER + ' sent to object: 'Object Repository/input_Password'

2017-11-20 15:35:28 - [MESSAGE][PASSED] - com.helper.commonfunct.utilities.login is PASSED

2017-11-20 15:35:28 - [TEST_STEP][PASSED] - com.helper.commonfunct.utilities.search: com.helper.commonfunct.utilities.search is PASSED

2017-11-20 15:35:29 - [MESSAGE][PASSED] - Current window maximized

2017-11-20 15:35:34 - [MESSAGE][PASSED] - Delayed 5 second(s)

2017-11-20 15:35:34 - [MESSAGE][PASSED] - Text 'ECR-20Nov2017-33' is set on object 'Object Repository/EngInfo/search'

2017-11-20 15:35:39 - [MESSAGE][PASSED] - Delayed 5 second(s)

2017-11-20 15:35:40 - [MESSAGE][PASSED] - Keys 'ENTER + ' sent to object: 'Object Repository/EngInfo/search'

2017-11-20 15:35:45 - [MESSAGE][PASSED] - Delayed 5 second(s)

2017-11-20 15:35:45 - [MESSAGE][PASSED] - com.helper.commonfunct.utilities.search is PASSED

2017-11-20 15:35:45 - [TEST_STEP][PASSED] - maximizeWindow: Current window maximized

2017-11-20 15:35:45 - [MESSAGE][PASSED] - Current window maximized

2017-11-20 15:35:45 - [TEST_STEP][PASSED] - com.helper.commonfunct.utilities.docUpdate: com.helper.commonfunct.utilities.docUpdate is PASSED

2017-11-20 15:35:45 - [MESSAGE][WARNING] - Timeout '0' is invalid. Using default page load timeout: '30'

2017-11-20 15:35:50 - [MESSAGE][PASSED] - Delayed 5 second(s)

2017-11-20 15:35:51 - [MESSAGE][PASSED] - Object: 'Object Repository/Approve-Reject/linktoupdateEngData' is clicked on

2017-11-20 15:35:51 - [MESSAGE][WARNING] - Timeout '0' is invalid. Using default page load timeout: '30'

2017-11-20 15:35:52 - [MESSAGE][PASSED] - Scroll to object 'Object Repository/NEXT_BUTTON' successfully

2017-11-20 15:35:52 - [MESSAGE][PASSED] - Object: 'Object Repository/NEXT_BUTTON' is clicked on

2017-11-20 15:35:57 - [MESSAGE][PASSED] - Delayed 5 second(s)

2017-11-20 15:35:57 - [MESSAGE][WARNING] - Timeout '0' is invalid. Using default page load timeout: '30'

2017-11-20 15:35:57 - [MESSAGE][PASSED] - Scroll to object 'Object Repository/NEXT_BUTTON' successfully

2017-11-20 15:35:57 - [MESSAGE][PASSED] - Object: 'Object Repository/NEXT_BUTTON' is clicked on

2017-11-20 15:36:02 - [MESSAGE][PASSED] - Delayed 5 second(s)

2017-11-20 15:36:02 - [MESSAGE][PASSED] - Wait for page load successfully

2017-11-20 15:36:02 - [MESSAGE][WARNING] - Timeout '0' is invalid. Using default page load timeout: '30'

2017-11-20 15:36:02 - [MESSAGE][PASSED] - Scroll to object 'Object Repository/Generic/FINISH_BUTTON' successfully

2017-11-20 15:36:02 - [MESSAGE][PASSED] - Object: 'Object Repository/Generic/FINISH_BUTTON' is clicked on

2017-11-20 15:36:07 - [MESSAGE][PASSED] - Delayed 5 second(s)

2017-11-20 15:36:07 - [MESSAGE][PASSED] - Wait for page load successfully

2017-11-20 15:36:07 - [MESSAGE][PASSED] - com.helper.commonfunct.utilities.docUpdate is PASSED

2017-11-20 15:36:07 - [TEST_STEP][PASSED] - com.helper.commonfunct.utilities.WOstatus: com.helper.commonfunct.utilities.WOstatus is PASSED

2017-11-20 15:36:07 - [MESSAGE][PASSED] - Text of object 'Object Repository/ECR/WOSTATUS' is: 'Pending-RDApproval'

2017-11-20 15:36:07 - [MESSAGE][PASSED] - com.helper.commonfunct.utilities.WOstatus is PASSED

2017-11-20 15:36:07 - [TEST_STEP][PASSED] - delay: Delayed 3 second(s)

2017-11-20 15:36:10 - [MESSAGE][PASSED] - Delayed 3 second(s)

2017-11-20 15:36:10 - [TEST_STEP][PASSED] - Statement - For ([j = 0, j < AssignmentList.size(), (j++)]): null

2017-11-20 15:36:10 - [TEST_STEP][PASSED] - Statement - Status = text: null

2017-11-20 15:36:11 - [TEST_STEP][PASSED] - Statement - println(Status): null

2017-11-20 15:36:11 - [TEST_STEP][PASSED] - Statement - If (Status == "Pending-RDApproval"): com.helper.commonfunct.utilities.WOstatus is PASSED

2017-11-20 15:36:11 - [TEST_STEP][PASSED] - Statement - If (RDReject == false): com.helper.commonfunct.utilities.WOstatus is PASSED

2017-11-20 15:36:11 - [TEST_STEP][PASSED] - Statement - If (Meeting == true): null

2017-11-20 15:36:11 - [TEST_STEP][PASSED] - Statement - Else: com.helper.commonfunct.utilities.WOstatus is PASSED

2017-11-20 15:36:11 - [TEST_STEP][PASSED] - com.helper.commonfunct.utilities.login: com.helper.commonfunct.utilities.login is PASSED

2017-11-20 15:36:11 - [MESSAGE][WARNING] - A browser is already opened. Closing browser and opening a new one

2017-11-20 15:36:14 - [MESSAGE][PASSED] - Browser is opened with url: ''

2017-11-20 15:36:14 - [MESSAGE][PASSED] - Navigate to 'https://vtcpqa2.rpega.com:9030/tcpqa/PRServlet' successfully

2017-11-20 15:36:15 - [MESSAGE][PASSED] - Text 'langr1@pegasystems.com' is set on object 'Object Repository/input_UserIdentifier'

2017-11-20 15:36:15 - [MESSAGE][PASSED] - Text 'install' is set on object 'Object Repository/input_Password'

2017-11-20 15:36:17 - [MESSAGE][PASSED] - Keys 'ENTER + ' sent to object: 'Object Repository/input_Password'

2017-11-20 15:36:17 - [MESSAGE][PASSED] - com.helper.commonfunct.utilities.login is PASSED

2017-11-20 15:36:17 - [TEST_STEP][PASSED] - com.helper.commonfunct.utilities.search: com.helper.commonfunct.utilities.search is PASSED

2017-11-20 15:36:18 - [MESSAGE][PASSED] - Current window maximized

2017-11-20 15:36:23 - [MESSAGE][PASSED] - Delayed 5 second(s)

2017-11-20 15:36:23 - [MESSAGE][PASSED] - Text 'ECR-20Nov2017-33' is set on object 'Object Repository/EngInfo/search'

2017-11-20 15:36:28 - [MESSAGE][PASSED] - Delayed 5 second(s)

2017-11-20 15:36:29 - [MESSAGE][PASSED] - Keys 'ENTER + ' sent to object: 'Object Repository/EngInfo/search'

2017-11-20 15:36:34 - [MESSAGE][PASSED] - Delayed 5 second(s)

2017-11-20 15:36:34 - [MESSAGE][PASSED] - com.helper.commonfunct.utilities.search is PASSED

2017-11-20 15:36:34 - [TEST_STEP][PASSED] - com.helper.commonfunct.utilities.approve: com.helper.commonfunct.utilities.approve is PASSED

2017-11-20 15:36:39 - [MESSAGE][PASSED] - Delayed 5 second(s)

2017-11-20 15:36:39 - [MESSAGE][WARNING] - Timeout '0' is invalid. Using default page load timeout: '30'

2017-11-20 15:36:40 - [MESSAGE][PASSED] - Object: 'Object Repository/Approve-Reject/link_assignment' is clicked on

2017-11-20 15:36:45 - [MESSAGE][PASSED] - Delayed 5 second(s)

2017-11-20 15:36:45 - [MESSAGE][WARNING] - Timeout '0' is invalid. Using default page load timeout: '30'

2017-11-20 15:36:45 - [MESSAGE][PASSED] - Scroll to object 'Object Repository/Approve-Reject/APPROVE_BUTTON' successfully

2017-11-20 15:36:45 - [MESSAGE][PASSED] - Object: 'Object Repository/Approve-Reject/APPROVE_BUTTON' is clicked on

2017-11-20 15:36:50 - [MESSAGE][PASSED] - Delayed 5 second(s)

2017-11-20 15:36:51 - [MESSAGE][PASSED] - Keys 'testing' sent to object: 'Object Repository/Approve-Reject/APPROVE_REJECT_NOTES'

2017-11-20 15:36:56 - [MESSAGE][PASSED] - Delayed 5 second(s)

2017-11-20 15:36:56 - [MESSAGE][WARNING] - Timeout '0' is invalid. Using default page load timeout: '30'

2017-11-20 15:36:56 - [MESSAGE][PASSED] - Scroll to object 'Object Repository/Generic/SUBMIT' successfully

2017-11-20 15:36:56 - [MESSAGE][PASSED] - Object: 'Object Repository/Generic/SUBMIT' is clicked on

2017-11-20 15:37:01 - [MESSAGE][PASSED] - Delayed 5 second(s)

2017-11-20 15:37:01 - [MESSAGE][PASSED] - com.helper.commonfunct.utilities.approve is PASSED

2017-11-20 15:37:01 - [TEST_STEP][PASSED] - com.helper.commonfunct.utilities.WOstatus: com.helper.commonfunct.utilities.WOstatus is PASSED

2017-11-20 15:37:01 - [MESSAGE][PASSED] - Text of object 'Object Repository/ECR/WOSTATUS' is: 'Pending-Approval'

2017-11-20 15:37:01 - [MESSAGE][PASSED] - com.helper.commonfunct.utilities.WOstatus is PASSED

2017-11-20 15:37:01 - [TEST_STEP][PASSED] - Statement - Status = text: null

2017-11-20 15:37:01 - [TEST_STEP][PASSED] - Statement - println(Status): null

2017-11-20 15:37:01 - [TEST_STEP][PASSED] - Statement - If (Status == "Pending-RDApproval"): null

2017-11-20 15:37:01 - [TEST_STEP][PASSED] - Statement - Else If (Status == "Pending-RLApproval"): null

2017-11-20 15:37:01 - [TEST_STEP][PASSED] - Statement - Else If (Status == "Pending-RDDApproval"): null

2017-11-20 15:37:01 - [TEST_STEP][PASSED] - Statement - Else If (Status == "Pending-OPSApproval"): null

2017-11-20 15:37:01 - [TEST_STEP][PASSED] - Statement - If (OpsReject == false): null

2017-11-20 15:37:01 - [TEST_STEP][PASSED] - Statement - Else: null

2017-11-20 15:37:01 - [TEST_STEP][PASSED] - com.helper.commonfunct.utilities.login: com.helper.commonfunct.utilities.login is PASSED

2017-11-20 15:37:01 - [MESSAGE][WARNING] - A browser is already opened. Closing browser and opening a new one

2017-11-20 15:37:05 - [MESSAGE][PASSED] - Browser is opened with url: ''

2017-11-20 15:37:05 - [MESSAGE][PASSED] - Navigate to 'https://vtcpqa2.rpega.com:9030/tcpqa/PRServlet' successfully

2017-11-20 15:37:05 - [MESSAGE][PASSED] - Text 'pogoa@pegasystems.com' is set on object 'Object Repository/input_UserIdentifier'

2017-11-20 15:37:06 - [MESSAGE][PASSED] - Text 'install' is set on object 'Object Repository/input_Password'

2017-11-20 15:37:08 - [MESSAGE][PASSED] - Keys 'ENTER + ' sent to object: 'Object Repository/input_Password'

2017-11-20 15:37:08 - [MESSAGE][PASSED] - com.helper.commonfunct.utilities.login is PASSED

2017-11-20 15:37:08 - [TEST_STEP][PASSED] - com.helper.commonfunct.utilities.search: com.helper.commonfunct.utilities.search is PASSED

2017-11-20 15:37:10 - [MESSAGE][PASSED] - Current window maximized

2017-11-20 15:37:15 - [MESSAGE][PASSED] - Delayed 5 second(s)

2017-11-20 15:37:15 - [MESSAGE][PASSED] - Text 'ECR-20Nov2017-33' is set on object 'Object Repository/EngInfo/search'

2017-11-20 15:37:20 - [MESSAGE][PASSED] - Delayed 5 second(s)

2017-11-20 15:37:20 - [MESSAGE][PASSED] - Keys 'ENTER + ' sent to object: 'Object Repository/EngInfo/search'

2017-11-20 15:37:25 - [MESSAGE][PASSED] - Delayed 5 second(s)

2017-11-20 15:37:25 - [MESSAGE][PASSED] - com.helper.commonfunct.utilities.search is PASSED

2017-11-20 15:37:25 - [TEST_STEP][PASSED] - maximizeWindow: Current window maximized

2017-11-20 15:37:25 - [MESSAGE][PASSED] - Current window maximized

2017-11-20 15:37:25 - [TEST_STEP][PASSED] - com.helper.commonfunct.utilities.gsopsReject: com.helper.commonfunct.utilities.gsopsReject is PASSED

2017-11-20 15:37:30 - [MESSAGE][PASSED] - Delayed 5 second(s)

2017-11-20 15:37:30 - [MESSAGE][WARNING] - Timeout '0' is invalid. Using default page load timeout: '30'

2017-11-20 15:37:32 - [MESSAGE][WARNING] - Timeout '0' is invalid. Using default page load timeout: '30'

2017-11-20 15:37:32 - [MESSAGE][PASSED] - Scroll to object 'Object Repository/Approve-Reject/ReturnToRequestor' successfully

2017-11-20 15:37:32 - [MESSAGE][PASSED] - Object: 'Object Repository/Approve-Reject/ReturnToRequestor' is clicked on

2017-11-20 15:37:37 - [MESSAGE][PASSED] - Delayed 5 second(s)

2017-11-20 15:37:37 - [MESSAGE][PASSED] - Keys 'testing' sent to object: 'Object Repository/Approve-Reject/APPROVE_REJECT_NOTES'

2017-11-20 15:37:42 - [MESSAGE][PASSED] - Delayed 5 second(s)

2017-11-20 15:37:42 - [MESSAGE][WARNING] - Timeout '0' is invalid. Using default page load timeout: '30'

2017-11-20 15:37:42 - [MESSAGE][PASSED] - Scroll to object 'Object Repository/Generic/SUBMIT' successfully

2017-11-20 15:37:42 - [MESSAGE][PASSED] - Object: 'Object Repository/Generic/SUBMIT' is clicked on

2017-11-20 15:37:47 - [MESSAGE][PASSED] - Delayed 5 second(s)

2017-11-20 15:37:47 - [MESSAGE][PASSED] - Scroll to object 'Object Repository/NEXT_BUTTON' successfully

2017-11-20 15:37:48 - [MESSAGE][PASSED] - Object: 'Object Repository/NEXT_BUTTON' is clicked on

2017-11-20 15:37:53 - [MESSAGE][PASSED] - Delayed 5 second(s)

2017-11-20 15:37:53 - [MESSAGE][PASSED] - Scroll to object 'Object Repository/NEXT_BUTTON' successfully

2017-11-20 15:37:53 - [MESSAGE][PASSED] - Object: 'Object Repository/NEXT_BUTTON' is clicked on

2017-11-20 15:37:58 - [MESSAGE][PASSED] - Delayed 5 second(s)

2017-11-20 15:37:58 - [MESSAGE][PASSED] - Scroll to object 'Object Repository/Generic/FINISH_BUTTON' successfully

2017-11-20 15:37:58 - [MESSAGE][PASSED] - Object: 'Object Repository/Generic/FINISH_BUTTON' is clicked on

2017-11-20 15:38:03 - [MESSAGE][PASSED] - Delayed 5 second(s)

2017-11-20 15:38:03 - [MESSAGE][PASSED] - Text of object 'Object Repository/WO' is: 'ECR-20Nov2017-33'

2017-11-20 15:38:03 - [MESSAGE][PASSED] - Text of object 'Object Repository/ECR/WOSTATUS' is: 'Pending-RDApproval'

2017-11-20 15:38:03 - [MESSAGE][PASSED] - com.helper.commonfunct.utilities.gsopsReject is PASSED

2017-11-20 15:38:03 - [TEST_STEP][PASSED] - Statement - OpsReject = false: null

2017-11-20 15:38:03 - [TEST_STEP][PASSED] - Statement - For ([j = 0, j < AssignmentList.size(), (j++)]): com.helper.commonfunct.utilities.WOstatus is PASSED

2017-11-20 15:38:03 - [TEST_STEP][PASSED] - Statement - Status = text: null

2017-11-20 15:38:03 - [TEST_STEP][PASSED] - Statement - println(Status): null

2017-11-20 15:38:03 - [TEST_STEP][PASSED] - Statement - If (Status == "Pending-RDApproval"): com.helper.commonfunct.utilities.WOstatus is PASSED

2017-11-20 15:38:03 - [TEST_STEP][PASSED] - Statement - If (RDReject == false): com.helper.commonfunct.utilities.WOstatus is PASSED

2017-11-20 15:38:03 - [TEST_STEP][PASSED] - Statement - If (Meeting == true): null

2017-11-20 15:38:03 - [TEST_STEP][PASSED] - Statement - Else: com.helper.commonfunct.utilities.WOstatus is PASSED

2017-11-20 15:38:03 - [TEST_STEP][PASSED] - com.helper.commonfunct.utilities.login: com.helper.commonfunct.utilities.login is PASSED

2017-11-20 15:38:03 - [MESSAGE][WARNING] - A browser is already opened. Closing browser and opening a new one

2017-11-20 15:38:07 - [MESSAGE][PASSED] - Browser is opened with url: ''

2017-11-20 15:38:07 - [MESSAGE][PASSED] - Navigate to 'https://vtcpqa2.rpega.com:9030/tcpqa/PRServlet' successfully

2017-11-20 15:38:08 - [MESSAGE][PASSED] - Text 'langr1@pegasystems.com' is set on object 'Object Repository/input_UserIdentifier'

2017-11-20 15:38:08 - [MESSAGE][PASSED] - Text 'install' is set on object 'Object Repository/input_Password'

2017-11-20 15:38:10 - [MESSAGE][PASSED] - Keys 'ENTER + ' sent to object: 'Object Repository/input_Password'

2017-11-20 15:38:10 - [MESSAGE][PASSED] - com.helper.commonfunct.utilities.login is PASSED

2017-11-20 15:38:10 - [TEST_STEP][PASSED] - com.helper.commonfunct.utilities.search: com.helper.commonfunct.utilities.search is PASSED

2017-11-20 15:38:11 - [MESSAGE][PASSED] - Current window maximized

2017-11-20 15:38:16 - [MESSAGE][PASSED] - Delayed 5 second(s)

2017-11-20 15:38:17 - [MESSAGE][PASSED] - Text 'ECR-20Nov2017-33' is set on object 'Object Repository/EngInfo/search'

2017-11-20 15:38:22 - [MESSAGE][PASSED] - Delayed 5 second(s)

2017-11-20 15:38:22 - [MESSAGE][PASSED] - Keys 'ENTER + ' sent to object: 'Object Repository/EngInfo/search'

2017-11-20 15:38:27 - [MESSAGE][PASSED] - Delayed 5 second(s)

2017-11-20 15:38:27 - [MESSAGE][PASSED] - com.helper.commonfunct.utilities.search is PASSED

2017-11-20 15:38:27 - [TEST_STEP][PASSED] - com.helper.commonfunct.utilities.approve: com.helper.commonfunct.utilities.approve is PASSED

2017-11-20 15:38:32 - [MESSAGE][PASSED] - Delayed 5 second(s)

2017-11-20 15:38:32 - [MESSAGE][WARNING] - Timeout '0' is invalid. Using default page load timeout: '30'

2017-11-20 15:38:33 - [MESSAGE][PASSED] - Object: 'Object Repository/Approve-Reject/link_assignment' is clicked on

2017-11-20 15:38:38 - [MESSAGE][PASSED] - Delayed 5 second(s)

2017-11-20 15:38:38 - [MESSAGE][WARNING] - Timeout '0' is invalid. Using default page load timeout: '30'

2017-11-20 15:38:38 - [MESSAGE][PASSED] - Scroll to object 'Object Repository/Approve-Reject/APPROVE_BUTTON' successfully

2017-11-20 15:38:39 - [MESSAGE][PASSED] - Object: 'Object Repository/Approve-Reject/APPROVE_BUTTON' is clicked on

2017-11-20 15:38:44 - [MESSAGE][PASSED] - Delayed 5 second(s)

2017-11-20 15:38:44 - [MESSAGE][PASSED] - Keys 'testing' sent to object: 'Object Repository/Approve-Reject/APPROVE_REJECT_NOTES'

2017-11-20 15:38:49 - [MESSAGE][PASSED] - Delayed 5 second(s)

2017-11-20 15:38:49 - [MESSAGE][WARNING] - Timeout '0' is invalid. Using default page load timeout: '30'

2017-11-20 15:38:49 - [MESSAGE][PASSED] - Scroll to object 'Object Repository/Generic/SUBMIT' successfully

2017-11-20 15:38:49 - [MESSAGE][PASSED] - Object: 'Object Repository/Generic/SUBMIT' is clicked on

2017-11-20 15:38:54 - [MESSAGE][PASSED] - Delayed 5 second(s)

2017-11-20 15:38:54 - [MESSAGE][PASSED] - com.helper.commonfunct.utilities.approve is PASSED

2017-11-20 15:38:54 - [TEST_STEP][PASSED] - com.helper.commonfunct.utilities.WOstatus: com.helper.commonfunct.utilities.WOstatus is PASSED

2017-11-20 15:38:55 - [MESSAGE][PASSED] - Text of object 'Object Repository/ECR/WOSTATUS' is: 'Pending-Approval'

2017-11-20 15:38:55 - [MESSAGE][PASSED] - com.helper.commonfunct.utilities.WOstatus is PASSED

2017-11-20 15:38:55 - [TEST_STEP][PASSED] - Statement - Status = text: null

2017-11-20 15:38:55 - [TEST_STEP][PASSED] - Statement - println(Status): null

2017-11-20 15:38:55 - [TEST_STEP][PASSED] - Statement - If (Status == "Pending-RDApproval"): null

2017-11-20 15:38:55 - [TEST_STEP][PASSED] - Statement - Else If (Status == "Pending-RLApproval"): null

2017-11-20 15:38:55 - [TEST_STEP][PASSED] - Statement - Else If (Status == "Pending-RDDApproval"): null

2017-11-20 15:38:55 - [TEST_STEP][PASSED] - Statement - Else If (Status == "Pending-OPSApproval"): com.helper.commonfunct.utilities.WOstatus is PASSED

2017-11-20 15:38:55 - [TEST_STEP][PASSED] - Statement - If (OpsReject == false): com.helper.commonfunct.utilities.WOstatus is PASSED

2017-11-20 15:38:55 - [TEST_STEP][PASSED] - com.helper.commonfunct.utilities.login: com.helper.commonfunct.utilities.login is PASSED

2017-11-20 15:38:55 - [MESSAGE][WARNING] - A browser is already opened. Closing browser and opening a new one

2017-11-20 15:38:58 - [MESSAGE][PASSED] - Browser is opened with url: ''

2017-11-20 15:38:59 - [MESSAGE][PASSED] - Navigate to 'https://vtcpqa2.rpega.com:9030/tcpqa/PRServlet' successfully

2017-11-20 15:38:59 - [MESSAGE][PASSED] - Text 'pogoa@pegasystems.com' is set on object 'Object Repository/input_UserIdentifier'

2017-11-20 15:38:59 - [MESSAGE][PASSED] - Text 'install' is set on object 'Object Repository/input_Password'

2017-11-20 15:39:03 - [MESSAGE][PASSED] - Keys 'ENTER + ' sent to object: 'Object Repository/input_Password'

2017-11-20 15:39:03 - [MESSAGE][PASSED] - com.helper.commonfunct.utilities.login is PASSED

2017-11-20 15:39:03 - [TEST_STEP][PASSED] - com.helper.commonfunct.utilities.search: com.helper.commonfunct.utilities.search is PASSED

2017-11-20 15:39:04 - [MESSAGE][PASSED] - Current window maximized

2017-11-20 15:39:09 - [MESSAGE][PASSED] - Delayed 5 second(s)

2017-11-20 15:39:09 - [MESSAGE][PASSED] - Text 'ECR-20Nov2017-33' is set on object 'Object Repository/EngInfo/search'

2017-11-20 15:39:14 - [MESSAGE][PASSED] - Delayed 5 second(s)

2017-11-20 15:39:14 - [MESSAGE][PASSED] - Keys 'ENTER + ' sent to object: 'Object Repository/EngInfo/search'

2017-11-20 15:39:19 - [MESSAGE][PASSED] - Delayed 5 second(s)

2017-11-20 15:39:19 - [MESSAGE][PASSED] - com.helper.commonfunct.utilities.search is PASSED

2017-11-20 15:39:19 - [TEST_STEP][PASSED] - com.helper.commonfunct.utilities.gsopsApprove: com.helper.commonfunct.utilities.gsopsApprove is PASSED

2017-11-20 15:39:24 - [MESSAGE][PASSED] - Delayed 5 second(s)

2017-11-20 15:39:24 - [MESSAGE][WARNING] - Timeout '0' is invalid. Using default page load timeout: '30'

2017-11-20 15:39:26 - [MESSAGE][WARNING] - Timeout '0' is invalid. Using default page load timeout: '30'

2017-11-20 15:39:26 - [MESSAGE][PASSED] - Scroll to object 'Object Repository/Approve-Reject/APPROVE_BUTTON' successfully

2017-11-20 15:39:27 - [MESSAGE][PASSED] - Object: 'Object Repository/Approve-Reject/APPROVE_BUTTON' is clicked on

2017-11-20 15:39:32 - [MESSAGE][PASSED] - Delayed 5 second(s)

2017-11-20 15:39:32 - [MESSAGE][PASSED] - Keys 'testing' sent to object: 'Object Repository/Approve-Reject/APPROVE_REJECT_NOTES'

2017-11-20 15:39:37 - [MESSAGE][PASSED] - Delayed 5 second(s)

2017-11-20 15:39:37 - [MESSAGE][WARNING] - Timeout '0' is invalid. Using default page load timeout: '30'

2017-11-20 15:39:37 - [MESSAGE][PASSED] - Scroll to object 'Object Repository/Generic/SUBMIT' successfully

2017-11-20 15:39:37 - [MESSAGE][PASSED] - Object: 'Object Repository/Generic/SUBMIT' is clicked on

2017-11-20 15:39:42 - [MESSAGE][PASSED] - Delayed 5 second(s)

2017-11-20 15:39:42 - [MESSAGE][PASSED] - com.helper.commonfunct.utilities.gsopsApprove is PASSED

2017-11-20 15:39:42 - [TEST_STEP][PASSED] - com.helper.commonfunct.utilities.WOstatus: com.helper.commonfunct.utilities.WOstatus is PASSED

2017-11-20 15:39:42 - [MESSAGE][PASSED] - Text of object 'Object Repository/ECR/WOSTATUS' is: 'Pending-Approval'

2017-11-20 15:39:42 - [MESSAGE][PASSED] - com.helper.commonfunct.utilities.WOstatus is PASSED

2017-11-20 15:39:42 - [TEST_STEP][PASSED] - Statement - For ([j = 0, j < AssignmentList.size(), (j++)]): null

2017-11-20 15:39:42 - [TEST_STEP][PASSED] - Statement - Status = text: null

2017-11-20 15:39:42 - [TEST_STEP][PASSED] - Statement - println(Status): null

2017-11-20 15:39:42 - [TEST_STEP][PASSED] - Statement - If (Status == "Pending-RDApproval"): null

2017-11-20 15:39:42 - [TEST_STEP][PASSED] - Statement - Else If (Status == "Pending-RLApproval"): null

2017-11-20 15:39:42 - [TEST_STEP][PASSED] - Statement - Else If (Status == "Pending-RDDApproval"): null

2017-11-20 15:39:42 - [TEST_STEP][PASSED] - Statement - If (RDD_Reject == false): null

2017-11-20 15:39:42 - [TEST_STEP][PASSED] - Statement - Else: null

2017-11-20 15:39:42 - [TEST_STEP][PASSED] - com.helper.commonfunct.utilities.login: com.helper.commonfunct.utilities.login is PASSED

2017-11-20 15:39:42 - [MESSAGE][WARNING] - A browser is already opened. Closing browser and opening a new one

2017-11-20 15:39:45 - [MESSAGE][PASSED] - Browser is opened with url: ''

2017-11-20 15:39:46 - [MESSAGE][PASSED] - Navigate to 'https://vtcpqa2.rpega.com:9030/tcpqa/PRServlet' successfully

2017-11-20 15:39:46 - [MESSAGE][PASSED] - Text 'lachd@pegasystems.com' is set on object 'Object Repository/input_UserIdentifier'

2017-11-20 15:39:47 - [MESSAGE][PASSED] - Text 'install' is set on object 'Object Repository/input_Password'

2017-11-20 15:39:50 - [MESSAGE][PASSED] - Keys 'ENTER + ' sent to object: 'Object Repository/input_Password'

2017-11-20 15:39:50 - [MESSAGE][PASSED] - com.helper.commonfunct.utilities.login is PASSED

2017-11-20 15:39:50 - [TEST_STEP][PASSED] - com.helper.commonfunct.utilities.search: com.helper.commonfunct.utilities.search is PASSED

2017-11-20 15:39:51 - [MESSAGE][PASSED] - Current window maximized

2017-11-20 15:39:56 - [MESSAGE][PASSED] - Delayed 5 second(s)

2017-11-20 15:39:56 - [MESSAGE][PASSED] - Text 'ECR-20Nov2017-33' is set on object 'Object Repository/EngInfo/search'

2017-11-20 15:40:01 - [MESSAGE][PASSED] - Delayed 5 second(s)

2017-11-20 15:40:01 - [MESSAGE][PASSED] - Keys 'ENTER + ' sent to object: 'Object Repository/EngInfo/search'

2017-11-20 15:40:06 - [MESSAGE][PASSED] - Delayed 5 second(s)

2017-11-20 15:40:06 - [MESSAGE][PASSED] - com.helper.commonfunct.utilities.search is PASSED

2017-11-20 15:40:06 - [TEST_STEP][PASSED] - com.helper.commonfunct.utilities.reject: com.helper.commonfunct.utilities.reject is PASSED

2017-11-20 15:40:11 - [MESSAGE][PASSED] - Delayed 5 second(s)

2017-11-20 15:40:11 - [MESSAGE][WARNING] - Timeout '0' is invalid. Using default page load timeout: '30'

2017-11-20 15:40:13 - [MESSAGE][PASSED] - Object: 'Object Repository/Approve-Reject/link_assignment' is clicked on

2017-11-20 15:40:18 - [MESSAGE][PASSED] - Delayed 5 second(s)

2017-11-20 15:40:18 - [MESSAGE][WARNING] - Timeout '0' is invalid. Using default page load timeout: '30'

2017-11-20 15:40:18 - [MESSAGE][PASSED] - Scroll to object 'Object Repository/Approve-Reject/ReturnToRequestor' successfully

2017-11-20 15:40:18 - [MESSAGE][PASSED] - Object: 'Object Repository/Approve-Reject/ReturnToRequestor' is clicked on

2017-11-20 15:40:23 - [MESSAGE][PASSED] - Delayed 5 second(s)

2017-11-20 15:40:23 - [MESSAGE][PASSED] - Keys 'testing' sent to object: 'Object Repository/Approve-Reject/APPROVE_REJECT_NOTES'

2017-11-20 15:40:28 - [MESSAGE][PASSED] - Delayed 5 second(s)

2017-11-20 15:40:28 - [MESSAGE][WARNING] - Timeout '0' is invalid. Using default page load timeout: '30'

2017-11-20 15:40:28 - [MESSAGE][PASSED] - Scroll to object 'Object Repository/Generic/SUBMIT' successfully

2017-11-20 15:40:29 - [MESSAGE][PASSED] - Object: 'Object Repository/Generic/SUBMIT' is clicked on

2017-11-20 15:40:34 - [MESSAGE][PASSED] - Delayed 5 second(s)

2017-11-20 15:40:34 - [MESSAGE][PASSED] - com.helper.commonfunct.utilities.reject is PASSED

2017-11-20 15:40:34 - [TEST_STEP][PASSED] - Statement - RDD_Reject = false: null

2017-11-20 15:40:34 - [TEST_STEP][PASSED] - com.helper.commonfunct.utilities.WOstatus: com.helper.commonfunct.utilities.WOstatus is PASSED

2017-11-20 15:40:34 - [MESSAGE][PASSED] - Text of object 'Object Repository/ECR/WOSTATUS' is: 'Pending-DocUpdate'

2017-11-20 15:40:34 - [MESSAGE][PASSED] - com.helper.commonfunct.utilities.WOstatus is PASSED

2017-11-20 15:40:34 - [TEST_STEP][PASSED] - Statement - println(Status): null

2017-11-20 15:40:34 - [TEST_STEP][PASSED] - Statement - For ([j = 0, j < AssignmentList.size(), (j++)]): Delayed 3 second(s)

2017-11-20 15:40:34 - [TEST_STEP][PASSED] - Statement - Status = text: null

2017-11-20 15:40:34 - [TEST_STEP][PASSED] - Statement - println(Status): null

2017-11-20 15:40:34 - [TEST_STEP][PASSED] - Statement - If (Status == "Pending-RDApproval"): null

2017-11-20 15:40:34 - [TEST_STEP][PASSED] - Statement - Else If (Status == "Pending-RLApproval"): null

2017-11-20 15:40:34 - [TEST_STEP][PASSED] - Statement - Else If (Status == "Pending-RDDApproval"): null

2017-11-20 15:40:34 - [TEST_STEP][PASSED] - Statement - Else If (Status == "Pending-OPSApproval"): null

2017-11-20 15:40:34 - [TEST_STEP][PASSED] - Statement - Else If (Status == "Pending-ExpSvcApproval"): null

2017-11-20 15:40:34 - [TEST_STEP][PASSED] - Statement - Else If (Status == "Pending-DocUpdate"): Delayed 3 second(s)

2017-11-20 15:40:34 - [TEST_STEP][PASSED] - Statement - If (Meeting == false): Delayed 3 second(s)

2017-11-20 15:40:34 - [TEST_STEP][PASSED] - com.helper.commonfunct.utilities.login: com.helper.commonfunct.utilities.login is PASSED

2017-11-20 15:40:34 - [MESSAGE][WARNING] - A browser is already opened. Closing browser and opening a new one

2017-11-20 15:40:37 - [MESSAGE][PASSED] - Browser is opened with url: ''

2017-11-20 15:40:37 - [MESSAGE][PASSED] - Navigate to 'https://vtcpqa2.rpega.com:9030/tcpqa/PRServlet' successfully

2017-11-20 15:40:38 - [MESSAGE][PASSED] - Text 'pogoa@pegasystems.com' is set on object 'Object Repository/input_UserIdentifier'

2017-11-20 15:40:38 - [MESSAGE][PASSED] - Text 'install' is set on object 'Object Repository/input_Password'

2017-11-20 15:40:43 - [MESSAGE][PASSED] - Keys 'ENTER + ' sent to object: 'Object Repository/input_Password'

2017-11-20 15:40:43 - [MESSAGE][PASSED] - com.helper.commonfunct.utilities.login is PASSED

2017-11-20 15:40:43 - [TEST_STEP][PASSED] - com.helper.commonfunct.utilities.search: com.helper.commonfunct.utilities.search is PASSED

2017-11-20 15:40:44 - [MESSAGE][PASSED] - Current window maximized

2017-11-20 15:40:49 - [MESSAGE][PASSED] - Delayed 5 second(s)

2017-11-20 15:40:50 - [MESSAGE][PASSED] - Text 'ECR-20Nov2017-33' is set on object 'Object Repository/EngInfo/search'

2017-11-20 15:40:55 - [MESSAGE][PASSED] - Delayed 5 second(s)

2017-11-20 15:40:55 - [MESSAGE][PASSED] - Keys 'ENTER + ' sent to object: 'Object Repository/EngInfo/search'

2017-11-20 15:41:00 - [MESSAGE][PASSED] - Delayed 5 second(s)

2017-11-20 15:41:00 - [MESSAGE][PASSED] - com.helper.commonfunct.utilities.search is PASSED

2017-11-20 15:41:00 - [TEST_STEP][PASSED] - maximizeWindow: Current window maximized

2017-11-20 15:41:00 - [MESSAGE][PASSED] - Current window maximized

2017-11-20 15:41:00 - [TEST_STEP][PASSED] - com.helper.commonfunct.utilities.docUpdate: com.helper.commonfunct.utilities.docUpdate is PASSED

2017-11-20 15:41:00 - [MESSAGE][WARNING] - Timeout '0' is invalid. Using default page load timeout: '30'

2017-11-20 15:41:05 - [MESSAGE][PASSED] - Delayed 5 second(s)

2017-11-20 15:41:06 - [MESSAGE][PASSED] - Object: 'Object Repository/Approve-Reject/linktoupdateEngData' is clicked on

2017-11-20 15:41:06 - [MESSAGE][WARNING] - Timeout '0' is invalid. Using default page load timeout: '30'

2017-11-20 15:41:06 - [MESSAGE][PASSED] - Scroll to object 'Object Repository/NEXT_BUTTON' successfully

2017-11-20 15:41:07 - [MESSAGE][PASSED] - Object: 'Object Repository/NEXT_BUTTON' is clicked on

2017-11-20 15:41:12 - [MESSAGE][PASSED] - Delayed 5 second(s)

2017-11-20 15:41:12 - [MESSAGE][WARNING] - Timeout '0' is invalid. Using default page load timeout: '30'

2017-11-20 15:41:12 - [MESSAGE][PASSED] - Scroll to object 'Object Repository/NEXT_BUTTON' successfully

2017-11-20 15:41:12 - [MESSAGE][PASSED] - Object: 'Object Repository/NEXT_BUTTON' is clicked on

2017-11-20 15:41:17 - [MESSAGE][PASSED] - Delayed 5 second(s)

2017-11-20 15:41:17 - [MESSAGE][PASSED] - Wait for page load successfully

2017-11-20 15:41:17 - [MESSAGE][WARNING] - Timeout '0' is invalid. Using default page load timeout: '30'

2017-11-20 15:41:17 - [MESSAGE][PASSED] - Scroll to object 'Object Repository/Generic/FINISH_BUTTON' successfully

2017-11-20 15:41:17 - [MESSAGE][PASSED] - Object: 'Object Repository/Generic/FINISH_BUTTON' is clicked on

2017-11-20 15:41:22 - [MESSAGE][PASSED] - Delayed 5 second(s)

2017-11-20 15:41:22 - [MESSAGE][PASSED] - Wait for page load successfully

2017-11-20 15:41:22 - [MESSAGE][PASSED] - com.helper.commonfunct.utilities.docUpdate is PASSED

2017-11-20 15:41:22 - [TEST_STEP][PASSED] - com.helper.commonfunct.utilities.WOstatus: com.helper.commonfunct.utilities.WOstatus is PASSED

2017-11-20 15:41:22 - [MESSAGE][PASSED] - Text of object 'Object Repository/ECR/WOSTATUS' is: 'Pending-RDApproval'

2017-11-20 15:41:22 - [MESSAGE][PASSED] - com.helper.commonfunct.utilities.WOstatus is PASSED

2017-11-20 15:41:22 - [TEST_STEP][PASSED] - delay: Delayed 3 second(s)

2017-11-20 15:41:25 - [MESSAGE][PASSED] - Delayed 3 second(s)

2017-11-20 15:41:25 - [TEST_STEP][PASSED] - Statement - For ([j = 0, j < AssignmentList.size(), (j++)]): com.helper.commonfunct.utilities.WOstatus is PASSED

2017-11-20 15:41:25 - [TEST_STEP][PASSED] - Statement - Status = text: null

2017-11-20 15:41:25 - [TEST_STEP][PASSED] - Statement - println(Status): null

2017-11-20 15:41:25 - [TEST_STEP][PASSED] - Statement - If (Status == "Pending-RDApproval"): com.helper.commonfunct.utilities.WOstatus is PASSED

2017-11-20 15:41:25 - [TEST_STEP][PASSED] - Statement - If (RDReject == false): com.helper.commonfunct.utilities.WOstatus is PASSED

2017-11-20 15:41:25 - [TEST_STEP][PASSED] - Statement - If (Meeting == true): null

2017-11-20 15:41:25 - [TEST_STEP][PASSED] - Statement - Else: com.helper.commonfunct.utilities.WOstatus is PASSED

2017-11-20 15:41:25 - [TEST_STEP][PASSED] - com.helper.commonfunct.utilities.login: com.helper.commonfunct.utilities.login is PASSED

2017-11-20 15:41:25 - [MESSAGE][WARNING] - A browser is already opened. Closing browser and opening a new one

2017-11-20 15:41:29 - [MESSAGE][PASSED] - Browser is opened with url: ''

2017-11-20 15:41:29 - [MESSAGE][PASSED] - Navigate to 'https://vtcpqa2.rpega.com:9030/tcpqa/PRServlet' successfully

2017-11-20 15:41:30 - [MESSAGE][PASSED] - Text 'langr1@pegasystems.com' is set on object 'Object Repository/input_UserIdentifier'

2017-11-20 15:41:30 - [MESSAGE][PASSED] - Text 'install' is set on object 'Object Repository/input_Password'

2017-11-20 15:41:33 - [MESSAGE][PASSED] - Keys 'ENTER + ' sent to object: 'Object Repository/input_Password'

2017-11-20 15:41:33 - [MESSAGE][PASSED] - com.helper.commonfunct.utilities.login is PASSED

2017-11-20 15:41:33 - [TEST_STEP][PASSED] - com.helper.commonfunct.utilities.search: com.helper.commonfunct.utilities.search is PASSED

2017-11-20 15:41:34 - [MESSAGE][PASSED] - Current window maximized

2017-11-20 15:41:39 - [MESSAGE][PASSED] - Delayed 5 second(s)

2017-11-20 15:41:39 - [MESSAGE][PASSED] - Text 'ECR-20Nov2017-33' is set on object 'Object Repository/EngInfo/search'

2017-11-20 15:41:44 - [MESSAGE][PASSED] - Delayed 5 second(s)

2017-11-20 15:41:45 - [MESSAGE][PASSED] - Keys 'ENTER + ' sent to object: 'Object Repository/EngInfo/search'

2017-11-20 15:41:50 - [MESSAGE][PASSED] - Delayed 5 second(s)

2017-11-20 15:41:50 - [MESSAGE][PASSED] - com.helper.commonfunct.utilities.search is PASSED

2017-11-20 15:41:50 - [TEST_STEP][PASSED] - com.helper.commonfunct.utilities.approve: com.helper.commonfunct.utilities.approve is PASSED

2017-11-20 15:41:55 - [MESSAGE][PASSED] - Delayed 5 second(s)

2017-11-20 15:41:55 - [MESSAGE][WARNING] - Timeout '0' is invalid. Using default page load timeout: '30'

2017-11-20 15:41:56 - [MESSAGE][PASSED] - Object: 'Object Repository/Approve-Reject/link_assignment' is clicked on

2017-11-20 15:42:01 - [MESSAGE][PASSED] - Delayed 5 second(s)

2017-11-20 15:42:01 - [MESSAGE][WARNING] - Timeout '0' is invalid. Using default page load timeout: '30'

2017-11-20 15:42:01 - [MESSAGE][PASSED] - Scroll to object 'Object Repository/Approve-Reject/APPROVE_BUTTON' successfully

2017-11-20 15:42:01 - [MESSAGE][PASSED] - Object: 'Object Repository/Approve-Reject/APPROVE_BUTTON' is clicked on

2017-11-20 15:42:06 - [MESSAGE][PASSED] - Delayed 5 second(s)

2017-11-20 15:42:07 - [MESSAGE][PASSED] - Keys 'testing' sent to object: 'Object Repository/Approve-Reject/APPROVE_REJECT_NOTES'

2017-11-20 15:42:12 - [MESSAGE][PASSED] - Delayed 5 second(s)

2017-11-20 15:42:12 - [MESSAGE][WARNING] - Timeout '0' is invalid. Using default page load timeout: '30'

2017-11-20 15:42:12 - [MESSAGE][PASSED] - Scroll to object 'Object Repository/Generic/SUBMIT' successfully

2017-11-20 15:42:12 - [MESSAGE][PASSED] - Object: 'Object Repository/Generic/SUBMIT' is clicked on

2017-11-20 15:42:17 - [MESSAGE][PASSED] - Delayed 5 second(s)

2017-11-20 15:42:17 - [MESSAGE][PASSED] - com.helper.commonfunct.utilities.approve is PASSED

2017-11-20 15:42:17 - [TEST_STEP][PASSED] - com.helper.commonfunct.utilities.WOstatus: com.helper.commonfunct.utilities.WOstatus is PASSED

2017-11-20 15:42:17 - [MESSAGE][PASSED] - Text of object 'Object Repository/ECR/WOSTATUS' is: 'Pending-Approval'

2017-11-20 15:42:17 - [MESSAGE][PASSED] - com.helper.commonfunct.utilities.WOstatus is PASSED

2017-11-20 15:42:17 - [TEST_STEP][PASSED] - Statement - Status = text: null

2017-11-20 15:42:17 - [TEST_STEP][PASSED] - Statement - println(Status): null

2017-11-20 15:42:17 - [TEST_STEP][PASSED] - Statement - If (Status == "Pending-RDApproval"): null

2017-11-20 15:42:17 - [TEST_STEP][PASSED] - Statement - Else If (Status == "Pending-RLApproval"): null

2017-11-20 15:42:17 - [TEST_STEP][PASSED] - Statement - Else If (Status == "Pending-RDDApproval"): null

2017-11-20 15:42:17 - [TEST_STEP][PASSED] - Statement - Else If (Status == "Pending-OPSApproval"): com.helper.commonfunct.utilities.WOstatus is PASSED

2017-11-20 15:42:17 - [TEST_STEP][PASSED] - Statement - If (OpsReject == false): com.helper.commonfunct.utilities.WOstatus is PASSED

2017-11-20 15:42:17 - [TEST_STEP][PASSED] - com.helper.commonfunct.utilities.login: com.helper.commonfunct.utilities.login is PASSED

2017-11-20 15:42:17 - [MESSAGE][WARNING] - A browser is already opened. Closing browser and opening a new one

2017-11-20 15:42:20 - [MESSAGE][PASSED] - Browser is opened with url: ''

2017-11-20 15:42:21 - [MESSAGE][PASSED] - Navigate to 'https://vtcpqa2.rpega.com:9030/tcpqa/PRServlet' successfully

2017-11-20 15:42:21 - [MESSAGE][PASSED] - Text 'pogoa@pegasystems.com' is set on object 'Object Repository/input_UserIdentifier'

2017-11-20 15:42:21 - [MESSAGE][PASSED] - Text 'install' is set on object 'Object Repository/input_Password'

2017-11-20 15:42:24 - [MESSAGE][PASSED] - Keys 'ENTER + ' sent to object: 'Object Repository/input_Password'

2017-11-20 15:42:24 - [MESSAGE][PASSED] - com.helper.commonfunct.utilities.login is PASSED

2017-11-20 15:42:24 - [TEST_STEP][PASSED] - com.helper.commonfunct.utilities.search: com.helper.commonfunct.utilities.search is PASSED

2017-11-20 15:42:26 - [MESSAGE][PASSED] - Current window maximized

2017-11-20 15:42:31 - [MESSAGE][PASSED] - Delayed 5 second(s)

2017-11-20 15:42:31 - [MESSAGE][PASSED] - Text 'ECR-20Nov2017-33' is set on object 'Object Repository/EngInfo/search'

2017-11-20 15:42:36 - [MESSAGE][PASSED] - Delayed 5 second(s)

2017-11-20 15:42:36 - [MESSAGE][PASSED] - Keys 'ENTER + ' sent to object: 'Object Repository/EngInfo/search'

2017-11-20 15:42:41 - [MESSAGE][PASSED] - Delayed 5 second(s)

2017-11-20 15:42:41 - [MESSAGE][PASSED] - com.helper.commonfunct.utilities.search is PASSED

2017-11-20 15:42:41 - [TEST_STEP][PASSED] - com.helper.commonfunct.utilities.gsopsApprove: com.helper.commonfunct.utilities.gsopsApprove is PASSED

2017-11-20 15:42:46 - [MESSAGE][PASSED] - Delayed 5 second(s)

2017-11-20 15:42:46 - [MESSAGE][WARNING] - Timeout '0' is invalid. Using default page load timeout: '30'

2017-11-20 15:42:48 - [MESSAGE][WARNING] - Timeout '0' is invalid. Using default page load timeout: '30'

2017-11-20 15:42:48 - [MESSAGE][PASSED] - Scroll to object 'Object Repository/Approve-Reject/APPROVE_BUTTON' successfully

2017-11-20 15:42:48 - [MESSAGE][PASSED] - Object: 'Object Repository/Approve-Reject/APPROVE_BUTTON' is clicked on

2017-11-20 15:42:53 - [MESSAGE][PASSED] - Delayed 5 second(s)

2017-11-20 15:42:53 - [MESSAGE][PASSED] - Keys 'testing' sent to object: 'Object Repository/Approve-Reject/APPROVE_REJECT_NOTES'

2017-11-20 15:42:58 - [MESSAGE][PASSED] - Delayed 5 second(s)

2017-11-20 15:42:58 - [MESSAGE][WARNING] - Timeout '0' is invalid. Using default page load timeout: '30'

2017-11-20 15:42:58 - [MESSAGE][PASSED] - Scroll to object 'Object Repository/Generic/SUBMIT' successfully

2017-11-20 15:42:58 - [MESSAGE][PASSED] - Object: 'Object Repository/Generic/SUBMIT' is clicked on

2017-11-20 15:43:03 - [MESSAGE][PASSED] - Delayed 5 second(s)

2017-11-20 15:43:03 - [MESSAGE][PASSED] - com.helper.commonfunct.utilities.gsopsApprove is PASSED

2017-11-20 15:43:03 - [TEST_STEP][PASSED] - com.helper.commonfunct.utilities.WOstatus: com.helper.commonfunct.utilities.WOstatus is PASSED

2017-11-20 15:43:03 - [MESSAGE][PASSED] - Text of object 'Object Repository/ECR/WOSTATUS' is: 'Pending-Approval'

2017-11-20 15:43:03 - [MESSAGE][PASSED] - com.helper.commonfunct.utilities.WOstatus is PASSED

2017-11-20 15:43:03 - [TEST_STEP][PASSED] - Statement - For ([j = 0, j < AssignmentList.size(), (j++)]): com.helper.commonfunct.utilities.WOstatus is PASSED

2017-11-20 15:43:03 - [TEST_STEP][PASSED] - Statement - Status = text: null

2017-11-20 15:43:03 - [TEST_STEP][PASSED] - Statement - println(Status): null

2017-11-20 15:43:03 - [TEST_STEP][PASSED] - Statement - If (Status == "Pending-RDApproval"): null

2017-11-20 15:43:03 - [TEST_STEP][PASSED] - Statement - Else If (Status == "Pending-RLApproval"): null

2017-11-20 15:43:03 - [TEST_STEP][PASSED] - Statement - Else If (Status == "Pending-RDDApproval"): com.helper.commonfunct.utilities.WOstatus is PASSED

2017-11-20 15:43:03 - [TEST_STEP][PASSED] - Statement - If (RDD_Reject == false): com.helper.commonfunct.utilities.WOstatus is PASSED

2017-11-20 15:43:03 - [TEST_STEP][PASSED] - com.helper.commonfunct.utilities.login: com.helper.commonfunct.utilities.login is PASSED

2017-11-20 15:43:03 - [MESSAGE][WARNING] - A browser is already opened. Closing browser and opening a new one

2017-11-20 15:43:07 - [MESSAGE][PASSED] - Browser is opened with url: ''

2017-11-20 15:43:07 - [MESSAGE][PASSED] - Navigate to 'https://vtcpqa2.rpega.com:9030/tcpqa/PRServlet' successfully

2017-11-20 15:43:07 - [MESSAGE][PASSED] - Text 'lachd@pegasystems.com' is set on object 'Object Repository/input_UserIdentifier'

2017-11-20 15:43:08 - [MESSAGE][PASSED] - Text 'install' is set on object 'Object Repository/input_Password'

2017-11-20 15:43:10 - [MESSAGE][PASSED] - Keys 'ENTER + ' sent to object: 'Object Repository/input_Password'

2017-11-20 15:43:10 - [MESSAGE][PASSED] - com.helper.commonfunct.utilities.login is PASSED

2017-11-20 15:43:10 - [TEST_STEP][PASSED] - com.helper.commonfunct.utilities.search: com.helper.commonfunct.utilities.search is PASSED

2017-11-20 15:43:11 - [MESSAGE][PASSED] - Current window maximized

2017-11-20 15:43:16 - [MESSAGE][PASSED] - Delayed 5 second(s)

2017-11-20 15:43:16 - [MESSAGE][PASSED] - Text 'ECR-20Nov2017-33' is set on object 'Object Repository/EngInfo/search'

2017-11-20 15:43:21 - [MESSAGE][PASSED] - Delayed 5 second(s)

2017-11-20 15:43:21 - [MESSAGE][PASSED] - Keys 'ENTER + ' sent to object: 'Object Repository/EngInfo/search'

2017-11-20 15:43:26 - [MESSAGE][PASSED] - Delayed 5 second(s)

2017-11-20 15:43:26 - [MESSAGE][PASSED] - com.helper.commonfunct.utilities.search is PASSED

2017-11-20 15:43:26 - [TEST_STEP][PASSED] - com.helper.commonfunct.utilities.approve: com.helper.commonfunct.utilities.approve is PASSED

2017-11-20 15:43:31 - [MESSAGE][PASSED] - Delayed 5 second(s)

2017-11-20 15:43:31 - [MESSAGE][WARNING] - Timeout '0' is invalid. Using default page load timeout: '30'

2017-11-20 15:43:33 - [MESSAGE][PASSED] - Object: 'Object Repository/Approve-Reject/link_assignment' is clicked on

2017-11-20 15:43:38 - [MESSAGE][PASSED] - Delayed 5 second(s)

2017-11-20 15:43:38 - [MESSAGE][WARNING] - Timeout '0' is invalid. Using default page load timeout: '30'

2017-11-20 15:43:38 - [MESSAGE][PASSED] - Scroll to object 'Object Repository/Approve-Reject/APPROVE_BUTTON' successfully

2017-11-20 15:43:38 - [MESSAGE][PASSED] - Object: 'Object Repository/Approve-Reject/APPROVE_BUTTON' is clicked on

2017-11-20 15:43:43 - [MESSAGE][PASSED] - Delayed 5 second(s)

2017-11-20 15:43:44 - [MESSAGE][PASSED] - Keys 'testing' sent to object: 'Object Repository/Approve-Reject/APPROVE_REJECT_NOTES'

2017-11-20 15:43:49 - [MESSAGE][PASSED] - Delayed 5 second(s)

2017-11-20 15:43:49 - [MESSAGE][WARNING] - Timeout '0' is invalid. Using default page load timeout: '30'

2017-11-20 15:43:49 - [MESSAGE][PASSED] - Scroll to object 'Object Repository/Generic/SUBMIT' successfully

2017-11-20 15:43:49 - [MESSAGE][PASSED] - Object: 'Object Repository/Generic/SUBMIT' is clicked on

2017-11-20 15:43:54 - [MESSAGE][PASSED] - Delayed 5 second(s)

2017-11-20 15:43:54 - [MESSAGE][PASSED] - com.helper.commonfunct.utilities.approve is PASSED

2017-11-20 15:43:54 - [TEST_STEP][PASSED] - com.helper.commonfunct.utilities.WOstatus: com.helper.commonfunct.utilities.WOstatus is PASSED

2017-11-20 15:43:54 - [MESSAGE][PASSED] - Text of object 'Object Repository/ECR/WOSTATUS' is: 'Pending-Approval'

2017-11-20 15:43:54 - [MESSAGE][PASSED] - com.helper.commonfunct.utilities.WOstatus is PASSED

2017-11-20 15:43:54 - [TEST_STEP][PASSED] - Statement - For ([j = 0, j < AssignmentList.size(), (j++)]): com.helper.commonfunct.utilities.WOstatus is PASSED

2017-11-20 15:43:54 - [TEST_STEP][PASSED] - Statement - Status = text: null

2017-11-20 15:43:54 - [TEST_STEP][PASSED] - Statement - println(Status): null

2017-11-20 15:43:54 - [TEST_STEP][PASSED] - Statement - If (Status == "Pending-RDApproval"): null

2017-11-20 15:43:54 - [TEST_STEP][PASSED] - Statement - Else If (Status == "Pending-RLApproval"): null

2017-11-20 15:43:54 - [TEST_STEP][PASSED] - Statement - Else If (Status == "Pending-RDDApproval"): null

2017-11-20 15:43:54 - [TEST_STEP][PASSED] - Statement - Else If (Status == "Pending-OPSApproval"): null

2017-11-20 15:43:54 - [TEST_STEP][PASSED] - Statement - Else If (Status == "Pending-ExpSvcApproval"): com.helper.commonfunct.utilities.WOstatus is PASSED

2017-11-20 15:43:54 - [TEST_STEP][PASSED] - Statement - If (EXP_SVC_Reject == false): null

2017-11-20 15:43:54 - [TEST_STEP][PASSED] - Statement - Else: com.helper.commonfunct.utilities.WOstatus is PASSED

2017-11-20 15:43:54 - [TEST_STEP][PASSED] - com.helper.commonfunct.utilities.login: com.helper.commonfunct.utilities.login is PASSED

2017-11-20 15:43:54 - [MESSAGE][WARNING] - A browser is already opened. Closing browser and opening a new one

2017-11-20 15:43:58 - [MESSAGE][PASSED] - Browser is opened with url: ''

2017-11-20 15:43:59 - [MESSAGE][PASSED] - Navigate to 'https://vtcpqa2.rpega.com:9030/tcpqa/PRServlet' successfully

2017-11-20 15:43:59 - [MESSAGE][PASSED] - Text 'sachb@pegasystems.com' is set on object 'Object Repository/input_UserIdentifier'

2017-11-20 15:44:00 - [MESSAGE][PASSED] - Text 'install' is set on object 'Object Repository/input_Password'

2017-11-20 15:44:03 - [MESSAGE][PASSED] - Keys 'ENTER + ' sent to object: 'Object Repository/input_Password'

2017-11-20 15:44:03 - [MESSAGE][PASSED] - com.helper.commonfunct.utilities.login is PASSED

2017-11-20 15:44:03 - [TEST_STEP][PASSED] - com.helper.commonfunct.utilities.search: com.helper.commonfunct.utilities.search is PASSED

2017-11-20 15:44:04 - [MESSAGE][PASSED] - Current window maximized

2017-11-20 15:44:09 - [MESSAGE][PASSED] - Delayed 5 second(s)

2017-11-20 15:44:10 - [MESSAGE][PASSED] - Text 'ECR-20Nov2017-33' is set on object 'Object Repository/EngInfo/search'

2017-11-20 15:44:15 - [MESSAGE][PASSED] - Delayed 5 second(s)

2017-11-20 15:44:15 - [MESSAGE][PASSED] - Keys 'ENTER + ' sent to object: 'Object Repository/EngInfo/search'

2017-11-20 15:44:20 - [MESSAGE][PASSED] - Delayed 5 second(s)

2017-11-20 15:44:20 - [MESSAGE][PASSED] - com.helper.commonfunct.utilities.search is PASSED

2017-11-20 15:44:20 - [TEST_STEP][PASSED] - com.helper.commonfunct.utilities.reject: com.helper.commonfunct.utilities.reject is PASSED

2017-11-20 15:44:25 - [MESSAGE][PASSED] - Delayed 5 second(s)

2017-11-20 15:44:25 - [MESSAGE][WARNING] - Timeout '0' is invalid. Using default page load timeout: '30'

2017-11-20 15:44:26 - [MESSAGE][PASSED] - Object: 'Object Repository/Approve-Reject/link_assignment' is clicked on

2017-11-20 15:44:31 - [MESSAGE][PASSED] - Delayed 5 second(s)

2017-11-20 15:44:31 - [MESSAGE][WARNING] - Timeout '0' is invalid. Using default page load timeout: '30'

2017-11-20 15:44:31 - [MESSAGE][PASSED] - Scroll to object 'Object Repository/Approve-Reject/ReturnToRequestor' successfully

2017-11-20 15:44:31 - [MESSAGE][PASSED] - Object: 'Object Repository/Approve-Reject/ReturnToRequestor' is clicked on

2017-11-20 15:44:36 - [MESSAGE][PASSED] - Delayed 5 second(s)

2017-11-20 15:44:37 - [MESSAGE][PASSED] - Keys 'testing' sent to object: 'Object Repository/Approve-Reject/APPROVE_REJECT_NOTES'

2017-11-20 15:44:42 - [MESSAGE][PASSED] - Delayed 5 second(s)

2017-11-20 15:44:42 - [MESSAGE][WARNING] - Timeout '0' is invalid. Using default page load timeout: '30'

2017-11-20 15:44:42 - [MESSAGE][PASSED] - Scroll to object 'Object Repository/Generic/SUBMIT' successfully

2017-11-20 15:44:42 - [MESSAGE][PASSED] - Object: 'Object Repository/Generic/SUBMIT' is clicked on

2017-11-20 15:44:47 - [MESSAGE][PASSED] - Delayed 5 second(s)

2017-11-20 15:44:47 - [MESSAGE][PASSED] - com.helper.commonfunct.utilities.reject is PASSED

2017-11-20 15:44:47 - [TEST_STEP][PASSED] - Statement - EXP_SVC_Reject = false: null

2017-11-20 15:44:47 - [TEST_STEP][PASSED] - com.helper.commonfunct.utilities.WOstatus: com.helper.commonfunct.utilities.WOstatus is PASSED

2017-11-20 15:44:47 - [MESSAGE][PASSED] - Text of object 'Object Repository/ECR/WOSTATUS' is: 'Pending-DocUpdate'

2017-11-20 15:44:47 - [MESSAGE][PASSED] - com.helper.commonfunct.utilities.WOstatus is PASSED

2017-11-20 15:44:47 - [TEST_STEP][PASSED] - Statement - For ([j = 0, j < AssignmentList.size(), (j++)]): Delayed 3 second(s)

2017-11-20 15:44:47 - [TEST_STEP][PASSED] - Statement - Status = text: null

2017-11-20 15:44:47 - [TEST_STEP][PASSED] - Statement - println(Status): null

2017-11-20 15:44:47 - [TEST_STEP][PASSED] - Statement - If (Status == "Pending-RDApproval"): null

2017-11-20 15:44:47 - [TEST_STEP][PASSED] - Statement - Else If (Status == "Pending-RLApproval"): null

2017-11-20 15:44:47 - [TEST_STEP][PASSED] - Statement - Else If (Status == "Pending-RDDApproval"): null

2017-11-20 15:44:47 - [TEST_STEP][PASSED] - Statement - Else If (Status == "Pending-OPSApproval"): null

2017-11-20 15:44:47 - [TEST_STEP][PASSED] - Statement - Else If (Status == "Pending-ExpSvcApproval"): null

2017-11-20 15:44:47 - [TEST_STEP][PASSED] - Statement - Else If (Status == "Pending-DocUpdate"): Delayed 3 second(s)

2017-11-20 15:44:47 - [TEST_STEP][PASSED] - Statement - If (Meeting == false): Delayed 3 second(s)

2017-11-20 15:44:47 - [TEST_STEP][PASSED] - com.helper.commonfunct.utilities.login: com.helper.commonfunct.utilities.login is PASSED

2017-11-20 15:44:47 - [MESSAGE][WARNING] - A browser is already opened. Closing browser and opening a new one

2017-11-20 15:44:50 - [MESSAGE][PASSED] - Browser is opened with url: ''

2017-11-20 15:44:51 - [MESSAGE][PASSED] - Navigate to 'https://vtcpqa2.rpega.com:9030/tcpqa/PRServlet' successfully

2017-11-20 15:44:51 - [MESSAGE][PASSED] - Text 'pogoa@pegasystems.com' is set on object 'Object Repository/input_UserIdentifier'

2017-11-20 15:44:51 - [MESSAGE][PASSED] - Text 'install' is set on object 'Object Repository/input_Password'

2017-11-20 15:44:55 - [MESSAGE][PASSED] - Keys 'ENTER + ' sent to object: 'Object Repository/input_Password'

2017-11-20 15:44:55 - [MESSAGE][PASSED] - com.helper.commonfunct.utilities.login is PASSED

2017-11-20 15:44:55 - [TEST_STEP][PASSED] - com.helper.commonfunct.utilities.search: com.helper.commonfunct.utilities.search is PASSED

2017-11-20 15:44:56 - [MESSAGE][PASSED] - Current window maximized

2017-11-20 15:45:01 - [MESSAGE][PASSED] - Delayed 5 second(s)

2017-11-20 15:45:02 - [MESSAGE][PASSED] - Text 'ECR-20Nov2017-33' is set on object 'Object Repository/EngInfo/search'

2017-11-20 15:45:07 - [MESSAGE][PASSED] - Delayed 5 second(s)

2017-11-20 15:45:07 - [MESSAGE][PASSED] - Keys 'ENTER + ' sent to object: 'Object Repository/EngInfo/search'

2017-11-20 15:45:12 - [MESSAGE][PASSED] - Delayed 5 second(s)

2017-11-20 15:45:12 - [MESSAGE][PASSED] - com.helper.commonfunct.utilities.search is PASSED

2017-11-20 15:45:12 - [TEST_STEP][PASSED] - maximizeWindow: Current window maximized

2017-11-20 15:45:12 - [MESSAGE][PASSED] - Current window maximized

2017-11-20 15:45:12 - [TEST_STEP][PASSED] - com.helper.commonfunct.utilities.docUpdate: com.helper.commonfunct.utilities.docUpdate is PASSED

2017-11-20 15:45:12 - [MESSAGE][WARNING] - Timeout '0' is invalid. Using default page load timeout: '30'

2017-11-20 15:45:17 - [MESSAGE][PASSED] - Delayed 5 second(s)

2017-11-20 15:45:18 - [MESSAGE][PASSED] - Object: 'Object Repository/Approve-Reject/linktoupdateEngData' is clicked on

2017-11-20 15:45:18 - [MESSAGE][WARNING] - Timeout '0' is invalid. Using default page load timeout: '30'

2017-11-20 15:45:18 - [MESSAGE][PASSED] - Scroll to object 'Object Repository/NEXT_BUTTON' successfully

2017-11-20 15:45:18 - [MESSAGE][PASSED] - Object: 'Object Repository/NEXT_BUTTON' is clicked on

2017-11-20 15:45:23 - [MESSAGE][PASSED] - Delayed 5 second(s)

2017-11-20 15:45:23 - [MESSAGE][WARNING] - Timeout '0' is invalid. Using default page load timeout: '30'

2017-11-20 15:45:24 - [MESSAGE][PASSED] - Scroll to object 'Object Repository/NEXT_BUTTON' successfully

2017-11-20 15:45:24 - [MESSAGE][PASSED] - Object: 'Object Repository/NEXT_BUTTON' is clicked on

2017-11-20 15:45:29 - [MESSAGE][PASSED] - Delayed 5 second(s)

2017-11-20 15:45:29 - [MESSAGE][PASSED] - Wait for page load successfully

2017-11-20 15:45:29 - [MESSAGE][WARNING] - Timeout '0' is invalid. Using default page load timeout: '30'

2017-11-20 15:45:29 - [MESSAGE][PASSED] - Scroll to object 'Object Repository/Generic/FINISH_BUTTON' successfully

2017-11-20 15:45:29 - [MESSAGE][PASSED] - Object: 'Object Repository/Generic/FINISH_BUTTON' is clicked on

2017-11-20 15:45:34 - [MESSAGE][PASSED] - Delayed 5 second(s)

2017-11-20 15:45:48 - [MESSAGE][PASSED] - Wait for page load successfully

2017-11-20 15:45:48 - [MESSAGE][PASSED] - com.helper.commonfunct.utilities.docUpdate is PASSED

2017-11-20 15:45:48 - [TEST_STEP][PASSED] - com.helper.commonfunct.utilities.WOstatus: com.helper.commonfunct.utilities.WOstatus is PASSED

2017-11-20 15:45:49 - [MESSAGE][PASSED] - Text of object 'Object Repository/ECR/WOSTATUS' is: 'Pending-RDApproval'

2017-11-20 15:45:49 - [MESSAGE][PASSED] - com.helper.commonfunct.utilities.WOstatus is PASSED

2017-11-20 15:45:49 - [TEST_STEP][PASSED] - delay: Delayed 3 second(s)

2017-11-20 15:45:52 - [MESSAGE][PASSED] - Delayed 3 second(s)

2017-11-20 15:45:52 - [TEST_STEP][PASSED] - Statement - For ([j = 0, j < AssignmentList.size(), (j++)]): com.helper.commonfunct.utilities.WOstatus is PASSED

2017-11-20 15:45:52 - [TEST_STEP][PASSED] - Statement - Status = text: null

2017-11-20 15:45:52 - [TEST_STEP][PASSED] - Statement - println(Status): null

2017-11-20 15:45:52 - [TEST_STEP][PASSED] - Statement - If (Status == "Pending-RDApproval"): com.helper.commonfunct.utilities.WOstatus is PASSED

2017-11-20 15:45:52 - [TEST_STEP][PASSED] - Statement - If (RDReject == false): com.helper.commonfunct.utilities.WOstatus is PASSED

2017-11-20 15:45:52 - [TEST_STEP][PASSED] - Statement - If (Meeting == true): null

2017-11-20 15:45:52 - [TEST_STEP][PASSED] - Statement - Else: com.helper.commonfunct.utilities.WOstatus is PASSED

2017-11-20 15:45:52 - [TEST_STEP][PASSED] - com.helper.commonfunct.utilities.login: com.helper.commonfunct.utilities.login is PASSED

2017-11-20 15:45:52 - [MESSAGE][WARNING] - A browser is already opened. Closing browser and opening a new one

2017-11-20 15:45:55 - [MESSAGE][PASSED] - Browser is opened with url: ''

2017-11-20 15:45:55 - [MESSAGE][PASSED] - Navigate to 'https://vtcpqa2.rpega.com:9030/tcpqa/PRServlet' successfully

2017-11-20 15:45:56 - [MESSAGE][PASSED] - Text 'langr1@pegasystems.com' is set on object 'Object Repository/input_UserIdentifier'

2017-11-20 15:45:56 - [MESSAGE][PASSED] - Text 'install' is set on object 'Object Repository/input_Password'

2017-11-20 15:45:59 - [MESSAGE][PASSED] - Keys 'ENTER + ' sent to object: 'Object Repository/input_Password'

2017-11-20 15:45:59 - [MESSAGE][PASSED] - com.helper.commonfunct.utilities.login is PASSED

2017-11-20 15:45:59 - [TEST_STEP][PASSED] - com.helper.commonfunct.utilities.search: com.helper.commonfunct.utilities.search is PASSED

2017-11-20 15:46:00 - [MESSAGE][PASSED] - Current window maximized

2017-11-20 15:46:05 - [MESSAGE][PASSED] - Delayed 5 second(s)

2017-11-20 15:46:05 - [MESSAGE][PASSED] - Text 'ECR-20Nov2017-33' is set on object 'Object Repository/EngInfo/search'

2017-11-20 15:46:10 - [MESSAGE][PASSED] - Delayed 5 second(s)

2017-11-20 15:46:10 - [MESSAGE][PASSED] - Keys 'ENTER + ' sent to object: 'Object Repository/EngInfo/search'

2017-11-20 15:46:15 - [MESSAGE][PASSED] - Delayed 5 second(s)

2017-11-20 15:46:15 - [MESSAGE][PASSED] - com.helper.commonfunct.utilities.search is PASSED

2017-11-20 15:46:15 - [TEST_STEP][PASSED] - com.helper.commonfunct.utilities.approve: com.helper.commonfunct.utilities.approve is PASSED

2017-11-20 15:46:20 - [MESSAGE][PASSED] - Delayed 5 second(s)

2017-11-20 15:46:20 - [MESSAGE][WARNING] - Timeout '0' is invalid. Using default page load timeout: '30'

2017-11-20 15:46:22 - [MESSAGE][PASSED] - Object: 'Object Repository/Approve-Reject/link_assignment' is clicked on

2017-11-20 15:46:27 - [MESSAGE][PASSED] - Delayed 5 second(s)

2017-11-20 15:46:27 - [MESSAGE][WARNING] - Timeout '0' is invalid. Using default page load timeout: '30'

2017-11-20 15:46:27 - [MESSAGE][PASSED] - Scroll to object 'Object Repository/Approve-Reject/APPROVE_BUTTON' successfully

2017-11-20 15:46:27 - [MESSAGE][PASSED] - Object: 'Object Repository/Approve-Reject/APPROVE_BUTTON' is clicked on

2017-11-20 15:46:32 - [MESSAGE][PASSED] - Delayed 5 second(s)

2017-11-20 15:46:33 - [MESSAGE][PASSED] - Keys 'testing' sent to object: 'Object Repository/Approve-Reject/APPROVE_REJECT_NOTES'

2017-11-20 15:46:38 - [MESSAGE][PASSED] - Delayed 5 second(s)

2017-11-20 15:46:38 - [MESSAGE][WARNING] - Timeout '0' is invalid. Using default page load timeout: '30'

2017-11-20 15:46:38 - [MESSAGE][PASSED] - Scroll to object 'Object Repository/Generic/SUBMIT' successfully

2017-11-20 15:46:38 - [MESSAGE][PASSED] - Object: 'Object Repository/Generic/SUBMIT' is clicked on

2017-11-20 15:46:43 - [MESSAGE][PASSED] - Delayed 5 second(s)

2017-11-20 15:46:43 - [MESSAGE][PASSED] - com.helper.commonfunct.utilities.approve is PASSED

2017-11-20 15:46:43 - [TEST_STEP][PASSED] - com.helper.commonfunct.utilities.WOstatus: com.helper.commonfunct.utilities.WOstatus is PASSED

2017-11-20 15:46:45 - [MESSAGE][PASSED] - Text of object 'Object Repository/ECR/WOSTATUS' is: 'Pending-Approval'

2017-11-20 15:46:45 - [MESSAGE][PASSED] - com.helper.commonfunct.utilities.WOstatus is PASSED

2017-11-20 15:46:45 - [TEST_STEP][PASSED] - Statement - Status = text: null

2017-11-20 15:46:45 - [TEST_STEP][PASSED] - Statement - println(Status): null

2017-11-20 15:46:45 - [TEST_STEP][PASSED] - Statement - If (Status == "Pending-RDApproval"): null

2017-11-20 15:46:45 - [TEST_STEP][PASSED] - Statement - Else If (Status == "Pending-RLApproval"): null

2017-11-20 15:46:45 - [TEST_STEP][PASSED] - Statement - Else If (Status == "Pending-RDDApproval"): null

2017-11-20 15:46:45 - [TEST_STEP][PASSED] - Statement - Else If (Status == "Pending-OPSApproval"): com.helper.commonfunct.utilities.WOstatus is PASSED

2017-11-20 15:46:45 - [TEST_STEP][PASSED] - Statement - If (OpsReject == false): com.helper.commonfunct.utilities.WOstatus is PASSED

2017-11-20 15:46:45 - [TEST_STEP][PASSED] - com.helper.commonfunct.utilities.login: com.helper.commonfunct.utilities.login is PASSED

2017-11-20 15:46:45 - [MESSAGE][WARNING] - A browser is already opened. Closing browser and opening a new one

2017-11-20 15:46:48 - [MESSAGE][PASSED] - Browser is opened with url: ''

2017-11-20 15:46:50 - [MESSAGE][PASSED] - Navigate to 'https://vtcpqa2.rpega.com:9030/tcpqa/PRServlet' successfully

2017-11-20 15:46:50 - [MESSAGE][PASSED] - Text 'pogoa@pegasystems.com' is set on object 'Object Repository/input_UserIdentifier'

2017-11-20 15:46:50 - [MESSAGE][PASSED] - Text 'install' is set on object 'Object Repository/input_Password'

2017-11-20 15:46:55 - [MESSAGE][PASSED] - Keys 'ENTER + ' sent to object: 'Object Repository/input_Password'

2017-11-20 15:46:55 - [MESSAGE][PASSED] - com.helper.commonfunct.utilities.login is PASSED

2017-11-20 15:46:55 - [TEST_STEP][PASSED] - com.helper.commonfunct.utilities.search: com.helper.commonfunct.utilities.search is PASSED

2017-11-20 15:46:56 - [MESSAGE][PASSED] - Current window maximized

2017-11-20 15:47:01 - [MESSAGE][PASSED] - Delayed 5 second(s)

2017-11-20 15:47:01 - [MESSAGE][PASSED] - Text 'ECR-20Nov2017-33' is set on object 'Object Repository/EngInfo/search'

2017-11-20 15:47:06 - [MESSAGE][PASSED] - Delayed 5 second(s)

2017-11-20 15:47:06 - [MESSAGE][PASSED] - Keys 'ENTER + ' sent to object: 'Object Repository/EngInfo/search'

2017-11-20 15:47:11 - [MESSAGE][PASSED] - Delayed 5 second(s)

2017-11-20 15:47:11 - [MESSAGE][PASSED] - com.helper.commonfunct.utilities.search is PASSED

2017-11-20 15:47:11 - [TEST_STEP][PASSED] - com.helper.commonfunct.utilities.gsopsApprove: com.helper.commonfunct.utilities.gsopsApprove is PASSED

2017-11-20 15:47:16 - [MESSAGE][PASSED] - Delayed 5 second(s)

2017-11-20 15:47:16 - [MESSAGE][WARNING] - Timeout '0' is invalid. Using default page load timeout: '30'

2017-11-20 15:47:18 - [MESSAGE][WARNING] - Timeout '0' is invalid. Using default page load timeout: '30'

2017-11-20 15:47:18 - [MESSAGE][PASSED] - Scroll to object 'Object Repository/Approve-Reject/APPROVE_BUTTON' successfully

2017-11-20 15:47:18 - [MESSAGE][PASSED] - Object: 'Object Repository/Approve-Reject/APPROVE_BUTTON' is clicked on

2017-11-20 15:47:23 - [MESSAGE][PASSED] - Delayed 5 second(s)

2017-11-20 15:47:23 - [MESSAGE][PASSED] - Keys 'testing' sent to object: 'Object Repository/Approve-Reject/APPROVE_REJECT_NOTES'

2017-11-20 15:47:28 - [MESSAGE][PASSED] - Delayed 5 second(s)

2017-11-20 15:47:28 - [MESSAGE][WARNING] - Timeout '0' is invalid. Using default page load timeout: '30'

2017-11-20 15:47:28 - [MESSAGE][PASSED] - Scroll to object 'Object Repository/Generic/SUBMIT' successfully

2017-11-20 15:47:28 - [MESSAGE][PASSED] - Object: 'Object Repository/Generic/SUBMIT' is clicked on

2017-11-20 15:47:33 - [MESSAGE][PASSED] - Delayed 5 second(s)

2017-11-20 15:47:33 - [MESSAGE][PASSED] - com.helper.commonfunct.utilities.gsopsApprove is PASSED

2017-11-20 15:47:33 - [TEST_STEP][PASSED] - com.helper.commonfunct.utilities.WOstatus: com.helper.commonfunct.utilities.WOstatus is PASSED

2017-11-20 15:47:33 - [MESSAGE][PASSED] - Text of object 'Object Repository/ECR/WOSTATUS' is: 'Pending-Approval'

2017-11-20 15:47:33 - [MESSAGE][PASSED] - com.helper.commonfunct.utilities.WOstatus is PASSED

2017-11-20 15:47:33 - [TEST_STEP][PASSED] - Statement - For ([j = 0, j < AssignmentList.size(), (j++)]): com.helper.commonfunct.utilities.WOstatus is PASSED

2017-11-20 15:47:33 - [TEST_STEP][PASSED] - Statement - Status = text: null

2017-11-20 15:47:33 - [TEST_STEP][PASSED] - Statement - println(Status): null

2017-11-20 15:47:33 - [TEST_STEP][PASSED] - Statement - If (Status == "Pending-RDApproval"): null

2017-11-20 15:47:33 - [TEST_STEP][PASSED] - Statement - Else If (Status == "Pending-RLApproval"): null

2017-11-20 15:47:33 - [TEST_STEP][PASSED] - Statement - Else If (Status == "Pending-RDDApproval"): com.helper.commonfunct.utilities.WOstatus is PASSED

2017-11-20 15:47:33 - [TEST_STEP][PASSED] - Statement - If (RDD_Reject == false): com.helper.commonfunct.utilities.WOstatus is PASSED

2017-11-20 15:47:33 - [TEST_STEP][PASSED] - com.helper.commonfunct.utilities.login: com.helper.commonfunct.utilities.login is PASSED

2017-11-20 15:47:33 - [MESSAGE][WARNING] - A browser is already opened. Closing browser and opening a new one

2017-11-20 15:47:37 - [MESSAGE][PASSED] - Browser is opened with url: ''

2017-11-20 15:47:37 - [MESSAGE][PASSED] - Navigate to 'https://vtcpqa2.rpega.com:9030/tcpqa/PRServlet' successfully

2017-11-20 15:47:38 - [MESSAGE][PASSED] - Text 'lachd@pegasystems.com' is set on object 'Object Repository/input_UserIdentifier'

2017-11-20 15:47:38 - [MESSAGE][PASSED] - Text 'install' is set on object 'Object Repository/input_Password'

2017-11-20 15:47:40 - [MESSAGE][PASSED] - Keys 'ENTER + ' sent to object: 'Object Repository/input_Password'

2017-11-20 15:47:40 - [MESSAGE][PASSED] - com.helper.commonfunct.utilities.login is PASSED

2017-11-20 15:47:40 - [TEST_STEP][PASSED] - com.helper.commonfunct.utilities.search: com.helper.commonfunct.utilities.search is PASSED

2017-11-20 15:47:41 - [MESSAGE][PASSED] - Current window maximized

2017-11-20 15:47:46 - [MESSAGE][PASSED] - Delayed 5 second(s)

2017-11-20 15:47:47 - [MESSAGE][PASSED] - Text 'ECR-20Nov2017-33' is set on object 'Object Repository/EngInfo/search'

2017-11-20 15:47:52 - [MESSAGE][PASSED] - Delayed 5 second(s)

2017-11-20 15:47:52 - [MESSAGE][PASSED] - Keys 'ENTER + ' sent to object: 'Object Repository/EngInfo/search'

2017-11-20 15:47:57 - [MESSAGE][PASSED] - Delayed 5 second(s)

2017-11-20 15:47:57 - [MESSAGE][PASSED] - com.helper.commonfunct.utilities.search is PASSED

2017-11-20 15:47:57 - [TEST_STEP][PASSED] - com.helper.commonfunct.utilities.approve: com.helper.commonfunct.utilities.approve is PASSED

2017-11-20 15:48:02 - [MESSAGE][PASSED] - Delayed 5 second(s)

2017-11-20 15:48:02 - [MESSAGE][WARNING] - Timeout '0' is invalid. Using default page load timeout: '30'

2017-11-20 15:48:03 - [MESSAGE][PASSED] - Object: 'Object Repository/Approve-Reject/link_assignment' is clicked on

2017-11-20 15:48:08 - [MESSAGE][PASSED] - Delayed 5 second(s)

2017-11-20 15:48:08 - [MESSAGE][WARNING] - Timeout '0' is invalid. Using default page load timeout: '30'

2017-11-20 15:48:08 - [MESSAGE][PASSED] - Scroll to object 'Object Repository/Approve-Reject/APPROVE_BUTTON' successfully

2017-11-20 15:48:09 - [MESSAGE][PASSED] - Object: 'Object Repository/Approve-Reject/APPROVE_BUTTON' is clicked on

2017-11-20 15:48:14 - [MESSAGE][PASSED] - Delayed 5 second(s)

2017-11-20 15:48:14 - [MESSAGE][PASSED] - Keys 'testing' sent to object: 'Object Repository/Approve-Reject/APPROVE_REJECT_NOTES'

2017-11-20 15:48:19 - [MESSAGE][PASSED] - Delayed 5 second(s)

2017-11-20 15:48:19 - [MESSAGE][WARNING] - Timeout '0' is invalid. Using default page load timeout: '30'

2017-11-20 15:48:19 - [MESSAGE][PASSED] - Scroll to object 'Object Repository/Generic/SUBMIT' successfully

2017-11-20 15:48:19 - [MESSAGE][PASSED] - Object: 'Object Repository/Generic/SUBMIT' is clicked on

2017-11-20 15:48:24 - [MESSAGE][PASSED] - Delayed 5 second(s)

2017-11-20 15:48:24 - [MESSAGE][PASSED] - com.helper.commonfunct.utilities.approve is PASSED

2017-11-20 15:48:24 - [TEST_STEP][PASSED] - com.helper.commonfunct.utilities.WOstatus: com.helper.commonfunct.utilities.WOstatus is PASSED

2017-11-20 15:48:24 - [MESSAGE][PASSED] - Text of object 'Object Repository/ECR/WOSTATUS' is: 'Pending-Approval'

2017-11-20 15:48:24 - [MESSAGE][PASSED] - com.helper.commonfunct.utilities.WOstatus is PASSED

2017-11-20 15:48:24 - [TEST_STEP][PASSED] - Statement - For ([j = 0, j < AssignmentList.size(), (j++)]): com.helper.commonfunct.utilities.WOstatus is PASSED

2017-11-20 15:48:24 - [TEST_STEP][PASSED] - Statement - Status = text: null

2017-11-20 15:48:24 - [TEST_STEP][PASSED] - Statement - println(Status): null

2017-11-20 15:48:24 - [TEST_STEP][PASSED] - Statement - If (Status == "Pending-RDApproval"): null

2017-11-20 15:48:24 - [TEST_STEP][PASSED] - Statement - Else If (Status == "Pending-RLApproval"): null

2017-11-20 15:48:24 - [TEST_STEP][PASSED] - Statement - Else If (Status == "Pending-RDDApproval"): null

2017-11-20 15:48:24 - [TEST_STEP][PASSED] - Statement - Else If (Status == "Pending-OPSApproval"): null

2017-11-20 15:48:24 - [TEST_STEP][PASSED] - Statement - Else If (Status == "Pending-ExpSvcApproval"): com.helper.commonfunct.utilities.WOstatus is PASSED

2017-11-20 15:48:24 - [TEST_STEP][PASSED] - Statement - If (EXP_SVC_Reject == false): com.helper.commonfunct.utilities.WOstatus is PASSED

2017-11-20 15:48:24 - [TEST_STEP][PASSED] - com.helper.commonfunct.utilities.login: com.helper.commonfunct.utilities.login is PASSED

2017-11-20 15:48:24 - [MESSAGE][WARNING] - A browser is already opened. Closing browser and opening a new one

2017-11-20 15:48:27 - [MESSAGE][PASSED] - Browser is opened with url: ''

2017-11-20 15:48:28 - [MESSAGE][PASSED] - Navigate to 'https://vtcpqa2.rpega.com:9030/tcpqa/PRServlet' successfully

2017-11-20 15:48:28 - [MESSAGE][PASSED] - Text 'sachb@pegasystems.com' is set on object 'Object Repository/input_UserIdentifier'

2017-11-20 15:48:28 - [MESSAGE][PASSED] - Text 'install' is set on object 'Object Repository/input_Password'

2017-11-20 15:48:31 - [MESSAGE][PASSED] - Keys 'ENTER + ' sent to object: 'Object Repository/input_Password'

2017-11-20 15:48:31 - [MESSAGE][PASSED] - com.helper.commonfunct.utilities.login is PASSED

2017-11-20 15:48:31 - [TEST_STEP][PASSED] - com.helper.commonfunct.utilities.search: com.helper.commonfunct.utilities.search is PASSED

2017-11-20 15:48:32 - [MESSAGE][PASSED] - Current window maximized

2017-11-20 15:48:37 - [MESSAGE][PASSED] - Delayed 5 second(s)

2017-11-20 15:48:38 - [MESSAGE][PASSED] - Text 'ECR-20Nov2017-33' is set on object 'Object Repository/EngInfo/search'

2017-11-20 15:48:43 - [MESSAGE][PASSED] - Delayed 5 second(s)

2017-11-20 15:48:43 - [MESSAGE][PASSED] - Keys 'ENTER + ' sent to object: 'Object Repository/EngInfo/search'

2017-11-20 15:48:48 - [MESSAGE][PASSED] - Delayed 5 second(s)

2017-11-20 15:48:48 - [MESSAGE][PASSED] - com.helper.commonfunct.utilities.search is PASSED

2017-11-20 15:48:48 - [TEST_STEP][PASSED] - com.helper.commonfunct.utilities.approve: com.helper.commonfunct.utilities.approve is PASSED

2017-11-20 15:48:53 - [MESSAGE][PASSED] - Delayed 5 second(s)

2017-11-20 15:48:53 - [MESSAGE][WARNING] - Timeout '0' is invalid. Using default page load timeout: '30'

2017-11-20 15:48:55 - [MESSAGE][PASSED] - Object: 'Object Repository/Approve-Reject/link_assignment' is clicked on

2017-11-20 15:49:00 - [MESSAGE][PASSED] - Delayed 5 second(s)

2017-11-20 15:49:00 - [MESSAGE][WARNING] - Timeout '0' is invalid. Using default page load timeout: '30'

2017-11-20 15:49:00 - [MESSAGE][PASSED] - Scroll to object 'Object Repository/Approve-Reject/APPROVE_BUTTON' successfully

2017-11-20 15:49:00 - [MESSAGE][PASSED] - Object: 'Object Repository/Approve-Reject/APPROVE_BUTTON' is clicked on

2017-11-20 15:49:05 - [MESSAGE][PASSED] - Delayed 5 second(s)

2017-11-20 15:49:05 - [MESSAGE][PASSED] - Keys 'testing' sent to object: 'Object Repository/Approve-Reject/APPROVE_REJECT_NOTES'

2017-11-20 15:49:10 - [MESSAGE][PASSED] - Delayed 5 second(s)

2017-11-20 15:49:10 - [MESSAGE][WARNING] - Timeout '0' is invalid. Using default page load timeout: '30'

2017-11-20 15:49:10 - [MESSAGE][PASSED] - Scroll to object 'Object Repository/Generic/SUBMIT' successfully

2017-11-20 15:49:13 - [MESSAGE][PASSED] - Object: 'Object Repository/Generic/SUBMIT' is clicked on

2017-11-20 15:49:18 - [MESSAGE][PASSED] - Delayed 5 second(s)

2017-11-20 15:49:18 - [MESSAGE][PASSED] - com.helper.commonfunct.utilities.approve is PASSED

2017-11-20 15:49:18 - [TEST_STEP][PASSED] - com.helper.commonfunct.utilities.WOstatus: com.helper.commonfunct.utilities.WOstatus is PASSED

2017-11-20 15:49:18 - [MESSAGE][PASSED] - Text of object 'Object Repository/ECR/WOSTATUS' is: 'Pending-Contract'

2017-11-20 15:49:18 - [MESSAGE][PASSED] - com.helper.commonfunct.utilities.WOstatus is PASSED

2017-11-20 15:49:18 - [TEST_STEP][FAILED] - Statement - For ([j = 0, j < AssignmentList.size(), (j++)]): Unable to click on object 'Object Repository/Approve-Reject/contractlink' (Root cause: com.kms.katalon.core.webui.exception.WebElementNotFoundException: Web element with id: 'Object Repository/Approve-Reject/contractlink' located by 'By.xpath: //nobr//a[contains(.,'Create Contract')]' not found)

2017-11-20 15:49:18 - [TEST_STEP][PASSED] - Statement - Status = text: null

2017-11-20 15:49:18 - [TEST_STEP][PASSED] - Statement - println(Status): null

2017-11-20 15:49:18 - [TEST_STEP][PASSED] - Statement - If (Status == "Pending-RDApproval"): null

2017-11-20 15:49:18 - [TEST_STEP][PASSED] - Statement - Else If (Status == "Pending-RLApproval"): null

2017-11-20 15:49:18 - [TEST_STEP][PASSED] - Statement - Else If (Status == "Pending-RDDApproval"): null

2017-11-20 15:49:18 - [TEST_STEP][PASSED] - Statement - Else If (Status == "Pending-OPSApproval"): null

2017-11-20 15:49:18 - [TEST_STEP][PASSED] - Statement - Else If (Status == "Pending-ExpSvcApproval"): null

2017-11-20 15:49:18 - [TEST_STEP][PASSED] - Statement - Else If (Status == "Pending-DocUpdate"): null

2017-11-20 15:49:18 - [TEST_STEP][FAILED] - Statement - Else If (Status == "Pending-Contract"): Unable to click on object 'Object Repository/Approve-Reject/contractlink' (Root cause: com.kms.katalon.core.webui.exception.WebElementNotFoundException: Web element with id: 'Object Repository/Approve-Reject/contractlink' located by 'By.xpath: //nobr//a[contains(.,'Create Contract')]' not found)

2017-11-20 15:49:18 - [TEST_STEP][PASSED] - com.helper.commonfunct.utilities.login: com.helper.commonfunct.utilities.login is PASSED

2017-11-20 15:49:18 - [MESSAGE][WARNING] - A browser is already opened. Closing browser and opening a new one

2017-11-20 15:49:22 - [MESSAGE][PASSED] - Browser is opened with url: ''

2017-11-20 15:49:23 - [MESSAGE][PASSED] - Navigate to 'https://vtcpqa2.rpega.com:9030/tcpqa/PRServlet' successfully

2017-11-20 15:49:23 - [MESSAGE][PASSED] - Text 'hendj@pegasystems.com' is set on object 'Object Repository/input_UserIdentifier'

2017-11-20 15:49:24 - [MESSAGE][PASSED] - Text 'install' is set on object 'Object Repository/input_Password'

2017-11-20 15:49:26 - [MESSAGE][PASSED] - Keys 'ENTER + ' sent to object: 'Object Repository/input_Password'

2017-11-20 15:49:26 - [MESSAGE][PASSED] - com.helper.commonfunct.utilities.login is PASSED

2017-11-20 15:49:26 - [TEST_STEP][PASSED] - com.helper.commonfunct.utilities.search: com.helper.commonfunct.utilities.search is PASSED

2017-11-20 15:49:28 - [MESSAGE][PASSED] - Current window maximized

2017-11-20 15:49:33 - [MESSAGE][PASSED] - Delayed 5 second(s)

2017-11-20 15:49:33 - [MESSAGE][PASSED] - Text 'ECR-20Nov2017-33' is set on object 'Object Repository/EngInfo/search'

2017-11-20 15:49:38 - [MESSAGE][PASSED] - Delayed 5 second(s)

2017-11-20 15:49:38 - [MESSAGE][PASSED] - Keys 'ENTER + ' sent to object: 'Object Repository/EngInfo/search'

2017-11-20 15:49:43 - [MESSAGE][PASSED] - Delayed 5 second(s)

2017-11-20 15:49:43 - [MESSAGE][PASSED] - com.helper.commonfunct.utilities.search is PASSED

2017-11-20 15:49:43 - [TEST_STEP][PASSED] - maximizeWindow: Current window maximized

2017-11-20 15:49:43 - [MESSAGE][PASSED] - Current window maximized

2017-11-20 15:49:43 - [TEST_STEP][FAILED] - com.helper.commonfunct.utilities.ContractDisposition: Unable to click on object 'Object Repository/Approve-Reject/contractlink' (Root cause: com.kms.katalon.core.webui.exception.WebElementNotFoundException: Web element with id: 'Object Repository/Approve-Reject/contractlink' located by 'By.xpath: //nobr//a[contains(.,'Create Contract')]' not found)

2017-11-20 15:49:48 - [MESSAGE][PASSED] - Delayed 5 second(s)

2017-11-20 15:49:48 - [MESSAGE][WARNING] - Timeout '0' is invalid. Using default page load timeout: '30'

2017-11-20 15:50:20 - [MESSAGE][FAILED] - Unable to click on object 'Object Repository/Approve-Reject/contractlink' (Root cause: com.kms.katalon.core.webui.exception.WebElementNotFoundException: Web element with id: 'Object Repository/Approve-Reject/contractlink' located by 'By.xpath: //nobr//a[contains(.,'Create Contract')]' not found)
[[ATTACHMENT|C:\\Users\\nipin\\Katalon Studio\\COE\\Reports\\ECR_Lite\\20171120_153124\\1511211020122.png]]

2017-11-20 15:50:20 - [MESSAGE][FAILED] - Unable to click on object 'Object Repository/Approve-Reject/contractlink' (Root cause: com.kms.katalon.core.webui.exception.WebElementNotFoundException: Web element with id: 'Object Repository/Approve-Reject/contractlink' located by 'By.xpath: //nobr//a[contains(.,'Create Contract')]' not found)

2017-11-20 15:50:20 - [MESSAGE][FAILED] - Unable to call Test Case with id 'Test Cases/ECR/REF/ECR_Approval_Reject' (Root cause: Call Test Case 'Test Cases/ECR/REF/ECR_Approval_Reject' failed)]]></system-out>
         <system-err><![CDATA[2017-11-20 15:31:53 - [TEST_CASE][FAILED] - Test Cases/ECR/TC_ECRLite_NoExpertService_AllReject: Test Cases/ECR/TC_ECRLite_NoExpertService_AllReject FAILED because (of) Unable to click on object 'Object Repository/Approve-Reject/contractlink' (Root cause: com.kms.katalon.core.webui.exception.WebElementNotFoundException: Web element with id: 'Object Repository/Approve-Reject/contractlink' located by 'By.xpath: //nobr//a[contains(.,'Create Contract')]' not found)]]></system-err>
      </testcase>
      <testcase name="Test Cases/ECR/TC_ECR_Lite_ExpertService_AllReject" classname="Test Cases/ECR/TC_ECR_Lite_ExpertService_AllReject" status="FAILED">
         <failure type="FAILED" message="Unable to scroll to object 'Object Repository/Approve-Reject/ReturnToRequestor' (Root cause: com.kms.katalon.core.webui.exception.WebElementNotFoundException: Web element with id: 'Object Repository/Approve-Reject/ReturnToRequestor' located by 'By.xpath: //input[@value='Return to requestor']' not found)"/>
         <system-out><![CDATA[2017-11-20 15:50:20 - [TEST_CASE][FAILED] - Test Cases/ECR/TC_ECR_Lite_ExpertService_AllReject: Test Cases/ECR/TC_ECR_Lite_ExpertService_AllReject FAILED because (of) Unable to scroll to object 'Object Repository/Approve-Reject/ReturnToRequestor' (Root cause: com.kms.katalon.core.webui.exception.WebElementNotFoundException: Web element with id: 'Object Repository/Approve-Reject/ReturnToRequestor' located by 'By.xpath: //input[@value='Return to requestor']' not found)

2017-11-20 15:50:21 - [TEST_STEP][FAILED] - callTestCase: Call Test Case 'Test Cases/ECR/REF/ECR_Lite_ExpertService' successfully

2017-11-20 15:50:21 - [TEST_CASE][FAILED] - Test Cases/ECR/REF/ECR_Lite_ExpertService: com.helper.commonfunct.utilities.createECR is PASSED

2017-11-20 15:50:21 - [TEST_STEP][PASSED] - com.helper.commonfunct.utilities.login: com.helper.commonfunct.utilities.login is PASSED

2017-11-20 15:50:21 - [MESSAGE][WARNING] - A browser is already opened. Closing browser and opening a new one

2017-11-20 15:50:25 - [MESSAGE][PASSED] - Browser is opened with url: ''

2017-11-20 15:50:26 - [MESSAGE][PASSED] - Navigate to 'https://vtcpqa2.rpega.com:9030/tcpqa/PRServlet' successfully

2017-11-20 15:50:27 - [MESSAGE][PASSED] - Text 'pogoa@pegasystems.com' is set on object 'Object Repository/input_UserIdentifier'

2017-11-20 15:50:27 - [MESSAGE][PASSED] - Text 'install' is set on object 'Object Repository/input_Password'

2017-11-20 15:50:30 - [MESSAGE][PASSED] - Keys 'ENTER + ' sent to object: 'Object Repository/input_Password'

2017-11-20 15:50:30 - [MESSAGE][PASSED] - com.helper.commonfunct.utilities.login is PASSED

2017-11-20 15:50:30 - [TEST_STEP][FAILED] - com.helper.commonfunct.utilities.createECR: com.helper.commonfunct.utilities.createECR is PASSED

2017-11-20 15:50:31 - [MESSAGE][PASSED] - Object: 'Object Repository/Generic/a_Actions' is clicked on

2017-11-20 15:50:33 - [MESSAGE][PASSED] - Object: 'Object Repository/span_New' is focused

2017-11-20 15:50:35 - [MESSAGE][PASSED] - Object: 'Object Repository/span_Bid Process' is clicked on

2017-11-20 15:50:35 - [MESSAGE][PASSED] - Object: 'Object Repository/ECR/BID_TYPE' is clicked on

2017-11-20 15:50:35 - [MESSAGE][PASSED] - Object 'Object Repository/button_Import' is present

2017-11-20 15:50:40 - [MESSAGE][PASSED] - Delayed 5 second(s)

2017-11-20 15:50:40 - [MESSAGE][PASSED] - Object: 'Object Repository/button_Import' is clicked on

2017-11-20 15:50:40 - [MESSAGE][PASSED] - File 'C:\Users\nipin\Desktop\Latest BSW\Final\ECR_LITE_EXPSVC.xlsm' sent to object: 'Object Repository/input_PpyWorkPageppyFilePath'

2017-11-20 15:50:45 - [MESSAGE][PASSED] - Delayed 5 second(s)

2017-11-20 15:50:45 - [MESSAGE][WARNING] - Timeout '0' is invalid. Using default page load timeout: '30'

2017-11-20 15:50:45 - [MESSAGE][PASSED] - Scroll to object 'Object Repository/button_Submit' successfully

2017-11-20 15:50:46 - [MESSAGE][PASSED] - Object: 'Object Repository/button_Submit' is clicked on

2017-11-20 15:50:46 - [MESSAGE][PASSED] - Object 'Object Repository/EngInfo/COID' is visible

2017-11-20 15:50:51 - [MESSAGE][PASSED] - Delayed 5 second(s)

2017-11-20 15:50:56 - [MESSAGE][PASSED] - Delayed 5 second(s)

2017-11-20 15:50:56 - [MESSAGE][PASSED] - Text 'BOFA' is set on object 'Object Repository/Generic/ORG'

2017-11-20 15:51:01 - [MESSAGE][PASSED] - Delayed 5 second(s)

2017-11-20 15:51:01 - [MESSAGE][PASSED] - Keys 'TAB + ' sent to object: 'Object Repository/Generic/ORG'

2017-11-20 15:51:06 - [MESSAGE][PASSED] - Delayed 5 second(s)

2017-11-20 15:51:07 - [MESSAGE][PASSED] - Text 'BOFA' is set on object 'Object Repository/Generic/ACC'

2017-11-20 15:51:12 - [MESSAGE][PASSED] - Delayed 5 second(s)

2017-11-20 15:51:12 - [MESSAGE][PASSED] - Keys 'TAB + ' sent to object: 'Object Repository/Generic/ACC'

2017-11-20 15:51:17 - [MESSAGE][PASSED] - Delayed 5 second(s)

2017-11-20 15:51:17 - [MESSAGE][PASSED] - Text 'AUTOTEST1' is set on object 'Object Repository/Generic/ENG_DESC'

2017-11-20 15:51:22 - [MESSAGE][PASSED] - Delayed 5 second(s)

2017-11-20 15:51:22 - [MESSAGE][WARNING] - Timeout '0' is invalid. Using default page load timeout: '30'

2017-11-20 15:51:22 - [MESSAGE][PASSED] - Scroll to object 'Object Repository/Generic/SUBMIT' successfully

2017-11-20 15:51:23 - [MESSAGE][PASSED] - Object: 'Object Repository/Generic/SUBMIT' is clicked on

2017-11-20 15:51:28 - [MESSAGE][PASSED] - Delayed 5 second(s)

2017-11-20 15:51:28 - [MESSAGE][PASSED] - Text 'CO-12' is set on object 'Object Repository/EngInfo/COID'

2017-11-20 15:51:35 - [MESSAGE][PASSED] - Delayed 7 second(s)

2017-11-20 15:51:35 - [MESSAGE][PASSED] - Wait for page load successfully

2017-11-20 15:51:36 - [MESSAGE][PASSED] - Object: 'Object Repository/Generic/gapDrivenMethodology' is clicked on

2017-11-20 15:51:41 - [MESSAGE][PASSED] - Delayed 5 second(s)

2017-11-20 15:51:41 - [MESSAGE][PASSED] - Object: 'Object Repository/Generic/RapidDelivery' is clicked on

2017-11-20 15:51:46 - [MESSAGE][PASSED] - Delayed 5 second(s)

2017-11-20 15:51:46 - [MESSAGE][PASSED] - Object: 'Object Repository/Generic/MorethanOneRLS' is clicked on

2017-11-20 15:51:51 - [MESSAGE][PASSED] - Delayed 5 second(s)

2017-11-20 15:51:51 - [MESSAGE][PASSED] - Text '85000' is set on object 'Object Repository/ECR/Licence'

2017-11-20 15:51:56 - [MESSAGE][PASSED] - Delayed 5 second(s)

2017-11-20 15:51:56 - [MESSAGE][PASSED] - Object 'Object Repository/Generic/platform' is visible

2017-11-20 15:52:01 - [MESSAGE][PASSED] - Delayed 5 second(s)

2017-11-20 15:52:02 - [MESSAGE][PASSED] - Keys 'AMPchroma' sent to object: 'Object Repository/Generic/PlatformID'

2017-11-20 15:52:02 - [MESSAGE][FAILED] - Unable to set text 'AMPchroma' of object 'Object Repository/Generic/PlatformID' (Root cause: org.openqa.selenium.InvalidElementStateException: invalid element state: Element must be user-editable in order to clear it.
  (Session info: chrome=62.0.3202.94)
  (Driver info: chromedriver=2.33.506120 (e3e53437346286c0bc2d2dc9aa4915ba81d9023f),platform=Windows NT 6.1.7601 SP1 x86_64) (WARNING: The server did not provide any stacktrace information)
Command duration or timeout: 0 milliseconds
Build info: version: '3.7.1', revision: '8a0099a', time: '2017-11-06T21:07:36.161Z'
System info: host: 'L22622WUS', ip: '10.2.176.79', os.name: 'Windows 7', os.arch: 'amd64', os.version: '6.1', java.version: '1.8.0_102'
Driver info: com.kms.katalon.selenium.driver.CChromeDriver
Capabilities {acceptSslCerts: true, applicationCacheEnabled: false, browserConnectionEnabled: false, browserName: chrome, chrome: {chromedriverVersion: 2.33.506120 (e3e53437346286..., userDataDir: C:\Users\nipin\AppData\Loca...}, cssSelectorsEnabled: true, databaseEnabled: false, handlesAlerts: true, hasTouchScreen: false, javascriptEnabled: true, locationContextEnabled: true, mobileEmulationEnabled: false, nativeEvents: true, networkConnectionEnabled: false, pageLoadStrategy: normal, platform: XP, platformName: XP, rotatable: false, setWindowRect: true, takesHeapSnapshot: true, takesScreenshot: true, unexpectedAlertBehaviour: , unhandledPromptBehavior: , version: 62.0.3202.94, webStorageEnabled: true}
Session ID: 635d4cfa79a7cf560fcae25ab3b80869)
[[ATTACHMENT|C:\\Users\\nipin\\Katalon Studio\\COE\\Reports\\ECR_Lite\\20171120_153124\\1511211122272.png]]

2017-11-20 15:52:02 - [MESSAGE][PASSED] - Keys 'AMPchroma' sent to object: 'Object Repository/Generic/PlatformID'

2017-11-20 15:52:03 - [MESSAGE][FAILED] - Unable to set text 'AMPchroma' of object 'Object Repository/Generic/PlatformID' (Root cause: org.openqa.selenium.InvalidElementStateException: invalid element state: Element must be user-editable in order to clear it.
  (Session info: chrome=62.0.3202.94)
  (Driver info: chromedriver=2.33.506120 (e3e53437346286c0bc2d2dc9aa4915ba81d9023f),platform=Windows NT 6.1.7601 SP1 x86_64) (WARNING: The server did not provide any stacktrace information)
Command duration or timeout: 0 milliseconds
Build info: version: '3.7.1', revision: '8a0099a', time: '2017-11-06T21:07:36.161Z'
System info: host: 'L22622WUS', ip: '10.2.176.79', os.name: 'Windows 7', os.arch: 'amd64', os.version: '6.1', java.version: '1.8.0_102'
Driver info: com.kms.katalon.selenium.driver.CChromeDriver
Capabilities {acceptSslCerts: true, applicationCacheEnabled: false, browserConnectionEnabled: false, browserName: chrome, chrome: {chromedriverVersion: 2.33.506120 (e3e53437346286..., userDataDir: C:\Users\nipin\AppData\Loca...}, cssSelectorsEnabled: true, databaseEnabled: false, handlesAlerts: true, hasTouchScreen: false, javascriptEnabled: true, locationContextEnabled: true, mobileEmulationEnabled: false, nativeEvents: true, networkConnectionEnabled: false, pageLoadStrategy: normal, platform: XP, platformName: XP, rotatable: false, setWindowRect: true, takesHeapSnapshot: true, takesScreenshot: true, unexpectedAlertBehaviour: , unhandledPromptBehavior: , version: 62.0.3202.94, webStorageEnabled: true}
Session ID: 635d4cfa79a7cf560fcae25ab3b80869)
[[ATTACHMENT|C:\\Users\\nipin\\Katalon Studio\\COE\\Reports\\ECR_Lite\\20171120_153124\\1511211122784.png]]

2017-11-20 15:52:08 - [MESSAGE][PASSED] - Delayed 5 second(s)

2017-11-20 15:52:08 - [MESSAGE][PASSED] - Keys 'N/A' sent to object: 'Object Repository/Generic/PlatformVersion'

2017-11-20 15:52:08 - [MESSAGE][FAILED] - Unable to set text 'N/A' of object 'Object Repository/Generic/PlatformVersion' (Root cause: org.openqa.selenium.InvalidElementStateException: invalid element state: Element must be user-editable in order to clear it.
  (Session info: chrome=62.0.3202.94)
  (Driver info: chromedriver=2.33.506120 (e3e53437346286c0bc2d2dc9aa4915ba81d9023f),platform=Windows NT 6.1.7601 SP1 x86_64) (WARNING: The server did not provide any stacktrace information)
Command duration or timeout: 0 milliseconds
Build info: version: '3.7.1', revision: '8a0099a', time: '2017-11-06T21:07:36.161Z'
System info: host: 'L22622WUS', ip: '10.2.176.79', os.name: 'Windows 7', os.arch: 'amd64', os.version: '6.1', java.version: '1.8.0_102'
Driver info: com.kms.katalon.selenium.driver.CChromeDriver
Capabilities {acceptSslCerts: true, applicationCacheEnabled: false, browserConnectionEnabled: false, browserName: chrome, chrome: {chromedriverVersion: 2.33.506120 (e3e53437346286..., userDataDir: C:\Users\nipin\AppData\Loca...}, cssSelectorsEnabled: true, databaseEnabled: false, handlesAlerts: true, hasTouchScreen: false, javascriptEnabled: true, locationContextEnabled: true, mobileEmulationEnabled: false, nativeEvents: true, networkConnectionEnabled: false, pageLoadStrategy: normal, platform: XP, platformName: XP, rotatable: false, setWindowRect: true, takesHeapSnapshot: true, takesScreenshot: true, unexpectedAlertBehaviour: , unhandledPromptBehavior: , version: 62.0.3202.94, webStorageEnabled: true}
Session ID: 635d4cfa79a7cf560fcae25ab3b80869)
[[ATTACHMENT|C:\\Users\\nipin\\Katalon Studio\\COE\\Reports\\ECR_Lite\\20171120_153124\\1511211128443.png]]

2017-11-20 15:52:08 - [MESSAGE][PASSED] - Keys 'N/A' sent to object: 'Object Repository/Generic/PlatformVersion'

2017-11-20 15:52:09 - [MESSAGE][FAILED] - Unable to set text 'N/A' of object 'Object Repository/Generic/PlatformVersion' (Root cause: org.openqa.selenium.InvalidElementStateException: invalid element state: Element must be user-editable in order to clear it.
  (Session info: chrome=62.0.3202.94)
  (Driver info: chromedriver=2.33.506120 (e3e53437346286c0bc2d2dc9aa4915ba81d9023f),platform=Windows NT 6.1.7601 SP1 x86_64) (WARNING: The server did not provide any stacktrace information)
Command duration or timeout: 0 milliseconds
Build info: version: '3.7.1', revision: '8a0099a', time: '2017-11-06T21:07:36.161Z'
System info: host: 'L22622WUS', ip: '10.2.176.79', os.name: 'Windows 7', os.arch: 'amd64', os.version: '6.1', java.version: '1.8.0_102'
Driver info: com.kms.katalon.selenium.driver.CChromeDriver
Capabilities {acceptSslCerts: true, applicationCacheEnabled: false, browserConnectionEnabled: false, browserName: chrome, chrome: {chromedriverVersion: 2.33.506120 (e3e53437346286..., userDataDir: C:\Users\nipin\AppData\Loca...}, cssSelectorsEnabled: true, databaseEnabled: false, handlesAlerts: true, hasTouchScreen: false, javascriptEnabled: true, locationContextEnabled: true, mobileEmulationEnabled: false, nativeEvents: true, networkConnectionEnabled: false, pageLoadStrategy: normal, platform: XP, platformName: XP, rotatable: false, setWindowRect: true, takesHeapSnapshot: true, takesScreenshot: true, unexpectedAlertBehaviour: , unhandledPromptBehavior: , version: 62.0.3202.94, webStorageEnabled: true}
Session ID: 635d4cfa79a7cf560fcae25ab3b80869)
[[ATTACHMENT|C:\\Users\\nipin\\Katalon Studio\\COE\\Reports\\ECR_Lite\\20171120_153124\\1511211128857.png]]

2017-11-20 15:52:14 - [MESSAGE][PASSED] - Delayed 5 second(s)

2017-11-20 15:52:14 - [MESSAGE][PASSED] - Object: 'Object Repository/Generic/PlatformTrue' is clicked on

2017-11-20 15:52:19 - [MESSAGE][PASSED] - Delayed 5 second(s)

2017-11-20 15:52:19 - [MESSAGE][PASSED] - Keys 'Jeff Henderson' sent to object: 'Object Repository/EngInfo/PL'

2017-11-20 15:52:24 - [MESSAGE][PASSED] - Delayed 5 second(s)

2017-11-20 15:52:25 - [MESSAGE][PASSED] - Keys 'Robert Higgins' sent to object: 'Object Repository/EngInfo/PLTL'

2017-11-20 15:52:30 - [MESSAGE][PASSED] - Delayed 5 second(s)

2017-11-20 15:52:30 - [MESSAGE][PASSED] - Keys 'Eric Panepinto' sent to object: 'Object Repository/EngInfo/RL'

2017-11-20 15:52:35 - [MESSAGE][PASSED] - Delayed 5 second(s)

2017-11-20 15:52:35 - [MESSAGE][PASSED] - Keys 'Robert Lang' sent to object: 'Object Repository/EngInfo/RD'

2017-11-20 15:52:40 - [MESSAGE][PASSED] - Delayed 5 second(s)

2017-11-20 15:52:40 - [MESSAGE][PASSED] - Scroll to object 'Object Repository/NEXT_BUTTON' successfully

2017-11-20 15:52:41 - [MESSAGE][PASSED] - Object: 'Object Repository/NEXT_BUTTON' is clicked on

2017-11-20 15:52:48 - [MESSAGE][PASSED] - Delayed 7 second(s)

2017-11-20 15:52:48 - [MESSAGE][PASSED] - Scroll to object 'Object Repository/NEXT_BUTTON' successfully

2017-11-20 15:52:48 - [MESSAGE][PASSED] - Object: 'Object Repository/NEXT_BUTTON' is clicked on

2017-11-20 15:52:55 - [MESSAGE][PASSED] - Delayed 7 second(s)

2017-11-20 15:52:55 - [MESSAGE][PASSED] - Wait for page load successfully

2017-11-20 15:52:55 - [MESSAGE][PASSED] - Scroll to object 'Object Repository/Generic/FINISH_BUTTON' successfully

2017-11-20 15:52:55 - [MESSAGE][PASSED] - Object: 'Object Repository/Generic/FINISH_BUTTON' is clicked on

2017-11-20 15:53:00 - [MESSAGE][PASSED] - Delayed 5 second(s)

2017-11-20 15:53:00 - [MESSAGE][PASSED] - Text of object 'Object Repository/WO' is: 'ECR-20Nov2017-34'

2017-11-20 15:53:00 - [MESSAGE][PASSED] - Text of object 'Object Repository/ECR/WOSTATUS' is: 'Pending-RDApproval'

2017-11-20 15:53:00 - [MESSAGE][PASSED] - com.helper.commonfunct.utilities.createECR is PASSED

2017-11-20 15:53:00 - [MESSAGE][PASSED] - Call Test Case 'Test Cases/ECR/REF/ECR_Lite_ExpertService' successfully

2017-11-20 15:53:00 - [TEST_STEP][PASSED] - com.helper.commonfunct.utilities.setprop: com.helper.commonfunct.utilities.setprop is PASSED

2017-11-20 15:53:00 - [MESSAGE][PASSED] - com.helper.commonfunct.utilities.setprop is PASSED

2017-11-20 15:53:00 - [TEST_STEP][FAILED] - callTestCase: Unable to call Test Case with id 'Test Cases/ECR/REF/ECR_Approval_Reject' (Root cause: Call Test Case 'Test Cases/ECR/REF/ECR_Approval_Reject' failed)

2017-11-20 15:53:00 - [TEST_CASE][FAILED] - Test Cases/ECR/REF/ECR_Approval_Reject: Test Cases/ECR/REF/ECR_Approval_Reject FAILED because (of) Unable to scroll to object 'Object Repository/Approve-Reject/ReturnToRequestor' (Root cause: com.kms.katalon.core.webui.exception.WebElementNotFoundException: Web element with id: 'Object Repository/Approve-Reject/ReturnToRequestor' located by 'By.xpath: //input[@value='Return to requestor']' not found)

2017-11-20 15:53:01 - [TEST_STEP][FAILED] - Statement - While (WOSTATUS.contains("Pending")): Unable to scroll to object 'Object Repository/Approve-Reject/ReturnToRequestor' (Root cause: com.kms.katalon.core.webui.exception.WebElementNotFoundException: Web element with id: 'Object Repository/Approve-Reject/ReturnToRequestor' located by 'By.xpath: //input[@value='Return to requestor']' not found)

2017-11-20 15:53:01 - [TEST_STEP][FAILED] - Statement - For ([j = 0, j < AssignmentList.size(), (j++)]): Unable to scroll to object 'Object Repository/Approve-Reject/ReturnToRequestor' (Root cause: com.kms.katalon.core.webui.exception.WebElementNotFoundException: Web element with id: 'Object Repository/Approve-Reject/ReturnToRequestor' located by 'By.xpath: //input[@value='Return to requestor']' not found)

2017-11-20 15:53:01 - [TEST_STEP][PASSED] - Statement - Status = text: null

2017-11-20 15:53:01 - [TEST_STEP][PASSED] - Statement - println(Status): null

2017-11-20 15:53:01 - [TEST_STEP][FAILED] - Statement - If (Status == "Pending-RDApproval"): Unable to scroll to object 'Object Repository/Approve-Reject/ReturnToRequestor' (Root cause: com.kms.katalon.core.webui.exception.WebElementNotFoundException: Web element with id: 'Object Repository/Approve-Reject/ReturnToRequestor' located by 'By.xpath: //input[@value='Return to requestor']' not found)

2017-11-20 15:53:01 - [TEST_STEP][PASSED] - Statement - If (RDReject == false): null

2017-11-20 15:53:01 - [TEST_STEP][FAILED] - Statement - Else: Unable to scroll to object 'Object Repository/Approve-Reject/ReturnToRequestor' (Root cause: com.kms.katalon.core.webui.exception.WebElementNotFoundException: Web element with id: 'Object Repository/Approve-Reject/ReturnToRequestor' located by 'By.xpath: //input[@value='Return to requestor']' not found)

2017-11-20 15:53:01 - [TEST_STEP][PASSED] - com.helper.commonfunct.utilities.login: com.helper.commonfunct.utilities.login is PASSED

2017-11-20 15:53:01 - [MESSAGE][WARNING] - A browser is already opened. Closing browser and opening a new one

2017-11-20 15:53:04 - [MESSAGE][PASSED] - Browser is opened with url: ''

2017-11-20 15:53:04 - [MESSAGE][PASSED] - Navigate to 'https://vtcpqa2.rpega.com:9030/tcpqa/PRServlet' successfully

2017-11-20 15:53:05 - [MESSAGE][PASSED] - Text 'langr1@pegasystems.com' is set on object 'Object Repository/input_UserIdentifier'

2017-11-20 15:53:05 - [MESSAGE][PASSED] - Text 'install' is set on object 'Object Repository/input_Password'

2017-11-20 15:53:08 - [MESSAGE][PASSED] - Keys 'ENTER + ' sent to object: 'Object Repository/input_Password'

2017-11-20 15:53:08 - [MESSAGE][PASSED] - com.helper.commonfunct.utilities.login is PASSED

2017-11-20 15:53:08 - [TEST_STEP][PASSED] - com.helper.commonfunct.utilities.search: com.helper.commonfunct.utilities.search is PASSED

2017-11-20 15:53:09 - [MESSAGE][PASSED] - Current window maximized

2017-11-20 15:53:14 - [MESSAGE][PASSED] - Delayed 5 second(s)

2017-11-20 15:53:14 - [MESSAGE][PASSED] - Text 'ECR-20Nov2017-34' is set on object 'Object Repository/EngInfo/search'

2017-11-20 15:53:19 - [MESSAGE][PASSED] - Delayed 5 second(s)

2017-11-20 15:53:19 - [MESSAGE][PASSED] - Keys 'ENTER + ' sent to object: 'Object Repository/EngInfo/search'

2017-11-20 15:53:24 - [MESSAGE][PASSED] - Delayed 5 second(s)

2017-11-20 15:53:24 - [MESSAGE][PASSED] - com.helper.commonfunct.utilities.search is PASSED

2017-11-20 15:53:24 - [TEST_STEP][PASSED] - maximizeWindow: Current window maximized

2017-11-20 15:53:24 - [MESSAGE][PASSED] - Current window maximized

2017-11-20 15:53:24 - [TEST_STEP][FAILED] - com.helper.commonfunct.utilities.reject: Unable to scroll to object 'Object Repository/Approve-Reject/ReturnToRequestor' (Root cause: com.kms.katalon.core.webui.exception.WebElementNotFoundException: Web element with id: 'Object Repository/Approve-Reject/ReturnToRequestor' located by 'By.xpath: //input[@value='Return to requestor']' not found)

2017-11-20 15:53:29 - [MESSAGE][PASSED] - Delayed 5 second(s)

2017-11-20 15:53:29 - [MESSAGE][WARNING] - Timeout '0' is invalid. Using default page load timeout: '30'

2017-11-20 15:53:30 - [MESSAGE][PASSED] - Object: 'Object Repository/Approve-Reject/link_assignment' is clicked on

2017-11-20 15:53:35 - [MESSAGE][PASSED] - Delayed 5 second(s)

2017-11-20 15:53:35 - [MESSAGE][WARNING] - Timeout '0' is invalid. Using default page load timeout: '30'

2017-11-21 08:52:31 - [MESSAGE][FAILED] - Unable to scroll to object 'Object Repository/Approve-Reject/ReturnToRequestor' (Root cause: com.kms.katalon.core.webui.exception.WebElementNotFoundException: Web element with id: 'Object Repository/Approve-Reject/ReturnToRequestor' located by 'By.xpath: //input[@value='Return to requestor']' not found)
[[ATTACHMENT|C:\\Users\\nipin\\Katalon Studio\\COE\\Reports\\ECR_Lite\\20171120_153124\\1511272348303.png]]

2017-11-21 08:52:31 - [MESSAGE][FAILED] - Unable to scroll to object 'Object Repository/Approve-Reject/ReturnToRequestor' (Root cause: com.kms.katalon.core.webui.exception.WebElementNotFoundException: Web element with id: 'Object Repository/Approve-Reject/ReturnToRequestor' located by 'By.xpath: //input[@value='Return to requestor']' not found)

2017-11-21 08:52:31 - [MESSAGE][FAILED] - Unable to call Test Case with id 'Test Cases/ECR/REF/ECR_Approval_Reject' (Root cause: Call Test Case 'Test Cases/ECR/REF/ECR_Approval_Reject' failed)]]></system-out>
         <system-err><![CDATA[2017-11-20 15:50:20 - [TEST_CASE][FAILED] - Test Cases/ECR/TC_ECR_Lite_ExpertService_AllReject: Test Cases/ECR/TC_ECR_Lite_ExpertService_AllReject FAILED because (of) Unable to scroll to object 'Object Repository/Approve-Reject/ReturnToRequestor' (Root cause: com.kms.katalon.core.webui.exception.WebElementNotFoundException: Web element with id: 'Object Repository/Approve-Reject/ReturnToRequestor' located by 'By.xpath: //input[@value='Return to requestor']' not found)]]></system-err>
      </testcase>
      <testcase name="Test Cases/ECR/TC_ECR_Lite_ExpertService_AllApproval" classname="Test Cases/ECR/TC_ECR_Lite_ExpertService_AllApproval" status="FAILED">
         <failure type="FAILED" message="Unable to wait for page load (Root cause: org.openqa.selenium.WebDriverException: chrome not reachable
  (Session info: chrome=62.0.3202.94)
  (Driver info: chromedriver=2.33.506120 (e3e53437346286c0bc2d2dc9aa4915ba81d9023f),platform=Windows NT 6.1.7601 SP1 x86_64) (WARNING: The server did not provide any stacktrace information)
Command duration or timeout: 0 milliseconds
Build info: version: '3.7.1', revision: '8a0099a', time: '2017-11-06T21:07:36.161Z'
System info: host: 'L22622WUS', ip: '10.2.176.79', os.name: 'Windows 7', os.arch: 'amd64', os.version: '6.1', java.version: '1.8.0_102'
Driver info: com.kms.katalon.selenium.driver.CChromeDriver
Capabilities {acceptSslCerts: true, applicationCacheEnabled: false, browserConnectionEnabled: false, browserName: chrome, chrome: {chromedriverVersion: 2.33.506120 (e3e53437346286..., userDataDir: C:\Users\nipin\AppData\Loca...}, cssSelectorsEnabled: true, databaseEnabled: false, handlesAlerts: true, hasTouchScreen: false, javascriptEnabled: true, locationContextEnabled: true, mobileEmulationEnabled: false, nativeEvents: true, networkConnectionEnabled: false, pageLoadStrategy: normal, platform: XP, platformName: XP, rotatable: false, setWindowRect: true, takesHeapSnapshot: true, takesScreenshot: true, unexpectedAlertBehaviour: , unhandledPromptBehavior: , version: 62.0.3202.94, webStorageEnabled: true}
Session ID: f0c7bddc06923f0a43aabf1d0f862dba)"/>
         <system-out><![CDATA[2017-11-21 08:52:35 - [TEST_CASE][FAILED] - Test Cases/ECR/TC_ECR_Lite_ExpertService_AllApproval: Test Cases/ECR/TC_ECR_Lite_ExpertService_AllApproval FAILED because (of) Unable to wait for page load (Root cause: org.openqa.selenium.WebDriverException: chrome not reachable
  (Session info: chrome=62.0.3202.94)
  (Driver info: chromedriver=2.33.506120 (e3e53437346286c0bc2d2dc9aa4915ba81d9023f),platform=Windows NT 6.1.7601 SP1 x86_64) (WARNING: The server did not provide any stacktrace information)
Command duration or timeout: 0 milliseconds
Build info: version: '3.7.1', revision: '8a0099a', time: '2017-11-06T21:07:36.161Z'
System info: host: 'L22622WUS', ip: '10.2.176.79', os.name: 'Windows 7', os.arch: 'amd64', os.version: '6.1', java.version: '1.8.0_102'
Driver info: com.kms.katalon.selenium.driver.CChromeDriver
Capabilities {acceptSslCerts: true, applicationCacheEnabled: false, browserConnectionEnabled: false, browserName: chrome, chrome: {chromedriverVersion: 2.33.506120 (e3e53437346286..., userDataDir: C:\Users\nipin\AppData\Loca...}, cssSelectorsEnabled: true, databaseEnabled: false, handlesAlerts: true, hasTouchScreen: false, javascriptEnabled: true, locationContextEnabled: true, mobileEmulationEnabled: false, nativeEvents: true, networkConnectionEnabled: false, pageLoadStrategy: normal, platform: XP, platformName: XP, rotatable: false, setWindowRect: true, takesHeapSnapshot: true, takesScreenshot: true, unexpectedAlertBehaviour: , unhandledPromptBehavior: , version: 62.0.3202.94, webStorageEnabled: true}
Session ID: f0c7bddc06923f0a43aabf1d0f862dba)

2017-11-21 08:52:36 - [TEST_STEP][FAILED] - callTestCase: Unable to call Test Case with id 'Test Cases/ECR/REF/ECR_Lite_ExpertService' (Root cause: Call Test Case 'Test Cases/ECR/REF/ECR_Lite_ExpertService' failed)

2017-11-21 08:52:37 - [TEST_CASE][FAILED] - Test Cases/ECR/REF/ECR_Lite_ExpertService: Test Cases/ECR/REF/ECR_Lite_ExpertService FAILED because (of) Unable to wait for page load (Root cause: org.openqa.selenium.WebDriverException: chrome not reachable
  (Session info: chrome=62.0.3202.94)
  (Driver info: chromedriver=2.33.506120 (e3e53437346286c0bc2d2dc9aa4915ba81d9023f),platform=Windows NT 6.1.7601 SP1 x86_64) (WARNING: The server did not provide any stacktrace information)
Command duration or timeout: 0 milliseconds
Build info: version: '3.7.1', revision: '8a0099a', time: '2017-11-06T21:07:36.161Z'
System info: host: 'L22622WUS', ip: '10.2.176.79', os.name: 'Windows 7', os.arch: 'amd64', os.version: '6.1', java.version: '1.8.0_102'
Driver info: com.kms.katalon.selenium.driver.CChromeDriver
Capabilities {acceptSslCerts: true, applicationCacheEnabled: false, browserConnectionEnabled: false, browserName: chrome, chrome: {chromedriverVersion: 2.33.506120 (e3e53437346286..., userDataDir: C:\Users\nipin\AppData\Loca...}, cssSelectorsEnabled: true, databaseEnabled: false, handlesAlerts: true, hasTouchScreen: false, javascriptEnabled: true, locationContextEnabled: true, mobileEmulationEnabled: false, nativeEvents: true, networkConnectionEnabled: false, pageLoadStrategy: normal, platform: XP, platformName: XP, rotatable: false, setWindowRect: true, takesHeapSnapshot: true, takesScreenshot: true, unexpectedAlertBehaviour: , unhandledPromptBehavior: , version: 62.0.3202.94, webStorageEnabled: true}
Session ID: f0c7bddc06923f0a43aabf1d0f862dba)

2017-11-21 08:52:37 - [TEST_STEP][PASSED] - com.helper.commonfunct.utilities.login: com.helper.commonfunct.utilities.login is PASSED

2017-11-21 08:52:37 - [MESSAGE][WARNING] - A browser is already opened. Closing browser and opening a new one

2017-11-21 08:52:53 - [MESSAGE][PASSED] - Browser is opened with url: ''

2017-11-21 08:52:55 - [MESSAGE][PASSED] - Navigate to 'https://vtcpqa2.rpega.com:9030/tcpqa/PRServlet' successfully

2017-11-21 08:52:57 - [MESSAGE][PASSED] - Text 'pogoa@pegasystems.com' is set on object 'Object Repository/input_UserIdentifier'

2017-11-21 08:52:57 - [MESSAGE][PASSED] - Text 'install' is set on object 'Object Repository/input_Password'

2017-11-21 08:53:07 - [MESSAGE][PASSED] - Keys 'ENTER + ' sent to object: 'Object Repository/input_Password'

2017-11-21 08:53:07 - [MESSAGE][PASSED] - com.helper.commonfunct.utilities.login is PASSED

2017-11-21 08:53:07 - [TEST_STEP][FAILED] - com.helper.commonfunct.utilities.createECR: Unable to wait for page load (Root cause: org.openqa.selenium.WebDriverException: chrome not reachable
  (Session info: chrome=62.0.3202.94)
  (Driver info: chromedriver=2.33.506120 (e3e53437346286c0bc2d2dc9aa4915ba81d9023f),platform=Windows NT 6.1.7601 SP1 x86_64) (WARNING: The server did not provide any stacktrace information)
Command duration or timeout: 0 milliseconds
Build info: version: '3.7.1', revision: '8a0099a', time: '2017-11-06T21:07:36.161Z'
System info: host: 'L22622WUS', ip: '10.2.176.79', os.name: 'Windows 7', os.arch: 'amd64', os.version: '6.1', java.version: '1.8.0_102'
Driver info: com.kms.katalon.selenium.driver.CChromeDriver
Capabilities {acceptSslCerts: true, applicationCacheEnabled: false, browserConnectionEnabled: false, browserName: chrome, chrome: {chromedriverVersion: 2.33.506120 (e3e53437346286..., userDataDir: C:\Users\nipin\AppData\Loca...}, cssSelectorsEnabled: true, databaseEnabled: false, handlesAlerts: true, hasTouchScreen: false, javascriptEnabled: true, locationContextEnabled: true, mobileEmulationEnabled: false, nativeEvents: true, networkConnectionEnabled: false, pageLoadStrategy: normal, platform: XP, platformName: XP, rotatable: false, setWindowRect: true, takesHeapSnapshot: true, takesScreenshot: true, unexpectedAlertBehaviour: , unhandledPromptBehavior: , version: 62.0.3202.94, webStorageEnabled: true}
Session ID: f0c7bddc06923f0a43aabf1d0f862dba)

2017-11-21 08:53:07 - [MESSAGE][PASSED] - Object: 'Object Repository/Generic/a_Actions' is clicked on

2017-11-21 08:53:10 - [MESSAGE][PASSED] - Object: 'Object Repository/span_New' is focused

2017-11-21 08:53:13 - [MESSAGE][PASSED] - Object: 'Object Repository/span_Bid Process' is clicked on

2017-11-21 08:53:13 - [MESSAGE][PASSED] - Object: 'Object Repository/ECR/BID_TYPE' is clicked on

2017-11-21 08:53:14 - [MESSAGE][PASSED] - Object 'Object Repository/button_Import' is present

2017-11-21 08:53:19 - [MESSAGE][PASSED] - Delayed 5 second(s)

2017-11-21 08:53:19 - [MESSAGE][PASSED] - Object: 'Object Repository/button_Import' is clicked on

2017-11-21 08:53:20 - [MESSAGE][PASSED] - File 'C:\Users\nipin\Desktop\Latest BSW\Final\ECR_LITE_EXPSVC.xlsm' sent to object: 'Object Repository/input_PpyWorkPageppyFilePath'

2017-11-21 08:53:25 - [MESSAGE][PASSED] - Delayed 5 second(s)

2017-11-21 08:53:25 - [MESSAGE][WARNING] - Timeout '0' is invalid. Using default page load timeout: '30'

2017-11-21 08:53:25 - [MESSAGE][PASSED] - Scroll to object 'Object Repository/button_Submit' successfully

2017-11-21 08:53:26 - [MESSAGE][PASSED] - Object: 'Object Repository/button_Submit' is clicked on

2017-11-21 08:53:26 - [MESSAGE][PASSED] - Object 'Object Repository/EngInfo/COID' is visible

2017-11-21 08:53:31 - [MESSAGE][PASSED] - Delayed 5 second(s)

2017-11-21 08:53:36 - [MESSAGE][PASSED] - Delayed 5 second(s)

2017-11-21 08:53:37 - [MESSAGE][PASSED] - Text 'BOFA' is set on object 'Object Repository/Generic/ORG'

2017-11-21 08:53:42 - [MESSAGE][PASSED] - Delayed 5 second(s)

2017-11-21 08:53:42 - [MESSAGE][PASSED] - Keys 'TAB + ' sent to object: 'Object Repository/Generic/ORG'

2017-11-21 08:53:47 - [MESSAGE][PASSED] - Delayed 5 second(s)

2017-11-21 08:53:47 - [MESSAGE][PASSED] - Text 'BOFA' is set on object 'Object Repository/Generic/ACC'

2017-11-21 08:53:52 - [MESSAGE][PASSED] - Delayed 5 second(s)

2017-11-21 08:53:52 - [MESSAGE][PASSED] - Keys 'TAB + ' sent to object: 'Object Repository/Generic/ACC'

2017-11-21 08:53:57 - [MESSAGE][PASSED] - Delayed 5 second(s)

2017-11-21 08:53:58 - [MESSAGE][PASSED] - Text 'AUTOTEST1' is set on object 'Object Repository/Generic/ENG_DESC'

2017-11-21 08:54:03 - [MESSAGE][PASSED] - Delayed 5 second(s)

2017-11-21 08:54:03 - [MESSAGE][WARNING] - Timeout '0' is invalid. Using default page load timeout: '30'

2017-11-21 08:54:03 - [MESSAGE][PASSED] - Scroll to object 'Object Repository/Generic/SUBMIT' successfully

2017-11-21 08:54:03 - [MESSAGE][PASSED] - Object: 'Object Repository/Generic/SUBMIT' is clicked on

2017-11-21 08:54:08 - [MESSAGE][PASSED] - Delayed 5 second(s)

2017-11-21 08:54:13 - [MESSAGE][PASSED] - Text 'CO-12' is set on object 'Object Repository/EngInfo/COID'

2017-11-21 08:54:20 - [MESSAGE][PASSED] - Delayed 7 second(s)

2017-11-21 08:54:20 - [MESSAGE][PASSED] - Wait for page load successfully

2017-11-21 08:54:21 - [MESSAGE][PASSED] - Object: 'Object Repository/Generic/gapDrivenMethodology' is clicked on

2017-11-21 08:54:26 - [MESSAGE][PASSED] - Delayed 5 second(s)

2017-11-21 08:54:26 - [MESSAGE][PASSED] - Object: 'Object Repository/Generic/RapidDelivery' is clicked on

2017-11-21 08:54:31 - [MESSAGE][PASSED] - Delayed 5 second(s)

2017-11-21 08:54:31 - [MESSAGE][PASSED] - Object: 'Object Repository/Generic/MorethanOneRLS' is clicked on

2017-11-21 08:54:36 - [MESSAGE][PASSED] - Delayed 5 second(s)

2017-11-21 08:54:37 - [MESSAGE][PASSED] - Text '85000' is set on object 'Object Repository/ECR/Licence'

2017-11-21 08:54:42 - [MESSAGE][PASSED] - Delayed 5 second(s)

2017-11-21 08:54:42 - [MESSAGE][PASSED] - Object 'Object Repository/Generic/platform' is visible

2017-11-21 08:54:47 - [MESSAGE][PASSED] - Delayed 5 second(s)

2017-11-21 08:54:47 - [MESSAGE][PASSED] - Keys 'AMPchroma' sent to object: 'Object Repository/Generic/PlatformID'

2017-11-21 08:54:48 - [MESSAGE][FAILED] - Unable to set text 'AMPchroma' of object 'Object Repository/Generic/PlatformID' (Root cause: org.openqa.selenium.InvalidElementStateException: invalid element state: Element must be user-editable in order to clear it.
  (Session info: chrome=62.0.3202.94)
  (Driver info: chromedriver=2.33.506120 (e3e53437346286c0bc2d2dc9aa4915ba81d9023f),platform=Windows NT 6.1.7601 SP1 x86_64) (WARNING: The server did not provide any stacktrace information)
Command duration or timeout: 0 milliseconds
Build info: version: '3.7.1', revision: '8a0099a', time: '2017-11-06T21:07:36.161Z'
System info: host: 'L22622WUS', ip: '10.2.176.79', os.name: 'Windows 7', os.arch: 'amd64', os.version: '6.1', java.version: '1.8.0_102'
Driver info: com.kms.katalon.selenium.driver.CChromeDriver
Capabilities {acceptSslCerts: true, applicationCacheEnabled: false, browserConnectionEnabled: false, browserName: chrome, chrome: {chromedriverVersion: 2.33.506120 (e3e53437346286..., userDataDir: C:\Users\nipin\AppData\Loca...}, cssSelectorsEnabled: true, databaseEnabled: false, handlesAlerts: true, hasTouchScreen: false, javascriptEnabled: true, locationContextEnabled: true, mobileEmulationEnabled: false, nativeEvents: true, networkConnectionEnabled: false, pageLoadStrategy: normal, platform: XP, platformName: XP, rotatable: false, setWindowRect: true, takesHeapSnapshot: true, takesScreenshot: true, unexpectedAlertBehaviour: , unhandledPromptBehavior: , version: 62.0.3202.94, webStorageEnabled: true}
Session ID: f0c7bddc06923f0a43aabf1d0f862dba)
[[ATTACHMENT|C:\\Users\\nipin\\Katalon Studio\\COE\\Reports\\ECR_Lite\\20171120_153124\\1511272487906.png]]

2017-11-21 08:54:49 - [MESSAGE][PASSED] - Keys 'AMPchroma' sent to object: 'Object Repository/Generic/PlatformID'

2017-11-21 08:54:50 - [MESSAGE][FAILED] - Unable to set text 'AMPchroma' of object 'Object Repository/Generic/PlatformID' (Root cause: org.openqa.selenium.InvalidElementStateException: invalid element state: Element must be user-editable in order to clear it.
  (Session info: chrome=62.0.3202.94)
  (Driver info: chromedriver=2.33.506120 (e3e53437346286c0bc2d2dc9aa4915ba81d9023f),platform=Windows NT 6.1.7601 SP1 x86_64) (WARNING: The server did not provide any stacktrace information)
Command duration or timeout: 0 milliseconds
Build info: version: '3.7.1', revision: '8a0099a', time: '2017-11-06T21:07:36.161Z'
System info: host: 'L22622WUS', ip: '10.2.176.79', os.name: 'Windows 7', os.arch: 'amd64', os.version: '6.1', java.version: '1.8.0_102'
Driver info: com.kms.katalon.selenium.driver.CChromeDriver
Capabilities {acceptSslCerts: true, applicationCacheEnabled: false, browserConnectionEnabled: false, browserName: chrome, chrome: {chromedriverVersion: 2.33.506120 (e3e53437346286..., userDataDir: C:\Users\nipin\AppData\Loca...}, cssSelectorsEnabled: true, databaseEnabled: false, handlesAlerts: true, hasTouchScreen: false, javascriptEnabled: true, locationContextEnabled: true, mobileEmulationEnabled: false, nativeEvents: true, networkConnectionEnabled: false, pageLoadStrategy: normal, platform: XP, platformName: XP, rotatable: false, setWindowRect: true, takesHeapSnapshot: true, takesScreenshot: true, unexpectedAlertBehaviour: , unhandledPromptBehavior: , version: 62.0.3202.94, webStorageEnabled: true}
Session ID: f0c7bddc06923f0a43aabf1d0f862dba)
[[ATTACHMENT|C:\\Users\\nipin\\Katalon Studio\\COE\\Reports\\ECR_Lite\\20171120_153124\\1511272489845.png]]

2017-11-21 08:54:55 - [MESSAGE][PASSED] - Delayed 5 second(s)

2017-11-21 08:54:55 - [MESSAGE][PASSED] - Keys 'N/A' sent to object: 'Object Repository/Generic/PlatformVersion'

2017-11-21 08:54:56 - [MESSAGE][FAILED] - Unable to set text 'N/A' of object 'Object Repository/Generic/PlatformVersion' (Root cause: org.openqa.selenium.InvalidElementStateException: invalid element state: Element must be user-editable in order to clear it.
  (Session info: chrome=62.0.3202.94)
  (Driver info: chromedriver=2.33.506120 (e3e53437346286c0bc2d2dc9aa4915ba81d9023f),platform=Windows NT 6.1.7601 SP1 x86_64) (WARNING: The server did not provide any stacktrace information)
Command duration or timeout: 0 milliseconds
Build info: version: '3.7.1', revision: '8a0099a', time: '2017-11-06T21:07:36.161Z'
System info: host: 'L22622WUS', ip: '10.2.176.79', os.name: 'Windows 7', os.arch: 'amd64', os.version: '6.1', java.version: '1.8.0_102'
Driver info: com.kms.katalon.selenium.driver.CChromeDriver
Capabilities {acceptSslCerts: true, applicationCacheEnabled: false, browserConnectionEnabled: false, browserName: chrome, chrome: {chromedriverVersion: 2.33.506120 (e3e53437346286..., userDataDir: C:\Users\nipin\AppData\Loca...}, cssSelectorsEnabled: true, databaseEnabled: false, handlesAlerts: true, hasTouchScreen: false, javascriptEnabled: true, locationContextEnabled: true, mobileEmulationEnabled: false, nativeEvents: true, networkConnectionEnabled: false, pageLoadStrategy: normal, platform: XP, platformName: XP, rotatable: false, setWindowRect: true, takesHeapSnapshot: true, takesScreenshot: true, unexpectedAlertBehaviour: , unhandledPromptBehavior: , version: 62.0.3202.94, webStorageEnabled: true}
Session ID: f0c7bddc06923f0a43aabf1d0f862dba)
[[ATTACHMENT|C:\\Users\\nipin\\Katalon Studio\\COE\\Reports\\ECR_Lite\\20171120_153124\\1511272496028.png]]

2017-11-21 08:54:56 - [MESSAGE][PASSED] - Keys 'N/A' sent to object: 'Object Repository/Generic/PlatformVersion'

2017-11-21 08:54:57 - [MESSAGE][FAILED] - Unable to set text 'N/A' of object 'Object Repository/Generic/PlatformVersion' (Root cause: org.openqa.selenium.InvalidElementStateException: invalid element state: Element must be user-editable in order to clear it.
  (Session info: chrome=62.0.3202.94)
  (Driver info: chromedriver=2.33.506120 (e3e53437346286c0bc2d2dc9aa4915ba81d9023f),platform=Windows NT 6.1.7601 SP1 x86_64) (WARNING: The server did not provide any stacktrace information)
Command duration or timeout: 0 milliseconds
Build info: version: '3.7.1', revision: '8a0099a', time: '2017-11-06T21:07:36.161Z'
System info: host: 'L22622WUS', ip: '10.2.176.79', os.name: 'Windows 7', os.arch: 'amd64', os.version: '6.1', java.version: '1.8.0_102'
Driver info: com.kms.katalon.selenium.driver.CChromeDriver
Capabilities {acceptSslCerts: true, applicationCacheEnabled: false, browserConnectionEnabled: false, browserName: chrome, chrome: {chromedriverVersion: 2.33.506120 (e3e53437346286..., userDataDir: C:\Users\nipin\AppData\Loca...}, cssSelectorsEnabled: true, databaseEnabled: false, handlesAlerts: true, hasTouchScreen: false, javascriptEnabled: true, locationContextEnabled: true, mobileEmulationEnabled: false, nativeEvents: true, networkConnectionEnabled: false, pageLoadStrategy: normal, platform: XP, platformName: XP, rotatable: false, setWindowRect: true, takesHeapSnapshot: true, takesScreenshot: true, unexpectedAlertBehaviour: , unhandledPromptBehavior: , version: 62.0.3202.94, webStorageEnabled: true}
Session ID: f0c7bddc06923f0a43aabf1d0f862dba)
[[ATTACHMENT|C:\\Users\\nipin\\Katalon Studio\\COE\\Reports\\ECR_Lite\\20171120_153124\\1511272496842.png]]

2017-11-21 08:55:02 - [MESSAGE][PASSED] - Delayed 5 second(s)

2017-11-21 08:55:02 - [MESSAGE][PASSED] - Object: 'Object Repository/Generic/PlatformTrue' is clicked on

2017-11-21 08:55:07 - [MESSAGE][PASSED] - Delayed 5 second(s)

2017-11-21 08:55:08 - [MESSAGE][PASSED] - Keys 'Jeff Henderson' sent to object: 'Object Repository/EngInfo/PL'

2017-11-21 08:55:13 - [MESSAGE][PASSED] - Delayed 5 second(s)

2017-11-21 08:55:14 - [MESSAGE][PASSED] - Keys 'Robert Higgins' sent to object: 'Object Repository/EngInfo/PLTL'

2017-11-21 08:55:19 - [MESSAGE][PASSED] - Delayed 5 second(s)

2017-11-21 08:55:20 - [MESSAGE][PASSED] - Keys 'Eric Panepinto' sent to object: 'Object Repository/EngInfo/RL'

2017-11-21 08:55:25 - [MESSAGE][PASSED] - Delayed 5 second(s)

2017-11-21 08:55:25 - [MESSAGE][PASSED] - Keys 'Robert Lang' sent to object: 'Object Repository/EngInfo/RD'

2017-11-21 08:55:30 - [MESSAGE][PASSED] - Delayed 5 second(s)

2017-11-21 08:55:30 - [MESSAGE][PASSED] - Scroll to object 'Object Repository/NEXT_BUTTON' successfully

2017-11-21 08:55:31 - [MESSAGE][PASSED] - Object: 'Object Repository/NEXT_BUTTON' is clicked on

2017-11-21 08:55:38 - [MESSAGE][PASSED] - Delayed 7 second(s)

2017-11-21 08:55:38 - [MESSAGE][PASSED] - Scroll to object 'Object Repository/NEXT_BUTTON' successfully

2017-11-21 08:55:38 - [MESSAGE][PASSED] - Object: 'Object Repository/NEXT_BUTTON' is clicked on

2017-11-21 08:55:45 - [MESSAGE][PASSED] - Delayed 7 second(s)

2017-11-21 08:55:53 - [MESSAGE][WARNING] - Cannot take screenshot

2017-11-21 08:55:53 - [MESSAGE][FAILED] - Unable to wait for page load (Root cause: org.openqa.selenium.WebDriverException: chrome not reachable
  (Session info: chrome=62.0.3202.94)
  (Driver info: chromedriver=2.33.506120 (e3e53437346286c0bc2d2dc9aa4915ba81d9023f),platform=Windows NT 6.1.7601 SP1 x86_64) (WARNING: The server did not provide any stacktrace information)
Command duration or timeout: 0 milliseconds
Build info: version: '3.7.1', revision: '8a0099a', time: '2017-11-06T21:07:36.161Z'
System info: host: 'L22622WUS', ip: '10.2.176.79', os.name: 'Windows 7', os.arch: 'amd64', os.version: '6.1', java.version: '1.8.0_102'
Driver info: com.kms.katalon.selenium.driver.CChromeDriver
Capabilities {acceptSslCerts: true, applicationCacheEnabled: false, browserConnectionEnabled: false, browserName: chrome, chrome: {chromedriverVersion: 2.33.506120 (e3e53437346286..., userDataDir: C:\Users\nipin\AppData\Loca...}, cssSelectorsEnabled: true, databaseEnabled: false, handlesAlerts: true, hasTouchScreen: false, javascriptEnabled: true, locationContextEnabled: true, mobileEmulationEnabled: false, nativeEvents: true, networkConnectionEnabled: false, pageLoadStrategy: normal, platform: XP, platformName: XP, rotatable: false, setWindowRect: true, takesHeapSnapshot: true, takesScreenshot: true, unexpectedAlertBehaviour: , unhandledPromptBehavior: , version: 62.0.3202.94, webStorageEnabled: true}
Session ID: f0c7bddc06923f0a43aabf1d0f862dba)

2017-11-21 08:55:53 - [MESSAGE][FAILED] - Unable to wait for page load (Root cause: org.openqa.selenium.WebDriverException: chrome not reachable
  (Session info: chrome=62.0.3202.94)
  (Driver info: chromedriver=2.33.506120 (e3e53437346286c0bc2d2dc9aa4915ba81d9023f),platform=Windows NT 6.1.7601 SP1 x86_64) (WARNING: The server did not provide any stacktrace information)
Command duration or timeout: 0 milliseconds
Build info: version: '3.7.1', revision: '8a0099a', time: '2017-11-06T21:07:36.161Z'
System info: host: 'L22622WUS', ip: '10.2.176.79', os.name: 'Windows 7', os.arch: 'amd64', os.version: '6.1', java.version: '1.8.0_102'
Driver info: com.kms.katalon.selenium.driver.CChromeDriver
Capabilities {acceptSslCerts: true, applicationCacheEnabled: false, browserConnectionEnabled: false, browserName: chrome, chrome: {chromedriverVersion: 2.33.506120 (e3e53437346286..., userDataDir: C:\Users\nipin\AppData\Loca...}, cssSelectorsEnabled: true, databaseEnabled: false, handlesAlerts: true, hasTouchScreen: false, javascriptEnabled: true, locationContextEnabled: true, mobileEmulationEnabled: false, nativeEvents: true, networkConnectionEnabled: false, pageLoadStrategy: normal, platform: XP, platformName: XP, rotatable: false, setWindowRect: true, takesHeapSnapshot: true, takesScreenshot: true, unexpectedAlertBehaviour: , unhandledPromptBehavior: , version: 62.0.3202.94, webStorageEnabled: true}
Session ID: f0c7bddc06923f0a43aabf1d0f862dba)

2017-11-21 08:55:53 - [MESSAGE][FAILED] - Unable to call Test Case with id 'Test Cases/ECR/REF/ECR_Lite_ExpertService' (Root cause: Call Test Case 'Test Cases/ECR/REF/ECR_Lite_ExpertService' failed)]]></system-out>
         <system-err><![CDATA[2017-11-21 08:52:35 - [TEST_CASE][FAILED] - Test Cases/ECR/TC_ECR_Lite_ExpertService_AllApproval: Test Cases/ECR/TC_ECR_Lite_ExpertService_AllApproval FAILED because (of) Unable to wait for page load (Root cause: org.openqa.selenium.WebDriverException: chrome not reachable
  (Session info: chrome=62.0.3202.94)
  (Driver info: chromedriver=2.33.506120 (e3e53437346286c0bc2d2dc9aa4915ba81d9023f),platform=Windows NT 6.1.7601 SP1 x86_64) (WARNING: The server did not provide any stacktrace information)
Command duration or timeout: 0 milliseconds
Build info: version: '3.7.1', revision: '8a0099a', time: '2017-11-06T21:07:36.161Z'
System info: host: 'L22622WUS', ip: '10.2.176.79', os.name: 'Windows 7', os.arch: 'amd64', os.version: '6.1', java.version: '1.8.0_102'
Driver info: com.kms.katalon.selenium.driver.CChromeDriver
Capabilities {acceptSslCerts: true, applicationCacheEnabled: false, browserConnectionEnabled: false, browserName: chrome, chrome: {chromedriverVersion: 2.33.506120 (e3e53437346286..., userDataDir: C:\Users\nipin\AppData\Loca...}, cssSelectorsEnabled: true, databaseEnabled: false, handlesAlerts: true, hasTouchScreen: false, javascriptEnabled: true, locationContextEnabled: true, mobileEmulationEnabled: false, nativeEvents: true, networkConnectionEnabled: false, pageLoadStrategy: normal, platform: XP, platformName: XP, rotatable: false, setWindowRect: true, takesHeapSnapshot: true, takesScreenshot: true, unexpectedAlertBehaviour: , unhandledPromptBehavior: , version: 62.0.3202.94, webStorageEnabled: true}
Session ID: f0c7bddc06923f0a43aabf1d0f862dba)]]></system-err>
      </testcase>
      <system-out><![CDATA[2017-11-20 15:31:26 - [TEST_SUITE][FAILED] - ECR_Lite: Test Cases/ECR/TC_ECRLite_NoExpertService_AllApproval FAILED because (of) Unable to wait for object 'Object Repository/EngInfo/COID' to be visible (Root cause: org.openqa.selenium.StaleElementReferenceException: stale element reference: element is not attached to the page document
  (Session info: chrome=62.0.3202.94)
  (Driver info: chromedriver=2.33.506120 (e3e53437346286c0bc2d2dc9aa4915ba81d9023f),platform=Windows NT 6.1.7601 SP1 x86_64) (WARNING: The server did not provide any stacktrace information)
Command duration or timeout: 0 milliseconds
For documentation on this error, please visit: http://seleniumhq.org/exceptions/stale_element_reference.html
Build info: version: '3.7.1', revision: '8a0099a', time: '2017-11-06T21:07:36.161Z'
System info: host: 'L22622WUS', ip: '10.2.176.79', os.name: 'Windows 7', os.arch: 'amd64', os.version: '6.1', java.version: '1.8.0_102'
Driver info: com.kms.katalon.selenium.driver.CChromeDriver
Capabilities {acceptSslCerts: true, applicationCacheEnabled: false, browserConnectionEnabled: false, browserName: chrome, chrome: {chromedriverVersion: 2.33.506120 (e3e53437346286..., userDataDir: C:\Users\nipin\AppData\Loca...}, cssSelectorsEnabled: true, databaseEnabled: false, handlesAlerts: true, hasTouchScreen: false, javascriptEnabled: true, locationContextEnabled: true, mobileEmulationEnabled: false, nativeEvents: true, networkConnectionEnabled: false, pageLoadStrategy: normal, platform: XP, platformName: XP, rotatable: false, setWindowRect: true, takesHeapSnapshot: true, takesScreenshot: true, unexpectedAlertBehaviour: , unhandledPromptBehavior: , version: 62.0.3202.94, webStorageEnabled: true}
Session ID: 7743d44c8a769261aec901e10630d7c9)]]></system-out>
      <system-err><![CDATA[2017-11-20 15:31:26 - [TEST_SUITE][FAILED] - ECR_Lite: Test Cases/ECR/TC_ECRLite_NoExpertService_AllApproval FAILED because (of) Unable to wait for object 'Object Repository/EngInfo/COID' to be visible (Root cause: org.openqa.selenium.StaleElementReferenceException: stale element reference: element is not attached to the page document
  (Session info: chrome=62.0.3202.94)
  (Driver info: chromedriver=2.33.506120 (e3e53437346286c0bc2d2dc9aa4915ba81d9023f),platform=Windows NT 6.1.7601 SP1 x86_64) (WARNING: The server did not provide any stacktrace information)
Command duration or timeout: 0 milliseconds
For documentation on this error, please visit: http://seleniumhq.org/exceptions/stale_element_reference.html
Build info: version: '3.7.1', revision: '8a0099a', time: '2017-11-06T21:07:36.161Z'
System info: host: 'L22622WUS', ip: '10.2.176.79', os.name: 'Windows 7', os.arch: 'amd64', os.version: '6.1', java.version: '1.8.0_102'
Driver info: com.kms.katalon.selenium.driver.CChromeDriver
Capabilities {acceptSslCerts: true, applicationCacheEnabled: false, browserConnectionEnabled: false, browserName: chrome, chrome: {chromedriverVersion: 2.33.506120 (e3e53437346286..., userDataDir: C:\Users\nipin\AppData\Loca...}, cssSelectorsEnabled: true, databaseEnabled: false, handlesAlerts: true, hasTouchScreen: false, javascriptEnabled: true, locationContextEnabled: true, mobileEmulationEnabled: false, nativeEvents: true, networkConnectionEnabled: false, pageLoadStrategy: normal, platform: XP, platformName: XP, rotatable: false, setWindowRect: true, takesHeapSnapshot: true, takesScreenshot: true, unexpectedAlertBehaviour: , unhandledPromptBehavior: , version: 62.0.3202.94, webStorageEnabled: true}
Session ID: 7743d44c8a769261aec901e10630d7c9)]]></system-err>
   </testsuite>
</testsuites>
