<?xml version="1.0" encoding="UTF-8"?>
<testsuites name="ECR Emrgency Change" time="631" tests="1" failures="3" errors="1">
   <testsuite name="ECR Emrgency Change" tests="1" failures="3" errors="1" time="631" timestamp="2017-11-15 14:32:38" hostname="nipin - L22622WUS.rpega.com" id="Test Suites/ECR Emrgency Change">
      <properties>
         <property name="deviceName" value=""/>
         <property name="devicePlatform" value=""/>
         <property name="logFolder" value="C:\\Users\\nipin\\Katalon Studio\\COE\\Reports\\ECR Emrgency Change\\20171115_143234"/>
         <property name="logFiles" value="C:\\Users\\nipin\\Katalon Studio\\COE\\Reports\\ECR Emrgency Change\\20171115_143234\\execution0.log"/>
         <property name="attachments" value="C:\\Users\\nipin\\Katalon Studio\\COE\\Reports\\ECR Emrgency Change\\20171115_143234\\1510774808842.png, C:\\Users\\nipin\\Katalon Studio\\COE\\Reports\\ECR Emrgency Change\\20171115_143234\\1510774985696.png"/>
         <property name="hostName" value="nipin - L22622WUS.rpega.com"/>
         <property name="os" value="Windows 7 64bit"/>
         <property name="katalonVersion" value="5.1.0.1"/>
         <property name="browser" value="Chrome 62.0.3202.89"/>
         <property name="hostAddress" value="10.2.176.77"/>
         <property name="sessionId" value="d8bff096e068c0cf6bc27a1628d739e6"/>
         <property name="seleniumVersion" value="3.7.1"/>
         <property name="proxyInformation" value="ProxyInformation{proxyOption=NO_PROXY, proxyServerType=HTTP, password=, proxyServerAddress=, proxyServerPort=0}"/>
         <property name="platform" value="Windows 7"/>
      </properties>
      <testcase name="Test Cases/ECR/REF/ECR_Lite_ExpertService" classname="Test Cases/ECR/REF/ECR_Lite_ExpertService" status="PASSED">
         <system-out><![CDATA[2017-11-15 14:32:38 - [TEST_CASE][PASSED] - Test Cases/ECR/REF/ECR_Lite_ExpertService: Test Cases/ECR/REF/ECR_Lite_ExpertService

2017-11-15 14:32:39 - [TEST_STEP][PASSED] - com.helper.commonfunct.utilities.login: com.helper.commonfunct.utilities.login is PASSED

2017-11-15 14:32:44 - [MESSAGE][PASSED] - Browser is opened with url: ''

2017-11-15 14:32:46 - [MESSAGE][PASSED] - Navigate to 'https://vtcpclone.rpega.com:9630/tcpclone/PRServlet' successfully

2017-11-15 14:32:46 - [MESSAGE][PASSED] - Text 'pogoa@pegasystems.com' is set on object 'Object Repository/input_UserIdentifier'

2017-11-15 14:32:47 - [MESSAGE][PASSED] - Text 'install' is set on object 'Object Repository/input_Password'

2017-11-15 14:32:53 - [MESSAGE][PASSED] - Keys 'ENTER + ' sent to object: 'Object Repository/input_Password'

2017-11-15 14:32:53 - [MESSAGE][PASSED] - com.helper.commonfunct.utilities.login is PASSED

2017-11-15 14:32:53 - [TEST_STEP][PASSED] - com.helper.commonfunct.utilities.createECR: com.helper.commonfunct.utilities.createECR is PASSED

2017-11-15 14:32:53 - [MESSAGE][PASSED] - Object: 'Object Repository/Generic/a_Actions' is clicked on

2017-11-15 14:32:54 - [MESSAGE][PASSED] - Object: 'Object Repository/span_New' is focused

2017-11-15 14:32:55 - [MESSAGE][PASSED] - Object: 'Object Repository/span_Bid Process' is clicked on

2017-11-15 14:32:56 - [MESSAGE][PASSED] - Object: 'Object Repository/ECR/BID_TYPE' is clicked on

2017-11-15 14:32:56 - [MESSAGE][PASSED] - Object 'Object Repository/button_Import' is present

2017-11-15 14:33:01 - [MESSAGE][PASSED] - Delayed 5 second(s)

2017-11-15 14:33:02 - [MESSAGE][PASSED] - Object: 'Object Repository/button_Import' is clicked on

2017-11-15 14:33:03 - [MESSAGE][PASSED] - File 'C:\Users\nipin\Desktop\Latest BSW\ECR_LITE_EXPSVC.xlsm' sent to object: 'Object Repository/input_PpyWorkPageppyFilePath'

2017-11-15 14:33:08 - [MESSAGE][PASSED] - Delayed 5 second(s)

2017-11-15 14:33:08 - [MESSAGE][WARNING] - Timeout '0' is invalid. Using default page load timeout: '30'

2017-11-15 14:33:08 - [MESSAGE][PASSED] - Scroll to object 'Object Repository/button_Submit' successfully

2017-11-15 14:33:09 - [MESSAGE][PASSED] - Object: 'Object Repository/button_Submit' is clicked on

2017-11-15 14:33:09 - [MESSAGE][PASSED] - Object 'Object Repository/EngInfo/COID' is visible

2017-11-15 14:33:14 - [MESSAGE][PASSED] - Delayed 5 second(s)

2017-11-15 14:33:19 - [MESSAGE][PASSED] - Delayed 5 second(s)

2017-11-15 14:33:20 - [MESSAGE][PASSED] - Text 'BOFA' is set on object 'Object Repository/Generic/ORG'

2017-11-15 14:33:25 - [MESSAGE][PASSED] - Delayed 5 second(s)

2017-11-15 14:33:25 - [MESSAGE][PASSED] - Keys 'TAB + ' sent to object: 'Object Repository/Generic/ORG'

2017-11-15 14:33:30 - [MESSAGE][PASSED] - Delayed 5 second(s)

2017-11-15 14:33:30 - [MESSAGE][PASSED] - Text 'BOFA' is set on object 'Object Repository/Generic/ACC'

2017-11-15 14:33:35 - [MESSAGE][PASSED] - Delayed 5 second(s)

2017-11-15 14:33:36 - [MESSAGE][PASSED] - Keys 'TAB + ' sent to object: 'Object Repository/Generic/ACC'

2017-11-15 14:33:41 - [MESSAGE][PASSED] - Delayed 5 second(s)

2017-11-15 14:33:42 - [MESSAGE][PASSED] - Text 'AUTOTEST1' is set on object 'Object Repository/Generic/ENG_DESC'

2017-11-15 14:33:47 - [MESSAGE][PASSED] - Delayed 5 second(s)

2017-11-15 14:33:47 - [MESSAGE][WARNING] - Timeout '0' is invalid. Using default page load timeout: '30'

2017-11-15 14:33:47 - [MESSAGE][PASSED] - Scroll to object 'Object Repository/Generic/SUBMIT' successfully

2017-11-15 14:33:47 - [MESSAGE][PASSED] - Object: 'Object Repository/Generic/SUBMIT' is clicked on

2017-11-15 14:33:52 - [MESSAGE][PASSED] - Delayed 5 second(s)

2017-11-15 14:33:53 - [MESSAGE][PASSED] - Text 'CO-12' is set on object 'Object Repository/EngInfo/COID'

2017-11-15 14:34:00 - [MESSAGE][PASSED] - Delayed 7 second(s)

2017-11-15 14:34:00 - [MESSAGE][PASSED] - Wait for page load successfully

2017-11-15 14:34:00 - [MESSAGE][PASSED] - Object: 'Object Repository/Generic/gapDrivenMethodology' is clicked on

2017-11-15 14:34:05 - [MESSAGE][PASSED] - Delayed 5 second(s)

2017-11-15 14:34:06 - [MESSAGE][PASSED] - Object: 'Object Repository/Generic/RapidDelivery' is clicked on

2017-11-15 14:34:11 - [MESSAGE][PASSED] - Delayed 5 second(s)

2017-11-15 14:34:11 - [MESSAGE][PASSED] - Object: 'Object Repository/Generic/MorethanOneRLS' is clicked on

2017-11-15 14:34:16 - [MESSAGE][PASSED] - Delayed 5 second(s)

2017-11-15 14:34:16 - [MESSAGE][PASSED] - Text '85000' is set on object 'Object Repository/ECR/Licence'

2017-11-15 14:34:21 - [MESSAGE][PASSED] - Delayed 5 second(s)

2017-11-15 14:34:22 - [MESSAGE][PASSED] - Object 'Object Repository/Generic/platform' is visible

2017-11-15 14:34:27 - [MESSAGE][PASSED] - Delayed 5 second(s)

2017-11-15 14:34:27 - [MESSAGE][PASSED] - Keys 'AMPchroma' sent to object: 'Object Repository/Generic/PlatformID'

2017-11-15 14:34:32 - [MESSAGE][PASSED] - Delayed 5 second(s)

2017-11-15 14:34:32 - [MESSAGE][PASSED] - Keys 'N/A' sent to object: 'Object Repository/Generic/PlatformVersion'

2017-11-15 14:34:37 - [MESSAGE][PASSED] - Delayed 5 second(s)

2017-11-15 14:34:38 - [MESSAGE][PASSED] - Object: 'Object Repository/Generic/PlatformTrue' is clicked on

2017-11-15 14:34:43 - [MESSAGE][PASSED] - Delayed 5 second(s)

2017-11-15 14:34:48 - [MESSAGE][PASSED] - Delayed 5 second(s)

2017-11-15 14:34:48 - [MESSAGE][PASSED] - Keys 'Jeff Henderson ' sent to object: 'Object Repository/EngInfo/PL'

2017-11-15 14:34:53 - [MESSAGE][PASSED] - Delayed 5 second(s)

2017-11-15 14:34:54 - [MESSAGE][PASSED] - Object: 'Object Repository/EngInfo/PLTL' is clicked on

2017-11-15 14:34:59 - [MESSAGE][PASSED] - Delayed 5 second(s)

2017-11-15 14:34:59 - [MESSAGE][PASSED] - Keys 'Robert Higgins' sent to object: 'Object Repository/EngInfo/PLTL'

2017-11-15 14:35:04 - [MESSAGE][PASSED] - Delayed 5 second(s)

2017-11-15 14:35:04 - [MESSAGE][PASSED] - Object: 'Object Repository/EngInfo/RL' is clicked on

2017-11-15 14:35:09 - [MESSAGE][PASSED] - Delayed 5 second(s)

2017-11-15 14:35:10 - [MESSAGE][PASSED] - Keys 'Eric Panepinto' sent to object: 'Object Repository/EngInfo/RL'

2017-11-15 14:35:15 - [MESSAGE][PASSED] - Delayed 5 second(s)

2017-11-15 14:35:15 - [MESSAGE][PASSED] - Object: 'Object Repository/EngInfo/RD' is clicked on

2017-11-15 14:35:20 - [MESSAGE][PASSED] - Delayed 5 second(s)

2017-11-15 14:35:20 - [MESSAGE][PASSED] - Keys 'Robert Lang' sent to object: 'Object Repository/EngInfo/RD'

2017-11-15 14:35:25 - [MESSAGE][PASSED] - Delayed 5 second(s)

2017-11-15 14:35:25 - [MESSAGE][PASSED] - Scroll to object 'Object Repository/NEXT_BUTTON' successfully

2017-11-15 14:35:26 - [MESSAGE][PASSED] - Object: 'Object Repository/NEXT_BUTTON' is clicked on

2017-11-15 14:35:33 - [MESSAGE][PASSED] - Delayed 7 second(s)

2017-11-15 14:35:33 - [MESSAGE][PASSED] - Scroll to object 'Object Repository/NEXT_BUTTON' successfully

2017-11-15 14:35:33 - [MESSAGE][PASSED] - Object: 'Object Repository/NEXT_BUTTON' is clicked on

2017-11-15 14:35:40 - [MESSAGE][PASSED] - Delayed 7 second(s)

2017-11-15 14:35:40 - [MESSAGE][PASSED] - Wait for page load successfully

2017-11-15 14:35:40 - [MESSAGE][PASSED] - Scroll to object 'Object Repository/Generic/FINISH_BUTTON' successfully

2017-11-15 14:35:40 - [MESSAGE][PASSED] - Object: 'Object Repository/Generic/FINISH_BUTTON' is clicked on

2017-11-15 14:35:45 - [MESSAGE][PASSED] - Delayed 5 second(s)

2017-11-15 14:35:46 - [MESSAGE][PASSED] - Text of object 'Object Repository/WO' is: 'ECR-15Nov2017-27'

2017-11-15 14:35:46 - [MESSAGE][PASSED] - Text of object 'Object Repository/ECR/WOSTATUS' is: 'Pending-RDApproval'

2017-11-15 14:35:46 - [MESSAGE][PASSED] - com.helper.commonfunct.utilities.createECR is PASSED]]></system-out>
         <system-err><![CDATA[]]></system-err>
      </testcase>
      <testcase name="Test Cases/ECR/REF/ECR_Lite_NoExpertService" classname="Test Cases/ECR/REF/ECR_Lite_NoExpertService" status="FAILED">
         <failure type="FAILED" message="Unable to set text 'CO-12' of object 'Object Repository/EngInfo/COID' (Root cause: org.openqa.selenium.UnhandledAlertException: unexpected alert open: {Alert text : Please correct flagged fields before submitting the form!}
  (Session info: chrome=62.0.3202.89)
  (Driver info: chromedriver=2.33.506120 (e3e53437346286c0bc2d2dc9aa4915ba81d9023f),platform=Windows NT 6.1.7601 SP1 x86_64) (WARNING: The server did not provide any stacktrace information)
Command duration or timeout: 0 milliseconds: null
Build info: version: '3.7.1', revision: '8a0099a', time: '2017-11-06T21:07:36.161Z'
System info: host: 'L22622WUS', ip: '10.2.176.77', os.name: 'Windows 7', os.arch: 'amd64', os.version: '6.1', java.version: '1.8.0_102'
Driver info: com.kms.katalon.selenium.driver.CChromeDriver
Capabilities {acceptSslCerts: true, applicationCacheEnabled: false, browserConnectionEnabled: false, browserName: chrome, chrome: {chromedriverVersion: 2.33.506120 (e3e53437346286..., userDataDir: C:\Users\nipin\AppData\Loca...}, cssSelectorsEnabled: true, databaseEnabled: false, handlesAlerts: true, hasTouchScreen: false, javascriptEnabled: true, locationContextEnabled: true, mobileEmulationEnabled: false, nativeEvents: true, networkConnectionEnabled: false, pageLoadStrategy: normal, platform: XP, platformName: XP, rotatable: false, setWindowRect: true, takesHeapSnapshot: true, takesScreenshot: true, unexpectedAlertBehaviour: , unhandledPromptBehavior: , version: 62.0.3202.89, webStorageEnabled: true}
Session ID: f16d9d5e4b425926bd14930536d117e4
*** Element info: {Using=xpath, value=//input[count(. | //*[@name = '$PpyWorkPage$pCoID']) = count(//*[@name = '$PpyWorkPage$pCoID'])][count(. | //*[@id = 'CoID']) = count(//*[@id = 'CoID'])][count(. | //*[@type = 'text']) = count(//*[@type = 'text'])]})"/>
         <system-out><![CDATA[2017-11-15 14:35:46 - [TEST_CASE][FAILED] - Test Cases/ECR/REF/ECR_Lite_NoExpertService: Test Cases/ECR/REF/ECR_Lite_NoExpertService FAILED because (of) Unable to set text 'CO-12' of object 'Object Repository/EngInfo/COID' (Root cause: org.openqa.selenium.UnhandledAlertException: unexpected alert open: {Alert text : Please correct flagged fields before submitting the form!}
  (Session info: chrome=62.0.3202.89)
  (Driver info: chromedriver=2.33.506120 (e3e53437346286c0bc2d2dc9aa4915ba81d9023f),platform=Windows NT 6.1.7601 SP1 x86_64) (WARNING: The server did not provide any stacktrace information)
Command duration or timeout: 0 milliseconds: null
Build info: version: '3.7.1', revision: '8a0099a', time: '2017-11-06T21:07:36.161Z'
System info: host: 'L22622WUS', ip: '10.2.176.77', os.name: 'Windows 7', os.arch: 'amd64', os.version: '6.1', java.version: '1.8.0_102'
Driver info: com.kms.katalon.selenium.driver.CChromeDriver
Capabilities {acceptSslCerts: true, applicationCacheEnabled: false, browserConnectionEnabled: false, browserName: chrome, chrome: {chromedriverVersion: 2.33.506120 (e3e53437346286..., userDataDir: C:\Users\nipin\AppData\Loca...}, cssSelectorsEnabled: true, databaseEnabled: false, handlesAlerts: true, hasTouchScreen: false, javascriptEnabled: true, locationContextEnabled: true, mobileEmulationEnabled: false, nativeEvents: true, networkConnectionEnabled: false, pageLoadStrategy: normal, platform: XP, platformName: XP, rotatable: false, setWindowRect: true, takesHeapSnapshot: true, takesScreenshot: true, unexpectedAlertBehaviour: , unhandledPromptBehavior: , version: 62.0.3202.89, webStorageEnabled: true}
Session ID: f16d9d5e4b425926bd14930536d117e4
*** Element info: {Using=xpath, value=//input[count(. | //*[@name = '$PpyWorkPage$pCoID']) = count(//*[@name = '$PpyWorkPage$pCoID'])][count(. | //*[@id = 'CoID']) = count(//*[@id = 'CoID'])][count(. | //*[@type = 'text']) = count(//*[@type = 'text'])]})

2017-11-15 14:35:46 - [TEST_STEP][PASSED] - com.helper.commonfunct.utilities.login: com.helper.commonfunct.utilities.login is PASSED

2017-11-15 14:35:46 - [MESSAGE][WARNING] - A browser is already opened. Closing browser and opening a new one

2017-11-15 14:35:50 - [MESSAGE][PASSED] - Browser is opened with url: ''

2017-11-15 14:35:51 - [MESSAGE][PASSED] - Navigate to 'https://vtcpclone.rpega.com:9630/tcpclone/PRServlet' successfully

2017-11-15 14:35:52 - [MESSAGE][PASSED] - Text 'pogoa@pegasystems.com' is set on object 'Object Repository/input_UserIdentifier'

2017-11-15 14:35:52 - [MESSAGE][PASSED] - Text 'install' is set on object 'Object Repository/input_Password'

2017-11-15 14:35:56 - [MESSAGE][PASSED] - Keys 'ENTER + ' sent to object: 'Object Repository/input_Password'

2017-11-15 14:35:56 - [MESSAGE][PASSED] - com.helper.commonfunct.utilities.login is PASSED

2017-11-15 14:35:56 - [TEST_STEP][FAILED] - com.helper.commonfunct.utilities.createECR: Unable to set text 'CO-12' of object 'Object Repository/EngInfo/COID' (Root cause: org.openqa.selenium.UnhandledAlertException: unexpected alert open: {Alert text : Please correct flagged fields before submitting the form!}
  (Session info: chrome=62.0.3202.89)
  (Driver info: chromedriver=2.33.506120 (e3e53437346286c0bc2d2dc9aa4915ba81d9023f),platform=Windows NT 6.1.7601 SP1 x86_64) (WARNING: The server did not provide any stacktrace information)
Command duration or timeout: 0 milliseconds: null
Build info: version: '3.7.1', revision: '8a0099a', time: '2017-11-06T21:07:36.161Z'
System info: host: 'L22622WUS', ip: '10.2.176.77', os.name: 'Windows 7', os.arch: 'amd64', os.version: '6.1', java.version: '1.8.0_102'
Driver info: com.kms.katalon.selenium.driver.CChromeDriver
Capabilities {acceptSslCerts: true, applicationCacheEnabled: false, browserConnectionEnabled: false, browserName: chrome, chrome: {chromedriverVersion: 2.33.506120 (e3e53437346286..., userDataDir: C:\Users\nipin\AppData\Loca...}, cssSelectorsEnabled: true, databaseEnabled: false, handlesAlerts: true, hasTouchScreen: false, javascriptEnabled: true, locationContextEnabled: true, mobileEmulationEnabled: false, nativeEvents: true, networkConnectionEnabled: false, pageLoadStrategy: normal, platform: XP, platformName: XP, rotatable: false, setWindowRect: true, takesHeapSnapshot: true, takesScreenshot: true, unexpectedAlertBehaviour: , unhandledPromptBehavior: , version: 62.0.3202.89, webStorageEnabled: true}
Session ID: f16d9d5e4b425926bd14930536d117e4
*** Element info: {Using=xpath, value=//input[count(. | //*[@name = '$PpyWorkPage$pCoID']) = count(//*[@name = '$PpyWorkPage$pCoID'])][count(. | //*[@id = 'CoID']) = count(//*[@id = 'CoID'])][count(. | //*[@type = 'text']) = count(//*[@type = 'text'])]})

2017-11-15 14:35:57 - [MESSAGE][PASSED] - Object: 'Object Repository/Generic/a_Actions' is clicked on

2017-11-15 14:35:58 - [MESSAGE][PASSED] - Object: 'Object Repository/span_New' is focused

2017-11-15 14:36:00 - [MESSAGE][PASSED] - Object: 'Object Repository/span_Bid Process' is clicked on

2017-11-15 14:36:00 - [MESSAGE][PASSED] - Object: 'Object Repository/ECR/BID_TYPE' is clicked on

2017-11-15 14:36:00 - [MESSAGE][PASSED] - Object 'Object Repository/button_Import' is present

2017-11-15 14:36:05 - [MESSAGE][PASSED] - Delayed 5 second(s)

2017-11-15 14:36:05 - [MESSAGE][PASSED] - Object: 'Object Repository/button_Import' is clicked on

2017-11-15 14:36:06 - [MESSAGE][PASSED] - File 'C:\LatestBSW\BSW OCT 2017_ECRLite.xlsm' sent to object: 'Object Repository/input_PpyWorkPageppyFilePath'

2017-11-15 14:36:11 - [MESSAGE][PASSED] - Delayed 5 second(s)

2017-11-15 14:36:11 - [MESSAGE][WARNING] - Timeout '0' is invalid. Using default page load timeout: '30'

2017-11-15 14:36:11 - [MESSAGE][PASSED] - Scroll to object 'Object Repository/button_Submit' successfully

2017-11-15 14:36:11 - [MESSAGE][PASSED] - Object: 'Object Repository/button_Submit' is clicked on

2017-11-15 14:36:11 - [MESSAGE][PASSED] - Object 'Object Repository/EngInfo/COID' is visible

2017-11-15 14:36:16 - [MESSAGE][PASSED] - Delayed 5 second(s)

2017-11-15 14:36:21 - [MESSAGE][PASSED] - Delayed 5 second(s)

2017-11-15 14:36:22 - [MESSAGE][PASSED] - Text 'BOFA' is set on object 'Object Repository/Generic/ORG'

2017-11-15 14:36:27 - [MESSAGE][PASSED] - Delayed 5 second(s)

2017-11-15 14:36:27 - [MESSAGE][PASSED] - Keys 'TAB + ' sent to object: 'Object Repository/Generic/ORG'

2017-11-15 14:36:32 - [MESSAGE][PASSED] - Delayed 5 second(s)

2017-11-15 14:36:32 - [MESSAGE][PASSED] - Text 'BOFA' is set on object 'Object Repository/Generic/ACC'

2017-11-15 14:36:37 - [MESSAGE][PASSED] - Delayed 5 second(s)

2017-11-15 14:36:37 - [MESSAGE][PASSED] - Keys 'TAB + ' sent to object: 'Object Repository/Generic/ACC'

2017-11-15 14:36:42 - [MESSAGE][PASSED] - Delayed 5 second(s)

2017-11-15 14:36:43 - [MESSAGE][PASSED] - Text 'AUTOTEST1' is set on object 'Object Repository/Generic/ENG_DESC'

2017-11-15 14:36:48 - [MESSAGE][PASSED] - Delayed 5 second(s)

2017-11-15 14:36:48 - [MESSAGE][WARNING] - Timeout '0' is invalid. Using default page load timeout: '30'

2017-11-15 14:36:48 - [MESSAGE][PASSED] - Scroll to object 'Object Repository/Generic/SUBMIT' successfully

2017-11-15 14:36:49 - [MESSAGE][PASSED] - Object: 'Object Repository/Generic/SUBMIT' is clicked on

2017-11-15 14:36:54 - [MESSAGE][PASSED] - Delayed 5 second(s)

2017-11-15 14:36:54 - [MESSAGE][WARNING] - Cannot take screenshot

2017-11-15 14:36:54 - [MESSAGE][FAILED] - Unable to set text 'CO-12' of object 'Object Repository/EngInfo/COID' (Root cause: org.openqa.selenium.UnhandledAlertException: unexpected alert open: {Alert text : Please correct flagged fields before submitting the form!}
  (Session info: chrome=62.0.3202.89)
  (Driver info: chromedriver=2.33.506120 (e3e53437346286c0bc2d2dc9aa4915ba81d9023f),platform=Windows NT 6.1.7601 SP1 x86_64) (WARNING: The server did not provide any stacktrace information)
Command duration or timeout: 0 milliseconds: null
Build info: version: '3.7.1', revision: '8a0099a', time: '2017-11-06T21:07:36.161Z'
System info: host: 'L22622WUS', ip: '10.2.176.77', os.name: 'Windows 7', os.arch: 'amd64', os.version: '6.1', java.version: '1.8.0_102'
Driver info: com.kms.katalon.selenium.driver.CChromeDriver
Capabilities {acceptSslCerts: true, applicationCacheEnabled: false, browserConnectionEnabled: false, browserName: chrome, chrome: {chromedriverVersion: 2.33.506120 (e3e53437346286..., userDataDir: C:\Users\nipin\AppData\Loca...}, cssSelectorsEnabled: true, databaseEnabled: false, handlesAlerts: true, hasTouchScreen: false, javascriptEnabled: true, locationContextEnabled: true, mobileEmulationEnabled: false, nativeEvents: true, networkConnectionEnabled: false, pageLoadStrategy: normal, platform: XP, platformName: XP, rotatable: false, setWindowRect: true, takesHeapSnapshot: true, takesScreenshot: true, unexpectedAlertBehaviour: , unhandledPromptBehavior: , version: 62.0.3202.89, webStorageEnabled: true}
Session ID: f16d9d5e4b425926bd14930536d117e4
*** Element info: {Using=xpath, value=//input[count(. | //*[@name = '$PpyWorkPage$pCoID']) = count(//*[@name = '$PpyWorkPage$pCoID'])][count(. | //*[@id = 'CoID']) = count(//*[@id = 'CoID'])][count(. | //*[@type = 'text']) = count(//*[@type = 'text'])]})

2017-11-15 14:36:54 - [MESSAGE][FAILED] - Unable to set text 'CO-12' of object 'Object Repository/EngInfo/COID' (Root cause: org.openqa.selenium.UnhandledAlertException: unexpected alert open: {Alert text : Please correct flagged fields before submitting the form!}
  (Session info: chrome=62.0.3202.89)
  (Driver info: chromedriver=2.33.506120 (e3e53437346286c0bc2d2dc9aa4915ba81d9023f),platform=Windows NT 6.1.7601 SP1 x86_64) (WARNING: The server did not provide any stacktrace information)
Command duration or timeout: 0 milliseconds: null
Build info: version: '3.7.1', revision: '8a0099a', time: '2017-11-06T21:07:36.161Z'
System info: host: 'L22622WUS', ip: '10.2.176.77', os.name: 'Windows 7', os.arch: 'amd64', os.version: '6.1', java.version: '1.8.0_102'
Driver info: com.kms.katalon.selenium.driver.CChromeDriver
Capabilities {acceptSslCerts: true, applicationCacheEnabled: false, browserConnectionEnabled: false, browserName: chrome, chrome: {chromedriverVersion: 2.33.506120 (e3e53437346286..., userDataDir: C:\Users\nipin\AppData\Loca...}, cssSelectorsEnabled: true, databaseEnabled: false, handlesAlerts: true, hasTouchScreen: false, javascriptEnabled: true, locationContextEnabled: true, mobileEmulationEnabled: false, nativeEvents: true, networkConnectionEnabled: false, pageLoadStrategy: normal, platform: XP, platformName: XP, rotatable: false, setWindowRect: true, takesHeapSnapshot: true, takesScreenshot: true, unexpectedAlertBehaviour: , unhandledPromptBehavior: , version: 62.0.3202.89, webStorageEnabled: true}
Session ID: f16d9d5e4b425926bd14930536d117e4
*** Element info: {Using=xpath, value=//input[count(. | //*[@name = '$PpyWorkPage$pCoID']) = count(//*[@name = '$PpyWorkPage$pCoID'])][count(. | //*[@id = 'CoID']) = count(//*[@id = 'CoID'])][count(. | //*[@type = 'text']) = count(//*[@type = 'text'])]})]]></system-out>
         <system-err><![CDATA[2017-11-15 14:35:46 - [TEST_CASE][FAILED] - Test Cases/ECR/REF/ECR_Lite_NoExpertService: Test Cases/ECR/REF/ECR_Lite_NoExpertService FAILED because (of) Unable to set text 'CO-12' of object 'Object Repository/EngInfo/COID' (Root cause: org.openqa.selenium.UnhandledAlertException: unexpected alert open: {Alert text : Please correct flagged fields before submitting the form!}
  (Session info: chrome=62.0.3202.89)
  (Driver info: chromedriver=2.33.506120 (e3e53437346286c0bc2d2dc9aa4915ba81d9023f),platform=Windows NT 6.1.7601 SP1 x86_64) (WARNING: The server did not provide any stacktrace information)
Command duration or timeout: 0 milliseconds: null
Build info: version: '3.7.1', revision: '8a0099a', time: '2017-11-06T21:07:36.161Z'
System info: host: 'L22622WUS', ip: '10.2.176.77', os.name: 'Windows 7', os.arch: 'amd64', os.version: '6.1', java.version: '1.8.0_102'
Driver info: com.kms.katalon.selenium.driver.CChromeDriver
Capabilities {acceptSslCerts: true, applicationCacheEnabled: false, browserConnectionEnabled: false, browserName: chrome, chrome: {chromedriverVersion: 2.33.506120 (e3e53437346286..., userDataDir: C:\Users\nipin\AppData\Loca...}, cssSelectorsEnabled: true, databaseEnabled: false, handlesAlerts: true, hasTouchScreen: false, javascriptEnabled: true, locationContextEnabled: true, mobileEmulationEnabled: false, nativeEvents: true, networkConnectionEnabled: false, pageLoadStrategy: normal, platform: XP, platformName: XP, rotatable: false, setWindowRect: true, takesHeapSnapshot: true, takesScreenshot: true, unexpectedAlertBehaviour: , unhandledPromptBehavior: , version: 62.0.3202.89, webStorageEnabled: true}
Session ID: f16d9d5e4b425926bd14930536d117e4
*** Element info: {Using=xpath, value=//input[count(. | //*[@name = '$PpyWorkPage$pCoID']) = count(//*[@name = '$PpyWorkPage$pCoID'])][count(. | //*[@id = 'CoID']) = count(//*[@id = 'CoID'])][count(. | //*[@type = 'text']) = count(//*[@type = 'text'])]})]]></system-err>
      </testcase>
      <testcase name="Test Cases/ECR/REF/ECR_Meeting_ExpertService" classname="Test Cases/ECR/REF/ECR_Meeting_ExpertService" status="FAILED">
         <failure type="FAILED" message="Unable to set text '12/6/2017 11:27 AM' of object 'Object Repository/EngInfo/MeetingDate' (Root cause: com.kms.katalon.core.webui.exception.WebElementNotFoundException: Web element with id: 'Object Repository/EngInfo/MeetingDate' located by 'By.xpath: //input[@data-test-id='2016091306023900821810550']' not found)"/>
         <system-out><![CDATA[2017-11-15 14:36:54 - [TEST_CASE][FAILED] - Test Cases/ECR/REF/ECR_Meeting_ExpertService: Test Cases/ECR/REF/ECR_Meeting_ExpertService FAILED because (of) Unable to set text '12/6/2017 11:27 AM' of object 'Object Repository/EngInfo/MeetingDate' (Root cause: com.kms.katalon.core.webui.exception.WebElementNotFoundException: Web element with id: 'Object Repository/EngInfo/MeetingDate' located by 'By.xpath: //input[@data-test-id='2016091306023900821810550']' not found)

2017-11-15 14:36:54 - [TEST_STEP][PASSED] - com.helper.commonfunct.utilities.login: com.helper.commonfunct.utilities.login is PASSED

2017-11-15 14:36:54 - [MESSAGE][WARNING] - A browser is already opened. Closing browser and opening a new one

2017-11-15 14:36:58 - [MESSAGE][PASSED] - Browser is opened with url: ''

2017-11-15 14:36:59 - [MESSAGE][PASSED] - Navigate to 'https://vtcpclone.rpega.com:9630/tcpclone/PRServlet' successfully

2017-11-15 14:37:00 - [MESSAGE][PASSED] - Text 'pogoa@pegasystems.com' is set on object 'Object Repository/input_UserIdentifier'

2017-11-15 14:37:00 - [MESSAGE][PASSED] - Text 'install' is set on object 'Object Repository/input_Password'

2017-11-15 14:37:06 - [MESSAGE][PASSED] - Keys 'ENTER + ' sent to object: 'Object Repository/input_Password'

2017-11-15 14:37:06 - [MESSAGE][PASSED] - com.helper.commonfunct.utilities.login is PASSED

2017-11-15 14:37:06 - [TEST_STEP][PASSED] - Statement - Meeting = true: null

2017-11-15 14:37:06 - [TEST_STEP][FAILED] - com.helper.commonfunct.utilities.ECRMeeting: Unable to set text '12/6/2017 11:27 AM' of object 'Object Repository/EngInfo/MeetingDate' (Root cause: com.kms.katalon.core.webui.exception.WebElementNotFoundException: Web element with id: 'Object Repository/EngInfo/MeetingDate' located by 'By.xpath: //input[@data-test-id='2016091306023900821810550']' not found)

2017-11-15 14:37:06 - [MESSAGE][PASSED] - Object: 'Object Repository/Generic/a_Actions' is clicked on

2017-11-15 14:37:08 - [MESSAGE][PASSED] - Object: 'Object Repository/span_New' is focused

2017-11-15 14:37:10 - [MESSAGE][PASSED] - Object: 'Object Repository/span_Bid Process' is clicked on

2017-11-15 14:37:10 - [MESSAGE][PASSED] - Object: 'Object Repository/ECR/BID_TYPE' is clicked on

2017-11-15 14:37:10 - [MESSAGE][PASSED] - Object 'Object Repository/button_Import' is present

2017-11-15 14:37:15 - [MESSAGE][PASSED] - Delayed 5 second(s)

2017-11-15 14:37:16 - [MESSAGE][PASSED] - Object: 'Object Repository/button_Import' is clicked on

2017-11-15 14:37:16 - [MESSAGE][PASSED] - File 'C:\Users\nipin\Desktop\Latest BSW\ECR_EXPSVC.xlsm' sent to object: 'Object Repository/input_PpyWorkPageppyFilePath'

2017-11-15 14:37:21 - [MESSAGE][PASSED] - Delayed 5 second(s)

2017-11-15 14:37:21 - [MESSAGE][WARNING] - Timeout '0' is invalid. Using default page load timeout: '30'

2017-11-15 14:37:21 - [MESSAGE][PASSED] - Scroll to object 'Object Repository/button_Submit' successfully

2017-11-15 14:37:22 - [MESSAGE][PASSED] - Object: 'Object Repository/button_Submit' is clicked on

2017-11-15 14:37:22 - [MESSAGE][PASSED] - Object 'Object Repository/EngInfo/COID' is visible

2017-11-15 14:37:27 - [MESSAGE][PASSED] - Delayed 5 second(s)

2017-11-15 14:37:32 - [MESSAGE][PASSED] - Delayed 5 second(s)

2017-11-15 14:37:33 - [MESSAGE][PASSED] - Text 'BOFA' is set on object 'Object Repository/Generic/ORG'

2017-11-15 14:37:38 - [MESSAGE][PASSED] - Delayed 5 second(s)

2017-11-15 14:37:38 - [MESSAGE][PASSED] - Keys 'TAB + ' sent to object: 'Object Repository/Generic/ORG'

2017-11-15 14:37:43 - [MESSAGE][PASSED] - Delayed 5 second(s)

2017-11-15 14:37:43 - [MESSAGE][PASSED] - Text 'BOFA' is set on object 'Object Repository/Generic/ACC'

2017-11-15 14:37:43 - [MESSAGE][PASSED] - Keys 'TAB + ' sent to object: 'Object Repository/Generic/ACC'

2017-11-15 14:37:48 - [MESSAGE][PASSED] - Delayed 5 second(s)

2017-11-15 14:37:49 - [MESSAGE][PASSED] - Text 'AUTOTEST1' is set on object 'Object Repository/Generic/ENG_DESC'

2017-11-15 14:37:54 - [MESSAGE][PASSED] - Delayed 5 second(s)

2017-11-15 14:37:54 - [MESSAGE][PASSED] - Scroll to object 'Object Repository/Generic/SUBMIT' successfully

2017-11-15 14:37:59 - [MESSAGE][PASSED] - Object: 'Object Repository/Generic/SUBMIT' is clicked on

2017-11-15 14:37:59 - [MESSAGE][PASSED] - Wait for page load successfully

2017-11-15 14:38:04 - [MESSAGE][PASSED] - Delayed 5 second(s)

2017-11-15 14:38:05 - [MESSAGE][PASSED] - Text 'CO-123' is set on object 'Object Repository/EngInfo/COID'

2017-11-15 14:38:05 - [MESSAGE][PASSED] - Wait for page load successfully

2017-11-15 14:38:10 - [MESSAGE][PASSED] - Delayed 5 second(s)

2017-11-15 14:38:10 - [MESSAGE][PASSED] - Object: 'Object Repository/EngInfo/PL' is clicked on

2017-11-15 14:38:15 - [MESSAGE][PASSED] - Delayed 5 second(s)

2017-11-15 14:38:16 - [MESSAGE][PASSED] - Keys 'Jeff Henderson ' sent to object: 'Object Repository/EngInfo/PL'

2017-11-15 14:38:21 - [MESSAGE][PASSED] - Delayed 5 second(s)

2017-11-15 14:38:21 - [MESSAGE][PASSED] - Object: 'Object Repository/EngInfo/PLTL' is clicked on

2017-11-15 14:38:26 - [MESSAGE][PASSED] - Delayed 5 second(s)

2017-11-15 14:38:27 - [MESSAGE][PASSED] - Keys 'Robert Higgins' sent to object: 'Object Repository/EngInfo/PLTL'

2017-11-15 14:38:32 - [MESSAGE][PASSED] - Delayed 5 second(s)

2017-11-15 14:38:32 - [MESSAGE][PASSED] - Object: 'Object Repository/EngInfo/RL' is clicked on

2017-11-15 14:38:37 - [MESSAGE][PASSED] - Delayed 5 second(s)

2017-11-15 14:38:37 - [MESSAGE][PASSED] - Keys 'Eric Panepinto' sent to object: 'Object Repository/EngInfo/RL'

2017-11-15 14:38:42 - [MESSAGE][PASSED] - Delayed 5 second(s)

2017-11-15 14:38:43 - [MESSAGE][PASSED] - Object: 'Object Repository/EngInfo/RD' is clicked on

2017-11-15 14:38:48 - [MESSAGE][PASSED] - Delayed 5 second(s)

2017-11-15 14:38:49 - [MESSAGE][PASSED] - Keys 'Robert Lang' sent to object: 'Object Repository/EngInfo/RD'

2017-11-15 14:38:54 - [MESSAGE][PASSED] - Delayed 5 second(s)

2017-11-15 14:38:59 - [MESSAGE][PASSED] - Delayed 5 second(s)

2017-11-15 14:38:59 - [MESSAGE][PASSED] - Object: 'Object Repository/Generic/MorethanOneRLS' is clicked on

2017-11-15 14:39:04 - [MESSAGE][PASSED] - Delayed 5 second(s)

2017-11-15 14:39:04 - [MESSAGE][PASSED] - Object: 'Object Repository/Generic/RapidDelivery' is clicked on

2017-11-15 14:39:09 - [MESSAGE][PASSED] - Delayed 5 second(s)

2017-11-15 14:39:10 - [MESSAGE][PASSED] - Object: 'Object Repository/Generic/methodology' is clicked on

2017-11-15 14:39:15 - [MESSAGE][PASSED] - Delayed 5 second(s)

2017-11-15 14:39:16 - [MESSAGE][PASSED] - Text '85000' is set on object 'Object Repository/ECR/Licence'

2017-11-15 14:39:21 - [MESSAGE][PASSED] - Delayed 5 second(s)

2017-11-15 14:39:21 - [MESSAGE][PASSED] - Keys 'AMPchroma' sent to object: 'Object Repository/Generic/PlatformID'

2017-11-15 14:39:26 - [MESSAGE][PASSED] - Delayed 5 second(s)

2017-11-15 14:39:26 - [MESSAGE][PASSED] - Keys 'N/A' sent to object: 'Object Repository/Generic/PlatformVersion'

2017-11-15 14:39:31 - [MESSAGE][PASSED] - Delayed 5 second(s)

2017-11-15 14:39:32 - [MESSAGE][PASSED] - Object: 'Object Repository/Generic/PlatformTrue' is clicked on

2017-11-15 14:39:32 - [MESSAGE][PASSED] - Scroll to object 'Object Repository/NEXT_BUTTON' successfully

2017-11-15 14:39:32 - [MESSAGE][PASSED] - Object: 'Object Repository/NEXT_BUTTON' is clicked on

2017-11-15 14:39:37 - [MESSAGE][PASSED] - Delayed 5 second(s)

2017-11-15 14:40:09 - [MESSAGE][FAILED] - Unable to set text '12/6/2017 11:27 AM' of object 'Object Repository/EngInfo/MeetingDate' (Root cause: com.kms.katalon.core.webui.exception.WebElementNotFoundException: Web element with id: 'Object Repository/EngInfo/MeetingDate' located by 'By.xpath: //input[@data-test-id='2016091306023900821810550']' not found)
[[ATTACHMENT|C:\\Users\\nipin\\Katalon Studio\\COE\\Reports\\ECR Emrgency Change\\20171115_143234\\1510774808842.png]]

2017-11-15 14:40:09 - [MESSAGE][FAILED] - Unable to set text '12/6/2017 11:27 AM' of object 'Object Repository/EngInfo/MeetingDate' (Root cause: com.kms.katalon.core.webui.exception.WebElementNotFoundException: Web element with id: 'Object Repository/EngInfo/MeetingDate' located by 'By.xpath: //input[@data-test-id='2016091306023900821810550']' not found)]]></system-out>
         <system-err><![CDATA[2017-11-15 14:36:54 - [TEST_CASE][FAILED] - Test Cases/ECR/REF/ECR_Meeting_ExpertService: Test Cases/ECR/REF/ECR_Meeting_ExpertService FAILED because (of) Unable to set text '12/6/2017 11:27 AM' of object 'Object Repository/EngInfo/MeetingDate' (Root cause: com.kms.katalon.core.webui.exception.WebElementNotFoundException: Web element with id: 'Object Repository/EngInfo/MeetingDate' located by 'By.xpath: //input[@data-test-id='2016091306023900821810550']' not found)]]></system-err>
      </testcase>
      <testcase name="Test Cases/ECR/REF/ECR_Meeting_NoExpertService" classname="Test Cases/ECR/REF/ECR_Meeting_NoExpertService" status="FAILED">
         <failure type="FAILED" message="Unable to set text '' of object 'Object Repository/EngInfo/AE' (Root cause: org.openqa.selenium.StaleElementReferenceException: stale element reference: element is not attached to the page document
  (Session info: chrome=62.0.3202.89)
  (Driver info: chromedriver=2.33.506120 (e3e53437346286c0bc2d2dc9aa4915ba81d9023f),platform=Windows NT 6.1.7601 SP1 x86_64) (WARNING: The server did not provide any stacktrace information)
Command duration or timeout: 0 milliseconds
For documentation on this error, please visit: http://seleniumhq.org/exceptions/stale_element_reference.html
Build info: version: '3.7.1', revision: '8a0099a', time: '2017-11-06T21:07:36.161Z'
System info: host: 'L22622WUS', ip: '10.2.176.77', os.name: 'Windows 7', os.arch: 'amd64', os.version: '6.1', java.version: '1.8.0_102'
Driver info: com.kms.katalon.selenium.driver.CChromeDriver
Capabilities {acceptSslCerts: true, applicationCacheEnabled: false, browserConnectionEnabled: false, browserName: chrome, chrome: {chromedriverVersion: 2.33.506120 (e3e53437346286..., userDataDir: C:\Users\nipin\AppData\Loca...}, cssSelectorsEnabled: true, databaseEnabled: false, handlesAlerts: true, hasTouchScreen: false, javascriptEnabled: true, locationContextEnabled: true, mobileEmulationEnabled: false, nativeEvents: true, networkConnectionEnabled: false, pageLoadStrategy: normal, platform: XP, platformName: XP, rotatable: false, setWindowRect: true, takesHeapSnapshot: true, takesScreenshot: true, unexpectedAlertBehaviour: , unhandledPromptBehavior: , version: 62.0.3202.89, webStorageEnabled: true}
Session ID: d8bff096e068c0cf6bc27a1628d739e6)"/>
         <system-out><![CDATA[2017-11-15 14:40:09 - [TEST_CASE][FAILED] - Test Cases/ECR/REF/ECR_Meeting_NoExpertService: Test Cases/ECR/REF/ECR_Meeting_NoExpertService FAILED because (of) Unable to set text '' of object 'Object Repository/EngInfo/AE' (Root cause: org.openqa.selenium.StaleElementReferenceException: stale element reference: element is not attached to the page document
  (Session info: chrome=62.0.3202.89)
  (Driver info: chromedriver=2.33.506120 (e3e53437346286c0bc2d2dc9aa4915ba81d9023f),platform=Windows NT 6.1.7601 SP1 x86_64) (WARNING: The server did not provide any stacktrace information)
Command duration or timeout: 0 milliseconds
For documentation on this error, please visit: http://seleniumhq.org/exceptions/stale_element_reference.html
Build info: version: '3.7.1', revision: '8a0099a', time: '2017-11-06T21:07:36.161Z'
System info: host: 'L22622WUS', ip: '10.2.176.77', os.name: 'Windows 7', os.arch: 'amd64', os.version: '6.1', java.version: '1.8.0_102'
Driver info: com.kms.katalon.selenium.driver.CChromeDriver
Capabilities {acceptSslCerts: true, applicationCacheEnabled: false, browserConnectionEnabled: false, browserName: chrome, chrome: {chromedriverVersion: 2.33.506120 (e3e53437346286..., userDataDir: C:\Users\nipin\AppData\Loca...}, cssSelectorsEnabled: true, databaseEnabled: false, handlesAlerts: true, hasTouchScreen: false, javascriptEnabled: true, locationContextEnabled: true, mobileEmulationEnabled: false, nativeEvents: true, networkConnectionEnabled: false, pageLoadStrategy: normal, platform: XP, platformName: XP, rotatable: false, setWindowRect: true, takesHeapSnapshot: true, takesScreenshot: true, unexpectedAlertBehaviour: , unhandledPromptBehavior: , version: 62.0.3202.89, webStorageEnabled: true}
Session ID: d8bff096e068c0cf6bc27a1628d739e6)

2017-11-15 14:40:09 - [TEST_STEP][PASSED] - com.helper.commonfunct.utilities.login: com.helper.commonfunct.utilities.login is PASSED

2017-11-15 14:40:09 - [MESSAGE][WARNING] - A browser is already opened. Closing browser and opening a new one

2017-11-15 14:40:14 - [MESSAGE][PASSED] - Browser is opened with url: ''

2017-11-15 14:40:14 - [MESSAGE][PASSED] - Navigate to 'https://vtcpclone.rpega.com:9630/tcpclone/PRServlet' successfully

2017-11-15 14:40:15 - [MESSAGE][PASSED] - Text 'pogoa@pegasystems.com' is set on object 'Object Repository/input_UserIdentifier'

2017-11-15 14:40:16 - [MESSAGE][PASSED] - Text 'install' is set on object 'Object Repository/input_Password'

2017-11-15 14:40:20 - [MESSAGE][PASSED] - Keys 'ENTER + ' sent to object: 'Object Repository/input_Password'

2017-11-15 14:40:20 - [MESSAGE][PASSED] - com.helper.commonfunct.utilities.login is PASSED

2017-11-15 14:40:20 - [TEST_STEP][PASSED] - Statement - Meeting = true: null

2017-11-15 14:40:20 - [TEST_STEP][FAILED] - com.helper.commonfunct.utilities.ECRMeeting: Unable to set text '' of object 'Object Repository/EngInfo/AE' (Root cause: org.openqa.selenium.StaleElementReferenceException: stale element reference: element is not attached to the page document
  (Session info: chrome=62.0.3202.89)
  (Driver info: chromedriver=2.33.506120 (e3e53437346286c0bc2d2dc9aa4915ba81d9023f),platform=Windows NT 6.1.7601 SP1 x86_64) (WARNING: The server did not provide any stacktrace information)
Command duration or timeout: 0 milliseconds
For documentation on this error, please visit: http://seleniumhq.org/exceptions/stale_element_reference.html
Build info: version: '3.7.1', revision: '8a0099a', time: '2017-11-06T21:07:36.161Z'
System info: host: 'L22622WUS', ip: '10.2.176.77', os.name: 'Windows 7', os.arch: 'amd64', os.version: '6.1', java.version: '1.8.0_102'
Driver info: com.kms.katalon.selenium.driver.CChromeDriver
Capabilities {acceptSslCerts: true, applicationCacheEnabled: false, browserConnectionEnabled: false, browserName: chrome, chrome: {chromedriverVersion: 2.33.506120 (e3e53437346286..., userDataDir: C:\Users\nipin\AppData\Loca...}, cssSelectorsEnabled: true, databaseEnabled: false, handlesAlerts: true, hasTouchScreen: false, javascriptEnabled: true, locationContextEnabled: true, mobileEmulationEnabled: false, nativeEvents: true, networkConnectionEnabled: false, pageLoadStrategy: normal, platform: XP, platformName: XP, rotatable: false, setWindowRect: true, takesHeapSnapshot: true, takesScreenshot: true, unexpectedAlertBehaviour: , unhandledPromptBehavior: , version: 62.0.3202.89, webStorageEnabled: true}
Session ID: d8bff096e068c0cf6bc27a1628d739e6)

2017-11-15 14:40:21 - [MESSAGE][PASSED] - Object: 'Object Repository/Generic/a_Actions' is clicked on

2017-11-15 14:40:22 - [MESSAGE][PASSED] - Object: 'Object Repository/span_New' is focused

2017-11-15 14:40:25 - [MESSAGE][PASSED] - Object: 'Object Repository/span_Bid Process' is clicked on

2017-11-15 14:40:25 - [MESSAGE][PASSED] - Object: 'Object Repository/ECR/BID_TYPE' is clicked on

2017-11-15 14:40:25 - [MESSAGE][PASSED] - Object 'Object Repository/button_Import' is present

2017-11-15 14:40:30 - [MESSAGE][PASSED] - Delayed 5 second(s)

2017-11-15 14:40:30 - [MESSAGE][PASSED] - Object: 'Object Repository/button_Import' is clicked on

2017-11-15 14:40:31 - [MESSAGE][PASSED] - File 'C:\Users\nipin\Desktop\Latest BSW\ECR_WITH_MEETING.xlsm' sent to object: 'Object Repository/input_PpyWorkPageppyFilePath'

2017-11-15 14:40:36 - [MESSAGE][PASSED] - Delayed 5 second(s)

2017-11-15 14:40:36 - [MESSAGE][WARNING] - Timeout '0' is invalid. Using default page load timeout: '30'

2017-11-15 14:40:36 - [MESSAGE][PASSED] - Scroll to object 'Object Repository/button_Submit' successfully

2017-11-15 14:40:37 - [MESSAGE][PASSED] - Object: 'Object Repository/button_Submit' is clicked on

2017-11-15 14:40:38 - [MESSAGE][PASSED] - Object 'Object Repository/EngInfo/COID' is visible

2017-11-15 14:40:43 - [MESSAGE][PASSED] - Delayed 5 second(s)

2017-11-15 14:40:48 - [MESSAGE][PASSED] - Delayed 5 second(s)

2017-11-15 14:40:49 - [MESSAGE][PASSED] - Text 'BOFA' is set on object 'Object Repository/Generic/ORG'

2017-11-15 14:40:54 - [MESSAGE][PASSED] - Delayed 5 second(s)

2017-11-15 14:40:54 - [MESSAGE][PASSED] - Keys 'TAB + ' sent to object: 'Object Repository/Generic/ORG'

2017-11-15 14:40:59 - [MESSAGE][PASSED] - Delayed 5 second(s)

2017-11-15 14:40:59 - [MESSAGE][PASSED] - Text 'BOFA' is set on object 'Object Repository/Generic/ACC'

2017-11-15 14:41:00 - [MESSAGE][PASSED] - Keys 'TAB + ' sent to object: 'Object Repository/Generic/ACC'

2017-11-15 14:41:05 - [MESSAGE][PASSED] - Delayed 5 second(s)

2017-11-15 14:41:05 - [MESSAGE][PASSED] - Text 'AUTOTEST1' is set on object 'Object Repository/Generic/ENG_DESC'

2017-11-15 14:41:10 - [MESSAGE][PASSED] - Delayed 5 second(s)

2017-11-15 14:41:10 - [MESSAGE][PASSED] - Scroll to object 'Object Repository/Generic/SUBMIT' successfully

2017-11-15 14:41:10 - [MESSAGE][PASSED] - Object: 'Object Repository/Generic/SUBMIT' is clicked on

2017-11-15 14:41:15 - [MESSAGE][PASSED] - Wait for page load successfully

2017-11-15 14:41:20 - [MESSAGE][PASSED] - Delayed 5 second(s)

2017-11-15 14:41:22 - [MESSAGE][PASSED] - Text 'CO-123' is set on object 'Object Repository/EngInfo/COID'

2017-11-15 14:41:22 - [MESSAGE][PASSED] - Wait for page load successfully

2017-11-15 14:41:27 - [MESSAGE][PASSED] - Delayed 5 second(s)

2017-11-15 14:41:27 - [MESSAGE][PASSED] - Object: 'Object Repository/EngInfo/PL' is clicked on

2017-11-15 14:41:32 - [MESSAGE][PASSED] - Delayed 5 second(s)

2017-11-15 14:41:34 - [MESSAGE][PASSED] - Keys 'Jeff Henderson ' sent to object: 'Object Repository/EngInfo/PL'

2017-11-15 14:41:39 - [MESSAGE][PASSED] - Delayed 5 second(s)

2017-11-15 14:41:39 - [MESSAGE][PASSED] - Object: 'Object Repository/EngInfo/PLTL' is clicked on

2017-11-15 14:41:44 - [MESSAGE][PASSED] - Delayed 5 second(s)

2017-11-15 14:41:44 - [MESSAGE][PASSED] - Keys 'Robert Higgins' sent to object: 'Object Repository/EngInfo/PLTL'

2017-11-15 14:41:49 - [MESSAGE][PASSED] - Delayed 5 second(s)

2017-11-15 14:41:50 - [MESSAGE][PASSED] - Object: 'Object Repository/EngInfo/RL' is clicked on

2017-11-15 14:41:55 - [MESSAGE][PASSED] - Delayed 5 second(s)

2017-11-15 14:41:55 - [MESSAGE][PASSED] - Keys 'Eric Panepinto' sent to object: 'Object Repository/EngInfo/RL'

2017-11-15 14:42:00 - [MESSAGE][PASSED] - Delayed 5 second(s)

2017-11-15 14:42:00 - [MESSAGE][PASSED] - Object: 'Object Repository/EngInfo/RD' is clicked on

2017-11-15 14:42:05 - [MESSAGE][PASSED] - Delayed 5 second(s)

2017-11-15 14:42:06 - [MESSAGE][PASSED] - Keys 'Robert Lang' sent to object: 'Object Repository/EngInfo/RD'

2017-11-15 14:42:11 - [MESSAGE][PASSED] - Delayed 5 second(s)

2017-11-15 14:42:16 - [MESSAGE][PASSED] - Delayed 5 second(s)

2017-11-15 14:42:16 - [MESSAGE][PASSED] - Object: 'Object Repository/Generic/MorethanOneRLS' is clicked on

2017-11-15 14:42:21 - [MESSAGE][PASSED] - Delayed 5 second(s)

2017-11-15 14:42:21 - [MESSAGE][PASSED] - Object: 'Object Repository/Generic/RapidDelivery' is clicked on

2017-11-15 14:42:26 - [MESSAGE][PASSED] - Delayed 5 second(s)

2017-11-15 14:42:27 - [MESSAGE][PASSED] - Object: 'Object Repository/Generic/methodology' is clicked on

2017-11-15 14:42:32 - [MESSAGE][PASSED] - Delayed 5 second(s)

2017-11-15 14:42:32 - [MESSAGE][PASSED] - Text '85000' is set on object 'Object Repository/ECR/Licence'

2017-11-15 14:42:37 - [MESSAGE][PASSED] - Delayed 5 second(s)

2017-11-15 14:42:37 - [MESSAGE][PASSED] - Keys 'AMPchroma' sent to object: 'Object Repository/Generic/PlatformID'

2017-11-15 14:42:42 - [MESSAGE][PASSED] - Delayed 5 second(s)

2017-11-15 14:42:43 - [MESSAGE][PASSED] - Keys 'N/A' sent to object: 'Object Repository/Generic/PlatformVersion'

2017-11-15 14:42:48 - [MESSAGE][PASSED] - Delayed 5 second(s)

2017-11-15 14:42:48 - [MESSAGE][PASSED] - Object: 'Object Repository/Generic/PlatformTrue' is clicked on

2017-11-15 14:42:48 - [MESSAGE][PASSED] - Scroll to object 'Object Repository/NEXT_BUTTON' successfully

2017-11-15 14:42:49 - [MESSAGE][PASSED] - Object: 'Object Repository/NEXT_BUTTON' is clicked on

2017-11-15 14:42:54 - [MESSAGE][PASSED] - Delayed 5 second(s)

2017-11-15 14:42:55 - [MESSAGE][PASSED] - Text '12/6/2017 11:27 AM' is set on object 'Object Repository/EngInfo/MeetingDate'

2017-11-15 14:43:00 - [MESSAGE][PASSED] - Delayed 5 second(s)

2017-11-15 14:43:00 - [MESSAGE][PASSED] - Text 'TEsting' is set on object 'Object Repository/EngInfo/instruction'

2017-11-15 14:43:05 - [MESSAGE][PASSED] - Delayed 5 second(s)

2017-11-15 14:43:06 - [MESSAGE][FAILED] - Unable to set text '' of object 'Object Repository/EngInfo/AE' (Root cause: org.openqa.selenium.StaleElementReferenceException: stale element reference: element is not attached to the page document
  (Session info: chrome=62.0.3202.89)
  (Driver info: chromedriver=2.33.506120 (e3e53437346286c0bc2d2dc9aa4915ba81d9023f),platform=Windows NT 6.1.7601 SP1 x86_64) (WARNING: The server did not provide any stacktrace information)
Command duration or timeout: 0 milliseconds
For documentation on this error, please visit: http://seleniumhq.org/exceptions/stale_element_reference.html
Build info: version: '3.7.1', revision: '8a0099a', time: '2017-11-06T21:07:36.161Z'
System info: host: 'L22622WUS', ip: '10.2.176.77', os.name: 'Windows 7', os.arch: 'amd64', os.version: '6.1', java.version: '1.8.0_102'
Driver info: com.kms.katalon.selenium.driver.CChromeDriver
Capabilities {acceptSslCerts: true, applicationCacheEnabled: false, browserConnectionEnabled: false, browserName: chrome, chrome: {chromedriverVersion: 2.33.506120 (e3e53437346286..., userDataDir: C:\Users\nipin\AppData\Loca...}, cssSelectorsEnabled: true, databaseEnabled: false, handlesAlerts: true, hasTouchScreen: false, javascriptEnabled: true, locationContextEnabled: true, mobileEmulationEnabled: false, nativeEvents: true, networkConnectionEnabled: false, pageLoadStrategy: normal, platform: XP, platformName: XP, rotatable: false, setWindowRect: true, takesHeapSnapshot: true, takesScreenshot: true, unexpectedAlertBehaviour: , unhandledPromptBehavior: , version: 62.0.3202.89, webStorageEnabled: true}
Session ID: d8bff096e068c0cf6bc27a1628d739e6)
[[ATTACHMENT|C:\\Users\\nipin\\Katalon Studio\\COE\\Reports\\ECR Emrgency Change\\20171115_143234\\1510774985696.png]]

2017-11-15 14:43:06 - [MESSAGE][FAILED] - Unable to set text '' of object 'Object Repository/EngInfo/AE' (Root cause: org.openqa.selenium.StaleElementReferenceException: stale element reference: element is not attached to the page document
  (Session info: chrome=62.0.3202.89)
  (Driver info: chromedriver=2.33.506120 (e3e53437346286c0bc2d2dc9aa4915ba81d9023f),platform=Windows NT 6.1.7601 SP1 x86_64) (WARNING: The server did not provide any stacktrace information)
Command duration or timeout: 0 milliseconds
For documentation on this error, please visit: http://seleniumhq.org/exceptions/stale_element_reference.html
Build info: version: '3.7.1', revision: '8a0099a', time: '2017-11-06T21:07:36.161Z'
System info: host: 'L22622WUS', ip: '10.2.176.77', os.name: 'Windows 7', os.arch: 'amd64', os.version: '6.1', java.version: '1.8.0_102'
Driver info: com.kms.katalon.selenium.driver.CChromeDriver
Capabilities {acceptSslCerts: true, applicationCacheEnabled: false, browserConnectionEnabled: false, browserName: chrome, chrome: {chromedriverVersion: 2.33.506120 (e3e53437346286..., userDataDir: C:\Users\nipin\AppData\Loca...}, cssSelectorsEnabled: true, databaseEnabled: false, handlesAlerts: true, hasTouchScreen: false, javascriptEnabled: true, locationContextEnabled: true, mobileEmulationEnabled: false, nativeEvents: true, networkConnectionEnabled: false, pageLoadStrategy: normal, platform: XP, platformName: XP, rotatable: false, setWindowRect: true, takesHeapSnapshot: true, takesScreenshot: true, unexpectedAlertBehaviour: , unhandledPromptBehavior: , version: 62.0.3202.89, webStorageEnabled: true}
Session ID: d8bff096e068c0cf6bc27a1628d739e6)]]></system-out>
         <system-err><![CDATA[2017-11-15 14:40:09 - [TEST_CASE][FAILED] - Test Cases/ECR/REF/ECR_Meeting_NoExpertService: Test Cases/ECR/REF/ECR_Meeting_NoExpertService FAILED because (of) Unable to set text '' of object 'Object Repository/EngInfo/AE' (Root cause: org.openqa.selenium.StaleElementReferenceException: stale element reference: element is not attached to the page document
  (Session info: chrome=62.0.3202.89)
  (Driver info: chromedriver=2.33.506120 (e3e53437346286c0bc2d2dc9aa4915ba81d9023f),platform=Windows NT 6.1.7601 SP1 x86_64) (WARNING: The server did not provide any stacktrace information)
Command duration or timeout: 0 milliseconds
For documentation on this error, please visit: http://seleniumhq.org/exceptions/stale_element_reference.html
Build info: version: '3.7.1', revision: '8a0099a', time: '2017-11-06T21:07:36.161Z'
System info: host: 'L22622WUS', ip: '10.2.176.77', os.name: 'Windows 7', os.arch: 'amd64', os.version: '6.1', java.version: '1.8.0_102'
Driver info: com.kms.katalon.selenium.driver.CChromeDriver
Capabilities {acceptSslCerts: true, applicationCacheEnabled: false, browserConnectionEnabled: false, browserName: chrome, chrome: {chromedriverVersion: 2.33.506120 (e3e53437346286..., userDataDir: C:\Users\nipin\AppData\Loca...}, cssSelectorsEnabled: true, databaseEnabled: false, handlesAlerts: true, hasTouchScreen: false, javascriptEnabled: true, locationContextEnabled: true, mobileEmulationEnabled: false, nativeEvents: true, networkConnectionEnabled: false, pageLoadStrategy: normal, platform: XP, platformName: XP, rotatable: false, setWindowRect: true, takesHeapSnapshot: true, takesScreenshot: true, unexpectedAlertBehaviour: , unhandledPromptBehavior: , version: 62.0.3202.89, webStorageEnabled: true}
Session ID: d8bff096e068c0cf6bc27a1628d739e6)]]></system-err>
      </testcase>
      <testcase name="Test Cases/ECR/REF/ECR_NoRL_Approval" classname="Test Cases/ECR/REF/ECR_NoRL_Approval" status="ERROR">
         <error type="ERROR" message="Test Cases/ECR/REF/ECR_NoRL_Approval FAILED because (of) org.openqa.selenium.NoSuchSessionException: Session ID is null. Using WebDriver after calling quit()?
Build info: version: '3.7.1', revision: '8a0099a', time: '2017-11-06T21:07:36.161Z'
System info: host: 'L22622WUS', ip: '10.2.176.77', os.name: 'Windows 7', os.arch: 'amd64', os.version: '6.1', java.version: '1.8.0_102'
Driver info: driver.version: CChromeDriver"/>
         <system-out><![CDATA[2017-11-15 14:43:06 - [TEST_CASE][ERROR] - Test Cases/ECR/REF/ECR_NoRL_Approval: Test Cases/ECR/REF/ECR_NoRL_Approval FAILED because (of) org.openqa.selenium.NoSuchSessionException: Session ID is null. Using WebDriver after calling quit()?
Build info: version: '3.7.1', revision: '8a0099a', time: '2017-11-06T21:07:36.161Z'
System info: host: 'L22622WUS', ip: '10.2.176.77', os.name: 'Windows 7', os.arch: 'amd64', os.version: '6.1', java.version: '1.8.0_102'
Driver info: driver.version: CChromeDriver

2017-11-15 14:43:07 - [TEST_STEP][PASSED] - Statement - While (WOSTATUS.contains("Pending")): null

2017-11-15 14:43:07 - [TEST_STEP][PASSED] - Statement - For ([j = 0, j < AssignmentList.size(), (j++)]): null

2017-11-15 14:43:07 - [TEST_STEP][PASSED] - Statement - Status = text: null]]></system-out>
         <system-err><![CDATA[2017-11-15 14:43:06 - [TEST_CASE][ERROR] - Test Cases/ECR/REF/ECR_NoRL_Approval: Test Cases/ECR/REF/ECR_NoRL_Approval FAILED because (of) org.openqa.selenium.NoSuchSessionException: Session ID is null. Using WebDriver after calling quit()?
Build info: version: '3.7.1', revision: '8a0099a', time: '2017-11-06T21:07:36.161Z'
System info: host: 'L22622WUS', ip: '10.2.176.77', os.name: 'Windows 7', os.arch: 'amd64', os.version: '6.1', java.version: '1.8.0_102'
Driver info: driver.version: CChromeDriver]]></system-err>
      </testcase>
      <system-out><![CDATA[2017-11-15 14:32:38 - [TEST_SUITE][FAILED] - ECR Emrgency Change: Test Cases/ECR/REF/ECR_Lite_NoExpertService FAILED because (of) Unable to set text 'CO-12' of object 'Object Repository/EngInfo/COID' (Root cause: org.openqa.selenium.UnhandledAlertException: unexpected alert open: {Alert text : Please correct flagged fields before submitting the form!}
  (Session info: chrome=62.0.3202.89)
  (Driver info: chromedriver=2.33.506120 (e3e53437346286c0bc2d2dc9aa4915ba81d9023f),platform=Windows NT 6.1.7601 SP1 x86_64) (WARNING: The server did not provide any stacktrace information)
Command duration or timeout: 0 milliseconds: null
Build info: version: '3.7.1', revision: '8a0099a', time: '2017-11-06T21:07:36.161Z'
System info: host: 'L22622WUS', ip: '10.2.176.77', os.name: 'Windows 7', os.arch: 'amd64', os.version: '6.1', java.version: '1.8.0_102'
Driver info: com.kms.katalon.selenium.driver.CChromeDriver
Capabilities {acceptSslCerts: true, applicationCacheEnabled: false, browserConnectionEnabled: false, browserName: chrome, chrome: {chromedriverVersion: 2.33.506120 (e3e53437346286..., userDataDir: C:\Users\nipin\AppData\Loca...}, cssSelectorsEnabled: true, databaseEnabled: false, handlesAlerts: true, hasTouchScreen: false, javascriptEnabled: true, locationContextEnabled: true, mobileEmulationEnabled: false, nativeEvents: true, networkConnectionEnabled: false, pageLoadStrategy: normal, platform: XP, platformName: XP, rotatable: false, setWindowRect: true, takesHeapSnapshot: true, takesScreenshot: true, unexpectedAlertBehaviour: , unhandledPromptBehavior: , version: 62.0.3202.89, webStorageEnabled: true}
Session ID: f16d9d5e4b425926bd14930536d117e4
*** Element info: {Using=xpath, value=//input[count(. | //*[@name = '$PpyWorkPage$pCoID']) = count(//*[@name = '$PpyWorkPage$pCoID'])][count(. | //*[@id = 'CoID']) = count(//*[@id = 'CoID'])][count(. | //*[@type = 'text']) = count(//*[@type = 'text'])]})]]></system-out>
      <system-err><![CDATA[2017-11-15 14:32:38 - [TEST_SUITE][FAILED] - ECR Emrgency Change: Test Cases/ECR/REF/ECR_Lite_NoExpertService FAILED because (of) Unable to set text 'CO-12' of object 'Object Repository/EngInfo/COID' (Root cause: org.openqa.selenium.UnhandledAlertException: unexpected alert open: {Alert text : Please correct flagged fields before submitting the form!}
  (Session info: chrome=62.0.3202.89)
  (Driver info: chromedriver=2.33.506120 (e3e53437346286c0bc2d2dc9aa4915ba81d9023f),platform=Windows NT 6.1.7601 SP1 x86_64) (WARNING: The server did not provide any stacktrace information)
Command duration or timeout: 0 milliseconds: null
Build info: version: '3.7.1', revision: '8a0099a', time: '2017-11-06T21:07:36.161Z'
System info: host: 'L22622WUS', ip: '10.2.176.77', os.name: 'Windows 7', os.arch: 'amd64', os.version: '6.1', java.version: '1.8.0_102'
Driver info: com.kms.katalon.selenium.driver.CChromeDriver
Capabilities {acceptSslCerts: true, applicationCacheEnabled: false, browserConnectionEnabled: false, browserName: chrome, chrome: {chromedriverVersion: 2.33.506120 (e3e53437346286..., userDataDir: C:\Users\nipin\AppData\Loca...}, cssSelectorsEnabled: true, databaseEnabled: false, handlesAlerts: true, hasTouchScreen: false, javascriptEnabled: true, locationContextEnabled: true, mobileEmulationEnabled: false, nativeEvents: true, networkConnectionEnabled: false, pageLoadStrategy: normal, platform: XP, platformName: XP, rotatable: false, setWindowRect: true, takesHeapSnapshot: true, takesScreenshot: true, unexpectedAlertBehaviour: , unhandledPromptBehavior: , version: 62.0.3202.89, webStorageEnabled: true}
Session ID: f16d9d5e4b425926bd14930536d117e4
*** Element info: {Using=xpath, value=//input[count(. | //*[@name = '$PpyWorkPage$pCoID']) = count(//*[@name = '$PpyWorkPage$pCoID'])][count(. | //*[@id = 'CoID']) = count(//*[@id = 'CoID'])][count(. | //*[@type = 'text']) = count(//*[@type = 'text'])]})]]></system-err>
   </testsuite>
</testsuites>
