<?xml version="1.0" encoding="UTF-8"?>
<testsuites name="ECR_Lite" time="1949" tests="0" failures="4" errors="0">
   <testsuite name="ECR_Lite" tests="0" failures="4" errors="0" time="1949" timestamp="2017-11-28 10:37:45" hostname="nipin - L22622WUS.rpega.com" id="Test Suites/ECR_Lite">
      <properties>
         <property name="deviceName" value=""/>
         <property name="devicePlatform" value=""/>
         <property name="logFolder" value="C:\\Users\\nipin\\Katalon Studio\\COE\\Reports\\ECR_Lite\\20171128_103743"/>
         <property name="logFiles" value="C:\\Users\\nipin\\Katalon Studio\\COE\\Reports\\ECR_Lite\\20171128_103743\\execution0.log"/>
         <property name="attachments" value="C:\\Users\\nipin\\Katalon Studio\\COE\\Reports\\ECR_Lite\\20171128_103743\\1511883859733.png, C:\\Users\\nipin\\Katalon Studio\\COE\\Reports\\ECR_Lite\\20171128_103743\\1511884729287.png, C:\\Users\\nipin\\Katalon Studio\\COE\\Reports\\ECR_Lite\\20171128_103743\\1511885413834.png"/>
         <property name="hostName" value="nipin - L22622WUS.rpega.com"/>
         <property name="os" value="Windows 7 64bit"/>
         <property name="katalonVersion" value="5.1.0.1"/>
         <property name="browser" value="Chrome 62.0.3202.94"/>
         <property name="hostAddress" value="10.2.176.78"/>
         <property name="sessionId" value="4b1a4c90849dc4235874005a80b2ba0c"/>
         <property name="seleniumVersion" value="3.7.1"/>
         <property name="proxyInformation" value="ProxyInformation{proxyOption=NO_PROXY, proxyServerType=HTTP, password=, proxyServerAddress=, proxyServerPort=0}"/>
         <property name="platform" value="Windows 7"/>
      </properties>
      <testcase name="Test Cases/ECR/TC_ECRLite_NoExpertService_AllApproval" classname="Test Cases/ECR/TC_ECRLite_NoExpertService_AllApproval" status="FAILED">
         <failure type="FAILED" message="Unable to click on object 'Object Repository/Approve-Reject/contractlink' (Root cause: com.kms.katalon.core.webui.exception.WebElementNotFoundException: Web element with id: 'Object Repository/Approve-Reject/contractlink' located by 'By.xpath: //nobr//a[contains(.,'Create Contract')]' not found)"/>
         <system-out><![CDATA[2017-11-28 10:37:46 - [TEST_CASE][FAILED] - Test Cases/ECR/TC_ECRLite_NoExpertService_AllApproval: Test Cases/ECR/TC_ECRLite_NoExpertService_AllApproval FAILED because (of) Unable to click on object 'Object Repository/Approve-Reject/contractlink' (Root cause: com.kms.katalon.core.webui.exception.WebElementNotFoundException: Web element with id: 'Object Repository/Approve-Reject/contractlink' located by 'By.xpath: //nobr//a[contains(.,'Create Contract')]' not found)

2017-11-28 10:37:46 - [TEST_STEP][PASSED] - callTestCase: Call Test Case 'Test Cases/ECR/REF/ECR_Lite_NoExpertService' successfully

2017-11-28 10:37:46 - [TEST_CASE][PASSED] - Test Cases/ECR/REF/ECR_Lite_NoExpertService: Test Cases/ECR/REF/ECR_Lite_NoExpertService

2017-11-28 10:37:47 - [TEST_STEP][PASSED] - com.helper.commonfunct.utilities.login: com.helper.commonfunct.utilities.login is PASSED

2017-11-28 10:37:51 - [MESSAGE][PASSED] - Browser is opened with url: ''

2017-11-28 10:37:52 - [MESSAGE][PASSED] - Navigate to 'https://vtcpqa2.rpega.com:9030/tcpqa/PRServlet' successfully

2017-11-28 10:37:53 - [MESSAGE][PASSED] - Text 'pogoa@pegasystems.com' is set on object 'Object Repository/input_UserIdentifier'

2017-11-28 10:37:54 - [MESSAGE][PASSED] - Text 'install' is set on object 'Object Repository/input_Password'

2017-11-28 10:37:58 - [MESSAGE][PASSED] - Keys 'ENTER + ' sent to object: 'Object Repository/input_Password'

2017-11-28 10:37:58 - [MESSAGE][PASSED] - com.helper.commonfunct.utilities.login is PASSED

2017-11-28 10:37:58 - [TEST_STEP][PASSED] - com.helper.commonfunct.utilities.createECR: com.helper.commonfunct.utilities.createECR is PASSED

2017-11-28 10:37:58 - [MESSAGE][PASSED] - Object: 'Object Repository/Generic/a_Actions' is clicked on

2017-11-28 10:38:01 - [MESSAGE][PASSED] - Object: 'Object Repository/span_New' is focused

2017-11-28 10:38:03 - [MESSAGE][PASSED] - Object: 'Object Repository/span_Bid Process' is clicked on

2017-11-28 10:38:03 - [MESSAGE][PASSED] - Object: 'Object Repository/ECR/BID_TYPE' is clicked on

2017-11-28 10:38:03 - [MESSAGE][PASSED] - Object 'Object Repository/button_Import' is present

2017-11-28 10:38:08 - [MESSAGE][PASSED] - Delayed 5 second(s)

2017-11-28 10:38:08 - [MESSAGE][PASSED] - Object: 'Object Repository/button_Import' is clicked on

2017-11-28 10:38:09 - [MESSAGE][PASSED] - File 'C:\Users\nipin\Desktop\Latest BSW\Final\ECR_LITE_NOEXPSVC.xlsm' sent to object: 'Object Repository/input_PpyWorkPageppyFilePath'

2017-11-28 10:38:14 - [MESSAGE][PASSED] - Delayed 5 second(s)

2017-11-28 10:38:14 - [MESSAGE][WARNING] - Timeout '0' is invalid. Using default page load timeout: '30'

2017-11-28 10:38:14 - [MESSAGE][PASSED] - Scroll to object 'Object Repository/button_Submit' successfully

2017-11-28 10:38:15 - [MESSAGE][PASSED] - Object: 'Object Repository/button_Submit' is clicked on

2017-11-28 10:38:15 - [MESSAGE][PASSED] - Object 'Object Repository/EngInfo/COID' is visible

2017-11-28 10:38:20 - [MESSAGE][PASSED] - Delayed 5 second(s)

2017-11-28 10:38:25 - [MESSAGE][PASSED] - Delayed 5 second(s)

2017-11-28 10:38:25 - [MESSAGE][PASSED] - Text 'BOFA' is set on object 'Object Repository/Generic/ORG'

2017-11-28 10:38:30 - [MESSAGE][PASSED] - Delayed 5 second(s)

2017-11-28 10:38:30 - [MESSAGE][PASSED] - Keys 'TAB + ' sent to object: 'Object Repository/Generic/ORG'

2017-11-28 10:38:35 - [MESSAGE][PASSED] - Delayed 5 second(s)

2017-11-28 10:38:35 - [MESSAGE][PASSED] - Text 'BOFA' is set on object 'Object Repository/Generic/ACC'

2017-11-28 10:38:40 - [MESSAGE][PASSED] - Delayed 5 second(s)

2017-11-28 10:38:41 - [MESSAGE][PASSED] - Keys 'TAB + ' sent to object: 'Object Repository/Generic/ACC'

2017-11-28 10:38:46 - [MESSAGE][PASSED] - Delayed 5 second(s)

2017-11-28 10:38:46 - [MESSAGE][PASSED] - Text 'AUTOTEST1' is set on object 'Object Repository/Generic/ENG_DESC'

2017-11-28 10:38:51 - [MESSAGE][PASSED] - Delayed 5 second(s)

2017-11-28 10:38:51 - [MESSAGE][WARNING] - Timeout '0' is invalid. Using default page load timeout: '30'

2017-11-28 10:38:51 - [MESSAGE][PASSED] - Scroll to object 'Object Repository/Generic/SUBMIT' successfully

2017-11-28 10:38:51 - [MESSAGE][PASSED] - Object: 'Object Repository/Generic/SUBMIT' is clicked on

2017-11-28 10:38:56 - [MESSAGE][PASSED] - Delayed 5 second(s)

2017-11-28 10:38:57 - [MESSAGE][PASSED] - Text 'CO-12' is set on object 'Object Repository/EngInfo/COID'

2017-11-28 10:39:04 - [MESSAGE][PASSED] - Delayed 7 second(s)

2017-11-28 10:39:04 - [MESSAGE][PASSED] - Wait for page load successfully

2017-11-28 10:39:04 - [MESSAGE][PASSED] - Object: 'Object Repository/Generic/gapDrivenMethodology' is clicked on

2017-11-28 10:39:09 - [MESSAGE][PASSED] - Delayed 5 second(s)

2017-11-28 10:39:09 - [MESSAGE][PASSED] - Object: 'Object Repository/Generic/RapidDelivery' is clicked on

2017-11-28 10:39:14 - [MESSAGE][PASSED] - Delayed 5 second(s)

2017-11-28 10:39:15 - [MESSAGE][PASSED] - Object: 'Object Repository/Generic/MorethanOneRLS' is clicked on

2017-11-28 10:39:20 - [MESSAGE][PASSED] - Delayed 5 second(s)

2017-11-28 10:39:20 - [MESSAGE][PASSED] - Text '85000' is set on object 'Object Repository/ECR/Licence'

2017-11-28 10:39:25 - [MESSAGE][PASSED] - Delayed 5 second(s)

2017-11-28 10:39:25 - [MESSAGE][PASSED] - Object 'Object Repository/Generic/platform' is visible

2017-11-28 10:39:30 - [MESSAGE][PASSED] - Delayed 5 second(s)

2017-11-28 10:39:31 - [MESSAGE][PASSED] - Keys 'AMPchroma' sent to object: 'Object Repository/Generic/PlatformID'

2017-11-28 10:39:36 - [MESSAGE][PASSED] - Delayed 5 second(s)

2017-11-28 10:39:36 - [MESSAGE][PASSED] - Keys 'N/A' sent to object: 'Object Repository/Generic/PlatformVersion'

2017-11-28 10:39:41 - [MESSAGE][PASSED] - Delayed 5 second(s)

2017-11-28 10:39:41 - [MESSAGE][PASSED] - Object: 'Object Repository/Generic/PlatformTrue' is clicked on

2017-11-28 10:39:46 - [MESSAGE][PASSED] - Delayed 5 second(s)

2017-11-28 10:39:47 - [MESSAGE][PASSED] - Keys 'Jeff Henderson' sent to object: 'Object Repository/EngInfo/PL'

2017-11-28 10:39:52 - [MESSAGE][PASSED] - Delayed 5 second(s)

2017-11-28 10:39:52 - [MESSAGE][PASSED] - Keys 'Robert Higgins' sent to object: 'Object Repository/EngInfo/PLTL'

2017-11-28 10:39:57 - [MESSAGE][PASSED] - Delayed 5 second(s)

2017-11-28 10:39:57 - [MESSAGE][PASSED] - Keys 'Eric Panepinto' sent to object: 'Object Repository/EngInfo/RL'

2017-11-28 10:40:02 - [MESSAGE][PASSED] - Delayed 5 second(s)

2017-11-28 10:40:03 - [MESSAGE][PASSED] - Keys 'Robert Lang' sent to object: 'Object Repository/EngInfo/RD'

2017-11-28 10:40:08 - [MESSAGE][PASSED] - Delayed 5 second(s)

2017-11-28 10:40:08 - [MESSAGE][PASSED] - Scroll to object 'Object Repository/NEXT_BUTTON' successfully

2017-11-28 10:40:08 - [MESSAGE][PASSED] - Object: 'Object Repository/NEXT_BUTTON' is clicked on

2017-11-28 10:40:10 - [MESSAGE][PASSED] - Wait for page load successfully

2017-11-28 10:40:17 - [MESSAGE][PASSED] - Delayed 7 second(s)

2017-11-28 10:40:17 - [MESSAGE][PASSED] - Scroll to object 'Object Repository/NEXT_BUTTON' successfully

2017-11-28 10:40:17 - [MESSAGE][PASSED] - Object: 'Object Repository/NEXT_BUTTON' is clicked on

2017-11-28 10:40:24 - [MESSAGE][PASSED] - Delayed 7 second(s)

2017-11-28 10:40:24 - [MESSAGE][PASSED] - Wait for page load successfully

2017-11-28 10:40:24 - [MESSAGE][PASSED] - Scroll to object 'Object Repository/Generic/FINISH_BUTTON' successfully

2017-11-28 10:40:24 - [MESSAGE][PASSED] - Object: 'Object Repository/Generic/FINISH_BUTTON' is clicked on

2017-11-28 10:40:29 - [MESSAGE][PASSED] - Wait for page load successfully

2017-11-28 10:40:34 - [MESSAGE][PASSED] - Delayed 5 second(s)

2017-11-28 10:40:34 - [MESSAGE][PASSED] - Text of object 'Object Repository/WO' is: 'ECR-28Nov2017-14'

2017-11-28 10:40:34 - [MESSAGE][PASSED] - Text of object 'Object Repository/ECR/WOSTATUS' is: 'Pending-RDApproval'

2017-11-28 10:40:34 - [MESSAGE][PASSED] - com.helper.commonfunct.utilities.createECR is PASSED

2017-11-28 10:40:34 - [MESSAGE][PASSED] - Call Test Case 'Test Cases/ECR/REF/ECR_Lite_NoExpertService' successfully

2017-11-28 10:40:34 - [TEST_STEP][FAILED] - callTestCase: Unable to call Test Case with id 'Test Cases/ECR/REF/ECR_Approval_Reject' (Root cause: Call Test Case 'Test Cases/ECR/REF/ECR_Approval_Reject' failed)

2017-11-28 10:40:34 - [TEST_CASE][FAILED] - Test Cases/ECR/REF/ECR_Approval_Reject: Test Cases/ECR/REF/ECR_Approval_Reject FAILED because (of) Unable to click on object 'Object Repository/Approve-Reject/contractlink' (Root cause: com.kms.katalon.core.webui.exception.WebElementNotFoundException: Web element with id: 'Object Repository/Approve-Reject/contractlink' located by 'By.xpath: //nobr//a[contains(.,'Create Contract')]' not found)

2017-11-28 10:40:35 - [TEST_STEP][FAILED] - Statement - While (WOSTATUS.contains("Pending")): Unable to click on object 'Object Repository/Approve-Reject/contractlink' (Root cause: com.kms.katalon.core.webui.exception.WebElementNotFoundException: Web element with id: 'Object Repository/Approve-Reject/contractlink' located by 'By.xpath: //nobr//a[contains(.,'Create Contract')]' not found)

2017-11-28 10:40:35 - [TEST_STEP][PASSED] - Statement - For ([j = 0, j < AssignmentList.size(), (j++)]): com.helper.commonfunct.utilities.WOstatus is PASSED

2017-11-28 10:40:35 - [TEST_STEP][PASSED] - Statement - Status = text: null

2017-11-28 10:40:35 - [TEST_STEP][PASSED] - Statement - println(Status): null

2017-11-28 10:40:35 - [TEST_STEP][PASSED] - Statement - If (Status == "Pending-RDApproval"): com.helper.commonfunct.utilities.WOstatus is PASSED

2017-11-28 10:40:35 - [TEST_STEP][PASSED] - Statement - If (RDReject == false): com.helper.commonfunct.utilities.WOstatus is PASSED

2017-11-28 10:40:35 - [TEST_STEP][PASSED] - Statement - If (Meeting == true): null

2017-11-28 10:40:35 - [TEST_STEP][PASSED] - Statement - Else: com.helper.commonfunct.utilities.WOstatus is PASSED

2017-11-28 10:40:35 - [TEST_STEP][PASSED] - com.helper.commonfunct.utilities.login: com.helper.commonfunct.utilities.login is PASSED

2017-11-28 10:40:35 - [MESSAGE][WARNING] - A browser is already opened. Closing browser and opening a new one

2017-11-28 10:40:38 - [MESSAGE][PASSED] - Browser is opened with url: ''

2017-11-28 10:40:39 - [MESSAGE][PASSED] - Navigate to 'https://vtcpqa2.rpega.com:9030/tcpqa/PRServlet' successfully

2017-11-28 10:40:40 - [MESSAGE][PASSED] - Text 'langr1@pegasystems.com' is set on object 'Object Repository/input_UserIdentifier'

2017-11-28 10:40:40 - [MESSAGE][PASSED] - Text 'install' is set on object 'Object Repository/input_Password'

2017-11-28 10:40:42 - [MESSAGE][PASSED] - Keys 'ENTER + ' sent to object: 'Object Repository/input_Password'

2017-11-28 10:40:42 - [MESSAGE][PASSED] - com.helper.commonfunct.utilities.login is PASSED

2017-11-28 10:40:42 - [TEST_STEP][PASSED] - com.helper.commonfunct.utilities.search: com.helper.commonfunct.utilities.search is PASSED

2017-11-28 10:40:44 - [MESSAGE][PASSED] - Current window maximized

2017-11-28 10:40:49 - [MESSAGE][PASSED] - Delayed 5 second(s)

2017-11-28 10:40:49 - [MESSAGE][PASSED] - Text 'ECR-28Nov2017-14' is set on object 'Object Repository/EngInfo/search'

2017-11-28 10:40:54 - [MESSAGE][PASSED] - Delayed 5 second(s)

2017-11-28 10:40:54 - [MESSAGE][PASSED] - Keys 'ENTER + ' sent to object: 'Object Repository/EngInfo/search'

2017-11-28 10:40:59 - [MESSAGE][PASSED] - Delayed 5 second(s)

2017-11-28 10:40:59 - [MESSAGE][PASSED] - com.helper.commonfunct.utilities.search is PASSED

2017-11-28 10:40:59 - [TEST_STEP][PASSED] - com.helper.commonfunct.utilities.approve: com.helper.commonfunct.utilities.approve is PASSED

2017-11-28 10:41:04 - [MESSAGE][PASSED] - Delayed 5 second(s)

2017-11-28 10:41:04 - [MESSAGE][WARNING] - Timeout '0' is invalid. Using default page load timeout: '30'

2017-11-28 10:41:06 - [MESSAGE][PASSED] - Object: 'Object Repository/Approve-Reject/link_assignment' is clicked on

2017-11-28 10:41:11 - [MESSAGE][PASSED] - Delayed 5 second(s)

2017-11-28 10:41:11 - [MESSAGE][WARNING] - Timeout '0' is invalid. Using default page load timeout: '30'

2017-11-28 10:41:11 - [MESSAGE][PASSED] - Scroll to object 'Object Repository/Approve-Reject/APPROVE_BUTTON' successfully

2017-11-28 10:41:11 - [MESSAGE][PASSED] - Object: 'Object Repository/Approve-Reject/APPROVE_BUTTON' is clicked on

2017-11-28 10:41:16 - [MESSAGE][PASSED] - Delayed 5 second(s)

2017-11-28 10:41:17 - [MESSAGE][PASSED] - Keys 'testing' sent to object: 'Object Repository/Approve-Reject/APPROVE_REJECT_NOTES'

2017-11-28 10:41:22 - [MESSAGE][PASSED] - Delayed 5 second(s)

2017-11-28 10:41:22 - [MESSAGE][WARNING] - Timeout '0' is invalid. Using default page load timeout: '30'

2017-11-28 10:41:22 - [MESSAGE][PASSED] - Scroll to object 'Object Repository/Generic/SUBMIT' successfully

2017-11-28 10:41:22 - [MESSAGE][PASSED] - Object: 'Object Repository/Generic/SUBMIT' is clicked on

2017-11-28 10:41:27 - [MESSAGE][PASSED] - Delayed 5 second(s)

2017-11-28 10:41:27 - [MESSAGE][PASSED] - com.helper.commonfunct.utilities.approve is PASSED

2017-11-28 10:41:27 - [TEST_STEP][PASSED] - com.helper.commonfunct.utilities.WOstatus: com.helper.commonfunct.utilities.WOstatus is PASSED

2017-11-28 10:41:27 - [MESSAGE][PASSED] - Text of object 'Object Repository/ECR/WOSTATUS' is: 'Pending-Approval'

2017-11-28 10:41:27 - [MESSAGE][PASSED] - com.helper.commonfunct.utilities.WOstatus is PASSED

2017-11-28 10:41:27 - [TEST_STEP][PASSED] - Statement - Status = text: null

2017-11-28 10:41:27 - [TEST_STEP][PASSED] - Statement - println(Status): null

2017-11-28 10:41:27 - [TEST_STEP][PASSED] - Statement - If (Status == "Pending-RDApproval"): null

2017-11-28 10:41:27 - [TEST_STEP][PASSED] - Statement - Else If (Status == "Pending-RLApproval"): null

2017-11-28 10:41:27 - [TEST_STEP][PASSED] - Statement - Else If (Status == "Pending-RDDApproval"): null

2017-11-28 10:41:27 - [TEST_STEP][PASSED] - Statement - Else If (Status == "Pending-OPSApproval"): com.helper.commonfunct.utilities.WOstatus is PASSED

2017-11-28 10:41:27 - [TEST_STEP][PASSED] - Statement - If (OpsReject == false): com.helper.commonfunct.utilities.WOstatus is PASSED

2017-11-28 10:41:27 - [TEST_STEP][PASSED] - com.helper.commonfunct.utilities.login: com.helper.commonfunct.utilities.login is PASSED

2017-11-28 10:41:27 - [MESSAGE][WARNING] - A browser is already opened. Closing browser and opening a new one

2017-11-28 10:41:31 - [MESSAGE][PASSED] - Browser is opened with url: ''

2017-11-28 10:41:32 - [MESSAGE][PASSED] - Navigate to 'https://vtcpqa2.rpega.com:9030/tcpqa/PRServlet' successfully

2017-11-28 10:41:33 - [MESSAGE][PASSED] - Text 'pogoa@pegasystems.com' is set on object 'Object Repository/input_UserIdentifier'

2017-11-28 10:41:33 - [MESSAGE][PASSED] - Text 'install' is set on object 'Object Repository/input_Password'

2017-11-28 10:41:37 - [MESSAGE][PASSED] - Keys 'ENTER + ' sent to object: 'Object Repository/input_Password'

2017-11-28 10:41:37 - [MESSAGE][PASSED] - com.helper.commonfunct.utilities.login is PASSED

2017-11-28 10:41:37 - [TEST_STEP][PASSED] - com.helper.commonfunct.utilities.search: com.helper.commonfunct.utilities.search is PASSED

2017-11-28 10:41:39 - [MESSAGE][PASSED] - Current window maximized

2017-11-28 10:41:44 - [MESSAGE][PASSED] - Delayed 5 second(s)

2017-11-28 10:41:44 - [MESSAGE][PASSED] - Text 'ECR-28Nov2017-14' is set on object 'Object Repository/EngInfo/search'

2017-11-28 10:41:49 - [MESSAGE][PASSED] - Delayed 5 second(s)

2017-11-28 10:41:49 - [MESSAGE][PASSED] - Keys 'ENTER + ' sent to object: 'Object Repository/EngInfo/search'

2017-11-28 10:41:54 - [MESSAGE][PASSED] - Delayed 5 second(s)

2017-11-28 10:41:54 - [MESSAGE][PASSED] - com.helper.commonfunct.utilities.search is PASSED

2017-11-28 10:41:54 - [TEST_STEP][PASSED] - com.helper.commonfunct.utilities.gsopsApprove: com.helper.commonfunct.utilities.gsopsApprove is PASSED

2017-11-28 10:41:59 - [MESSAGE][PASSED] - Delayed 5 second(s)

2017-11-28 10:41:59 - [MESSAGE][WARNING] - Timeout '0' is invalid. Using default page load timeout: '30'

2017-11-28 10:42:01 - [MESSAGE][WARNING] - Timeout '0' is invalid. Using default page load timeout: '30'

2017-11-28 10:42:01 - [MESSAGE][PASSED] - Scroll to object 'Object Repository/Approve-Reject/APPROVE_BUTTON' successfully

2017-11-28 10:42:01 - [MESSAGE][PASSED] - Object: 'Object Repository/Approve-Reject/APPROVE_BUTTON' is clicked on

2017-11-28 10:42:06 - [MESSAGE][PASSED] - Delayed 5 second(s)

2017-11-28 10:42:07 - [MESSAGE][PASSED] - Keys 'testing' sent to object: 'Object Repository/Approve-Reject/APPROVE_REJECT_NOTES'

2017-11-28 10:42:12 - [MESSAGE][PASSED] - Delayed 5 second(s)

2017-11-28 10:42:12 - [MESSAGE][WARNING] - Timeout '0' is invalid. Using default page load timeout: '30'

2017-11-28 10:42:12 - [MESSAGE][PASSED] - Scroll to object 'Object Repository/Generic/SUBMIT' successfully

2017-11-28 10:42:12 - [MESSAGE][PASSED] - Object: 'Object Repository/Generic/SUBMIT' is clicked on

2017-11-28 10:42:17 - [MESSAGE][PASSED] - Delayed 5 second(s)

2017-11-28 10:42:17 - [MESSAGE][PASSED] - com.helper.commonfunct.utilities.gsopsApprove is PASSED

2017-11-28 10:42:17 - [TEST_STEP][PASSED] - com.helper.commonfunct.utilities.WOstatus: com.helper.commonfunct.utilities.WOstatus is PASSED

2017-11-28 10:42:17 - [MESSAGE][PASSED] - Text of object 'Object Repository/ECR/WOSTATUS' is: 'Pending-Approval'

2017-11-28 10:42:17 - [MESSAGE][PASSED] - com.helper.commonfunct.utilities.WOstatus is PASSED

2017-11-28 10:42:17 - [TEST_STEP][PASSED] - Statement - For ([j = 0, j < AssignmentList.size(), (j++)]): com.helper.commonfunct.utilities.WOstatus is PASSED

2017-11-28 10:42:17 - [TEST_STEP][PASSED] - Statement - Status = text: null

2017-11-28 10:42:17 - [TEST_STEP][PASSED] - Statement - println(Status): null

2017-11-28 10:42:17 - [TEST_STEP][PASSED] - Statement - If (Status == "Pending-RDApproval"): null

2017-11-28 10:42:17 - [TEST_STEP][PASSED] - Statement - Else If (Status == "Pending-RLApproval"): null

2017-11-28 10:42:17 - [TEST_STEP][PASSED] - Statement - Else If (Status == "Pending-RDDApproval"): com.helper.commonfunct.utilities.WOstatus is PASSED

2017-11-28 10:42:17 - [TEST_STEP][PASSED] - Statement - If (RDD_Reject == false): com.helper.commonfunct.utilities.WOstatus is PASSED

2017-11-28 10:42:17 - [TEST_STEP][PASSED] - com.helper.commonfunct.utilities.login: com.helper.commonfunct.utilities.login is PASSED

2017-11-28 10:42:17 - [MESSAGE][WARNING] - A browser is already opened. Closing browser and opening a new one

2017-11-28 10:42:21 - [MESSAGE][PASSED] - Browser is opened with url: ''

2017-11-28 10:42:22 - [MESSAGE][PASSED] - Navigate to 'https://vtcpqa2.rpega.com:9030/tcpqa/PRServlet' successfully

2017-11-28 10:42:22 - [MESSAGE][PASSED] - Text 'lachd@pegasystems.com' is set on object 'Object Repository/input_UserIdentifier'

2017-11-28 10:42:22 - [MESSAGE][PASSED] - Text 'install' is set on object 'Object Repository/input_Password'

2017-11-28 10:42:27 - [MESSAGE][PASSED] - Keys 'ENTER + ' sent to object: 'Object Repository/input_Password'

2017-11-28 10:42:27 - [MESSAGE][PASSED] - com.helper.commonfunct.utilities.login is PASSED

2017-11-28 10:42:27 - [TEST_STEP][PASSED] - com.helper.commonfunct.utilities.search: com.helper.commonfunct.utilities.search is PASSED

2017-11-28 10:42:29 - [MESSAGE][PASSED] - Current window maximized

2017-11-28 10:42:34 - [MESSAGE][PASSED] - Delayed 5 second(s)

2017-11-28 10:42:34 - [MESSAGE][PASSED] - Text 'ECR-28Nov2017-14' is set on object 'Object Repository/EngInfo/search'

2017-11-28 10:42:39 - [MESSAGE][PASSED] - Delayed 5 second(s)

2017-11-28 10:42:39 - [MESSAGE][PASSED] - Keys 'ENTER + ' sent to object: 'Object Repository/EngInfo/search'

2017-11-28 10:42:44 - [MESSAGE][PASSED] - Delayed 5 second(s)

2017-11-28 10:42:44 - [MESSAGE][PASSED] - com.helper.commonfunct.utilities.search is PASSED

2017-11-28 10:42:44 - [TEST_STEP][PASSED] - com.helper.commonfunct.utilities.approve: com.helper.commonfunct.utilities.approve is PASSED

2017-11-28 10:42:49 - [MESSAGE][PASSED] - Delayed 5 second(s)

2017-11-28 10:42:49 - [MESSAGE][WARNING] - Timeout '0' is invalid. Using default page load timeout: '30'

2017-11-28 10:42:51 - [MESSAGE][PASSED] - Object: 'Object Repository/Approve-Reject/link_assignment' is clicked on

2017-11-28 10:42:56 - [MESSAGE][PASSED] - Delayed 5 second(s)

2017-11-28 10:42:56 - [MESSAGE][WARNING] - Timeout '0' is invalid. Using default page load timeout: '30'

2017-11-28 10:42:56 - [MESSAGE][PASSED] - Scroll to object 'Object Repository/Approve-Reject/APPROVE_BUTTON' successfully

2017-11-28 10:42:56 - [MESSAGE][PASSED] - Object: 'Object Repository/Approve-Reject/APPROVE_BUTTON' is clicked on

2017-11-28 10:43:01 - [MESSAGE][PASSED] - Delayed 5 second(s)

2017-11-28 10:43:02 - [MESSAGE][PASSED] - Keys 'testing' sent to object: 'Object Repository/Approve-Reject/APPROVE_REJECT_NOTES'

2017-11-28 10:43:07 - [MESSAGE][PASSED] - Delayed 5 second(s)

2017-11-28 10:43:07 - [MESSAGE][WARNING] - Timeout '0' is invalid. Using default page load timeout: '30'

2017-11-28 10:43:07 - [MESSAGE][PASSED] - Scroll to object 'Object Repository/Generic/SUBMIT' successfully

2017-11-28 10:43:10 - [MESSAGE][PASSED] - Object: 'Object Repository/Generic/SUBMIT' is clicked on

2017-11-28 10:43:15 - [MESSAGE][PASSED] - Delayed 5 second(s)

2017-11-28 10:43:15 - [MESSAGE][PASSED] - com.helper.commonfunct.utilities.approve is PASSED

2017-11-28 10:43:15 - [TEST_STEP][PASSED] - com.helper.commonfunct.utilities.WOstatus: com.helper.commonfunct.utilities.WOstatus is PASSED

2017-11-28 10:43:15 - [MESSAGE][PASSED] - Text of object 'Object Repository/ECR/WOSTATUS' is: 'Pending-Contract'

2017-11-28 10:43:15 - [MESSAGE][PASSED] - com.helper.commonfunct.utilities.WOstatus is PASSED

2017-11-28 10:43:15 - [TEST_STEP][FAILED] - Statement - For ([j = 0, j < AssignmentList.size(), (j++)]): Unable to click on object 'Object Repository/Approve-Reject/contractlink' (Root cause: com.kms.katalon.core.webui.exception.WebElementNotFoundException: Web element with id: 'Object Repository/Approve-Reject/contractlink' located by 'By.xpath: //nobr//a[contains(.,'Create Contract')]' not found)

2017-11-28 10:43:15 - [TEST_STEP][PASSED] - Statement - Status = text: null

2017-11-28 10:43:15 - [TEST_STEP][PASSED] - Statement - println(Status): null

2017-11-28 10:43:15 - [TEST_STEP][PASSED] - Statement - If (Status == "Pending-RDApproval"): null

2017-11-28 10:43:15 - [TEST_STEP][PASSED] - Statement - Else If (Status == "Pending-RLApproval"): null

2017-11-28 10:43:15 - [TEST_STEP][PASSED] - Statement - Else If (Status == "Pending-RDDApproval"): null

2017-11-28 10:43:15 - [TEST_STEP][PASSED] - Statement - Else If (Status == "Pending-OPSApproval"): null

2017-11-28 10:43:15 - [TEST_STEP][PASSED] - Statement - Else If (Status == "Pending-ExpSvcApproval"): null

2017-11-28 10:43:15 - [TEST_STEP][PASSED] - Statement - Else If (Status == "Pending-DocUpdate"): null

2017-11-28 10:43:15 - [TEST_STEP][FAILED] - Statement - Else If (Status == "Pending-Contract"): Unable to click on object 'Object Repository/Approve-Reject/contractlink' (Root cause: com.kms.katalon.core.webui.exception.WebElementNotFoundException: Web element with id: 'Object Repository/Approve-Reject/contractlink' located by 'By.xpath: //nobr//a[contains(.,'Create Contract')]' not found)

2017-11-28 10:43:15 - [TEST_STEP][PASSED] - com.helper.commonfunct.utilities.login: com.helper.commonfunct.utilities.login is PASSED

2017-11-28 10:43:15 - [MESSAGE][WARNING] - A browser is already opened. Closing browser and opening a new one

2017-11-28 10:43:19 - [MESSAGE][PASSED] - Browser is opened with url: ''

2017-11-28 10:43:19 - [MESSAGE][PASSED] - Navigate to 'https://vtcpqa2.rpega.com:9030/tcpqa/PRServlet' successfully

2017-11-28 10:43:20 - [MESSAGE][PASSED] - Text 'hendj@pegasystems.com' is set on object 'Object Repository/input_UserIdentifier'

2017-11-28 10:43:20 - [MESSAGE][PASSED] - Text 'install' is set on object 'Object Repository/input_Password'

2017-11-28 10:43:26 - [MESSAGE][PASSED] - Keys 'ENTER + ' sent to object: 'Object Repository/input_Password'

2017-11-28 10:43:26 - [MESSAGE][PASSED] - com.helper.commonfunct.utilities.login is PASSED

2017-11-28 10:43:26 - [TEST_STEP][PASSED] - com.helper.commonfunct.utilities.search: com.helper.commonfunct.utilities.search is PASSED

2017-11-28 10:43:27 - [MESSAGE][PASSED] - Current window maximized

2017-11-28 10:43:32 - [MESSAGE][PASSED] - Delayed 5 second(s)

2017-11-28 10:43:33 - [MESSAGE][PASSED] - Text 'ECR-28Nov2017-14' is set on object 'Object Repository/EngInfo/search'

2017-11-28 10:43:38 - [MESSAGE][PASSED] - Delayed 5 second(s)

2017-11-28 10:43:38 - [MESSAGE][PASSED] - Keys 'ENTER + ' sent to object: 'Object Repository/EngInfo/search'

2017-11-28 10:43:43 - [MESSAGE][PASSED] - Delayed 5 second(s)

2017-11-28 10:43:43 - [MESSAGE][PASSED] - com.helper.commonfunct.utilities.search is PASSED

2017-11-28 10:43:43 - [TEST_STEP][PASSED] - maximizeWindow: Current window maximized

2017-11-28 10:43:43 - [MESSAGE][PASSED] - Current window maximized

2017-11-28 10:43:43 - [TEST_STEP][FAILED] - com.helper.commonfunct.utilities.ContractDisposition: Unable to click on object 'Object Repository/Approve-Reject/contractlink' (Root cause: com.kms.katalon.core.webui.exception.WebElementNotFoundException: Web element with id: 'Object Repository/Approve-Reject/contractlink' located by 'By.xpath: //nobr//a[contains(.,'Create Contract')]' not found)

2017-11-28 10:43:48 - [MESSAGE][PASSED] - Delayed 5 second(s)

2017-11-28 10:43:48 - [MESSAGE][WARNING] - Timeout '0' is invalid. Using default page load timeout: '30'

2017-11-28 10:44:20 - [MESSAGE][FAILED] - Unable to click on object 'Object Repository/Approve-Reject/contractlink' (Root cause: com.kms.katalon.core.webui.exception.WebElementNotFoundException: Web element with id: 'Object Repository/Approve-Reject/contractlink' located by 'By.xpath: //nobr//a[contains(.,'Create Contract')]' not found)
[[ATTACHMENT|C:\\Users\\nipin\\Katalon Studio\\COE\\Reports\\ECR_Lite\\20171128_103743\\1511883859733.png]]

2017-11-28 10:44:20 - [MESSAGE][FAILED] - Unable to click on object 'Object Repository/Approve-Reject/contractlink' (Root cause: com.kms.katalon.core.webui.exception.WebElementNotFoundException: Web element with id: 'Object Repository/Approve-Reject/contractlink' located by 'By.xpath: //nobr//a[contains(.,'Create Contract')]' not found)

2017-11-28 10:44:20 - [MESSAGE][FAILED] - Unable to call Test Case with id 'Test Cases/ECR/REF/ECR_Approval_Reject' (Root cause: Call Test Case 'Test Cases/ECR/REF/ECR_Approval_Reject' failed)]]></system-out>
         <system-err><![CDATA[2017-11-28 10:37:46 - [TEST_CASE][FAILED] - Test Cases/ECR/TC_ECRLite_NoExpertService_AllApproval: Test Cases/ECR/TC_ECRLite_NoExpertService_AllApproval FAILED because (of) Unable to click on object 'Object Repository/Approve-Reject/contractlink' (Root cause: com.kms.katalon.core.webui.exception.WebElementNotFoundException: Web element with id: 'Object Repository/Approve-Reject/contractlink' located by 'By.xpath: //nobr//a[contains(.,'Create Contract')]' not found)]]></system-err>
      </testcase>
      <testcase name="Test Cases/ECR/TC_ECRLite_NoExpertService_AllReject" classname="Test Cases/ECR/TC_ECRLite_NoExpertService_AllReject" status="FAILED">
         <failure type="FAILED" message="Unable to wait for page load (Root cause: org.openqa.selenium.UnhandledAlertException: unexpected alert open: {Alert text : Please correct flagged fields before submitting the form!}
  (Session info: chrome=62.0.3202.94)
  (Driver info: chromedriver=2.33.506120 (e3e53437346286c0bc2d2dc9aa4915ba81d9023f),platform=Windows NT 6.1.7601 SP1 x86_64) (WARNING: The server did not provide any stacktrace information)
Command duration or timeout: 0 milliseconds: null
Build info: version: '3.7.1', revision: '8a0099a', time: '2017-11-06T21:07:36.161Z'
System info: host: 'L22622WUS', ip: '10.2.176.78', os.name: 'Windows 7', os.arch: 'amd64', os.version: '6.1', java.version: '1.8.0_102'
Driver info: com.kms.katalon.selenium.driver.CChromeDriver
Capabilities {acceptSslCerts: true, applicationCacheEnabled: false, browserConnectionEnabled: false, browserName: chrome, chrome: {chromedriverVersion: 2.33.506120 (e3e53437346286..., userDataDir: C:\Users\nipin\AppData\Loca...}, cssSelectorsEnabled: true, databaseEnabled: false, handlesAlerts: true, hasTouchScreen: false, javascriptEnabled: true, locationContextEnabled: true, mobileEmulationEnabled: false, nativeEvents: true, networkConnectionEnabled: false, pageLoadStrategy: normal, platform: XP, platformName: XP, rotatable: false, setWindowRect: true, takesHeapSnapshot: true, takesScreenshot: true, unexpectedAlertBehaviour: , unhandledPromptBehavior: , version: 62.0.3202.94, webStorageEnabled: true}
Session ID: 794e453293a5ef93bf30c94f9d94c0af)"/>
         <system-out><![CDATA[2017-11-28 10:44:20 - [TEST_CASE][FAILED] - Test Cases/ECR/TC_ECRLite_NoExpertService_AllReject: Test Cases/ECR/TC_ECRLite_NoExpertService_AllReject FAILED because (of) Unable to wait for page load (Root cause: org.openqa.selenium.UnhandledAlertException: unexpected alert open: {Alert text : Please correct flagged fields before submitting the form!}
  (Session info: chrome=62.0.3202.94)
  (Driver info: chromedriver=2.33.506120 (e3e53437346286c0bc2d2dc9aa4915ba81d9023f),platform=Windows NT 6.1.7601 SP1 x86_64) (WARNING: The server did not provide any stacktrace information)
Command duration or timeout: 0 milliseconds: null
Build info: version: '3.7.1', revision: '8a0099a', time: '2017-11-06T21:07:36.161Z'
System info: host: 'L22622WUS', ip: '10.2.176.78', os.name: 'Windows 7', os.arch: 'amd64', os.version: '6.1', java.version: '1.8.0_102'
Driver info: com.kms.katalon.selenium.driver.CChromeDriver
Capabilities {acceptSslCerts: true, applicationCacheEnabled: false, browserConnectionEnabled: false, browserName: chrome, chrome: {chromedriverVersion: 2.33.506120 (e3e53437346286..., userDataDir: C:\Users\nipin\AppData\Loca...}, cssSelectorsEnabled: true, databaseEnabled: false, handlesAlerts: true, hasTouchScreen: false, javascriptEnabled: true, locationContextEnabled: true, mobileEmulationEnabled: false, nativeEvents: true, networkConnectionEnabled: false, pageLoadStrategy: normal, platform: XP, platformName: XP, rotatable: false, setWindowRect: true, takesHeapSnapshot: true, takesScreenshot: true, unexpectedAlertBehaviour: , unhandledPromptBehavior: , version: 62.0.3202.94, webStorageEnabled: true}
Session ID: 794e453293a5ef93bf30c94f9d94c0af)

2017-11-28 10:44:20 - [TEST_STEP][FAILED] - callTestCase: Unable to call Test Case with id 'Test Cases/ECR/REF/ECR_Lite_NoExpertService' (Root cause: Call Test Case 'Test Cases/ECR/REF/ECR_Lite_NoExpertService' failed)

2017-11-28 10:44:20 - [TEST_CASE][FAILED] - Test Cases/ECR/REF/ECR_Lite_NoExpertService: Test Cases/ECR/REF/ECR_Lite_NoExpertService FAILED because (of) Unable to wait for page load (Root cause: org.openqa.selenium.UnhandledAlertException: unexpected alert open: {Alert text : Please correct flagged fields before submitting the form!}
  (Session info: chrome=62.0.3202.94)
  (Driver info: chromedriver=2.33.506120 (e3e53437346286c0bc2d2dc9aa4915ba81d9023f),platform=Windows NT 6.1.7601 SP1 x86_64) (WARNING: The server did not provide any stacktrace information)
Command duration or timeout: 0 milliseconds: null
Build info: version: '3.7.1', revision: '8a0099a', time: '2017-11-06T21:07:36.161Z'
System info: host: 'L22622WUS', ip: '10.2.176.78', os.name: 'Windows 7', os.arch: 'amd64', os.version: '6.1', java.version: '1.8.0_102'
Driver info: com.kms.katalon.selenium.driver.CChromeDriver
Capabilities {acceptSslCerts: true, applicationCacheEnabled: false, browserConnectionEnabled: false, browserName: chrome, chrome: {chromedriverVersion: 2.33.506120 (e3e53437346286..., userDataDir: C:\Users\nipin\AppData\Loca...}, cssSelectorsEnabled: true, databaseEnabled: false, handlesAlerts: true, hasTouchScreen: false, javascriptEnabled: true, locationContextEnabled: true, mobileEmulationEnabled: false, nativeEvents: true, networkConnectionEnabled: false, pageLoadStrategy: normal, platform: XP, platformName: XP, rotatable: false, setWindowRect: true, takesHeapSnapshot: true, takesScreenshot: true, unexpectedAlertBehaviour: , unhandledPromptBehavior: , version: 62.0.3202.94, webStorageEnabled: true}
Session ID: 794e453293a5ef93bf30c94f9d94c0af)

2017-11-28 10:44:20 - [TEST_STEP][PASSED] - com.helper.commonfunct.utilities.login: com.helper.commonfunct.utilities.login is PASSED

2017-11-28 10:44:20 - [MESSAGE][WARNING] - A browser is already opened. Closing browser and opening a new one

2017-11-28 10:44:24 - [MESSAGE][PASSED] - Browser is opened with url: ''

2017-11-28 10:44:25 - [MESSAGE][PASSED] - Navigate to 'https://vtcpqa2.rpega.com:9030/tcpqa/PRServlet' successfully

2017-11-28 10:44:25 - [MESSAGE][PASSED] - Text 'pogoa@pegasystems.com' is set on object 'Object Repository/input_UserIdentifier'

2017-11-28 10:44:25 - [MESSAGE][PASSED] - Text 'install' is set on object 'Object Repository/input_Password'

2017-11-28 10:44:29 - [MESSAGE][PASSED] - Keys 'ENTER + ' sent to object: 'Object Repository/input_Password'

2017-11-28 10:44:29 - [MESSAGE][PASSED] - com.helper.commonfunct.utilities.login is PASSED

2017-11-28 10:44:29 - [TEST_STEP][FAILED] - com.helper.commonfunct.utilities.createECR: Unable to wait for page load (Root cause: org.openqa.selenium.UnhandledAlertException: unexpected alert open: {Alert text : Please correct flagged fields before submitting the form!}
  (Session info: chrome=62.0.3202.94)
  (Driver info: chromedriver=2.33.506120 (e3e53437346286c0bc2d2dc9aa4915ba81d9023f),platform=Windows NT 6.1.7601 SP1 x86_64) (WARNING: The server did not provide any stacktrace information)
Command duration or timeout: 0 milliseconds: null
Build info: version: '3.7.1', revision: '8a0099a', time: '2017-11-06T21:07:36.161Z'
System info: host: 'L22622WUS', ip: '10.2.176.78', os.name: 'Windows 7', os.arch: 'amd64', os.version: '6.1', java.version: '1.8.0_102'
Driver info: com.kms.katalon.selenium.driver.CChromeDriver
Capabilities {acceptSslCerts: true, applicationCacheEnabled: false, browserConnectionEnabled: false, browserName: chrome, chrome: {chromedriverVersion: 2.33.506120 (e3e53437346286..., userDataDir: C:\Users\nipin\AppData\Loca...}, cssSelectorsEnabled: true, databaseEnabled: false, handlesAlerts: true, hasTouchScreen: false, javascriptEnabled: true, locationContextEnabled: true, mobileEmulationEnabled: false, nativeEvents: true, networkConnectionEnabled: false, pageLoadStrategy: normal, platform: XP, platformName: XP, rotatable: false, setWindowRect: true, takesHeapSnapshot: true, takesScreenshot: true, unexpectedAlertBehaviour: , unhandledPromptBehavior: , version: 62.0.3202.94, webStorageEnabled: true}
Session ID: 794e453293a5ef93bf30c94f9d94c0af)

2017-11-28 10:44:29 - [MESSAGE][PASSED] - Object: 'Object Repository/Generic/a_Actions' is clicked on

2017-11-28 10:44:32 - [MESSAGE][PASSED] - Object: 'Object Repository/span_New' is focused

2017-11-28 10:44:34 - [MESSAGE][PASSED] - Object: 'Object Repository/span_Bid Process' is clicked on

2017-11-28 10:44:34 - [MESSAGE][PASSED] - Object: 'Object Repository/ECR/BID_TYPE' is clicked on

2017-11-28 10:44:34 - [MESSAGE][PASSED] - Object 'Object Repository/button_Import' is present

2017-11-28 10:44:39 - [MESSAGE][PASSED] - Delayed 5 second(s)

2017-11-28 10:44:39 - [MESSAGE][PASSED] - Object: 'Object Repository/button_Import' is clicked on

2017-11-28 10:44:40 - [MESSAGE][PASSED] - File 'C:\Users\nipin\Desktop\Latest BSW\Final\ECR_LITE_NOEXPSVC.xlsm' sent to object: 'Object Repository/input_PpyWorkPageppyFilePath'

2017-11-28 10:44:45 - [MESSAGE][PASSED] - Delayed 5 second(s)

2017-11-28 10:44:45 - [MESSAGE][WARNING] - Timeout '0' is invalid. Using default page load timeout: '30'

2017-11-28 10:44:45 - [MESSAGE][PASSED] - Scroll to object 'Object Repository/button_Submit' successfully

2017-11-28 10:44:45 - [MESSAGE][PASSED] - Object: 'Object Repository/button_Submit' is clicked on

2017-11-28 10:44:45 - [MESSAGE][PASSED] - Object 'Object Repository/EngInfo/COID' is visible

2017-11-28 10:44:50 - [MESSAGE][PASSED] - Delayed 5 second(s)

2017-11-28 10:44:55 - [MESSAGE][PASSED] - Delayed 5 second(s)

2017-11-28 10:44:56 - [MESSAGE][PASSED] - Text 'BOFA' is set on object 'Object Repository/Generic/ORG'

2017-11-28 10:45:01 - [MESSAGE][PASSED] - Delayed 5 second(s)

2017-11-28 10:45:01 - [MESSAGE][PASSED] - Keys 'TAB + ' sent to object: 'Object Repository/Generic/ORG'

2017-11-28 10:45:06 - [MESSAGE][PASSED] - Delayed 5 second(s)

2017-11-28 10:45:06 - [MESSAGE][PASSED] - Text 'BOFA' is set on object 'Object Repository/Generic/ACC'

2017-11-28 10:45:11 - [MESSAGE][PASSED] - Delayed 5 second(s)

2017-11-28 10:45:11 - [MESSAGE][PASSED] - Keys 'TAB + ' sent to object: 'Object Repository/Generic/ACC'

2017-11-28 10:45:16 - [MESSAGE][PASSED] - Delayed 5 second(s)

2017-11-28 10:45:16 - [MESSAGE][PASSED] - Text 'AUTOTEST1' is set on object 'Object Repository/Generic/ENG_DESC'

2017-11-28 10:45:21 - [MESSAGE][PASSED] - Delayed 5 second(s)

2017-11-28 10:45:21 - [MESSAGE][WARNING] - Timeout '0' is invalid. Using default page load timeout: '30'

2017-11-28 10:45:22 - [MESSAGE][PASSED] - Scroll to object 'Object Repository/Generic/SUBMIT' successfully

2017-11-28 10:45:22 - [MESSAGE][PASSED] - Object: 'Object Repository/Generic/SUBMIT' is clicked on

2017-11-28 10:45:27 - [MESSAGE][PASSED] - Delayed 5 second(s)

2017-11-28 10:45:27 - [MESSAGE][PASSED] - Text 'CO-12' is set on object 'Object Repository/EngInfo/COID'

2017-11-28 10:45:34 - [MESSAGE][PASSED] - Delayed 7 second(s)

2017-11-28 10:45:34 - [MESSAGE][PASSED] - Wait for page load successfully

2017-11-28 10:45:34 - [MESSAGE][PASSED] - Object: 'Object Repository/Generic/gapDrivenMethodology' is clicked on

2017-11-28 10:45:39 - [MESSAGE][PASSED] - Delayed 5 second(s)

2017-11-28 10:45:40 - [MESSAGE][PASSED] - Object: 'Object Repository/Generic/RapidDelivery' is clicked on

2017-11-28 10:45:45 - [MESSAGE][PASSED] - Delayed 5 second(s)

2017-11-28 10:45:45 - [MESSAGE][PASSED] - Object: 'Object Repository/Generic/MorethanOneRLS' is clicked on

2017-11-28 10:45:50 - [MESSAGE][PASSED] - Delayed 5 second(s)

2017-11-28 10:45:51 - [MESSAGE][PASSED] - Text '85000' is set on object 'Object Repository/ECR/Licence'

2017-11-28 10:45:56 - [MESSAGE][PASSED] - Delayed 5 second(s)

2017-11-28 10:45:56 - [MESSAGE][PASSED] - Object 'Object Repository/Generic/platform' is visible

2017-11-28 10:46:01 - [MESSAGE][PASSED] - Delayed 5 second(s)

2017-11-28 10:46:01 - [MESSAGE][PASSED] - Keys 'AMPchroma' sent to object: 'Object Repository/Generic/PlatformID'

2017-11-28 10:46:06 - [MESSAGE][PASSED] - Delayed 5 second(s)

2017-11-28 10:46:06 - [MESSAGE][PASSED] - Keys 'N/A' sent to object: 'Object Repository/Generic/PlatformVersion'

2017-11-28 10:46:11 - [MESSAGE][PASSED] - Delayed 5 second(s)

2017-11-28 10:46:11 - [MESSAGE][PASSED] - Object: 'Object Repository/Generic/PlatformTrue' is clicked on

2017-11-28 10:46:16 - [MESSAGE][PASSED] - Delayed 5 second(s)

2017-11-28 10:46:17 - [MESSAGE][PASSED] - Keys 'Jeff Henderson' sent to object: 'Object Repository/EngInfo/PL'

2017-11-28 10:46:22 - [MESSAGE][PASSED] - Delayed 5 second(s)

2017-11-28 10:46:22 - [MESSAGE][PASSED] - Keys 'Robert Higgins' sent to object: 'Object Repository/EngInfo/PLTL'

2017-11-28 10:46:27 - [MESSAGE][PASSED] - Delayed 5 second(s)

2017-11-28 10:46:28 - [MESSAGE][PASSED] - Keys 'Eric Panepinto' sent to object: 'Object Repository/EngInfo/RL'

2017-11-28 10:46:33 - [MESSAGE][PASSED] - Delayed 5 second(s)

2017-11-28 10:46:33 - [MESSAGE][PASSED] - Keys 'Robert Lang' sent to object: 'Object Repository/EngInfo/RD'

2017-11-28 10:46:38 - [MESSAGE][PASSED] - Delayed 5 second(s)

2017-11-28 10:46:38 - [MESSAGE][PASSED] - Scroll to object 'Object Repository/NEXT_BUTTON' successfully

2017-11-28 10:46:38 - [MESSAGE][PASSED] - Object: 'Object Repository/NEXT_BUTTON' is clicked on

2017-11-28 10:46:39 - [MESSAGE][WARNING] - Cannot take screenshot

2017-11-28 10:46:39 - [MESSAGE][FAILED] - Unable to wait for page load (Root cause: org.openqa.selenium.UnhandledAlertException: unexpected alert open: {Alert text : Please correct flagged fields before submitting the form!}
  (Session info: chrome=62.0.3202.94)
  (Driver info: chromedriver=2.33.506120 (e3e53437346286c0bc2d2dc9aa4915ba81d9023f),platform=Windows NT 6.1.7601 SP1 x86_64) (WARNING: The server did not provide any stacktrace information)
Command duration or timeout: 0 milliseconds: null
Build info: version: '3.7.1', revision: '8a0099a', time: '2017-11-06T21:07:36.161Z'
System info: host: 'L22622WUS', ip: '10.2.176.78', os.name: 'Windows 7', os.arch: 'amd64', os.version: '6.1', java.version: '1.8.0_102'
Driver info: com.kms.katalon.selenium.driver.CChromeDriver
Capabilities {acceptSslCerts: true, applicationCacheEnabled: false, browserConnectionEnabled: false, browserName: chrome, chrome: {chromedriverVersion: 2.33.506120 (e3e53437346286..., userDataDir: C:\Users\nipin\AppData\Loca...}, cssSelectorsEnabled: true, databaseEnabled: false, handlesAlerts: true, hasTouchScreen: false, javascriptEnabled: true, locationContextEnabled: true, mobileEmulationEnabled: false, nativeEvents: true, networkConnectionEnabled: false, pageLoadStrategy: normal, platform: XP, platformName: XP, rotatable: false, setWindowRect: true, takesHeapSnapshot: true, takesScreenshot: true, unexpectedAlertBehaviour: , unhandledPromptBehavior: , version: 62.0.3202.94, webStorageEnabled: true}
Session ID: 794e453293a5ef93bf30c94f9d94c0af)

2017-11-28 10:46:39 - [MESSAGE][FAILED] - Unable to wait for page load (Root cause: org.openqa.selenium.UnhandledAlertException: unexpected alert open: {Alert text : Please correct flagged fields before submitting the form!}
  (Session info: chrome=62.0.3202.94)
  (Driver info: chromedriver=2.33.506120 (e3e53437346286c0bc2d2dc9aa4915ba81d9023f),platform=Windows NT 6.1.7601 SP1 x86_64) (WARNING: The server did not provide any stacktrace information)
Command duration or timeout: 0 milliseconds: null
Build info: version: '3.7.1', revision: '8a0099a', time: '2017-11-06T21:07:36.161Z'
System info: host: 'L22622WUS', ip: '10.2.176.78', os.name: 'Windows 7', os.arch: 'amd64', os.version: '6.1', java.version: '1.8.0_102'
Driver info: com.kms.katalon.selenium.driver.CChromeDriver
Capabilities {acceptSslCerts: true, applicationCacheEnabled: false, browserConnectionEnabled: false, browserName: chrome, chrome: {chromedriverVersion: 2.33.506120 (e3e53437346286..., userDataDir: C:\Users\nipin\AppData\Loca...}, cssSelectorsEnabled: true, databaseEnabled: false, handlesAlerts: true, hasTouchScreen: false, javascriptEnabled: true, locationContextEnabled: true, mobileEmulationEnabled: false, nativeEvents: true, networkConnectionEnabled: false, pageLoadStrategy: normal, platform: XP, platformName: XP, rotatable: false, setWindowRect: true, takesHeapSnapshot: true, takesScreenshot: true, unexpectedAlertBehaviour: , unhandledPromptBehavior: , version: 62.0.3202.94, webStorageEnabled: true}
Session ID: 794e453293a5ef93bf30c94f9d94c0af)

2017-11-28 10:46:39 - [MESSAGE][FAILED] - Unable to call Test Case with id 'Test Cases/ECR/REF/ECR_Lite_NoExpertService' (Root cause: Call Test Case 'Test Cases/ECR/REF/ECR_Lite_NoExpertService' failed)]]></system-out>
         <system-err><![CDATA[2017-11-28 10:44:20 - [TEST_CASE][FAILED] - Test Cases/ECR/TC_ECRLite_NoExpertService_AllReject: Test Cases/ECR/TC_ECRLite_NoExpertService_AllReject FAILED because (of) Unable to wait for page load (Root cause: org.openqa.selenium.UnhandledAlertException: unexpected alert open: {Alert text : Please correct flagged fields before submitting the form!}
  (Session info: chrome=62.0.3202.94)
  (Driver info: chromedriver=2.33.506120 (e3e53437346286c0bc2d2dc9aa4915ba81d9023f),platform=Windows NT 6.1.7601 SP1 x86_64) (WARNING: The server did not provide any stacktrace information)
Command duration or timeout: 0 milliseconds: null
Build info: version: '3.7.1', revision: '8a0099a', time: '2017-11-06T21:07:36.161Z'
System info: host: 'L22622WUS', ip: '10.2.176.78', os.name: 'Windows 7', os.arch: 'amd64', os.version: '6.1', java.version: '1.8.0_102'
Driver info: com.kms.katalon.selenium.driver.CChromeDriver
Capabilities {acceptSslCerts: true, applicationCacheEnabled: false, browserConnectionEnabled: false, browserName: chrome, chrome: {chromedriverVersion: 2.33.506120 (e3e53437346286..., userDataDir: C:\Users\nipin\AppData\Loca...}, cssSelectorsEnabled: true, databaseEnabled: false, handlesAlerts: true, hasTouchScreen: false, javascriptEnabled: true, locationContextEnabled: true, mobileEmulationEnabled: false, nativeEvents: true, networkConnectionEnabled: false, pageLoadStrategy: normal, platform: XP, platformName: XP, rotatable: false, setWindowRect: true, takesHeapSnapshot: true, takesScreenshot: true, unexpectedAlertBehaviour: , unhandledPromptBehavior: , version: 62.0.3202.94, webStorageEnabled: true}
Session ID: 794e453293a5ef93bf30c94f9d94c0af)]]></system-err>
      </testcase>
      <testcase name="Test Cases/ECR/TC_ECR_Lite_ExpertService_AllReject" classname="Test Cases/ECR/TC_ECR_Lite_ExpertService_AllReject" status="FAILED">
         <failure type="FAILED" message="Unable to maximize current window (Root cause: org.openqa.selenium.WebDriverException: unknown error: failed to change window state to maximized, current state is normal
  (Session info: chrome=62.0.3202.94)
  (Driver info: chromedriver=2.33.506120 (e3e53437346286c0bc2d2dc9aa4915ba81d9023f),platform=Windows NT 6.1.7601 SP1 x86_64) (WARNING: The server did not provide any stacktrace information)
Command duration or timeout: 0 milliseconds
Build info: version: '3.7.1', revision: '8a0099a', time: '2017-11-06T21:07:36.161Z'
System info: host: 'L22622WUS', ip: '10.2.176.78', os.name: 'Windows 7', os.arch: 'amd64', os.version: '6.1', java.version: '1.8.0_102'
Driver info: com.kms.katalon.selenium.driver.CChromeDriver
Capabilities {acceptSslCerts: true, applicationCacheEnabled: false, browserConnectionEnabled: false, browserName: chrome, chrome: {chromedriverVersion: 2.33.506120 (e3e53437346286..., userDataDir: C:\Users\nipin\AppData\Loca...}, cssSelectorsEnabled: true, databaseEnabled: false, handlesAlerts: true, hasTouchScreen: false, javascriptEnabled: true, locationContextEnabled: true, mobileEmulationEnabled: false, nativeEvents: true, networkConnectionEnabled: false, pageLoadStrategy: normal, platform: XP, platformName: XP, rotatable: false, setWindowRect: true, takesHeapSnapshot: true, takesScreenshot: true, unexpectedAlertBehaviour: , unhandledPromptBehavior: , version: 62.0.3202.94, webStorageEnabled: true}
Session ID: cfde8e6085265642f2628fa87f6867d9)"/>
         <system-out><![CDATA[2017-11-28 10:46:39 - [TEST_CASE][FAILED] - Test Cases/ECR/TC_ECR_Lite_ExpertService_AllReject: Test Cases/ECR/TC_ECR_Lite_ExpertService_AllReject FAILED because (of) Unable to maximize current window (Root cause: org.openqa.selenium.WebDriverException: unknown error: failed to change window state to maximized, current state is normal
  (Session info: chrome=62.0.3202.94)
  (Driver info: chromedriver=2.33.506120 (e3e53437346286c0bc2d2dc9aa4915ba81d9023f),platform=Windows NT 6.1.7601 SP1 x86_64) (WARNING: The server did not provide any stacktrace information)
Command duration or timeout: 0 milliseconds
Build info: version: '3.7.1', revision: '8a0099a', time: '2017-11-06T21:07:36.161Z'
System info: host: 'L22622WUS', ip: '10.2.176.78', os.name: 'Windows 7', os.arch: 'amd64', os.version: '6.1', java.version: '1.8.0_102'
Driver info: com.kms.katalon.selenium.driver.CChromeDriver
Capabilities {acceptSslCerts: true, applicationCacheEnabled: false, browserConnectionEnabled: false, browserName: chrome, chrome: {chromedriverVersion: 2.33.506120 (e3e53437346286..., userDataDir: C:\Users\nipin\AppData\Loca...}, cssSelectorsEnabled: true, databaseEnabled: false, handlesAlerts: true, hasTouchScreen: false, javascriptEnabled: true, locationContextEnabled: true, mobileEmulationEnabled: false, nativeEvents: true, networkConnectionEnabled: false, pageLoadStrategy: normal, platform: XP, platformName: XP, rotatable: false, setWindowRect: true, takesHeapSnapshot: true, takesScreenshot: true, unexpectedAlertBehaviour: , unhandledPromptBehavior: , version: 62.0.3202.94, webStorageEnabled: true}
Session ID: cfde8e6085265642f2628fa87f6867d9)

2017-11-28 10:46:39 - [TEST_STEP][PASSED] - callTestCase: Call Test Case 'Test Cases/ECR/REF/ECR_Lite_ExpertService' successfully

2017-11-28 10:46:39 - [TEST_CASE][PASSED] - Test Cases/ECR/REF/ECR_Lite_ExpertService: Test Cases/ECR/REF/ECR_Lite_ExpertService

2017-11-28 10:46:39 - [TEST_STEP][PASSED] - com.helper.commonfunct.utilities.login: com.helper.commonfunct.utilities.login is PASSED

2017-11-28 10:46:39 - [MESSAGE][WARNING] - A browser is already opened. Closing browser and opening a new one

2017-11-28 10:46:43 - [MESSAGE][PASSED] - Browser is opened with url: ''

2017-11-28 10:46:44 - [MESSAGE][PASSED] - Navigate to 'https://vtcpqa2.rpega.com:9030/tcpqa/PRServlet' successfully

2017-11-28 10:46:44 - [MESSAGE][PASSED] - Text 'pogoa@pegasystems.com' is set on object 'Object Repository/input_UserIdentifier'

2017-11-28 10:46:45 - [MESSAGE][PASSED] - Text 'install' is set on object 'Object Repository/input_Password'

2017-11-28 10:46:48 - [MESSAGE][PASSED] - Keys 'ENTER + ' sent to object: 'Object Repository/input_Password'

2017-11-28 10:46:48 - [MESSAGE][PASSED] - com.helper.commonfunct.utilities.login is PASSED

2017-11-28 10:46:48 - [TEST_STEP][PASSED] - com.helper.commonfunct.utilities.createECR: com.helper.commonfunct.utilities.createECR is PASSED

2017-11-28 10:46:49 - [MESSAGE][PASSED] - Object: 'Object Repository/Generic/a_Actions' is clicked on

2017-11-28 10:46:51 - [MESSAGE][PASSED] - Object: 'Object Repository/span_New' is focused

2017-11-28 10:46:53 - [MESSAGE][PASSED] - Object: 'Object Repository/span_Bid Process' is clicked on

2017-11-28 10:46:53 - [MESSAGE][PASSED] - Object: 'Object Repository/ECR/BID_TYPE' is clicked on

2017-11-28 10:46:53 - [MESSAGE][PASSED] - Object 'Object Repository/button_Import' is present

2017-11-28 10:46:58 - [MESSAGE][PASSED] - Delayed 5 second(s)

2017-11-28 10:46:59 - [MESSAGE][PASSED] - Object: 'Object Repository/button_Import' is clicked on

2017-11-28 10:46:59 - [MESSAGE][PASSED] - File 'C:\Users\nipin\Desktop\Latest BSW\Final\ECR_LITE_EXPSVC.xlsm' sent to object: 'Object Repository/input_PpyWorkPageppyFilePath'

2017-11-28 10:47:04 - [MESSAGE][PASSED] - Delayed 5 second(s)

2017-11-28 10:47:04 - [MESSAGE][WARNING] - Timeout '0' is invalid. Using default page load timeout: '30'

2017-11-28 10:47:05 - [MESSAGE][PASSED] - Scroll to object 'Object Repository/button_Submit' successfully

2017-11-28 10:47:05 - [MESSAGE][PASSED] - Object: 'Object Repository/button_Submit' is clicked on

2017-11-28 10:47:05 - [MESSAGE][PASSED] - Object 'Object Repository/EngInfo/COID' is visible

2017-11-28 10:47:10 - [MESSAGE][PASSED] - Delayed 5 second(s)

2017-11-28 10:47:15 - [MESSAGE][PASSED] - Delayed 5 second(s)

2017-11-28 10:47:16 - [MESSAGE][PASSED] - Text 'BOFA' is set on object 'Object Repository/Generic/ORG'

2017-11-28 10:47:21 - [MESSAGE][PASSED] - Delayed 5 second(s)

2017-11-28 10:47:21 - [MESSAGE][PASSED] - Keys 'TAB + ' sent to object: 'Object Repository/Generic/ORG'

2017-11-28 10:47:26 - [MESSAGE][PASSED] - Delayed 5 second(s)

2017-11-28 10:47:26 - [MESSAGE][PASSED] - Text 'BOFA' is set on object 'Object Repository/Generic/ACC'

2017-11-28 10:47:31 - [MESSAGE][PASSED] - Delayed 5 second(s)

2017-11-28 10:47:31 - [MESSAGE][PASSED] - Keys 'TAB + ' sent to object: 'Object Repository/Generic/ACC'

2017-11-28 10:47:36 - [MESSAGE][PASSED] - Delayed 5 second(s)

2017-11-28 10:47:37 - [MESSAGE][PASSED] - Text 'AUTOTEST1' is set on object 'Object Repository/Generic/ENG_DESC'

2017-11-28 10:47:42 - [MESSAGE][PASSED] - Delayed 5 second(s)

2017-11-28 10:47:42 - [MESSAGE][WARNING] - Timeout '0' is invalid. Using default page load timeout: '30'

2017-11-28 10:47:42 - [MESSAGE][PASSED] - Scroll to object 'Object Repository/Generic/SUBMIT' successfully

2017-11-28 10:47:42 - [MESSAGE][PASSED] - Object: 'Object Repository/Generic/SUBMIT' is clicked on

2017-11-28 10:47:47 - [MESSAGE][PASSED] - Delayed 5 second(s)

2017-11-28 10:47:48 - [MESSAGE][PASSED] - Text 'CO-12' is set on object 'Object Repository/EngInfo/COID'

2017-11-28 10:47:55 - [MESSAGE][PASSED] - Delayed 7 second(s)

2017-11-28 10:47:55 - [MESSAGE][PASSED] - Wait for page load successfully

2017-11-28 10:47:55 - [MESSAGE][PASSED] - Object: 'Object Repository/Generic/gapDrivenMethodology' is clicked on

2017-11-28 10:48:00 - [MESSAGE][PASSED] - Delayed 5 second(s)

2017-11-28 10:48:00 - [MESSAGE][PASSED] - Object: 'Object Repository/Generic/RapidDelivery' is clicked on

2017-11-28 10:48:05 - [MESSAGE][PASSED] - Delayed 5 second(s)

2017-11-28 10:48:05 - [MESSAGE][PASSED] - Object: 'Object Repository/Generic/MorethanOneRLS' is clicked on

2017-11-28 10:48:10 - [MESSAGE][PASSED] - Delayed 5 second(s)

2017-11-28 10:48:11 - [MESSAGE][PASSED] - Text '85000' is set on object 'Object Repository/ECR/Licence'

2017-11-28 10:48:16 - [MESSAGE][PASSED] - Delayed 5 second(s)

2017-11-28 10:48:16 - [MESSAGE][PASSED] - Object 'Object Repository/Generic/platform' is visible

2017-11-28 10:48:21 - [MESSAGE][PASSED] - Delayed 5 second(s)

2017-11-28 10:48:21 - [MESSAGE][PASSED] - Keys 'AMPchroma' sent to object: 'Object Repository/Generic/PlatformID'

2017-11-28 10:48:26 - [MESSAGE][PASSED] - Delayed 5 second(s)

2017-11-28 10:48:26 - [MESSAGE][PASSED] - Keys 'N/A' sent to object: 'Object Repository/Generic/PlatformVersion'

2017-11-28 10:48:31 - [MESSAGE][PASSED] - Delayed 5 second(s)

2017-11-28 10:48:31 - [MESSAGE][PASSED] - Object: 'Object Repository/Generic/PlatformTrue' is clicked on

2017-11-28 10:48:36 - [MESSAGE][PASSED] - Delayed 5 second(s)

2017-11-28 10:48:37 - [MESSAGE][PASSED] - Keys 'Jeff Henderson' sent to object: 'Object Repository/EngInfo/PL'

2017-11-28 10:48:42 - [MESSAGE][PASSED] - Delayed 5 second(s)

2017-11-28 10:48:42 - [MESSAGE][PASSED] - Keys 'Robert Higgins' sent to object: 'Object Repository/EngInfo/PLTL'

2017-11-28 10:48:47 - [MESSAGE][PASSED] - Delayed 5 second(s)

2017-11-28 10:48:47 - [MESSAGE][PASSED] - Keys 'Eric Panepinto' sent to object: 'Object Repository/EngInfo/RL'

2017-11-28 10:48:52 - [MESSAGE][PASSED] - Delayed 5 second(s)

2017-11-28 10:48:53 - [MESSAGE][PASSED] - Keys 'Robert Lang' sent to object: 'Object Repository/EngInfo/RD'

2017-11-28 10:48:58 - [MESSAGE][PASSED] - Delayed 5 second(s)

2017-11-28 10:48:58 - [MESSAGE][PASSED] - Scroll to object 'Object Repository/NEXT_BUTTON' successfully

2017-11-28 10:48:58 - [MESSAGE][PASSED] - Object: 'Object Repository/NEXT_BUTTON' is clicked on

2017-11-28 10:48:59 - [MESSAGE][PASSED] - Wait for page load successfully

2017-11-28 10:49:06 - [MESSAGE][PASSED] - Delayed 7 second(s)

2017-11-28 10:49:07 - [MESSAGE][PASSED] - Scroll to object 'Object Repository/NEXT_BUTTON' successfully

2017-11-28 10:49:07 - [MESSAGE][PASSED] - Object: 'Object Repository/NEXT_BUTTON' is clicked on

2017-11-28 10:49:14 - [MESSAGE][PASSED] - Delayed 7 second(s)

2017-11-28 10:49:14 - [MESSAGE][PASSED] - Wait for page load successfully

2017-11-28 10:49:14 - [MESSAGE][PASSED] - Scroll to object 'Object Repository/Generic/FINISH_BUTTON' successfully

2017-11-28 10:49:14 - [MESSAGE][PASSED] - Object: 'Object Repository/Generic/FINISH_BUTTON' is clicked on

2017-11-28 10:49:18 - [MESSAGE][PASSED] - Wait for page load successfully

2017-11-28 10:49:23 - [MESSAGE][PASSED] - Delayed 5 second(s)

2017-11-28 10:49:23 - [MESSAGE][PASSED] - Text of object 'Object Repository/WO' is: 'ECR-28Nov2017-16'

2017-11-28 10:49:24 - [MESSAGE][PASSED] - Text of object 'Object Repository/ECR/WOSTATUS' is: 'Pending-RDApproval'

2017-11-28 10:49:24 - [MESSAGE][PASSED] - com.helper.commonfunct.utilities.createECR is PASSED

2017-11-28 10:49:24 - [MESSAGE][PASSED] - Call Test Case 'Test Cases/ECR/REF/ECR_Lite_ExpertService' successfully

2017-11-28 10:49:24 - [TEST_STEP][PASSED] - com.helper.commonfunct.utilities.setprop: com.helper.commonfunct.utilities.setprop is PASSED

2017-11-28 10:49:24 - [MESSAGE][PASSED] - com.helper.commonfunct.utilities.setprop is PASSED

2017-11-28 10:49:24 - [TEST_STEP][FAILED] - callTestCase: Unable to call Test Case with id 'Test Cases/ECR/REF/ECR_Approval_Reject' (Root cause: Call Test Case 'Test Cases/ECR/REF/ECR_Approval_Reject' failed)

2017-11-28 10:49:24 - [TEST_CASE][FAILED] - Test Cases/ECR/REF/ECR_Approval_Reject: Test Cases/ECR/REF/ECR_Approval_Reject FAILED because (of) Unable to maximize current window (Root cause: org.openqa.selenium.WebDriverException: unknown error: failed to change window state to maximized, current state is normal
  (Session info: chrome=62.0.3202.94)
  (Driver info: chromedriver=2.33.506120 (e3e53437346286c0bc2d2dc9aa4915ba81d9023f),platform=Windows NT 6.1.7601 SP1 x86_64) (WARNING: The server did not provide any stacktrace information)
Command duration or timeout: 0 milliseconds
Build info: version: '3.7.1', revision: '8a0099a', time: '2017-11-06T21:07:36.161Z'
System info: host: 'L22622WUS', ip: '10.2.176.78', os.name: 'Windows 7', os.arch: 'amd64', os.version: '6.1', java.version: '1.8.0_102'
Driver info: com.kms.katalon.selenium.driver.CChromeDriver
Capabilities {acceptSslCerts: true, applicationCacheEnabled: false, browserConnectionEnabled: false, browserName: chrome, chrome: {chromedriverVersion: 2.33.506120 (e3e53437346286..., userDataDir: C:\Users\nipin\AppData\Loca...}, cssSelectorsEnabled: true, databaseEnabled: false, handlesAlerts: true, hasTouchScreen: false, javascriptEnabled: true, locationContextEnabled: true, mobileEmulationEnabled: false, nativeEvents: true, networkConnectionEnabled: false, pageLoadStrategy: normal, platform: XP, platformName: XP, rotatable: false, setWindowRect: true, takesHeapSnapshot: true, takesScreenshot: true, unexpectedAlertBehaviour: , unhandledPromptBehavior: , version: 62.0.3202.94, webStorageEnabled: true}
Session ID: cfde8e6085265642f2628fa87f6867d9)

2017-11-28 10:49:24 - [TEST_STEP][FAILED] - Statement - While (WOSTATUS.contains("Pending")): Unable to maximize current window (Root cause: org.openqa.selenium.WebDriverException: unknown error: failed to change window state to maximized, current state is normal
  (Session info: chrome=62.0.3202.94)
  (Driver info: chromedriver=2.33.506120 (e3e53437346286c0bc2d2dc9aa4915ba81d9023f),platform=Windows NT 6.1.7601 SP1 x86_64) (WARNING: The server did not provide any stacktrace information)
Command duration or timeout: 0 milliseconds
Build info: version: '3.7.1', revision: '8a0099a', time: '2017-11-06T21:07:36.161Z'
System info: host: 'L22622WUS', ip: '10.2.176.78', os.name: 'Windows 7', os.arch: 'amd64', os.version: '6.1', java.version: '1.8.0_102'
Driver info: com.kms.katalon.selenium.driver.CChromeDriver
Capabilities {acceptSslCerts: true, applicationCacheEnabled: false, browserConnectionEnabled: false, browserName: chrome, chrome: {chromedriverVersion: 2.33.506120 (e3e53437346286..., userDataDir: C:\Users\nipin\AppData\Loca...}, cssSelectorsEnabled: true, databaseEnabled: false, handlesAlerts: true, hasTouchScreen: false, javascriptEnabled: true, locationContextEnabled: true, mobileEmulationEnabled: false, nativeEvents: true, networkConnectionEnabled: false, pageLoadStrategy: normal, platform: XP, platformName: XP, rotatable: false, setWindowRect: true, takesHeapSnapshot: true, takesScreenshot: true, unexpectedAlertBehaviour: , unhandledPromptBehavior: , version: 62.0.3202.94, webStorageEnabled: true}
Session ID: cfde8e6085265642f2628fa87f6867d9)

2017-11-28 10:49:24 - [TEST_STEP][PASSED] - Statement - For ([j = 0, j < AssignmentList.size(), (j++)]): com.helper.commonfunct.utilities.WOstatus is PASSED

2017-11-28 10:49:24 - [TEST_STEP][PASSED] - Statement - Status = text: null

2017-11-28 10:49:24 - [TEST_STEP][PASSED] - Statement - println(Status): null

2017-11-28 10:49:24 - [TEST_STEP][PASSED] - Statement - If (Status == "Pending-RDApproval"): com.helper.commonfunct.utilities.WOstatus is PASSED

2017-11-28 10:49:24 - [TEST_STEP][PASSED] - Statement - If (RDReject == false): null

2017-11-28 10:49:24 - [TEST_STEP][PASSED] - Statement - Else: com.helper.commonfunct.utilities.WOstatus is PASSED

2017-11-28 10:49:24 - [TEST_STEP][PASSED] - com.helper.commonfunct.utilities.login: com.helper.commonfunct.utilities.login is PASSED

2017-11-28 10:49:24 - [MESSAGE][WARNING] - A browser is already opened. Closing browser and opening a new one

2017-11-28 10:49:28 - [MESSAGE][PASSED] - Browser is opened with url: ''

2017-11-28 10:49:29 - [MESSAGE][PASSED] - Navigate to 'https://vtcpqa2.rpega.com:9030/tcpqa/PRServlet' successfully

2017-11-28 10:49:30 - [MESSAGE][PASSED] - Text 'langr1@pegasystems.com' is set on object 'Object Repository/input_UserIdentifier'

2017-11-28 10:49:31 - [MESSAGE][PASSED] - Text 'install' is set on object 'Object Repository/input_Password'

2017-11-28 10:49:36 - [MESSAGE][PASSED] - Keys 'ENTER + ' sent to object: 'Object Repository/input_Password'

2017-11-28 10:49:36 - [MESSAGE][PASSED] - com.helper.commonfunct.utilities.login is PASSED

2017-11-28 10:49:36 - [TEST_STEP][PASSED] - com.helper.commonfunct.utilities.search: com.helper.commonfunct.utilities.search is PASSED

2017-11-28 10:49:37 - [MESSAGE][PASSED] - Current window maximized

2017-11-28 10:49:42 - [MESSAGE][PASSED] - Delayed 5 second(s)

2017-11-28 10:49:42 - [MESSAGE][PASSED] - Text 'ECR-28Nov2017-16' is set on object 'Object Repository/EngInfo/search'

2017-11-28 10:49:47 - [MESSAGE][PASSED] - Delayed 5 second(s)

2017-11-28 10:49:47 - [MESSAGE][PASSED] - Keys 'ENTER + ' sent to object: 'Object Repository/EngInfo/search'

2017-11-28 10:49:52 - [MESSAGE][PASSED] - Delayed 5 second(s)

2017-11-28 10:49:52 - [MESSAGE][PASSED] - com.helper.commonfunct.utilities.search is PASSED

2017-11-28 10:49:52 - [TEST_STEP][PASSED] - maximizeWindow: Current window maximized

2017-11-28 10:49:52 - [MESSAGE][PASSED] - Current window maximized

2017-11-28 10:49:52 - [TEST_STEP][PASSED] - com.helper.commonfunct.utilities.reject: com.helper.commonfunct.utilities.reject is PASSED

2017-11-28 10:49:57 - [MESSAGE][PASSED] - Delayed 5 second(s)

2017-11-28 10:49:57 - [MESSAGE][WARNING] - Timeout '0' is invalid. Using default page load timeout: '30'

2017-11-28 10:49:59 - [MESSAGE][PASSED] - Object: 'Object Repository/Approve-Reject/link_assignment' is clicked on

2017-11-28 10:50:04 - [MESSAGE][PASSED] - Delayed 5 second(s)

2017-11-28 10:50:04 - [MESSAGE][WARNING] - Timeout '0' is invalid. Using default page load timeout: '30'

2017-11-28 10:50:04 - [MESSAGE][PASSED] - Scroll to object 'Object Repository/Approve-Reject/ReturnToRequestor' successfully

2017-11-28 10:50:05 - [MESSAGE][PASSED] - Object: 'Object Repository/Approve-Reject/ReturnToRequestor' is clicked on

2017-11-28 10:50:10 - [MESSAGE][PASSED] - Delayed 5 second(s)

2017-11-28 10:50:10 - [MESSAGE][PASSED] - Keys 'testing' sent to object: 'Object Repository/Approve-Reject/APPROVE_REJECT_NOTES'

2017-11-28 10:50:15 - [MESSAGE][PASSED] - Delayed 5 second(s)

2017-11-28 10:50:15 - [MESSAGE][WARNING] - Timeout '0' is invalid. Using default page load timeout: '30'

2017-11-28 10:50:15 - [MESSAGE][PASSED] - Scroll to object 'Object Repository/Generic/SUBMIT' successfully

2017-11-28 10:50:17 - [MESSAGE][PASSED] - Object: 'Object Repository/Generic/SUBMIT' is clicked on

2017-11-28 10:50:22 - [MESSAGE][PASSED] - Delayed 5 second(s)

2017-11-28 10:50:22 - [MESSAGE][PASSED] - com.helper.commonfunct.utilities.reject is PASSED

2017-11-28 10:50:22 - [TEST_STEP][PASSED] - Statement - RDReject = false: null

2017-11-28 10:50:22 - [TEST_STEP][PASSED] - com.helper.commonfunct.utilities.WOstatus: com.helper.commonfunct.utilities.WOstatus is PASSED

2017-11-28 10:50:23 - [MESSAGE][PASSED] - Text of object 'Object Repository/ECR/WOSTATUS' is: 'Pending-DocUpdate'

2017-11-28 10:50:23 - [MESSAGE][PASSED] - com.helper.commonfunct.utilities.WOstatus is PASSED

2017-11-28 10:50:23 - [TEST_STEP][PASSED] - Statement - For ([j = 0, j < AssignmentList.size(), (j++)]): Delayed 3 second(s)

2017-11-28 10:50:23 - [TEST_STEP][PASSED] - Statement - Status = text: null

2017-11-28 10:50:23 - [TEST_STEP][PASSED] - Statement - println(Status): null

2017-11-28 10:50:23 - [TEST_STEP][PASSED] - Statement - If (Status == "Pending-RDApproval"): null

2017-11-28 10:50:23 - [TEST_STEP][PASSED] - Statement - Else If (Status == "Pending-RLApproval"): null

2017-11-28 10:50:23 - [TEST_STEP][PASSED] - Statement - Else If (Status == "Pending-RDDApproval"): null

2017-11-28 10:50:23 - [TEST_STEP][PASSED] - Statement - Else If (Status == "Pending-OPSApproval"): null

2017-11-28 10:50:23 - [TEST_STEP][PASSED] - Statement - Else If (Status == "Pending-ExpSvcApproval"): null

2017-11-28 10:50:23 - [TEST_STEP][PASSED] - Statement - Else If (Status == "Pending-DocUpdate"): Delayed 3 second(s)

2017-11-28 10:50:23 - [TEST_STEP][PASSED] - Statement - If (Meeting == false): Delayed 3 second(s)

2017-11-28 10:50:23 - [TEST_STEP][PASSED] - com.helper.commonfunct.utilities.login: com.helper.commonfunct.utilities.login is PASSED

2017-11-28 10:50:23 - [MESSAGE][WARNING] - A browser is already opened. Closing browser and opening a new one

2017-11-28 10:50:29 - [MESSAGE][PASSED] - Browser is opened with url: ''

2017-11-28 10:50:30 - [MESSAGE][PASSED] - Navigate to 'https://vtcpqa2.rpega.com:9030/tcpqa/PRServlet' successfully

2017-11-28 10:50:32 - [MESSAGE][PASSED] - Text 'pogoa@pegasystems.com' is set on object 'Object Repository/input_UserIdentifier'

2017-11-28 10:50:33 - [MESSAGE][PASSED] - Text 'install' is set on object 'Object Repository/input_Password'

2017-11-28 10:50:39 - [MESSAGE][PASSED] - Keys 'ENTER + ' sent to object: 'Object Repository/input_Password'

2017-11-28 10:50:39 - [MESSAGE][PASSED] - com.helper.commonfunct.utilities.login is PASSED

2017-11-28 10:50:39 - [TEST_STEP][PASSED] - com.helper.commonfunct.utilities.search: com.helper.commonfunct.utilities.search is PASSED

2017-11-28 10:50:40 - [MESSAGE][PASSED] - Current window maximized

2017-11-28 10:50:45 - [MESSAGE][PASSED] - Delayed 5 second(s)

2017-11-28 10:50:46 - [MESSAGE][PASSED] - Text 'ECR-28Nov2017-16' is set on object 'Object Repository/EngInfo/search'

2017-11-28 10:50:51 - [MESSAGE][PASSED] - Delayed 5 second(s)

2017-11-28 10:50:55 - [MESSAGE][PASSED] - Keys 'ENTER + ' sent to object: 'Object Repository/EngInfo/search'

2017-11-28 10:51:00 - [MESSAGE][PASSED] - Delayed 5 second(s)

2017-11-28 10:51:00 - [MESSAGE][PASSED] - com.helper.commonfunct.utilities.search is PASSED

2017-11-28 10:51:00 - [TEST_STEP][PASSED] - maximizeWindow: Current window maximized

2017-11-28 10:51:00 - [MESSAGE][PASSED] - Current window maximized

2017-11-28 10:51:00 - [TEST_STEP][PASSED] - com.helper.commonfunct.utilities.docUpdate: com.helper.commonfunct.utilities.docUpdate is PASSED

2017-11-28 10:51:00 - [MESSAGE][WARNING] - Timeout '0' is invalid. Using default page load timeout: '30'

2017-11-28 10:51:05 - [MESSAGE][PASSED] - Delayed 5 second(s)

2017-11-28 10:51:06 - [MESSAGE][PASSED] - Object: 'Object Repository/Approve-Reject/linktoupdateEngData' is clicked on

2017-11-28 10:51:06 - [MESSAGE][WARNING] - Timeout '0' is invalid. Using default page load timeout: '30'

2017-11-28 10:51:06 - [MESSAGE][PASSED] - Scroll to object 'Object Repository/NEXT_BUTTON' successfully

2017-11-28 10:51:07 - [MESSAGE][PASSED] - Object: 'Object Repository/NEXT_BUTTON' is clicked on

2017-11-28 10:51:12 - [MESSAGE][PASSED] - Delayed 5 second(s)

2017-11-28 10:51:12 - [MESSAGE][WARNING] - Timeout '0' is invalid. Using default page load timeout: '30'

2017-11-28 10:51:12 - [MESSAGE][PASSED] - Scroll to object 'Object Repository/NEXT_BUTTON' successfully

2017-11-28 10:51:12 - [MESSAGE][PASSED] - Object: 'Object Repository/NEXT_BUTTON' is clicked on

2017-11-28 10:51:17 - [MESSAGE][PASSED] - Delayed 5 second(s)

2017-11-28 10:51:17 - [MESSAGE][PASSED] - Wait for page load successfully

2017-11-28 10:51:17 - [MESSAGE][WARNING] - Timeout '0' is invalid. Using default page load timeout: '30'

2017-11-28 10:51:17 - [MESSAGE][PASSED] - Scroll to object 'Object Repository/Generic/FINISH_BUTTON' successfully

2017-11-28 10:51:17 - [MESSAGE][PASSED] - Object: 'Object Repository/Generic/FINISH_BUTTON' is clicked on

2017-11-28 10:51:22 - [MESSAGE][PASSED] - Delayed 5 second(s)

2017-11-28 10:51:22 - [MESSAGE][PASSED] - Wait for page load successfully

2017-11-28 10:51:22 - [MESSAGE][PASSED] - com.helper.commonfunct.utilities.docUpdate is PASSED

2017-11-28 10:51:22 - [TEST_STEP][PASSED] - com.helper.commonfunct.utilities.WOstatus: com.helper.commonfunct.utilities.WOstatus is PASSED

2017-11-28 10:51:22 - [MESSAGE][PASSED] - Text of object 'Object Repository/ECR/WOSTATUS' is: 'Pending-RDApproval'

2017-11-28 10:51:22 - [MESSAGE][PASSED] - com.helper.commonfunct.utilities.WOstatus is PASSED

2017-11-28 10:51:22 - [TEST_STEP][PASSED] - delay: Delayed 3 second(s)

2017-11-28 10:51:25 - [MESSAGE][PASSED] - Delayed 3 second(s)

2017-11-28 10:51:25 - [TEST_STEP][PASSED] - Statement - For ([j = 0, j < AssignmentList.size(), (j++)]): null

2017-11-28 10:51:25 - [TEST_STEP][PASSED] - Statement - Status = text: null

2017-11-28 10:51:25 - [TEST_STEP][PASSED] - Statement - println(Status): null

2017-11-28 10:51:25 - [TEST_STEP][PASSED] - Statement - If (Status == "Pending-RDApproval"): com.helper.commonfunct.utilities.WOstatus is PASSED

2017-11-28 10:51:25 - [TEST_STEP][PASSED] - Statement - If (RDReject == false): com.helper.commonfunct.utilities.WOstatus is PASSED

2017-11-28 10:51:25 - [TEST_STEP][PASSED] - Statement - If (Meeting == true): null

2017-11-28 10:51:25 - [TEST_STEP][PASSED] - Statement - Else: com.helper.commonfunct.utilities.WOstatus is PASSED

2017-11-28 10:51:25 - [TEST_STEP][PASSED] - com.helper.commonfunct.utilities.login: com.helper.commonfunct.utilities.login is PASSED

2017-11-28 10:51:25 - [MESSAGE][WARNING] - A browser is already opened. Closing browser and opening a new one

2017-11-28 10:51:29 - [MESSAGE][PASSED] - Browser is opened with url: ''

2017-11-28 10:51:30 - [MESSAGE][PASSED] - Navigate to 'https://vtcpqa2.rpega.com:9030/tcpqa/PRServlet' successfully

2017-11-28 10:51:30 - [MESSAGE][PASSED] - Text 'langr1@pegasystems.com' is set on object 'Object Repository/input_UserIdentifier'

2017-11-28 10:51:30 - [MESSAGE][PASSED] - Text 'install' is set on object 'Object Repository/input_Password'

2017-11-28 10:51:34 - [MESSAGE][PASSED] - Keys 'ENTER + ' sent to object: 'Object Repository/input_Password'

2017-11-28 10:51:34 - [MESSAGE][PASSED] - com.helper.commonfunct.utilities.login is PASSED

2017-11-28 10:51:34 - [TEST_STEP][PASSED] - com.helper.commonfunct.utilities.search: com.helper.commonfunct.utilities.search is PASSED

2017-11-28 10:51:35 - [MESSAGE][PASSED] - Current window maximized

2017-11-28 10:51:40 - [MESSAGE][PASSED] - Delayed 5 second(s)

2017-11-28 10:51:41 - [MESSAGE][PASSED] - Text 'ECR-28Nov2017-16' is set on object 'Object Repository/EngInfo/search'

2017-11-28 10:51:46 - [MESSAGE][PASSED] - Delayed 5 second(s)

2017-11-28 10:51:46 - [MESSAGE][PASSED] - Keys 'ENTER + ' sent to object: 'Object Repository/EngInfo/search'

2017-11-28 10:51:51 - [MESSAGE][PASSED] - Delayed 5 second(s)

2017-11-28 10:51:51 - [MESSAGE][PASSED] - com.helper.commonfunct.utilities.search is PASSED

2017-11-28 10:51:51 - [TEST_STEP][PASSED] - com.helper.commonfunct.utilities.approve: com.helper.commonfunct.utilities.approve is PASSED

2017-11-28 10:51:56 - [MESSAGE][PASSED] - Delayed 5 second(s)

2017-11-28 10:51:56 - [MESSAGE][WARNING] - Timeout '0' is invalid. Using default page load timeout: '30'

2017-11-28 10:51:57 - [MESSAGE][PASSED] - Object: 'Object Repository/Approve-Reject/link_assignment' is clicked on

2017-11-28 10:52:02 - [MESSAGE][PASSED] - Delayed 5 second(s)

2017-11-28 10:52:02 - [MESSAGE][WARNING] - Timeout '0' is invalid. Using default page load timeout: '30'

2017-11-28 10:52:02 - [MESSAGE][PASSED] - Scroll to object 'Object Repository/Approve-Reject/APPROVE_BUTTON' successfully

2017-11-28 10:52:02 - [MESSAGE][PASSED] - Object: 'Object Repository/Approve-Reject/APPROVE_BUTTON' is clicked on

2017-11-28 10:52:07 - [MESSAGE][PASSED] - Delayed 5 second(s)

2017-11-28 10:52:08 - [MESSAGE][PASSED] - Keys 'testing' sent to object: 'Object Repository/Approve-Reject/APPROVE_REJECT_NOTES'

2017-11-28 10:52:13 - [MESSAGE][PASSED] - Delayed 5 second(s)

2017-11-28 10:52:13 - [MESSAGE][WARNING] - Timeout '0' is invalid. Using default page load timeout: '30'

2017-11-28 10:52:13 - [MESSAGE][PASSED] - Scroll to object 'Object Repository/Generic/SUBMIT' successfully

2017-11-28 10:52:18 - [MESSAGE][PASSED] - Object: 'Object Repository/Generic/SUBMIT' is clicked on

2017-11-28 10:52:23 - [MESSAGE][PASSED] - Delayed 5 second(s)

2017-11-28 10:52:23 - [MESSAGE][PASSED] - com.helper.commonfunct.utilities.approve is PASSED

2017-11-28 10:52:23 - [TEST_STEP][PASSED] - com.helper.commonfunct.utilities.WOstatus: com.helper.commonfunct.utilities.WOstatus is PASSED

2017-11-28 10:52:23 - [MESSAGE][PASSED] - Text of object 'Object Repository/ECR/WOSTATUS' is: 'Pending-Approval'

2017-11-28 10:52:23 - [MESSAGE][PASSED] - com.helper.commonfunct.utilities.WOstatus is PASSED

2017-11-28 10:52:23 - [TEST_STEP][PASSED] - Statement - Status = text: null

2017-11-28 10:52:23 - [TEST_STEP][PASSED] - Statement - println(Status): null

2017-11-28 10:52:23 - [TEST_STEP][PASSED] - Statement - If (Status == "Pending-RDApproval"): null

2017-11-28 10:52:23 - [TEST_STEP][PASSED] - Statement - Else If (Status == "Pending-RLApproval"): null

2017-11-28 10:52:23 - [TEST_STEP][PASSED] - Statement - Else If (Status == "Pending-RDDApproval"): null

2017-11-28 10:52:23 - [TEST_STEP][PASSED] - Statement - Else If (Status == "Pending-OPSApproval"): null

2017-11-28 10:52:23 - [TEST_STEP][PASSED] - Statement - If (OpsReject == false): null

2017-11-28 10:52:23 - [TEST_STEP][PASSED] - Statement - Else: null

2017-11-28 10:52:23 - [TEST_STEP][PASSED] - com.helper.commonfunct.utilities.login: com.helper.commonfunct.utilities.login is PASSED

2017-11-28 10:52:23 - [MESSAGE][WARNING] - A browser is already opened. Closing browser and opening a new one

2017-11-28 10:52:27 - [MESSAGE][PASSED] - Browser is opened with url: ''

2017-11-28 10:52:27 - [MESSAGE][PASSED] - Navigate to 'https://vtcpqa2.rpega.com:9030/tcpqa/PRServlet' successfully

2017-11-28 10:52:28 - [MESSAGE][PASSED] - Text 'pogoa@pegasystems.com' is set on object 'Object Repository/input_UserIdentifier'

2017-11-28 10:52:28 - [MESSAGE][PASSED] - Text 'install' is set on object 'Object Repository/input_Password'

2017-11-28 10:52:32 - [MESSAGE][PASSED] - Keys 'ENTER + ' sent to object: 'Object Repository/input_Password'

2017-11-28 10:52:32 - [MESSAGE][PASSED] - com.helper.commonfunct.utilities.login is PASSED

2017-11-28 10:52:32 - [TEST_STEP][PASSED] - com.helper.commonfunct.utilities.search: com.helper.commonfunct.utilities.search is PASSED

2017-11-28 10:52:33 - [MESSAGE][PASSED] - Current window maximized

2017-11-28 10:52:38 - [MESSAGE][PASSED] - Delayed 5 second(s)

2017-11-28 10:52:38 - [MESSAGE][PASSED] - Text 'ECR-28Nov2017-16' is set on object 'Object Repository/EngInfo/search'

2017-11-28 10:52:43 - [MESSAGE][PASSED] - Delayed 5 second(s)

2017-11-28 10:52:43 - [MESSAGE][PASSED] - Keys 'ENTER + ' sent to object: 'Object Repository/EngInfo/search'

2017-11-28 10:52:48 - [MESSAGE][PASSED] - Delayed 5 second(s)

2017-11-28 10:52:48 - [MESSAGE][PASSED] - com.helper.commonfunct.utilities.search is PASSED

2017-11-28 10:52:48 - [TEST_STEP][PASSED] - maximizeWindow: Current window maximized

2017-11-28 10:52:48 - [MESSAGE][PASSED] - Current window maximized

2017-11-28 10:52:48 - [TEST_STEP][PASSED] - com.helper.commonfunct.utilities.gsopsReject: com.helper.commonfunct.utilities.gsopsReject is PASSED

2017-11-28 10:52:53 - [MESSAGE][PASSED] - Delayed 5 second(s)

2017-11-28 10:52:53 - [MESSAGE][WARNING] - Timeout '0' is invalid. Using default page load timeout: '30'

2017-11-28 10:52:55 - [MESSAGE][WARNING] - Timeout '0' is invalid. Using default page load timeout: '30'

2017-11-28 10:52:56 - [MESSAGE][PASSED] - Scroll to object 'Object Repository/Approve-Reject/ReturnToRequestor' successfully

2017-11-28 10:52:56 - [MESSAGE][PASSED] - Object: 'Object Repository/Approve-Reject/ReturnToRequestor' is clicked on

2017-11-28 10:53:01 - [MESSAGE][PASSED] - Delayed 5 second(s)

2017-11-28 10:53:01 - [MESSAGE][PASSED] - Keys 'testing' sent to object: 'Object Repository/Approve-Reject/APPROVE_REJECT_NOTES'

2017-11-28 10:53:06 - [MESSAGE][PASSED] - Delayed 5 second(s)

2017-11-28 10:53:06 - [MESSAGE][WARNING] - Timeout '0' is invalid. Using default page load timeout: '30'

2017-11-28 10:53:06 - [MESSAGE][PASSED] - Scroll to object 'Object Repository/Generic/SUBMIT' successfully

2017-11-28 10:53:06 - [MESSAGE][PASSED] - Object: 'Object Repository/Generic/SUBMIT' is clicked on

2017-11-28 10:53:11 - [MESSAGE][PASSED] - Delayed 5 second(s)

2017-11-28 10:53:11 - [MESSAGE][PASSED] - Scroll to object 'Object Repository/NEXT_BUTTON' successfully

2017-11-28 10:53:12 - [MESSAGE][PASSED] - Object: 'Object Repository/NEXT_BUTTON' is clicked on

2017-11-28 10:53:17 - [MESSAGE][PASSED] - Delayed 5 second(s)

2017-11-28 10:53:17 - [MESSAGE][PASSED] - Scroll to object 'Object Repository/NEXT_BUTTON' successfully

2017-11-28 10:53:17 - [MESSAGE][PASSED] - Object: 'Object Repository/NEXT_BUTTON' is clicked on

2017-11-28 10:53:22 - [MESSAGE][PASSED] - Delayed 5 second(s)

2017-11-28 10:53:22 - [MESSAGE][PASSED] - Scroll to object 'Object Repository/Generic/FINISH_BUTTON' successfully

2017-11-28 10:53:22 - [MESSAGE][PASSED] - Object: 'Object Repository/Generic/FINISH_BUTTON' is clicked on

2017-11-28 10:53:27 - [MESSAGE][PASSED] - Delayed 5 second(s)

2017-11-28 10:53:27 - [MESSAGE][PASSED] - Text of object 'Object Repository/WO' is: 'ECR-28Nov2017-16'

2017-11-28 10:53:27 - [MESSAGE][PASSED] - Text of object 'Object Repository/ECR/WOSTATUS' is: 'Pending-RDApproval'

2017-11-28 10:53:27 - [MESSAGE][PASSED] - com.helper.commonfunct.utilities.gsopsReject is PASSED

2017-11-28 10:53:27 - [TEST_STEP][PASSED] - Statement - OpsReject = false: null

2017-11-28 10:53:27 - [TEST_STEP][PASSED] - Statement - For ([j = 0, j < AssignmentList.size(), (j++)]): com.helper.commonfunct.utilities.WOstatus is PASSED

2017-11-28 10:53:27 - [TEST_STEP][PASSED] - Statement - Status = text: null

2017-11-28 10:53:28 - [TEST_STEP][PASSED] - Statement - println(Status): null

2017-11-28 10:53:28 - [TEST_STEP][PASSED] - Statement - If (Status == "Pending-RDApproval"): com.helper.commonfunct.utilities.WOstatus is PASSED

2017-11-28 10:53:28 - [TEST_STEP][PASSED] - Statement - If (RDReject == false): com.helper.commonfunct.utilities.WOstatus is PASSED

2017-11-28 10:53:28 - [TEST_STEP][PASSED] - Statement - If (Meeting == true): null

2017-11-28 10:53:28 - [TEST_STEP][PASSED] - Statement - Else: com.helper.commonfunct.utilities.WOstatus is PASSED

2017-11-28 10:53:28 - [TEST_STEP][PASSED] - com.helper.commonfunct.utilities.login: com.helper.commonfunct.utilities.login is PASSED

2017-11-28 10:53:28 - [MESSAGE][WARNING] - A browser is already opened. Closing browser and opening a new one

2017-11-28 10:53:31 - [MESSAGE][PASSED] - Browser is opened with url: ''

2017-11-28 10:53:32 - [MESSAGE][PASSED] - Navigate to 'https://vtcpqa2.rpega.com:9030/tcpqa/PRServlet' successfully

2017-11-28 10:53:32 - [MESSAGE][PASSED] - Text 'langr1@pegasystems.com' is set on object 'Object Repository/input_UserIdentifier'

2017-11-28 10:53:32 - [MESSAGE][PASSED] - Text 'install' is set on object 'Object Repository/input_Password'

2017-11-28 10:53:35 - [MESSAGE][PASSED] - Keys 'ENTER + ' sent to object: 'Object Repository/input_Password'

2017-11-28 10:53:35 - [MESSAGE][PASSED] - com.helper.commonfunct.utilities.login is PASSED

2017-11-28 10:53:35 - [TEST_STEP][PASSED] - com.helper.commonfunct.utilities.search: com.helper.commonfunct.utilities.search is PASSED

2017-11-28 10:53:36 - [MESSAGE][PASSED] - Current window maximized

2017-11-28 10:53:41 - [MESSAGE][PASSED] - Delayed 5 second(s)

2017-11-28 10:53:42 - [MESSAGE][PASSED] - Text 'ECR-28Nov2017-16' is set on object 'Object Repository/EngInfo/search'

2017-11-28 10:53:47 - [MESSAGE][PASSED] - Delayed 5 second(s)

2017-11-28 10:53:49 - [MESSAGE][PASSED] - Keys 'ENTER + ' sent to object: 'Object Repository/EngInfo/search'

2017-11-28 10:53:54 - [MESSAGE][PASSED] - Delayed 5 second(s)

2017-11-28 10:53:54 - [MESSAGE][PASSED] - com.helper.commonfunct.utilities.search is PASSED

2017-11-28 10:53:54 - [TEST_STEP][PASSED] - com.helper.commonfunct.utilities.approve: com.helper.commonfunct.utilities.approve is PASSED

2017-11-28 10:53:59 - [MESSAGE][PASSED] - Delayed 5 second(s)

2017-11-28 10:53:59 - [MESSAGE][WARNING] - Timeout '0' is invalid. Using default page load timeout: '30'

2017-11-28 10:54:00 - [MESSAGE][PASSED] - Object: 'Object Repository/Approve-Reject/link_assignment' is clicked on

2017-11-28 10:54:05 - [MESSAGE][PASSED] - Delayed 5 second(s)

2017-11-28 10:54:05 - [MESSAGE][WARNING] - Timeout '0' is invalid. Using default page load timeout: '30'

2017-11-28 10:54:06 - [MESSAGE][PASSED] - Scroll to object 'Object Repository/Approve-Reject/APPROVE_BUTTON' successfully

2017-11-28 10:54:06 - [MESSAGE][PASSED] - Object: 'Object Repository/Approve-Reject/APPROVE_BUTTON' is clicked on

2017-11-28 10:54:11 - [MESSAGE][PASSED] - Delayed 5 second(s)

2017-11-28 10:54:11 - [MESSAGE][PASSED] - Keys 'testing' sent to object: 'Object Repository/Approve-Reject/APPROVE_REJECT_NOTES'

2017-11-28 10:54:16 - [MESSAGE][PASSED] - Delayed 5 second(s)

2017-11-28 10:54:16 - [MESSAGE][WARNING] - Timeout '0' is invalid. Using default page load timeout: '30'

2017-11-28 10:54:16 - [MESSAGE][PASSED] - Scroll to object 'Object Repository/Generic/SUBMIT' successfully

2017-11-28 10:54:16 - [MESSAGE][PASSED] - Object: 'Object Repository/Generic/SUBMIT' is clicked on

2017-11-28 10:54:21 - [MESSAGE][PASSED] - Delayed 5 second(s)

2017-11-28 10:54:21 - [MESSAGE][PASSED] - com.helper.commonfunct.utilities.approve is PASSED

2017-11-28 10:54:21 - [TEST_STEP][PASSED] - com.helper.commonfunct.utilities.WOstatus: com.helper.commonfunct.utilities.WOstatus is PASSED

2017-11-28 10:54:21 - [MESSAGE][PASSED] - Text of object 'Object Repository/ECR/WOSTATUS' is: 'Pending-Approval'

2017-11-28 10:54:21 - [MESSAGE][PASSED] - com.helper.commonfunct.utilities.WOstatus is PASSED

2017-11-28 10:54:21 - [TEST_STEP][PASSED] - Statement - Status = text: null

2017-11-28 10:54:21 - [TEST_STEP][PASSED] - Statement - println(Status): null

2017-11-28 10:54:21 - [TEST_STEP][PASSED] - Statement - If (Status == "Pending-RDApproval"): null

2017-11-28 10:54:21 - [TEST_STEP][PASSED] - Statement - Else If (Status == "Pending-RLApproval"): null

2017-11-28 10:54:21 - [TEST_STEP][PASSED] - Statement - Else If (Status == "Pending-RDDApproval"): null

2017-11-28 10:54:21 - [TEST_STEP][PASSED] - Statement - Else If (Status == "Pending-OPSApproval"): com.helper.commonfunct.utilities.WOstatus is PASSED

2017-11-28 10:54:21 - [TEST_STEP][PASSED] - Statement - If (OpsReject == false): com.helper.commonfunct.utilities.WOstatus is PASSED

2017-11-28 10:54:21 - [TEST_STEP][PASSED] - com.helper.commonfunct.utilities.login: com.helper.commonfunct.utilities.login is PASSED

2017-11-28 10:54:21 - [MESSAGE][WARNING] - A browser is already opened. Closing browser and opening a new one

2017-11-28 10:54:25 - [MESSAGE][PASSED] - Browser is opened with url: ''

2017-11-28 10:54:26 - [MESSAGE][PASSED] - Navigate to 'https://vtcpqa2.rpega.com:9030/tcpqa/PRServlet' successfully

2017-11-28 10:54:26 - [MESSAGE][PASSED] - Text 'pogoa@pegasystems.com' is set on object 'Object Repository/input_UserIdentifier'

2017-11-28 10:54:26 - [MESSAGE][PASSED] - Text 'install' is set on object 'Object Repository/input_Password'

2017-11-28 10:54:30 - [MESSAGE][PASSED] - Keys 'ENTER + ' sent to object: 'Object Repository/input_Password'

2017-11-28 10:54:30 - [MESSAGE][PASSED] - com.helper.commonfunct.utilities.login is PASSED

2017-11-28 10:54:30 - [TEST_STEP][PASSED] - com.helper.commonfunct.utilities.search: com.helper.commonfunct.utilities.search is PASSED

2017-11-28 10:54:31 - [MESSAGE][PASSED] - Current window maximized

2017-11-28 10:54:36 - [MESSAGE][PASSED] - Delayed 5 second(s)

2017-11-28 10:54:37 - [MESSAGE][PASSED] - Text 'ECR-28Nov2017-16' is set on object 'Object Repository/EngInfo/search'

2017-11-28 10:54:42 - [MESSAGE][PASSED] - Delayed 5 second(s)

2017-11-28 10:54:42 - [MESSAGE][PASSED] - Keys 'ENTER + ' sent to object: 'Object Repository/EngInfo/search'

2017-11-28 10:54:47 - [MESSAGE][PASSED] - Delayed 5 second(s)

2017-11-28 10:54:47 - [MESSAGE][PASSED] - com.helper.commonfunct.utilities.search is PASSED

2017-11-28 10:54:47 - [TEST_STEP][PASSED] - com.helper.commonfunct.utilities.gsopsApprove: com.helper.commonfunct.utilities.gsopsApprove is PASSED

2017-11-28 10:54:52 - [MESSAGE][PASSED] - Delayed 5 second(s)

2017-11-28 10:54:52 - [MESSAGE][WARNING] - Timeout '0' is invalid. Using default page load timeout: '30'

2017-11-28 10:54:54 - [MESSAGE][WARNING] - Timeout '0' is invalid. Using default page load timeout: '30'

2017-11-28 10:54:54 - [MESSAGE][PASSED] - Scroll to object 'Object Repository/Approve-Reject/APPROVE_BUTTON' successfully

2017-11-28 10:54:54 - [MESSAGE][PASSED] - Object: 'Object Repository/Approve-Reject/APPROVE_BUTTON' is clicked on

2017-11-28 10:54:59 - [MESSAGE][PASSED] - Delayed 5 second(s)

2017-11-28 10:54:59 - [MESSAGE][PASSED] - Keys 'testing' sent to object: 'Object Repository/Approve-Reject/APPROVE_REJECT_NOTES'

2017-11-28 10:55:04 - [MESSAGE][PASSED] - Delayed 5 second(s)

2017-11-28 10:55:04 - [MESSAGE][WARNING] - Timeout '0' is invalid. Using default page load timeout: '30'

2017-11-28 10:55:04 - [MESSAGE][PASSED] - Scroll to object 'Object Repository/Generic/SUBMIT' successfully

2017-11-28 10:55:05 - [MESSAGE][PASSED] - Object: 'Object Repository/Generic/SUBMIT' is clicked on

2017-11-28 10:55:10 - [MESSAGE][PASSED] - Delayed 5 second(s)

2017-11-28 10:55:10 - [MESSAGE][PASSED] - com.helper.commonfunct.utilities.gsopsApprove is PASSED

2017-11-28 10:55:10 - [TEST_STEP][PASSED] - com.helper.commonfunct.utilities.WOstatus: com.helper.commonfunct.utilities.WOstatus is PASSED

2017-11-28 10:55:10 - [MESSAGE][PASSED] - Text of object 'Object Repository/ECR/WOSTATUS' is: 'Pending-Approval'

2017-11-28 10:55:10 - [MESSAGE][PASSED] - com.helper.commonfunct.utilities.WOstatus is PASSED

2017-11-28 10:55:10 - [TEST_STEP][PASSED] - Statement - For ([j = 0, j < AssignmentList.size(), (j++)]): null

2017-11-28 10:55:10 - [TEST_STEP][PASSED] - Statement - Status = text: null

2017-11-28 10:55:10 - [TEST_STEP][PASSED] - Statement - println(Status): null

2017-11-28 10:55:10 - [TEST_STEP][PASSED] - Statement - If (Status == "Pending-RDApproval"): null

2017-11-28 10:55:10 - [TEST_STEP][PASSED] - Statement - Else If (Status == "Pending-RLApproval"): null

2017-11-28 10:55:10 - [TEST_STEP][PASSED] - Statement - Else If (Status == "Pending-RDDApproval"): null

2017-11-28 10:55:10 - [TEST_STEP][PASSED] - Statement - If (RDD_Reject == false): null

2017-11-28 10:55:10 - [TEST_STEP][PASSED] - Statement - Else: null

2017-11-28 10:55:10 - [TEST_STEP][PASSED] - com.helper.commonfunct.utilities.login: com.helper.commonfunct.utilities.login is PASSED

2017-11-28 10:55:10 - [MESSAGE][WARNING] - A browser is already opened. Closing browser and opening a new one

2017-11-28 10:55:13 - [MESSAGE][PASSED] - Browser is opened with url: ''

2017-11-28 10:55:14 - [MESSAGE][PASSED] - Navigate to 'https://vtcpqa2.rpega.com:9030/tcpqa/PRServlet' successfully

2017-11-28 10:55:14 - [MESSAGE][PASSED] - Text 'lachd@pegasystems.com' is set on object 'Object Repository/input_UserIdentifier'

2017-11-28 10:55:15 - [MESSAGE][PASSED] - Text 'install' is set on object 'Object Repository/input_Password'

2017-11-28 10:55:19 - [MESSAGE][PASSED] - Keys 'ENTER + ' sent to object: 'Object Repository/input_Password'

2017-11-28 10:55:19 - [MESSAGE][PASSED] - com.helper.commonfunct.utilities.login is PASSED

2017-11-28 10:55:19 - [TEST_STEP][PASSED] - com.helper.commonfunct.utilities.search: com.helper.commonfunct.utilities.search is PASSED

2017-11-28 10:55:20 - [MESSAGE][PASSED] - Current window maximized

2017-11-28 10:55:25 - [MESSAGE][PASSED] - Delayed 5 second(s)

2017-11-28 10:55:25 - [MESSAGE][PASSED] - Text 'ECR-28Nov2017-16' is set on object 'Object Repository/EngInfo/search'

2017-11-28 10:55:30 - [MESSAGE][PASSED] - Delayed 5 second(s)

2017-11-28 10:55:30 - [MESSAGE][PASSED] - Keys 'ENTER + ' sent to object: 'Object Repository/EngInfo/search'

2017-11-28 10:55:36 - [MESSAGE][PASSED] - Delayed 5 second(s)

2017-11-28 10:55:36 - [MESSAGE][PASSED] - com.helper.commonfunct.utilities.search is PASSED

2017-11-28 10:55:36 - [TEST_STEP][PASSED] - com.helper.commonfunct.utilities.reject: com.helper.commonfunct.utilities.reject is PASSED

2017-11-28 10:55:41 - [MESSAGE][PASSED] - Delayed 5 second(s)

2017-11-28 10:55:41 - [MESSAGE][WARNING] - Timeout '0' is invalid. Using default page load timeout: '30'

2017-11-28 10:55:42 - [MESSAGE][PASSED] - Object: 'Object Repository/Approve-Reject/link_assignment' is clicked on

2017-11-28 10:55:47 - [MESSAGE][PASSED] - Delayed 5 second(s)

2017-11-28 10:55:47 - [MESSAGE][WARNING] - Timeout '0' is invalid. Using default page load timeout: '30'

2017-11-28 10:55:47 - [MESSAGE][PASSED] - Scroll to object 'Object Repository/Approve-Reject/ReturnToRequestor' successfully

2017-11-28 10:55:47 - [MESSAGE][PASSED] - Object: 'Object Repository/Approve-Reject/ReturnToRequestor' is clicked on

2017-11-28 10:55:52 - [MESSAGE][PASSED] - Delayed 5 second(s)

2017-11-28 10:55:52 - [MESSAGE][PASSED] - Keys 'testing' sent to object: 'Object Repository/Approve-Reject/APPROVE_REJECT_NOTES'

2017-11-28 10:55:57 - [MESSAGE][PASSED] - Delayed 5 second(s)

2017-11-28 10:55:57 - [MESSAGE][WARNING] - Timeout '0' is invalid. Using default page load timeout: '30'

2017-11-28 10:55:58 - [MESSAGE][PASSED] - Scroll to object 'Object Repository/Generic/SUBMIT' successfully

2017-11-28 10:55:58 - [MESSAGE][PASSED] - Object: 'Object Repository/Generic/SUBMIT' is clicked on

2017-11-28 10:56:03 - [MESSAGE][PASSED] - Delayed 5 second(s)

2017-11-28 10:56:03 - [MESSAGE][PASSED] - com.helper.commonfunct.utilities.reject is PASSED

2017-11-28 10:56:03 - [TEST_STEP][PASSED] - Statement - RDD_Reject = false: null

2017-11-28 10:56:03 - [TEST_STEP][PASSED] - com.helper.commonfunct.utilities.WOstatus: com.helper.commonfunct.utilities.WOstatus is PASSED

2017-11-28 10:56:03 - [MESSAGE][PASSED] - Text of object 'Object Repository/ECR/WOSTATUS' is: 'Pending-DocUpdate'

2017-11-28 10:56:03 - [MESSAGE][PASSED] - com.helper.commonfunct.utilities.WOstatus is PASSED

2017-11-28 10:56:03 - [TEST_STEP][PASSED] - Statement - println(Status): null

2017-11-28 10:56:03 - [TEST_STEP][PASSED] - Statement - For ([j = 0, j < AssignmentList.size(), (j++)]): Delayed 3 second(s)

2017-11-28 10:56:03 - [TEST_STEP][PASSED] - Statement - Status = text: null

2017-11-28 10:56:03 - [TEST_STEP][PASSED] - Statement - println(Status): null

2017-11-28 10:56:03 - [TEST_STEP][PASSED] - Statement - If (Status == "Pending-RDApproval"): null

2017-11-28 10:56:03 - [TEST_STEP][PASSED] - Statement - Else If (Status == "Pending-RLApproval"): null

2017-11-28 10:56:03 - [TEST_STEP][PASSED] - Statement - Else If (Status == "Pending-RDDApproval"): null

2017-11-28 10:56:03 - [TEST_STEP][PASSED] - Statement - Else If (Status == "Pending-OPSApproval"): null

2017-11-28 10:56:03 - [TEST_STEP][PASSED] - Statement - Else If (Status == "Pending-ExpSvcApproval"): null

2017-11-28 10:56:03 - [TEST_STEP][PASSED] - Statement - Else If (Status == "Pending-DocUpdate"): Delayed 3 second(s)

2017-11-28 10:56:03 - [TEST_STEP][PASSED] - Statement - If (Meeting == false): Delayed 3 second(s)

2017-11-28 10:56:03 - [TEST_STEP][PASSED] - com.helper.commonfunct.utilities.login: com.helper.commonfunct.utilities.login is PASSED

2017-11-28 10:56:03 - [MESSAGE][WARNING] - A browser is already opened. Closing browser and opening a new one

2017-11-28 10:56:06 - [MESSAGE][PASSED] - Browser is opened with url: ''

2017-11-28 10:56:07 - [MESSAGE][PASSED] - Navigate to 'https://vtcpqa2.rpega.com:9030/tcpqa/PRServlet' successfully

2017-11-28 10:56:07 - [MESSAGE][PASSED] - Text 'pogoa@pegasystems.com' is set on object 'Object Repository/input_UserIdentifier'

2017-11-28 10:56:07 - [MESSAGE][PASSED] - Text 'install' is set on object 'Object Repository/input_Password'

2017-11-28 10:56:11 - [MESSAGE][PASSED] - Keys 'ENTER + ' sent to object: 'Object Repository/input_Password'

2017-11-28 10:56:11 - [MESSAGE][PASSED] - com.helper.commonfunct.utilities.login is PASSED

2017-11-28 10:56:11 - [TEST_STEP][PASSED] - com.helper.commonfunct.utilities.search: com.helper.commonfunct.utilities.search is PASSED

2017-11-28 10:56:12 - [MESSAGE][PASSED] - Current window maximized

2017-11-28 10:56:17 - [MESSAGE][PASSED] - Delayed 5 second(s)

2017-11-28 10:56:18 - [MESSAGE][PASSED] - Text 'ECR-28Nov2017-16' is set on object 'Object Repository/EngInfo/search'

2017-11-28 10:56:23 - [MESSAGE][PASSED] - Delayed 5 second(s)

2017-11-28 10:56:23 - [MESSAGE][PASSED] - Keys 'ENTER + ' sent to object: 'Object Repository/EngInfo/search'

2017-11-28 10:56:28 - [MESSAGE][PASSED] - Delayed 5 second(s)

2017-11-28 10:56:28 - [MESSAGE][PASSED] - com.helper.commonfunct.utilities.search is PASSED

2017-11-28 10:56:28 - [TEST_STEP][PASSED] - maximizeWindow: Current window maximized

2017-11-28 10:56:28 - [MESSAGE][PASSED] - Current window maximized

2017-11-28 10:56:28 - [TEST_STEP][PASSED] - com.helper.commonfunct.utilities.docUpdate: com.helper.commonfunct.utilities.docUpdate is PASSED

2017-11-28 10:56:28 - [MESSAGE][WARNING] - Timeout '0' is invalid. Using default page load timeout: '30'

2017-11-28 10:56:33 - [MESSAGE][PASSED] - Delayed 5 second(s)

2017-11-28 10:56:34 - [MESSAGE][PASSED] - Object: 'Object Repository/Approve-Reject/linktoupdateEngData' is clicked on

2017-11-28 10:56:34 - [MESSAGE][WARNING] - Timeout '0' is invalid. Using default page load timeout: '30'

2017-11-28 10:56:34 - [MESSAGE][PASSED] - Scroll to object 'Object Repository/NEXT_BUTTON' successfully

2017-11-28 10:56:35 - [MESSAGE][PASSED] - Object: 'Object Repository/NEXT_BUTTON' is clicked on

2017-11-28 10:56:40 - [MESSAGE][PASSED] - Delayed 5 second(s)

2017-11-28 10:56:40 - [MESSAGE][WARNING] - Timeout '0' is invalid. Using default page load timeout: '30'

2017-11-28 10:56:40 - [MESSAGE][PASSED] - Scroll to object 'Object Repository/NEXT_BUTTON' successfully

2017-11-28 10:56:42 - [MESSAGE][PASSED] - Object: 'Object Repository/NEXT_BUTTON' is clicked on

2017-11-28 10:56:47 - [MESSAGE][PASSED] - Delayed 5 second(s)

2017-11-28 10:56:47 - [MESSAGE][PASSED] - Wait for page load successfully

2017-11-28 10:56:47 - [MESSAGE][WARNING] - Timeout '0' is invalid. Using default page load timeout: '30'

2017-11-28 10:56:47 - [MESSAGE][PASSED] - Scroll to object 'Object Repository/Generic/FINISH_BUTTON' successfully

2017-11-28 10:56:47 - [MESSAGE][PASSED] - Object: 'Object Repository/Generic/FINISH_BUTTON' is clicked on

2017-11-28 10:56:52 - [MESSAGE][PASSED] - Delayed 5 second(s)

2017-11-28 10:56:52 - [MESSAGE][PASSED] - Wait for page load successfully

2017-11-28 10:56:52 - [MESSAGE][PASSED] - com.helper.commonfunct.utilities.docUpdate is PASSED

2017-11-28 10:56:52 - [TEST_STEP][PASSED] - com.helper.commonfunct.utilities.WOstatus: com.helper.commonfunct.utilities.WOstatus is PASSED

2017-11-28 10:56:52 - [MESSAGE][PASSED] - Text of object 'Object Repository/ECR/WOSTATUS' is: 'Pending-RDApproval'

2017-11-28 10:56:52 - [MESSAGE][PASSED] - com.helper.commonfunct.utilities.WOstatus is PASSED

2017-11-28 10:56:52 - [TEST_STEP][PASSED] - delay: Delayed 3 second(s)

2017-11-28 10:56:55 - [MESSAGE][PASSED] - Delayed 3 second(s)

2017-11-28 10:56:55 - [TEST_STEP][PASSED] - Statement - For ([j = 0, j < AssignmentList.size(), (j++)]): com.helper.commonfunct.utilities.WOstatus is PASSED

2017-11-28 10:56:55 - [TEST_STEP][PASSED] - Statement - Status = text: null

2017-11-28 10:56:55 - [TEST_STEP][PASSED] - Statement - println(Status): null

2017-11-28 10:56:55 - [TEST_STEP][PASSED] - Statement - If (Status == "Pending-RDApproval"): com.helper.commonfunct.utilities.WOstatus is PASSED

2017-11-28 10:56:55 - [TEST_STEP][PASSED] - Statement - If (RDReject == false): com.helper.commonfunct.utilities.WOstatus is PASSED

2017-11-28 10:56:55 - [TEST_STEP][PASSED] - Statement - If (Meeting == true): null

2017-11-28 10:56:55 - [TEST_STEP][PASSED] - Statement - Else: com.helper.commonfunct.utilities.WOstatus is PASSED

2017-11-28 10:56:55 - [TEST_STEP][PASSED] - com.helper.commonfunct.utilities.login: com.helper.commonfunct.utilities.login is PASSED

2017-11-28 10:56:55 - [MESSAGE][WARNING] - A browser is already opened. Closing browser and opening a new one

2017-11-28 10:56:59 - [MESSAGE][PASSED] - Browser is opened with url: ''

2017-11-28 10:56:59 - [MESSAGE][PASSED] - Navigate to 'https://vtcpqa2.rpega.com:9030/tcpqa/PRServlet' successfully

2017-11-28 10:57:00 - [MESSAGE][PASSED] - Text 'langr1@pegasystems.com' is set on object 'Object Repository/input_UserIdentifier'

2017-11-28 10:57:00 - [MESSAGE][PASSED] - Text 'install' is set on object 'Object Repository/input_Password'

2017-11-28 10:57:03 - [MESSAGE][PASSED] - Keys 'ENTER + ' sent to object: 'Object Repository/input_Password'

2017-11-28 10:57:03 - [MESSAGE][PASSED] - com.helper.commonfunct.utilities.login is PASSED

2017-11-28 10:57:03 - [TEST_STEP][PASSED] - com.helper.commonfunct.utilities.search: com.helper.commonfunct.utilities.search is PASSED

2017-11-28 10:57:04 - [MESSAGE][PASSED] - Current window maximized

2017-11-28 10:57:09 - [MESSAGE][PASSED] - Delayed 5 second(s)

2017-11-28 10:57:10 - [MESSAGE][PASSED] - Text 'ECR-28Nov2017-16' is set on object 'Object Repository/EngInfo/search'

2017-11-28 10:57:15 - [MESSAGE][PASSED] - Delayed 5 second(s)

2017-11-28 10:57:15 - [MESSAGE][PASSED] - Keys 'ENTER + ' sent to object: 'Object Repository/EngInfo/search'

2017-11-28 10:57:20 - [MESSAGE][PASSED] - Delayed 5 second(s)

2017-11-28 10:57:20 - [MESSAGE][PASSED] - com.helper.commonfunct.utilities.search is PASSED

2017-11-28 10:57:20 - [TEST_STEP][PASSED] - com.helper.commonfunct.utilities.approve: com.helper.commonfunct.utilities.approve is PASSED

2017-11-28 10:57:25 - [MESSAGE][PASSED] - Delayed 5 second(s)

2017-11-28 10:57:25 - [MESSAGE][WARNING] - Timeout '0' is invalid. Using default page load timeout: '30'

2017-11-28 10:57:27 - [MESSAGE][PASSED] - Object: 'Object Repository/Approve-Reject/link_assignment' is clicked on

2017-11-28 10:57:32 - [MESSAGE][PASSED] - Delayed 5 second(s)

2017-11-28 10:57:32 - [MESSAGE][WARNING] - Timeout '0' is invalid. Using default page load timeout: '30'

2017-11-28 10:57:32 - [MESSAGE][PASSED] - Scroll to object 'Object Repository/Approve-Reject/APPROVE_BUTTON' successfully

2017-11-28 10:57:32 - [MESSAGE][PASSED] - Object: 'Object Repository/Approve-Reject/APPROVE_BUTTON' is clicked on

2017-11-28 10:57:37 - [MESSAGE][PASSED] - Delayed 5 second(s)

2017-11-28 10:57:37 - [MESSAGE][PASSED] - Keys 'testing' sent to object: 'Object Repository/Approve-Reject/APPROVE_REJECT_NOTES'

2017-11-28 10:57:42 - [MESSAGE][PASSED] - Delayed 5 second(s)

2017-11-28 10:57:42 - [MESSAGE][WARNING] - Timeout '0' is invalid. Using default page load timeout: '30'

2017-11-28 10:57:42 - [MESSAGE][PASSED] - Scroll to object 'Object Repository/Generic/SUBMIT' successfully

2017-11-28 10:57:43 - [MESSAGE][PASSED] - Object: 'Object Repository/Generic/SUBMIT' is clicked on

2017-11-28 10:57:48 - [MESSAGE][PASSED] - Delayed 5 second(s)

2017-11-28 10:57:48 - [MESSAGE][PASSED] - com.helper.commonfunct.utilities.approve is PASSED

2017-11-28 10:57:48 - [TEST_STEP][PASSED] - com.helper.commonfunct.utilities.WOstatus: com.helper.commonfunct.utilities.WOstatus is PASSED

2017-11-28 10:57:48 - [MESSAGE][PASSED] - Text of object 'Object Repository/ECR/WOSTATUS' is: 'Pending-Approval'

2017-11-28 10:57:48 - [MESSAGE][PASSED] - com.helper.commonfunct.utilities.WOstatus is PASSED

2017-11-28 10:57:48 - [TEST_STEP][PASSED] - Statement - Status = text: null

2017-11-28 10:57:48 - [TEST_STEP][PASSED] - Statement - println(Status): null

2017-11-28 10:57:48 - [TEST_STEP][PASSED] - Statement - If (Status == "Pending-RDApproval"): null

2017-11-28 10:57:48 - [TEST_STEP][PASSED] - Statement - Else If (Status == "Pending-RLApproval"): null

2017-11-28 10:57:48 - [TEST_STEP][PASSED] - Statement - Else If (Status == "Pending-RDDApproval"): null

2017-11-28 10:57:48 - [TEST_STEP][PASSED] - Statement - Else If (Status == "Pending-OPSApproval"): com.helper.commonfunct.utilities.WOstatus is PASSED

2017-11-28 10:57:48 - [TEST_STEP][PASSED] - Statement - If (OpsReject == false): com.helper.commonfunct.utilities.WOstatus is PASSED

2017-11-28 10:57:48 - [TEST_STEP][PASSED] - com.helper.commonfunct.utilities.login: com.helper.commonfunct.utilities.login is PASSED

2017-11-28 10:57:48 - [MESSAGE][WARNING] - A browser is already opened. Closing browser and opening a new one

2017-11-28 10:57:52 - [MESSAGE][PASSED] - Browser is opened with url: ''

2017-11-28 10:57:54 - [MESSAGE][PASSED] - Navigate to 'https://vtcpqa2.rpega.com:9030/tcpqa/PRServlet' successfully

2017-11-28 10:57:54 - [MESSAGE][PASSED] - Text 'pogoa@pegasystems.com' is set on object 'Object Repository/input_UserIdentifier'

2017-11-28 10:57:54 - [MESSAGE][PASSED] - Text 'install' is set on object 'Object Repository/input_Password'

2017-11-28 10:57:59 - [MESSAGE][PASSED] - Keys 'ENTER + ' sent to object: 'Object Repository/input_Password'

2017-11-28 10:57:59 - [MESSAGE][PASSED] - com.helper.commonfunct.utilities.login is PASSED

2017-11-28 10:57:59 - [TEST_STEP][PASSED] - com.helper.commonfunct.utilities.search: com.helper.commonfunct.utilities.search is PASSED

2017-11-28 10:58:00 - [MESSAGE][PASSED] - Current window maximized

2017-11-28 10:58:05 - [MESSAGE][PASSED] - Delayed 5 second(s)

2017-11-28 10:58:06 - [MESSAGE][PASSED] - Text 'ECR-28Nov2017-16' is set on object 'Object Repository/EngInfo/search'

2017-11-28 10:58:11 - [MESSAGE][PASSED] - Delayed 5 second(s)

2017-11-28 10:58:11 - [MESSAGE][PASSED] - Keys 'ENTER + ' sent to object: 'Object Repository/EngInfo/search'

2017-11-28 10:58:16 - [MESSAGE][PASSED] - Delayed 5 second(s)

2017-11-28 10:58:16 - [MESSAGE][PASSED] - com.helper.commonfunct.utilities.search is PASSED

2017-11-28 10:58:16 - [TEST_STEP][PASSED] - com.helper.commonfunct.utilities.gsopsApprove: com.helper.commonfunct.utilities.gsopsApprove is PASSED

2017-11-28 10:58:21 - [MESSAGE][PASSED] - Delayed 5 second(s)

2017-11-28 10:58:21 - [MESSAGE][WARNING] - Timeout '0' is invalid. Using default page load timeout: '30'

2017-11-28 10:58:23 - [MESSAGE][WARNING] - Timeout '0' is invalid. Using default page load timeout: '30'

2017-11-28 10:58:23 - [MESSAGE][PASSED] - Scroll to object 'Object Repository/Approve-Reject/APPROVE_BUTTON' successfully

2017-11-28 10:58:23 - [MESSAGE][PASSED] - Object: 'Object Repository/Approve-Reject/APPROVE_BUTTON' is clicked on

2017-11-28 10:58:28 - [MESSAGE][PASSED] - Delayed 5 second(s)

2017-11-28 10:58:28 - [MESSAGE][PASSED] - Keys 'testing' sent to object: 'Object Repository/Approve-Reject/APPROVE_REJECT_NOTES'

2017-11-28 10:58:33 - [MESSAGE][PASSED] - Delayed 5 second(s)

2017-11-28 10:58:33 - [MESSAGE][WARNING] - Timeout '0' is invalid. Using default page load timeout: '30'

2017-11-28 10:58:34 - [MESSAGE][PASSED] - Scroll to object 'Object Repository/Generic/SUBMIT' successfully

2017-11-28 10:58:34 - [MESSAGE][PASSED] - Object: 'Object Repository/Generic/SUBMIT' is clicked on

2017-11-28 10:58:39 - [MESSAGE][PASSED] - Delayed 5 second(s)

2017-11-28 10:58:39 - [MESSAGE][PASSED] - com.helper.commonfunct.utilities.gsopsApprove is PASSED

2017-11-28 10:58:39 - [TEST_STEP][PASSED] - com.helper.commonfunct.utilities.WOstatus: com.helper.commonfunct.utilities.WOstatus is PASSED

2017-11-28 10:58:39 - [MESSAGE][PASSED] - Text of object 'Object Repository/ECR/WOSTATUS' is: 'Pending-Approval'

2017-11-28 10:58:39 - [MESSAGE][PASSED] - com.helper.commonfunct.utilities.WOstatus is PASSED

2017-11-28 10:58:39 - [TEST_STEP][FAILED] - Statement - For ([j = 0, j < AssignmentList.size(), (j++)]): Unable to maximize current window (Root cause: org.openqa.selenium.WebDriverException: unknown error: failed to change window state to maximized, current state is normal
  (Session info: chrome=62.0.3202.94)
  (Driver info: chromedriver=2.33.506120 (e3e53437346286c0bc2d2dc9aa4915ba81d9023f),platform=Windows NT 6.1.7601 SP1 x86_64) (WARNING: The server did not provide any stacktrace information)
Command duration or timeout: 0 milliseconds
Build info: version: '3.7.1', revision: '8a0099a', time: '2017-11-06T21:07:36.161Z'
System info: host: 'L22622WUS', ip: '10.2.176.78', os.name: 'Windows 7', os.arch: 'amd64', os.version: '6.1', java.version: '1.8.0_102'
Driver info: com.kms.katalon.selenium.driver.CChromeDriver
Capabilities {acceptSslCerts: true, applicationCacheEnabled: false, browserConnectionEnabled: false, browserName: chrome, chrome: {chromedriverVersion: 2.33.506120 (e3e53437346286..., userDataDir: C:\Users\nipin\AppData\Loca...}, cssSelectorsEnabled: true, databaseEnabled: false, handlesAlerts: true, hasTouchScreen: false, javascriptEnabled: true, locationContextEnabled: true, mobileEmulationEnabled: false, nativeEvents: true, networkConnectionEnabled: false, pageLoadStrategy: normal, platform: XP, platformName: XP, rotatable: false, setWindowRect: true, takesHeapSnapshot: true, takesScreenshot: true, unexpectedAlertBehaviour: , unhandledPromptBehavior: , version: 62.0.3202.94, webStorageEnabled: true}
Session ID: cfde8e6085265642f2628fa87f6867d9)

2017-11-28 10:58:39 - [TEST_STEP][PASSED] - Statement - Status = text: null

2017-11-28 10:58:39 - [TEST_STEP][PASSED] - Statement - println(Status): null

2017-11-28 10:58:39 - [TEST_STEP][PASSED] - Statement - If (Status == "Pending-RDApproval"): null

2017-11-28 10:58:39 - [TEST_STEP][PASSED] - Statement - Else If (Status == "Pending-RLApproval"): null

2017-11-28 10:58:39 - [TEST_STEP][FAILED] - Statement - Else If (Status == "Pending-RDDApproval"): Unable to maximize current window (Root cause: org.openqa.selenium.WebDriverException: unknown error: failed to change window state to maximized, current state is normal
  (Session info: chrome=62.0.3202.94)
  (Driver info: chromedriver=2.33.506120 (e3e53437346286c0bc2d2dc9aa4915ba81d9023f),platform=Windows NT 6.1.7601 SP1 x86_64) (WARNING: The server did not provide any stacktrace information)
Command duration or timeout: 0 milliseconds
Build info: version: '3.7.1', revision: '8a0099a', time: '2017-11-06T21:07:36.161Z'
System info: host: 'L22622WUS', ip: '10.2.176.78', os.name: 'Windows 7', os.arch: 'amd64', os.version: '6.1', java.version: '1.8.0_102'
Driver info: com.kms.katalon.selenium.driver.CChromeDriver
Capabilities {acceptSslCerts: true, applicationCacheEnabled: false, browserConnectionEnabled: false, browserName: chrome, chrome: {chromedriverVersion: 2.33.506120 (e3e53437346286..., userDataDir: C:\Users\nipin\AppData\Loca...}, cssSelectorsEnabled: true, databaseEnabled: false, handlesAlerts: true, hasTouchScreen: false, javascriptEnabled: true, locationContextEnabled: true, mobileEmulationEnabled: false, nativeEvents: true, networkConnectionEnabled: false, pageLoadStrategy: normal, platform: XP, platformName: XP, rotatable: false, setWindowRect: true, takesHeapSnapshot: true, takesScreenshot: true, unexpectedAlertBehaviour: , unhandledPromptBehavior: , version: 62.0.3202.94, webStorageEnabled: true}
Session ID: cfde8e6085265642f2628fa87f6867d9)

2017-11-28 10:58:39 - [TEST_STEP][FAILED] - Statement - If (RDD_Reject == false): Unable to maximize current window (Root cause: org.openqa.selenium.WebDriverException: unknown error: failed to change window state to maximized, current state is normal
  (Session info: chrome=62.0.3202.94)
  (Driver info: chromedriver=2.33.506120 (e3e53437346286c0bc2d2dc9aa4915ba81d9023f),platform=Windows NT 6.1.7601 SP1 x86_64) (WARNING: The server did not provide any stacktrace information)
Command duration or timeout: 0 milliseconds
Build info: version: '3.7.1', revision: '8a0099a', time: '2017-11-06T21:07:36.161Z'
System info: host: 'L22622WUS', ip: '10.2.176.78', os.name: 'Windows 7', os.arch: 'amd64', os.version: '6.1', java.version: '1.8.0_102'
Driver info: com.kms.katalon.selenium.driver.CChromeDriver
Capabilities {acceptSslCerts: true, applicationCacheEnabled: false, browserConnectionEnabled: false, browserName: chrome, chrome: {chromedriverVersion: 2.33.506120 (e3e53437346286..., userDataDir: C:\Users\nipin\AppData\Loca...}, cssSelectorsEnabled: true, databaseEnabled: false, handlesAlerts: true, hasTouchScreen: false, javascriptEnabled: true, locationContextEnabled: true, mobileEmulationEnabled: false, nativeEvents: true, networkConnectionEnabled: false, pageLoadStrategy: normal, platform: XP, platformName: XP, rotatable: false, setWindowRect: true, takesHeapSnapshot: true, takesScreenshot: true, unexpectedAlertBehaviour: , unhandledPromptBehavior: , version: 62.0.3202.94, webStorageEnabled: true}
Session ID: cfde8e6085265642f2628fa87f6867d9)

2017-11-28 10:58:39 - [TEST_STEP][PASSED] - com.helper.commonfunct.utilities.login: com.helper.commonfunct.utilities.login is PASSED

2017-11-28 10:58:39 - [MESSAGE][WARNING] - A browser is already opened. Closing browser and opening a new one

2017-11-28 10:58:43 - [MESSAGE][PASSED] - Browser is opened with url: ''

2017-11-28 10:58:44 - [MESSAGE][PASSED] - Navigate to 'https://vtcpqa2.rpega.com:9030/tcpqa/PRServlet' successfully

2017-11-28 10:58:44 - [MESSAGE][PASSED] - Text 'lachd@pegasystems.com' is set on object 'Object Repository/input_UserIdentifier'

2017-11-28 10:58:44 - [MESSAGE][PASSED] - Text 'install' is set on object 'Object Repository/input_Password'

2017-11-28 10:58:48 - [MESSAGE][PASSED] - Keys 'ENTER + ' sent to object: 'Object Repository/input_Password'

2017-11-28 10:58:48 - [MESSAGE][PASSED] - com.helper.commonfunct.utilities.login is PASSED

2017-11-28 10:58:48 - [TEST_STEP][FAILED] - com.helper.commonfunct.utilities.search: Unable to maximize current window (Root cause: org.openqa.selenium.WebDriverException: unknown error: failed to change window state to maximized, current state is normal
  (Session info: chrome=62.0.3202.94)
  (Driver info: chromedriver=2.33.506120 (e3e53437346286c0bc2d2dc9aa4915ba81d9023f),platform=Windows NT 6.1.7601 SP1 x86_64) (WARNING: The server did not provide any stacktrace information)
Command duration or timeout: 0 milliseconds
Build info: version: '3.7.1', revision: '8a0099a', time: '2017-11-06T21:07:36.161Z'
System info: host: 'L22622WUS', ip: '10.2.176.78', os.name: 'Windows 7', os.arch: 'amd64', os.version: '6.1', java.version: '1.8.0_102'
Driver info: com.kms.katalon.selenium.driver.CChromeDriver
Capabilities {acceptSslCerts: true, applicationCacheEnabled: false, browserConnectionEnabled: false, browserName: chrome, chrome: {chromedriverVersion: 2.33.506120 (e3e53437346286..., userDataDir: C:\Users\nipin\AppData\Loca...}, cssSelectorsEnabled: true, databaseEnabled: false, handlesAlerts: true, hasTouchScreen: false, javascriptEnabled: true, locationContextEnabled: true, mobileEmulationEnabled: false, nativeEvents: true, networkConnectionEnabled: false, pageLoadStrategy: normal, platform: XP, platformName: XP, rotatable: false, setWindowRect: true, takesHeapSnapshot: true, takesScreenshot: true, unexpectedAlertBehaviour: , unhandledPromptBehavior: , version: 62.0.3202.94, webStorageEnabled: true}
Session ID: cfde8e6085265642f2628fa87f6867d9)

2017-11-28 10:58:49 - [MESSAGE][FAILED] - Unable to maximize current window (Root cause: org.openqa.selenium.WebDriverException: unknown error: failed to change window state to maximized, current state is normal
  (Session info: chrome=62.0.3202.94)
  (Driver info: chromedriver=2.33.506120 (e3e53437346286c0bc2d2dc9aa4915ba81d9023f),platform=Windows NT 6.1.7601 SP1 x86_64) (WARNING: The server did not provide any stacktrace information)
Command duration or timeout: 0 milliseconds
Build info: version: '3.7.1', revision: '8a0099a', time: '2017-11-06T21:07:36.161Z'
System info: host: 'L22622WUS', ip: '10.2.176.78', os.name: 'Windows 7', os.arch: 'amd64', os.version: '6.1', java.version: '1.8.0_102'
Driver info: com.kms.katalon.selenium.driver.CChromeDriver
Capabilities {acceptSslCerts: true, applicationCacheEnabled: false, browserConnectionEnabled: false, browserName: chrome, chrome: {chromedriverVersion: 2.33.506120 (e3e53437346286..., userDataDir: C:\Users\nipin\AppData\Loca...}, cssSelectorsEnabled: true, databaseEnabled: false, handlesAlerts: true, hasTouchScreen: false, javascriptEnabled: true, locationContextEnabled: true, mobileEmulationEnabled: false, nativeEvents: true, networkConnectionEnabled: false, pageLoadStrategy: normal, platform: XP, platformName: XP, rotatable: false, setWindowRect: true, takesHeapSnapshot: true, takesScreenshot: true, unexpectedAlertBehaviour: , unhandledPromptBehavior: , version: 62.0.3202.94, webStorageEnabled: true}
Session ID: cfde8e6085265642f2628fa87f6867d9)
[[ATTACHMENT|C:\\Users\\nipin\\Katalon Studio\\COE\\Reports\\ECR_Lite\\20171128_103743\\1511884729287.png]]

2017-11-28 10:58:49 - [MESSAGE][FAILED] - Unable to maximize current window (Root cause: org.openqa.selenium.WebDriverException: unknown error: failed to change window state to maximized, current state is normal
  (Session info: chrome=62.0.3202.94)
  (Driver info: chromedriver=2.33.506120 (e3e53437346286c0bc2d2dc9aa4915ba81d9023f),platform=Windows NT 6.1.7601 SP1 x86_64) (WARNING: The server did not provide any stacktrace information)
Command duration or timeout: 0 milliseconds
Build info: version: '3.7.1', revision: '8a0099a', time: '2017-11-06T21:07:36.161Z'
System info: host: 'L22622WUS', ip: '10.2.176.78', os.name: 'Windows 7', os.arch: 'amd64', os.version: '6.1', java.version: '1.8.0_102'
Driver info: com.kms.katalon.selenium.driver.CChromeDriver
Capabilities {acceptSslCerts: true, applicationCacheEnabled: false, browserConnectionEnabled: false, browserName: chrome, chrome: {chromedriverVersion: 2.33.506120 (e3e53437346286..., userDataDir: C:\Users\nipin\AppData\Loca...}, cssSelectorsEnabled: true, databaseEnabled: false, handlesAlerts: true, hasTouchScreen: false, javascriptEnabled: true, locationContextEnabled: true, mobileEmulationEnabled: false, nativeEvents: true, networkConnectionEnabled: false, pageLoadStrategy: normal, platform: XP, platformName: XP, rotatable: false, setWindowRect: true, takesHeapSnapshot: true, takesScreenshot: true, unexpectedAlertBehaviour: , unhandledPromptBehavior: , version: 62.0.3202.94, webStorageEnabled: true}
Session ID: cfde8e6085265642f2628fa87f6867d9)

2017-11-28 10:58:49 - [MESSAGE][FAILED] - Unable to call Test Case with id 'Test Cases/ECR/REF/ECR_Approval_Reject' (Root cause: Call Test Case 'Test Cases/ECR/REF/ECR_Approval_Reject' failed)]]></system-out>
         <system-err><![CDATA[2017-11-28 10:46:39 - [TEST_CASE][FAILED] - Test Cases/ECR/TC_ECR_Lite_ExpertService_AllReject: Test Cases/ECR/TC_ECR_Lite_ExpertService_AllReject FAILED because (of) Unable to maximize current window (Root cause: org.openqa.selenium.WebDriverException: unknown error: failed to change window state to maximized, current state is normal
  (Session info: chrome=62.0.3202.94)
  (Driver info: chromedriver=2.33.506120 (e3e53437346286c0bc2d2dc9aa4915ba81d9023f),platform=Windows NT 6.1.7601 SP1 x86_64) (WARNING: The server did not provide any stacktrace information)
Command duration or timeout: 0 milliseconds
Build info: version: '3.7.1', revision: '8a0099a', time: '2017-11-06T21:07:36.161Z'
System info: host: 'L22622WUS', ip: '10.2.176.78', os.name: 'Windows 7', os.arch: 'amd64', os.version: '6.1', java.version: '1.8.0_102'
Driver info: com.kms.katalon.selenium.driver.CChromeDriver
Capabilities {acceptSslCerts: true, applicationCacheEnabled: false, browserConnectionEnabled: false, browserName: chrome, chrome: {chromedriverVersion: 2.33.506120 (e3e53437346286..., userDataDir: C:\Users\nipin\AppData\Loca...}, cssSelectorsEnabled: true, databaseEnabled: false, handlesAlerts: true, hasTouchScreen: false, javascriptEnabled: true, locationContextEnabled: true, mobileEmulationEnabled: false, nativeEvents: true, networkConnectionEnabled: false, pageLoadStrategy: normal, platform: XP, platformName: XP, rotatable: false, setWindowRect: true, takesHeapSnapshot: true, takesScreenshot: true, unexpectedAlertBehaviour: , unhandledPromptBehavior: , version: 62.0.3202.94, webStorageEnabled: true}
Session ID: cfde8e6085265642f2628fa87f6867d9)]]></system-err>
      </testcase>
      <testcase name="Test Cases/ECR/TC_ECR_Lite_ExpertService_AllApproval" classname="Test Cases/ECR/TC_ECR_Lite_ExpertService_AllApproval" status="FAILED">
         <failure type="FAILED" message="Unable to click on object 'Object Repository/Approve-Reject/contractlink' (Root cause: com.kms.katalon.core.webui.exception.WebElementNotFoundException: Web element with id: 'Object Repository/Approve-Reject/contractlink' located by 'By.xpath: //nobr//a[contains(.,'Create Contract')]' not found)"/>
         <system-out><![CDATA[2017-11-28 10:58:49 - [TEST_CASE][FAILED] - Test Cases/ECR/TC_ECR_Lite_ExpertService_AllApproval: Test Cases/ECR/TC_ECR_Lite_ExpertService_AllApproval FAILED because (of) Unable to click on object 'Object Repository/Approve-Reject/contractlink' (Root cause: com.kms.katalon.core.webui.exception.WebElementNotFoundException: Web element with id: 'Object Repository/Approve-Reject/contractlink' located by 'By.xpath: //nobr//a[contains(.,'Create Contract')]' not found)

2017-11-28 10:58:50 - [TEST_STEP][PASSED] - callTestCase: Call Test Case 'Test Cases/ECR/REF/ECR_Lite_ExpertService' successfully

2017-11-28 10:58:50 - [TEST_CASE][PASSED] - Test Cases/ECR/REF/ECR_Lite_ExpertService: Test Cases/ECR/REF/ECR_Lite_ExpertService

2017-11-28 10:58:50 - [TEST_STEP][PASSED] - com.helper.commonfunct.utilities.login: com.helper.commonfunct.utilities.login is PASSED

2017-11-28 10:58:50 - [MESSAGE][WARNING] - A browser is already opened. Closing browser and opening a new one

2017-11-28 10:58:54 - [MESSAGE][PASSED] - Browser is opened with url: ''

2017-11-28 10:58:54 - [MESSAGE][PASSED] - Navigate to 'https://vtcpqa2.rpega.com:9030/tcpqa/PRServlet' successfully

2017-11-28 10:58:55 - [MESSAGE][PASSED] - Text 'pogoa@pegasystems.com' is set on object 'Object Repository/input_UserIdentifier'

2017-11-28 10:58:55 - [MESSAGE][PASSED] - Text 'install' is set on object 'Object Repository/input_Password'

2017-11-28 10:58:59 - [MESSAGE][PASSED] - Keys 'ENTER + ' sent to object: 'Object Repository/input_Password'

2017-11-28 10:58:59 - [MESSAGE][PASSED] - com.helper.commonfunct.utilities.login is PASSED

2017-11-28 10:58:59 - [TEST_STEP][PASSED] - com.helper.commonfunct.utilities.createECR: com.helper.commonfunct.utilities.createECR is PASSED

2017-11-28 10:58:59 - [MESSAGE][PASSED] - Object: 'Object Repository/Generic/a_Actions' is clicked on

2017-11-28 10:59:02 - [MESSAGE][PASSED] - Object: 'Object Repository/span_New' is focused

2017-11-28 10:59:03 - [MESSAGE][PASSED] - Object: 'Object Repository/span_Bid Process' is clicked on

2017-11-28 10:59:04 - [MESSAGE][PASSED] - Object: 'Object Repository/ECR/BID_TYPE' is clicked on

2017-11-28 10:59:04 - [MESSAGE][PASSED] - Object 'Object Repository/button_Import' is present

2017-11-28 10:59:09 - [MESSAGE][PASSED] - Delayed 5 second(s)

2017-11-28 10:59:09 - [MESSAGE][PASSED] - Object: 'Object Repository/button_Import' is clicked on

2017-11-28 10:59:09 - [MESSAGE][PASSED] - File 'C:\Users\nipin\Desktop\Latest BSW\Final\ECR_LITE_EXPSVC.xlsm' sent to object: 'Object Repository/input_PpyWorkPageppyFilePath'

2017-11-28 10:59:14 - [MESSAGE][PASSED] - Delayed 5 second(s)

2017-11-28 10:59:14 - [MESSAGE][WARNING] - Timeout '0' is invalid. Using default page load timeout: '30'

2017-11-28 10:59:14 - [MESSAGE][PASSED] - Scroll to object 'Object Repository/button_Submit' successfully

2017-11-28 10:59:15 - [MESSAGE][PASSED] - Object: 'Object Repository/button_Submit' is clicked on

2017-11-28 10:59:15 - [MESSAGE][PASSED] - Object 'Object Repository/EngInfo/COID' is visible

2017-11-28 10:59:20 - [MESSAGE][PASSED] - Delayed 5 second(s)

2017-11-28 10:59:25 - [MESSAGE][PASSED] - Delayed 5 second(s)

2017-11-28 10:59:25 - [MESSAGE][PASSED] - Text 'BOFA' is set on object 'Object Repository/Generic/ORG'

2017-11-28 10:59:30 - [MESSAGE][PASSED] - Delayed 5 second(s)

2017-11-28 10:59:30 - [MESSAGE][PASSED] - Keys 'TAB + ' sent to object: 'Object Repository/Generic/ORG'

2017-11-28 10:59:35 - [MESSAGE][PASSED] - Delayed 5 second(s)

2017-11-28 10:59:35 - [MESSAGE][PASSED] - Text 'BOFA' is set on object 'Object Repository/Generic/ACC'

2017-11-28 10:59:40 - [MESSAGE][PASSED] - Delayed 5 second(s)

2017-11-28 10:59:40 - [MESSAGE][PASSED] - Keys 'TAB + ' sent to object: 'Object Repository/Generic/ACC'

2017-11-28 10:59:45 - [MESSAGE][PASSED] - Delayed 5 second(s)

2017-11-28 10:59:46 - [MESSAGE][PASSED] - Text 'AUTOTEST1' is set on object 'Object Repository/Generic/ENG_DESC'

2017-11-28 10:59:51 - [MESSAGE][PASSED] - Delayed 5 second(s)

2017-11-28 10:59:51 - [MESSAGE][WARNING] - Timeout '0' is invalid. Using default page load timeout: '30'

2017-11-28 10:59:51 - [MESSAGE][PASSED] - Scroll to object 'Object Repository/Generic/SUBMIT' successfully

2017-11-28 10:59:51 - [MESSAGE][PASSED] - Object: 'Object Repository/Generic/SUBMIT' is clicked on

2017-11-28 10:59:56 - [MESSAGE][PASSED] - Delayed 5 second(s)

2017-11-28 10:59:57 - [MESSAGE][PASSED] - Text 'CO-12' is set on object 'Object Repository/EngInfo/COID'

2017-11-28 11:00:04 - [MESSAGE][PASSED] - Delayed 7 second(s)

2017-11-28 11:00:04 - [MESSAGE][PASSED] - Wait for page load successfully

2017-11-28 11:00:04 - [MESSAGE][PASSED] - Object: 'Object Repository/Generic/gapDrivenMethodology' is clicked on

2017-11-28 11:00:09 - [MESSAGE][PASSED] - Delayed 5 second(s)

2017-11-28 11:00:09 - [MESSAGE][PASSED] - Object: 'Object Repository/Generic/RapidDelivery' is clicked on

2017-11-28 11:00:14 - [MESSAGE][PASSED] - Delayed 5 second(s)

2017-11-28 11:00:14 - [MESSAGE][PASSED] - Object: 'Object Repository/Generic/MorethanOneRLS' is clicked on

2017-11-28 11:00:19 - [MESSAGE][PASSED] - Delayed 5 second(s)

2017-11-28 11:00:20 - [MESSAGE][PASSED] - Text '85000' is set on object 'Object Repository/ECR/Licence'

2017-11-28 11:00:25 - [MESSAGE][PASSED] - Delayed 5 second(s)

2017-11-28 11:00:25 - [MESSAGE][PASSED] - Object 'Object Repository/Generic/platform' is visible

2017-11-28 11:00:30 - [MESSAGE][PASSED] - Delayed 5 second(s)

2017-11-28 11:00:30 - [MESSAGE][PASSED] - Keys 'AMPchroma' sent to object: 'Object Repository/Generic/PlatformID'

2017-11-28 11:00:35 - [MESSAGE][PASSED] - Delayed 5 second(s)

2017-11-28 11:00:35 - [MESSAGE][PASSED] - Keys 'N/A' sent to object: 'Object Repository/Generic/PlatformVersion'

2017-11-28 11:00:40 - [MESSAGE][PASSED] - Delayed 5 second(s)

2017-11-28 11:00:41 - [MESSAGE][PASSED] - Object: 'Object Repository/Generic/PlatformTrue' is clicked on

2017-11-28 11:00:46 - [MESSAGE][PASSED] - Delayed 5 second(s)

2017-11-28 11:00:46 - [MESSAGE][PASSED] - Keys 'Jeff Henderson' sent to object: 'Object Repository/EngInfo/PL'

2017-11-28 11:00:51 - [MESSAGE][PASSED] - Delayed 5 second(s)

2017-11-28 11:00:51 - [MESSAGE][PASSED] - Keys 'Robert Higgins' sent to object: 'Object Repository/EngInfo/PLTL'

2017-11-28 11:00:56 - [MESSAGE][PASSED] - Delayed 5 second(s)

2017-11-28 11:00:57 - [MESSAGE][PASSED] - Keys 'Eric Panepinto' sent to object: 'Object Repository/EngInfo/RL'

2017-11-28 11:01:02 - [MESSAGE][PASSED] - Delayed 5 second(s)

2017-11-28 11:01:02 - [MESSAGE][PASSED] - Keys 'Robert Lang' sent to object: 'Object Repository/EngInfo/RD'

2017-11-28 11:01:07 - [MESSAGE][PASSED] - Delayed 5 second(s)

2017-11-28 11:01:07 - [MESSAGE][PASSED] - Scroll to object 'Object Repository/NEXT_BUTTON' successfully

2017-11-28 11:01:08 - [MESSAGE][PASSED] - Object: 'Object Repository/NEXT_BUTTON' is clicked on

2017-11-28 11:01:09 - [MESSAGE][PASSED] - Wait for page load successfully

2017-11-28 11:01:16 - [MESSAGE][PASSED] - Delayed 7 second(s)

2017-11-28 11:01:16 - [MESSAGE][PASSED] - Scroll to object 'Object Repository/NEXT_BUTTON' successfully

2017-11-28 11:01:16 - [MESSAGE][PASSED] - Object: 'Object Repository/NEXT_BUTTON' is clicked on

2017-11-28 11:01:23 - [MESSAGE][PASSED] - Delayed 7 second(s)

2017-11-28 11:01:23 - [MESSAGE][PASSED] - Wait for page load successfully

2017-11-28 11:01:23 - [MESSAGE][PASSED] - Scroll to object 'Object Repository/Generic/FINISH_BUTTON' successfully

2017-11-28 11:01:24 - [MESSAGE][PASSED] - Object: 'Object Repository/Generic/FINISH_BUTTON' is clicked on

2017-11-28 11:01:26 - [MESSAGE][PASSED] - Wait for page load successfully

2017-11-28 11:01:31 - [MESSAGE][PASSED] - Delayed 5 second(s)

2017-11-28 11:01:31 - [MESSAGE][PASSED] - Text of object 'Object Repository/WO' is: 'ECR-28Nov2017-17'

2017-11-28 11:01:32 - [MESSAGE][PASSED] - Text of object 'Object Repository/ECR/WOSTATUS' is: 'Pending-RDApproval'

2017-11-28 11:01:32 - [MESSAGE][PASSED] - com.helper.commonfunct.utilities.createECR is PASSED

2017-11-28 11:01:32 - [MESSAGE][PASSED] - Call Test Case 'Test Cases/ECR/REF/ECR_Lite_ExpertService' successfully

2017-11-28 11:01:32 - [TEST_STEP][FAILED] - callTestCase: Unable to call Test Case with id 'Test Cases/ECR/REF/ECR_Approval_Reject' (Root cause: Call Test Case 'Test Cases/ECR/REF/ECR_Approval_Reject' failed)

2017-11-28 11:01:32 - [TEST_CASE][FAILED] - Test Cases/ECR/REF/ECR_Approval_Reject: Test Cases/ECR/REF/ECR_Approval_Reject FAILED because (of) Unable to click on object 'Object Repository/Approve-Reject/contractlink' (Root cause: com.kms.katalon.core.webui.exception.WebElementNotFoundException: Web element with id: 'Object Repository/Approve-Reject/contractlink' located by 'By.xpath: //nobr//a[contains(.,'Create Contract')]' not found)

2017-11-28 11:01:32 - [TEST_STEP][FAILED] - Statement - While (WOSTATUS.contains("Pending")): Unable to click on object 'Object Repository/Approve-Reject/contractlink' (Root cause: com.kms.katalon.core.webui.exception.WebElementNotFoundException: Web element with id: 'Object Repository/Approve-Reject/contractlink' located by 'By.xpath: //nobr//a[contains(.,'Create Contract')]' not found)

2017-11-28 11:01:32 - [TEST_STEP][PASSED] - Statement - For ([j = 0, j < AssignmentList.size(), (j++)]): com.helper.commonfunct.utilities.WOstatus is PASSED

2017-11-28 11:01:32 - [TEST_STEP][PASSED] - Statement - Status = text: null

2017-11-28 11:01:32 - [TEST_STEP][PASSED] - Statement - println(Status): null

2017-11-28 11:01:32 - [TEST_STEP][PASSED] - Statement - If (Status == "Pending-RDApproval"): com.helper.commonfunct.utilities.WOstatus is PASSED

2017-11-28 11:01:32 - [TEST_STEP][PASSED] - Statement - If (RDReject == false): com.helper.commonfunct.utilities.WOstatus is PASSED

2017-11-28 11:01:32 - [TEST_STEP][PASSED] - Statement - If (Meeting == true): null

2017-11-28 11:01:32 - [TEST_STEP][PASSED] - Statement - Else: com.helper.commonfunct.utilities.WOstatus is PASSED

2017-11-28 11:01:32 - [TEST_STEP][PASSED] - com.helper.commonfunct.utilities.login: com.helper.commonfunct.utilities.login is PASSED

2017-11-28 11:01:32 - [MESSAGE][WARNING] - A browser is already opened. Closing browser and opening a new one

2017-11-28 11:01:35 - [MESSAGE][PASSED] - Browser is opened with url: ''

2017-11-28 11:01:36 - [MESSAGE][PASSED] - Navigate to 'https://vtcpqa2.rpega.com:9030/tcpqa/PRServlet' successfully

2017-11-28 11:01:36 - [MESSAGE][PASSED] - Text 'langr1@pegasystems.com' is set on object 'Object Repository/input_UserIdentifier'

2017-11-28 11:01:36 - [MESSAGE][PASSED] - Text 'install' is set on object 'Object Repository/input_Password'

2017-11-28 11:01:39 - [MESSAGE][PASSED] - Keys 'ENTER + ' sent to object: 'Object Repository/input_Password'

2017-11-28 11:01:39 - [MESSAGE][PASSED] - com.helper.commonfunct.utilities.login is PASSED

2017-11-28 11:01:39 - [TEST_STEP][PASSED] - com.helper.commonfunct.utilities.search: com.helper.commonfunct.utilities.search is PASSED

2017-11-28 11:01:40 - [MESSAGE][PASSED] - Current window maximized

2017-11-28 11:01:45 - [MESSAGE][PASSED] - Delayed 5 second(s)

2017-11-28 11:01:46 - [MESSAGE][PASSED] - Text 'ECR-28Nov2017-17' is set on object 'Object Repository/EngInfo/search'

2017-11-28 11:01:51 - [MESSAGE][PASSED] - Delayed 5 second(s)

2017-11-28 11:01:51 - [MESSAGE][PASSED] - Keys 'ENTER + ' sent to object: 'Object Repository/EngInfo/search'

2017-11-28 11:01:56 - [MESSAGE][PASSED] - Delayed 5 second(s)

2017-11-28 11:01:56 - [MESSAGE][PASSED] - com.helper.commonfunct.utilities.search is PASSED

2017-11-28 11:01:56 - [TEST_STEP][PASSED] - com.helper.commonfunct.utilities.approve: com.helper.commonfunct.utilities.approve is PASSED

2017-11-28 11:02:01 - [MESSAGE][PASSED] - Delayed 5 second(s)

2017-11-28 11:02:01 - [MESSAGE][WARNING] - Timeout '0' is invalid. Using default page load timeout: '30'

2017-11-28 11:02:02 - [MESSAGE][PASSED] - Object: 'Object Repository/Approve-Reject/link_assignment' is clicked on

2017-11-28 11:02:07 - [MESSAGE][PASSED] - Delayed 5 second(s)

2017-11-28 11:02:07 - [MESSAGE][WARNING] - Timeout '0' is invalid. Using default page load timeout: '30'

2017-11-28 11:02:07 - [MESSAGE][PASSED] - Scroll to object 'Object Repository/Approve-Reject/APPROVE_BUTTON' successfully

2017-11-28 11:02:08 - [MESSAGE][PASSED] - Object: 'Object Repository/Approve-Reject/APPROVE_BUTTON' is clicked on

2017-11-28 11:02:13 - [MESSAGE][PASSED] - Delayed 5 second(s)

2017-11-28 11:02:13 - [MESSAGE][PASSED] - Keys 'testing' sent to object: 'Object Repository/Approve-Reject/APPROVE_REJECT_NOTES'

2017-11-28 11:02:18 - [MESSAGE][PASSED] - Delayed 5 second(s)

2017-11-28 11:02:18 - [MESSAGE][WARNING] - Timeout '0' is invalid. Using default page load timeout: '30'

2017-11-28 11:02:18 - [MESSAGE][PASSED] - Scroll to object 'Object Repository/Generic/SUBMIT' successfully

2017-11-28 11:02:18 - [MESSAGE][PASSED] - Object: 'Object Repository/Generic/SUBMIT' is clicked on

2017-11-28 11:02:23 - [MESSAGE][PASSED] - Delayed 5 second(s)

2017-11-28 11:02:23 - [MESSAGE][PASSED] - com.helper.commonfunct.utilities.approve is PASSED

2017-11-28 11:02:23 - [TEST_STEP][PASSED] - com.helper.commonfunct.utilities.WOstatus: com.helper.commonfunct.utilities.WOstatus is PASSED

2017-11-28 11:02:24 - [MESSAGE][PASSED] - Text of object 'Object Repository/ECR/WOSTATUS' is: 'Pending-Approval'

2017-11-28 11:02:24 - [MESSAGE][PASSED] - com.helper.commonfunct.utilities.WOstatus is PASSED

2017-11-28 11:02:24 - [TEST_STEP][PASSED] - Statement - Status = text: null

2017-11-28 11:02:24 - [TEST_STEP][PASSED] - Statement - println(Status): null

2017-11-28 11:02:24 - [TEST_STEP][PASSED] - Statement - If (Status == "Pending-RDApproval"): null

2017-11-28 11:02:24 - [TEST_STEP][PASSED] - Statement - Else If (Status == "Pending-RLApproval"): null

2017-11-28 11:02:24 - [TEST_STEP][PASSED] - Statement - Else If (Status == "Pending-RDDApproval"): null

2017-11-28 11:02:24 - [TEST_STEP][PASSED] - Statement - Else If (Status == "Pending-OPSApproval"): com.helper.commonfunct.utilities.WOstatus is PASSED

2017-11-28 11:02:24 - [TEST_STEP][PASSED] - Statement - If (OpsReject == false): com.helper.commonfunct.utilities.WOstatus is PASSED

2017-11-28 11:02:24 - [TEST_STEP][PASSED] - com.helper.commonfunct.utilities.login: com.helper.commonfunct.utilities.login is PASSED

2017-11-28 11:02:24 - [MESSAGE][WARNING] - A browser is already opened. Closing browser and opening a new one

2017-11-28 11:02:27 - [MESSAGE][PASSED] - Browser is opened with url: ''

2017-11-28 11:02:28 - [MESSAGE][PASSED] - Navigate to 'https://vtcpqa2.rpega.com:9030/tcpqa/PRServlet' successfully

2017-11-28 11:02:28 - [MESSAGE][PASSED] - Text 'pogoa@pegasystems.com' is set on object 'Object Repository/input_UserIdentifier'

2017-11-28 11:02:28 - [MESSAGE][PASSED] - Text 'install' is set on object 'Object Repository/input_Password'

2017-11-28 11:02:32 - [MESSAGE][PASSED] - Keys 'ENTER + ' sent to object: 'Object Repository/input_Password'

2017-11-28 11:02:32 - [MESSAGE][PASSED] - com.helper.commonfunct.utilities.login is PASSED

2017-11-28 11:02:32 - [TEST_STEP][PASSED] - com.helper.commonfunct.utilities.search: com.helper.commonfunct.utilities.search is PASSED

2017-11-28 11:02:33 - [MESSAGE][PASSED] - Current window maximized

2017-11-28 11:02:38 - [MESSAGE][PASSED] - Delayed 5 second(s)

2017-11-28 11:02:39 - [MESSAGE][PASSED] - Text 'ECR-28Nov2017-17' is set on object 'Object Repository/EngInfo/search'

2017-11-28 11:02:44 - [MESSAGE][PASSED] - Delayed 5 second(s)

2017-11-28 11:02:44 - [MESSAGE][PASSED] - Keys 'ENTER + ' sent to object: 'Object Repository/EngInfo/search'

2017-11-28 11:02:49 - [MESSAGE][PASSED] - Delayed 5 second(s)

2017-11-28 11:02:49 - [MESSAGE][PASSED] - com.helper.commonfunct.utilities.search is PASSED

2017-11-28 11:02:49 - [TEST_STEP][PASSED] - com.helper.commonfunct.utilities.gsopsApprove: com.helper.commonfunct.utilities.gsopsApprove is PASSED

2017-11-28 11:02:54 - [MESSAGE][PASSED] - Delayed 5 second(s)

2017-11-28 11:02:54 - [MESSAGE][WARNING] - Timeout '0' is invalid. Using default page load timeout: '30'

2017-11-28 11:02:56 - [MESSAGE][WARNING] - Timeout '0' is invalid. Using default page load timeout: '30'

2017-11-28 11:02:56 - [MESSAGE][PASSED] - Scroll to object 'Object Repository/Approve-Reject/APPROVE_BUTTON' successfully

2017-11-28 11:02:56 - [MESSAGE][PASSED] - Object: 'Object Repository/Approve-Reject/APPROVE_BUTTON' is clicked on

2017-11-28 11:03:01 - [MESSAGE][PASSED] - Delayed 5 second(s)

2017-11-28 11:03:01 - [MESSAGE][PASSED] - Keys 'testing' sent to object: 'Object Repository/Approve-Reject/APPROVE_REJECT_NOTES'

2017-11-28 11:03:06 - [MESSAGE][PASSED] - Delayed 5 second(s)

2017-11-28 11:03:06 - [MESSAGE][WARNING] - Timeout '0' is invalid. Using default page load timeout: '30'

2017-11-28 11:03:06 - [MESSAGE][PASSED] - Scroll to object 'Object Repository/Generic/SUBMIT' successfully

2017-11-28 11:03:06 - [MESSAGE][PASSED] - Object: 'Object Repository/Generic/SUBMIT' is clicked on

2017-11-28 11:03:11 - [MESSAGE][PASSED] - Delayed 5 second(s)

2017-11-28 11:03:11 - [MESSAGE][PASSED] - com.helper.commonfunct.utilities.gsopsApprove is PASSED

2017-11-28 11:03:11 - [TEST_STEP][PASSED] - com.helper.commonfunct.utilities.WOstatus: com.helper.commonfunct.utilities.WOstatus is PASSED

2017-11-28 11:03:12 - [MESSAGE][PASSED] - Text of object 'Object Repository/ECR/WOSTATUS' is: 'Pending-Approval'

2017-11-28 11:03:12 - [MESSAGE][PASSED] - com.helper.commonfunct.utilities.WOstatus is PASSED

2017-11-28 11:03:12 - [TEST_STEP][PASSED] - Statement - For ([j = 0, j < AssignmentList.size(), (j++)]): com.helper.commonfunct.utilities.WOstatus is PASSED

2017-11-28 11:03:12 - [TEST_STEP][PASSED] - Statement - Status = text: null

2017-11-28 11:03:12 - [TEST_STEP][PASSED] - Statement - println(Status): null

2017-11-28 11:03:12 - [TEST_STEP][PASSED] - Statement - If (Status == "Pending-RDApproval"): null

2017-11-28 11:03:12 - [TEST_STEP][PASSED] - Statement - Else If (Status == "Pending-RLApproval"): null

2017-11-28 11:03:12 - [TEST_STEP][PASSED] - Statement - Else If (Status == "Pending-RDDApproval"): com.helper.commonfunct.utilities.WOstatus is PASSED

2017-11-28 11:03:12 - [TEST_STEP][PASSED] - Statement - If (RDD_Reject == false): com.helper.commonfunct.utilities.WOstatus is PASSED

2017-11-28 11:03:12 - [TEST_STEP][PASSED] - com.helper.commonfunct.utilities.login: com.helper.commonfunct.utilities.login is PASSED

2017-11-28 11:03:12 - [MESSAGE][WARNING] - A browser is already opened. Closing browser and opening a new one

2017-11-28 11:03:15 - [MESSAGE][PASSED] - Browser is opened with url: ''

2017-11-28 11:03:16 - [MESSAGE][PASSED] - Navigate to 'https://vtcpqa2.rpega.com:9030/tcpqa/PRServlet' successfully

2017-11-28 11:03:17 - [MESSAGE][PASSED] - Text 'lachd@pegasystems.com' is set on object 'Object Repository/input_UserIdentifier'

2017-11-28 11:03:17 - [MESSAGE][PASSED] - Text 'install' is set on object 'Object Repository/input_Password'

2017-11-28 11:03:22 - [MESSAGE][PASSED] - Keys 'ENTER + ' sent to object: 'Object Repository/input_Password'

2017-11-28 11:03:22 - [MESSAGE][PASSED] - com.helper.commonfunct.utilities.login is PASSED

2017-11-28 11:03:22 - [TEST_STEP][PASSED] - com.helper.commonfunct.utilities.search: com.helper.commonfunct.utilities.search is PASSED

2017-11-28 11:03:24 - [MESSAGE][PASSED] - Current window maximized

2017-11-28 11:03:29 - [MESSAGE][PASSED] - Delayed 5 second(s)

2017-11-28 11:03:29 - [MESSAGE][PASSED] - Text 'ECR-28Nov2017-17' is set on object 'Object Repository/EngInfo/search'

2017-11-28 11:03:34 - [MESSAGE][PASSED] - Delayed 5 second(s)

2017-11-28 11:03:34 - [MESSAGE][PASSED] - Keys 'ENTER + ' sent to object: 'Object Repository/EngInfo/search'

2017-11-28 11:03:39 - [MESSAGE][PASSED] - Delayed 5 second(s)

2017-11-28 11:03:39 - [MESSAGE][PASSED] - com.helper.commonfunct.utilities.search is PASSED

2017-11-28 11:03:39 - [TEST_STEP][PASSED] - com.helper.commonfunct.utilities.approve: com.helper.commonfunct.utilities.approve is PASSED

2017-11-28 11:03:44 - [MESSAGE][PASSED] - Delayed 5 second(s)

2017-11-28 11:03:44 - [MESSAGE][WARNING] - Timeout '0' is invalid. Using default page load timeout: '30'

2017-11-28 11:03:46 - [MESSAGE][PASSED] - Object: 'Object Repository/Approve-Reject/link_assignment' is clicked on

2017-11-28 11:03:51 - [MESSAGE][PASSED] - Delayed 5 second(s)

2017-11-28 11:03:51 - [MESSAGE][WARNING] - Timeout '0' is invalid. Using default page load timeout: '30'

2017-11-28 11:03:51 - [MESSAGE][PASSED] - Scroll to object 'Object Repository/Approve-Reject/APPROVE_BUTTON' successfully

2017-11-28 11:03:51 - [MESSAGE][PASSED] - Object: 'Object Repository/Approve-Reject/APPROVE_BUTTON' is clicked on

2017-11-28 11:03:56 - [MESSAGE][PASSED] - Delayed 5 second(s)

2017-11-28 11:03:56 - [MESSAGE][PASSED] - Keys 'testing' sent to object: 'Object Repository/Approve-Reject/APPROVE_REJECT_NOTES'

2017-11-28 11:04:01 - [MESSAGE][PASSED] - Delayed 5 second(s)

2017-11-28 11:04:01 - [MESSAGE][WARNING] - Timeout '0' is invalid. Using default page load timeout: '30'

2017-11-28 11:04:01 - [MESSAGE][PASSED] - Scroll to object 'Object Repository/Generic/SUBMIT' successfully

2017-11-28 11:04:03 - [MESSAGE][PASSED] - Object: 'Object Repository/Generic/SUBMIT' is clicked on

2017-11-28 11:04:08 - [MESSAGE][PASSED] - Delayed 5 second(s)

2017-11-28 11:04:08 - [MESSAGE][PASSED] - com.helper.commonfunct.utilities.approve is PASSED

2017-11-28 11:04:08 - [TEST_STEP][PASSED] - com.helper.commonfunct.utilities.WOstatus: com.helper.commonfunct.utilities.WOstatus is PASSED

2017-11-28 11:04:08 - [MESSAGE][PASSED] - Text of object 'Object Repository/ECR/WOSTATUS' is: 'Pending-Approval'

2017-11-28 11:04:08 - [MESSAGE][PASSED] - com.helper.commonfunct.utilities.WOstatus is PASSED

2017-11-28 11:04:08 - [TEST_STEP][PASSED] - Statement - For ([j = 0, j < AssignmentList.size(), (j++)]): com.helper.commonfunct.utilities.WOstatus is PASSED

2017-11-28 11:04:08 - [TEST_STEP][PASSED] - Statement - Status = text: null

2017-11-28 11:04:08 - [TEST_STEP][PASSED] - Statement - println(Status): null

2017-11-28 11:04:08 - [TEST_STEP][PASSED] - Statement - If (Status == "Pending-RDApproval"): null

2017-11-28 11:04:08 - [TEST_STEP][PASSED] - Statement - Else If (Status == "Pending-RLApproval"): null

2017-11-28 11:04:08 - [TEST_STEP][PASSED] - Statement - Else If (Status == "Pending-RDDApproval"): null

2017-11-28 11:04:08 - [TEST_STEP][PASSED] - Statement - Else If (Status == "Pending-OPSApproval"): null

2017-11-28 11:04:08 - [TEST_STEP][PASSED] - Statement - Else If (Status == "Pending-ExpSvcApproval"): com.helper.commonfunct.utilities.WOstatus is PASSED

2017-11-28 11:04:08 - [TEST_STEP][PASSED] - Statement - If (EXP_SVC_Reject == false): null

2017-11-28 11:04:08 - [TEST_STEP][PASSED] - Statement - Else: com.helper.commonfunct.utilities.WOstatus is PASSED

2017-11-28 11:04:08 - [TEST_STEP][PASSED] - com.helper.commonfunct.utilities.login: com.helper.commonfunct.utilities.login is PASSED

2017-11-28 11:04:08 - [MESSAGE][WARNING] - A browser is already opened. Closing browser and opening a new one

2017-11-28 11:04:12 - [MESSAGE][PASSED] - Browser is opened with url: ''

2017-11-28 11:04:12 - [MESSAGE][PASSED] - Navigate to 'https://vtcpqa2.rpega.com:9030/tcpqa/PRServlet' successfully

2017-11-28 11:04:13 - [MESSAGE][PASSED] - Text 'sachb@pegasystems.com' is set on object 'Object Repository/input_UserIdentifier'

2017-11-28 11:04:13 - [MESSAGE][PASSED] - Text 'install' is set on object 'Object Repository/input_Password'

2017-11-28 11:04:16 - [MESSAGE][PASSED] - Keys 'ENTER + ' sent to object: 'Object Repository/input_Password'

2017-11-28 11:04:16 - [MESSAGE][PASSED] - com.helper.commonfunct.utilities.login is PASSED

2017-11-28 11:04:16 - [TEST_STEP][PASSED] - com.helper.commonfunct.utilities.search: com.helper.commonfunct.utilities.search is PASSED

2017-11-28 11:04:17 - [MESSAGE][PASSED] - Current window maximized

2017-11-28 11:04:22 - [MESSAGE][PASSED] - Delayed 5 second(s)

2017-11-28 11:04:22 - [MESSAGE][PASSED] - Text 'ECR-28Nov2017-17' is set on object 'Object Repository/EngInfo/search'

2017-11-28 11:04:27 - [MESSAGE][PASSED] - Delayed 5 second(s)

2017-11-28 11:04:27 - [MESSAGE][PASSED] - Keys 'ENTER + ' sent to object: 'Object Repository/EngInfo/search'

2017-11-28 11:04:32 - [MESSAGE][PASSED] - Delayed 5 second(s)

2017-11-28 11:04:32 - [MESSAGE][PASSED] - com.helper.commonfunct.utilities.search is PASSED

2017-11-28 11:04:32 - [TEST_STEP][PASSED] - com.helper.commonfunct.utilities.reject: com.helper.commonfunct.utilities.reject is PASSED

2017-11-28 11:04:37 - [MESSAGE][PASSED] - Delayed 5 second(s)

2017-11-28 11:04:37 - [MESSAGE][WARNING] - Timeout '0' is invalid. Using default page load timeout: '30'

2017-11-28 11:04:39 - [MESSAGE][PASSED] - Object: 'Object Repository/Approve-Reject/link_assignment' is clicked on

2017-11-28 11:04:44 - [MESSAGE][PASSED] - Delayed 5 second(s)

2017-11-28 11:04:44 - [MESSAGE][WARNING] - Timeout '0' is invalid. Using default page load timeout: '30'

2017-11-28 11:04:44 - [MESSAGE][PASSED] - Scroll to object 'Object Repository/Approve-Reject/ReturnToRequestor' successfully

2017-11-28 11:04:44 - [MESSAGE][PASSED] - Object: 'Object Repository/Approve-Reject/ReturnToRequestor' is clicked on

2017-11-28 11:04:49 - [MESSAGE][PASSED] - Delayed 5 second(s)

2017-11-28 11:04:49 - [MESSAGE][PASSED] - Keys 'testing' sent to object: 'Object Repository/Approve-Reject/APPROVE_REJECT_NOTES'

2017-11-28 11:04:54 - [MESSAGE][PASSED] - Delayed 5 second(s)

2017-11-28 11:04:54 - [MESSAGE][WARNING] - Timeout '0' is invalid. Using default page load timeout: '30'

2017-11-28 11:04:54 - [MESSAGE][PASSED] - Scroll to object 'Object Repository/Generic/SUBMIT' successfully

2017-11-28 11:04:54 - [MESSAGE][PASSED] - Object: 'Object Repository/Generic/SUBMIT' is clicked on

2017-11-28 11:04:59 - [MESSAGE][PASSED] - Delayed 5 second(s)

2017-11-28 11:04:59 - [MESSAGE][PASSED] - com.helper.commonfunct.utilities.reject is PASSED

2017-11-28 11:04:59 - [TEST_STEP][PASSED] - Statement - EXP_SVC_Reject = false: null

2017-11-28 11:04:59 - [TEST_STEP][PASSED] - com.helper.commonfunct.utilities.WOstatus: com.helper.commonfunct.utilities.WOstatus is PASSED

2017-11-28 11:04:59 - [MESSAGE][PASSED] - Text of object 'Object Repository/ECR/WOSTATUS' is: 'Pending-DocUpdate'

2017-11-28 11:04:59 - [MESSAGE][PASSED] - com.helper.commonfunct.utilities.WOstatus is PASSED

2017-11-28 11:04:59 - [TEST_STEP][PASSED] - Statement - For ([j = 0, j < AssignmentList.size(), (j++)]): Delayed 3 second(s)

2017-11-28 11:04:59 - [TEST_STEP][PASSED] - Statement - Status = text: null

2017-11-28 11:04:59 - [TEST_STEP][PASSED] - Statement - println(Status): null

2017-11-28 11:04:59 - [TEST_STEP][PASSED] - Statement - If (Status == "Pending-RDApproval"): null

2017-11-28 11:04:59 - [TEST_STEP][PASSED] - Statement - Else If (Status == "Pending-RLApproval"): null

2017-11-28 11:04:59 - [TEST_STEP][PASSED] - Statement - Else If (Status == "Pending-RDDApproval"): null

2017-11-28 11:04:59 - [TEST_STEP][PASSED] - Statement - Else If (Status == "Pending-OPSApproval"): null

2017-11-28 11:04:59 - [TEST_STEP][PASSED] - Statement - Else If (Status == "Pending-ExpSvcApproval"): null

2017-11-28 11:04:59 - [TEST_STEP][PASSED] - Statement - Else If (Status == "Pending-DocUpdate"): Delayed 3 second(s)

2017-11-28 11:04:59 - [TEST_STEP][PASSED] - Statement - If (Meeting == false): Delayed 3 second(s)

2017-11-28 11:04:59 - [TEST_STEP][PASSED] - com.helper.commonfunct.utilities.login: com.helper.commonfunct.utilities.login is PASSED

2017-11-28 11:04:59 - [MESSAGE][WARNING] - A browser is already opened. Closing browser and opening a new one

2017-11-28 11:05:03 - [MESSAGE][PASSED] - Browser is opened with url: ''

2017-11-28 11:05:03 - [MESSAGE][PASSED] - Navigate to 'https://vtcpqa2.rpega.com:9030/tcpqa/PRServlet' successfully

2017-11-28 11:05:04 - [MESSAGE][PASSED] - Text 'pogoa@pegasystems.com' is set on object 'Object Repository/input_UserIdentifier'

2017-11-28 11:05:04 - [MESSAGE][PASSED] - Text 'install' is set on object 'Object Repository/input_Password'

2017-11-28 11:05:07 - [MESSAGE][PASSED] - Keys 'ENTER + ' sent to object: 'Object Repository/input_Password'

2017-11-28 11:05:07 - [MESSAGE][PASSED] - com.helper.commonfunct.utilities.login is PASSED

2017-11-28 11:05:07 - [TEST_STEP][PASSED] - com.helper.commonfunct.utilities.search: com.helper.commonfunct.utilities.search is PASSED

2017-11-28 11:05:08 - [MESSAGE][PASSED] - Current window maximized

2017-11-28 11:05:13 - [MESSAGE][PASSED] - Delayed 5 second(s)

2017-11-28 11:05:13 - [MESSAGE][PASSED] - Text 'ECR-28Nov2017-17' is set on object 'Object Repository/EngInfo/search'

2017-11-28 11:05:18 - [MESSAGE][PASSED] - Delayed 5 second(s)

2017-11-28 11:05:18 - [MESSAGE][PASSED] - Keys 'ENTER + ' sent to object: 'Object Repository/EngInfo/search'

2017-11-28 11:05:23 - [MESSAGE][PASSED] - Delayed 5 second(s)

2017-11-28 11:05:23 - [MESSAGE][PASSED] - com.helper.commonfunct.utilities.search is PASSED

2017-11-28 11:05:23 - [TEST_STEP][PASSED] - maximizeWindow: Current window maximized

2017-11-28 11:05:23 - [MESSAGE][PASSED] - Current window maximized

2017-11-28 11:05:23 - [TEST_STEP][PASSED] - com.helper.commonfunct.utilities.docUpdate: com.helper.commonfunct.utilities.docUpdate is PASSED

2017-11-28 11:05:23 - [MESSAGE][WARNING] - Timeout '0' is invalid. Using default page load timeout: '30'

2017-11-28 11:05:28 - [MESSAGE][PASSED] - Delayed 5 second(s)

2017-11-28 11:05:30 - [MESSAGE][PASSED] - Object: 'Object Repository/Approve-Reject/linktoupdateEngData' is clicked on

2017-11-28 11:05:30 - [MESSAGE][WARNING] - Timeout '0' is invalid. Using default page load timeout: '30'

2017-11-28 11:05:30 - [MESSAGE][PASSED] - Scroll to object 'Object Repository/NEXT_BUTTON' successfully

2017-11-28 11:05:30 - [MESSAGE][PASSED] - Object: 'Object Repository/NEXT_BUTTON' is clicked on

2017-11-28 11:05:35 - [MESSAGE][PASSED] - Delayed 5 second(s)

2017-11-28 11:05:35 - [MESSAGE][WARNING] - Timeout '0' is invalid. Using default page load timeout: '30'

2017-11-28 11:05:35 - [MESSAGE][PASSED] - Scroll to object 'Object Repository/NEXT_BUTTON' successfully

2017-11-28 11:05:36 - [MESSAGE][PASSED] - Object: 'Object Repository/NEXT_BUTTON' is clicked on

2017-11-28 11:05:41 - [MESSAGE][PASSED] - Delayed 5 second(s)

2017-11-28 11:05:41 - [MESSAGE][PASSED] - Wait for page load successfully

2017-11-28 11:05:41 - [MESSAGE][WARNING] - Timeout '0' is invalid. Using default page load timeout: '30'

2017-11-28 11:05:41 - [MESSAGE][PASSED] - Scroll to object 'Object Repository/Generic/FINISH_BUTTON' successfully

2017-11-28 11:05:41 - [MESSAGE][PASSED] - Object: 'Object Repository/Generic/FINISH_BUTTON' is clicked on

2017-11-28 11:05:46 - [MESSAGE][PASSED] - Delayed 5 second(s)

2017-11-28 11:05:46 - [MESSAGE][PASSED] - Wait for page load successfully

2017-11-28 11:05:46 - [MESSAGE][PASSED] - com.helper.commonfunct.utilities.docUpdate is PASSED

2017-11-28 11:05:46 - [TEST_STEP][PASSED] - com.helper.commonfunct.utilities.WOstatus: com.helper.commonfunct.utilities.WOstatus is PASSED

2017-11-28 11:05:46 - [MESSAGE][PASSED] - Text of object 'Object Repository/ECR/WOSTATUS' is: 'Pending-RDApproval'

2017-11-28 11:05:46 - [MESSAGE][PASSED] - com.helper.commonfunct.utilities.WOstatus is PASSED

2017-11-28 11:05:46 - [TEST_STEP][PASSED] - delay: Delayed 3 second(s)

2017-11-28 11:05:49 - [MESSAGE][PASSED] - Delayed 3 second(s)

2017-11-28 11:05:49 - [TEST_STEP][PASSED] - Statement - For ([j = 0, j < AssignmentList.size(), (j++)]): com.helper.commonfunct.utilities.WOstatus is PASSED

2017-11-28 11:05:49 - [TEST_STEP][PASSED] - Statement - Status = text: null

2017-11-28 11:05:49 - [TEST_STEP][PASSED] - Statement - println(Status): null

2017-11-28 11:05:49 - [TEST_STEP][PASSED] - Statement - If (Status == "Pending-RDApproval"): com.helper.commonfunct.utilities.WOstatus is PASSED

2017-11-28 11:05:49 - [TEST_STEP][PASSED] - Statement - If (RDReject == false): com.helper.commonfunct.utilities.WOstatus is PASSED

2017-11-28 11:05:49 - [TEST_STEP][PASSED] - Statement - If (Meeting == true): null

2017-11-28 11:05:49 - [TEST_STEP][PASSED] - Statement - Else: com.helper.commonfunct.utilities.WOstatus is PASSED

2017-11-28 11:05:49 - [TEST_STEP][PASSED] - com.helper.commonfunct.utilities.login: com.helper.commonfunct.utilities.login is PASSED

2017-11-28 11:05:49 - [MESSAGE][WARNING] - A browser is already opened. Closing browser and opening a new one

2017-11-28 11:05:52 - [MESSAGE][PASSED] - Browser is opened with url: ''

2017-11-28 11:05:53 - [MESSAGE][PASSED] - Navigate to 'https://vtcpqa2.rpega.com:9030/tcpqa/PRServlet' successfully

2017-11-28 11:05:53 - [MESSAGE][PASSED] - Text 'langr1@pegasystems.com' is set on object 'Object Repository/input_UserIdentifier'

2017-11-28 11:05:53 - [MESSAGE][PASSED] - Text 'install' is set on object 'Object Repository/input_Password'

2017-11-28 11:05:56 - [MESSAGE][PASSED] - Keys 'ENTER + ' sent to object: 'Object Repository/input_Password'

2017-11-28 11:05:56 - [MESSAGE][PASSED] - com.helper.commonfunct.utilities.login is PASSED

2017-11-28 11:05:56 - [TEST_STEP][PASSED] - com.helper.commonfunct.utilities.search: com.helper.commonfunct.utilities.search is PASSED

2017-11-28 11:05:57 - [MESSAGE][PASSED] - Current window maximized

2017-11-28 11:06:02 - [MESSAGE][PASSED] - Delayed 5 second(s)

2017-11-28 11:06:02 - [MESSAGE][PASSED] - Text 'ECR-28Nov2017-17' is set on object 'Object Repository/EngInfo/search'

2017-11-28 11:06:07 - [MESSAGE][PASSED] - Delayed 5 second(s)

2017-11-28 11:06:07 - [MESSAGE][PASSED] - Keys 'ENTER + ' sent to object: 'Object Repository/EngInfo/search'

2017-11-28 11:06:12 - [MESSAGE][PASSED] - Delayed 5 second(s)

2017-11-28 11:06:12 - [MESSAGE][PASSED] - com.helper.commonfunct.utilities.search is PASSED

2017-11-28 11:06:12 - [TEST_STEP][PASSED] - com.helper.commonfunct.utilities.approve: com.helper.commonfunct.utilities.approve is PASSED

2017-11-28 11:06:17 - [MESSAGE][PASSED] - Delayed 5 second(s)

2017-11-28 11:06:17 - [MESSAGE][WARNING] - Timeout '0' is invalid. Using default page load timeout: '30'

2017-11-28 11:06:19 - [MESSAGE][PASSED] - Object: 'Object Repository/Approve-Reject/link_assignment' is clicked on

2017-11-28 11:06:24 - [MESSAGE][PASSED] - Delayed 5 second(s)

2017-11-28 11:06:24 - [MESSAGE][WARNING] - Timeout '0' is invalid. Using default page load timeout: '30'

2017-11-28 11:06:24 - [MESSAGE][PASSED] - Scroll to object 'Object Repository/Approve-Reject/APPROVE_BUTTON' successfully

2017-11-28 11:06:24 - [MESSAGE][PASSED] - Object: 'Object Repository/Approve-Reject/APPROVE_BUTTON' is clicked on

2017-11-28 11:06:29 - [MESSAGE][PASSED] - Delayed 5 second(s)

2017-11-28 11:06:29 - [MESSAGE][PASSED] - Keys 'testing' sent to object: 'Object Repository/Approve-Reject/APPROVE_REJECT_NOTES'

2017-11-28 11:06:34 - [MESSAGE][PASSED] - Delayed 5 second(s)

2017-11-28 11:06:34 - [MESSAGE][WARNING] - Timeout '0' is invalid. Using default page load timeout: '30'

2017-11-28 11:06:34 - [MESSAGE][PASSED] - Scroll to object 'Object Repository/Generic/SUBMIT' successfully

2017-11-28 11:06:34 - [MESSAGE][PASSED] - Object: 'Object Repository/Generic/SUBMIT' is clicked on

2017-11-28 11:06:39 - [MESSAGE][PASSED] - Delayed 5 second(s)

2017-11-28 11:06:39 - [MESSAGE][PASSED] - com.helper.commonfunct.utilities.approve is PASSED

2017-11-28 11:06:39 - [TEST_STEP][PASSED] - com.helper.commonfunct.utilities.WOstatus: com.helper.commonfunct.utilities.WOstatus is PASSED

2017-11-28 11:06:40 - [MESSAGE][PASSED] - Text of object 'Object Repository/ECR/WOSTATUS' is: 'Pending-Approval'

2017-11-28 11:06:40 - [MESSAGE][PASSED] - com.helper.commonfunct.utilities.WOstatus is PASSED

2017-11-28 11:06:40 - [TEST_STEP][PASSED] - Statement - Status = text: null

2017-11-28 11:06:40 - [TEST_STEP][PASSED] - Statement - println(Status): null

2017-11-28 11:06:40 - [TEST_STEP][PASSED] - Statement - If (Status == "Pending-RDApproval"): null

2017-11-28 11:06:40 - [TEST_STEP][PASSED] - Statement - Else If (Status == "Pending-RLApproval"): null

2017-11-28 11:06:40 - [TEST_STEP][PASSED] - Statement - Else If (Status == "Pending-RDDApproval"): null

2017-11-28 11:06:40 - [TEST_STEP][PASSED] - Statement - Else If (Status == "Pending-OPSApproval"): com.helper.commonfunct.utilities.WOstatus is PASSED

2017-11-28 11:06:40 - [TEST_STEP][PASSED] - Statement - If (OpsReject == false): com.helper.commonfunct.utilities.WOstatus is PASSED

2017-11-28 11:06:40 - [TEST_STEP][PASSED] - com.helper.commonfunct.utilities.login: com.helper.commonfunct.utilities.login is PASSED

2017-11-28 11:06:40 - [MESSAGE][WARNING] - A browser is already opened. Closing browser and opening a new one

2017-11-28 11:06:44 - [MESSAGE][PASSED] - Browser is opened with url: ''

2017-11-28 11:06:45 - [MESSAGE][PASSED] - Navigate to 'https://vtcpqa2.rpega.com:9030/tcpqa/PRServlet' successfully

2017-11-28 11:06:45 - [MESSAGE][PASSED] - Text 'pogoa@pegasystems.com' is set on object 'Object Repository/input_UserIdentifier'

2017-11-28 11:06:45 - [MESSAGE][PASSED] - Text 'install' is set on object 'Object Repository/input_Password'

2017-11-28 11:06:48 - [MESSAGE][PASSED] - Keys 'ENTER + ' sent to object: 'Object Repository/input_Password'

2017-11-28 11:06:48 - [MESSAGE][PASSED] - com.helper.commonfunct.utilities.login is PASSED

2017-11-28 11:06:48 - [TEST_STEP][PASSED] - com.helper.commonfunct.utilities.search: com.helper.commonfunct.utilities.search is PASSED

2017-11-28 11:06:50 - [MESSAGE][PASSED] - Current window maximized

2017-11-28 11:06:55 - [MESSAGE][PASSED] - Delayed 5 second(s)

2017-11-28 11:06:55 - [MESSAGE][PASSED] - Text 'ECR-28Nov2017-17' is set on object 'Object Repository/EngInfo/search'

2017-11-28 11:07:00 - [MESSAGE][PASSED] - Delayed 5 second(s)

2017-11-28 11:07:00 - [MESSAGE][PASSED] - Keys 'ENTER + ' sent to object: 'Object Repository/EngInfo/search'

2017-11-28 11:07:05 - [MESSAGE][PASSED] - Delayed 5 second(s)

2017-11-28 11:07:05 - [MESSAGE][PASSED] - com.helper.commonfunct.utilities.search is PASSED

2017-11-28 11:07:05 - [TEST_STEP][PASSED] - com.helper.commonfunct.utilities.gsopsApprove: com.helper.commonfunct.utilities.gsopsApprove is PASSED

2017-11-28 11:07:10 - [MESSAGE][PASSED] - Delayed 5 second(s)

2017-11-28 11:07:10 - [MESSAGE][WARNING] - Timeout '0' is invalid. Using default page load timeout: '30'

2017-11-28 11:07:11 - [MESSAGE][WARNING] - Timeout '0' is invalid. Using default page load timeout: '30'

2017-11-28 11:07:11 - [MESSAGE][PASSED] - Scroll to object 'Object Repository/Approve-Reject/APPROVE_BUTTON' successfully

2017-11-28 11:07:12 - [MESSAGE][PASSED] - Object: 'Object Repository/Approve-Reject/APPROVE_BUTTON' is clicked on

2017-11-28 11:07:17 - [MESSAGE][PASSED] - Delayed 5 second(s)

2017-11-28 11:07:17 - [MESSAGE][PASSED] - Keys 'testing' sent to object: 'Object Repository/Approve-Reject/APPROVE_REJECT_NOTES'

2017-11-28 11:07:22 - [MESSAGE][PASSED] - Delayed 5 second(s)

2017-11-28 11:07:22 - [MESSAGE][WARNING] - Timeout '0' is invalid. Using default page load timeout: '30'

2017-11-28 11:07:22 - [MESSAGE][PASSED] - Scroll to object 'Object Repository/Generic/SUBMIT' successfully

2017-11-28 11:07:22 - [MESSAGE][PASSED] - Object: 'Object Repository/Generic/SUBMIT' is clicked on

2017-11-28 11:07:27 - [MESSAGE][PASSED] - Delayed 5 second(s)

2017-11-28 11:07:27 - [MESSAGE][PASSED] - com.helper.commonfunct.utilities.gsopsApprove is PASSED

2017-11-28 11:07:27 - [TEST_STEP][PASSED] - com.helper.commonfunct.utilities.WOstatus: com.helper.commonfunct.utilities.WOstatus is PASSED

2017-11-28 11:07:27 - [MESSAGE][PASSED] - Text of object 'Object Repository/ECR/WOSTATUS' is: 'Pending-Approval'

2017-11-28 11:07:27 - [MESSAGE][PASSED] - com.helper.commonfunct.utilities.WOstatus is PASSED

2017-11-28 11:07:27 - [TEST_STEP][PASSED] - Statement - For ([j = 0, j < AssignmentList.size(), (j++)]): com.helper.commonfunct.utilities.WOstatus is PASSED

2017-11-28 11:07:27 - [TEST_STEP][PASSED] - Statement - Status = text: null

2017-11-28 11:07:27 - [TEST_STEP][PASSED] - Statement - println(Status): null

2017-11-28 11:07:27 - [TEST_STEP][PASSED] - Statement - If (Status == "Pending-RDApproval"): null

2017-11-28 11:07:27 - [TEST_STEP][PASSED] - Statement - Else If (Status == "Pending-RLApproval"): null

2017-11-28 11:07:27 - [TEST_STEP][PASSED] - Statement - Else If (Status == "Pending-RDDApproval"): com.helper.commonfunct.utilities.WOstatus is PASSED

2017-11-28 11:07:27 - [TEST_STEP][PASSED] - Statement - If (RDD_Reject == false): com.helper.commonfunct.utilities.WOstatus is PASSED

2017-11-28 11:07:27 - [TEST_STEP][PASSED] - com.helper.commonfunct.utilities.login: com.helper.commonfunct.utilities.login is PASSED

2017-11-28 11:07:27 - [MESSAGE][WARNING] - A browser is already opened. Closing browser and opening a new one

2017-11-28 11:07:31 - [MESSAGE][PASSED] - Browser is opened with url: ''

2017-11-28 11:07:31 - [MESSAGE][PASSED] - Navigate to 'https://vtcpqa2.rpega.com:9030/tcpqa/PRServlet' successfully

2017-11-28 11:07:32 - [MESSAGE][PASSED] - Text 'lachd@pegasystems.com' is set on object 'Object Repository/input_UserIdentifier'

2017-11-28 11:07:32 - [MESSAGE][PASSED] - Text 'install' is set on object 'Object Repository/input_Password'

2017-11-28 11:07:35 - [MESSAGE][PASSED] - Keys 'ENTER + ' sent to object: 'Object Repository/input_Password'

2017-11-28 11:07:35 - [MESSAGE][PASSED] - com.helper.commonfunct.utilities.login is PASSED

2017-11-28 11:07:35 - [TEST_STEP][PASSED] - com.helper.commonfunct.utilities.search: com.helper.commonfunct.utilities.search is PASSED

2017-11-28 11:07:36 - [MESSAGE][PASSED] - Current window maximized

2017-11-28 11:07:41 - [MESSAGE][PASSED] - Delayed 5 second(s)

2017-11-28 11:07:42 - [MESSAGE][PASSED] - Text 'ECR-28Nov2017-17' is set on object 'Object Repository/EngInfo/search'

2017-11-28 11:07:47 - [MESSAGE][PASSED] - Delayed 5 second(s)

2017-11-28 11:07:47 - [MESSAGE][PASSED] - Keys 'ENTER + ' sent to object: 'Object Repository/EngInfo/search'

2017-11-28 11:07:52 - [MESSAGE][PASSED] - Delayed 5 second(s)

2017-11-28 11:07:52 - [MESSAGE][PASSED] - com.helper.commonfunct.utilities.search is PASSED

2017-11-28 11:07:52 - [TEST_STEP][PASSED] - com.helper.commonfunct.utilities.approve: com.helper.commonfunct.utilities.approve is PASSED

2017-11-28 11:07:57 - [MESSAGE][PASSED] - Delayed 5 second(s)

2017-11-28 11:07:57 - [MESSAGE][WARNING] - Timeout '0' is invalid. Using default page load timeout: '30'

2017-11-28 11:07:59 - [MESSAGE][PASSED] - Object: 'Object Repository/Approve-Reject/link_assignment' is clicked on

2017-11-28 11:08:04 - [MESSAGE][PASSED] - Delayed 5 second(s)

2017-11-28 11:08:04 - [MESSAGE][WARNING] - Timeout '0' is invalid. Using default page load timeout: '30'

2017-11-28 11:08:04 - [MESSAGE][PASSED] - Scroll to object 'Object Repository/Approve-Reject/APPROVE_BUTTON' successfully

2017-11-28 11:08:04 - [MESSAGE][PASSED] - Object: 'Object Repository/Approve-Reject/APPROVE_BUTTON' is clicked on

2017-11-28 11:08:09 - [MESSAGE][PASSED] - Delayed 5 second(s)

2017-11-28 11:08:09 - [MESSAGE][PASSED] - Keys 'testing' sent to object: 'Object Repository/Approve-Reject/APPROVE_REJECT_NOTES'

2017-11-28 11:08:14 - [MESSAGE][PASSED] - Delayed 5 second(s)

2017-11-28 11:08:14 - [MESSAGE][WARNING] - Timeout '0' is invalid. Using default page load timeout: '30'

2017-11-28 11:08:14 - [MESSAGE][PASSED] - Scroll to object 'Object Repository/Generic/SUBMIT' successfully

2017-11-28 11:08:14 - [MESSAGE][PASSED] - Object: 'Object Repository/Generic/SUBMIT' is clicked on

2017-11-28 11:08:19 - [MESSAGE][PASSED] - Delayed 5 second(s)

2017-11-28 11:08:19 - [MESSAGE][PASSED] - com.helper.commonfunct.utilities.approve is PASSED

2017-11-28 11:08:19 - [TEST_STEP][PASSED] - com.helper.commonfunct.utilities.WOstatus: com.helper.commonfunct.utilities.WOstatus is PASSED

2017-11-28 11:08:20 - [MESSAGE][PASSED] - Text of object 'Object Repository/ECR/WOSTATUS' is: 'Pending-Approval'

2017-11-28 11:08:20 - [MESSAGE][PASSED] - com.helper.commonfunct.utilities.WOstatus is PASSED

2017-11-28 11:08:20 - [TEST_STEP][PASSED] - Statement - For ([j = 0, j < AssignmentList.size(), (j++)]): com.helper.commonfunct.utilities.WOstatus is PASSED

2017-11-28 11:08:20 - [TEST_STEP][PASSED] - Statement - Status = text: null

2017-11-28 11:08:20 - [TEST_STEP][PASSED] - Statement - println(Status): null

2017-11-28 11:08:20 - [TEST_STEP][PASSED] - Statement - If (Status == "Pending-RDApproval"): null

2017-11-28 11:08:20 - [TEST_STEP][PASSED] - Statement - Else If (Status == "Pending-RLApproval"): null

2017-11-28 11:08:20 - [TEST_STEP][PASSED] - Statement - Else If (Status == "Pending-RDDApproval"): null

2017-11-28 11:08:20 - [TEST_STEP][PASSED] - Statement - Else If (Status == "Pending-OPSApproval"): null

2017-11-28 11:08:20 - [TEST_STEP][PASSED] - Statement - Else If (Status == "Pending-ExpSvcApproval"): com.helper.commonfunct.utilities.WOstatus is PASSED

2017-11-28 11:08:20 - [TEST_STEP][PASSED] - Statement - If (EXP_SVC_Reject == false): com.helper.commonfunct.utilities.WOstatus is PASSED

2017-11-28 11:08:20 - [TEST_STEP][PASSED] - com.helper.commonfunct.utilities.login: com.helper.commonfunct.utilities.login is PASSED

2017-11-28 11:08:20 - [MESSAGE][WARNING] - A browser is already opened. Closing browser and opening a new one

2017-11-28 11:08:23 - [MESSAGE][PASSED] - Browser is opened with url: ''

2017-11-28 11:08:24 - [MESSAGE][PASSED] - Navigate to 'https://vtcpqa2.rpega.com:9030/tcpqa/PRServlet' successfully

2017-11-28 11:08:24 - [MESSAGE][PASSED] - Text 'sachb@pegasystems.com' is set on object 'Object Repository/input_UserIdentifier'

2017-11-28 11:08:25 - [MESSAGE][PASSED] - Text 'install' is set on object 'Object Repository/input_Password'

2017-11-28 11:08:29 - [MESSAGE][PASSED] - Keys 'ENTER + ' sent to object: 'Object Repository/input_Password'

2017-11-28 11:08:29 - [MESSAGE][PASSED] - com.helper.commonfunct.utilities.login is PASSED

2017-11-28 11:08:29 - [TEST_STEP][PASSED] - com.helper.commonfunct.utilities.search: com.helper.commonfunct.utilities.search is PASSED

2017-11-28 11:08:30 - [MESSAGE][PASSED] - Current window maximized

2017-11-28 11:08:35 - [MESSAGE][PASSED] - Delayed 5 second(s)

2017-11-28 11:08:36 - [MESSAGE][PASSED] - Text 'ECR-28Nov2017-17' is set on object 'Object Repository/EngInfo/search'

2017-11-28 11:08:41 - [MESSAGE][PASSED] - Delayed 5 second(s)

2017-11-28 11:08:41 - [MESSAGE][PASSED] - Keys 'ENTER + ' sent to object: 'Object Repository/EngInfo/search'

2017-11-28 11:08:46 - [MESSAGE][PASSED] - Delayed 5 second(s)

2017-11-28 11:08:46 - [MESSAGE][PASSED] - com.helper.commonfunct.utilities.search is PASSED

2017-11-28 11:08:46 - [TEST_STEP][PASSED] - com.helper.commonfunct.utilities.approve: com.helper.commonfunct.utilities.approve is PASSED

2017-11-28 11:08:51 - [MESSAGE][PASSED] - Delayed 5 second(s)

2017-11-28 11:08:51 - [MESSAGE][WARNING] - Timeout '0' is invalid. Using default page load timeout: '30'

2017-11-28 11:08:52 - [MESSAGE][PASSED] - Object: 'Object Repository/Approve-Reject/link_assignment' is clicked on

2017-11-28 11:08:57 - [MESSAGE][PASSED] - Delayed 5 second(s)

2017-11-28 11:08:57 - [MESSAGE][WARNING] - Timeout '0' is invalid. Using default page load timeout: '30'

2017-11-28 11:08:57 - [MESSAGE][PASSED] - Scroll to object 'Object Repository/Approve-Reject/APPROVE_BUTTON' successfully

2017-11-28 11:08:57 - [MESSAGE][PASSED] - Object: 'Object Repository/Approve-Reject/APPROVE_BUTTON' is clicked on

2017-11-28 11:09:02 - [MESSAGE][PASSED] - Delayed 5 second(s)

2017-11-28 11:09:03 - [MESSAGE][PASSED] - Keys 'testing' sent to object: 'Object Repository/Approve-Reject/APPROVE_REJECT_NOTES'

2017-11-28 11:09:08 - [MESSAGE][PASSED] - Delayed 5 second(s)

2017-11-28 11:09:08 - [MESSAGE][WARNING] - Timeout '0' is invalid. Using default page load timeout: '30'

2017-11-28 11:09:08 - [MESSAGE][PASSED] - Scroll to object 'Object Repository/Generic/SUBMIT' successfully

2017-11-28 11:09:08 - [MESSAGE][PASSED] - Object: 'Object Repository/Generic/SUBMIT' is clicked on

2017-11-28 11:09:13 - [MESSAGE][PASSED] - Delayed 5 second(s)

2017-11-28 11:09:13 - [MESSAGE][PASSED] - com.helper.commonfunct.utilities.approve is PASSED

2017-11-28 11:09:13 - [TEST_STEP][PASSED] - com.helper.commonfunct.utilities.WOstatus: com.helper.commonfunct.utilities.WOstatus is PASSED

2017-11-28 11:09:13 - [MESSAGE][PASSED] - Text of object 'Object Repository/ECR/WOSTATUS' is: 'Pending-Contract'

2017-11-28 11:09:13 - [MESSAGE][PASSED] - com.helper.commonfunct.utilities.WOstatus is PASSED

2017-11-28 11:09:13 - [TEST_STEP][FAILED] - Statement - For ([j = 0, j < AssignmentList.size(), (j++)]): Unable to click on object 'Object Repository/Approve-Reject/contractlink' (Root cause: com.kms.katalon.core.webui.exception.WebElementNotFoundException: Web element with id: 'Object Repository/Approve-Reject/contractlink' located by 'By.xpath: //nobr//a[contains(.,'Create Contract')]' not found)

2017-11-28 11:09:13 - [TEST_STEP][PASSED] - Statement - Status = text: null

2017-11-28 11:09:13 - [TEST_STEP][PASSED] - Statement - println(Status): null

2017-11-28 11:09:13 - [TEST_STEP][PASSED] - Statement - If (Status == "Pending-RDApproval"): null

2017-11-28 11:09:13 - [TEST_STEP][PASSED] - Statement - Else If (Status == "Pending-RLApproval"): null

2017-11-28 11:09:13 - [TEST_STEP][PASSED] - Statement - Else If (Status == "Pending-RDDApproval"): null

2017-11-28 11:09:13 - [TEST_STEP][PASSED] - Statement - Else If (Status == "Pending-OPSApproval"): null

2017-11-28 11:09:13 - [TEST_STEP][PASSED] - Statement - Else If (Status == "Pending-ExpSvcApproval"): null

2017-11-28 11:09:13 - [TEST_STEP][PASSED] - Statement - Else If (Status == "Pending-DocUpdate"): null

2017-11-28 11:09:13 - [TEST_STEP][FAILED] - Statement - Else If (Status == "Pending-Contract"): Unable to click on object 'Object Repository/Approve-Reject/contractlink' (Root cause: com.kms.katalon.core.webui.exception.WebElementNotFoundException: Web element with id: 'Object Repository/Approve-Reject/contractlink' located by 'By.xpath: //nobr//a[contains(.,'Create Contract')]' not found)

2017-11-28 11:09:13 - [TEST_STEP][PASSED] - com.helper.commonfunct.utilities.login: com.helper.commonfunct.utilities.login is PASSED

2017-11-28 11:09:13 - [MESSAGE][WARNING] - A browser is already opened. Closing browser and opening a new one

2017-11-28 11:09:16 - [MESSAGE][PASSED] - Browser is opened with url: ''

2017-11-28 11:09:17 - [MESSAGE][PASSED] - Navigate to 'https://vtcpqa2.rpega.com:9030/tcpqa/PRServlet' successfully

2017-11-28 11:09:17 - [MESSAGE][PASSED] - Text 'hendj@pegasystems.com' is set on object 'Object Repository/input_UserIdentifier'

2017-11-28 11:09:17 - [MESSAGE][PASSED] - Text 'install' is set on object 'Object Repository/input_Password'

2017-11-28 11:09:21 - [MESSAGE][PASSED] - Keys 'ENTER + ' sent to object: 'Object Repository/input_Password'

2017-11-28 11:09:21 - [MESSAGE][PASSED] - com.helper.commonfunct.utilities.login is PASSED

2017-11-28 11:09:21 - [TEST_STEP][PASSED] - com.helper.commonfunct.utilities.search: com.helper.commonfunct.utilities.search is PASSED

2017-11-28 11:09:22 - [MESSAGE][PASSED] - Current window maximized

2017-11-28 11:09:27 - [MESSAGE][PASSED] - Delayed 5 second(s)

2017-11-28 11:09:27 - [MESSAGE][PASSED] - Text 'ECR-28Nov2017-17' is set on object 'Object Repository/EngInfo/search'

2017-11-28 11:09:32 - [MESSAGE][PASSED] - Delayed 5 second(s)

2017-11-28 11:09:32 - [MESSAGE][PASSED] - Keys 'ENTER + ' sent to object: 'Object Repository/EngInfo/search'

2017-11-28 11:09:37 - [MESSAGE][PASSED] - Delayed 5 second(s)

2017-11-28 11:09:37 - [MESSAGE][PASSED] - com.helper.commonfunct.utilities.search is PASSED

2017-11-28 11:09:37 - [TEST_STEP][PASSED] - maximizeWindow: Current window maximized

2017-11-28 11:09:37 - [MESSAGE][PASSED] - Current window maximized

2017-11-28 11:09:37 - [TEST_STEP][FAILED] - com.helper.commonfunct.utilities.ContractDisposition: Unable to click on object 'Object Repository/Approve-Reject/contractlink' (Root cause: com.kms.katalon.core.webui.exception.WebElementNotFoundException: Web element with id: 'Object Repository/Approve-Reject/contractlink' located by 'By.xpath: //nobr//a[contains(.,'Create Contract')]' not found)

2017-11-28 11:09:42 - [MESSAGE][PASSED] - Delayed 5 second(s)

2017-11-28 11:09:42 - [MESSAGE][WARNING] - Timeout '0' is invalid. Using default page load timeout: '30'

2017-11-28 11:10:14 - [MESSAGE][FAILED] - Unable to click on object 'Object Repository/Approve-Reject/contractlink' (Root cause: com.kms.katalon.core.webui.exception.WebElementNotFoundException: Web element with id: 'Object Repository/Approve-Reject/contractlink' located by 'By.xpath: //nobr//a[contains(.,'Create Contract')]' not found)
[[ATTACHMENT|C:\\Users\\nipin\\Katalon Studio\\COE\\Reports\\ECR_Lite\\20171128_103743\\1511885413834.png]]

2017-11-28 11:10:14 - [MESSAGE][FAILED] - Unable to click on object 'Object Repository/Approve-Reject/contractlink' (Root cause: com.kms.katalon.core.webui.exception.WebElementNotFoundException: Web element with id: 'Object Repository/Approve-Reject/contractlink' located by 'By.xpath: //nobr//a[contains(.,'Create Contract')]' not found)

2017-11-28 11:10:14 - [MESSAGE][FAILED] - Unable to call Test Case with id 'Test Cases/ECR/REF/ECR_Approval_Reject' (Root cause: Call Test Case 'Test Cases/ECR/REF/ECR_Approval_Reject' failed)]]></system-out>
         <system-err><![CDATA[2017-11-28 10:58:49 - [TEST_CASE][FAILED] - Test Cases/ECR/TC_ECR_Lite_ExpertService_AllApproval: Test Cases/ECR/TC_ECR_Lite_ExpertService_AllApproval FAILED because (of) Unable to click on object 'Object Repository/Approve-Reject/contractlink' (Root cause: com.kms.katalon.core.webui.exception.WebElementNotFoundException: Web element with id: 'Object Repository/Approve-Reject/contractlink' located by 'By.xpath: //nobr//a[contains(.,'Create Contract')]' not found)]]></system-err>
      </testcase>
      <system-out><![CDATA[2017-11-28 10:37:45 - [TEST_SUITE][FAILED] - ECR_Lite: Test Cases/ECR/TC_ECRLite_NoExpertService_AllApproval FAILED because (of) Unable to click on object 'Object Repository/Approve-Reject/contractlink' (Root cause: com.kms.katalon.core.webui.exception.WebElementNotFoundException: Web element with id: 'Object Repository/Approve-Reject/contractlink' located by 'By.xpath: //nobr//a[contains(.,'Create Contract')]' not found)]]></system-out>
      <system-err><![CDATA[2017-11-28 10:37:45 - [TEST_SUITE][FAILED] - ECR_Lite: Test Cases/ECR/TC_ECRLite_NoExpertService_AllApproval FAILED because (of) Unable to click on object 'Object Repository/Approve-Reject/contractlink' (Root cause: com.kms.katalon.core.webui.exception.WebElementNotFoundException: Web element with id: 'Object Repository/Approve-Reject/contractlink' located by 'By.xpath: //nobr//a[contains(.,'Create Contract')]' not found)]]></system-err>
   </testsuite>
</testsuites>
