<?xml version="1.0" encoding="UTF-8"?>
<testsuites name="ECR_Approval_Reject_Recall" time="4020" tests="2" failures="4" errors="3">
   <testsuite name="ECR_Approval_Reject_Recall" tests="2" failures="4" errors="3" time="4020" timestamp="2017-11-16 23:31:08" hostname="nipin - L22622WUS.rpega.com" id="Test Suites/ECR_Approval_Reject_Recall">
      <properties>
         <property name="deviceName" value=""/>
         <property name="devicePlatform" value=""/>
         <property name="logFolder" value="C:\\Users\\nipin\\Katalon Studio\\COE\\Reports\\ECR_Approval_Reject_Recall\\20171116_233106"/>
         <property name="logFiles" value="C:\\Users\\nipin\\Katalon Studio\\COE\\Reports\\ECR_Approval_Reject_Recall\\20171116_233106\\execution0.log"/>
         <property name="attachments" value="C:\\Users\\nipin\\Katalon Studio\\COE\\Reports\\ECR_Approval_Reject_Recall\\20171116_233106\\1510895452973.png, C:\\Users\\nipin\\Katalon Studio\\COE\\Reports\\ECR_Approval_Reject_Recall\\20171116_233106\\1510896354321.png, C:\\Users\\nipin\\Katalon Studio\\COE\\Reports\\ECR_Approval_Reject_Recall\\20171116_233106\\1510896790979.png"/>
         <property name="hostName" value="nipin - L22622WUS.rpega.com"/>
         <property name="os" value="Windows 7 64bit"/>
         <property name="katalonVersion" value="5.1.0.1"/>
         <property name="browser" value="Chrome 62.0.3202.94"/>
         <property name="hostAddress" value="10.224.202.96"/>
         <property name="sessionId" value="7e988d552e92cfd3e643b05672d02c92"/>
         <property name="seleniumVersion" value="3.7.1"/>
         <property name="proxyInformation" value="ProxyInformation{proxyOption=NO_PROXY, proxyServerType=HTTP, password=, proxyServerAddress=, proxyServerPort=0}"/>
         <property name="platform" value="Windows 7"/>
      </properties>
      <testcase name="Test Cases/ECR/TC_ECRLite_NoExpertService_AllReject" classname="Test Cases/ECR/TC_ECRLite_NoExpertService_AllReject" status="FAILED">
         <failure type="FAILED" message="Unable to scroll to object 'Object Repository/NEXT_BUTTON' (Root cause: org.openqa.selenium.UnhandledAlertException: unexpected alert open: {Alert text : Please correct flagged fields before submitting the form!}
  (Session info: chrome=62.0.3202.94)
  (Driver info: chromedriver=2.33.506120 (e3e53437346286c0bc2d2dc9aa4915ba81d9023f),platform=Windows NT 6.1.7601 SP1 x86_64) (WARNING: The server did not provide any stacktrace information)
Command duration or timeout: 0 milliseconds: null
Build info: version: '3.7.1', revision: '8a0099a', time: '2017-11-06T21:07:36.161Z'
System info: host: 'L22622WUS', ip: '10.224.202.96', os.name: 'Windows 7', os.arch: 'amd64', os.version: '6.1', java.version: '1.8.0_102'
Driver info: com.kms.katalon.selenium.driver.CChromeDriver
Capabilities {acceptSslCerts: true, applicationCacheEnabled: false, browserConnectionEnabled: false, browserName: chrome, chrome: {chromedriverVersion: 2.33.506120 (e3e53437346286..., userDataDir: C:\Users\nipin\AppData\Loca...}, cssSelectorsEnabled: true, databaseEnabled: false, handlesAlerts: true, hasTouchScreen: false, javascriptEnabled: true, locationContextEnabled: true, mobileEmulationEnabled: false, nativeEvents: true, networkConnectionEnabled: false, pageLoadStrategy: normal, platform: XP, platformName: XP, rotatable: false, setWindowRect: true, takesHeapSnapshot: true, takesScreenshot: true, unexpectedAlertBehaviour: , unhandledPromptBehavior: , version: 62.0.3202.94, webStorageEnabled: true}
Session ID: 563a1e41d82eb25447d4ee6560d644a9
*** Element info: {Using=xpath, value=//button[@title='Move to the next screen'][count(. | //*[@data-test-id = '20150226064347057917526']) = count(//*[@data-test-id = '20150226064347057917526'])]})"/>
         <system-out><![CDATA[2017-11-16 23:31:09 - [TEST_CASE][FAILED] - Test Cases/ECR/TC_ECRLite_NoExpertService_AllReject: Test Cases/ECR/TC_ECRLite_NoExpertService_AllReject FAILED because (of) Unable to scroll to object 'Object Repository/NEXT_BUTTON' (Root cause: org.openqa.selenium.UnhandledAlertException: unexpected alert open: {Alert text : Please correct flagged fields before submitting the form!}
  (Session info: chrome=62.0.3202.94)
  (Driver info: chromedriver=2.33.506120 (e3e53437346286c0bc2d2dc9aa4915ba81d9023f),platform=Windows NT 6.1.7601 SP1 x86_64) (WARNING: The server did not provide any stacktrace information)
Command duration or timeout: 0 milliseconds: null
Build info: version: '3.7.1', revision: '8a0099a', time: '2017-11-06T21:07:36.161Z'
System info: host: 'L22622WUS', ip: '10.224.202.96', os.name: 'Windows 7', os.arch: 'amd64', os.version: '6.1', java.version: '1.8.0_102'
Driver info: com.kms.katalon.selenium.driver.CChromeDriver
Capabilities {acceptSslCerts: true, applicationCacheEnabled: false, browserConnectionEnabled: false, browserName: chrome, chrome: {chromedriverVersion: 2.33.506120 (e3e53437346286..., userDataDir: C:\Users\nipin\AppData\Loca...}, cssSelectorsEnabled: true, databaseEnabled: false, handlesAlerts: true, hasTouchScreen: false, javascriptEnabled: true, locationContextEnabled: true, mobileEmulationEnabled: false, nativeEvents: true, networkConnectionEnabled: false, pageLoadStrategy: normal, platform: XP, platformName: XP, rotatable: false, setWindowRect: true, takesHeapSnapshot: true, takesScreenshot: true, unexpectedAlertBehaviour: , unhandledPromptBehavior: , version: 62.0.3202.94, webStorageEnabled: true}
Session ID: 563a1e41d82eb25447d4ee6560d644a9
*** Element info: {Using=xpath, value=//button[@title='Move to the next screen'][count(. | //*[@data-test-id = '20150226064347057917526']) = count(//*[@data-test-id = '20150226064347057917526'])]})

2017-11-16 23:31:10 - [TEST_STEP][FAILED] - callTestCase: Unable to call Test Case with id 'Test Cases/ECR/REF/ECR_Lite_NoExpertService' (Root cause: Call Test Case 'Test Cases/ECR/REF/ECR_Lite_NoExpertService' failed)

2017-11-16 23:31:10 - [TEST_CASE][FAILED] - Test Cases/ECR/REF/ECR_Lite_NoExpertService: Test Cases/ECR/REF/ECR_Lite_NoExpertService FAILED because (of) Unable to scroll to object 'Object Repository/NEXT_BUTTON' (Root cause: org.openqa.selenium.UnhandledAlertException: unexpected alert open: {Alert text : Please correct flagged fields before submitting the form!}
  (Session info: chrome=62.0.3202.94)
  (Driver info: chromedriver=2.33.506120 (e3e53437346286c0bc2d2dc9aa4915ba81d9023f),platform=Windows NT 6.1.7601 SP1 x86_64) (WARNING: The server did not provide any stacktrace information)
Command duration or timeout: 0 milliseconds: null
Build info: version: '3.7.1', revision: '8a0099a', time: '2017-11-06T21:07:36.161Z'
System info: host: 'L22622WUS', ip: '10.224.202.96', os.name: 'Windows 7', os.arch: 'amd64', os.version: '6.1', java.version: '1.8.0_102'
Driver info: com.kms.katalon.selenium.driver.CChromeDriver
Capabilities {acceptSslCerts: true, applicationCacheEnabled: false, browserConnectionEnabled: false, browserName: chrome, chrome: {chromedriverVersion: 2.33.506120 (e3e53437346286..., userDataDir: C:\Users\nipin\AppData\Loca...}, cssSelectorsEnabled: true, databaseEnabled: false, handlesAlerts: true, hasTouchScreen: false, javascriptEnabled: true, locationContextEnabled: true, mobileEmulationEnabled: false, nativeEvents: true, networkConnectionEnabled: false, pageLoadStrategy: normal, platform: XP, platformName: XP, rotatable: false, setWindowRect: true, takesHeapSnapshot: true, takesScreenshot: true, unexpectedAlertBehaviour: , unhandledPromptBehavior: , version: 62.0.3202.94, webStorageEnabled: true}
Session ID: 563a1e41d82eb25447d4ee6560d644a9
*** Element info: {Using=xpath, value=//button[@title='Move to the next screen'][count(. | //*[@data-test-id = '20150226064347057917526']) = count(//*[@data-test-id = '20150226064347057917526'])]})

2017-11-16 23:31:10 - [TEST_STEP][PASSED] - com.helper.commonfunct.utilities.login: com.helper.commonfunct.utilities.login is PASSED

2017-11-16 23:31:14 - [MESSAGE][PASSED] - Browser is opened with url: ''

2017-11-16 23:31:20 - [MESSAGE][PASSED] - Navigate to 'https://vtcpqa2.rpega.com:9030/tcpqa/PRServlet' successfully

2017-11-16 23:31:20 - [MESSAGE][PASSED] - Text 'pogoa@pegasystems.com' is set on object 'Object Repository/input_UserIdentifier'

2017-11-16 23:31:20 - [MESSAGE][PASSED] - Text 'install' is set on object 'Object Repository/input_Password'

2017-11-16 23:31:35 - [MESSAGE][PASSED] - Keys 'ENTER + ' sent to object: 'Object Repository/input_Password'

2017-11-16 23:31:35 - [MESSAGE][PASSED] - com.helper.commonfunct.utilities.login is PASSED

2017-11-16 23:31:35 - [TEST_STEP][FAILED] - com.helper.commonfunct.utilities.createECR: Unable to scroll to object 'Object Repository/NEXT_BUTTON' (Root cause: org.openqa.selenium.UnhandledAlertException: unexpected alert open: {Alert text : Please correct flagged fields before submitting the form!}
  (Session info: chrome=62.0.3202.94)
  (Driver info: chromedriver=2.33.506120 (e3e53437346286c0bc2d2dc9aa4915ba81d9023f),platform=Windows NT 6.1.7601 SP1 x86_64) (WARNING: The server did not provide any stacktrace information)
Command duration or timeout: 0 milliseconds: null
Build info: version: '3.7.1', revision: '8a0099a', time: '2017-11-06T21:07:36.161Z'
System info: host: 'L22622WUS', ip: '10.224.202.96', os.name: 'Windows 7', os.arch: 'amd64', os.version: '6.1', java.version: '1.8.0_102'
Driver info: com.kms.katalon.selenium.driver.CChromeDriver
Capabilities {acceptSslCerts: true, applicationCacheEnabled: false, browserConnectionEnabled: false, browserName: chrome, chrome: {chromedriverVersion: 2.33.506120 (e3e53437346286..., userDataDir: C:\Users\nipin\AppData\Loca...}, cssSelectorsEnabled: true, databaseEnabled: false, handlesAlerts: true, hasTouchScreen: false, javascriptEnabled: true, locationContextEnabled: true, mobileEmulationEnabled: false, nativeEvents: true, networkConnectionEnabled: false, pageLoadStrategy: normal, platform: XP, platformName: XP, rotatable: false, setWindowRect: true, takesHeapSnapshot: true, takesScreenshot: true, unexpectedAlertBehaviour: , unhandledPromptBehavior: , version: 62.0.3202.94, webStorageEnabled: true}
Session ID: 563a1e41d82eb25447d4ee6560d644a9
*** Element info: {Using=xpath, value=//button[@title='Move to the next screen'][count(. | //*[@data-test-id = '20150226064347057917526']) = count(//*[@data-test-id = '20150226064347057917526'])]})

2017-11-16 23:31:35 - [MESSAGE][PASSED] - Object: 'Object Repository/Generic/a_Actions' is clicked on

2017-11-16 23:31:38 - [MESSAGE][PASSED] - Object: 'Object Repository/span_New' is focused

2017-11-16 23:31:42 - [MESSAGE][PASSED] - Object: 'Object Repository/span_Bid Process' is clicked on

2017-11-16 23:31:42 - [MESSAGE][PASSED] - Object: 'Object Repository/ECR/BID_TYPE' is clicked on

2017-11-16 23:31:42 - [MESSAGE][PASSED] - Object 'Object Repository/button_Import' is present

2017-11-16 23:31:47 - [MESSAGE][PASSED] - Delayed 5 second(s)

2017-11-16 23:31:48 - [MESSAGE][PASSED] - Object: 'Object Repository/button_Import' is clicked on

2017-11-16 23:31:48 - [MESSAGE][PASSED] - File 'C:\Users\nipin\Desktop\Latest BSW\Final\ECR_LITE_EXPSVC.xlsm' sent to object: 'Object Repository/input_PpyWorkPageppyFilePath'

2017-11-16 23:31:53 - [MESSAGE][PASSED] - Delayed 5 second(s)

2017-11-16 23:31:53 - [MESSAGE][WARNING] - Timeout '0' is invalid. Using default page load timeout: '30'

2017-11-16 23:31:54 - [MESSAGE][PASSED] - Scroll to object 'Object Repository/button_Submit' successfully

2017-11-16 23:31:58 - [MESSAGE][PASSED] - Object: 'Object Repository/button_Submit' is clicked on

2017-11-16 23:31:59 - [MESSAGE][PASSED] - Object 'Object Repository/EngInfo/COID' is visible

2017-11-16 23:32:04 - [MESSAGE][PASSED] - Delayed 5 second(s)

2017-11-16 23:32:09 - [MESSAGE][PASSED] - Delayed 5 second(s)

2017-11-16 23:32:09 - [MESSAGE][PASSED] - Text 'BOFA' is set on object 'Object Repository/Generic/ORG'

2017-11-16 23:32:14 - [MESSAGE][PASSED] - Delayed 5 second(s)

2017-11-16 23:32:14 - [MESSAGE][PASSED] - Keys 'TAB + ' sent to object: 'Object Repository/Generic/ORG'

2017-11-16 23:32:19 - [MESSAGE][PASSED] - Delayed 5 second(s)

2017-11-16 23:32:19 - [MESSAGE][PASSED] - Text 'BOFA' is set on object 'Object Repository/Generic/ACC'

2017-11-16 23:32:24 - [MESSAGE][PASSED] - Delayed 5 second(s)

2017-11-16 23:32:25 - [MESSAGE][PASSED] - Keys 'TAB + ' sent to object: 'Object Repository/Generic/ACC'

2017-11-16 23:32:30 - [MESSAGE][PASSED] - Delayed 5 second(s)

2017-11-16 23:32:30 - [MESSAGE][PASSED] - Text 'AUTOTEST1' is set on object 'Object Repository/Generic/ENG_DESC'

2017-11-16 23:32:35 - [MESSAGE][PASSED] - Delayed 5 second(s)

2017-11-16 23:32:35 - [MESSAGE][WARNING] - Timeout '0' is invalid. Using default page load timeout: '30'

2017-11-16 23:32:35 - [MESSAGE][PASSED] - Scroll to object 'Object Repository/Generic/SUBMIT' successfully

2017-11-16 23:32:35 - [MESSAGE][PASSED] - Object: 'Object Repository/Generic/SUBMIT' is clicked on

2017-11-16 23:32:40 - [MESSAGE][PASSED] - Delayed 5 second(s)

2017-11-16 23:32:41 - [MESSAGE][PASSED] - Text 'CO-12' is set on object 'Object Repository/EngInfo/COID'

2017-11-16 23:32:48 - [MESSAGE][PASSED] - Delayed 7 second(s)

2017-11-16 23:32:48 - [MESSAGE][PASSED] - Wait for page load successfully

2017-11-16 23:32:48 - [MESSAGE][PASSED] - Object: 'Object Repository/Generic/gapDrivenMethodology' is clicked on

2017-11-16 23:32:53 - [MESSAGE][PASSED] - Delayed 5 second(s)

2017-11-16 23:32:53 - [MESSAGE][PASSED] - Object: 'Object Repository/Generic/RapidDelivery' is clicked on

2017-11-16 23:32:58 - [MESSAGE][PASSED] - Delayed 5 second(s)

2017-11-16 23:32:59 - [MESSAGE][PASSED] - Object: 'Object Repository/Generic/MorethanOneRLS' is clicked on

2017-11-16 23:33:04 - [MESSAGE][PASSED] - Delayed 5 second(s)

2017-11-16 23:33:04 - [MESSAGE][PASSED] - Text '85000' is set on object 'Object Repository/ECR/Licence'

2017-11-16 23:33:09 - [MESSAGE][PASSED] - Delayed 5 second(s)

2017-11-16 23:33:09 - [MESSAGE][PASSED] - Object 'Object Repository/Generic/platform' is visible

2017-11-16 23:33:14 - [MESSAGE][PASSED] - Delayed 5 second(s)

2017-11-16 23:33:14 - [MESSAGE][PASSED] - Keys 'AMPchroma' sent to object: 'Object Repository/Generic/PlatformID'

2017-11-16 23:33:19 - [MESSAGE][PASSED] - Delayed 5 second(s)

2017-11-16 23:33:19 - [MESSAGE][PASSED] - Keys 'N/A' sent to object: 'Object Repository/Generic/PlatformVersion'

2017-11-16 23:33:24 - [MESSAGE][PASSED] - Delayed 5 second(s)

2017-11-16 23:33:25 - [MESSAGE][PASSED] - Object: 'Object Repository/Generic/PlatformTrue' is clicked on

2017-11-16 23:33:30 - [MESSAGE][PASSED] - Delayed 5 second(s)

2017-11-16 23:33:30 - [MESSAGE][PASSED] - Keys 'Jeff Henderson ' sent to object: 'Object Repository/EngInfo/PL'

2017-11-16 23:33:35 - [MESSAGE][PASSED] - Delayed 5 second(s)

2017-11-16 23:33:35 - [MESSAGE][PASSED] - Keys 'Robert Higgins' sent to object: 'Object Repository/EngInfo/PLTL'

2017-11-16 23:33:40 - [MESSAGE][PASSED] - Delayed 5 second(s)

2017-11-16 23:33:40 - [MESSAGE][PASSED] - Keys 'Eric Panepinto' sent to object: 'Object Repository/EngInfo/RL'

2017-11-16 23:33:45 - [MESSAGE][PASSED] - Delayed 5 second(s)

2017-11-16 23:33:46 - [MESSAGE][PASSED] - Keys 'Robert Lang' sent to object: 'Object Repository/EngInfo/RD'

2017-11-16 23:33:51 - [MESSAGE][PASSED] - Delayed 5 second(s)

2017-11-16 23:33:51 - [MESSAGE][PASSED] - Scroll to object 'Object Repository/NEXT_BUTTON' successfully

2017-11-16 23:33:51 - [MESSAGE][PASSED] - Object: 'Object Repository/NEXT_BUTTON' is clicked on

2017-11-16 23:33:58 - [MESSAGE][PASSED] - Delayed 7 second(s)

2017-11-16 23:33:58 - [MESSAGE][WARNING] - Cannot take screenshot

2017-11-16 23:33:58 - [MESSAGE][FAILED] - Unable to scroll to object 'Object Repository/NEXT_BUTTON' (Root cause: org.openqa.selenium.UnhandledAlertException: unexpected alert open: {Alert text : Please correct flagged fields before submitting the form!}
  (Session info: chrome=62.0.3202.94)
  (Driver info: chromedriver=2.33.506120 (e3e53437346286c0bc2d2dc9aa4915ba81d9023f),platform=Windows NT 6.1.7601 SP1 x86_64) (WARNING: The server did not provide any stacktrace information)
Command duration or timeout: 0 milliseconds: null
Build info: version: '3.7.1', revision: '8a0099a', time: '2017-11-06T21:07:36.161Z'
System info: host: 'L22622WUS', ip: '10.224.202.96', os.name: 'Windows 7', os.arch: 'amd64', os.version: '6.1', java.version: '1.8.0_102'
Driver info: com.kms.katalon.selenium.driver.CChromeDriver
Capabilities {acceptSslCerts: true, applicationCacheEnabled: false, browserConnectionEnabled: false, browserName: chrome, chrome: {chromedriverVersion: 2.33.506120 (e3e53437346286..., userDataDir: C:\Users\nipin\AppData\Loca...}, cssSelectorsEnabled: true, databaseEnabled: false, handlesAlerts: true, hasTouchScreen: false, javascriptEnabled: true, locationContextEnabled: true, mobileEmulationEnabled: false, nativeEvents: true, networkConnectionEnabled: false, pageLoadStrategy: normal, platform: XP, platformName: XP, rotatable: false, setWindowRect: true, takesHeapSnapshot: true, takesScreenshot: true, unexpectedAlertBehaviour: , unhandledPromptBehavior: , version: 62.0.3202.94, webStorageEnabled: true}
Session ID: 563a1e41d82eb25447d4ee6560d644a9
*** Element info: {Using=xpath, value=//button[@title='Move to the next screen'][count(. | //*[@data-test-id = '20150226064347057917526']) = count(//*[@data-test-id = '20150226064347057917526'])]})

2017-11-16 23:33:58 - [MESSAGE][FAILED] - Unable to scroll to object 'Object Repository/NEXT_BUTTON' (Root cause: org.openqa.selenium.UnhandledAlertException: unexpected alert open: {Alert text : Please correct flagged fields before submitting the form!}
  (Session info: chrome=62.0.3202.94)
  (Driver info: chromedriver=2.33.506120 (e3e53437346286c0bc2d2dc9aa4915ba81d9023f),platform=Windows NT 6.1.7601 SP1 x86_64) (WARNING: The server did not provide any stacktrace information)
Command duration or timeout: 0 milliseconds: null
Build info: version: '3.7.1', revision: '8a0099a', time: '2017-11-06T21:07:36.161Z'
System info: host: 'L22622WUS', ip: '10.224.202.96', os.name: 'Windows 7', os.arch: 'amd64', os.version: '6.1', java.version: '1.8.0_102'
Driver info: com.kms.katalon.selenium.driver.CChromeDriver
Capabilities {acceptSslCerts: true, applicationCacheEnabled: false, browserConnectionEnabled: false, browserName: chrome, chrome: {chromedriverVersion: 2.33.506120 (e3e53437346286..., userDataDir: C:\Users\nipin\AppData\Loca...}, cssSelectorsEnabled: true, databaseEnabled: false, handlesAlerts: true, hasTouchScreen: false, javascriptEnabled: true, locationContextEnabled: true, mobileEmulationEnabled: false, nativeEvents: true, networkConnectionEnabled: false, pageLoadStrategy: normal, platform: XP, platformName: XP, rotatable: false, setWindowRect: true, takesHeapSnapshot: true, takesScreenshot: true, unexpectedAlertBehaviour: , unhandledPromptBehavior: , version: 62.0.3202.94, webStorageEnabled: true}
Session ID: 563a1e41d82eb25447d4ee6560d644a9
*** Element info: {Using=xpath, value=//button[@title='Move to the next screen'][count(. | //*[@data-test-id = '20150226064347057917526']) = count(//*[@data-test-id = '20150226064347057917526'])]})

2017-11-16 23:33:58 - [MESSAGE][FAILED] - Unable to call Test Case with id 'Test Cases/ECR/REF/ECR_Lite_NoExpertService' (Root cause: Call Test Case 'Test Cases/ECR/REF/ECR_Lite_NoExpertService' failed)]]></system-out>
         <system-err><![CDATA[2017-11-16 23:31:09 - [TEST_CASE][FAILED] - Test Cases/ECR/TC_ECRLite_NoExpertService_AllReject: Test Cases/ECR/TC_ECRLite_NoExpertService_AllReject FAILED because (of) Unable to scroll to object 'Object Repository/NEXT_BUTTON' (Root cause: org.openqa.selenium.UnhandledAlertException: unexpected alert open: {Alert text : Please correct flagged fields before submitting the form!}
  (Session info: chrome=62.0.3202.94)
  (Driver info: chromedriver=2.33.506120 (e3e53437346286c0bc2d2dc9aa4915ba81d9023f),platform=Windows NT 6.1.7601 SP1 x86_64) (WARNING: The server did not provide any stacktrace information)
Command duration or timeout: 0 milliseconds: null
Build info: version: '3.7.1', revision: '8a0099a', time: '2017-11-06T21:07:36.161Z'
System info: host: 'L22622WUS', ip: '10.224.202.96', os.name: 'Windows 7', os.arch: 'amd64', os.version: '6.1', java.version: '1.8.0_102'
Driver info: com.kms.katalon.selenium.driver.CChromeDriver
Capabilities {acceptSslCerts: true, applicationCacheEnabled: false, browserConnectionEnabled: false, browserName: chrome, chrome: {chromedriverVersion: 2.33.506120 (e3e53437346286..., userDataDir: C:\Users\nipin\AppData\Loca...}, cssSelectorsEnabled: true, databaseEnabled: false, handlesAlerts: true, hasTouchScreen: false, javascriptEnabled: true, locationContextEnabled: true, mobileEmulationEnabled: false, nativeEvents: true, networkConnectionEnabled: false, pageLoadStrategy: normal, platform: XP, platformName: XP, rotatable: false, setWindowRect: true, takesHeapSnapshot: true, takesScreenshot: true, unexpectedAlertBehaviour: , unhandledPromptBehavior: , version: 62.0.3202.94, webStorageEnabled: true}
Session ID: 563a1e41d82eb25447d4ee6560d644a9
*** Element info: {Using=xpath, value=//button[@title='Move to the next screen'][count(. | //*[@data-test-id = '20150226064347057917526']) = count(//*[@data-test-id = '20150226064347057917526'])]})]]></system-err>
      </testcase>
      <testcase name="Test Cases/ECR/TC_ECRLite_NoExpertService_AllApproval" classname="Test Cases/ECR/TC_ECRLite_NoExpertService_AllApproval" status="PASSED">
         <system-out><![CDATA[2017-11-16 23:33:58 - [TEST_CASE][PASSED] - Test Cases/ECR/TC_ECRLite_NoExpertService_AllApproval: Test Cases/ECR/TC_ECRLite_NoExpertService_AllApproval

2017-11-16 23:33:58 - [TEST_STEP][PASSED] - callTestCase: Call Test Case 'Test Cases/ECR/REF/ECR_Lite_NoExpertService' successfully

2017-11-16 23:33:58 - [TEST_CASE][PASSED] - Test Cases/ECR/REF/ECR_Lite_NoExpertService: Test Cases/ECR/REF/ECR_Lite_NoExpertService

2017-11-16 23:33:58 - [TEST_STEP][PASSED] - com.helper.commonfunct.utilities.login: com.helper.commonfunct.utilities.login is PASSED

2017-11-16 23:33:58 - [MESSAGE][WARNING] - A browser is already opened. Closing browser and opening a new one

2017-11-16 23:34:01 - [MESSAGE][PASSED] - Browser is opened with url: ''

2017-11-16 23:34:07 - [MESSAGE][PASSED] - Navigate to 'https://vtcpqa2.rpega.com:9030/tcpqa/PRServlet' successfully

2017-11-16 23:34:07 - [MESSAGE][PASSED] - Text 'pogoa@pegasystems.com' is set on object 'Object Repository/input_UserIdentifier'

2017-11-16 23:34:07 - [MESSAGE][PASSED] - Text 'install' is set on object 'Object Repository/input_Password'

2017-11-16 23:34:27 - [MESSAGE][PASSED] - Keys 'ENTER + ' sent to object: 'Object Repository/input_Password'

2017-11-16 23:34:27 - [MESSAGE][PASSED] - com.helper.commonfunct.utilities.login is PASSED

2017-11-16 23:34:27 - [TEST_STEP][PASSED] - com.helper.commonfunct.utilities.createECR: com.helper.commonfunct.utilities.createECR is PASSED

2017-11-16 23:34:28 - [MESSAGE][PASSED] - Object: 'Object Repository/Generic/a_Actions' is clicked on

2017-11-16 23:34:30 - [MESSAGE][PASSED] - Object: 'Object Repository/span_New' is focused

2017-11-16 23:34:35 - [MESSAGE][PASSED] - Object: 'Object Repository/span_Bid Process' is clicked on

2017-11-16 23:34:35 - [MESSAGE][PASSED] - Object: 'Object Repository/ECR/BID_TYPE' is clicked on

2017-11-16 23:34:35 - [MESSAGE][PASSED] - Object 'Object Repository/button_Import' is present

2017-11-16 23:34:40 - [MESSAGE][PASSED] - Delayed 5 second(s)

2017-11-16 23:34:41 - [MESSAGE][PASSED] - Object: 'Object Repository/button_Import' is clicked on

2017-11-16 23:34:41 - [MESSAGE][PASSED] - File 'C:\Users\nipin\Desktop\Latest BSW\Final\ECR_LITE_EXPSVC.xlsm' sent to object: 'Object Repository/input_PpyWorkPageppyFilePath'

2017-11-16 23:34:46 - [MESSAGE][PASSED] - Delayed 5 second(s)

2017-11-16 23:34:46 - [MESSAGE][WARNING] - Timeout '0' is invalid. Using default page load timeout: '30'

2017-11-16 23:34:46 - [MESSAGE][PASSED] - Scroll to object 'Object Repository/button_Submit' successfully

2017-11-16 23:34:56 - [MESSAGE][PASSED] - Object: 'Object Repository/button_Submit' is clicked on

2017-11-16 23:34:56 - [MESSAGE][PASSED] - Object 'Object Repository/EngInfo/COID' is visible

2017-11-16 23:35:01 - [MESSAGE][PASSED] - Delayed 5 second(s)

2017-11-16 23:35:06 - [MESSAGE][PASSED] - Delayed 5 second(s)

2017-11-16 23:35:06 - [MESSAGE][PASSED] - Text 'BOFA' is set on object 'Object Repository/Generic/ORG'

2017-11-16 23:35:11 - [MESSAGE][PASSED] - Delayed 5 second(s)

2017-11-16 23:35:11 - [MESSAGE][PASSED] - Keys 'TAB + ' sent to object: 'Object Repository/Generic/ORG'

2017-11-16 23:35:16 - [MESSAGE][PASSED] - Delayed 5 second(s)

2017-11-16 23:35:16 - [MESSAGE][PASSED] - Text 'BOFA' is set on object 'Object Repository/Generic/ACC'

2017-11-16 23:35:21 - [MESSAGE][PASSED] - Delayed 5 second(s)

2017-11-16 23:35:21 - [MESSAGE][PASSED] - Keys 'TAB + ' sent to object: 'Object Repository/Generic/ACC'

2017-11-16 23:35:26 - [MESSAGE][PASSED] - Delayed 5 second(s)

2017-11-16 23:35:27 - [MESSAGE][PASSED] - Text 'AUTOTEST1' is set on object 'Object Repository/Generic/ENG_DESC'

2017-11-16 23:35:32 - [MESSAGE][PASSED] - Delayed 5 second(s)

2017-11-16 23:35:32 - [MESSAGE][WARNING] - Timeout '0' is invalid. Using default page load timeout: '30'

2017-11-16 23:35:32 - [MESSAGE][PASSED] - Scroll to object 'Object Repository/Generic/SUBMIT' successfully

2017-11-16 23:35:32 - [MESSAGE][PASSED] - Object: 'Object Repository/Generic/SUBMIT' is clicked on

2017-11-16 23:35:37 - [MESSAGE][PASSED] - Delayed 5 second(s)

2017-11-16 23:35:38 - [MESSAGE][PASSED] - Text 'CO-12' is set on object 'Object Repository/EngInfo/COID'

2017-11-16 23:35:45 - [MESSAGE][PASSED] - Delayed 7 second(s)

2017-11-16 23:35:45 - [MESSAGE][PASSED] - Wait for page load successfully

2017-11-16 23:35:46 - [MESSAGE][PASSED] - Object: 'Object Repository/Generic/gapDrivenMethodology' is clicked on

2017-11-16 23:35:51 - [MESSAGE][PASSED] - Delayed 5 second(s)

2017-11-16 23:35:51 - [MESSAGE][PASSED] - Object: 'Object Repository/Generic/RapidDelivery' is clicked on

2017-11-16 23:35:56 - [MESSAGE][PASSED] - Delayed 5 second(s)

2017-11-16 23:35:56 - [MESSAGE][PASSED] - Object: 'Object Repository/Generic/MorethanOneRLS' is clicked on

2017-11-16 23:36:01 - [MESSAGE][PASSED] - Delayed 5 second(s)

2017-11-16 23:36:01 - [MESSAGE][PASSED] - Text '85000' is set on object 'Object Repository/ECR/Licence'

2017-11-16 23:36:06 - [MESSAGE][PASSED] - Delayed 5 second(s)

2017-11-16 23:36:06 - [MESSAGE][PASSED] - Object 'Object Repository/Generic/platform' is visible

2017-11-16 23:36:11 - [MESSAGE][PASSED] - Delayed 5 second(s)

2017-11-16 23:36:12 - [MESSAGE][PASSED] - Keys 'AMPchroma' sent to object: 'Object Repository/Generic/PlatformID'

2017-11-16 23:36:17 - [MESSAGE][PASSED] - Delayed 5 second(s)

2017-11-16 23:36:17 - [MESSAGE][PASSED] - Keys 'N/A' sent to object: 'Object Repository/Generic/PlatformVersion'

2017-11-16 23:36:22 - [MESSAGE][PASSED] - Delayed 5 second(s)

2017-11-16 23:36:22 - [MESSAGE][PASSED] - Object: 'Object Repository/Generic/PlatformTrue' is clicked on

2017-11-16 23:36:27 - [MESSAGE][PASSED] - Delayed 5 second(s)

2017-11-16 23:36:27 - [MESSAGE][PASSED] - Keys 'Jeff Henderson ' sent to object: 'Object Repository/EngInfo/PL'

2017-11-16 23:36:32 - [MESSAGE][PASSED] - Delayed 5 second(s)

2017-11-16 23:36:32 - [MESSAGE][PASSED] - Keys 'Robert Higgins' sent to object: 'Object Repository/EngInfo/PLTL'

2017-11-16 23:36:37 - [MESSAGE][PASSED] - Delayed 5 second(s)

2017-11-16 23:36:38 - [MESSAGE][PASSED] - Keys 'Eric Panepinto' sent to object: 'Object Repository/EngInfo/RL'

2017-11-16 23:36:43 - [MESSAGE][PASSED] - Delayed 5 second(s)

2017-11-16 23:36:43 - [MESSAGE][PASSED] - Keys 'Robert Lang' sent to object: 'Object Repository/EngInfo/RD'

2017-11-16 23:36:48 - [MESSAGE][PASSED] - Delayed 5 second(s)

2017-11-16 23:36:48 - [MESSAGE][PASSED] - Scroll to object 'Object Repository/NEXT_BUTTON' successfully

2017-11-16 23:36:48 - [MESSAGE][PASSED] - Object: 'Object Repository/NEXT_BUTTON' is clicked on

2017-11-16 23:36:55 - [MESSAGE][PASSED] - Delayed 7 second(s)

2017-11-16 23:36:55 - [MESSAGE][PASSED] - Scroll to object 'Object Repository/NEXT_BUTTON' successfully

2017-11-16 23:36:55 - [MESSAGE][PASSED] - Object: 'Object Repository/NEXT_BUTTON' is clicked on

2017-11-16 23:37:02 - [MESSAGE][PASSED] - Delayed 7 second(s)

2017-11-16 23:37:02 - [MESSAGE][PASSED] - Wait for page load successfully

2017-11-16 23:37:02 - [MESSAGE][PASSED] - Scroll to object 'Object Repository/Generic/FINISH_BUTTON' successfully

2017-11-16 23:37:03 - [MESSAGE][PASSED] - Object: 'Object Repository/Generic/FINISH_BUTTON' is clicked on

2017-11-16 23:37:08 - [MESSAGE][PASSED] - Delayed 5 second(s)

2017-11-16 23:37:10 - [MESSAGE][PASSED] - Text of object 'Object Repository/WO' is: 'ECR-16Nov2017-23'

2017-11-16 23:37:10 - [MESSAGE][PASSED] - Text of object 'Object Repository/ECR/WOSTATUS' is: 'Pending-RDApproval'

2017-11-16 23:37:10 - [MESSAGE][PASSED] - com.helper.commonfunct.utilities.createECR is PASSED

2017-11-16 23:37:10 - [MESSAGE][PASSED] - Call Test Case 'Test Cases/ECR/REF/ECR_Lite_NoExpertService' successfully

2017-11-16 23:37:11 - [TEST_STEP][PASSED] - callTestCase: Call Test Case 'Test Cases/ECR/REF/ECR_Approval_Reject' successfully

2017-11-16 23:37:11 - [TEST_CASE][PASSED] - Test Cases/ECR/REF/ECR_Approval_Reject: Test Cases/ECR/REF/ECR_Approval_Reject

2017-11-16 23:37:11 - [TEST_STEP][PASSED] - Statement - While (WOSTATUS.contains("Pending")): com.helper.commonfunct.utilities.WOstatus is PASSED

2017-11-16 23:37:11 - [TEST_STEP][PASSED] - Statement - For ([j = 0, j < AssignmentList.size(), (j++)]): com.helper.commonfunct.utilities.WOstatus is PASSED

2017-11-16 23:37:11 - [TEST_STEP][PASSED] - Statement - Status = text: null

2017-11-16 23:37:11 - [TEST_STEP][PASSED] - Statement - println(Status): null

2017-11-16 23:37:11 - [TEST_STEP][PASSED] - Statement - If (Status == "Pending-RDApproval"): com.helper.commonfunct.utilities.WOstatus is PASSED

2017-11-16 23:37:11 - [TEST_STEP][PASSED] - Statement - If (RDReject == false): com.helper.commonfunct.utilities.WOstatus is PASSED

2017-11-16 23:37:11 - [TEST_STEP][PASSED] - Statement - If (Meeting == true): null

2017-11-16 23:37:11 - [TEST_STEP][PASSED] - Statement - Else: com.helper.commonfunct.utilities.WOstatus is PASSED

2017-11-16 23:37:11 - [TEST_STEP][PASSED] - com.helper.commonfunct.utilities.login: com.helper.commonfunct.utilities.login is PASSED

2017-11-16 23:37:11 - [MESSAGE][WARNING] - A browser is already opened. Closing browser and opening a new one

2017-11-16 23:37:14 - [MESSAGE][PASSED] - Browser is opened with url: ''

2017-11-16 23:37:19 - [MESSAGE][PASSED] - Navigate to 'https://vtcpqa2.rpega.com:9030/tcpqa/PRServlet' successfully

2017-11-16 23:37:20 - [MESSAGE][PASSED] - Text 'langr1@pegasystems.com' is set on object 'Object Repository/input_UserIdentifier'

2017-11-16 23:37:20 - [MESSAGE][PASSED] - Text 'install' is set on object 'Object Repository/input_Password'

2017-11-16 23:37:40 - [MESSAGE][PASSED] - Keys 'ENTER + ' sent to object: 'Object Repository/input_Password'

2017-11-16 23:37:40 - [MESSAGE][PASSED] - com.helper.commonfunct.utilities.login is PASSED

2017-11-16 23:37:40 - [TEST_STEP][PASSED] - com.helper.commonfunct.utilities.search: com.helper.commonfunct.utilities.search is PASSED

2017-11-16 23:37:41 - [MESSAGE][PASSED] - Current window maximized

2017-11-16 23:37:46 - [MESSAGE][PASSED] - Delayed 5 second(s)

2017-11-16 23:37:46 - [MESSAGE][PASSED] - Text 'ECR-16Nov2017-23' is set on object 'Object Repository/EngInfo/search'

2017-11-16 23:37:51 - [MESSAGE][PASSED] - Delayed 5 second(s)

2017-11-16 23:37:51 - [MESSAGE][PASSED] - Keys 'ENTER + ' sent to object: 'Object Repository/EngInfo/search'

2017-11-16 23:37:56 - [MESSAGE][PASSED] - Delayed 5 second(s)

2017-11-16 23:37:56 - [MESSAGE][PASSED] - com.helper.commonfunct.utilities.search is PASSED

2017-11-16 23:37:56 - [TEST_STEP][PASSED] - com.helper.commonfunct.utilities.approve: com.helper.commonfunct.utilities.approve is PASSED

2017-11-16 23:38:01 - [MESSAGE][PASSED] - Delayed 5 second(s)

2017-11-16 23:38:01 - [MESSAGE][WARNING] - Timeout '0' is invalid. Using default page load timeout: '30'

2017-11-16 23:38:04 - [MESSAGE][PASSED] - Object: 'Object Repository/Approve-Reject/link_assignment' is clicked on

2017-11-16 23:38:09 - [MESSAGE][PASSED] - Delayed 5 second(s)

2017-11-16 23:38:09 - [MESSAGE][WARNING] - Timeout '0' is invalid. Using default page load timeout: '30'

2017-11-16 23:38:09 - [MESSAGE][PASSED] - Scroll to object 'Object Repository/Approve-Reject/APPROVE_BUTTON' successfully

2017-11-16 23:38:10 - [MESSAGE][PASSED] - Object: 'Object Repository/Approve-Reject/APPROVE_BUTTON' is clicked on

2017-11-16 23:38:15 - [MESSAGE][PASSED] - Delayed 5 second(s)

2017-11-16 23:38:15 - [MESSAGE][PASSED] - Keys 'testing' sent to object: 'Object Repository/Approve-Reject/APPROVE_REJECT_NOTES'

2017-11-16 23:38:20 - [MESSAGE][PASSED] - Delayed 5 second(s)

2017-11-16 23:38:20 - [MESSAGE][WARNING] - Timeout '0' is invalid. Using default page load timeout: '30'

2017-11-16 23:38:20 - [MESSAGE][PASSED] - Scroll to object 'Object Repository/Generic/SUBMIT' successfully

2017-11-16 23:38:20 - [MESSAGE][PASSED] - Object: 'Object Repository/Generic/SUBMIT' is clicked on

2017-11-16 23:38:25 - [MESSAGE][PASSED] - Delayed 5 second(s)

2017-11-16 23:38:25 - [MESSAGE][PASSED] - com.helper.commonfunct.utilities.approve is PASSED

2017-11-16 23:38:25 - [TEST_STEP][PASSED] - com.helper.commonfunct.utilities.WOstatus: com.helper.commonfunct.utilities.WOstatus is PASSED

2017-11-16 23:38:27 - [MESSAGE][PASSED] - Text of object 'Object Repository/ECR/WOSTATUS' is: 'Pending-Approval'

2017-11-16 23:38:27 - [MESSAGE][PASSED] - com.helper.commonfunct.utilities.WOstatus is PASSED

2017-11-16 23:38:27 - [TEST_STEP][PASSED] - Statement - Status = text: null

2017-11-16 23:38:27 - [TEST_STEP][PASSED] - Statement - println(Status): null

2017-11-16 23:38:27 - [TEST_STEP][PASSED] - Statement - If (Status == "Pending-RDApproval"): null

2017-11-16 23:38:27 - [TEST_STEP][PASSED] - Statement - Else If (Status == "Pending-RLApproval"): null

2017-11-16 23:38:27 - [TEST_STEP][PASSED] - Statement - Else If (Status == "Pending-RDDApproval"): null

2017-11-16 23:38:27 - [TEST_STEP][PASSED] - Statement - Else If (Status == "Pending-OPSApproval"): com.helper.commonfunct.utilities.WOstatus is PASSED

2017-11-16 23:38:27 - [TEST_STEP][PASSED] - Statement - If (OpsReject == false): com.helper.commonfunct.utilities.WOstatus is PASSED

2017-11-16 23:38:27 - [TEST_STEP][PASSED] - com.helper.commonfunct.utilities.login: com.helper.commonfunct.utilities.login is PASSED

2017-11-16 23:38:27 - [MESSAGE][WARNING] - A browser is already opened. Closing browser and opening a new one

2017-11-16 23:38:30 - [MESSAGE][PASSED] - Browser is opened with url: ''

2017-11-16 23:38:35 - [MESSAGE][PASSED] - Navigate to 'https://vtcpqa2.rpega.com:9030/tcpqa/PRServlet' successfully

2017-11-16 23:38:35 - [MESSAGE][PASSED] - Text 'pogoa@pegasystems.com' is set on object 'Object Repository/input_UserIdentifier'

2017-11-16 23:38:36 - [MESSAGE][PASSED] - Text 'install' is set on object 'Object Repository/input_Password'

2017-11-16 23:38:52 - [MESSAGE][PASSED] - Keys 'ENTER + ' sent to object: 'Object Repository/input_Password'

2017-11-16 23:38:52 - [MESSAGE][PASSED] - com.helper.commonfunct.utilities.login is PASSED

2017-11-16 23:38:52 - [TEST_STEP][PASSED] - com.helper.commonfunct.utilities.search: com.helper.commonfunct.utilities.search is PASSED

2017-11-16 23:38:53 - [MESSAGE][PASSED] - Current window maximized

2017-11-16 23:38:58 - [MESSAGE][PASSED] - Delayed 5 second(s)

2017-11-16 23:38:59 - [MESSAGE][PASSED] - Text 'ECR-16Nov2017-23' is set on object 'Object Repository/EngInfo/search'

2017-11-16 23:39:04 - [MESSAGE][PASSED] - Delayed 5 second(s)

2017-11-16 23:39:04 - [MESSAGE][PASSED] - Keys 'ENTER + ' sent to object: 'Object Repository/EngInfo/search'

2017-11-16 23:39:09 - [MESSAGE][PASSED] - Delayed 5 second(s)

2017-11-16 23:39:09 - [MESSAGE][PASSED] - com.helper.commonfunct.utilities.search is PASSED

2017-11-16 23:39:09 - [TEST_STEP][PASSED] - com.helper.commonfunct.utilities.gsopsApprove: com.helper.commonfunct.utilities.gsopsApprove is PASSED

2017-11-16 23:39:14 - [MESSAGE][PASSED] - Delayed 5 second(s)

2017-11-16 23:39:14 - [MESSAGE][WARNING] - Timeout '0' is invalid. Using default page load timeout: '30'

2017-11-16 23:39:17 - [MESSAGE][WARNING] - Timeout '0' is invalid. Using default page load timeout: '30'

2017-11-16 23:39:17 - [MESSAGE][PASSED] - Scroll to object 'Object Repository/Approve-Reject/APPROVE_BUTTON' successfully

2017-11-16 23:39:18 - [MESSAGE][PASSED] - Object: 'Object Repository/Approve-Reject/APPROVE_BUTTON' is clicked on

2017-11-16 23:39:23 - [MESSAGE][PASSED] - Delayed 5 second(s)

2017-11-16 23:39:23 - [MESSAGE][PASSED] - Keys 'testing' sent to object: 'Object Repository/Approve-Reject/APPROVE_REJECT_NOTES'

2017-11-16 23:39:28 - [MESSAGE][PASSED] - Delayed 5 second(s)

2017-11-16 23:39:28 - [MESSAGE][WARNING] - Timeout '0' is invalid. Using default page load timeout: '30'

2017-11-16 23:39:28 - [MESSAGE][PASSED] - Scroll to object 'Object Repository/Generic/SUBMIT' successfully

2017-11-16 23:39:28 - [MESSAGE][PASSED] - Object: 'Object Repository/Generic/SUBMIT' is clicked on

2017-11-16 23:39:33 - [MESSAGE][PASSED] - Delayed 5 second(s)

2017-11-16 23:39:33 - [MESSAGE][PASSED] - com.helper.commonfunct.utilities.gsopsApprove is PASSED

2017-11-16 23:39:33 - [TEST_STEP][PASSED] - com.helper.commonfunct.utilities.WOstatus: com.helper.commonfunct.utilities.WOstatus is PASSED

2017-11-16 23:39:33 - [MESSAGE][PASSED] - Text of object 'Object Repository/ECR/WOSTATUS' is: 'Pending-Approval'

2017-11-16 23:39:33 - [MESSAGE][PASSED] - com.helper.commonfunct.utilities.WOstatus is PASSED

2017-11-16 23:39:33 - [TEST_STEP][PASSED] - Statement - For ([j = 0, j < AssignmentList.size(), (j++)]): com.helper.commonfunct.utilities.WOstatus is PASSED

2017-11-16 23:39:33 - [TEST_STEP][PASSED] - Statement - Status = text: null

2017-11-16 23:39:33 - [TEST_STEP][PASSED] - Statement - println(Status): null

2017-11-16 23:39:33 - [TEST_STEP][PASSED] - Statement - If (Status == "Pending-RDApproval"): null

2017-11-16 23:39:33 - [TEST_STEP][PASSED] - Statement - Else If (Status == "Pending-RLApproval"): null

2017-11-16 23:39:33 - [TEST_STEP][PASSED] - Statement - Else If (Status == "Pending-RDDApproval"): com.helper.commonfunct.utilities.WOstatus is PASSED

2017-11-16 23:39:33 - [TEST_STEP][PASSED] - Statement - If (RDD_Reject == false): com.helper.commonfunct.utilities.WOstatus is PASSED

2017-11-16 23:39:33 - [TEST_STEP][PASSED] - com.helper.commonfunct.utilities.login: com.helper.commonfunct.utilities.login is PASSED

2017-11-16 23:39:33 - [MESSAGE][WARNING] - A browser is already opened. Closing browser and opening a new one

2017-11-16 23:39:36 - [MESSAGE][PASSED] - Browser is opened with url: ''

2017-11-16 23:39:41 - [MESSAGE][PASSED] - Navigate to 'https://vtcpqa2.rpega.com:9030/tcpqa/PRServlet' successfully

2017-11-16 23:39:42 - [MESSAGE][PASSED] - Text 'lachd@pegasystems.com' is set on object 'Object Repository/input_UserIdentifier'

2017-11-16 23:39:42 - [MESSAGE][PASSED] - Text 'install' is set on object 'Object Repository/input_Password'

2017-11-16 23:40:04 - [MESSAGE][PASSED] - Keys 'ENTER + ' sent to object: 'Object Repository/input_Password'

2017-11-16 23:40:04 - [MESSAGE][PASSED] - com.helper.commonfunct.utilities.login is PASSED

2017-11-16 23:40:04 - [TEST_STEP][PASSED] - com.helper.commonfunct.utilities.search: com.helper.commonfunct.utilities.search is PASSED

2017-11-16 23:40:05 - [MESSAGE][PASSED] - Current window maximized

2017-11-16 23:40:10 - [MESSAGE][PASSED] - Delayed 5 second(s)

2017-11-16 23:40:10 - [MESSAGE][PASSED] - Text 'ECR-16Nov2017-23' is set on object 'Object Repository/EngInfo/search'

2017-11-16 23:40:15 - [MESSAGE][PASSED] - Delayed 5 second(s)

2017-11-16 23:40:15 - [MESSAGE][PASSED] - Keys 'ENTER + ' sent to object: 'Object Repository/EngInfo/search'

2017-11-16 23:40:20 - [MESSAGE][PASSED] - Delayed 5 second(s)

2017-11-16 23:40:20 - [MESSAGE][PASSED] - com.helper.commonfunct.utilities.search is PASSED

2017-11-16 23:40:20 - [TEST_STEP][PASSED] - com.helper.commonfunct.utilities.approve: com.helper.commonfunct.utilities.approve is PASSED

2017-11-16 23:40:25 - [MESSAGE][PASSED] - Delayed 5 second(s)

2017-11-16 23:40:25 - [MESSAGE][WARNING] - Timeout '0' is invalid. Using default page load timeout: '30'

2017-11-16 23:40:30 - [MESSAGE][PASSED] - Object: 'Object Repository/Approve-Reject/link_assignment' is clicked on

2017-11-16 23:40:35 - [MESSAGE][PASSED] - Delayed 5 second(s)

2017-11-16 23:40:35 - [MESSAGE][WARNING] - Timeout '0' is invalid. Using default page load timeout: '30'

2017-11-16 23:40:35 - [MESSAGE][PASSED] - Scroll to object 'Object Repository/Approve-Reject/APPROVE_BUTTON' successfully

2017-11-16 23:40:35 - [MESSAGE][PASSED] - Object: 'Object Repository/Approve-Reject/APPROVE_BUTTON' is clicked on

2017-11-16 23:40:40 - [MESSAGE][PASSED] - Delayed 5 second(s)

2017-11-16 23:40:40 - [MESSAGE][PASSED] - Keys 'testing' sent to object: 'Object Repository/Approve-Reject/APPROVE_REJECT_NOTES'

2017-11-16 23:40:45 - [MESSAGE][PASSED] - Delayed 5 second(s)

2017-11-16 23:40:45 - [MESSAGE][WARNING] - Timeout '0' is invalid. Using default page load timeout: '30'

2017-11-16 23:40:45 - [MESSAGE][PASSED] - Scroll to object 'Object Repository/Generic/SUBMIT' successfully

2017-11-16 23:40:45 - [MESSAGE][PASSED] - Object: 'Object Repository/Generic/SUBMIT' is clicked on

2017-11-16 23:40:50 - [MESSAGE][PASSED] - Delayed 5 second(s)

2017-11-16 23:40:50 - [MESSAGE][PASSED] - com.helper.commonfunct.utilities.approve is PASSED

2017-11-16 23:40:50 - [TEST_STEP][PASSED] - com.helper.commonfunct.utilities.WOstatus: com.helper.commonfunct.utilities.WOstatus is PASSED

2017-11-16 23:40:50 - [MESSAGE][PASSED] - Text of object 'Object Repository/ECR/WOSTATUS' is: 'Pending-Approval'

2017-11-16 23:40:50 - [MESSAGE][PASSED] - com.helper.commonfunct.utilities.WOstatus is PASSED

2017-11-16 23:40:50 - [TEST_STEP][PASSED] - Statement - For ([j = 0, j < AssignmentList.size(), (j++)]): com.helper.commonfunct.utilities.WOstatus is PASSED

2017-11-16 23:40:50 - [TEST_STEP][PASSED] - Statement - Status = text: null

2017-11-16 23:40:50 - [TEST_STEP][PASSED] - Statement - println(Status): null

2017-11-16 23:40:50 - [TEST_STEP][PASSED] - Statement - If (Status == "Pending-RDApproval"): null

2017-11-16 23:40:50 - [TEST_STEP][PASSED] - Statement - Else If (Status == "Pending-RLApproval"): null

2017-11-16 23:40:50 - [TEST_STEP][PASSED] - Statement - Else If (Status == "Pending-RDDApproval"): null

2017-11-16 23:40:50 - [TEST_STEP][PASSED] - Statement - Else If (Status == "Pending-OPSApproval"): null

2017-11-16 23:40:50 - [TEST_STEP][PASSED] - Statement - Else If (Status == "Pending-ExpSvcApproval"): com.helper.commonfunct.utilities.WOstatus is PASSED

2017-11-16 23:40:50 - [TEST_STEP][PASSED] - Statement - If (EXP_SVC_Reject == false): com.helper.commonfunct.utilities.WOstatus is PASSED

2017-11-16 23:40:50 - [TEST_STEP][PASSED] - com.helper.commonfunct.utilities.login: com.helper.commonfunct.utilities.login is PASSED

2017-11-16 23:40:50 - [MESSAGE][WARNING] - A browser is already opened. Closing browser and opening a new one

2017-11-16 23:40:53 - [MESSAGE][PASSED] - Browser is opened with url: ''

2017-11-16 23:40:59 - [MESSAGE][PASSED] - Navigate to 'https://vtcpqa2.rpega.com:9030/tcpqa/PRServlet' successfully

2017-11-16 23:40:59 - [MESSAGE][PASSED] - Text 'sachb@pegasystems.com' is set on object 'Object Repository/input_UserIdentifier'

2017-11-16 23:40:59 - [MESSAGE][PASSED] - Text 'install' is set on object 'Object Repository/input_Password'

2017-11-16 23:41:18 - [MESSAGE][PASSED] - Keys 'ENTER + ' sent to object: 'Object Repository/input_Password'

2017-11-16 23:41:18 - [MESSAGE][PASSED] - com.helper.commonfunct.utilities.login is PASSED

2017-11-16 23:41:18 - [TEST_STEP][PASSED] - com.helper.commonfunct.utilities.search: com.helper.commonfunct.utilities.search is PASSED

2017-11-16 23:41:19 - [MESSAGE][PASSED] - Current window maximized

2017-11-16 23:41:24 - [MESSAGE][PASSED] - Delayed 5 second(s)

2017-11-16 23:41:25 - [MESSAGE][PASSED] - Text 'ECR-16Nov2017-23' is set on object 'Object Repository/EngInfo/search'

2017-11-16 23:41:30 - [MESSAGE][PASSED] - Delayed 5 second(s)

2017-11-16 23:41:30 - [MESSAGE][PASSED] - Keys 'ENTER + ' sent to object: 'Object Repository/EngInfo/search'

2017-11-16 23:41:35 - [MESSAGE][PASSED] - Delayed 5 second(s)

2017-11-16 23:41:35 - [MESSAGE][PASSED] - com.helper.commonfunct.utilities.search is PASSED

2017-11-16 23:41:35 - [TEST_STEP][PASSED] - com.helper.commonfunct.utilities.approve: com.helper.commonfunct.utilities.approve is PASSED

2017-11-16 23:41:40 - [MESSAGE][PASSED] - Delayed 5 second(s)

2017-11-16 23:41:40 - [MESSAGE][WARNING] - Timeout '0' is invalid. Using default page load timeout: '30'

2017-11-16 23:41:44 - [MESSAGE][PASSED] - Object: 'Object Repository/Approve-Reject/link_assignment' is clicked on

2017-11-16 23:41:49 - [MESSAGE][PASSED] - Delayed 5 second(s)

2017-11-16 23:41:49 - [MESSAGE][WARNING] - Timeout '0' is invalid. Using default page load timeout: '30'

2017-11-16 23:41:49 - [MESSAGE][PASSED] - Scroll to object 'Object Repository/Approve-Reject/APPROVE_BUTTON' successfully

2017-11-16 23:41:49 - [MESSAGE][PASSED] - Object: 'Object Repository/Approve-Reject/APPROVE_BUTTON' is clicked on

2017-11-16 23:41:54 - [MESSAGE][PASSED] - Delayed 5 second(s)

2017-11-16 23:41:54 - [MESSAGE][PASSED] - Keys 'testing' sent to object: 'Object Repository/Approve-Reject/APPROVE_REJECT_NOTES'

2017-11-16 23:41:59 - [MESSAGE][PASSED] - Delayed 5 second(s)

2017-11-16 23:41:59 - [MESSAGE][WARNING] - Timeout '0' is invalid. Using default page load timeout: '30'

2017-11-16 23:41:59 - [MESSAGE][PASSED] - Scroll to object 'Object Repository/Generic/SUBMIT' successfully

2017-11-16 23:41:59 - [MESSAGE][PASSED] - Object: 'Object Repository/Generic/SUBMIT' is clicked on

2017-11-16 23:42:04 - [MESSAGE][PASSED] - Delayed 5 second(s)

2017-11-16 23:42:04 - [MESSAGE][PASSED] - com.helper.commonfunct.utilities.approve is PASSED

2017-11-16 23:42:04 - [TEST_STEP][PASSED] - com.helper.commonfunct.utilities.WOstatus: com.helper.commonfunct.utilities.WOstatus is PASSED

2017-11-16 23:42:04 - [MESSAGE][PASSED] - Text of object 'Object Repository/ECR/WOSTATUS' is: 'Pending-Contract'

2017-11-16 23:42:04 - [MESSAGE][PASSED] - com.helper.commonfunct.utilities.WOstatus is PASSED

2017-11-16 23:42:04 - [TEST_STEP][PASSED] - Statement - For ([j = 0, j < AssignmentList.size(), (j++)]): com.helper.commonfunct.utilities.WOstatus is PASSED

2017-11-16 23:42:04 - [TEST_STEP][PASSED] - Statement - Status = text: null

2017-11-16 23:42:04 - [TEST_STEP][PASSED] - Statement - println(Status): null

2017-11-16 23:42:04 - [TEST_STEP][PASSED] - Statement - If (Status == "Pending-RDApproval"): null

2017-11-16 23:42:04 - [TEST_STEP][PASSED] - Statement - Else If (Status == "Pending-RLApproval"): null

2017-11-16 23:42:04 - [TEST_STEP][PASSED] - Statement - Else If (Status == "Pending-RDDApproval"): null

2017-11-16 23:42:04 - [TEST_STEP][PASSED] - Statement - Else If (Status == "Pending-OPSApproval"): null

2017-11-16 23:42:04 - [TEST_STEP][PASSED] - Statement - Else If (Status == "Pending-ExpSvcApproval"): null

2017-11-16 23:42:04 - [TEST_STEP][PASSED] - Statement - Else If (Status == "Pending-DocUpdate"): null

2017-11-16 23:42:04 - [TEST_STEP][PASSED] - Statement - Else If (Status == "Pending-Contract"): com.helper.commonfunct.utilities.WOstatus is PASSED

2017-11-16 23:42:04 - [TEST_STEP][PASSED] - com.helper.commonfunct.utilities.login: com.helper.commonfunct.utilities.login is PASSED

2017-11-16 23:42:04 - [MESSAGE][WARNING] - A browser is already opened. Closing browser and opening a new one

2017-11-16 23:42:07 - [MESSAGE][PASSED] - Browser is opened with url: ''

2017-11-16 23:42:13 - [MESSAGE][PASSED] - Navigate to 'https://vtcpqa2.rpega.com:9030/tcpqa/PRServlet' successfully

2017-11-16 23:42:13 - [MESSAGE][PASSED] - Text 'hendj@pegasystems.com' is set on object 'Object Repository/input_UserIdentifier'

2017-11-16 23:42:13 - [MESSAGE][PASSED] - Text 'install' is set on object 'Object Repository/input_Password'

2017-11-16 23:42:33 - [MESSAGE][PASSED] - Keys 'ENTER + ' sent to object: 'Object Repository/input_Password'

2017-11-16 23:42:33 - [MESSAGE][PASSED] - com.helper.commonfunct.utilities.login is PASSED

2017-11-16 23:42:33 - [TEST_STEP][PASSED] - com.helper.commonfunct.utilities.search: com.helper.commonfunct.utilities.search is PASSED

2017-11-16 23:42:34 - [MESSAGE][PASSED] - Current window maximized

2017-11-16 23:42:39 - [MESSAGE][PASSED] - Delayed 5 second(s)

2017-11-16 23:42:40 - [MESSAGE][PASSED] - Text 'ECR-16Nov2017-23' is set on object 'Object Repository/EngInfo/search'

2017-11-16 23:42:45 - [MESSAGE][PASSED] - Delayed 5 second(s)

2017-11-16 23:42:45 - [MESSAGE][PASSED] - Keys 'ENTER + ' sent to object: 'Object Repository/EngInfo/search'

2017-11-16 23:42:50 - [MESSAGE][PASSED] - Delayed 5 second(s)

2017-11-16 23:42:50 - [MESSAGE][PASSED] - com.helper.commonfunct.utilities.search is PASSED

2017-11-16 23:42:50 - [TEST_STEP][PASSED] - maximizeWindow: Current window maximized

2017-11-16 23:42:50 - [MESSAGE][PASSED] - Current window maximized

2017-11-16 23:42:50 - [TEST_STEP][PASSED] - com.helper.commonfunct.utilities.ContractDisposition: com.helper.commonfunct.utilities.ContractDisposition is PASSED

2017-11-16 23:42:55 - [MESSAGE][PASSED] - Delayed 5 second(s)

2017-11-16 23:42:55 - [MESSAGE][WARNING] - Timeout '0' is invalid. Using default page load timeout: '30'

2017-11-16 23:42:58 - [MESSAGE][PASSED] - Object: 'Object Repository/Approve-Reject/contractlink' is clicked on

2017-11-16 23:43:03 - [MESSAGE][PASSED] - Delayed 5 second(s)

2017-11-16 23:43:03 - [MESSAGE][PASSED] - Object: 'Object Repository/Approve-Reject/cretaeContract' is clicked on

2017-11-16 23:43:08 - [MESSAGE][PASSED] - Delayed 5 second(s)

2017-11-16 23:43:08 - [MESSAGE][PASSED] - Text 'testing' is set on object 'Object Repository/Approve-Reject/contractNotes'

2017-11-16 23:43:13 - [MESSAGE][PASSED] - Delayed 5 second(s)

2017-11-16 23:43:13 - [MESSAGE][WARNING] - Timeout '0' is invalid. Using default page load timeout: '30'

2017-11-16 23:43:13 - [MESSAGE][PASSED] - Scroll to object 'Object Repository/Generic/SUBMIT' successfully

2017-11-16 23:43:13 - [MESSAGE][PASSED] - Object: 'Object Repository/Generic/SUBMIT' is clicked on

2017-11-16 23:43:18 - [MESSAGE][PASSED] - Delayed 5 second(s)

2017-11-16 23:43:20 - [MESSAGE][PASSED] - Wait for page load successfully

2017-11-16 23:43:21 - [MESSAGE][PASSED] - Object: 'Object Repository/Approve-Reject/dispositionLink' is clicked on

2017-11-16 23:43:26 - [MESSAGE][PASSED] - Delayed 5 second(s)

2017-11-16 23:43:26 - [MESSAGE][PASSED] - Object: 'Object Repository/Approve-Reject/dispositionOption' is clicked on

2017-11-16 23:43:31 - [MESSAGE][PASSED] - Delayed 5 second(s)

2017-11-16 23:43:32 - [MESSAGE][PASSED] - Text 'testing' is set on object 'Object Repository/Approve-Reject/disposition_comments'

2017-11-16 23:43:37 - [MESSAGE][PASSED] - Delayed 5 second(s)

2017-11-16 23:43:37 - [MESSAGE][WARNING] - Timeout '0' is invalid. Using default page load timeout: '30'

2017-11-16 23:43:37 - [MESSAGE][PASSED] - Scroll to object 'Object Repository/Generic/SUBMIT' successfully

2017-11-16 23:43:37 - [MESSAGE][PASSED] - Object: 'Object Repository/Generic/SUBMIT' is clicked on

2017-11-16 23:43:42 - [MESSAGE][PASSED] - Delayed 5 second(s)

2017-11-16 23:43:42 - [MESSAGE][PASSED] - com.helper.commonfunct.utilities.ContractDisposition is PASSED

2017-11-16 23:43:42 - [TEST_STEP][PASSED] - waitForPageLoad: Wait for page load successfully

2017-11-16 23:43:42 - [MESSAGE][PASSED] - Wait for page load successfully

2017-11-16 23:43:42 - [TEST_STEP][PASSED] - com.helper.commonfunct.utilities.WOstatus: com.helper.commonfunct.utilities.WOstatus is PASSED

2017-11-16 23:43:43 - [MESSAGE][PASSED] - Text of object 'Object Repository/ECR/WOSTATUS' is: 'Resolved-Won'

2017-11-16 23:43:43 - [MESSAGE][PASSED] - com.helper.commonfunct.utilities.WOstatus is PASSED

2017-11-16 23:43:43 - [MESSAGE][PASSED] - Call Test Case 'Test Cases/ECR/REF/ECR_Approval_Reject' successfully]]></system-out>
         <system-err><![CDATA[]]></system-err>
      </testcase>
      <testcase name="Test Cases/ECR/TC_ECR_Lite_ExpertService_AllApproval" classname="Test Cases/ECR/TC_ECR_Lite_ExpertService_AllApproval" status="PASSED">
         <system-out><![CDATA[2017-11-16 23:43:43 - [TEST_CASE][PASSED] - Test Cases/ECR/TC_ECR_Lite_ExpertService_AllApproval: Test Cases/ECR/TC_ECR_Lite_ExpertService_AllApproval

2017-11-16 23:43:43 - [TEST_STEP][PASSED] - callTestCase: Call Test Case 'Test Cases/ECR/REF/ECR_Lite_ExpertService' successfully

2017-11-16 23:43:43 - [TEST_CASE][PASSED] - Test Cases/ECR/REF/ECR_Lite_ExpertService: Test Cases/ECR/REF/ECR_Lite_ExpertService

2017-11-16 23:43:44 - [TEST_STEP][PASSED] - com.helper.commonfunct.utilities.login: com.helper.commonfunct.utilities.login is PASSED

2017-11-16 23:43:44 - [MESSAGE][WARNING] - A browser is already opened. Closing browser and opening a new one

2017-11-16 23:43:47 - [MESSAGE][PASSED] - Browser is opened with url: ''

2017-11-16 23:43:52 - [MESSAGE][PASSED] - Navigate to 'https://vtcpqa2.rpega.com:9030/tcpqa/PRServlet' successfully

2017-11-16 23:43:52 - [MESSAGE][PASSED] - Text 'pogoa@pegasystems.com' is set on object 'Object Repository/input_UserIdentifier'

2017-11-16 23:43:52 - [MESSAGE][PASSED] - Text 'install' is set on object 'Object Repository/input_Password'

2017-11-16 23:44:11 - [MESSAGE][PASSED] - Keys 'ENTER + ' sent to object: 'Object Repository/input_Password'

2017-11-16 23:44:11 - [MESSAGE][PASSED] - com.helper.commonfunct.utilities.login is PASSED

2017-11-16 23:44:11 - [TEST_STEP][PASSED] - com.helper.commonfunct.utilities.createECR: com.helper.commonfunct.utilities.createECR is PASSED

2017-11-16 23:44:11 - [MESSAGE][PASSED] - Object: 'Object Repository/Generic/a_Actions' is clicked on

2017-11-16 23:44:14 - [MESSAGE][PASSED] - Object: 'Object Repository/span_New' is focused

2017-11-16 23:44:19 - [MESSAGE][PASSED] - Object: 'Object Repository/span_Bid Process' is clicked on

2017-11-16 23:44:19 - [MESSAGE][PASSED] - Object: 'Object Repository/ECR/BID_TYPE' is clicked on

2017-11-16 23:44:20 - [MESSAGE][PASSED] - Object 'Object Repository/button_Import' is present

2017-11-16 23:44:25 - [MESSAGE][PASSED] - Delayed 5 second(s)

2017-11-16 23:44:25 - [MESSAGE][PASSED] - Object: 'Object Repository/button_Import' is clicked on

2017-11-16 23:44:25 - [MESSAGE][PASSED] - File 'C:\Users\nipin\Desktop\Latest BSW\Final\ECR_LITE_EXPSVC.xlsm' sent to object: 'Object Repository/input_PpyWorkPageppyFilePath'

2017-11-16 23:44:30 - [MESSAGE][PASSED] - Delayed 5 second(s)

2017-11-16 23:44:30 - [MESSAGE][WARNING] - Timeout '0' is invalid. Using default page load timeout: '30'

2017-11-16 23:44:30 - [MESSAGE][PASSED] - Scroll to object 'Object Repository/button_Submit' successfully

2017-11-16 23:44:36 - [MESSAGE][PASSED] - Object: 'Object Repository/button_Submit' is clicked on

2017-11-16 23:44:36 - [MESSAGE][PASSED] - Object 'Object Repository/EngInfo/COID' is visible

2017-11-16 23:44:41 - [MESSAGE][PASSED] - Delayed 5 second(s)

2017-11-16 23:44:46 - [MESSAGE][PASSED] - Delayed 5 second(s)

2017-11-16 23:44:46 - [MESSAGE][PASSED] - Text 'BOFA' is set on object 'Object Repository/Generic/ORG'

2017-11-16 23:44:51 - [MESSAGE][PASSED] - Delayed 5 second(s)

2017-11-16 23:44:51 - [MESSAGE][PASSED] - Keys 'TAB + ' sent to object: 'Object Repository/Generic/ORG'

2017-11-16 23:44:56 - [MESSAGE][PASSED] - Delayed 5 second(s)

2017-11-16 23:44:56 - [MESSAGE][PASSED] - Text 'BOFA' is set on object 'Object Repository/Generic/ACC'

2017-11-16 23:45:01 - [MESSAGE][PASSED] - Delayed 5 second(s)

2017-11-16 23:45:01 - [MESSAGE][PASSED] - Keys 'TAB + ' sent to object: 'Object Repository/Generic/ACC'

2017-11-16 23:45:06 - [MESSAGE][PASSED] - Delayed 5 second(s)

2017-11-16 23:45:07 - [MESSAGE][PASSED] - Text 'AUTOTEST1' is set on object 'Object Repository/Generic/ENG_DESC'

2017-11-16 23:45:12 - [MESSAGE][PASSED] - Delayed 5 second(s)

2017-11-16 23:45:12 - [MESSAGE][WARNING] - Timeout '0' is invalid. Using default page load timeout: '30'

2017-11-16 23:45:12 - [MESSAGE][PASSED] - Scroll to object 'Object Repository/Generic/SUBMIT' successfully

2017-11-16 23:45:12 - [MESSAGE][PASSED] - Object: 'Object Repository/Generic/SUBMIT' is clicked on

2017-11-16 23:45:17 - [MESSAGE][PASSED] - Delayed 5 second(s)

2017-11-16 23:45:18 - [MESSAGE][PASSED] - Text 'CO-12' is set on object 'Object Repository/EngInfo/COID'

2017-11-16 23:45:25 - [MESSAGE][PASSED] - Delayed 7 second(s)

2017-11-16 23:45:25 - [MESSAGE][PASSED] - Wait for page load successfully

2017-11-16 23:45:25 - [MESSAGE][PASSED] - Object: 'Object Repository/Generic/gapDrivenMethodology' is clicked on

2017-11-16 23:45:30 - [MESSAGE][PASSED] - Delayed 5 second(s)

2017-11-16 23:45:31 - [MESSAGE][PASSED] - Object: 'Object Repository/Generic/RapidDelivery' is clicked on

2017-11-16 23:45:36 - [MESSAGE][PASSED] - Delayed 5 second(s)

2017-11-16 23:45:36 - [MESSAGE][PASSED] - Object: 'Object Repository/Generic/MorethanOneRLS' is clicked on

2017-11-16 23:45:41 - [MESSAGE][PASSED] - Delayed 5 second(s)

2017-11-16 23:45:41 - [MESSAGE][PASSED] - Text '85000' is set on object 'Object Repository/ECR/Licence'

2017-11-16 23:45:46 - [MESSAGE][PASSED] - Delayed 5 second(s)

2017-11-16 23:45:46 - [MESSAGE][PASSED] - Object 'Object Repository/Generic/platform' is visible

2017-11-16 23:45:51 - [MESSAGE][PASSED] - Delayed 5 second(s)

2017-11-16 23:45:51 - [MESSAGE][PASSED] - Keys 'AMPchroma' sent to object: 'Object Repository/Generic/PlatformID'

2017-11-16 23:45:56 - [MESSAGE][PASSED] - Delayed 5 second(s)

2017-11-16 23:45:57 - [MESSAGE][PASSED] - Keys 'N/A' sent to object: 'Object Repository/Generic/PlatformVersion'

2017-11-16 23:46:02 - [MESSAGE][PASSED] - Delayed 5 second(s)

2017-11-16 23:46:02 - [MESSAGE][PASSED] - Object: 'Object Repository/Generic/PlatformTrue' is clicked on

2017-11-16 23:46:07 - [MESSAGE][PASSED] - Delayed 5 second(s)

2017-11-16 23:46:07 - [MESSAGE][PASSED] - Keys 'Jeff Henderson ' sent to object: 'Object Repository/EngInfo/PL'

2017-11-16 23:46:12 - [MESSAGE][PASSED] - Delayed 5 second(s)

2017-11-16 23:46:12 - [MESSAGE][PASSED] - Keys 'Robert Higgins' sent to object: 'Object Repository/EngInfo/PLTL'

2017-11-16 23:46:17 - [MESSAGE][PASSED] - Delayed 5 second(s)

2017-11-16 23:46:18 - [MESSAGE][PASSED] - Keys 'Eric Panepinto' sent to object: 'Object Repository/EngInfo/RL'

2017-11-16 23:46:23 - [MESSAGE][PASSED] - Delayed 5 second(s)

2017-11-16 23:46:23 - [MESSAGE][PASSED] - Keys 'Robert Lang' sent to object: 'Object Repository/EngInfo/RD'

2017-11-16 23:46:28 - [MESSAGE][PASSED] - Delayed 5 second(s)

2017-11-16 23:46:28 - [MESSAGE][PASSED] - Scroll to object 'Object Repository/NEXT_BUTTON' successfully

2017-11-16 23:46:28 - [MESSAGE][PASSED] - Object: 'Object Repository/NEXT_BUTTON' is clicked on

2017-11-16 23:46:35 - [MESSAGE][PASSED] - Delayed 7 second(s)

2017-11-16 23:46:35 - [MESSAGE][PASSED] - Scroll to object 'Object Repository/NEXT_BUTTON' successfully

2017-11-16 23:46:35 - [MESSAGE][PASSED] - Object: 'Object Repository/NEXT_BUTTON' is clicked on

2017-11-16 23:46:42 - [MESSAGE][PASSED] - Delayed 7 second(s)

2017-11-16 23:46:42 - [MESSAGE][PASSED] - Wait for page load successfully

2017-11-16 23:46:42 - [MESSAGE][PASSED] - Scroll to object 'Object Repository/Generic/FINISH_BUTTON' successfully

2017-11-16 23:46:43 - [MESSAGE][PASSED] - Object: 'Object Repository/Generic/FINISH_BUTTON' is clicked on

2017-11-16 23:46:48 - [MESSAGE][PASSED] - Delayed 5 second(s)

2017-11-16 23:46:48 - [MESSAGE][PASSED] - Text of object 'Object Repository/WO' is: 'ECR-16Nov2017-24'

2017-11-16 23:46:48 - [MESSAGE][PASSED] - Text of object 'Object Repository/ECR/WOSTATUS' is: 'Pending-RDApproval'

2017-11-16 23:46:48 - [MESSAGE][PASSED] - com.helper.commonfunct.utilities.createECR is PASSED

2017-11-16 23:46:48 - [MESSAGE][PASSED] - Call Test Case 'Test Cases/ECR/REF/ECR_Lite_ExpertService' successfully

2017-11-16 23:46:48 - [TEST_STEP][PASSED] - callTestCase: Call Test Case 'Test Cases/ECR/REF/ECR_Approval_Reject' successfully

2017-11-16 23:46:48 - [TEST_CASE][PASSED] - Test Cases/ECR/REF/ECR_Approval_Reject: Test Cases/ECR/REF/ECR_Approval_Reject

2017-11-16 23:46:48 - [TEST_STEP][PASSED] - Statement - While (WOSTATUS.contains("Pending")): com.helper.commonfunct.utilities.WOstatus is PASSED

2017-11-16 23:46:48 - [TEST_STEP][PASSED] - Statement - For ([j = 0, j < AssignmentList.size(), (j++)]): com.helper.commonfunct.utilities.WOstatus is PASSED

2017-11-16 23:46:48 - [TEST_STEP][PASSED] - Statement - Status = text: null

2017-11-16 23:46:48 - [TEST_STEP][PASSED] - Statement - println(Status): null

2017-11-16 23:46:48 - [TEST_STEP][PASSED] - Statement - If (Status == "Pending-RDApproval"): com.helper.commonfunct.utilities.WOstatus is PASSED

2017-11-16 23:46:48 - [TEST_STEP][PASSED] - Statement - If (RDReject == false): com.helper.commonfunct.utilities.WOstatus is PASSED

2017-11-16 23:46:48 - [TEST_STEP][PASSED] - Statement - If (Meeting == true): null

2017-11-16 23:46:48 - [TEST_STEP][PASSED] - Statement - Else: com.helper.commonfunct.utilities.WOstatus is PASSED

2017-11-16 23:46:48 - [TEST_STEP][PASSED] - com.helper.commonfunct.utilities.login: com.helper.commonfunct.utilities.login is PASSED

2017-11-16 23:46:48 - [MESSAGE][WARNING] - A browser is already opened. Closing browser and opening a new one

2017-11-16 23:46:51 - [MESSAGE][PASSED] - Browser is opened with url: ''

2017-11-16 23:46:56 - [MESSAGE][PASSED] - Navigate to 'https://vtcpqa2.rpega.com:9030/tcpqa/PRServlet' successfully

2017-11-16 23:46:57 - [MESSAGE][PASSED] - Text 'langr1@pegasystems.com' is set on object 'Object Repository/input_UserIdentifier'

2017-11-16 23:46:57 - [MESSAGE][PASSED] - Text 'install' is set on object 'Object Repository/input_Password'

2017-11-16 23:47:14 - [MESSAGE][PASSED] - Keys 'ENTER + ' sent to object: 'Object Repository/input_Password'

2017-11-16 23:47:14 - [MESSAGE][PASSED] - com.helper.commonfunct.utilities.login is PASSED

2017-11-16 23:47:14 - [TEST_STEP][PASSED] - com.helper.commonfunct.utilities.search: com.helper.commonfunct.utilities.search is PASSED

2017-11-16 23:47:15 - [MESSAGE][PASSED] - Current window maximized

2017-11-16 23:47:20 - [MESSAGE][PASSED] - Delayed 5 second(s)

2017-11-16 23:47:21 - [MESSAGE][PASSED] - Text 'ECR-16Nov2017-24' is set on object 'Object Repository/EngInfo/search'

2017-11-16 23:47:26 - [MESSAGE][PASSED] - Delayed 5 second(s)

2017-11-16 23:47:26 - [MESSAGE][PASSED] - Keys 'ENTER + ' sent to object: 'Object Repository/EngInfo/search'

2017-11-16 23:47:31 - [MESSAGE][PASSED] - Delayed 5 second(s)

2017-11-16 23:47:31 - [MESSAGE][PASSED] - com.helper.commonfunct.utilities.search is PASSED

2017-11-16 23:47:31 - [TEST_STEP][PASSED] - com.helper.commonfunct.utilities.approve: com.helper.commonfunct.utilities.approve is PASSED

2017-11-16 23:47:36 - [MESSAGE][PASSED] - Delayed 5 second(s)

2017-11-16 23:47:36 - [MESSAGE][WARNING] - Timeout '0' is invalid. Using default page load timeout: '30'

2017-11-16 23:47:39 - [MESSAGE][PASSED] - Object: 'Object Repository/Approve-Reject/link_assignment' is clicked on

2017-11-16 23:47:44 - [MESSAGE][PASSED] - Delayed 5 second(s)

2017-11-16 23:47:44 - [MESSAGE][WARNING] - Timeout '0' is invalid. Using default page load timeout: '30'

2017-11-16 23:47:44 - [MESSAGE][PASSED] - Scroll to object 'Object Repository/Approve-Reject/APPROVE_BUTTON' successfully

2017-11-16 23:47:44 - [MESSAGE][PASSED] - Object: 'Object Repository/Approve-Reject/APPROVE_BUTTON' is clicked on

2017-11-16 23:47:49 - [MESSAGE][PASSED] - Delayed 5 second(s)

2017-11-16 23:47:50 - [MESSAGE][PASSED] - Keys 'testing' sent to object: 'Object Repository/Approve-Reject/APPROVE_REJECT_NOTES'

2017-11-16 23:47:55 - [MESSAGE][PASSED] - Delayed 5 second(s)

2017-11-16 23:47:55 - [MESSAGE][WARNING] - Timeout '0' is invalid. Using default page load timeout: '30'

2017-11-16 23:47:55 - [MESSAGE][PASSED] - Scroll to object 'Object Repository/Generic/SUBMIT' successfully

2017-11-16 23:47:55 - [MESSAGE][PASSED] - Object: 'Object Repository/Generic/SUBMIT' is clicked on

2017-11-16 23:48:00 - [MESSAGE][PASSED] - Delayed 5 second(s)

2017-11-16 23:48:00 - [MESSAGE][PASSED] - com.helper.commonfunct.utilities.approve is PASSED

2017-11-16 23:48:00 - [TEST_STEP][PASSED] - com.helper.commonfunct.utilities.WOstatus: com.helper.commonfunct.utilities.WOstatus is PASSED

2017-11-16 23:48:04 - [MESSAGE][PASSED] - Text of object 'Object Repository/ECR/WOSTATUS' is: 'Pending-Approval'

2017-11-16 23:48:04 - [MESSAGE][PASSED] - com.helper.commonfunct.utilities.WOstatus is PASSED

2017-11-16 23:48:04 - [TEST_STEP][PASSED] - Statement - Status = text: null

2017-11-16 23:48:04 - [TEST_STEP][PASSED] - Statement - println(Status): null

2017-11-16 23:48:04 - [TEST_STEP][PASSED] - Statement - If (Status == "Pending-RDApproval"): null

2017-11-16 23:48:04 - [TEST_STEP][PASSED] - Statement - Else If (Status == "Pending-RLApproval"): null

2017-11-16 23:48:04 - [TEST_STEP][PASSED] - Statement - Else If (Status == "Pending-RDDApproval"): null

2017-11-16 23:48:04 - [TEST_STEP][PASSED] - Statement - Else If (Status == "Pending-OPSApproval"): com.helper.commonfunct.utilities.WOstatus is PASSED

2017-11-16 23:48:04 - [TEST_STEP][PASSED] - Statement - If (OpsReject == false): com.helper.commonfunct.utilities.WOstatus is PASSED

2017-11-16 23:48:04 - [TEST_STEP][PASSED] - com.helper.commonfunct.utilities.login: com.helper.commonfunct.utilities.login is PASSED

2017-11-16 23:48:04 - [MESSAGE][WARNING] - A browser is already opened. Closing browser and opening a new one

2017-11-16 23:48:07 - [MESSAGE][PASSED] - Browser is opened with url: ''

2017-11-16 23:48:12 - [MESSAGE][PASSED] - Navigate to 'https://vtcpqa2.rpega.com:9030/tcpqa/PRServlet' successfully

2017-11-16 23:48:13 - [MESSAGE][PASSED] - Text 'pogoa@pegasystems.com' is set on object 'Object Repository/input_UserIdentifier'

2017-11-16 23:48:13 - [MESSAGE][PASSED] - Text 'install' is set on object 'Object Repository/input_Password'

2017-11-16 23:48:25 - [MESSAGE][PASSED] - Keys 'ENTER + ' sent to object: 'Object Repository/input_Password'

2017-11-16 23:48:25 - [MESSAGE][PASSED] - com.helper.commonfunct.utilities.login is PASSED

2017-11-16 23:48:25 - [TEST_STEP][PASSED] - com.helper.commonfunct.utilities.search: com.helper.commonfunct.utilities.search is PASSED

2017-11-16 23:48:26 - [MESSAGE][PASSED] - Current window maximized

2017-11-16 23:48:31 - [MESSAGE][PASSED] - Delayed 5 second(s)

2017-11-16 23:48:32 - [MESSAGE][PASSED] - Text 'ECR-16Nov2017-24' is set on object 'Object Repository/EngInfo/search'

2017-11-16 23:48:37 - [MESSAGE][PASSED] - Delayed 5 second(s)

2017-11-16 23:48:37 - [MESSAGE][PASSED] - Keys 'ENTER + ' sent to object: 'Object Repository/EngInfo/search'

2017-11-16 23:48:42 - [MESSAGE][PASSED] - Delayed 5 second(s)

2017-11-16 23:48:42 - [MESSAGE][PASSED] - com.helper.commonfunct.utilities.search is PASSED

2017-11-16 23:48:42 - [TEST_STEP][PASSED] - com.helper.commonfunct.utilities.gsopsApprove: com.helper.commonfunct.utilities.gsopsApprove is PASSED

2017-11-16 23:48:47 - [MESSAGE][PASSED] - Delayed 5 second(s)

2017-11-16 23:48:47 - [MESSAGE][WARNING] - Timeout '0' is invalid. Using default page load timeout: '30'

2017-11-16 23:48:55 - [MESSAGE][WARNING] - Timeout '0' is invalid. Using default page load timeout: '30'

2017-11-16 23:48:55 - [MESSAGE][PASSED] - Scroll to object 'Object Repository/Approve-Reject/APPROVE_BUTTON' successfully

2017-11-16 23:48:55 - [MESSAGE][PASSED] - Object: 'Object Repository/Approve-Reject/APPROVE_BUTTON' is clicked on

2017-11-16 23:49:00 - [MESSAGE][PASSED] - Delayed 5 second(s)

2017-11-16 23:49:00 - [MESSAGE][PASSED] - Keys 'testing' sent to object: 'Object Repository/Approve-Reject/APPROVE_REJECT_NOTES'

2017-11-16 23:49:05 - [MESSAGE][PASSED] - Delayed 5 second(s)

2017-11-16 23:49:05 - [MESSAGE][WARNING] - Timeout '0' is invalid. Using default page load timeout: '30'

2017-11-16 23:49:05 - [MESSAGE][PASSED] - Scroll to object 'Object Repository/Generic/SUBMIT' successfully

2017-11-16 23:49:05 - [MESSAGE][PASSED] - Object: 'Object Repository/Generic/SUBMIT' is clicked on

2017-11-16 23:49:10 - [MESSAGE][PASSED] - Delayed 5 second(s)

2017-11-16 23:49:10 - [MESSAGE][PASSED] - com.helper.commonfunct.utilities.gsopsApprove is PASSED

2017-11-16 23:49:10 - [TEST_STEP][PASSED] - com.helper.commonfunct.utilities.WOstatus: com.helper.commonfunct.utilities.WOstatus is PASSED

2017-11-16 23:49:11 - [MESSAGE][PASSED] - Text of object 'Object Repository/ECR/WOSTATUS' is: 'Pending-Approval'

2017-11-16 23:49:11 - [MESSAGE][PASSED] - com.helper.commonfunct.utilities.WOstatus is PASSED

2017-11-16 23:49:11 - [TEST_STEP][PASSED] - Statement - For ([j = 0, j < AssignmentList.size(), (j++)]): com.helper.commonfunct.utilities.WOstatus is PASSED

2017-11-16 23:49:11 - [TEST_STEP][PASSED] - Statement - Status = text: null

2017-11-16 23:49:11 - [TEST_STEP][PASSED] - Statement - println(Status): null

2017-11-16 23:49:11 - [TEST_STEP][PASSED] - Statement - If (Status == "Pending-RDApproval"): null

2017-11-16 23:49:11 - [TEST_STEP][PASSED] - Statement - Else If (Status == "Pending-RLApproval"): null

2017-11-16 23:49:11 - [TEST_STEP][PASSED] - Statement - Else If (Status == "Pending-RDDApproval"): com.helper.commonfunct.utilities.WOstatus is PASSED

2017-11-16 23:49:11 - [TEST_STEP][PASSED] - Statement - If (RDD_Reject == false): com.helper.commonfunct.utilities.WOstatus is PASSED

2017-11-16 23:49:11 - [TEST_STEP][PASSED] - com.helper.commonfunct.utilities.login: com.helper.commonfunct.utilities.login is PASSED

2017-11-16 23:49:11 - [MESSAGE][WARNING] - A browser is already opened. Closing browser and opening a new one

2017-11-16 23:49:14 - [MESSAGE][PASSED] - Browser is opened with url: ''

2017-11-16 23:49:19 - [MESSAGE][PASSED] - Navigate to 'https://vtcpqa2.rpega.com:9030/tcpqa/PRServlet' successfully

2017-11-16 23:49:20 - [MESSAGE][PASSED] - Text 'lachd@pegasystems.com' is set on object 'Object Repository/input_UserIdentifier'

2017-11-16 23:49:20 - [MESSAGE][PASSED] - Text 'install' is set on object 'Object Repository/input_Password'

2017-11-16 23:49:46 - [MESSAGE][PASSED] - Keys 'ENTER + ' sent to object: 'Object Repository/input_Password'

2017-11-16 23:49:46 - [MESSAGE][PASSED] - com.helper.commonfunct.utilities.login is PASSED

2017-11-16 23:49:46 - [TEST_STEP][PASSED] - com.helper.commonfunct.utilities.search: com.helper.commonfunct.utilities.search is PASSED

2017-11-16 23:49:47 - [MESSAGE][PASSED] - Current window maximized

2017-11-16 23:49:52 - [MESSAGE][PASSED] - Delayed 5 second(s)

2017-11-16 23:49:52 - [MESSAGE][PASSED] - Text 'ECR-16Nov2017-24' is set on object 'Object Repository/EngInfo/search'

2017-11-16 23:49:57 - [MESSAGE][PASSED] - Delayed 5 second(s)

2017-11-16 23:49:57 - [MESSAGE][PASSED] - Keys 'ENTER + ' sent to object: 'Object Repository/EngInfo/search'

2017-11-16 23:50:02 - [MESSAGE][PASSED] - Delayed 5 second(s)

2017-11-16 23:50:02 - [MESSAGE][PASSED] - com.helper.commonfunct.utilities.search is PASSED

2017-11-16 23:50:02 - [TEST_STEP][PASSED] - com.helper.commonfunct.utilities.approve: com.helper.commonfunct.utilities.approve is PASSED

2017-11-16 23:50:07 - [MESSAGE][PASSED] - Delayed 5 second(s)

2017-11-16 23:50:07 - [MESSAGE][WARNING] - Timeout '0' is invalid. Using default page load timeout: '30'

2017-11-16 23:50:13 - [MESSAGE][PASSED] - Object: 'Object Repository/Approve-Reject/link_assignment' is clicked on

2017-11-16 23:50:18 - [MESSAGE][PASSED] - Delayed 5 second(s)

2017-11-16 23:50:18 - [MESSAGE][WARNING] - Timeout '0' is invalid. Using default page load timeout: '30'

2017-11-16 23:50:18 - [MESSAGE][PASSED] - Scroll to object 'Object Repository/Approve-Reject/APPROVE_BUTTON' successfully

2017-11-16 23:50:18 - [MESSAGE][PASSED] - Object: 'Object Repository/Approve-Reject/APPROVE_BUTTON' is clicked on

2017-11-16 23:50:23 - [MESSAGE][PASSED] - Delayed 5 second(s)

2017-11-16 23:50:23 - [MESSAGE][PASSED] - Keys 'testing' sent to object: 'Object Repository/Approve-Reject/APPROVE_REJECT_NOTES'

2017-11-16 23:50:28 - [MESSAGE][PASSED] - Delayed 5 second(s)

2017-11-16 23:50:28 - [MESSAGE][WARNING] - Timeout '0' is invalid. Using default page load timeout: '30'

2017-11-16 23:50:28 - [MESSAGE][PASSED] - Scroll to object 'Object Repository/Generic/SUBMIT' successfully

2017-11-16 23:50:29 - [MESSAGE][PASSED] - Object: 'Object Repository/Generic/SUBMIT' is clicked on

2017-11-16 23:50:34 - [MESSAGE][PASSED] - Delayed 5 second(s)

2017-11-16 23:50:34 - [MESSAGE][PASSED] - com.helper.commonfunct.utilities.approve is PASSED

2017-11-16 23:50:34 - [TEST_STEP][PASSED] - com.helper.commonfunct.utilities.WOstatus: com.helper.commonfunct.utilities.WOstatus is PASSED

2017-11-16 23:50:34 - [MESSAGE][PASSED] - Text of object 'Object Repository/ECR/WOSTATUS' is: 'Pending-Approval'

2017-11-16 23:50:34 - [MESSAGE][PASSED] - com.helper.commonfunct.utilities.WOstatus is PASSED

2017-11-16 23:50:34 - [TEST_STEP][PASSED] - Statement - For ([j = 0, j < AssignmentList.size(), (j++)]): com.helper.commonfunct.utilities.WOstatus is PASSED

2017-11-16 23:50:34 - [TEST_STEP][PASSED] - Statement - Status = text: null

2017-11-16 23:50:34 - [TEST_STEP][PASSED] - Statement - println(Status): null

2017-11-16 23:50:34 - [TEST_STEP][PASSED] - Statement - If (Status == "Pending-RDApproval"): null

2017-11-16 23:50:34 - [TEST_STEP][PASSED] - Statement - Else If (Status == "Pending-RLApproval"): null

2017-11-16 23:50:34 - [TEST_STEP][PASSED] - Statement - Else If (Status == "Pending-RDDApproval"): null

2017-11-16 23:50:34 - [TEST_STEP][PASSED] - Statement - Else If (Status == "Pending-OPSApproval"): null

2017-11-16 23:50:34 - [TEST_STEP][PASSED] - Statement - Else If (Status == "Pending-ExpSvcApproval"): com.helper.commonfunct.utilities.WOstatus is PASSED

2017-11-16 23:50:34 - [TEST_STEP][PASSED] - Statement - If (EXP_SVC_Reject == false): com.helper.commonfunct.utilities.WOstatus is PASSED

2017-11-16 23:50:34 - [TEST_STEP][PASSED] - com.helper.commonfunct.utilities.login: com.helper.commonfunct.utilities.login is PASSED

2017-11-16 23:50:34 - [MESSAGE][WARNING] - A browser is already opened. Closing browser and opening a new one

2017-11-16 23:50:37 - [MESSAGE][PASSED] - Browser is opened with url: ''

2017-11-16 23:50:42 - [MESSAGE][PASSED] - Navigate to 'https://vtcpqa2.rpega.com:9030/tcpqa/PRServlet' successfully

2017-11-16 23:50:42 - [MESSAGE][PASSED] - Text 'sachb@pegasystems.com' is set on object 'Object Repository/input_UserIdentifier'

2017-11-16 23:50:42 - [MESSAGE][PASSED] - Text 'install' is set on object 'Object Repository/input_Password'

2017-11-16 23:51:02 - [MESSAGE][PASSED] - Keys 'ENTER + ' sent to object: 'Object Repository/input_Password'

2017-11-16 23:51:02 - [MESSAGE][PASSED] - com.helper.commonfunct.utilities.login is PASSED

2017-11-16 23:51:02 - [TEST_STEP][PASSED] - com.helper.commonfunct.utilities.search: com.helper.commonfunct.utilities.search is PASSED

2017-11-16 23:51:03 - [MESSAGE][PASSED] - Current window maximized

2017-11-16 23:51:08 - [MESSAGE][PASSED] - Delayed 5 second(s)

2017-11-16 23:51:08 - [MESSAGE][PASSED] - Text 'ECR-16Nov2017-24' is set on object 'Object Repository/EngInfo/search'

2017-11-16 23:51:13 - [MESSAGE][PASSED] - Delayed 5 second(s)

2017-11-16 23:51:13 - [MESSAGE][PASSED] - Keys 'ENTER + ' sent to object: 'Object Repository/EngInfo/search'

2017-11-16 23:51:18 - [MESSAGE][PASSED] - Delayed 5 second(s)

2017-11-16 23:51:18 - [MESSAGE][PASSED] - com.helper.commonfunct.utilities.search is PASSED

2017-11-16 23:51:18 - [TEST_STEP][PASSED] - com.helper.commonfunct.utilities.approve: com.helper.commonfunct.utilities.approve is PASSED

2017-11-16 23:51:23 - [MESSAGE][PASSED] - Delayed 5 second(s)

2017-11-16 23:51:23 - [MESSAGE][WARNING] - Timeout '0' is invalid. Using default page load timeout: '30'

2017-11-16 23:51:27 - [MESSAGE][PASSED] - Object: 'Object Repository/Approve-Reject/link_assignment' is clicked on

2017-11-16 23:51:32 - [MESSAGE][PASSED] - Delayed 5 second(s)

2017-11-16 23:51:32 - [MESSAGE][WARNING] - Timeout '0' is invalid. Using default page load timeout: '30'

2017-11-16 23:51:33 - [MESSAGE][PASSED] - Scroll to object 'Object Repository/Approve-Reject/APPROVE_BUTTON' successfully

2017-11-16 23:51:33 - [MESSAGE][PASSED] - Object: 'Object Repository/Approve-Reject/APPROVE_BUTTON' is clicked on

2017-11-16 23:51:38 - [MESSAGE][PASSED] - Delayed 5 second(s)

2017-11-16 23:51:38 - [MESSAGE][PASSED] - Keys 'testing' sent to object: 'Object Repository/Approve-Reject/APPROVE_REJECT_NOTES'

2017-11-16 23:51:43 - [MESSAGE][PASSED] - Delayed 5 second(s)

2017-11-16 23:51:43 - [MESSAGE][WARNING] - Timeout '0' is invalid. Using default page load timeout: '30'

2017-11-16 23:51:43 - [MESSAGE][PASSED] - Scroll to object 'Object Repository/Generic/SUBMIT' successfully

2017-11-16 23:51:43 - [MESSAGE][PASSED] - Object: 'Object Repository/Generic/SUBMIT' is clicked on

2017-11-16 23:51:48 - [MESSAGE][PASSED] - Delayed 5 second(s)

2017-11-16 23:51:48 - [MESSAGE][PASSED] - com.helper.commonfunct.utilities.approve is PASSED

2017-11-16 23:51:48 - [TEST_STEP][PASSED] - com.helper.commonfunct.utilities.WOstatus: com.helper.commonfunct.utilities.WOstatus is PASSED

2017-11-16 23:51:50 - [MESSAGE][PASSED] - Text of object 'Object Repository/ECR/WOSTATUS' is: 'Pending-Contract'

2017-11-16 23:51:50 - [MESSAGE][PASSED] - com.helper.commonfunct.utilities.WOstatus is PASSED

2017-11-16 23:51:50 - [TEST_STEP][PASSED] - Statement - For ([j = 0, j < AssignmentList.size(), (j++)]): com.helper.commonfunct.utilities.WOstatus is PASSED

2017-11-16 23:51:50 - [TEST_STEP][PASSED] - Statement - Status = text: null

2017-11-16 23:51:50 - [TEST_STEP][PASSED] - Statement - println(Status): null

2017-11-16 23:51:50 - [TEST_STEP][PASSED] - Statement - If (Status == "Pending-RDApproval"): null

2017-11-16 23:51:50 - [TEST_STEP][PASSED] - Statement - Else If (Status == "Pending-RLApproval"): null

2017-11-16 23:51:50 - [TEST_STEP][PASSED] - Statement - Else If (Status == "Pending-RDDApproval"): null

2017-11-16 23:51:50 - [TEST_STEP][PASSED] - Statement - Else If (Status == "Pending-OPSApproval"): null

2017-11-16 23:51:50 - [TEST_STEP][PASSED] - Statement - Else If (Status == "Pending-ExpSvcApproval"): null

2017-11-16 23:51:50 - [TEST_STEP][PASSED] - Statement - Else If (Status == "Pending-DocUpdate"): null

2017-11-16 23:51:50 - [TEST_STEP][PASSED] - Statement - Else If (Status == "Pending-Contract"): com.helper.commonfunct.utilities.WOstatus is PASSED

2017-11-16 23:51:50 - [TEST_STEP][PASSED] - com.helper.commonfunct.utilities.login: com.helper.commonfunct.utilities.login is PASSED

2017-11-16 23:51:50 - [MESSAGE][WARNING] - A browser is already opened. Closing browser and opening a new one

2017-11-16 23:51:53 - [MESSAGE][PASSED] - Browser is opened with url: ''

2017-11-16 23:51:58 - [MESSAGE][PASSED] - Navigate to 'https://vtcpqa2.rpega.com:9030/tcpqa/PRServlet' successfully

2017-11-16 23:51:58 - [MESSAGE][PASSED] - Text 'hendj@pegasystems.com' is set on object 'Object Repository/input_UserIdentifier'

2017-11-16 23:51:58 - [MESSAGE][PASSED] - Text 'install' is set on object 'Object Repository/input_Password'

2017-11-16 23:52:16 - [MESSAGE][PASSED] - Keys 'ENTER + ' sent to object: 'Object Repository/input_Password'

2017-11-16 23:52:16 - [MESSAGE][PASSED] - com.helper.commonfunct.utilities.login is PASSED

2017-11-16 23:52:16 - [TEST_STEP][PASSED] - com.helper.commonfunct.utilities.search: com.helper.commonfunct.utilities.search is PASSED

2017-11-16 23:52:17 - [MESSAGE][PASSED] - Current window maximized

2017-11-16 23:52:22 - [MESSAGE][PASSED] - Delayed 5 second(s)

2017-11-16 23:52:23 - [MESSAGE][PASSED] - Text 'ECR-16Nov2017-24' is set on object 'Object Repository/EngInfo/search'

2017-11-16 23:52:28 - [MESSAGE][PASSED] - Delayed 5 second(s)

2017-11-16 23:52:28 - [MESSAGE][PASSED] - Keys 'ENTER + ' sent to object: 'Object Repository/EngInfo/search'

2017-11-16 23:52:33 - [MESSAGE][PASSED] - Delayed 5 second(s)

2017-11-16 23:52:33 - [MESSAGE][PASSED] - com.helper.commonfunct.utilities.search is PASSED

2017-11-16 23:52:33 - [TEST_STEP][PASSED] - maximizeWindow: Current window maximized

2017-11-16 23:52:33 - [MESSAGE][PASSED] - Current window maximized

2017-11-16 23:52:33 - [TEST_STEP][PASSED] - com.helper.commonfunct.utilities.ContractDisposition: com.helper.commonfunct.utilities.ContractDisposition is PASSED

2017-11-16 23:52:38 - [MESSAGE][PASSED] - Delayed 5 second(s)

2017-11-16 23:52:38 - [MESSAGE][WARNING] - Timeout '0' is invalid. Using default page load timeout: '30'

2017-11-16 23:52:42 - [MESSAGE][PASSED] - Object: 'Object Repository/Approve-Reject/contractlink' is clicked on

2017-11-16 23:52:47 - [MESSAGE][PASSED] - Delayed 5 second(s)

2017-11-16 23:52:47 - [MESSAGE][PASSED] - Object: 'Object Repository/Approve-Reject/cretaeContract' is clicked on

2017-11-16 23:52:52 - [MESSAGE][PASSED] - Delayed 5 second(s)

2017-11-16 23:52:52 - [MESSAGE][PASSED] - Text 'testing' is set on object 'Object Repository/Approve-Reject/contractNotes'

2017-11-16 23:52:57 - [MESSAGE][PASSED] - Delayed 5 second(s)

2017-11-16 23:52:57 - [MESSAGE][WARNING] - Timeout '0' is invalid. Using default page load timeout: '30'

2017-11-16 23:52:57 - [MESSAGE][PASSED] - Scroll to object 'Object Repository/Generic/SUBMIT' successfully

2017-11-16 23:52:58 - [MESSAGE][PASSED] - Object: 'Object Repository/Generic/SUBMIT' is clicked on

2017-11-16 23:53:03 - [MESSAGE][PASSED] - Delayed 5 second(s)

2017-11-16 23:53:06 - [MESSAGE][PASSED] - Wait for page load successfully

2017-11-16 23:53:07 - [MESSAGE][PASSED] - Object: 'Object Repository/Approve-Reject/dispositionLink' is clicked on

2017-11-16 23:53:12 - [MESSAGE][PASSED] - Delayed 5 second(s)

2017-11-16 23:53:12 - [MESSAGE][PASSED] - Object: 'Object Repository/Approve-Reject/dispositionOption' is clicked on

2017-11-16 23:53:17 - [MESSAGE][PASSED] - Delayed 5 second(s)

2017-11-16 23:53:17 - [MESSAGE][PASSED] - Text 'testing' is set on object 'Object Repository/Approve-Reject/disposition_comments'

2017-11-16 23:53:22 - [MESSAGE][PASSED] - Delayed 5 second(s)

2017-11-16 23:53:22 - [MESSAGE][WARNING] - Timeout '0' is invalid. Using default page load timeout: '30'

2017-11-16 23:53:23 - [MESSAGE][PASSED] - Scroll to object 'Object Repository/Generic/SUBMIT' successfully

2017-11-16 23:53:23 - [MESSAGE][PASSED] - Object: 'Object Repository/Generic/SUBMIT' is clicked on

2017-11-16 23:53:28 - [MESSAGE][PASSED] - Delayed 5 second(s)

2017-11-16 23:53:28 - [MESSAGE][PASSED] - com.helper.commonfunct.utilities.ContractDisposition is PASSED

2017-11-16 23:53:28 - [TEST_STEP][PASSED] - waitForPageLoad: Wait for page load successfully

2017-11-16 23:53:28 - [MESSAGE][PASSED] - Wait for page load successfully

2017-11-16 23:53:28 - [TEST_STEP][PASSED] - com.helper.commonfunct.utilities.WOstatus: com.helper.commonfunct.utilities.WOstatus is PASSED

2017-11-16 23:53:29 - [MESSAGE][PASSED] - Text of object 'Object Repository/ECR/WOSTATUS' is: 'Resolved-Won'

2017-11-16 23:53:29 - [MESSAGE][PASSED] - com.helper.commonfunct.utilities.WOstatus is PASSED

2017-11-16 23:53:29 - [MESSAGE][PASSED] - Call Test Case 'Test Cases/ECR/REF/ECR_Approval_Reject' successfully]]></system-out>
         <system-err><![CDATA[]]></system-err>
      </testcase>
      <testcase name="Test Cases/ECR/TC_ECR_Lite_ExpertService_AllReject" classname="Test Cases/ECR/TC_ECR_Lite_ExpertService_AllReject" status="ERROR">
         <error type="ERROR" message="Test Cases/ECR/TC_ECR_Lite_ExpertService_AllReject FAILED because (of) org.codehaus.groovy.runtime.metaclass.MissingMethodExceptionNoStack: No signature of method: com.helper.commonfunct.utilities.gsOpsReject() is applicable for argument types: () values: []
Possible solutions: gsopsReject()"/>
         <system-out><![CDATA[2017-11-16 23:53:29 - [TEST_CASE][ERROR] - Test Cases/ECR/TC_ECR_Lite_ExpertService_AllReject: Test Cases/ECR/TC_ECR_Lite_ExpertService_AllReject FAILED because (of) org.codehaus.groovy.runtime.metaclass.MissingMethodExceptionNoStack: No signature of method: com.helper.commonfunct.utilities.gsOpsReject() is applicable for argument types: () values: []
Possible solutions: gsopsReject()

2017-11-16 23:53:29 - [TEST_STEP][PASSED] - callTestCase: Call Test Case 'Test Cases/ECR/REF/ECR_Lite_ExpertService' successfully

2017-11-16 23:53:29 - [TEST_CASE][PASSED] - Test Cases/ECR/REF/ECR_Lite_ExpertService: Test Cases/ECR/REF/ECR_Lite_ExpertService

2017-11-16 23:53:29 - [TEST_STEP][PASSED] - com.helper.commonfunct.utilities.login: com.helper.commonfunct.utilities.login is PASSED

2017-11-16 23:53:29 - [MESSAGE][WARNING] - A browser is already opened. Closing browser and opening a new one

2017-11-16 23:53:32 - [MESSAGE][PASSED] - Browser is opened with url: ''

2017-11-16 23:53:37 - [MESSAGE][PASSED] - Navigate to 'https://vtcpqa2.rpega.com:9030/tcpqa/PRServlet' successfully

2017-11-16 23:53:38 - [MESSAGE][PASSED] - Text 'pogoa@pegasystems.com' is set on object 'Object Repository/input_UserIdentifier'

2017-11-16 23:53:38 - [MESSAGE][PASSED] - Text 'install' is set on object 'Object Repository/input_Password'

2017-11-16 23:53:57 - [MESSAGE][PASSED] - Keys 'ENTER + ' sent to object: 'Object Repository/input_Password'

2017-11-16 23:53:57 - [MESSAGE][PASSED] - com.helper.commonfunct.utilities.login is PASSED

2017-11-16 23:53:57 - [TEST_STEP][PASSED] - com.helper.commonfunct.utilities.createECR: com.helper.commonfunct.utilities.createECR is PASSED

2017-11-16 23:53:57 - [MESSAGE][PASSED] - Object: 'Object Repository/Generic/a_Actions' is clicked on

2017-11-16 23:53:59 - [MESSAGE][PASSED] - Object: 'Object Repository/span_New' is focused

2017-11-16 23:54:03 - [MESSAGE][PASSED] - Object: 'Object Repository/span_Bid Process' is clicked on

2017-11-16 23:54:03 - [MESSAGE][PASSED] - Object: 'Object Repository/ECR/BID_TYPE' is clicked on

2017-11-16 23:54:03 - [MESSAGE][PASSED] - Object 'Object Repository/button_Import' is present

2017-11-16 23:54:08 - [MESSAGE][PASSED] - Delayed 5 second(s)

2017-11-16 23:54:08 - [MESSAGE][PASSED] - Object: 'Object Repository/button_Import' is clicked on

2017-11-16 23:54:09 - [MESSAGE][PASSED] - File 'C:\Users\nipin\Desktop\Latest BSW\Final\ECR_LITE_EXPSVC.xlsm' sent to object: 'Object Repository/input_PpyWorkPageppyFilePath'

2017-11-16 23:54:14 - [MESSAGE][PASSED] - Delayed 5 second(s)

2017-11-16 23:54:14 - [MESSAGE][WARNING] - Timeout '0' is invalid. Using default page load timeout: '30'

2017-11-16 23:54:14 - [MESSAGE][PASSED] - Scroll to object 'Object Repository/button_Submit' successfully

2017-11-16 23:54:19 - [MESSAGE][PASSED] - Object: 'Object Repository/button_Submit' is clicked on

2017-11-16 23:54:19 - [MESSAGE][PASSED] - Object 'Object Repository/EngInfo/COID' is visible

2017-11-16 23:54:24 - [MESSAGE][PASSED] - Delayed 5 second(s)

2017-11-16 23:54:29 - [MESSAGE][PASSED] - Delayed 5 second(s)

2017-11-16 23:54:30 - [MESSAGE][PASSED] - Text 'BOFA' is set on object 'Object Repository/Generic/ORG'

2017-11-16 23:54:35 - [MESSAGE][PASSED] - Delayed 5 second(s)

2017-11-16 23:54:35 - [MESSAGE][PASSED] - Keys 'TAB + ' sent to object: 'Object Repository/Generic/ORG'

2017-11-16 23:54:40 - [MESSAGE][PASSED] - Delayed 5 second(s)

2017-11-16 23:54:40 - [MESSAGE][PASSED] - Text 'BOFA' is set on object 'Object Repository/Generic/ACC'

2017-11-16 23:54:45 - [MESSAGE][PASSED] - Delayed 5 second(s)

2017-11-16 23:54:45 - [MESSAGE][PASSED] - Keys 'TAB + ' sent to object: 'Object Repository/Generic/ACC'

2017-11-16 23:54:50 - [MESSAGE][PASSED] - Delayed 5 second(s)

2017-11-16 23:54:50 - [MESSAGE][PASSED] - Text 'AUTOTEST1' is set on object 'Object Repository/Generic/ENG_DESC'

2017-11-16 23:54:55 - [MESSAGE][PASSED] - Delayed 5 second(s)

2017-11-16 23:54:55 - [MESSAGE][WARNING] - Timeout '0' is invalid. Using default page load timeout: '30'

2017-11-16 23:54:55 - [MESSAGE][PASSED] - Scroll to object 'Object Repository/Generic/SUBMIT' successfully

2017-11-16 23:54:55 - [MESSAGE][PASSED] - Object: 'Object Repository/Generic/SUBMIT' is clicked on

2017-11-16 23:55:00 - [MESSAGE][PASSED] - Delayed 5 second(s)

2017-11-16 23:55:01 - [MESSAGE][PASSED] - Text 'CO-12' is set on object 'Object Repository/EngInfo/COID'

2017-11-16 23:55:08 - [MESSAGE][PASSED] - Delayed 7 second(s)

2017-11-16 23:55:08 - [MESSAGE][PASSED] - Wait for page load successfully

2017-11-16 23:55:08 - [MESSAGE][PASSED] - Object: 'Object Repository/Generic/gapDrivenMethodology' is clicked on

2017-11-16 23:55:13 - [MESSAGE][PASSED] - Delayed 5 second(s)

2017-11-16 23:55:13 - [MESSAGE][PASSED] - Object: 'Object Repository/Generic/RapidDelivery' is clicked on

2017-11-16 23:55:18 - [MESSAGE][PASSED] - Delayed 5 second(s)

2017-11-16 23:55:18 - [MESSAGE][PASSED] - Object: 'Object Repository/Generic/MorethanOneRLS' is clicked on

2017-11-16 23:55:23 - [MESSAGE][PASSED] - Delayed 5 second(s)

2017-11-16 23:55:24 - [MESSAGE][PASSED] - Text '85000' is set on object 'Object Repository/ECR/Licence'

2017-11-16 23:55:29 - [MESSAGE][PASSED] - Delayed 5 second(s)

2017-11-16 23:55:29 - [MESSAGE][PASSED] - Object 'Object Repository/Generic/platform' is visible

2017-11-16 23:55:34 - [MESSAGE][PASSED] - Delayed 5 second(s)

2017-11-16 23:55:34 - [MESSAGE][PASSED] - Keys 'AMPchroma' sent to object: 'Object Repository/Generic/PlatformID'

2017-11-16 23:55:39 - [MESSAGE][PASSED] - Delayed 5 second(s)

2017-11-16 23:55:39 - [MESSAGE][PASSED] - Keys 'N/A' sent to object: 'Object Repository/Generic/PlatformVersion'

2017-11-16 23:55:44 - [MESSAGE][PASSED] - Delayed 5 second(s)

2017-11-16 23:55:44 - [MESSAGE][PASSED] - Object: 'Object Repository/Generic/PlatformTrue' is clicked on

2017-11-16 23:55:49 - [MESSAGE][PASSED] - Delayed 5 second(s)

2017-11-16 23:55:50 - [MESSAGE][PASSED] - Keys 'Jeff Henderson ' sent to object: 'Object Repository/EngInfo/PL'

2017-11-16 23:55:55 - [MESSAGE][PASSED] - Delayed 5 second(s)

2017-11-16 23:55:55 - [MESSAGE][PASSED] - Keys 'Robert Higgins' sent to object: 'Object Repository/EngInfo/PLTL'

2017-11-16 23:56:00 - [MESSAGE][PASSED] - Delayed 5 second(s)

2017-11-16 23:56:00 - [MESSAGE][PASSED] - Keys 'Eric Panepinto' sent to object: 'Object Repository/EngInfo/RL'

2017-11-16 23:56:05 - [MESSAGE][PASSED] - Delayed 5 second(s)

2017-11-16 23:56:05 - [MESSAGE][PASSED] - Keys 'Robert Lang' sent to object: 'Object Repository/EngInfo/RD'

2017-11-16 23:56:10 - [MESSAGE][PASSED] - Delayed 5 second(s)

2017-11-16 23:56:10 - [MESSAGE][PASSED] - Scroll to object 'Object Repository/NEXT_BUTTON' successfully

2017-11-16 23:56:11 - [MESSAGE][PASSED] - Object: 'Object Repository/NEXT_BUTTON' is clicked on

2017-11-16 23:56:18 - [MESSAGE][PASSED] - Delayed 7 second(s)

2017-11-16 23:56:18 - [MESSAGE][PASSED] - Scroll to object 'Object Repository/NEXT_BUTTON' successfully

2017-11-16 23:56:18 - [MESSAGE][PASSED] - Object: 'Object Repository/NEXT_BUTTON' is clicked on

2017-11-16 23:56:25 - [MESSAGE][PASSED] - Delayed 7 second(s)

2017-11-16 23:56:25 - [MESSAGE][PASSED] - Wait for page load successfully

2017-11-16 23:56:25 - [MESSAGE][PASSED] - Scroll to object 'Object Repository/Generic/FINISH_BUTTON' successfully

2017-11-16 23:56:25 - [MESSAGE][PASSED] - Object: 'Object Repository/Generic/FINISH_BUTTON' is clicked on

2017-11-16 23:56:30 - [MESSAGE][PASSED] - Delayed 5 second(s)

2017-11-16 23:56:33 - [MESSAGE][PASSED] - Text of object 'Object Repository/WO' is: 'ECR-16Nov2017-25'

2017-11-16 23:56:33 - [MESSAGE][PASSED] - Text of object 'Object Repository/ECR/WOSTATUS' is: 'Pending-RDApproval'

2017-11-16 23:56:33 - [MESSAGE][PASSED] - com.helper.commonfunct.utilities.createECR is PASSED

2017-11-16 23:56:33 - [MESSAGE][PASSED] - Call Test Case 'Test Cases/ECR/REF/ECR_Lite_ExpertService' successfully

2017-11-16 23:56:33 - [TEST_STEP][PASSED] - com.helper.commonfunct.utilities.setprop: com.helper.commonfunct.utilities.setprop is PASSED

2017-11-16 23:56:33 - [MESSAGE][PASSED] - com.helper.commonfunct.utilities.setprop is PASSED

2017-11-16 23:56:33 - [TEST_STEP][FAILED] - callTestCase: Unable to call Test Case with id 'Test Cases/ECR/REF/ECR_Approval_Reject' (Root cause: Call Test Case 'Test Cases/ECR/REF/ECR_Approval_Reject' failed because of error(s))

2017-11-16 23:56:33 - [TEST_CASE][ERROR] - Test Cases/ECR/REF/ECR_Approval_Reject: Test Cases/ECR/REF/ECR_Approval_Reject FAILED because (of) org.codehaus.groovy.runtime.metaclass.MissingMethodExceptionNoStack: No signature of method: com.helper.commonfunct.utilities.gsOpsReject() is applicable for argument types: () values: []
Possible solutions: gsopsReject()

2017-11-16 23:56:33 - [TEST_STEP][ERROR] - Statement - While (WOSTATUS.contains("Pending")): No signature of method: com.helper.commonfunct.utilities.gsOpsReject() is applicable for argument types: () values: []
Possible solutions: gsopsReject()

2017-11-16 23:56:33 - [TEST_STEP][PASSED] - Statement - For ([j = 0, j < AssignmentList.size(), (j++)]): com.helper.commonfunct.utilities.WOstatus is PASSED

2017-11-16 23:56:33 - [TEST_STEP][PASSED] - Statement - Status = text: null

2017-11-16 23:56:33 - [TEST_STEP][PASSED] - Statement - println(Status): null

2017-11-16 23:56:33 - [TEST_STEP][PASSED] - Statement - If (Status == "Pending-RDApproval"): com.helper.commonfunct.utilities.WOstatus is PASSED

2017-11-16 23:56:33 - [TEST_STEP][PASSED] - Statement - If (RDReject == false): null

2017-11-16 23:56:33 - [TEST_STEP][PASSED] - Statement - Else: com.helper.commonfunct.utilities.WOstatus is PASSED

2017-11-16 23:56:33 - [TEST_STEP][PASSED] - com.helper.commonfunct.utilities.login: com.helper.commonfunct.utilities.login is PASSED

2017-11-16 23:56:33 - [MESSAGE][WARNING] - A browser is already opened. Closing browser and opening a new one

2017-11-16 23:56:36 - [MESSAGE][PASSED] - Browser is opened with url: ''

2017-11-16 23:56:41 - [MESSAGE][PASSED] - Navigate to 'https://vtcpqa2.rpega.com:9030/tcpqa/PRServlet' successfully

2017-11-16 23:56:42 - [MESSAGE][PASSED] - Text 'langr1@pegasystems.com' is set on object 'Object Repository/input_UserIdentifier'

2017-11-16 23:56:42 - [MESSAGE][PASSED] - Text 'install' is set on object 'Object Repository/input_Password'

2017-11-16 23:56:58 - [MESSAGE][PASSED] - Keys 'ENTER + ' sent to object: 'Object Repository/input_Password'

2017-11-16 23:56:58 - [MESSAGE][PASSED] - com.helper.commonfunct.utilities.login is PASSED

2017-11-16 23:56:58 - [TEST_STEP][PASSED] - com.helper.commonfunct.utilities.search: com.helper.commonfunct.utilities.search is PASSED

2017-11-16 23:56:59 - [MESSAGE][PASSED] - Current window maximized

2017-11-16 23:57:04 - [MESSAGE][PASSED] - Delayed 5 second(s)

2017-11-16 23:57:04 - [MESSAGE][PASSED] - Text 'ECR-16Nov2017-25' is set on object 'Object Repository/EngInfo/search'

2017-11-16 23:57:09 - [MESSAGE][PASSED] - Delayed 5 second(s)

2017-11-16 23:57:10 - [MESSAGE][PASSED] - Keys 'ENTER + ' sent to object: 'Object Repository/EngInfo/search'

2017-11-16 23:57:15 - [MESSAGE][PASSED] - Delayed 5 second(s)

2017-11-16 23:57:15 - [MESSAGE][PASSED] - com.helper.commonfunct.utilities.search is PASSED

2017-11-16 23:57:15 - [TEST_STEP][PASSED] - maximizeWindow: Current window maximized

2017-11-16 23:57:15 - [MESSAGE][PASSED] - Current window maximized

2017-11-16 23:57:15 - [TEST_STEP][PASSED] - com.helper.commonfunct.utilities.reject: com.helper.commonfunct.utilities.reject is PASSED

2017-11-16 23:57:20 - [MESSAGE][PASSED] - Delayed 5 second(s)

2017-11-16 23:57:20 - [MESSAGE][WARNING] - Timeout '0' is invalid. Using default page load timeout: '30'

2017-11-16 23:57:25 - [MESSAGE][PASSED] - Object: 'Object Repository/Approve-Reject/link_assignment' is clicked on

2017-11-16 23:57:30 - [MESSAGE][PASSED] - Delayed 5 second(s)

2017-11-16 23:57:30 - [MESSAGE][WARNING] - Timeout '0' is invalid. Using default page load timeout: '30'

2017-11-16 23:57:30 - [MESSAGE][PASSED] - Scroll to object 'Object Repository/Approve-Reject/ReturnToRequestor' successfully

2017-11-16 23:57:30 - [MESSAGE][PASSED] - Object: 'Object Repository/Approve-Reject/ReturnToRequestor' is clicked on

2017-11-16 23:57:35 - [MESSAGE][PASSED] - Delayed 5 second(s)

2017-11-16 23:57:36 - [MESSAGE][PASSED] - Keys 'testing' sent to object: 'Object Repository/Approve-Reject/APPROVE_REJECT_NOTES'

2017-11-16 23:57:41 - [MESSAGE][PASSED] - Delayed 5 second(s)

2017-11-16 23:57:41 - [MESSAGE][WARNING] - Timeout '0' is invalid. Using default page load timeout: '30'

2017-11-16 23:57:41 - [MESSAGE][PASSED] - Scroll to object 'Object Repository/Generic/SUBMIT' successfully

2017-11-16 23:57:41 - [MESSAGE][PASSED] - Object: 'Object Repository/Generic/SUBMIT' is clicked on

2017-11-16 23:57:46 - [MESSAGE][PASSED] - Delayed 5 second(s)

2017-11-16 23:57:46 - [MESSAGE][PASSED] - com.helper.commonfunct.utilities.reject is PASSED

2017-11-16 23:57:46 - [TEST_STEP][PASSED] - Statement - RDReject = false: null

2017-11-16 23:57:46 - [TEST_STEP][PASSED] - com.helper.commonfunct.utilities.WOstatus: com.helper.commonfunct.utilities.WOstatus is PASSED

2017-11-16 23:57:46 - [MESSAGE][PASSED] - Text of object 'Object Repository/ECR/WOSTATUS' is: 'Pending-DocUpdate'

2017-11-16 23:57:46 - [MESSAGE][PASSED] - com.helper.commonfunct.utilities.WOstatus is PASSED

2017-11-16 23:57:46 - [TEST_STEP][PASSED] - Statement - For ([j = 0, j < AssignmentList.size(), (j++)]): Delayed 3 second(s)

2017-11-16 23:57:46 - [TEST_STEP][PASSED] - Statement - Status = text: null

2017-11-16 23:57:46 - [TEST_STEP][PASSED] - Statement - println(Status): null

2017-11-16 23:57:46 - [TEST_STEP][PASSED] - Statement - If (Status == "Pending-RDApproval"): null

2017-11-16 23:57:46 - [TEST_STEP][PASSED] - Statement - Else If (Status == "Pending-RLApproval"): null

2017-11-16 23:57:46 - [TEST_STEP][PASSED] - Statement - Else If (Status == "Pending-RDDApproval"): null

2017-11-16 23:57:46 - [TEST_STEP][PASSED] - Statement - Else If (Status == "Pending-OPSApproval"): null

2017-11-16 23:57:46 - [TEST_STEP][PASSED] - Statement - Else If (Status == "Pending-ExpSvcApproval"): null

2017-11-16 23:57:46 - [TEST_STEP][PASSED] - Statement - Else If (Status == "Pending-DocUpdate"): Delayed 3 second(s)

2017-11-16 23:57:46 - [TEST_STEP][PASSED] - Statement - If (Meeting == false): Delayed 3 second(s)

2017-11-16 23:57:46 - [TEST_STEP][PASSED] - com.helper.commonfunct.utilities.login: com.helper.commonfunct.utilities.login is PASSED

2017-11-16 23:57:46 - [MESSAGE][WARNING] - A browser is already opened. Closing browser and opening a new one

2017-11-16 23:57:49 - [MESSAGE][PASSED] - Browser is opened with url: ''

2017-11-16 23:57:54 - [MESSAGE][PASSED] - Navigate to 'https://vtcpqa2.rpega.com:9030/tcpqa/PRServlet' successfully

2017-11-16 23:57:54 - [MESSAGE][PASSED] - Text 'pogoa@pegasystems.com' is set on object 'Object Repository/input_UserIdentifier'

2017-11-16 23:57:54 - [MESSAGE][PASSED] - Text 'install' is set on object 'Object Repository/input_Password'

2017-11-16 23:58:09 - [MESSAGE][PASSED] - Keys 'ENTER + ' sent to object: 'Object Repository/input_Password'

2017-11-16 23:58:09 - [MESSAGE][PASSED] - com.helper.commonfunct.utilities.login is PASSED

2017-11-16 23:58:09 - [TEST_STEP][PASSED] - com.helper.commonfunct.utilities.search: com.helper.commonfunct.utilities.search is PASSED

2017-11-16 23:58:10 - [MESSAGE][PASSED] - Current window maximized

2017-11-16 23:58:15 - [MESSAGE][PASSED] - Delayed 5 second(s)

2017-11-16 23:58:15 - [MESSAGE][PASSED] - Text 'ECR-16Nov2017-25' is set on object 'Object Repository/EngInfo/search'

2017-11-16 23:58:20 - [MESSAGE][PASSED] - Delayed 5 second(s)

2017-11-16 23:58:21 - [MESSAGE][PASSED] - Keys 'ENTER + ' sent to object: 'Object Repository/EngInfo/search'

2017-11-16 23:58:26 - [MESSAGE][PASSED] - Delayed 5 second(s)

2017-11-16 23:58:26 - [MESSAGE][PASSED] - com.helper.commonfunct.utilities.search is PASSED

2017-11-16 23:58:26 - [TEST_STEP][PASSED] - maximizeWindow: Current window maximized

2017-11-16 23:58:26 - [MESSAGE][PASSED] - Current window maximized

2017-11-16 23:58:26 - [TEST_STEP][PASSED] - com.helper.commonfunct.utilities.docUpdate: com.helper.commonfunct.utilities.docUpdate is PASSED

2017-11-16 23:58:26 - [MESSAGE][WARNING] - Timeout '0' is invalid. Using default page load timeout: '30'

2017-11-16 23:58:34 - [MESSAGE][PASSED] - Delayed 5 second(s)

2017-11-16 23:58:36 - [MESSAGE][PASSED] - Object: 'Object Repository/Approve-Reject/linktoupdateEngData' is clicked on

2017-11-16 23:58:36 - [MESSAGE][WARNING] - Timeout '0' is invalid. Using default page load timeout: '30'

2017-11-16 23:58:36 - [MESSAGE][PASSED] - Scroll to object 'Object Repository/NEXT_BUTTON' successfully

2017-11-16 23:58:36 - [MESSAGE][PASSED] - Object: 'Object Repository/NEXT_BUTTON' is clicked on

2017-11-16 23:58:41 - [MESSAGE][PASSED] - Delayed 5 second(s)

2017-11-16 23:58:41 - [MESSAGE][WARNING] - Timeout '0' is invalid. Using default page load timeout: '30'

2017-11-16 23:58:42 - [MESSAGE][PASSED] - Scroll to object 'Object Repository/NEXT_BUTTON' successfully

2017-11-16 23:58:42 - [MESSAGE][PASSED] - Object: 'Object Repository/NEXT_BUTTON' is clicked on

2017-11-16 23:58:47 - [MESSAGE][PASSED] - Delayed 5 second(s)

2017-11-16 23:58:47 - [MESSAGE][WARNING] - Timeout '0' is invalid. Using default page load timeout: '30'

2017-11-16 23:58:47 - [MESSAGE][PASSED] - Scroll to object 'Object Repository/Generic/FINISH_BUTTON' successfully

2017-11-16 23:58:47 - [MESSAGE][PASSED] - Object: 'Object Repository/Generic/FINISH_BUTTON' is clicked on

2017-11-16 23:58:52 - [MESSAGE][PASSED] - Delayed 5 second(s)

2017-11-16 23:58:56 - [MESSAGE][PASSED] - Wait for page load successfully

2017-11-16 23:58:56 - [MESSAGE][PASSED] - com.helper.commonfunct.utilities.docUpdate is PASSED

2017-11-16 23:58:56 - [TEST_STEP][PASSED] - com.helper.commonfunct.utilities.WOstatus: com.helper.commonfunct.utilities.WOstatus is PASSED

2017-11-16 23:58:56 - [MESSAGE][PASSED] - Text of object 'Object Repository/ECR/WOSTATUS' is: 'Pending-RDApproval'

2017-11-16 23:58:56 - [MESSAGE][PASSED] - com.helper.commonfunct.utilities.WOstatus is PASSED

2017-11-16 23:58:56 - [TEST_STEP][PASSED] - delay: Delayed 3 second(s)

2017-11-16 23:58:59 - [MESSAGE][PASSED] - Delayed 3 second(s)

2017-11-16 23:58:59 - [TEST_STEP][ERROR] - Statement - For ([j = 0, j < AssignmentList.size(), (j++)]): No signature of method: com.helper.commonfunct.utilities.gsOpsReject() is applicable for argument types: () values: []
Possible solutions: gsopsReject()

2017-11-16 23:58:59 - [TEST_STEP][PASSED] - Statement - Status = text: null

2017-11-16 23:58:59 - [TEST_STEP][PASSED] - Statement - println(Status): null

2017-11-16 23:58:59 - [TEST_STEP][PASSED] - Statement - If (Status == "Pending-RDApproval"): com.helper.commonfunct.utilities.WOstatus is PASSED

2017-11-16 23:58:59 - [TEST_STEP][PASSED] - Statement - If (RDReject == false): com.helper.commonfunct.utilities.WOstatus is PASSED

2017-11-16 23:58:59 - [TEST_STEP][PASSED] - Statement - If (Meeting == true): null

2017-11-16 23:58:59 - [TEST_STEP][PASSED] - Statement - Else: com.helper.commonfunct.utilities.WOstatus is PASSED

2017-11-16 23:58:59 - [TEST_STEP][PASSED] - com.helper.commonfunct.utilities.login: com.helper.commonfunct.utilities.login is PASSED

2017-11-16 23:58:59 - [MESSAGE][WARNING] - A browser is already opened. Closing browser and opening a new one

2017-11-16 23:59:02 - [MESSAGE][PASSED] - Browser is opened with url: ''

2017-11-16 23:59:07 - [MESSAGE][PASSED] - Navigate to 'https://vtcpqa2.rpega.com:9030/tcpqa/PRServlet' successfully

2017-11-16 23:59:08 - [MESSAGE][PASSED] - Text 'langr1@pegasystems.com' is set on object 'Object Repository/input_UserIdentifier'

2017-11-16 23:59:08 - [MESSAGE][PASSED] - Text 'install' is set on object 'Object Repository/input_Password'

2017-11-16 23:59:26 - [MESSAGE][PASSED] - Keys 'ENTER + ' sent to object: 'Object Repository/input_Password'

2017-11-16 23:59:26 - [MESSAGE][PASSED] - com.helper.commonfunct.utilities.login is PASSED

2017-11-16 23:59:26 - [TEST_STEP][PASSED] - com.helper.commonfunct.utilities.search: com.helper.commonfunct.utilities.search is PASSED

2017-11-16 23:59:27 - [MESSAGE][PASSED] - Current window maximized

2017-11-16 23:59:32 - [MESSAGE][PASSED] - Delayed 5 second(s)

2017-11-16 23:59:32 - [MESSAGE][PASSED] - Text 'ECR-16Nov2017-25' is set on object 'Object Repository/EngInfo/search'

2017-11-16 23:59:37 - [MESSAGE][PASSED] - Delayed 5 second(s)

2017-11-16 23:59:37 - [MESSAGE][PASSED] - Keys 'ENTER + ' sent to object: 'Object Repository/EngInfo/search'

2017-11-16 23:59:42 - [MESSAGE][PASSED] - Delayed 5 second(s)

2017-11-16 23:59:42 - [MESSAGE][PASSED] - com.helper.commonfunct.utilities.search is PASSED

2017-11-16 23:59:42 - [TEST_STEP][PASSED] - com.helper.commonfunct.utilities.approve: com.helper.commonfunct.utilities.approve is PASSED

2017-11-16 23:59:47 - [MESSAGE][PASSED] - Delayed 5 second(s)

2017-11-16 23:59:47 - [MESSAGE][WARNING] - Timeout '0' is invalid. Using default page load timeout: '30'

2017-11-16 23:59:52 - [MESSAGE][PASSED] - Object: 'Object Repository/Approve-Reject/link_assignment' is clicked on

2017-11-16 23:59:57 - [MESSAGE][PASSED] - Delayed 5 second(s)

2017-11-16 23:59:57 - [MESSAGE][WARNING] - Timeout '0' is invalid. Using default page load timeout: '30'

2017-11-16 23:59:57 - [MESSAGE][PASSED] - Scroll to object 'Object Repository/Approve-Reject/APPROVE_BUTTON' successfully

2017-11-16 23:59:57 - [MESSAGE][PASSED] - Object: 'Object Repository/Approve-Reject/APPROVE_BUTTON' is clicked on

2017-11-17 00:00:02 - [MESSAGE][PASSED] - Delayed 5 second(s)

2017-11-17 00:00:02 - [MESSAGE][PASSED] - Keys 'testing' sent to object: 'Object Repository/Approve-Reject/APPROVE_REJECT_NOTES'

2017-11-17 00:00:07 - [MESSAGE][PASSED] - Delayed 5 second(s)

2017-11-17 00:00:07 - [MESSAGE][WARNING] - Timeout '0' is invalid. Using default page load timeout: '30'

2017-11-17 00:00:07 - [MESSAGE][PASSED] - Scroll to object 'Object Repository/Generic/SUBMIT' successfully

2017-11-17 00:00:07 - [MESSAGE][PASSED] - Object: 'Object Repository/Generic/SUBMIT' is clicked on

2017-11-17 00:00:12 - [MESSAGE][PASSED] - Delayed 5 second(s)

2017-11-17 00:00:12 - [MESSAGE][PASSED] - com.helper.commonfunct.utilities.approve is PASSED

2017-11-17 00:00:12 - [TEST_STEP][PASSED] - com.helper.commonfunct.utilities.WOstatus: com.helper.commonfunct.utilities.WOstatus is PASSED

2017-11-17 00:00:16 - [MESSAGE][PASSED] - Text of object 'Object Repository/ECR/WOSTATUS' is: 'Pending-Approval'

2017-11-17 00:00:16 - [MESSAGE][PASSED] - com.helper.commonfunct.utilities.WOstatus is PASSED

2017-11-17 00:00:16 - [TEST_STEP][PASSED] - Statement - Status = text: null

2017-11-17 00:00:16 - [TEST_STEP][PASSED] - Statement - println(Status): null

2017-11-17 00:00:16 - [TEST_STEP][PASSED] - Statement - If (Status == "Pending-RDApproval"): null

2017-11-17 00:00:16 - [TEST_STEP][PASSED] - Statement - Else If (Status == "Pending-RLApproval"): null

2017-11-17 00:00:16 - [TEST_STEP][PASSED] - Statement - Else If (Status == "Pending-RDDApproval"): null

2017-11-17 00:00:16 - [TEST_STEP][ERROR] - Statement - Else If (Status == "Pending-OPSApproval"): No signature of method: com.helper.commonfunct.utilities.gsOpsReject() is applicable for argument types: () values: []
Possible solutions: gsopsReject()

2017-11-17 00:00:16 - [TEST_STEP][PASSED] - Statement - If (OpsReject == false): null

2017-11-17 00:00:16 - [TEST_STEP][ERROR] - Statement - Else: No signature of method: com.helper.commonfunct.utilities.gsOpsReject() is applicable for argument types: () values: []
Possible solutions: gsopsReject()

2017-11-17 00:00:16 - [TEST_STEP][PASSED] - com.helper.commonfunct.utilities.login: com.helper.commonfunct.utilities.login is PASSED

2017-11-17 00:00:16 - [MESSAGE][WARNING] - A browser is already opened. Closing browser and opening a new one

2017-11-17 00:00:19 - [MESSAGE][PASSED] - Browser is opened with url: ''

2017-11-17 00:00:24 - [MESSAGE][PASSED] - Navigate to 'https://vtcpqa2.rpega.com:9030/tcpqa/PRServlet' successfully

2017-11-17 00:00:24 - [MESSAGE][PASSED] - Text 'pogoa@pegasystems.com' is set on object 'Object Repository/input_UserIdentifier'

2017-11-17 00:00:24 - [MESSAGE][PASSED] - Text 'install' is set on object 'Object Repository/input_Password'

2017-11-17 00:00:38 - [MESSAGE][PASSED] - Keys 'ENTER + ' sent to object: 'Object Repository/input_Password'

2017-11-17 00:00:38 - [MESSAGE][PASSED] - com.helper.commonfunct.utilities.login is PASSED

2017-11-17 00:00:38 - [TEST_STEP][PASSED] - com.helper.commonfunct.utilities.search: com.helper.commonfunct.utilities.search is PASSED

2017-11-17 00:00:39 - [MESSAGE][PASSED] - Current window maximized

2017-11-17 00:00:44 - [MESSAGE][PASSED] - Delayed 5 second(s)

2017-11-17 00:00:44 - [MESSAGE][PASSED] - Text 'ECR-16Nov2017-25' is set on object 'Object Repository/EngInfo/search'

2017-11-17 00:00:49 - [MESSAGE][PASSED] - Delayed 5 second(s)

2017-11-17 00:00:49 - [MESSAGE][PASSED] - Keys 'ENTER + ' sent to object: 'Object Repository/EngInfo/search'

2017-11-17 00:00:54 - [MESSAGE][PASSED] - Delayed 5 second(s)

2017-11-17 00:00:54 - [MESSAGE][PASSED] - com.helper.commonfunct.utilities.search is PASSED

2017-11-17 00:00:54 - [TEST_STEP][PASSED] - maximizeWindow: Current window maximized

2017-11-17 00:00:54 - [MESSAGE][PASSED] - Current window maximized

2017-11-17 00:00:54 - [TEST_STEP][ERROR] - com.helper.commonfunct.utilities.gsOpsReject: No signature of method: com.helper.commonfunct.utilities.gsOpsReject() is applicable for argument types: () values: []
Possible solutions: gsopsReject()

2017-11-17 00:00:54 - [MESSAGE][ERROR] - No signature of method: com.helper.commonfunct.utilities.gsOpsReject() is applicable for argument types: () values: []
Possible solutions: gsopsReject()

2017-11-17 00:00:54 - [MESSAGE][FAILED] - Unable to call Test Case with id 'Test Cases/ECR/REF/ECR_Approval_Reject' (Root cause: Call Test Case 'Test Cases/ECR/REF/ECR_Approval_Reject' failed because of error(s))]]></system-out>
         <system-err><![CDATA[2017-11-16 23:53:29 - [TEST_CASE][ERROR] - Test Cases/ECR/TC_ECR_Lite_ExpertService_AllReject: Test Cases/ECR/TC_ECR_Lite_ExpertService_AllReject FAILED because (of) org.codehaus.groovy.runtime.metaclass.MissingMethodExceptionNoStack: No signature of method: com.helper.commonfunct.utilities.gsOpsReject() is applicable for argument types: () values: []
Possible solutions: gsopsReject()]]></system-err>
      </testcase>
      <testcase name="Test Cases/ECR/TC_ECR_Meeting_ExpertService_AllApproval" classname="Test Cases/ECR/TC_ECR_Meeting_ExpertService_AllApproval" status="FAILED">
         <failure type="FAILED" message="Unable to scroll to object 'Object Repository/Generic/FINISH_BUTTON' (Root cause: com.kms.katalon.core.webui.exception.WebElementNotFoundException: Web element with id: 'Object Repository/Generic/FINISH_BUTTON' located by 'By.xpath: //button[contains(.,'Finish')]' not found)"/>
         <system-out><![CDATA[2017-11-17 00:00:54 - [TEST_CASE][FAILED] - Test Cases/ECR/TC_ECR_Meeting_ExpertService_AllApproval: Test Cases/ECR/TC_ECR_Meeting_ExpertService_AllApproval FAILED because (of) Unable to scroll to object 'Object Repository/Generic/FINISH_BUTTON' (Root cause: com.kms.katalon.core.webui.exception.WebElementNotFoundException: Web element with id: 'Object Repository/Generic/FINISH_BUTTON' located by 'By.xpath: //button[contains(.,'Finish')]' not found)

2017-11-17 00:00:55 - [TEST_STEP][PASSED] - callTestCase: Call Test Case 'Test Cases/ECR/REF/ECR_Meeting_ExpertService' successfully

2017-11-17 00:00:55 - [TEST_CASE][PASSED] - Test Cases/ECR/REF/ECR_Meeting_ExpertService: Test Cases/ECR/REF/ECR_Meeting_ExpertService

2017-11-17 00:00:55 - [TEST_STEP][PASSED] - com.helper.commonfunct.utilities.login: com.helper.commonfunct.utilities.login is PASSED

2017-11-17 00:00:55 - [MESSAGE][WARNING] - A browser is already opened. Closing browser and opening a new one

2017-11-17 00:00:58 - [MESSAGE][PASSED] - Browser is opened with url: ''

2017-11-17 00:01:03 - [MESSAGE][PASSED] - Navigate to 'https://vtcpqa2.rpega.com:9030/tcpqa/PRServlet' successfully

2017-11-17 00:01:03 - [MESSAGE][PASSED] - Text 'pogoa@pegasystems.com' is set on object 'Object Repository/input_UserIdentifier'

2017-11-17 00:01:03 - [MESSAGE][PASSED] - Text 'install' is set on object 'Object Repository/input_Password'

2017-11-17 00:01:18 - [MESSAGE][PASSED] - Keys 'ENTER + ' sent to object: 'Object Repository/input_Password'

2017-11-17 00:01:18 - [MESSAGE][PASSED] - com.helper.commonfunct.utilities.login is PASSED

2017-11-17 00:01:18 - [TEST_STEP][PASSED] - Statement - Meeting = true: null

2017-11-17 00:01:18 - [TEST_STEP][PASSED] - com.helper.commonfunct.utilities.ECRMeeting: com.helper.commonfunct.utilities.ECRMeeting is PASSED

2017-11-17 00:01:18 - [MESSAGE][PASSED] - Object: 'Object Repository/Generic/a_Actions' is clicked on

2017-11-17 00:01:20 - [MESSAGE][PASSED] - Object: 'Object Repository/span_New' is focused

2017-11-17 00:01:29 - [MESSAGE][PASSED] - Object: 'Object Repository/span_Bid Process' is clicked on

2017-11-17 00:01:29 - [MESSAGE][PASSED] - Object: 'Object Repository/ECR/BID_TYPE' is clicked on

2017-11-17 00:01:29 - [MESSAGE][PASSED] - Object 'Object Repository/button_Import' is present

2017-11-17 00:01:34 - [MESSAGE][PASSED] - Delayed 5 second(s)

2017-11-17 00:01:34 - [MESSAGE][PASSED] - Object: 'Object Repository/button_Import' is clicked on

2017-11-17 00:01:35 - [MESSAGE][PASSED] - File 'C:\Users\nipin\Desktop\Latest BSW\Final\ECR_EXPSVC.xlsm' sent to object: 'Object Repository/input_PpyWorkPageppyFilePath'

2017-11-17 00:01:40 - [MESSAGE][PASSED] - Delayed 5 second(s)

2017-11-17 00:01:40 - [MESSAGE][WARNING] - Timeout '0' is invalid. Using default page load timeout: '30'

2017-11-17 00:01:40 - [MESSAGE][PASSED] - Scroll to object 'Object Repository/button_Submit' successfully

2017-11-17 00:01:45 - [MESSAGE][PASSED] - Object: 'Object Repository/button_Submit' is clicked on

2017-11-17 00:01:45 - [MESSAGE][PASSED] - Object 'Object Repository/EngInfo/COID' is visible

2017-11-17 00:01:50 - [MESSAGE][PASSED] - Delayed 5 second(s)

2017-11-17 00:01:55 - [MESSAGE][PASSED] - Delayed 5 second(s)

2017-11-17 00:01:56 - [MESSAGE][PASSED] - Text 'BOFA' is set on object 'Object Repository/Generic/ORG'

2017-11-17 00:02:01 - [MESSAGE][PASSED] - Delayed 5 second(s)

2017-11-17 00:02:01 - [MESSAGE][PASSED] - Keys 'TAB + ' sent to object: 'Object Repository/Generic/ORG'

2017-11-17 00:02:06 - [MESSAGE][PASSED] - Delayed 5 second(s)

2017-11-17 00:02:06 - [MESSAGE][PASSED] - Text 'BOFA' is set on object 'Object Repository/Generic/ACC'

2017-11-17 00:02:06 - [MESSAGE][PASSED] - Keys 'TAB + ' sent to object: 'Object Repository/Generic/ACC'

2017-11-17 00:02:11 - [MESSAGE][PASSED] - Delayed 5 second(s)

2017-11-17 00:02:11 - [MESSAGE][PASSED] - Text 'AUTOTEST1' is set on object 'Object Repository/Generic/ENG_DESC'

2017-11-17 00:02:16 - [MESSAGE][PASSED] - Delayed 5 second(s)

2017-11-17 00:02:16 - [MESSAGE][PASSED] - Scroll to object 'Object Repository/Generic/SUBMIT' successfully

2017-11-17 00:02:16 - [MESSAGE][PASSED] - Object: 'Object Repository/Generic/SUBMIT' is clicked on

2017-11-17 00:02:16 - [MESSAGE][PASSED] - Wait for page load successfully

2017-11-17 00:02:21 - [MESSAGE][PASSED] - Delayed 5 second(s)

2017-11-17 00:02:23 - [MESSAGE][PASSED] - Text 'CO-123' is set on object 'Object Repository/EngInfo/COID'

2017-11-17 00:02:23 - [MESSAGE][PASSED] - Wait for page load successfully

2017-11-17 00:02:28 - [MESSAGE][PASSED] - Delayed 5 second(s)

2017-11-17 00:02:28 - [MESSAGE][PASSED] - Keys 'Jeff Henderson ' sent to object: 'Object Repository/EngInfo/PL'

2017-11-17 00:02:33 - [MESSAGE][PASSED] - Delayed 5 second(s)

2017-11-17 00:02:33 - [MESSAGE][PASSED] - Keys 'Robert Higgins' sent to object: 'Object Repository/EngInfo/PLTL'

2017-11-17 00:02:38 - [MESSAGE][PASSED] - Delayed 5 second(s)

2017-11-17 00:02:38 - [MESSAGE][PASSED] - Keys 'Eric Panepinto' sent to object: 'Object Repository/EngInfo/RL'

2017-11-17 00:02:43 - [MESSAGE][PASSED] - Delayed 5 second(s)

2017-11-17 00:02:43 - [MESSAGE][PASSED] - Keys 'Robert Lang' sent to object: 'Object Repository/EngInfo/RD'

2017-11-17 00:02:48 - [MESSAGE][PASSED] - Delayed 5 second(s)

2017-11-17 00:02:53 - [MESSAGE][PASSED] - Delayed 5 second(s)

2017-11-17 00:02:54 - [MESSAGE][PASSED] - Object: 'Object Repository/Generic/MorethanOneRLS' is clicked on

2017-11-17 00:02:59 - [MESSAGE][PASSED] - Delayed 5 second(s)

2017-11-17 00:02:59 - [MESSAGE][PASSED] - Object: 'Object Repository/Generic/RapidDelivery' is clicked on

2017-11-17 00:03:04 - [MESSAGE][PASSED] - Delayed 5 second(s)

2017-11-17 00:03:04 - [MESSAGE][PASSED] - Object: 'Object Repository/Generic/methodology' is clicked on

2017-11-17 00:03:09 - [MESSAGE][PASSED] - Delayed 5 second(s)

2017-11-17 00:03:09 - [MESSAGE][PASSED] - Text '85000' is set on object 'Object Repository/ECR/Licence'

2017-11-17 00:03:14 - [MESSAGE][PASSED] - Delayed 5 second(s)

2017-11-17 00:03:15 - [MESSAGE][PASSED] - Keys 'AMPchroma' sent to object: 'Object Repository/Generic/PlatformID'

2017-11-17 00:03:20 - [MESSAGE][PASSED] - Delayed 5 second(s)

2017-11-17 00:03:20 - [MESSAGE][PASSED] - Keys 'N/A' sent to object: 'Object Repository/Generic/PlatformVersion'

2017-11-17 00:03:25 - [MESSAGE][PASSED] - Delayed 5 second(s)

2017-11-17 00:03:25 - [MESSAGE][PASSED] - Object: 'Object Repository/Generic/PlatformTrue' is clicked on

2017-11-17 00:03:25 - [MESSAGE][PASSED] - Scroll to object 'Object Repository/NEXT_BUTTON' successfully

2017-11-17 00:03:25 - [MESSAGE][PASSED] - Object: 'Object Repository/NEXT_BUTTON' is clicked on

2017-11-17 00:03:30 - [MESSAGE][PASSED] - Delayed 5 second(s)

2017-11-17 00:03:30 - [MESSAGE][PASSED] - Text '12/6/2017 11:27 AM' is set on object 'Object Repository/EngInfo/MeetingDate'

2017-11-17 00:03:35 - [MESSAGE][PASSED] - Delayed 5 second(s)

2017-11-17 00:03:36 - [MESSAGE][PASSED] - Text 'TEsting' is set on object 'Object Repository/EngInfo/instruction'

2017-11-17 00:03:41 - [MESSAGE][PASSED] - Delayed 5 second(s)

2017-11-17 00:03:41 - [MESSAGE][PASSED] - Text '' is set on object 'Object Repository/EngInfo/AE'

2017-11-17 00:03:46 - [MESSAGE][PASSED] - Delayed 5 second(s)

2017-11-17 00:03:46 - [MESSAGE][PASSED] - Text 'Nagaveni Nipinale' is set on object 'Object Repository/EngInfo/AE'

2017-11-17 00:03:46 - [MESSAGE][PASSED] - Object: 'Object Repository/EngInfo/isCloudInitiativeYes' is clicked on

2017-11-17 00:03:51 - [MESSAGE][PASSED] - Delayed 5 second(s)

2017-11-17 00:03:51 - [MESSAGE][PASSED] - Object: 'Object Repository/EngInfo/IsPegaMarketingYes' is clicked on

2017-11-17 00:03:56 - [MESSAGE][PASSED] - Delayed 5 second(s)

2017-11-17 00:03:57 - [MESSAGE][PASSED] - Object: 'Object Repository/EngInfo/IsPegaMobileYes' is clicked on

2017-11-17 00:04:02 - [MESSAGE][PASSED] - Delayed 5 second(s)

2017-11-17 00:04:07 - [MESSAGE][PASSED] - Delayed 5 second(s)

2017-11-17 00:04:12 - [MESSAGE][PASSED] - Delayed 5 second(s)

2017-11-17 00:04:12 - [MESSAGE][PASSED] - Scroll to object 'Object Repository/NEXT_BUTTON' successfully

2017-11-17 00:04:12 - [MESSAGE][PASSED] - Object: 'Object Repository/NEXT_BUTTON' is clicked on

2017-11-17 00:04:17 - [MESSAGE][PASSED] - Delayed 5 second(s)

2017-11-17 00:04:17 - [MESSAGE][PASSED] - Scroll to object 'Object Repository/NEXT_BUTTON' successfully

2017-11-17 00:04:17 - [MESSAGE][PASSED] - Object: 'Object Repository/NEXT_BUTTON' is clicked on

2017-11-17 00:04:22 - [MESSAGE][PASSED] - Delayed 5 second(s)

2017-11-17 00:04:22 - [MESSAGE][PASSED] - Scroll to object 'Object Repository/Generic/FINISH_BUTTON' successfully

2017-11-17 00:04:22 - [MESSAGE][PASSED] - Object: 'Object Repository/Generic/FINISH_BUTTON' is clicked on

2017-11-17 00:04:27 - [MESSAGE][PASSED] - Delayed 5 second(s)

2017-11-17 00:04:28 - [MESSAGE][PASSED] - Object: 'Object Repository/EngInfo/Continue' is clicked on

2017-11-17 00:04:33 - [MESSAGE][PASSED] - Delayed 5 second(s)

2017-11-17 00:04:38 - [MESSAGE][PASSED] - Delayed 5 second(s)

2017-11-17 00:04:39 - [MESSAGE][PASSED] - Object: 'Object Repository/Approve-Reject/attachdoc' is clicked on

2017-11-17 00:04:44 - [MESSAGE][PASSED] - Delayed 5 second(s)

2017-11-17 00:04:44 - [MESSAGE][PASSED] - Keys 'testing' sent to object: 'Object Repository/ECR_MEETING/BSW_TEXT'

2017-11-17 00:04:49 - [MESSAGE][PASSED] - Delayed 5 second(s)

2017-11-17 00:04:49 - [MESSAGE][PASSED] - Keys 'testing' sent to object: 'Object Repository/ECR_MEETING/ESTIMATE_TEXT'

2017-11-17 00:04:54 - [MESSAGE][PASSED] - Delayed 5 second(s)

2017-11-17 00:04:54 - [MESSAGE][PASSED] - Keys 'testing' sent to object: 'Object Repository/ECR_MEETING/OTHER_TEXT'

2017-11-17 00:04:59 - [MESSAGE][PASSED] - Delayed 5 second(s)

2017-11-17 00:05:00 - [MESSAGE][PASSED] - Keys 'testing' sent to object: 'Object Repository/ECR_MEETING/PRIAGE_TEXT'

2017-11-17 00:05:05 - [MESSAGE][PASSED] - Delayed 5 second(s)

2017-11-17 00:05:05 - [MESSAGE][PASSED] - Keys 'testing' sent to object: 'Object Repository/ECR_MEETING/SIZING_TEXT'

2017-11-17 00:05:10 - [MESSAGE][PASSED] - Delayed 5 second(s)

2017-11-17 00:05:10 - [MESSAGE][PASSED] - Keys 'testing' sent to object: 'Object Repository/Approve-Reject/APPROVE_REJECT_NOTES'

2017-11-17 00:05:15 - [MESSAGE][PASSED] - Delayed 5 second(s)

2017-11-17 00:05:15 - [MESSAGE][WARNING] - Timeout '0' is invalid. Using default page load timeout: '30'

2017-11-17 00:05:15 - [MESSAGE][PASSED] - Scroll to object 'Object Repository/Generic/SUBMIT' successfully

2017-11-17 00:05:15 - [MESSAGE][PASSED] - Object: 'Object Repository/Generic/SUBMIT' is clicked on

2017-11-17 00:05:20 - [MESSAGE][PASSED] - Delayed 5 second(s)

2017-11-17 00:05:20 - [MESSAGE][PASSED] - Text of object 'Object Repository/WO' is: 'ECR-17Nov2017-1'

2017-11-17 00:05:20 - [MESSAGE][PASSED] - Text of object 'Object Repository/ECR/WOSTATUS' is: 'Pending-RDApproval'

2017-11-17 00:05:20 - [MESSAGE][PASSED] - com.helper.commonfunct.utilities.ECRMeeting is PASSED

2017-11-17 00:05:20 - [MESSAGE][PASSED] - Call Test Case 'Test Cases/ECR/REF/ECR_Meeting_ExpertService' successfully

2017-11-17 00:05:20 - [TEST_STEP][FAILED] - callTestCase: Unable to call Test Case with id 'Test Cases/ECR/REF/ECR_Approval_Reject' (Root cause: Call Test Case 'Test Cases/ECR/REF/ECR_Approval_Reject' failed)

2017-11-17 00:05:20 - [TEST_CASE][FAILED] - Test Cases/ECR/REF/ECR_Approval_Reject: Test Cases/ECR/REF/ECR_Approval_Reject FAILED because (of) Unable to scroll to object 'Object Repository/Generic/FINISH_BUTTON' (Root cause: com.kms.katalon.core.webui.exception.WebElementNotFoundException: Web element with id: 'Object Repository/Generic/FINISH_BUTTON' located by 'By.xpath: //button[contains(.,'Finish')]' not found)

2017-11-17 00:05:21 - [TEST_STEP][FAILED] - Statement - While (WOSTATUS.contains("Pending")): Unable to scroll to object 'Object Repository/Generic/FINISH_BUTTON' (Root cause: com.kms.katalon.core.webui.exception.WebElementNotFoundException: Web element with id: 'Object Repository/Generic/FINISH_BUTTON' located by 'By.xpath: //button[contains(.,'Finish')]' not found)

2017-11-17 00:05:21 - [TEST_STEP][PASSED] - Statement - For ([j = 0, j < AssignmentList.size(), (j++)]): com.helper.commonfunct.utilities.WOstatus is PASSED

2017-11-17 00:05:21 - [TEST_STEP][PASSED] - Statement - Status = text: null

2017-11-17 00:05:21 - [TEST_STEP][PASSED] - Statement - println(Status): null

2017-11-17 00:05:21 - [TEST_STEP][PASSED] - Statement - If (Status == "Pending-RDApproval"): com.helper.commonfunct.utilities.WOstatus is PASSED

2017-11-17 00:05:21 - [TEST_STEP][PASSED] - Statement - If (RDReject == false): com.helper.commonfunct.utilities.WOstatus is PASSED

2017-11-17 00:05:21 - [TEST_STEP][PASSED] - Statement - If (Meeting == true): com.helper.commonfunct.utilities.WOstatus is PASSED

2017-11-17 00:05:21 - [TEST_STEP][PASSED] - com.helper.commonfunct.utilities.login: com.helper.commonfunct.utilities.login is PASSED

2017-11-17 00:05:21 - [MESSAGE][WARNING] - A browser is already opened. Closing browser and opening a new one

2017-11-17 00:05:23 - [MESSAGE][PASSED] - Browser is opened with url: ''

2017-11-17 00:05:29 - [MESSAGE][PASSED] - Navigate to 'https://vtcpqa2.rpega.com:9030/tcpqa/PRServlet' successfully

2017-11-17 00:05:29 - [MESSAGE][PASSED] - Text 'langr1@pegasystems.com' is set on object 'Object Repository/input_UserIdentifier'

2017-11-17 00:05:29 - [MESSAGE][PASSED] - Text 'install' is set on object 'Object Repository/input_Password'

2017-11-17 00:05:46 - [MESSAGE][PASSED] - Keys 'ENTER + ' sent to object: 'Object Repository/input_Password'

2017-11-17 00:05:46 - [MESSAGE][PASSED] - com.helper.commonfunct.utilities.login is PASSED

2017-11-17 00:05:46 - [TEST_STEP][PASSED] - com.helper.commonfunct.utilities.search: com.helper.commonfunct.utilities.search is PASSED

2017-11-17 00:05:48 - [MESSAGE][PASSED] - Current window maximized

2017-11-17 00:05:53 - [MESSAGE][PASSED] - Delayed 5 second(s)

2017-11-17 00:05:53 - [MESSAGE][PASSED] - Text 'ECR-17Nov2017-1' is set on object 'Object Repository/EngInfo/search'

2017-11-17 00:05:58 - [MESSAGE][PASSED] - Delayed 5 second(s)

2017-11-17 00:05:58 - [MESSAGE][PASSED] - Keys 'ENTER + ' sent to object: 'Object Repository/EngInfo/search'

2017-11-17 00:06:03 - [MESSAGE][PASSED] - Delayed 5 second(s)

2017-11-17 00:06:03 - [MESSAGE][PASSED] - com.helper.commonfunct.utilities.search is PASSED

2017-11-17 00:06:03 - [TEST_STEP][PASSED] - com.helper.commonfunct.utilities.routeToRL: com.helper.commonfunct.utilities.routeToRL is PASSED

2017-11-17 00:06:08 - [MESSAGE][PASSED] - Delayed 5 second(s)

2017-11-17 00:06:08 - [MESSAGE][WARNING] - Timeout '0' is invalid. Using default page load timeout: '30'

2017-11-17 00:06:13 - [MESSAGE][PASSED] - Delayed 5 second(s)

2017-11-17 00:06:16 - [MESSAGE][PASSED] - Object: 'Object Repository/Approve-Reject/link_assignment' is clicked on

2017-11-17 00:06:21 - [MESSAGE][PASSED] - Delayed 5 second(s)

2017-11-17 00:06:21 - [MESSAGE][WARNING] - Timeout '0' is invalid. Using default page load timeout: '30'

2017-11-17 00:06:21 - [MESSAGE][PASSED] - Scroll to object 'Object Repository/Approve-Reject/APPROVE_BUTTON' successfully

2017-11-17 00:06:21 - [MESSAGE][PASSED] - Object: 'Object Repository/Approve-Reject/APPROVE_BUTTON' is clicked on

2017-11-17 00:06:26 - [MESSAGE][PASSED] - Delayed 5 second(s)

2017-11-17 00:06:27 - [MESSAGE][PASSED] - Keys 'testing' sent to object: 'Object Repository/Approve-Reject/APPROVE_REJECT_NOTES'

2017-11-17 00:06:32 - [MESSAGE][PASSED] - Delayed 5 second(s)

2017-11-17 00:06:32 - [MESSAGE][WARNING] - Timeout '0' is invalid. Using default page load timeout: '30'

2017-11-17 00:06:32 - [MESSAGE][PASSED] - Scroll to object 'Object Repository/Generic/SUBMIT' successfully

2017-11-17 00:06:32 - [MESSAGE][PASSED] - Object: 'Object Repository/Generic/SUBMIT' is clicked on

2017-11-17 00:06:37 - [MESSAGE][PASSED] - Delayed 5 second(s)

2017-11-17 00:06:37 - [MESSAGE][PASSED] - com.helper.commonfunct.utilities.routeToRL is PASSED

2017-11-17 00:06:37 - [TEST_STEP][PASSED] - Statement - print(Status): null

2017-11-17 00:06:37 - [TEST_STEP][PASSED] - com.helper.commonfunct.utilities.WOstatus: com.helper.commonfunct.utilities.WOstatus is PASSED

2017-11-17 00:06:40 - [MESSAGE][PASSED] - Text of object 'Object Repository/ECR/WOSTATUS' is: 'Pending-Approval'

2017-11-17 00:06:40 - [MESSAGE][PASSED] - com.helper.commonfunct.utilities.WOstatus is PASSED

2017-11-17 00:06:40 - [TEST_STEP][PASSED] - Statement - Status = text: null

2017-11-17 00:06:40 - [TEST_STEP][PASSED] - Statement - println(Status): null

2017-11-17 00:06:40 - [TEST_STEP][PASSED] - Statement - If (Status == "Pending-RDApproval"): null

2017-11-17 00:06:40 - [TEST_STEP][PASSED] - Statement - Else If (Status == "Pending-RLApproval"): null

2017-11-17 00:06:40 - [TEST_STEP][PASSED] - Statement - Else If (Status == "Pending-RDDApproval"): null

2017-11-17 00:06:40 - [TEST_STEP][PASSED] - Statement - Else If (Status == "Pending-OPSApproval"): null

2017-11-17 00:06:40 - [TEST_STEP][PASSED] - Statement - Else If (Status == "Pending-ExpSvcApproval"): null

2017-11-17 00:06:40 - [TEST_STEP][PASSED] - Statement - Else If (Status == "Pending-DocUpdate"): null

2017-11-17 00:06:40 - [TEST_STEP][PASSED] - Statement - Else If (Status == "Pending-Contract"): null

2017-11-17 00:06:40 - [TEST_STEP][PASSED] - Statement - Else If (Status == "Pending-MeetingSchedule"): com.helper.commonfunct.utilities.WOstatus is PASSED

2017-11-17 00:06:40 - [TEST_STEP][PASSED] - com.helper.commonfunct.utilities.login: com.helper.commonfunct.utilities.login is PASSED

2017-11-17 00:06:40 - [MESSAGE][WARNING] - A browser is already opened. Closing browser and opening a new one

2017-11-17 00:06:43 - [MESSAGE][PASSED] - Browser is opened with url: ''

2017-11-17 00:06:48 - [MESSAGE][PASSED] - Navigate to 'https://vtcpqa2.rpega.com:9030/tcpqa/PRServlet' successfully

2017-11-17 00:06:49 - [MESSAGE][PASSED] - Text 'diazz@pegasystems.com' is set on object 'Object Repository/input_UserIdentifier'

2017-11-17 00:06:49 - [MESSAGE][PASSED] - Text 'install' is set on object 'Object Repository/input_Password'

2017-11-17 00:07:12 - [MESSAGE][PASSED] - Keys 'ENTER + ' sent to object: 'Object Repository/input_Password'

2017-11-17 00:07:12 - [MESSAGE][PASSED] - com.helper.commonfunct.utilities.login is PASSED

2017-11-17 00:07:12 - [TEST_STEP][PASSED] - com.helper.commonfunct.utilities.search: com.helper.commonfunct.utilities.search is PASSED

2017-11-17 00:07:13 - [MESSAGE][PASSED] - Current window maximized

2017-11-17 00:07:18 - [MESSAGE][PASSED] - Delayed 5 second(s)

2017-11-17 00:07:19 - [MESSAGE][PASSED] - Text 'ECR-17Nov2017-1' is set on object 'Object Repository/EngInfo/search'

2017-11-17 00:07:24 - [MESSAGE][PASSED] - Delayed 5 second(s)

2017-11-17 00:07:24 - [MESSAGE][PASSED] - Keys 'ENTER + ' sent to object: 'Object Repository/EngInfo/search'

2017-11-17 00:07:29 - [MESSAGE][PASSED] - Delayed 5 second(s)

2017-11-17 00:07:29 - [MESSAGE][PASSED] - com.helper.commonfunct.utilities.search is PASSED

2017-11-17 00:07:29 - [TEST_STEP][PASSED] - maximizeWindow: Current window maximized

2017-11-17 00:07:29 - [MESSAGE][PASSED] - Current window maximized

2017-11-17 00:07:29 - [TEST_STEP][PASSED] - com.helper.commonfunct.commonutilities.scheduleMeeting: com.helper.commonfunct.commonutilities.scheduleMeeting is PASSED

2017-11-17 00:07:34 - [MESSAGE][PASSED] - Delayed 5 second(s)

2017-11-17 00:07:34 - [MESSAGE][WARNING] - Timeout '0' is invalid. Using default page load timeout: '30'

2017-11-17 00:07:39 - [MESSAGE][PASSED] - Delayed 5 second(s)

2017-11-17 00:07:51 - [MESSAGE][PASSED] - Object: 'Object Repository/ECR_MEETING/meetinglink' is clicked on

2017-11-17 00:07:56 - [MESSAGE][PASSED] - Delayed 5 second(s)

2017-11-17 00:07:56 - [MESSAGE][PASSED] - Text 'Testing' is set on object 'Object Repository/ECR_MEETING/location'

2017-11-17 00:08:01 - [MESSAGE][PASSED] - Delayed 5 second(s)

2017-11-17 00:08:01 - [MESSAGE][WARNING] - Timeout '0' is invalid. Using default page load timeout: '30'

2017-11-17 00:08:01 - [MESSAGE][PASSED] - Scroll to object 'Object Repository/Generic/SUBMIT' successfully

2017-11-17 00:08:01 - [MESSAGE][PASSED] - Object: 'Object Repository/Generic/SUBMIT' is clicked on

2017-11-17 00:08:06 - [MESSAGE][PASSED] - Delayed 5 second(s)

2017-11-17 00:08:12 - [MESSAGE][PASSED] - Text 'This proposal clinic meeting has been scheduled. You may request to reschedule the meeting by using the Actions' is present on page 

2017-11-17 00:08:12 - [MESSAGE][PASSED] - com.helper.commonfunct.commonutilities.scheduleMeeting is PASSED

2017-11-17 00:08:12 - [TEST_STEP][PASSED] - waitForPageLoad: Wait for page load successfully

2017-11-17 00:08:12 - [MESSAGE][PASSED] - Wait for page load successfully

2017-11-17 00:08:12 - [TEST_STEP][PASSED] - com.helper.commonfunct.utilities.WOstatus: com.helper.commonfunct.utilities.WOstatus is PASSED

2017-11-17 00:08:12 - [MESSAGE][PASSED] - Text of object 'Object Repository/ECR/WOSTATUS' is: 'Pending-Approval'

2017-11-17 00:08:12 - [MESSAGE][PASSED] - com.helper.commonfunct.utilities.WOstatus is PASSED

2017-11-17 00:08:12 - [TEST_STEP][PASSED] - Statement - Status = text: null

2017-11-17 00:08:12 - [TEST_STEP][PASSED] - Statement - println(Status): null

2017-11-17 00:08:12 - [TEST_STEP][PASSED] - Statement - If (Status == "Pending-RDApproval"): null

2017-11-17 00:08:12 - [TEST_STEP][PASSED] - Statement - Else If (Status == "Pending-RLApproval"): null

2017-11-17 00:08:12 - [TEST_STEP][PASSED] - Statement - Else If (Status == "Pending-RDDApproval"): null

2017-11-17 00:08:12 - [TEST_STEP][PASSED] - Statement - Else If (Status == "Pending-OPSApproval"): null

2017-11-17 00:08:12 - [TEST_STEP][PASSED] - Statement - Else If (Status == "Pending-ExpSvcApproval"): com.helper.commonfunct.utilities.WOstatus is PASSED

2017-11-17 00:08:12 - [TEST_STEP][PASSED] - Statement - If (EXP_SVC_Reject == false): null

2017-11-17 00:08:12 - [TEST_STEP][PASSED] - Statement - Else: com.helper.commonfunct.utilities.WOstatus is PASSED

2017-11-17 00:08:12 - [TEST_STEP][PASSED] - com.helper.commonfunct.utilities.login: com.helper.commonfunct.utilities.login is PASSED

2017-11-17 00:08:12 - [MESSAGE][WARNING] - A browser is already opened. Closing browser and opening a new one

2017-11-17 00:08:15 - [MESSAGE][PASSED] - Browser is opened with url: ''

2017-11-17 00:08:20 - [MESSAGE][PASSED] - Navigate to 'https://vtcpqa2.rpega.com:9030/tcpqa/PRServlet' successfully

2017-11-17 00:08:20 - [MESSAGE][PASSED] - Text 'sachb@pegasystems.com' is set on object 'Object Repository/input_UserIdentifier'

2017-11-17 00:08:20 - [MESSAGE][PASSED] - Text 'install' is set on object 'Object Repository/input_Password'

2017-11-17 00:08:36 - [MESSAGE][PASSED] - Keys 'ENTER + ' sent to object: 'Object Repository/input_Password'

2017-11-17 00:08:36 - [MESSAGE][PASSED] - com.helper.commonfunct.utilities.login is PASSED

2017-11-17 00:08:36 - [TEST_STEP][PASSED] - com.helper.commonfunct.utilities.search: com.helper.commonfunct.utilities.search is PASSED

2017-11-17 00:08:37 - [MESSAGE][PASSED] - Current window maximized

2017-11-17 00:08:42 - [MESSAGE][PASSED] - Delayed 5 second(s)

2017-11-17 00:08:43 - [MESSAGE][PASSED] - Text 'ECR-17Nov2017-1' is set on object 'Object Repository/EngInfo/search'

2017-11-17 00:08:48 - [MESSAGE][PASSED] - Delayed 5 second(s)

2017-11-17 00:08:48 - [MESSAGE][PASSED] - Keys 'ENTER + ' sent to object: 'Object Repository/EngInfo/search'

2017-11-17 00:08:53 - [MESSAGE][PASSED] - Delayed 5 second(s)

2017-11-17 00:08:53 - [MESSAGE][PASSED] - com.helper.commonfunct.utilities.search is PASSED

2017-11-17 00:08:53 - [TEST_STEP][PASSED] - com.helper.commonfunct.utilities.reject: com.helper.commonfunct.utilities.reject is PASSED

2017-11-17 00:08:58 - [MESSAGE][PASSED] - Delayed 5 second(s)

2017-11-17 00:08:58 - [MESSAGE][WARNING] - Timeout '0' is invalid. Using default page load timeout: '30'

2017-11-17 00:09:01 - [MESSAGE][PASSED] - Object: 'Object Repository/Approve-Reject/link_assignment' is clicked on

2017-11-17 00:09:06 - [MESSAGE][PASSED] - Delayed 5 second(s)

2017-11-17 00:09:06 - [MESSAGE][WARNING] - Timeout '0' is invalid. Using default page load timeout: '30'

2017-11-17 00:09:06 - [MESSAGE][PASSED] - Scroll to object 'Object Repository/Approve-Reject/ReturnToRequestor' successfully

2017-11-17 00:09:07 - [MESSAGE][PASSED] - Object: 'Object Repository/Approve-Reject/ReturnToRequestor' is clicked on

2017-11-17 00:09:12 - [MESSAGE][PASSED] - Delayed 5 second(s)

2017-11-17 00:09:12 - [MESSAGE][PASSED] - Keys 'testing' sent to object: 'Object Repository/Approve-Reject/APPROVE_REJECT_NOTES'

2017-11-17 00:09:17 - [MESSAGE][PASSED] - Delayed 5 second(s)

2017-11-17 00:09:17 - [MESSAGE][WARNING] - Timeout '0' is invalid. Using default page load timeout: '30'

2017-11-17 00:09:17 - [MESSAGE][PASSED] - Scroll to object 'Object Repository/Generic/SUBMIT' successfully

2017-11-17 00:09:17 - [MESSAGE][PASSED] - Object: 'Object Repository/Generic/SUBMIT' is clicked on

2017-11-17 00:09:22 - [MESSAGE][PASSED] - Delayed 5 second(s)

2017-11-17 00:09:22 - [MESSAGE][PASSED] - com.helper.commonfunct.utilities.reject is PASSED

2017-11-17 00:09:22 - [TEST_STEP][PASSED] - Statement - EXP_SVC_Reject = false: null

2017-11-17 00:09:22 - [TEST_STEP][PASSED] - com.helper.commonfunct.utilities.WOstatus: com.helper.commonfunct.utilities.WOstatus is PASSED

2017-11-17 00:09:22 - [MESSAGE][PASSED] - Text of object 'Object Repository/ECR/WOSTATUS' is: 'Pending-DocUpdate'

2017-11-17 00:09:22 - [MESSAGE][PASSED] - com.helper.commonfunct.utilities.WOstatus is PASSED

2017-11-17 00:09:22 - [TEST_STEP][FAILED] - Statement - For ([j = 0, j < AssignmentList.size(), (j++)]): Unable to scroll to object 'Object Repository/Generic/FINISH_BUTTON' (Root cause: com.kms.katalon.core.webui.exception.WebElementNotFoundException: Web element with id: 'Object Repository/Generic/FINISH_BUTTON' located by 'By.xpath: //button[contains(.,'Finish')]' not found)

2017-11-17 00:09:22 - [TEST_STEP][PASSED] - Statement - Status = text: null

2017-11-17 00:09:22 - [TEST_STEP][PASSED] - Statement - println(Status): null

2017-11-17 00:09:22 - [TEST_STEP][PASSED] - Statement - If (Status == "Pending-RDApproval"): null

2017-11-17 00:09:22 - [TEST_STEP][PASSED] - Statement - Else If (Status == "Pending-RLApproval"): null

2017-11-17 00:09:22 - [TEST_STEP][PASSED] - Statement - Else If (Status == "Pending-RDDApproval"): null

2017-11-17 00:09:22 - [TEST_STEP][PASSED] - Statement - Else If (Status == "Pending-OPSApproval"): null

2017-11-17 00:09:22 - [TEST_STEP][PASSED] - Statement - Else If (Status == "Pending-ExpSvcApproval"): null

2017-11-17 00:09:22 - [TEST_STEP][FAILED] - Statement - Else If (Status == "Pending-DocUpdate"): Unable to scroll to object 'Object Repository/Generic/FINISH_BUTTON' (Root cause: com.kms.katalon.core.webui.exception.WebElementNotFoundException: Web element with id: 'Object Repository/Generic/FINISH_BUTTON' located by 'By.xpath: //button[contains(.,'Finish')]' not found)

2017-11-17 00:09:22 - [TEST_STEP][PASSED] - Statement - If (Meeting == false): null

2017-11-17 00:09:22 - [TEST_STEP][FAILED] - Statement - Else: Unable to scroll to object 'Object Repository/Generic/FINISH_BUTTON' (Root cause: com.kms.katalon.core.webui.exception.WebElementNotFoundException: Web element with id: 'Object Repository/Generic/FINISH_BUTTON' located by 'By.xpath: //button[contains(.,'Finish')]' not found)

2017-11-17 00:09:22 - [TEST_STEP][PASSED] - com.helper.commonfunct.utilities.login: com.helper.commonfunct.utilities.login is PASSED

2017-11-17 00:09:22 - [MESSAGE][WARNING] - A browser is already opened. Closing browser and opening a new one

2017-11-17 00:09:25 - [MESSAGE][PASSED] - Browser is opened with url: ''

2017-11-17 00:09:30 - [MESSAGE][PASSED] - Navigate to 'https://vtcpqa2.rpega.com:9030/tcpqa/PRServlet' successfully

2017-11-17 00:09:30 - [MESSAGE][PASSED] - Text 'pogoa@pegasystems.com' is set on object 'Object Repository/input_UserIdentifier'

2017-11-17 00:09:31 - [MESSAGE][PASSED] - Text 'install' is set on object 'Object Repository/input_Password'

2017-11-17 00:09:44 - [MESSAGE][PASSED] - Keys 'ENTER + ' sent to object: 'Object Repository/input_Password'

2017-11-17 00:09:44 - [MESSAGE][PASSED] - com.helper.commonfunct.utilities.login is PASSED

2017-11-17 00:09:44 - [TEST_STEP][PASSED] - com.helper.commonfunct.utilities.search: com.helper.commonfunct.utilities.search is PASSED

2017-11-17 00:09:46 - [MESSAGE][PASSED] - Current window maximized

2017-11-17 00:09:51 - [MESSAGE][PASSED] - Delayed 5 second(s)

2017-11-17 00:09:51 - [MESSAGE][PASSED] - Text 'ECR-17Nov2017-1' is set on object 'Object Repository/EngInfo/search'

2017-11-17 00:09:56 - [MESSAGE][PASSED] - Delayed 5 second(s)

2017-11-17 00:09:56 - [MESSAGE][PASSED] - Keys 'ENTER + ' sent to object: 'Object Repository/EngInfo/search'

2017-11-17 00:10:01 - [MESSAGE][PASSED] - Delayed 5 second(s)

2017-11-17 00:10:01 - [MESSAGE][PASSED] - com.helper.commonfunct.utilities.search is PASSED

2017-11-17 00:10:01 - [TEST_STEP][PASSED] - maximizeWindow: Current window maximized

2017-11-17 00:10:01 - [MESSAGE][PASSED] - Current window maximized

2017-11-17 00:10:01 - [TEST_STEP][FAILED] - com.helper.commonfunct.utilities.docUpdateMeeting: Unable to scroll to object 'Object Repository/Generic/FINISH_BUTTON' (Root cause: com.kms.katalon.core.webui.exception.WebElementNotFoundException: Web element with id: 'Object Repository/Generic/FINISH_BUTTON' located by 'By.xpath: //button[contains(.,'Finish')]' not found)

2017-11-17 00:10:01 - [MESSAGE][WARNING] - Timeout '0' is invalid. Using default page load timeout: '30'

2017-11-17 00:10:08 - [MESSAGE][PASSED] - Delayed 5 second(s)

2017-11-17 00:10:11 - [MESSAGE][PASSED] - Object: 'Object Repository/Approve-Reject/linktoupdateEngData' is clicked on

2017-11-17 00:10:11 - [MESSAGE][WARNING] - Timeout '0' is invalid. Using default page load timeout: '30'

2017-11-17 00:10:11 - [MESSAGE][PASSED] - Scroll to object 'Object Repository/NEXT_BUTTON' successfully

2017-11-17 00:10:11 - [MESSAGE][PASSED] - Object: 'Object Repository/NEXT_BUTTON' is clicked on

2017-11-17 00:10:16 - [MESSAGE][PASSED] - Delayed 5 second(s)

2017-11-17 00:10:16 - [MESSAGE][WARNING] - Timeout '0' is invalid. Using default page load timeout: '30'

2017-11-17 00:10:16 - [MESSAGE][PASSED] - Scroll to object 'Object Repository/NEXT_BUTTON' successfully

2017-11-17 00:10:16 - [MESSAGE][PASSED] - Object: 'Object Repository/NEXT_BUTTON' is clicked on

2017-11-17 00:10:21 - [MESSAGE][PASSED] - Delayed 5 second(s)

2017-11-17 00:10:21 - [MESSAGE][WARNING] - Timeout '0' is invalid. Using default page load timeout: '30'

2017-11-17 00:10:53 - [MESSAGE][FAILED] - Unable to scroll to object 'Object Repository/Generic/FINISH_BUTTON' (Root cause: com.kms.katalon.core.webui.exception.WebElementNotFoundException: Web element with id: 'Object Repository/Generic/FINISH_BUTTON' located by 'By.xpath: //button[contains(.,'Finish')]' not found)
[[ATTACHMENT|C:\\Users\\nipin\\Katalon Studio\\COE\\Reports\\ECR_Approval_Reject_Recall\\20171116_233106\\1510895452973.png]]

2017-11-17 00:10:53 - [MESSAGE][FAILED] - Unable to scroll to object 'Object Repository/Generic/FINISH_BUTTON' (Root cause: com.kms.katalon.core.webui.exception.WebElementNotFoundException: Web element with id: 'Object Repository/Generic/FINISH_BUTTON' located by 'By.xpath: //button[contains(.,'Finish')]' not found)

2017-11-17 00:10:53 - [MESSAGE][FAILED] - Unable to call Test Case with id 'Test Cases/ECR/REF/ECR_Approval_Reject' (Root cause: Call Test Case 'Test Cases/ECR/REF/ECR_Approval_Reject' failed)]]></system-out>
         <system-err><![CDATA[2017-11-17 00:00:54 - [TEST_CASE][FAILED] - Test Cases/ECR/TC_ECR_Meeting_ExpertService_AllApproval: Test Cases/ECR/TC_ECR_Meeting_ExpertService_AllApproval FAILED because (of) Unable to scroll to object 'Object Repository/Generic/FINISH_BUTTON' (Root cause: com.kms.katalon.core.webui.exception.WebElementNotFoundException: Web element with id: 'Object Repository/Generic/FINISH_BUTTON' located by 'By.xpath: //button[contains(.,'Finish')]' not found)]]></system-err>
      </testcase>
      <testcase name="Test Cases/ECR/TC_ECR_Meeting_NoExpertService_AllApproval" classname="Test Cases/ECR/TC_ECR_Meeting_NoExpertService_AllApproval" status="ERROR">
         <error type="ERROR" message="Test Cases/ECR/TC_ECR_Meeting_NoExpertService_AllApproval FAILED because (of) org.codehaus.groovy.runtime.metaclass.MissingMethodExceptionNoStack: No signature of method: com.helper.commonfunct.utilities.pendingClinic() is applicable for argument types: () values: []"/>
         <system-out><![CDATA[2017-11-17 00:10:53 - [TEST_CASE][ERROR] - Test Cases/ECR/TC_ECR_Meeting_NoExpertService_AllApproval: Test Cases/ECR/TC_ECR_Meeting_NoExpertService_AllApproval FAILED because (of) org.codehaus.groovy.runtime.metaclass.MissingMethodExceptionNoStack: No signature of method: com.helper.commonfunct.utilities.pendingClinic() is applicable for argument types: () values: []

2017-11-17 00:10:53 - [TEST_STEP][PASSED] - callTestCase: Call Test Case 'Test Cases/ECR/REF/ECR_Meeting_NoExpertService' successfully

2017-11-17 00:10:53 - [TEST_CASE][PASSED] - Test Cases/ECR/REF/ECR_Meeting_NoExpertService: Test Cases/ECR/REF/ECR_Meeting_NoExpertService

2017-11-17 00:10:53 - [TEST_STEP][PASSED] - com.helper.commonfunct.utilities.login: com.helper.commonfunct.utilities.login is PASSED

2017-11-17 00:10:53 - [MESSAGE][WARNING] - A browser is already opened. Closing browser and opening a new one

2017-11-17 00:10:56 - [MESSAGE][PASSED] - Browser is opened with url: ''

2017-11-17 00:11:01 - [MESSAGE][PASSED] - Navigate to 'https://vtcpqa2.rpega.com:9030/tcpqa/PRServlet' successfully

2017-11-17 00:11:02 - [MESSAGE][PASSED] - Text 'pogoa@pegasystems.com' is set on object 'Object Repository/input_UserIdentifier'

2017-11-17 00:11:02 - [MESSAGE][PASSED] - Text 'install' is set on object 'Object Repository/input_Password'

2017-11-17 00:11:13 - [MESSAGE][PASSED] - Keys 'ENTER + ' sent to object: 'Object Repository/input_Password'

2017-11-17 00:11:13 - [MESSAGE][PASSED] - com.helper.commonfunct.utilities.login is PASSED

2017-11-17 00:11:13 - [TEST_STEP][PASSED] - Statement - Meeting = true: null

2017-11-17 00:11:13 - [TEST_STEP][PASSED] - com.helper.commonfunct.utilities.ECRMeeting: com.helper.commonfunct.utilities.ECRMeeting is PASSED

2017-11-17 00:11:13 - [MESSAGE][PASSED] - Object: 'Object Repository/Generic/a_Actions' is clicked on

2017-11-17 00:11:16 - [MESSAGE][PASSED] - Object: 'Object Repository/span_New' is focused

2017-11-17 00:11:21 - [MESSAGE][PASSED] - Object: 'Object Repository/span_Bid Process' is clicked on

2017-11-17 00:11:22 - [MESSAGE][PASSED] - Object: 'Object Repository/ECR/BID_TYPE' is clicked on

2017-11-17 00:11:22 - [MESSAGE][PASSED] - Object 'Object Repository/button_Import' is present

2017-11-17 00:11:27 - [MESSAGE][PASSED] - Delayed 5 second(s)

2017-11-17 00:11:27 - [MESSAGE][PASSED] - Object: 'Object Repository/button_Import' is clicked on

2017-11-17 00:11:27 - [MESSAGE][PASSED] - File 'C:\Users\nipin\Desktop\Latest BSW\Final\ECR_WITH_MEETING.xlsm' sent to object: 'Object Repository/input_PpyWorkPageppyFilePath'

2017-11-17 00:11:32 - [MESSAGE][PASSED] - Delayed 5 second(s)

2017-11-17 00:11:32 - [MESSAGE][WARNING] - Timeout '0' is invalid. Using default page load timeout: '30'

2017-11-17 00:11:32 - [MESSAGE][PASSED] - Scroll to object 'Object Repository/button_Submit' successfully

2017-11-17 00:11:39 - [MESSAGE][PASSED] - Object: 'Object Repository/button_Submit' is clicked on

2017-11-17 00:11:39 - [MESSAGE][PASSED] - Object 'Object Repository/EngInfo/COID' is visible

2017-11-17 00:11:44 - [MESSAGE][PASSED] - Delayed 5 second(s)

2017-11-17 00:11:49 - [MESSAGE][PASSED] - Delayed 5 second(s)

2017-11-17 00:11:49 - [MESSAGE][PASSED] - Text 'BOFA' is set on object 'Object Repository/Generic/ORG'

2017-11-17 00:11:54 - [MESSAGE][PASSED] - Delayed 5 second(s)

2017-11-17 00:11:54 - [MESSAGE][PASSED] - Keys 'TAB + ' sent to object: 'Object Repository/Generic/ORG'

2017-11-17 00:11:59 - [MESSAGE][PASSED] - Delayed 5 second(s)

2017-11-17 00:12:00 - [MESSAGE][PASSED] - Text 'BOFA' is set on object 'Object Repository/Generic/ACC'

2017-11-17 00:12:00 - [MESSAGE][PASSED] - Keys 'TAB + ' sent to object: 'Object Repository/Generic/ACC'

2017-11-17 00:12:05 - [MESSAGE][PASSED] - Delayed 5 second(s)

2017-11-17 00:12:05 - [MESSAGE][PASSED] - Text 'AUTOTEST1' is set on object 'Object Repository/Generic/ENG_DESC'

2017-11-17 00:12:10 - [MESSAGE][PASSED] - Delayed 5 second(s)

2017-11-17 00:12:10 - [MESSAGE][PASSED] - Scroll to object 'Object Repository/Generic/SUBMIT' successfully

2017-11-17 00:12:10 - [MESSAGE][PASSED] - Object: 'Object Repository/Generic/SUBMIT' is clicked on

2017-11-17 00:12:10 - [MESSAGE][PASSED] - Wait for page load successfully

2017-11-17 00:12:15 - [MESSAGE][PASSED] - Delayed 5 second(s)

2017-11-17 00:12:18 - [MESSAGE][PASSED] - Text 'CO-123' is set on object 'Object Repository/EngInfo/COID'

2017-11-17 00:12:18 - [MESSAGE][PASSED] - Wait for page load successfully

2017-11-17 00:12:23 - [MESSAGE][PASSED] - Delayed 5 second(s)

2017-11-17 00:12:23 - [MESSAGE][PASSED] - Keys 'Jeff Henderson ' sent to object: 'Object Repository/EngInfo/PL'

2017-11-17 00:12:28 - [MESSAGE][PASSED] - Delayed 5 second(s)

2017-11-17 00:12:28 - [MESSAGE][PASSED] - Keys 'Robert Higgins' sent to object: 'Object Repository/EngInfo/PLTL'

2017-11-17 00:12:33 - [MESSAGE][PASSED] - Delayed 5 second(s)

2017-11-17 00:12:34 - [MESSAGE][PASSED] - Keys 'Eric Panepinto' sent to object: 'Object Repository/EngInfo/RL'

2017-11-17 00:12:39 - [MESSAGE][PASSED] - Delayed 5 second(s)

2017-11-17 00:12:39 - [MESSAGE][PASSED] - Keys 'Robert Lang' sent to object: 'Object Repository/EngInfo/RD'

2017-11-17 00:12:44 - [MESSAGE][PASSED] - Delayed 5 second(s)

2017-11-17 00:12:49 - [MESSAGE][PASSED] - Delayed 5 second(s)

2017-11-17 00:12:49 - [MESSAGE][PASSED] - Object: 'Object Repository/Generic/MorethanOneRLS' is clicked on

2017-11-17 00:12:54 - [MESSAGE][PASSED] - Delayed 5 second(s)

2017-11-17 00:12:54 - [MESSAGE][PASSED] - Object: 'Object Repository/Generic/RapidDelivery' is clicked on

2017-11-17 00:12:59 - [MESSAGE][PASSED] - Delayed 5 second(s)

2017-11-17 00:12:59 - [MESSAGE][PASSED] - Object: 'Object Repository/Generic/methodology' is clicked on

2017-11-17 00:13:04 - [MESSAGE][PASSED] - Delayed 5 second(s)

2017-11-17 00:13:05 - [MESSAGE][PASSED] - Text '85000' is set on object 'Object Repository/ECR/Licence'

2017-11-17 00:13:10 - [MESSAGE][PASSED] - Delayed 5 second(s)

2017-11-17 00:13:10 - [MESSAGE][PASSED] - Keys 'AMPchroma' sent to object: 'Object Repository/Generic/PlatformID'

2017-11-17 00:13:15 - [MESSAGE][PASSED] - Delayed 5 second(s)

2017-11-17 00:13:15 - [MESSAGE][PASSED] - Keys 'N/A' sent to object: 'Object Repository/Generic/PlatformVersion'

2017-11-17 00:13:20 - [MESSAGE][PASSED] - Delayed 5 second(s)

2017-11-17 00:13:20 - [MESSAGE][PASSED] - Object: 'Object Repository/Generic/PlatformTrue' is clicked on

2017-11-17 00:13:20 - [MESSAGE][PASSED] - Scroll to object 'Object Repository/NEXT_BUTTON' successfully

2017-11-17 00:13:20 - [MESSAGE][PASSED] - Object: 'Object Repository/NEXT_BUTTON' is clicked on

2017-11-17 00:13:25 - [MESSAGE][PASSED] - Delayed 5 second(s)

2017-11-17 00:13:26 - [MESSAGE][PASSED] - Text '12/6/2017 11:27 AM' is set on object 'Object Repository/EngInfo/MeetingDate'

2017-11-17 00:13:31 - [MESSAGE][PASSED] - Delayed 5 second(s)

2017-11-17 00:13:31 - [MESSAGE][PASSED] - Text 'TEsting' is set on object 'Object Repository/EngInfo/instruction'

2017-11-17 00:13:36 - [MESSAGE][PASSED] - Delayed 5 second(s)

2017-11-17 00:13:36 - [MESSAGE][PASSED] - Text '' is set on object 'Object Repository/EngInfo/AE'

2017-11-17 00:13:41 - [MESSAGE][PASSED] - Delayed 5 second(s)

2017-11-17 00:13:41 - [MESSAGE][PASSED] - Text 'Nagaveni Nipinale' is set on object 'Object Repository/EngInfo/AE'

2017-11-17 00:13:42 - [MESSAGE][PASSED] - Object: 'Object Repository/EngInfo/isCloudInitiativeYes' is clicked on

2017-11-17 00:13:47 - [MESSAGE][PASSED] - Delayed 5 second(s)

2017-11-17 00:13:47 - [MESSAGE][PASSED] - Object: 'Object Repository/EngInfo/IsPegaMarketingYes' is clicked on

2017-11-17 00:13:52 - [MESSAGE][PASSED] - Delayed 5 second(s)

2017-11-17 00:13:52 - [MESSAGE][PASSED] - Object: 'Object Repository/EngInfo/IsPegaMobileYes' is clicked on

2017-11-17 00:13:57 - [MESSAGE][PASSED] - Delayed 5 second(s)

2017-11-17 00:14:02 - [MESSAGE][PASSED] - Delayed 5 second(s)

2017-11-17 00:14:07 - [MESSAGE][PASSED] - Delayed 5 second(s)

2017-11-17 00:14:07 - [MESSAGE][PASSED] - Scroll to object 'Object Repository/NEXT_BUTTON' successfully

2017-11-17 00:14:07 - [MESSAGE][PASSED] - Object: 'Object Repository/NEXT_BUTTON' is clicked on

2017-11-17 00:14:12 - [MESSAGE][PASSED] - Delayed 5 second(s)

2017-11-17 00:14:12 - [MESSAGE][PASSED] - Scroll to object 'Object Repository/NEXT_BUTTON' successfully

2017-11-17 00:14:12 - [MESSAGE][PASSED] - Object: 'Object Repository/NEXT_BUTTON' is clicked on

2017-11-17 00:14:17 - [MESSAGE][PASSED] - Delayed 5 second(s)

2017-11-17 00:14:17 - [MESSAGE][PASSED] - Scroll to object 'Object Repository/Generic/FINISH_BUTTON' successfully

2017-11-17 00:14:18 - [MESSAGE][PASSED] - Object: 'Object Repository/Generic/FINISH_BUTTON' is clicked on

2017-11-17 00:14:23 - [MESSAGE][PASSED] - Delayed 5 second(s)

2017-11-17 00:14:23 - [MESSAGE][PASSED] - Object: 'Object Repository/EngInfo/Continue' is clicked on

2017-11-17 00:14:28 - [MESSAGE][PASSED] - Delayed 5 second(s)

2017-11-17 00:14:33 - [MESSAGE][PASSED] - Delayed 5 second(s)

2017-11-17 00:14:34 - [MESSAGE][PASSED] - Object: 'Object Repository/Approve-Reject/attachdoc' is clicked on

2017-11-17 00:14:39 - [MESSAGE][PASSED] - Delayed 5 second(s)

2017-11-17 00:14:39 - [MESSAGE][PASSED] - Keys 'testing' sent to object: 'Object Repository/ECR_MEETING/BSW_TEXT'

2017-11-17 00:14:44 - [MESSAGE][PASSED] - Delayed 5 second(s)

2017-11-17 00:14:45 - [MESSAGE][PASSED] - Keys 'testing' sent to object: 'Object Repository/ECR_MEETING/ESTIMATE_TEXT'

2017-11-17 00:14:50 - [MESSAGE][PASSED] - Delayed 5 second(s)

2017-11-17 00:14:50 - [MESSAGE][PASSED] - Keys 'testing' sent to object: 'Object Repository/ECR_MEETING/OTHER_TEXT'

2017-11-17 00:14:55 - [MESSAGE][PASSED] - Delayed 5 second(s)

2017-11-17 00:14:55 - [MESSAGE][PASSED] - Keys 'testing' sent to object: 'Object Repository/ECR_MEETING/PRIAGE_TEXT'

2017-11-17 00:15:00 - [MESSAGE][PASSED] - Delayed 5 second(s)

2017-11-17 00:15:00 - [MESSAGE][PASSED] - Keys 'testing' sent to object: 'Object Repository/ECR_MEETING/SIZING_TEXT'

2017-11-17 00:15:05 - [MESSAGE][PASSED] - Delayed 5 second(s)

2017-11-17 00:15:05 - [MESSAGE][PASSED] - Keys 'testing' sent to object: 'Object Repository/Approve-Reject/APPROVE_REJECT_NOTES'

2017-11-17 00:15:10 - [MESSAGE][PASSED] - Delayed 5 second(s)

2017-11-17 00:15:10 - [MESSAGE][WARNING] - Timeout '0' is invalid. Using default page load timeout: '30'

2017-11-17 00:15:10 - [MESSAGE][PASSED] - Scroll to object 'Object Repository/Generic/SUBMIT' successfully

2017-11-17 00:15:10 - [MESSAGE][PASSED] - Object: 'Object Repository/Generic/SUBMIT' is clicked on

2017-11-17 00:15:15 - [MESSAGE][PASSED] - Delayed 5 second(s)

2017-11-17 00:15:16 - [MESSAGE][PASSED] - Text of object 'Object Repository/WO' is: 'ECR-17Nov2017-2'

2017-11-17 00:15:16 - [MESSAGE][PASSED] - Text of object 'Object Repository/ECR/WOSTATUS' is: 'Pending-RDApproval'

2017-11-17 00:15:16 - [MESSAGE][PASSED] - com.helper.commonfunct.utilities.ECRMeeting is PASSED

2017-11-17 00:15:16 - [MESSAGE][PASSED] - Call Test Case 'Test Cases/ECR/REF/ECR_Meeting_NoExpertService' successfully

2017-11-17 00:15:16 - [TEST_STEP][FAILED] - callTestCase: Unable to call Test Case with id 'Test Cases/ECR/REF/ECR_Approval_Reject' (Root cause: Call Test Case 'Test Cases/ECR/REF/ECR_Approval_Reject' failed because of error(s))

2017-11-17 00:15:16 - [TEST_CASE][ERROR] - Test Cases/ECR/REF/ECR_Approval_Reject: Test Cases/ECR/REF/ECR_Approval_Reject FAILED because (of) org.codehaus.groovy.runtime.metaclass.MissingMethodExceptionNoStack: No signature of method: com.helper.commonfunct.utilities.pendingClinic() is applicable for argument types: () values: []

2017-11-17 00:15:16 - [TEST_STEP][ERROR] - Statement - While (WOSTATUS.contains("Pending")): No signature of method: com.helper.commonfunct.utilities.pendingClinic() is applicable for argument types: () values: []

2017-11-17 00:15:16 - [TEST_STEP][ERROR] - Statement - For ([j = 0, j < AssignmentList.size(), (j++)]): No signature of method: com.helper.commonfunct.utilities.pendingClinic() is applicable for argument types: () values: []

2017-11-17 00:15:16 - [TEST_STEP][PASSED] - Statement - Status = text: null

2017-11-17 00:15:16 - [TEST_STEP][PASSED] - Statement - println(Status): null

2017-11-17 00:15:16 - [TEST_STEP][PASSED] - Statement - If (Status == "Pending-RDApproval"): com.helper.commonfunct.utilities.WOstatus is PASSED

2017-11-17 00:15:16 - [TEST_STEP][PASSED] - Statement - If (RDReject == false): com.helper.commonfunct.utilities.WOstatus is PASSED

2017-11-17 00:15:16 - [TEST_STEP][PASSED] - Statement - If (Meeting == true): com.helper.commonfunct.utilities.WOstatus is PASSED

2017-11-17 00:15:16 - [TEST_STEP][PASSED] - com.helper.commonfunct.utilities.login: com.helper.commonfunct.utilities.login is PASSED

2017-11-17 00:15:16 - [MESSAGE][WARNING] - A browser is already opened. Closing browser and opening a new one

2017-11-17 00:15:19 - [MESSAGE][PASSED] - Browser is opened with url: ''

2017-11-17 00:15:24 - [MESSAGE][PASSED] - Navigate to 'https://vtcpqa2.rpega.com:9030/tcpqa/PRServlet' successfully

2017-11-17 00:15:24 - [MESSAGE][PASSED] - Text 'langr1@pegasystems.com' is set on object 'Object Repository/input_UserIdentifier'

2017-11-17 00:15:24 - [MESSAGE][PASSED] - Text 'install' is set on object 'Object Repository/input_Password'

2017-11-17 00:15:43 - [MESSAGE][PASSED] - Keys 'ENTER + ' sent to object: 'Object Repository/input_Password'

2017-11-17 00:15:43 - [MESSAGE][PASSED] - com.helper.commonfunct.utilities.login is PASSED

2017-11-17 00:15:43 - [TEST_STEP][PASSED] - com.helper.commonfunct.utilities.search: com.helper.commonfunct.utilities.search is PASSED

2017-11-17 00:15:44 - [MESSAGE][PASSED] - Current window maximized

2017-11-17 00:15:49 - [MESSAGE][PASSED] - Delayed 5 second(s)

2017-11-17 00:15:50 - [MESSAGE][PASSED] - Text 'ECR-17Nov2017-2' is set on object 'Object Repository/EngInfo/search'

2017-11-17 00:15:55 - [MESSAGE][PASSED] - Delayed 5 second(s)

2017-11-17 00:15:55 - [MESSAGE][PASSED] - Keys 'ENTER + ' sent to object: 'Object Repository/EngInfo/search'

2017-11-17 00:16:00 - [MESSAGE][PASSED] - Delayed 5 second(s)

2017-11-17 00:16:00 - [MESSAGE][PASSED] - com.helper.commonfunct.utilities.search is PASSED

2017-11-17 00:16:00 - [TEST_STEP][PASSED] - com.helper.commonfunct.utilities.routeToRL: com.helper.commonfunct.utilities.routeToRL is PASSED

2017-11-17 00:16:05 - [MESSAGE][PASSED] - Delayed 5 second(s)

2017-11-17 00:16:05 - [MESSAGE][WARNING] - Timeout '0' is invalid. Using default page load timeout: '30'

2017-11-17 00:16:10 - [MESSAGE][PASSED] - Delayed 5 second(s)

2017-11-17 00:16:13 - [MESSAGE][PASSED] - Object: 'Object Repository/Approve-Reject/link_assignment' is clicked on

2017-11-17 00:16:18 - [MESSAGE][PASSED] - Delayed 5 second(s)

2017-11-17 00:16:18 - [MESSAGE][WARNING] - Timeout '0' is invalid. Using default page load timeout: '30'

2017-11-17 00:16:18 - [MESSAGE][PASSED] - Scroll to object 'Object Repository/Approve-Reject/APPROVE_BUTTON' successfully

2017-11-17 00:16:19 - [MESSAGE][PASSED] - Object: 'Object Repository/Approve-Reject/APPROVE_BUTTON' is clicked on

2017-11-17 00:16:24 - [MESSAGE][PASSED] - Delayed 5 second(s)

2017-11-17 00:16:24 - [MESSAGE][PASSED] - Keys 'testing' sent to object: 'Object Repository/Approve-Reject/APPROVE_REJECT_NOTES'

2017-11-17 00:16:29 - [MESSAGE][PASSED] - Delayed 5 second(s)

2017-11-17 00:16:29 - [MESSAGE][WARNING] - Timeout '0' is invalid. Using default page load timeout: '30'

2017-11-17 00:16:29 - [MESSAGE][PASSED] - Scroll to object 'Object Repository/Generic/SUBMIT' successfully

2017-11-17 00:16:29 - [MESSAGE][PASSED] - Object: 'Object Repository/Generic/SUBMIT' is clicked on

2017-11-17 00:16:34 - [MESSAGE][PASSED] - Delayed 5 second(s)

2017-11-17 00:16:34 - [MESSAGE][PASSED] - com.helper.commonfunct.utilities.routeToRL is PASSED

2017-11-17 00:16:34 - [TEST_STEP][PASSED] - Statement - print(Status): null

2017-11-17 00:16:34 - [TEST_STEP][PASSED] - com.helper.commonfunct.utilities.WOstatus: com.helper.commonfunct.utilities.WOstatus is PASSED

2017-11-17 00:16:36 - [MESSAGE][PASSED] - Text of object 'Object Repository/ECR/WOSTATUS' is: 'Pending-Approval'

2017-11-17 00:16:36 - [MESSAGE][PASSED] - com.helper.commonfunct.utilities.WOstatus is PASSED

2017-11-17 00:16:36 - [TEST_STEP][PASSED] - Statement - Status = text: null

2017-11-17 00:16:36 - [TEST_STEP][PASSED] - Statement - println(Status): null

2017-11-17 00:16:36 - [TEST_STEP][PASSED] - Statement - If (Status == "Pending-RDApproval"): null

2017-11-17 00:16:36 - [TEST_STEP][PASSED] - Statement - Else If (Status == "Pending-RLApproval"): null

2017-11-17 00:16:36 - [TEST_STEP][PASSED] - Statement - Else If (Status == "Pending-RDDApproval"): null

2017-11-17 00:16:36 - [TEST_STEP][PASSED] - Statement - Else If (Status == "Pending-OPSApproval"): null

2017-11-17 00:16:36 - [TEST_STEP][PASSED] - Statement - Else If (Status == "Pending-ExpSvcApproval"): null

2017-11-17 00:16:36 - [TEST_STEP][PASSED] - Statement - Else If (Status == "Pending-DocUpdate"): null

2017-11-17 00:16:36 - [TEST_STEP][PASSED] - Statement - Else If (Status == "Pending-Contract"): null

2017-11-17 00:16:36 - [TEST_STEP][PASSED] - Statement - Else If (Status == "Pending-MeetingSchedule"): com.helper.commonfunct.utilities.WOstatus is PASSED

2017-11-17 00:16:36 - [TEST_STEP][PASSED] - com.helper.commonfunct.utilities.login: com.helper.commonfunct.utilities.login is PASSED

2017-11-17 00:16:36 - [MESSAGE][WARNING] - A browser is already opened. Closing browser and opening a new one

2017-11-17 00:16:39 - [MESSAGE][PASSED] - Browser is opened with url: ''

2017-11-17 00:16:44 - [MESSAGE][PASSED] - Navigate to 'https://vtcpqa2.rpega.com:9030/tcpqa/PRServlet' successfully

2017-11-17 00:16:44 - [MESSAGE][PASSED] - Text 'diazz@pegasystems.com' is set on object 'Object Repository/input_UserIdentifier'

2017-11-17 00:16:44 - [MESSAGE][PASSED] - Text 'install' is set on object 'Object Repository/input_Password'

2017-11-17 00:16:59 - [MESSAGE][PASSED] - Keys 'ENTER + ' sent to object: 'Object Repository/input_Password'

2017-11-17 00:16:59 - [MESSAGE][PASSED] - com.helper.commonfunct.utilities.login is PASSED

2017-11-17 00:16:59 - [TEST_STEP][PASSED] - com.helper.commonfunct.utilities.search: com.helper.commonfunct.utilities.search is PASSED

2017-11-17 00:17:00 - [MESSAGE][PASSED] - Current window maximized

2017-11-17 00:17:05 - [MESSAGE][PASSED] - Delayed 5 second(s)

2017-11-17 00:17:05 - [MESSAGE][PASSED] - Text 'ECR-17Nov2017-2' is set on object 'Object Repository/EngInfo/search'

2017-11-17 00:17:10 - [MESSAGE][PASSED] - Delayed 5 second(s)

2017-11-17 00:17:10 - [MESSAGE][PASSED] - Keys 'ENTER + ' sent to object: 'Object Repository/EngInfo/search'

2017-11-17 00:17:15 - [MESSAGE][PASSED] - Delayed 5 second(s)

2017-11-17 00:17:15 - [MESSAGE][PASSED] - com.helper.commonfunct.utilities.search is PASSED

2017-11-17 00:17:15 - [TEST_STEP][PASSED] - maximizeWindow: Current window maximized

2017-11-17 00:17:15 - [MESSAGE][PASSED] - Current window maximized

2017-11-17 00:17:15 - [TEST_STEP][PASSED] - com.helper.commonfunct.commonutilities.scheduleMeeting: com.helper.commonfunct.commonutilities.scheduleMeeting is PASSED

2017-11-17 00:17:20 - [MESSAGE][PASSED] - Delayed 5 second(s)

2017-11-17 00:17:20 - [MESSAGE][WARNING] - Timeout '0' is invalid. Using default page load timeout: '30'

2017-11-17 00:17:25 - [MESSAGE][PASSED] - Delayed 5 second(s)

2017-11-17 00:17:31 - [MESSAGE][PASSED] - Object: 'Object Repository/ECR_MEETING/meetinglink' is clicked on

2017-11-17 00:17:36 - [MESSAGE][PASSED] - Delayed 5 second(s)

2017-11-17 00:17:36 - [MESSAGE][PASSED] - Text 'Testing' is set on object 'Object Repository/ECR_MEETING/location'

2017-11-17 00:17:41 - [MESSAGE][PASSED] - Delayed 5 second(s)

2017-11-17 00:17:41 - [MESSAGE][WARNING] - Timeout '0' is invalid. Using default page load timeout: '30'

2017-11-17 00:17:41 - [MESSAGE][PASSED] - Scroll to object 'Object Repository/Generic/SUBMIT' successfully

2017-11-17 00:17:41 - [MESSAGE][PASSED] - Object: 'Object Repository/Generic/SUBMIT' is clicked on

2017-11-17 00:17:46 - [MESSAGE][PASSED] - Delayed 5 second(s)

2017-11-17 00:17:53 - [MESSAGE][PASSED] - Text 'This proposal clinic meeting has been scheduled. You may request to reschedule the meeting by using the Actions' is present on page 

2017-11-17 00:17:53 - [MESSAGE][PASSED] - com.helper.commonfunct.commonutilities.scheduleMeeting is PASSED

2017-11-17 00:17:53 - [TEST_STEP][PASSED] - waitForPageLoad: Wait for page load successfully

2017-11-17 00:17:53 - [MESSAGE][PASSED] - Wait for page load successfully

2017-11-17 00:17:53 - [TEST_STEP][PASSED] - com.helper.commonfunct.utilities.WOstatus: com.helper.commonfunct.utilities.WOstatus is PASSED

2017-11-17 00:17:53 - [MESSAGE][PASSED] - Text of object 'Object Repository/ECR/WOSTATUS' is: 'Pending-Approval'

2017-11-17 00:17:53 - [MESSAGE][PASSED] - com.helper.commonfunct.utilities.WOstatus is PASSED

2017-11-17 00:17:53 - [TEST_STEP][PASSED] - Statement - Status = text: null

2017-11-17 00:17:53 - [TEST_STEP][PASSED] - Statement - println(Status): null

2017-11-17 00:17:53 - [TEST_STEP][PASSED] - Statement - If (Status == "Pending-RDApproval"): null

2017-11-17 00:17:53 - [TEST_STEP][PASSED] - Statement - Else If (Status == "Pending-RLApproval"): null

2017-11-17 00:17:53 - [TEST_STEP][PASSED] - Statement - Else If (Status == "Pending-RDDApproval"): null

2017-11-17 00:17:53 - [TEST_STEP][PASSED] - Statement - Else If (Status == "Pending-OPSApproval"): null

2017-11-17 00:17:53 - [TEST_STEP][PASSED] - Statement - Else If (Status == "Pending-ExpSvcApproval"): null

2017-11-17 00:17:53 - [TEST_STEP][PASSED] - Statement - Else If (Status == "Pending-DocUpdate"): null

2017-11-17 00:17:53 - [TEST_STEP][PASSED] - Statement - Else If (Status == "Pending-Contract"): null

2017-11-17 00:17:53 - [TEST_STEP][PASSED] - Statement - Else If (Status == "Pending-MeetingSchedule"): null

2017-11-17 00:17:53 - [TEST_STEP][ERROR] - Statement - Else: No signature of method: com.helper.commonfunct.utilities.pendingClinic() is applicable for argument types: () values: []

2017-11-17 00:17:53 - [TEST_STEP][PASSED] - com.helper.commonfunct.utilities.login: com.helper.commonfunct.utilities.login is PASSED

2017-11-17 00:17:53 - [MESSAGE][WARNING] - A browser is already opened. Closing browser and opening a new one

2017-11-17 00:17:56 - [MESSAGE][PASSED] - Browser is opened with url: ''

2017-11-17 00:18:01 - [MESSAGE][PASSED] - Navigate to 'https://vtcpqa2.rpega.com:9030/tcpqa/PRServlet' successfully

2017-11-17 00:18:02 - [MESSAGE][PASSED] - Text 'langr1@pegasystems.com' is set on object 'Object Repository/input_UserIdentifier'

2017-11-17 00:18:02 - [MESSAGE][PASSED] - Text 'install' is set on object 'Object Repository/input_Password'

2017-11-17 00:18:20 - [MESSAGE][PASSED] - Keys 'ENTER + ' sent to object: 'Object Repository/input_Password'

2017-11-17 00:18:20 - [MESSAGE][PASSED] - com.helper.commonfunct.utilities.login is PASSED

2017-11-17 00:18:20 - [TEST_STEP][PASSED] - com.helper.commonfunct.utilities.search: com.helper.commonfunct.utilities.search is PASSED

2017-11-17 00:18:21 - [MESSAGE][PASSED] - Current window maximized

2017-11-17 00:18:26 - [MESSAGE][PASSED] - Delayed 5 second(s)

2017-11-17 00:18:27 - [MESSAGE][PASSED] - Text 'ECR-17Nov2017-2' is set on object 'Object Repository/EngInfo/search'

2017-11-17 00:18:32 - [MESSAGE][PASSED] - Delayed 5 second(s)

2017-11-17 00:18:32 - [MESSAGE][PASSED] - Keys 'ENTER + ' sent to object: 'Object Repository/EngInfo/search'

2017-11-17 00:18:37 - [MESSAGE][PASSED] - Delayed 5 second(s)

2017-11-17 00:18:37 - [MESSAGE][PASSED] - com.helper.commonfunct.utilities.search is PASSED

2017-11-17 00:18:37 - [TEST_STEP][PASSED] - maximizeWindow: Current window maximized

2017-11-17 00:18:37 - [MESSAGE][PASSED] - Current window maximized

2017-11-17 00:18:37 - [TEST_STEP][ERROR] - com.helper.commonfunct.utilities.pendingClinic: No signature of method: com.helper.commonfunct.utilities.pendingClinic() is applicable for argument types: () values: []

2017-11-17 00:18:37 - [MESSAGE][ERROR] - No signature of method: com.helper.commonfunct.utilities.pendingClinic() is applicable for argument types: () values: []

2017-11-17 00:18:37 - [MESSAGE][FAILED] - Unable to call Test Case with id 'Test Cases/ECR/REF/ECR_Approval_Reject' (Root cause: Call Test Case 'Test Cases/ECR/REF/ECR_Approval_Reject' failed because of error(s))]]></system-out>
         <system-err><![CDATA[2017-11-17 00:10:53 - [TEST_CASE][ERROR] - Test Cases/ECR/TC_ECR_Meeting_NoExpertService_AllApproval: Test Cases/ECR/TC_ECR_Meeting_NoExpertService_AllApproval FAILED because (of) org.codehaus.groovy.runtime.metaclass.MissingMethodExceptionNoStack: No signature of method: com.helper.commonfunct.utilities.pendingClinic() is applicable for argument types: () values: []]]></system-err>
      </testcase>
      <testcase name="Test Cases/ECR/TC_ECR_Meeting_ExpertService_AllReject" classname="Test Cases/ECR/TC_ECR_Meeting_ExpertService_AllReject" status="FAILED">
         <failure type="FAILED" message="Unable to scroll to object 'Object Repository/Generic/FINISH_BUTTON' (Root cause: com.kms.katalon.core.webui.exception.WebElementNotFoundException: Web element with id: 'Object Repository/Generic/FINISH_BUTTON' located by 'By.xpath: //button[contains(.,'Finish')]' not found)"/>
         <system-out><![CDATA[2017-11-17 00:18:37 - [TEST_CASE][FAILED] - Test Cases/ECR/TC_ECR_Meeting_ExpertService_AllReject: Test Cases/ECR/TC_ECR_Meeting_ExpertService_AllReject FAILED because (of) Unable to scroll to object 'Object Repository/Generic/FINISH_BUTTON' (Root cause: com.kms.katalon.core.webui.exception.WebElementNotFoundException: Web element with id: 'Object Repository/Generic/FINISH_BUTTON' located by 'By.xpath: //button[contains(.,'Finish')]' not found)

2017-11-17 00:18:37 - [TEST_STEP][PASSED] - callTestCase: Call Test Case 'Test Cases/ECR/REF/ECR_Meeting_ExpertService' successfully

2017-11-17 00:18:37 - [TEST_CASE][PASSED] - Test Cases/ECR/REF/ECR_Meeting_ExpertService: Test Cases/ECR/REF/ECR_Meeting_ExpertService

2017-11-17 00:18:37 - [TEST_STEP][PASSED] - com.helper.commonfunct.utilities.login: com.helper.commonfunct.utilities.login is PASSED

2017-11-17 00:18:37 - [MESSAGE][WARNING] - A browser is already opened. Closing browser and opening a new one

2017-11-17 00:18:40 - [MESSAGE][PASSED] - Browser is opened with url: ''

2017-11-17 00:18:45 - [MESSAGE][PASSED] - Navigate to 'https://vtcpqa2.rpega.com:9030/tcpqa/PRServlet' successfully

2017-11-17 00:18:45 - [MESSAGE][PASSED] - Text 'pogoa@pegasystems.com' is set on object 'Object Repository/input_UserIdentifier'

2017-11-17 00:18:46 - [MESSAGE][PASSED] - Text 'install' is set on object 'Object Repository/input_Password'

2017-11-17 00:19:09 - [MESSAGE][PASSED] - Keys 'ENTER + ' sent to object: 'Object Repository/input_Password'

2017-11-17 00:19:09 - [MESSAGE][PASSED] - com.helper.commonfunct.utilities.login is PASSED

2017-11-17 00:19:09 - [TEST_STEP][PASSED] - Statement - Meeting = true: null

2017-11-17 00:19:09 - [TEST_STEP][PASSED] - com.helper.commonfunct.utilities.ECRMeeting: com.helper.commonfunct.utilities.ECRMeeting is PASSED

2017-11-17 00:19:09 - [MESSAGE][PASSED] - Object: 'Object Repository/Generic/a_Actions' is clicked on

2017-11-17 00:19:11 - [MESSAGE][PASSED] - Object: 'Object Repository/span_New' is focused

2017-11-17 00:19:15 - [MESSAGE][PASSED] - Object: 'Object Repository/span_Bid Process' is clicked on

2017-11-17 00:19:15 - [MESSAGE][PASSED] - Object: 'Object Repository/ECR/BID_TYPE' is clicked on

2017-11-17 00:19:15 - [MESSAGE][PASSED] - Object 'Object Repository/button_Import' is present

2017-11-17 00:19:20 - [MESSAGE][PASSED] - Delayed 5 second(s)

2017-11-17 00:19:20 - [MESSAGE][PASSED] - Object: 'Object Repository/button_Import' is clicked on

2017-11-17 00:19:21 - [MESSAGE][PASSED] - File 'C:\Users\nipin\Desktop\Latest BSW\Final\ECR_EXPSVC.xlsm' sent to object: 'Object Repository/input_PpyWorkPageppyFilePath'

2017-11-17 00:19:26 - [MESSAGE][PASSED] - Delayed 5 second(s)

2017-11-17 00:19:26 - [MESSAGE][WARNING] - Timeout '0' is invalid. Using default page load timeout: '30'

2017-11-17 00:19:26 - [MESSAGE][PASSED] - Scroll to object 'Object Repository/button_Submit' successfully

2017-11-17 00:19:30 - [MESSAGE][PASSED] - Object: 'Object Repository/button_Submit' is clicked on

2017-11-17 00:19:30 - [MESSAGE][PASSED] - Object 'Object Repository/EngInfo/COID' is visible

2017-11-17 00:19:35 - [MESSAGE][PASSED] - Delayed 5 second(s)

2017-11-17 00:19:40 - [MESSAGE][PASSED] - Delayed 5 second(s)

2017-11-17 00:19:41 - [MESSAGE][PASSED] - Text 'BOFA' is set on object 'Object Repository/Generic/ORG'

2017-11-17 00:19:46 - [MESSAGE][PASSED] - Delayed 5 second(s)

2017-11-17 00:19:46 - [MESSAGE][PASSED] - Keys 'TAB + ' sent to object: 'Object Repository/Generic/ORG'

2017-11-17 00:19:51 - [MESSAGE][PASSED] - Delayed 5 second(s)

2017-11-17 00:19:51 - [MESSAGE][PASSED] - Text 'BOFA' is set on object 'Object Repository/Generic/ACC'

2017-11-17 00:19:51 - [MESSAGE][PASSED] - Keys 'TAB + ' sent to object: 'Object Repository/Generic/ACC'

2017-11-17 00:19:56 - [MESSAGE][PASSED] - Delayed 5 second(s)

2017-11-17 00:19:56 - [MESSAGE][PASSED] - Text 'AUTOTEST1' is set on object 'Object Repository/Generic/ENG_DESC'

2017-11-17 00:20:01 - [MESSAGE][PASSED] - Delayed 5 second(s)

2017-11-17 00:20:01 - [MESSAGE][PASSED] - Scroll to object 'Object Repository/Generic/SUBMIT' successfully

2017-11-17 00:20:01 - [MESSAGE][PASSED] - Object: 'Object Repository/Generic/SUBMIT' is clicked on

2017-11-17 00:20:01 - [MESSAGE][PASSED] - Wait for page load successfully

2017-11-17 00:20:06 - [MESSAGE][PASSED] - Delayed 5 second(s)

2017-11-17 00:20:08 - [MESSAGE][PASSED] - Text 'CO-123' is set on object 'Object Repository/EngInfo/COID'

2017-11-17 00:20:08 - [MESSAGE][PASSED] - Wait for page load successfully

2017-11-17 00:20:13 - [MESSAGE][PASSED] - Delayed 5 second(s)

2017-11-17 00:20:14 - [MESSAGE][PASSED] - Keys 'Jeff Henderson ' sent to object: 'Object Repository/EngInfo/PL'

2017-11-17 00:20:19 - [MESSAGE][PASSED] - Delayed 5 second(s)

2017-11-17 00:20:19 - [MESSAGE][PASSED] - Keys 'Robert Higgins' sent to object: 'Object Repository/EngInfo/PLTL'

2017-11-17 00:20:24 - [MESSAGE][PASSED] - Delayed 5 second(s)

2017-11-17 00:20:24 - [MESSAGE][PASSED] - Keys 'Eric Panepinto' sent to object: 'Object Repository/EngInfo/RL'

2017-11-17 00:20:29 - [MESSAGE][PASSED] - Delayed 5 second(s)

2017-11-17 00:20:29 - [MESSAGE][PASSED] - Keys 'Robert Lang' sent to object: 'Object Repository/EngInfo/RD'

2017-11-17 00:20:34 - [MESSAGE][PASSED] - Delayed 5 second(s)

2017-11-17 00:20:39 - [MESSAGE][PASSED] - Delayed 5 second(s)

2017-11-17 00:20:40 - [MESSAGE][PASSED] - Object: 'Object Repository/Generic/MorethanOneRLS' is clicked on

2017-11-17 00:20:45 - [MESSAGE][PASSED] - Delayed 5 second(s)

2017-11-17 00:20:45 - [MESSAGE][PASSED] - Object: 'Object Repository/Generic/RapidDelivery' is clicked on

2017-11-17 00:20:50 - [MESSAGE][PASSED] - Delayed 5 second(s)

2017-11-17 00:20:50 - [MESSAGE][PASSED] - Object: 'Object Repository/Generic/methodology' is clicked on

2017-11-17 00:20:55 - [MESSAGE][PASSED] - Delayed 5 second(s)

2017-11-17 00:20:55 - [MESSAGE][PASSED] - Text '85000' is set on object 'Object Repository/ECR/Licence'

2017-11-17 00:21:00 - [MESSAGE][PASSED] - Delayed 5 second(s)

2017-11-17 00:21:01 - [MESSAGE][PASSED] - Keys 'AMPchroma' sent to object: 'Object Repository/Generic/PlatformID'

2017-11-17 00:21:06 - [MESSAGE][PASSED] - Delayed 5 second(s)

2017-11-17 00:21:06 - [MESSAGE][PASSED] - Keys 'N/A' sent to object: 'Object Repository/Generic/PlatformVersion'

2017-11-17 00:21:11 - [MESSAGE][PASSED] - Delayed 5 second(s)

2017-11-17 00:21:11 - [MESSAGE][PASSED] - Object: 'Object Repository/Generic/PlatformTrue' is clicked on

2017-11-17 00:21:11 - [MESSAGE][PASSED] - Scroll to object 'Object Repository/NEXT_BUTTON' successfully

2017-11-17 00:21:11 - [MESSAGE][PASSED] - Object: 'Object Repository/NEXT_BUTTON' is clicked on

2017-11-17 00:21:16 - [MESSAGE][PASSED] - Delayed 5 second(s)

2017-11-17 00:21:17 - [MESSAGE][PASSED] - Text '12/6/2017 11:27 AM' is set on object 'Object Repository/EngInfo/MeetingDate'

2017-11-17 00:21:22 - [MESSAGE][PASSED] - Delayed 5 second(s)

2017-11-17 00:21:22 - [MESSAGE][PASSED] - Text 'TEsting' is set on object 'Object Repository/EngInfo/instruction'

2017-11-17 00:21:27 - [MESSAGE][PASSED] - Delayed 5 second(s)

2017-11-17 00:21:27 - [MESSAGE][PASSED] - Text '' is set on object 'Object Repository/EngInfo/AE'

2017-11-17 00:21:32 - [MESSAGE][PASSED] - Delayed 5 second(s)

2017-11-17 00:21:32 - [MESSAGE][PASSED] - Text 'Nagaveni Nipinale' is set on object 'Object Repository/EngInfo/AE'

2017-11-17 00:21:32 - [MESSAGE][PASSED] - Object: 'Object Repository/EngInfo/isCloudInitiativeYes' is clicked on

2017-11-17 00:21:37 - [MESSAGE][PASSED] - Delayed 5 second(s)

2017-11-17 00:21:38 - [MESSAGE][PASSED] - Object: 'Object Repository/EngInfo/IsPegaMarketingYes' is clicked on

2017-11-17 00:21:43 - [MESSAGE][PASSED] - Delayed 5 second(s)

2017-11-17 00:21:43 - [MESSAGE][PASSED] - Object: 'Object Repository/EngInfo/IsPegaMobileYes' is clicked on

2017-11-17 00:21:48 - [MESSAGE][PASSED] - Delayed 5 second(s)

2017-11-17 00:21:53 - [MESSAGE][PASSED] - Delayed 5 second(s)

2017-11-17 00:21:58 - [MESSAGE][PASSED] - Delayed 5 second(s)

2017-11-17 00:21:58 - [MESSAGE][PASSED] - Scroll to object 'Object Repository/NEXT_BUTTON' successfully

2017-11-17 00:21:58 - [MESSAGE][PASSED] - Object: 'Object Repository/NEXT_BUTTON' is clicked on

2017-11-17 00:22:03 - [MESSAGE][PASSED] - Delayed 5 second(s)

2017-11-17 00:22:03 - [MESSAGE][PASSED] - Scroll to object 'Object Repository/NEXT_BUTTON' successfully

2017-11-17 00:22:03 - [MESSAGE][PASSED] - Object: 'Object Repository/NEXT_BUTTON' is clicked on

2017-11-17 00:22:08 - [MESSAGE][PASSED] - Delayed 5 second(s)

2017-11-17 00:22:08 - [MESSAGE][PASSED] - Scroll to object 'Object Repository/Generic/FINISH_BUTTON' successfully

2017-11-17 00:22:08 - [MESSAGE][PASSED] - Object: 'Object Repository/Generic/FINISH_BUTTON' is clicked on

2017-11-17 00:22:13 - [MESSAGE][PASSED] - Delayed 5 second(s)

2017-11-17 00:22:14 - [MESSAGE][PASSED] - Object: 'Object Repository/EngInfo/Continue' is clicked on

2017-11-17 00:22:19 - [MESSAGE][PASSED] - Delayed 5 second(s)

2017-11-17 00:22:24 - [MESSAGE][PASSED] - Delayed 5 second(s)

2017-11-17 00:22:25 - [MESSAGE][PASSED] - Object: 'Object Repository/Approve-Reject/attachdoc' is clicked on

2017-11-17 00:22:30 - [MESSAGE][PASSED] - Delayed 5 second(s)

2017-11-17 00:22:30 - [MESSAGE][PASSED] - Keys 'testing' sent to object: 'Object Repository/ECR_MEETING/BSW_TEXT'

2017-11-17 00:22:35 - [MESSAGE][PASSED] - Delayed 5 second(s)

2017-11-17 00:22:35 - [MESSAGE][PASSED] - Keys 'testing' sent to object: 'Object Repository/ECR_MEETING/ESTIMATE_TEXT'

2017-11-17 00:22:40 - [MESSAGE][PASSED] - Delayed 5 second(s)

2017-11-17 00:22:41 - [MESSAGE][PASSED] - Keys 'testing' sent to object: 'Object Repository/ECR_MEETING/OTHER_TEXT'

2017-11-17 00:22:46 - [MESSAGE][PASSED] - Delayed 5 second(s)

2017-11-17 00:22:46 - [MESSAGE][PASSED] - Keys 'testing' sent to object: 'Object Repository/ECR_MEETING/PRIAGE_TEXT'

2017-11-17 00:22:51 - [MESSAGE][PASSED] - Delayed 5 second(s)

2017-11-17 00:22:51 - [MESSAGE][PASSED] - Keys 'testing' sent to object: 'Object Repository/ECR_MEETING/SIZING_TEXT'

2017-11-17 00:22:56 - [MESSAGE][PASSED] - Delayed 5 second(s)

2017-11-17 00:22:56 - [MESSAGE][PASSED] - Keys 'testing' sent to object: 'Object Repository/Approve-Reject/APPROVE_REJECT_NOTES'

2017-11-17 00:23:01 - [MESSAGE][PASSED] - Delayed 5 second(s)

2017-11-17 00:23:01 - [MESSAGE][WARNING] - Timeout '0' is invalid. Using default page load timeout: '30'

2017-11-17 00:23:01 - [MESSAGE][PASSED] - Scroll to object 'Object Repository/Generic/SUBMIT' successfully

2017-11-17 00:23:01 - [MESSAGE][PASSED] - Object: 'Object Repository/Generic/SUBMIT' is clicked on

2017-11-17 00:23:06 - [MESSAGE][PASSED] - Delayed 5 second(s)

2017-11-17 00:23:06 - [MESSAGE][PASSED] - Text of object 'Object Repository/WO' is: 'ECR-17Nov2017-3'

2017-11-17 00:23:06 - [MESSAGE][PASSED] - Text of object 'Object Repository/ECR/WOSTATUS' is: 'Pending-RDApproval'

2017-11-17 00:23:06 - [MESSAGE][PASSED] - com.helper.commonfunct.utilities.ECRMeeting is PASSED

2017-11-17 00:23:06 - [MESSAGE][PASSED] - Call Test Case 'Test Cases/ECR/REF/ECR_Meeting_ExpertService' successfully

2017-11-17 00:23:06 - [TEST_STEP][PASSED] - com.helper.commonfunct.utilities.setprop: com.helper.commonfunct.utilities.setprop is PASSED

2017-11-17 00:23:06 - [MESSAGE][PASSED] - com.helper.commonfunct.utilities.setprop is PASSED

2017-11-17 00:23:06 - [TEST_STEP][FAILED] - callTestCase: Unable to call Test Case with id 'Test Cases/ECR/REF/ECR_Approval_Reject' (Root cause: Call Test Case 'Test Cases/ECR/REF/ECR_Approval_Reject' failed)

2017-11-17 00:23:06 - [TEST_CASE][FAILED] - Test Cases/ECR/REF/ECR_Approval_Reject: Test Cases/ECR/REF/ECR_Approval_Reject FAILED because (of) Unable to scroll to object 'Object Repository/Generic/FINISH_BUTTON' (Root cause: com.kms.katalon.core.webui.exception.WebElementNotFoundException: Web element with id: 'Object Repository/Generic/FINISH_BUTTON' located by 'By.xpath: //button[contains(.,'Finish')]' not found)

2017-11-17 00:23:07 - [TEST_STEP][FAILED] - Statement - While (WOSTATUS.contains("Pending")): Unable to scroll to object 'Object Repository/Generic/FINISH_BUTTON' (Root cause: com.kms.katalon.core.webui.exception.WebElementNotFoundException: Web element with id: 'Object Repository/Generic/FINISH_BUTTON' located by 'By.xpath: //button[contains(.,'Finish')]' not found)

2017-11-17 00:23:07 - [TEST_STEP][PASSED] - Statement - For ([j = 0, j < AssignmentList.size(), (j++)]): com.helper.commonfunct.utilities.WOstatus is PASSED

2017-11-17 00:23:07 - [TEST_STEP][PASSED] - Statement - Status = text: null

2017-11-17 00:23:07 - [TEST_STEP][PASSED] - Statement - println(Status): null

2017-11-17 00:23:07 - [TEST_STEP][PASSED] - Statement - If (Status == "Pending-RDApproval"): com.helper.commonfunct.utilities.WOstatus is PASSED

2017-11-17 00:23:07 - [TEST_STEP][PASSED] - Statement - If (RDReject == false): null

2017-11-17 00:23:07 - [TEST_STEP][PASSED] - Statement - Else: com.helper.commonfunct.utilities.WOstatus is PASSED

2017-11-17 00:23:07 - [TEST_STEP][PASSED] - com.helper.commonfunct.utilities.login: com.helper.commonfunct.utilities.login is PASSED

2017-11-17 00:23:07 - [MESSAGE][WARNING] - A browser is already opened. Closing browser and opening a new one

2017-11-17 00:23:09 - [MESSAGE][PASSED] - Browser is opened with url: ''

2017-11-17 00:23:15 - [MESSAGE][PASSED] - Navigate to 'https://vtcpqa2.rpega.com:9030/tcpqa/PRServlet' successfully

2017-11-17 00:23:15 - [MESSAGE][PASSED] - Text 'langr1@pegasystems.com' is set on object 'Object Repository/input_UserIdentifier'

2017-11-17 00:23:15 - [MESSAGE][PASSED] - Text 'install' is set on object 'Object Repository/input_Password'

2017-11-17 00:23:34 - [MESSAGE][PASSED] - Keys 'ENTER + ' sent to object: 'Object Repository/input_Password'

2017-11-17 00:23:34 - [MESSAGE][PASSED] - com.helper.commonfunct.utilities.login is PASSED

2017-11-17 00:23:34 - [TEST_STEP][PASSED] - com.helper.commonfunct.utilities.search: com.helper.commonfunct.utilities.search is PASSED

2017-11-17 00:23:35 - [MESSAGE][PASSED] - Current window maximized

2017-11-17 00:23:40 - [MESSAGE][PASSED] - Delayed 5 second(s)

2017-11-17 00:23:40 - [MESSAGE][PASSED] - Text 'ECR-17Nov2017-3' is set on object 'Object Repository/EngInfo/search'

2017-11-17 00:23:45 - [MESSAGE][PASSED] - Delayed 5 second(s)

2017-11-17 00:23:46 - [MESSAGE][PASSED] - Keys 'ENTER + ' sent to object: 'Object Repository/EngInfo/search'

2017-11-17 00:23:51 - [MESSAGE][PASSED] - Delayed 5 second(s)

2017-11-17 00:23:51 - [MESSAGE][PASSED] - com.helper.commonfunct.utilities.search is PASSED

2017-11-17 00:23:51 - [TEST_STEP][PASSED] - maximizeWindow: Current window maximized

2017-11-17 00:23:51 - [MESSAGE][PASSED] - Current window maximized

2017-11-17 00:23:51 - [TEST_STEP][PASSED] - com.helper.commonfunct.utilities.reject: com.helper.commonfunct.utilities.reject is PASSED

2017-11-17 00:23:56 - [MESSAGE][PASSED] - Delayed 5 second(s)

2017-11-17 00:23:56 - [MESSAGE][WARNING] - Timeout '0' is invalid. Using default page load timeout: '30'

2017-11-17 00:23:59 - [MESSAGE][PASSED] - Object: 'Object Repository/Approve-Reject/link_assignment' is clicked on

2017-11-17 00:24:04 - [MESSAGE][PASSED] - Delayed 5 second(s)

2017-11-17 00:24:04 - [MESSAGE][WARNING] - Timeout '0' is invalid. Using default page load timeout: '30'

2017-11-17 00:24:04 - [MESSAGE][PASSED] - Scroll to object 'Object Repository/Approve-Reject/ReturnToRequestor' successfully

2017-11-17 00:24:04 - [MESSAGE][PASSED] - Object: 'Object Repository/Approve-Reject/ReturnToRequestor' is clicked on

2017-11-17 00:24:09 - [MESSAGE][PASSED] - Delayed 5 second(s)

2017-11-17 00:24:09 - [MESSAGE][PASSED] - Keys 'testing' sent to object: 'Object Repository/Approve-Reject/APPROVE_REJECT_NOTES'

2017-11-17 00:24:14 - [MESSAGE][PASSED] - Delayed 5 second(s)

2017-11-17 00:24:14 - [MESSAGE][WARNING] - Timeout '0' is invalid. Using default page load timeout: '30'

2017-11-17 00:24:14 - [MESSAGE][PASSED] - Scroll to object 'Object Repository/Generic/SUBMIT' successfully

2017-11-17 00:24:15 - [MESSAGE][PASSED] - Object: 'Object Repository/Generic/SUBMIT' is clicked on

2017-11-17 00:24:20 - [MESSAGE][PASSED] - Delayed 5 second(s)

2017-11-17 00:24:20 - [MESSAGE][PASSED] - com.helper.commonfunct.utilities.reject is PASSED

2017-11-17 00:24:20 - [TEST_STEP][PASSED] - Statement - RDReject = false: null

2017-11-17 00:24:20 - [TEST_STEP][PASSED] - com.helper.commonfunct.utilities.WOstatus: com.helper.commonfunct.utilities.WOstatus is PASSED

2017-11-17 00:24:20 - [MESSAGE][PASSED] - Text of object 'Object Repository/ECR/WOSTATUS' is: 'Pending-DocUpdate'

2017-11-17 00:24:20 - [MESSAGE][PASSED] - com.helper.commonfunct.utilities.WOstatus is PASSED

2017-11-17 00:24:20 - [TEST_STEP][FAILED] - Statement - For ([j = 0, j < AssignmentList.size(), (j++)]): Unable to scroll to object 'Object Repository/Generic/FINISH_BUTTON' (Root cause: com.kms.katalon.core.webui.exception.WebElementNotFoundException: Web element with id: 'Object Repository/Generic/FINISH_BUTTON' located by 'By.xpath: //button[contains(.,'Finish')]' not found)

2017-11-17 00:24:20 - [TEST_STEP][PASSED] - Statement - Status = text: null

2017-11-17 00:24:20 - [TEST_STEP][PASSED] - Statement - println(Status): null

2017-11-17 00:24:20 - [TEST_STEP][PASSED] - Statement - If (Status == "Pending-RDApproval"): null

2017-11-17 00:24:20 - [TEST_STEP][PASSED] - Statement - Else If (Status == "Pending-RLApproval"): null

2017-11-17 00:24:20 - [TEST_STEP][PASSED] - Statement - Else If (Status == "Pending-RDDApproval"): null

2017-11-17 00:24:20 - [TEST_STEP][PASSED] - Statement - Else If (Status == "Pending-OPSApproval"): null

2017-11-17 00:24:20 - [TEST_STEP][PASSED] - Statement - Else If (Status == "Pending-ExpSvcApproval"): null

2017-11-17 00:24:20 - [TEST_STEP][FAILED] - Statement - Else If (Status == "Pending-DocUpdate"): Unable to scroll to object 'Object Repository/Generic/FINISH_BUTTON' (Root cause: com.kms.katalon.core.webui.exception.WebElementNotFoundException: Web element with id: 'Object Repository/Generic/FINISH_BUTTON' located by 'By.xpath: //button[contains(.,'Finish')]' not found)

2017-11-17 00:24:20 - [TEST_STEP][PASSED] - Statement - If (Meeting == false): null

2017-11-17 00:24:20 - [TEST_STEP][FAILED] - Statement - Else: Unable to scroll to object 'Object Repository/Generic/FINISH_BUTTON' (Root cause: com.kms.katalon.core.webui.exception.WebElementNotFoundException: Web element with id: 'Object Repository/Generic/FINISH_BUTTON' located by 'By.xpath: //button[contains(.,'Finish')]' not found)

2017-11-17 00:24:20 - [TEST_STEP][PASSED] - com.helper.commonfunct.utilities.login: com.helper.commonfunct.utilities.login is PASSED

2017-11-17 00:24:20 - [MESSAGE][WARNING] - A browser is already opened. Closing browser and opening a new one

2017-11-17 00:24:23 - [MESSAGE][PASSED] - Browser is opened with url: ''

2017-11-17 00:24:28 - [MESSAGE][PASSED] - Navigate to 'https://vtcpqa2.rpega.com:9030/tcpqa/PRServlet' successfully

2017-11-17 00:24:28 - [MESSAGE][PASSED] - Text 'pogoa@pegasystems.com' is set on object 'Object Repository/input_UserIdentifier'

2017-11-17 00:24:28 - [MESSAGE][PASSED] - Text 'install' is set on object 'Object Repository/input_Password'

2017-11-17 00:24:46 - [MESSAGE][PASSED] - Keys 'ENTER + ' sent to object: 'Object Repository/input_Password'

2017-11-17 00:24:46 - [MESSAGE][PASSED] - com.helper.commonfunct.utilities.login is PASSED

2017-11-17 00:24:46 - [TEST_STEP][PASSED] - com.helper.commonfunct.utilities.search: com.helper.commonfunct.utilities.search is PASSED

2017-11-17 00:24:47 - [MESSAGE][PASSED] - Current window maximized

2017-11-17 00:24:52 - [MESSAGE][PASSED] - Delayed 5 second(s)

2017-11-17 00:24:52 - [MESSAGE][PASSED] - Text 'ECR-17Nov2017-3' is set on object 'Object Repository/EngInfo/search'

2017-11-17 00:24:57 - [MESSAGE][PASSED] - Delayed 5 second(s)

2017-11-17 00:24:57 - [MESSAGE][PASSED] - Keys 'ENTER + ' sent to object: 'Object Repository/EngInfo/search'

2017-11-17 00:25:02 - [MESSAGE][PASSED] - Delayed 5 second(s)

2017-11-17 00:25:02 - [MESSAGE][PASSED] - com.helper.commonfunct.utilities.search is PASSED

2017-11-17 00:25:02 - [TEST_STEP][PASSED] - maximizeWindow: Current window maximized

2017-11-17 00:25:02 - [MESSAGE][PASSED] - Current window maximized

2017-11-17 00:25:02 - [TEST_STEP][FAILED] - com.helper.commonfunct.utilities.docUpdateMeeting: Unable to scroll to object 'Object Repository/Generic/FINISH_BUTTON' (Root cause: com.kms.katalon.core.webui.exception.WebElementNotFoundException: Web element with id: 'Object Repository/Generic/FINISH_BUTTON' located by 'By.xpath: //button[contains(.,'Finish')]' not found)

2017-11-17 00:25:02 - [MESSAGE][WARNING] - Timeout '0' is invalid. Using default page load timeout: '30'

2017-11-17 00:25:09 - [MESSAGE][PASSED] - Delayed 5 second(s)

2017-11-17 00:25:12 - [MESSAGE][PASSED] - Object: 'Object Repository/Approve-Reject/linktoupdateEngData' is clicked on

2017-11-17 00:25:12 - [MESSAGE][WARNING] - Timeout '0' is invalid. Using default page load timeout: '30'

2017-11-17 00:25:12 - [MESSAGE][PASSED] - Scroll to object 'Object Repository/NEXT_BUTTON' successfully

2017-11-17 00:25:12 - [MESSAGE][PASSED] - Object: 'Object Repository/NEXT_BUTTON' is clicked on

2017-11-17 00:25:17 - [MESSAGE][PASSED] - Delayed 5 second(s)

2017-11-17 00:25:17 - [MESSAGE][WARNING] - Timeout '0' is invalid. Using default page load timeout: '30'

2017-11-17 00:25:17 - [MESSAGE][PASSED] - Scroll to object 'Object Repository/NEXT_BUTTON' successfully

2017-11-17 00:25:17 - [MESSAGE][PASSED] - Object: 'Object Repository/NEXT_BUTTON' is clicked on

2017-11-17 00:25:22 - [MESSAGE][PASSED] - Delayed 5 second(s)

2017-11-17 00:25:22 - [MESSAGE][WARNING] - Timeout '0' is invalid. Using default page load timeout: '30'

2017-11-17 00:25:54 - [MESSAGE][FAILED] - Unable to scroll to object 'Object Repository/Generic/FINISH_BUTTON' (Root cause: com.kms.katalon.core.webui.exception.WebElementNotFoundException: Web element with id: 'Object Repository/Generic/FINISH_BUTTON' located by 'By.xpath: //button[contains(.,'Finish')]' not found)
[[ATTACHMENT|C:\\Users\\nipin\\Katalon Studio\\COE\\Reports\\ECR_Approval_Reject_Recall\\20171116_233106\\1510896354321.png]]

2017-11-17 00:25:54 - [MESSAGE][FAILED] - Unable to scroll to object 'Object Repository/Generic/FINISH_BUTTON' (Root cause: com.kms.katalon.core.webui.exception.WebElementNotFoundException: Web element with id: 'Object Repository/Generic/FINISH_BUTTON' located by 'By.xpath: //button[contains(.,'Finish')]' not found)

2017-11-17 00:25:54 - [MESSAGE][FAILED] - Unable to call Test Case with id 'Test Cases/ECR/REF/ECR_Approval_Reject' (Root cause: Call Test Case 'Test Cases/ECR/REF/ECR_Approval_Reject' failed)]]></system-out>
         <system-err><![CDATA[2017-11-17 00:18:37 - [TEST_CASE][FAILED] - Test Cases/ECR/TC_ECR_Meeting_ExpertService_AllReject: Test Cases/ECR/TC_ECR_Meeting_ExpertService_AllReject FAILED because (of) Unable to scroll to object 'Object Repository/Generic/FINISH_BUTTON' (Root cause: com.kms.katalon.core.webui.exception.WebElementNotFoundException: Web element with id: 'Object Repository/Generic/FINISH_BUTTON' located by 'By.xpath: //button[contains(.,'Finish')]' not found)]]></system-err>
      </testcase>
      <testcase name="Test Cases/ECR/TC_ECR_Meeting_NoExpertService_AllReject" classname="Test Cases/ECR/TC_ECR_Meeting_NoExpertService_AllReject" status="FAILED">
         <failure type="FAILED" message="Unable to scroll to object 'Object Repository/Generic/FINISH_BUTTON' (Root cause: com.kms.katalon.core.webui.exception.WebElementNotFoundException: Web element with id: 'Object Repository/Generic/FINISH_BUTTON' located by 'By.xpath: //button[contains(.,'Finish')]' not found)"/>
         <system-out><![CDATA[2017-11-17 00:25:54 - [TEST_CASE][FAILED] - Test Cases/ECR/TC_ECR_Meeting_NoExpertService_AllReject: Test Cases/ECR/TC_ECR_Meeting_NoExpertService_AllReject FAILED because (of) Unable to scroll to object 'Object Repository/Generic/FINISH_BUTTON' (Root cause: com.kms.katalon.core.webui.exception.WebElementNotFoundException: Web element with id: 'Object Repository/Generic/FINISH_BUTTON' located by 'By.xpath: //button[contains(.,'Finish')]' not found)

2017-11-17 00:25:55 - [TEST_STEP][PASSED] - callTestCase: Call Test Case 'Test Cases/ECR/REF/ECR_Meeting_NoExpertService' successfully

2017-11-17 00:25:55 - [TEST_CASE][PASSED] - Test Cases/ECR/REF/ECR_Meeting_NoExpertService: Test Cases/ECR/REF/ECR_Meeting_NoExpertService

2017-11-17 00:25:55 - [TEST_STEP][PASSED] - com.helper.commonfunct.utilities.login: com.helper.commonfunct.utilities.login is PASSED

2017-11-17 00:25:55 - [MESSAGE][WARNING] - A browser is already opened. Closing browser and opening a new one

2017-11-17 00:25:58 - [MESSAGE][PASSED] - Browser is opened with url: ''

2017-11-17 00:26:03 - [MESSAGE][PASSED] - Navigate to 'https://vtcpqa2.rpega.com:9030/tcpqa/PRServlet' successfully

2017-11-17 00:26:03 - [MESSAGE][PASSED] - Text 'pogoa@pegasystems.com' is set on object 'Object Repository/input_UserIdentifier'

2017-11-17 00:26:03 - [MESSAGE][PASSED] - Text 'install' is set on object 'Object Repository/input_Password'

2017-11-17 00:26:16 - [MESSAGE][PASSED] - Keys 'ENTER + ' sent to object: 'Object Repository/input_Password'

2017-11-17 00:26:16 - [MESSAGE][PASSED] - com.helper.commonfunct.utilities.login is PASSED

2017-11-17 00:26:16 - [TEST_STEP][PASSED] - Statement - Meeting = true: null

2017-11-17 00:26:16 - [TEST_STEP][PASSED] - com.helper.commonfunct.utilities.ECRMeeting: com.helper.commonfunct.utilities.ECRMeeting is PASSED

2017-11-17 00:26:17 - [MESSAGE][PASSED] - Object: 'Object Repository/Generic/a_Actions' is clicked on

2017-11-17 00:26:19 - [MESSAGE][PASSED] - Object: 'Object Repository/span_New' is focused

2017-11-17 00:26:23 - [MESSAGE][PASSED] - Object: 'Object Repository/span_Bid Process' is clicked on

2017-11-17 00:26:23 - [MESSAGE][PASSED] - Object: 'Object Repository/ECR/BID_TYPE' is clicked on

2017-11-17 00:26:23 - [MESSAGE][PASSED] - Object 'Object Repository/button_Import' is present

2017-11-17 00:26:28 - [MESSAGE][PASSED] - Delayed 5 second(s)

2017-11-17 00:26:28 - [MESSAGE][PASSED] - Object: 'Object Repository/button_Import' is clicked on

2017-11-17 00:26:29 - [MESSAGE][PASSED] - File 'C:\Users\nipin\Desktop\Latest BSW\Final\ECR_WITH_MEETING.xlsm' sent to object: 'Object Repository/input_PpyWorkPageppyFilePath'

2017-11-17 00:26:34 - [MESSAGE][PASSED] - Delayed 5 second(s)

2017-11-17 00:26:34 - [MESSAGE][WARNING] - Timeout '0' is invalid. Using default page load timeout: '30'

2017-11-17 00:26:34 - [MESSAGE][PASSED] - Scroll to object 'Object Repository/button_Submit' successfully

2017-11-17 00:26:43 - [MESSAGE][PASSED] - Object: 'Object Repository/button_Submit' is clicked on

2017-11-17 00:26:43 - [MESSAGE][PASSED] - Object 'Object Repository/EngInfo/COID' is visible

2017-11-17 00:26:48 - [MESSAGE][PASSED] - Delayed 5 second(s)

2017-11-17 00:26:53 - [MESSAGE][PASSED] - Delayed 5 second(s)

2017-11-17 00:26:54 - [MESSAGE][PASSED] - Text 'BOFA' is set on object 'Object Repository/Generic/ORG'

2017-11-17 00:26:59 - [MESSAGE][PASSED] - Delayed 5 second(s)

2017-11-17 00:26:59 - [MESSAGE][PASSED] - Keys 'TAB + ' sent to object: 'Object Repository/Generic/ORG'

2017-11-17 00:27:04 - [MESSAGE][PASSED] - Delayed 5 second(s)

2017-11-17 00:27:04 - [MESSAGE][PASSED] - Text 'BOFA' is set on object 'Object Repository/Generic/ACC'

2017-11-17 00:27:04 - [MESSAGE][PASSED] - Keys 'TAB + ' sent to object: 'Object Repository/Generic/ACC'

2017-11-17 00:27:09 - [MESSAGE][PASSED] - Delayed 5 second(s)

2017-11-17 00:27:09 - [MESSAGE][PASSED] - Text 'AUTOTEST1' is set on object 'Object Repository/Generic/ENG_DESC'

2017-11-17 00:27:14 - [MESSAGE][PASSED] - Delayed 5 second(s)

2017-11-17 00:27:14 - [MESSAGE][PASSED] - Scroll to object 'Object Repository/Generic/SUBMIT' successfully

2017-11-17 00:27:14 - [MESSAGE][PASSED] - Object: 'Object Repository/Generic/SUBMIT' is clicked on

2017-11-17 00:27:15 - [MESSAGE][PASSED] - Wait for page load successfully

2017-11-17 00:27:20 - [MESSAGE][PASSED] - Delayed 5 second(s)

2017-11-17 00:27:21 - [MESSAGE][PASSED] - Text 'CO-123' is set on object 'Object Repository/EngInfo/COID'

2017-11-17 00:27:21 - [MESSAGE][PASSED] - Wait for page load successfully

2017-11-17 00:27:26 - [MESSAGE][PASSED] - Delayed 5 second(s)

2017-11-17 00:27:26 - [MESSAGE][PASSED] - Keys 'Jeff Henderson ' sent to object: 'Object Repository/EngInfo/PL'

2017-11-17 00:27:31 - [MESSAGE][PASSED] - Delayed 5 second(s)

2017-11-17 00:27:31 - [MESSAGE][PASSED] - Keys 'Robert Higgins' sent to object: 'Object Repository/EngInfo/PLTL'

2017-11-17 00:27:36 - [MESSAGE][PASSED] - Delayed 5 second(s)

2017-11-17 00:27:37 - [MESSAGE][PASSED] - Keys 'Eric Panepinto' sent to object: 'Object Repository/EngInfo/RL'

2017-11-17 00:27:42 - [MESSAGE][PASSED] - Delayed 5 second(s)

2017-11-17 00:27:42 - [MESSAGE][PASSED] - Keys 'Robert Lang' sent to object: 'Object Repository/EngInfo/RD'

2017-11-17 00:27:47 - [MESSAGE][PASSED] - Delayed 5 second(s)

2017-11-17 00:27:52 - [MESSAGE][PASSED] - Delayed 5 second(s)

2017-11-17 00:27:52 - [MESSAGE][PASSED] - Object: 'Object Repository/Generic/MorethanOneRLS' is clicked on

2017-11-17 00:27:57 - [MESSAGE][PASSED] - Delayed 5 second(s)

2017-11-17 00:27:57 - [MESSAGE][PASSED] - Object: 'Object Repository/Generic/RapidDelivery' is clicked on

2017-11-17 00:28:02 - [MESSAGE][PASSED] - Delayed 5 second(s)

2017-11-17 00:28:03 - [MESSAGE][PASSED] - Object: 'Object Repository/Generic/methodology' is clicked on

2017-11-17 00:28:08 - [MESSAGE][PASSED] - Delayed 5 second(s)

2017-11-17 00:28:08 - [MESSAGE][PASSED] - Text '85000' is set on object 'Object Repository/ECR/Licence'

2017-11-17 00:28:13 - [MESSAGE][PASSED] - Delayed 5 second(s)

2017-11-17 00:28:13 - [MESSAGE][PASSED] - Keys 'AMPchroma' sent to object: 'Object Repository/Generic/PlatformID'

2017-11-17 00:28:18 - [MESSAGE][PASSED] - Delayed 5 second(s)

2017-11-17 00:28:18 - [MESSAGE][PASSED] - Keys 'N/A' sent to object: 'Object Repository/Generic/PlatformVersion'

2017-11-17 00:28:23 - [MESSAGE][PASSED] - Delayed 5 second(s)

2017-11-17 00:28:23 - [MESSAGE][PASSED] - Object: 'Object Repository/Generic/PlatformTrue' is clicked on

2017-11-17 00:28:24 - [MESSAGE][PASSED] - Scroll to object 'Object Repository/NEXT_BUTTON' successfully

2017-11-17 00:28:24 - [MESSAGE][PASSED] - Object: 'Object Repository/NEXT_BUTTON' is clicked on

2017-11-17 00:28:29 - [MESSAGE][PASSED] - Delayed 5 second(s)

2017-11-17 00:28:29 - [MESSAGE][PASSED] - Text '12/6/2017 11:27 AM' is set on object 'Object Repository/EngInfo/MeetingDate'

2017-11-17 00:28:34 - [MESSAGE][PASSED] - Delayed 5 second(s)

2017-11-17 00:28:35 - [MESSAGE][PASSED] - Text 'TEsting' is set on object 'Object Repository/EngInfo/instruction'

2017-11-17 00:28:40 - [MESSAGE][PASSED] - Delayed 5 second(s)

2017-11-17 00:28:40 - [MESSAGE][PASSED] - Text '' is set on object 'Object Repository/EngInfo/AE'

2017-11-17 00:28:45 - [MESSAGE][PASSED] - Delayed 5 second(s)

2017-11-17 00:28:45 - [MESSAGE][PASSED] - Text 'Nagaveni Nipinale' is set on object 'Object Repository/EngInfo/AE'

2017-11-17 00:28:45 - [MESSAGE][PASSED] - Object: 'Object Repository/EngInfo/isCloudInitiativeYes' is clicked on

2017-11-17 00:28:50 - [MESSAGE][PASSED] - Delayed 5 second(s)

2017-11-17 00:28:50 - [MESSAGE][PASSED] - Object: 'Object Repository/EngInfo/IsPegaMarketingYes' is clicked on

2017-11-17 00:28:55 - [MESSAGE][PASSED] - Delayed 5 second(s)

2017-11-17 00:28:56 - [MESSAGE][PASSED] - Object: 'Object Repository/EngInfo/IsPegaMobileYes' is clicked on

2017-11-17 00:29:01 - [MESSAGE][PASSED] - Delayed 5 second(s)

2017-11-17 00:29:06 - [MESSAGE][PASSED] - Delayed 5 second(s)

2017-11-17 00:29:11 - [MESSAGE][PASSED] - Delayed 5 second(s)

2017-11-17 00:29:11 - [MESSAGE][PASSED] - Scroll to object 'Object Repository/NEXT_BUTTON' successfully

2017-11-17 00:29:11 - [MESSAGE][PASSED] - Object: 'Object Repository/NEXT_BUTTON' is clicked on

2017-11-17 00:29:16 - [MESSAGE][PASSED] - Delayed 5 second(s)

2017-11-17 00:29:16 - [MESSAGE][PASSED] - Scroll to object 'Object Repository/NEXT_BUTTON' successfully

2017-11-17 00:29:16 - [MESSAGE][PASSED] - Object: 'Object Repository/NEXT_BUTTON' is clicked on

2017-11-17 00:29:21 - [MESSAGE][PASSED] - Delayed 5 second(s)

2017-11-17 00:29:21 - [MESSAGE][PASSED] - Scroll to object 'Object Repository/Generic/FINISH_BUTTON' successfully

2017-11-17 00:29:21 - [MESSAGE][PASSED] - Object: 'Object Repository/Generic/FINISH_BUTTON' is clicked on

2017-11-17 00:29:26 - [MESSAGE][PASSED] - Delayed 5 second(s)

2017-11-17 00:29:26 - [MESSAGE][PASSED] - Object: 'Object Repository/EngInfo/Continue' is clicked on

2017-11-17 00:29:31 - [MESSAGE][PASSED] - Delayed 5 second(s)

2017-11-17 00:29:36 - [MESSAGE][PASSED] - Delayed 5 second(s)

2017-11-17 00:29:38 - [MESSAGE][PASSED] - Object: 'Object Repository/Approve-Reject/attachdoc' is clicked on

2017-11-17 00:29:43 - [MESSAGE][PASSED] - Delayed 5 second(s)

2017-11-17 00:29:43 - [MESSAGE][PASSED] - Keys 'testing' sent to object: 'Object Repository/ECR_MEETING/BSW_TEXT'

2017-11-17 00:29:48 - [MESSAGE][PASSED] - Delayed 5 second(s)

2017-11-17 00:29:48 - [MESSAGE][PASSED] - Keys 'testing' sent to object: 'Object Repository/ECR_MEETING/ESTIMATE_TEXT'

2017-11-17 00:29:53 - [MESSAGE][PASSED] - Delayed 5 second(s)

2017-11-17 00:29:53 - [MESSAGE][PASSED] - Keys 'testing' sent to object: 'Object Repository/ECR_MEETING/OTHER_TEXT'

2017-11-17 00:29:58 - [MESSAGE][PASSED] - Delayed 5 second(s)

2017-11-17 00:29:58 - [MESSAGE][PASSED] - Keys 'testing' sent to object: 'Object Repository/ECR_MEETING/PRIAGE_TEXT'

2017-11-17 00:30:03 - [MESSAGE][PASSED] - Delayed 5 second(s)

2017-11-17 00:30:04 - [MESSAGE][PASSED] - Keys 'testing' sent to object: 'Object Repository/ECR_MEETING/SIZING_TEXT'

2017-11-17 00:30:09 - [MESSAGE][PASSED] - Delayed 5 second(s)

2017-11-17 00:30:09 - [MESSAGE][PASSED] - Keys 'testing' sent to object: 'Object Repository/Approve-Reject/APPROVE_REJECT_NOTES'

2017-11-17 00:30:14 - [MESSAGE][PASSED] - Delayed 5 second(s)

2017-11-17 00:30:14 - [MESSAGE][WARNING] - Timeout '0' is invalid. Using default page load timeout: '30'

2017-11-17 00:30:14 - [MESSAGE][PASSED] - Scroll to object 'Object Repository/Generic/SUBMIT' successfully

2017-11-17 00:30:14 - [MESSAGE][PASSED] - Object: 'Object Repository/Generic/SUBMIT' is clicked on

2017-11-17 00:30:19 - [MESSAGE][PASSED] - Delayed 5 second(s)

2017-11-17 00:30:20 - [MESSAGE][PASSED] - Text of object 'Object Repository/WO' is: 'ECR-17Nov2017-4'

2017-11-17 00:30:20 - [MESSAGE][PASSED] - Text of object 'Object Repository/ECR/WOSTATUS' is: 'Pending-RDApproval'

2017-11-17 00:30:20 - [MESSAGE][PASSED] - com.helper.commonfunct.utilities.ECRMeeting is PASSED

2017-11-17 00:30:20 - [MESSAGE][PASSED] - Call Test Case 'Test Cases/ECR/REF/ECR_Meeting_NoExpertService' successfully

2017-11-17 00:30:20 - [TEST_STEP][PASSED] - com.helper.commonfunct.utilities.setprop: com.helper.commonfunct.utilities.setprop is PASSED

2017-11-17 00:30:20 - [MESSAGE][PASSED] - com.helper.commonfunct.utilities.setprop is PASSED

2017-11-17 00:30:20 - [TEST_STEP][FAILED] - callTestCase: Unable to call Test Case with id 'Test Cases/ECR/REF/ECR_Approval_Reject' (Root cause: Call Test Case 'Test Cases/ECR/REF/ECR_Approval_Reject' failed)

2017-11-17 00:30:20 - [TEST_CASE][FAILED] - Test Cases/ECR/REF/ECR_Approval_Reject: Test Cases/ECR/REF/ECR_Approval_Reject FAILED because (of) Unable to scroll to object 'Object Repository/Generic/FINISH_BUTTON' (Root cause: com.kms.katalon.core.webui.exception.WebElementNotFoundException: Web element with id: 'Object Repository/Generic/FINISH_BUTTON' located by 'By.xpath: //button[contains(.,'Finish')]' not found)

2017-11-17 00:30:20 - [TEST_STEP][FAILED] - Statement - While (WOSTATUS.contains("Pending")): Unable to scroll to object 'Object Repository/Generic/FINISH_BUTTON' (Root cause: com.kms.katalon.core.webui.exception.WebElementNotFoundException: Web element with id: 'Object Repository/Generic/FINISH_BUTTON' located by 'By.xpath: //button[contains(.,'Finish')]' not found)

2017-11-17 00:30:20 - [TEST_STEP][PASSED] - Statement - For ([j = 0, j < AssignmentList.size(), (j++)]): com.helper.commonfunct.utilities.WOstatus is PASSED

2017-11-17 00:30:20 - [TEST_STEP][PASSED] - Statement - Status = text: null

2017-11-17 00:30:20 - [TEST_STEP][PASSED] - Statement - println(Status): null

2017-11-17 00:30:20 - [TEST_STEP][PASSED] - Statement - If (Status == "Pending-RDApproval"): com.helper.commonfunct.utilities.WOstatus is PASSED

2017-11-17 00:30:20 - [TEST_STEP][PASSED] - Statement - If (RDReject == false): null

2017-11-17 00:30:20 - [TEST_STEP][PASSED] - Statement - Else: com.helper.commonfunct.utilities.WOstatus is PASSED

2017-11-17 00:30:20 - [TEST_STEP][PASSED] - com.helper.commonfunct.utilities.login: com.helper.commonfunct.utilities.login is PASSED

2017-11-17 00:30:20 - [MESSAGE][WARNING] - A browser is already opened. Closing browser and opening a new one

2017-11-17 00:30:23 - [MESSAGE][PASSED] - Browser is opened with url: ''

2017-11-17 00:30:28 - [MESSAGE][PASSED] - Navigate to 'https://vtcpqa2.rpega.com:9030/tcpqa/PRServlet' successfully

2017-11-17 00:30:29 - [MESSAGE][PASSED] - Text 'langr1@pegasystems.com' is set on object 'Object Repository/input_UserIdentifier'

2017-11-17 00:30:29 - [MESSAGE][PASSED] - Text 'install' is set on object 'Object Repository/input_Password'

2017-11-17 00:30:49 - [MESSAGE][PASSED] - Keys 'ENTER + ' sent to object: 'Object Repository/input_Password'

2017-11-17 00:30:49 - [MESSAGE][PASSED] - com.helper.commonfunct.utilities.login is PASSED

2017-11-17 00:30:49 - [TEST_STEP][PASSED] - com.helper.commonfunct.utilities.search: com.helper.commonfunct.utilities.search is PASSED

2017-11-17 00:30:50 - [MESSAGE][PASSED] - Current window maximized

2017-11-17 00:30:55 - [MESSAGE][PASSED] - Delayed 5 second(s)

2017-11-17 00:30:56 - [MESSAGE][PASSED] - Text 'ECR-17Nov2017-4' is set on object 'Object Repository/EngInfo/search'

2017-11-17 00:31:01 - [MESSAGE][PASSED] - Delayed 5 second(s)

2017-11-17 00:31:01 - [MESSAGE][PASSED] - Keys 'ENTER + ' sent to object: 'Object Repository/EngInfo/search'

2017-11-17 00:31:06 - [MESSAGE][PASSED] - Delayed 5 second(s)

2017-11-17 00:31:06 - [MESSAGE][PASSED] - com.helper.commonfunct.utilities.search is PASSED

2017-11-17 00:31:06 - [TEST_STEP][PASSED] - maximizeWindow: Current window maximized

2017-11-17 00:31:06 - [MESSAGE][PASSED] - Current window maximized

2017-11-17 00:31:06 - [TEST_STEP][PASSED] - com.helper.commonfunct.utilities.reject: com.helper.commonfunct.utilities.reject is PASSED

2017-11-17 00:31:11 - [MESSAGE][PASSED] - Delayed 5 second(s)

2017-11-17 00:31:11 - [MESSAGE][WARNING] - Timeout '0' is invalid. Using default page load timeout: '30'

2017-11-17 00:31:16 - [MESSAGE][PASSED] - Object: 'Object Repository/Approve-Reject/link_assignment' is clicked on

2017-11-17 00:31:21 - [MESSAGE][PASSED] - Delayed 5 second(s)

2017-11-17 00:31:21 - [MESSAGE][WARNING] - Timeout '0' is invalid. Using default page load timeout: '30'

2017-11-17 00:31:21 - [MESSAGE][PASSED] - Scroll to object 'Object Repository/Approve-Reject/ReturnToRequestor' successfully

2017-11-17 00:31:21 - [MESSAGE][PASSED] - Object: 'Object Repository/Approve-Reject/ReturnToRequestor' is clicked on

2017-11-17 00:31:26 - [MESSAGE][PASSED] - Delayed 5 second(s)

2017-11-17 00:31:26 - [MESSAGE][PASSED] - Keys 'testing' sent to object: 'Object Repository/Approve-Reject/APPROVE_REJECT_NOTES'

2017-11-17 00:31:31 - [MESSAGE][PASSED] - Delayed 5 second(s)

2017-11-17 00:31:32 - [MESSAGE][WARNING] - Timeout '0' is invalid. Using default page load timeout: '30'

2017-11-17 00:31:32 - [MESSAGE][PASSED] - Scroll to object 'Object Repository/Generic/SUBMIT' successfully

2017-11-17 00:31:32 - [MESSAGE][PASSED] - Object: 'Object Repository/Generic/SUBMIT' is clicked on

2017-11-17 00:31:37 - [MESSAGE][PASSED] - Delayed 5 second(s)

2017-11-17 00:31:37 - [MESSAGE][PASSED] - com.helper.commonfunct.utilities.reject is PASSED

2017-11-17 00:31:37 - [TEST_STEP][PASSED] - Statement - RDReject = false: null

2017-11-17 00:31:37 - [TEST_STEP][PASSED] - com.helper.commonfunct.utilities.WOstatus: com.helper.commonfunct.utilities.WOstatus is PASSED

2017-11-17 00:31:37 - [MESSAGE][PASSED] - Text of object 'Object Repository/ECR/WOSTATUS' is: 'Pending-DocUpdate'

2017-11-17 00:31:37 - [MESSAGE][PASSED] - com.helper.commonfunct.utilities.WOstatus is PASSED

2017-11-17 00:31:37 - [TEST_STEP][FAILED] - Statement - For ([j = 0, j < AssignmentList.size(), (j++)]): Unable to scroll to object 'Object Repository/Generic/FINISH_BUTTON' (Root cause: com.kms.katalon.core.webui.exception.WebElementNotFoundException: Web element with id: 'Object Repository/Generic/FINISH_BUTTON' located by 'By.xpath: //button[contains(.,'Finish')]' not found)

2017-11-17 00:31:37 - [TEST_STEP][PASSED] - Statement - Status = text: null

2017-11-17 00:31:37 - [TEST_STEP][PASSED] - Statement - println(Status): null

2017-11-17 00:31:37 - [TEST_STEP][PASSED] - Statement - If (Status == "Pending-RDApproval"): null

2017-11-17 00:31:37 - [TEST_STEP][PASSED] - Statement - Else If (Status == "Pending-RLApproval"): null

2017-11-17 00:31:37 - [TEST_STEP][PASSED] - Statement - Else If (Status == "Pending-RDDApproval"): null

2017-11-17 00:31:37 - [TEST_STEP][PASSED] - Statement - Else If (Status == "Pending-OPSApproval"): null

2017-11-17 00:31:37 - [TEST_STEP][PASSED] - Statement - Else If (Status == "Pending-ExpSvcApproval"): null

2017-11-17 00:31:37 - [TEST_STEP][FAILED] - Statement - Else If (Status == "Pending-DocUpdate"): Unable to scroll to object 'Object Repository/Generic/FINISH_BUTTON' (Root cause: com.kms.katalon.core.webui.exception.WebElementNotFoundException: Web element with id: 'Object Repository/Generic/FINISH_BUTTON' located by 'By.xpath: //button[contains(.,'Finish')]' not found)

2017-11-17 00:31:37 - [TEST_STEP][PASSED] - Statement - If (Meeting == false): null

2017-11-17 00:31:37 - [TEST_STEP][FAILED] - Statement - Else: Unable to scroll to object 'Object Repository/Generic/FINISH_BUTTON' (Root cause: com.kms.katalon.core.webui.exception.WebElementNotFoundException: Web element with id: 'Object Repository/Generic/FINISH_BUTTON' located by 'By.xpath: //button[contains(.,'Finish')]' not found)

2017-11-17 00:31:37 - [TEST_STEP][PASSED] - com.helper.commonfunct.utilities.login: com.helper.commonfunct.utilities.login is PASSED

2017-11-17 00:31:37 - [MESSAGE][WARNING] - A browser is already opened. Closing browser and opening a new one

2017-11-17 00:31:40 - [MESSAGE][PASSED] - Browser is opened with url: ''

2017-11-17 00:31:45 - [MESSAGE][PASSED] - Navigate to 'https://vtcpqa2.rpega.com:9030/tcpqa/PRServlet' successfully

2017-11-17 00:31:45 - [MESSAGE][PASSED] - Text 'pogoa@pegasystems.com' is set on object 'Object Repository/input_UserIdentifier'

2017-11-17 00:31:45 - [MESSAGE][PASSED] - Text 'install' is set on object 'Object Repository/input_Password'

2017-11-17 00:32:05 - [MESSAGE][PASSED] - Keys 'ENTER + ' sent to object: 'Object Repository/input_Password'

2017-11-17 00:32:05 - [MESSAGE][PASSED] - com.helper.commonfunct.utilities.login is PASSED

2017-11-17 00:32:05 - [TEST_STEP][PASSED] - com.helper.commonfunct.utilities.search: com.helper.commonfunct.utilities.search is PASSED

2017-11-17 00:32:06 - [MESSAGE][PASSED] - Current window maximized

2017-11-17 00:32:11 - [MESSAGE][PASSED] - Delayed 5 second(s)

2017-11-17 00:32:11 - [MESSAGE][PASSED] - Text 'ECR-17Nov2017-4' is set on object 'Object Repository/EngInfo/search'

2017-11-17 00:32:16 - [MESSAGE][PASSED] - Delayed 5 second(s)

2017-11-17 00:32:16 - [MESSAGE][PASSED] - Keys 'ENTER + ' sent to object: 'Object Repository/EngInfo/search'

2017-11-17 00:32:21 - [MESSAGE][PASSED] - Delayed 5 second(s)

2017-11-17 00:32:21 - [MESSAGE][PASSED] - com.helper.commonfunct.utilities.search is PASSED

2017-11-17 00:32:21 - [TEST_STEP][PASSED] - maximizeWindow: Current window maximized

2017-11-17 00:32:21 - [MESSAGE][PASSED] - Current window maximized

2017-11-17 00:32:21 - [TEST_STEP][FAILED] - com.helper.commonfunct.utilities.docUpdateMeeting: Unable to scroll to object 'Object Repository/Generic/FINISH_BUTTON' (Root cause: com.kms.katalon.core.webui.exception.WebElementNotFoundException: Web element with id: 'Object Repository/Generic/FINISH_BUTTON' located by 'By.xpath: //button[contains(.,'Finish')]' not found)

2017-11-17 00:32:21 - [MESSAGE][WARNING] - Timeout '0' is invalid. Using default page load timeout: '30'

2017-11-17 00:32:26 - [MESSAGE][PASSED] - Delayed 5 second(s)

2017-11-17 00:32:29 - [MESSAGE][PASSED] - Object: 'Object Repository/Approve-Reject/linktoupdateEngData' is clicked on

2017-11-17 00:32:29 - [MESSAGE][WARNING] - Timeout '0' is invalid. Using default page load timeout: '30'

2017-11-17 00:32:29 - [MESSAGE][PASSED] - Scroll to object 'Object Repository/NEXT_BUTTON' successfully

2017-11-17 00:32:29 - [MESSAGE][PASSED] - Object: 'Object Repository/NEXT_BUTTON' is clicked on

2017-11-17 00:32:34 - [MESSAGE][PASSED] - Delayed 5 second(s)

2017-11-17 00:32:34 - [MESSAGE][WARNING] - Timeout '0' is invalid. Using default page load timeout: '30'

2017-11-17 00:32:34 - [MESSAGE][PASSED] - Scroll to object 'Object Repository/NEXT_BUTTON' successfully

2017-11-17 00:32:34 - [MESSAGE][PASSED] - Object: 'Object Repository/NEXT_BUTTON' is clicked on

2017-11-17 00:32:39 - [MESSAGE][PASSED] - Delayed 5 second(s)

2017-11-17 00:32:39 - [MESSAGE][WARNING] - Timeout '0' is invalid. Using default page load timeout: '30'

2017-11-17 00:33:11 - [MESSAGE][FAILED] - Unable to scroll to object 'Object Repository/Generic/FINISH_BUTTON' (Root cause: com.kms.katalon.core.webui.exception.WebElementNotFoundException: Web element with id: 'Object Repository/Generic/FINISH_BUTTON' located by 'By.xpath: //button[contains(.,'Finish')]' not found)
[[ATTACHMENT|C:\\Users\\nipin\\Katalon Studio\\COE\\Reports\\ECR_Approval_Reject_Recall\\20171116_233106\\1510896790979.png]]

2017-11-17 00:33:11 - [MESSAGE][FAILED] - Unable to scroll to object 'Object Repository/Generic/FINISH_BUTTON' (Root cause: com.kms.katalon.core.webui.exception.WebElementNotFoundException: Web element with id: 'Object Repository/Generic/FINISH_BUTTON' located by 'By.xpath: //button[contains(.,'Finish')]' not found)

2017-11-17 00:33:11 - [MESSAGE][FAILED] - Unable to call Test Case with id 'Test Cases/ECR/REF/ECR_Approval_Reject' (Root cause: Call Test Case 'Test Cases/ECR/REF/ECR_Approval_Reject' failed)]]></system-out>
         <system-err><![CDATA[2017-11-17 00:25:54 - [TEST_CASE][FAILED] - Test Cases/ECR/TC_ECR_Meeting_NoExpertService_AllReject: Test Cases/ECR/TC_ECR_Meeting_NoExpertService_AllReject FAILED because (of) Unable to scroll to object 'Object Repository/Generic/FINISH_BUTTON' (Root cause: com.kms.katalon.core.webui.exception.WebElementNotFoundException: Web element with id: 'Object Repository/Generic/FINISH_BUTTON' located by 'By.xpath: //button[contains(.,'Finish')]' not found)]]></system-err>
      </testcase>
      <testcase name="Test Cases/ECR/TC_ECR_NoMeeting_NoRoutingToRL_AllApproval" classname="Test Cases/ECR/TC_ECR_NoMeeting_NoRoutingToRL_AllApproval" status="ERROR">
         <error type="ERROR" message="Test Cases/ECR/TC_ECR_NoMeeting_NoRoutingToRL_AllApproval FAILED because (of) org.codehaus.groovy.runtime.metaclass.MissingMethodExceptionNoStack: No signature of method: com.helper.commonfunct.utilities.gsOpsReject() is applicable for argument types: () values: []
Possible solutions: gsopsReject()"/>
         <system-out><![CDATA[2017-11-17 00:33:11 - [TEST_CASE][ERROR] - Test Cases/ECR/TC_ECR_NoMeeting_NoRoutingToRL_AllApproval: Test Cases/ECR/TC_ECR_NoMeeting_NoRoutingToRL_AllApproval FAILED because (of) org.codehaus.groovy.runtime.metaclass.MissingMethodExceptionNoStack: No signature of method: com.helper.commonfunct.utilities.gsOpsReject() is applicable for argument types: () values: []
Possible solutions: gsopsReject()

2017-11-17 00:33:11 - [TEST_STEP][PASSED] - callTestCase: Call Test Case 'Test Cases/ECR/REF/ECR_Lite_NoExpertService' successfully

2017-11-17 00:33:11 - [TEST_CASE][PASSED] - Test Cases/ECR/REF/ECR_Lite_NoExpertService: Test Cases/ECR/REF/ECR_Lite_NoExpertService

2017-11-17 00:33:11 - [TEST_STEP][PASSED] - com.helper.commonfunct.utilities.login: com.helper.commonfunct.utilities.login is PASSED

2017-11-17 00:33:11 - [MESSAGE][WARNING] - A browser is already opened. Closing browser and opening a new one

2017-11-17 00:33:14 - [MESSAGE][PASSED] - Browser is opened with url: ''

2017-11-17 00:33:20 - [MESSAGE][PASSED] - Navigate to 'https://vtcpqa2.rpega.com:9030/tcpqa/PRServlet' successfully

2017-11-17 00:33:20 - [MESSAGE][PASSED] - Text 'pogoa@pegasystems.com' is set on object 'Object Repository/input_UserIdentifier'

2017-11-17 00:33:20 - [MESSAGE][PASSED] - Text 'install' is set on object 'Object Repository/input_Password'

2017-11-17 00:33:32 - [MESSAGE][PASSED] - Keys 'ENTER + ' sent to object: 'Object Repository/input_Password'

2017-11-17 00:33:32 - [MESSAGE][PASSED] - com.helper.commonfunct.utilities.login is PASSED

2017-11-17 00:33:32 - [TEST_STEP][PASSED] - com.helper.commonfunct.utilities.createECR: com.helper.commonfunct.utilities.createECR is PASSED

2017-11-17 00:33:32 - [MESSAGE][PASSED] - Object: 'Object Repository/Generic/a_Actions' is clicked on

2017-11-17 00:33:33 - [MESSAGE][PASSED] - Object: 'Object Repository/span_New' is focused

2017-11-17 00:33:38 - [MESSAGE][PASSED] - Object: 'Object Repository/span_Bid Process' is clicked on

2017-11-17 00:33:38 - [MESSAGE][PASSED] - Object: 'Object Repository/ECR/BID_TYPE' is clicked on

2017-11-17 00:33:38 - [MESSAGE][PASSED] - Object 'Object Repository/button_Import' is present

2017-11-17 00:33:43 - [MESSAGE][PASSED] - Delayed 5 second(s)

2017-11-17 00:33:43 - [MESSAGE][PASSED] - Object: 'Object Repository/button_Import' is clicked on

2017-11-17 00:33:44 - [MESSAGE][PASSED] - File 'C:\Users\nipin\Desktop\Latest BSW\Final\ECR_LITE_EXPSVC.xlsm' sent to object: 'Object Repository/input_PpyWorkPageppyFilePath'

2017-11-17 00:33:49 - [MESSAGE][PASSED] - Delayed 5 second(s)

2017-11-17 00:33:49 - [MESSAGE][WARNING] - Timeout '0' is invalid. Using default page load timeout: '30'

2017-11-17 00:33:49 - [MESSAGE][PASSED] - Scroll to object 'Object Repository/button_Submit' successfully

2017-11-17 00:33:54 - [MESSAGE][PASSED] - Object: 'Object Repository/button_Submit' is clicked on

2017-11-17 00:33:54 - [MESSAGE][PASSED] - Object 'Object Repository/EngInfo/COID' is visible

2017-11-17 00:33:59 - [MESSAGE][PASSED] - Delayed 5 second(s)

2017-11-17 00:34:04 - [MESSAGE][PASSED] - Delayed 5 second(s)

2017-11-17 00:34:04 - [MESSAGE][PASSED] - Text 'BOFA' is set on object 'Object Repository/Generic/ORG'

2017-11-17 00:34:09 - [MESSAGE][PASSED] - Delayed 5 second(s)

2017-11-17 00:34:09 - [MESSAGE][PASSED] - Keys 'TAB + ' sent to object: 'Object Repository/Generic/ORG'

2017-11-17 00:34:14 - [MESSAGE][PASSED] - Delayed 5 second(s)

2017-11-17 00:34:14 - [MESSAGE][PASSED] - Text 'BOFA' is set on object 'Object Repository/Generic/ACC'

2017-11-17 00:34:19 - [MESSAGE][PASSED] - Delayed 5 second(s)

2017-11-17 00:34:20 - [MESSAGE][PASSED] - Keys 'TAB + ' sent to object: 'Object Repository/Generic/ACC'

2017-11-17 00:34:25 - [MESSAGE][PASSED] - Delayed 5 second(s)

2017-11-17 00:34:25 - [MESSAGE][PASSED] - Text 'AUTOTEST1' is set on object 'Object Repository/Generic/ENG_DESC'

2017-11-17 00:34:30 - [MESSAGE][PASSED] - Delayed 5 second(s)

2017-11-17 00:34:30 - [MESSAGE][WARNING] - Timeout '0' is invalid. Using default page load timeout: '30'

2017-11-17 00:34:30 - [MESSAGE][PASSED] - Scroll to object 'Object Repository/Generic/SUBMIT' successfully

2017-11-17 00:34:30 - [MESSAGE][PASSED] - Object: 'Object Repository/Generic/SUBMIT' is clicked on

2017-11-17 00:34:35 - [MESSAGE][PASSED] - Delayed 5 second(s)

2017-11-17 00:34:36 - [MESSAGE][PASSED] - Text 'CO-12' is set on object 'Object Repository/EngInfo/COID'

2017-11-17 00:34:43 - [MESSAGE][PASSED] - Delayed 7 second(s)

2017-11-17 00:34:43 - [MESSAGE][PASSED] - Wait for page load successfully

2017-11-17 00:34:43 - [MESSAGE][PASSED] - Object: 'Object Repository/Generic/gapDrivenMethodology' is clicked on

2017-11-17 00:34:48 - [MESSAGE][PASSED] - Delayed 5 second(s)

2017-11-17 00:34:48 - [MESSAGE][PASSED] - Object: 'Object Repository/Generic/RapidDelivery' is clicked on

2017-11-17 00:34:53 - [MESSAGE][PASSED] - Delayed 5 second(s)

2017-11-17 00:34:53 - [MESSAGE][PASSED] - Object: 'Object Repository/Generic/MorethanOneRLS' is clicked on

2017-11-17 00:34:58 - [MESSAGE][PASSED] - Delayed 5 second(s)

2017-11-17 00:34:59 - [MESSAGE][PASSED] - Text '85000' is set on object 'Object Repository/ECR/Licence'

2017-11-17 00:35:04 - [MESSAGE][PASSED] - Delayed 5 second(s)

2017-11-17 00:35:04 - [MESSAGE][PASSED] - Object 'Object Repository/Generic/platform' is visible

2017-11-17 00:35:09 - [MESSAGE][PASSED] - Delayed 5 second(s)

2017-11-17 00:35:09 - [MESSAGE][PASSED] - Keys 'AMPchroma' sent to object: 'Object Repository/Generic/PlatformID'

2017-11-17 00:35:14 - [MESSAGE][PASSED] - Delayed 5 second(s)

2017-11-17 00:35:14 - [MESSAGE][PASSED] - Keys 'N/A' sent to object: 'Object Repository/Generic/PlatformVersion'

2017-11-17 00:35:19 - [MESSAGE][PASSED] - Delayed 5 second(s)

2017-11-17 00:35:19 - [MESSAGE][PASSED] - Object: 'Object Repository/Generic/PlatformTrue' is clicked on

2017-11-17 00:35:24 - [MESSAGE][PASSED] - Delayed 5 second(s)

2017-11-17 00:35:24 - [MESSAGE][PASSED] - Keys 'Jeff Henderson ' sent to object: 'Object Repository/EngInfo/PL'

2017-11-17 00:35:29 - [MESSAGE][PASSED] - Delayed 5 second(s)

2017-11-17 00:35:30 - [MESSAGE][PASSED] - Keys 'Robert Higgins' sent to object: 'Object Repository/EngInfo/PLTL'

2017-11-17 00:35:35 - [MESSAGE][PASSED] - Delayed 5 second(s)

2017-11-17 00:35:35 - [MESSAGE][PASSED] - Keys 'Eric Panepinto' sent to object: 'Object Repository/EngInfo/RL'

2017-11-17 00:35:40 - [MESSAGE][PASSED] - Delayed 5 second(s)

2017-11-17 00:35:40 - [MESSAGE][PASSED] - Keys 'Robert Lang' sent to object: 'Object Repository/EngInfo/RD'

2017-11-17 00:35:45 - [MESSAGE][PASSED] - Delayed 5 second(s)

2017-11-17 00:35:45 - [MESSAGE][PASSED] - Scroll to object 'Object Repository/NEXT_BUTTON' successfully

2017-11-17 00:35:45 - [MESSAGE][PASSED] - Object: 'Object Repository/NEXT_BUTTON' is clicked on

2017-11-17 00:35:52 - [MESSAGE][PASSED] - Delayed 7 second(s)

2017-11-17 00:35:53 - [MESSAGE][PASSED] - Scroll to object 'Object Repository/NEXT_BUTTON' successfully

2017-11-17 00:35:53 - [MESSAGE][PASSED] - Object: 'Object Repository/NEXT_BUTTON' is clicked on

2017-11-17 00:36:00 - [MESSAGE][PASSED] - Delayed 7 second(s)

2017-11-17 00:36:00 - [MESSAGE][PASSED] - Wait for page load successfully

2017-11-17 00:36:00 - [MESSAGE][PASSED] - Scroll to object 'Object Repository/Generic/FINISH_BUTTON' successfully

2017-11-17 00:36:00 - [MESSAGE][PASSED] - Object: 'Object Repository/Generic/FINISH_BUTTON' is clicked on

2017-11-17 00:36:05 - [MESSAGE][PASSED] - Delayed 5 second(s)

2017-11-17 00:36:09 - [MESSAGE][PASSED] - Text of object 'Object Repository/WO' is: 'ECR-17Nov2017-5'

2017-11-17 00:36:09 - [MESSAGE][PASSED] - Text of object 'Object Repository/ECR/WOSTATUS' is: 'Pending-RDApproval'

2017-11-17 00:36:09 - [MESSAGE][PASSED] - com.helper.commonfunct.utilities.createECR is PASSED

2017-11-17 00:36:09 - [MESSAGE][PASSED] - Call Test Case 'Test Cases/ECR/REF/ECR_Lite_NoExpertService' successfully

2017-11-17 00:36:09 - [TEST_STEP][FAILED] - callTestCase: Unable to call Test Case with id 'Test Cases/ECR/REF/ECR_NoRL_Approval' (Root cause: Call Test Case 'Test Cases/ECR/REF/ECR_NoRL_Approval' failed because of error(s))

2017-11-17 00:36:09 - [TEST_CASE][ERROR] - Test Cases/ECR/REF/ECR_NoRL_Approval: Test Cases/ECR/REF/ECR_NoRL_Approval FAILED because (of) org.codehaus.groovy.runtime.metaclass.MissingMethodExceptionNoStack: No signature of method: com.helper.commonfunct.utilities.gsOpsReject() is applicable for argument types: () values: []
Possible solutions: gsopsReject()

2017-11-17 00:36:10 - [TEST_STEP][ERROR] - Statement - While (WOSTATUS.contains("Pending")): No signature of method: com.helper.commonfunct.utilities.gsOpsReject() is applicable for argument types: () values: []
Possible solutions: gsopsReject()

2017-11-17 00:36:10 - [TEST_STEP][ERROR] - Statement - For ([j = 0, j < AssignmentList.size(), (j++)]): No signature of method: com.helper.commonfunct.utilities.gsOpsReject() is applicable for argument types: () values: []
Possible solutions: gsopsReject()

2017-11-17 00:36:10 - [TEST_STEP][PASSED] - Statement - Status = text: null

2017-11-17 00:36:10 - [TEST_STEP][PASSED] - Statement - println(Status): null

2017-11-17 00:36:10 - [TEST_STEP][PASSED] - Statement - If (Status == "Pending-RDApproval"): com.helper.commonfunct.utilities.WOstatus is PASSED

2017-11-17 00:36:10 - [TEST_STEP][PASSED] - Statement - If (RDReject == false): com.helper.commonfunct.utilities.WOstatus is PASSED

2017-11-17 00:36:10 - [TEST_STEP][PASSED] - Statement - If (Meeting == true): com.helper.commonfunct.utilities.WOstatus is PASSED

2017-11-17 00:36:10 - [TEST_STEP][PASSED] - com.helper.commonfunct.utilities.login: com.helper.commonfunct.utilities.login is PASSED

2017-11-17 00:36:10 - [MESSAGE][WARNING] - A browser is already opened. Closing browser and opening a new one

2017-11-17 00:36:13 - [MESSAGE][PASSED] - Browser is opened with url: ''

2017-11-17 00:36:18 - [MESSAGE][PASSED] - Navigate to 'https://vtcpqa2.rpega.com:9030/tcpqa/PRServlet' successfully

2017-11-17 00:36:18 - [MESSAGE][PASSED] - Text 'langr1@pegasystems.com' is set on object 'Object Repository/input_UserIdentifier'

2017-11-17 00:36:18 - [MESSAGE][PASSED] - Text 'install' is set on object 'Object Repository/input_Password'

2017-11-17 00:36:33 - [MESSAGE][PASSED] - Keys 'ENTER + ' sent to object: 'Object Repository/input_Password'

2017-11-17 00:36:33 - [MESSAGE][PASSED] - com.helper.commonfunct.utilities.login is PASSED

2017-11-17 00:36:33 - [TEST_STEP][PASSED] - com.helper.commonfunct.utilities.search: com.helper.commonfunct.utilities.search is PASSED

2017-11-17 00:36:35 - [MESSAGE][PASSED] - Current window maximized

2017-11-17 00:36:40 - [MESSAGE][PASSED] - Delayed 5 second(s)

2017-11-17 00:36:40 - [MESSAGE][PASSED] - Text 'ECR-17Nov2017-5' is set on object 'Object Repository/EngInfo/search'

2017-11-17 00:36:45 - [MESSAGE][PASSED] - Delayed 5 second(s)

2017-11-17 00:36:45 - [MESSAGE][PASSED] - Keys 'ENTER + ' sent to object: 'Object Repository/EngInfo/search'

2017-11-17 00:36:50 - [MESSAGE][PASSED] - Delayed 5 second(s)

2017-11-17 00:36:50 - [MESSAGE][PASSED] - com.helper.commonfunct.utilities.search is PASSED

2017-11-17 00:36:50 - [TEST_STEP][PASSED] - com.helper.commonfunct.utilities.noRL: com.helper.commonfunct.utilities.noRL is PASSED

2017-11-17 00:36:50 - [MESSAGE][WARNING] - Timeout '0' is invalid. Using default page load timeout: '30'

2017-11-17 00:36:55 - [MESSAGE][PASSED] - Delayed 5 second(s)

2017-11-17 00:36:58 - [MESSAGE][PASSED] - Object: 'Object Repository/Approve-Reject/link_assignment' is clicked on

2017-11-17 00:37:03 - [MESSAGE][PASSED] - Delayed 5 second(s)

2017-11-17 00:37:03 - [MESSAGE][WARNING] - Timeout '0' is invalid. Using default page load timeout: '30'

2017-11-17 00:37:03 - [MESSAGE][PASSED] - Scroll to object 'Object Repository/Approve-Reject/APPROVE_BUTTON' successfully

2017-11-17 00:37:04 - [MESSAGE][PASSED] - Object: 'Object Repository/Approve-Reject/APPROVE_BUTTON' is clicked on

2017-11-17 00:37:09 - [MESSAGE][PASSED] - Delayed 5 second(s)

2017-11-17 00:37:09 - [MESSAGE][PASSED] - Keys 'testing' sent to object: 'Object Repository/Approve-Reject/APPROVE_REJECT_NOTES'

2017-11-17 00:37:14 - [MESSAGE][PASSED] - Delayed 5 second(s)

2017-11-17 00:37:14 - [MESSAGE][PASSED] - Object: 'Object Repository/Approve-Reject/routetoRLNO' is clicked on

2017-11-17 00:37:19 - [MESSAGE][PASSED] - Delayed 5 second(s)

2017-11-17 00:37:19 - [MESSAGE][WARNING] - Timeout '0' is invalid. Using default page load timeout: '30'

2017-11-17 00:37:19 - [MESSAGE][PASSED] - Scroll to object 'Object Repository/Generic/SUBMIT' successfully

2017-11-17 00:37:19 - [MESSAGE][PASSED] - Object: 'Object Repository/Generic/SUBMIT' is clicked on

2017-11-17 00:37:24 - [MESSAGE][PASSED] - Delayed 5 second(s)

2017-11-17 00:37:29 - [MESSAGE][PASSED] - Wait for page load successfully

2017-11-17 00:37:29 - [MESSAGE][PASSED] - com.helper.commonfunct.utilities.noRL is PASSED

2017-11-17 00:37:29 - [TEST_STEP][PASSED] - Statement - print(Status): null

2017-11-17 00:37:29 - [TEST_STEP][PASSED] - com.helper.commonfunct.utilities.WOstatus: com.helper.commonfunct.utilities.WOstatus is PASSED

2017-11-17 00:37:29 - [MESSAGE][PASSED] - Text of object 'Object Repository/ECR/WOSTATUS' is: 'Pending-Approval'

2017-11-17 00:37:29 - [MESSAGE][PASSED] - com.helper.commonfunct.utilities.WOstatus is PASSED

2017-11-17 00:37:29 - [TEST_STEP][PASSED] - Statement - Status = text: null

2017-11-17 00:37:29 - [TEST_STEP][PASSED] - Statement - println(Status): null

2017-11-17 00:37:29 - [TEST_STEP][PASSED] - Statement - If (Status == "Pending-RDApproval"): null

2017-11-17 00:37:29 - [TEST_STEP][PASSED] - Statement - Else If (Status == "Pending-RLApproval"): null

2017-11-17 00:37:29 - [TEST_STEP][PASSED] - Statement - Else If (Status == "Pending-RDDApproval"): null

2017-11-17 00:37:29 - [TEST_STEP][ERROR] - Statement - Else If (Status == "Pending-OPSApproval"): No signature of method: com.helper.commonfunct.utilities.gsOpsReject() is applicable for argument types: () values: []
Possible solutions: gsopsReject()

2017-11-17 00:37:29 - [TEST_STEP][PASSED] - Statement - If (OpsReject == false): null

2017-11-17 00:37:29 - [TEST_STEP][ERROR] - Statement - Else: No signature of method: com.helper.commonfunct.utilities.gsOpsReject() is applicable for argument types: () values: []
Possible solutions: gsopsReject()

2017-11-17 00:37:29 - [TEST_STEP][PASSED] - com.helper.commonfunct.utilities.login: com.helper.commonfunct.utilities.login is PASSED

2017-11-17 00:37:29 - [MESSAGE][WARNING] - A browser is already opened. Closing browser and opening a new one

2017-11-17 00:37:32 - [MESSAGE][PASSED] - Browser is opened with url: ''

2017-11-17 00:37:37 - [MESSAGE][PASSED] - Navigate to 'https://vtcpqa2.rpega.com:9030/tcpqa/PRServlet' successfully

2017-11-17 00:37:38 - [MESSAGE][PASSED] - Text 'pogoa@pegasystems.com' is set on object 'Object Repository/input_UserIdentifier'

2017-11-17 00:37:38 - [MESSAGE][PASSED] - Text 'install' is set on object 'Object Repository/input_Password'

2017-11-17 00:37:52 - [MESSAGE][PASSED] - Keys 'ENTER + ' sent to object: 'Object Repository/input_Password'

2017-11-17 00:37:52 - [MESSAGE][PASSED] - com.helper.commonfunct.utilities.login is PASSED

2017-11-17 00:37:52 - [TEST_STEP][PASSED] - com.helper.commonfunct.utilities.search: com.helper.commonfunct.utilities.search is PASSED

2017-11-17 00:37:53 - [MESSAGE][PASSED] - Current window maximized

2017-11-17 00:37:58 - [MESSAGE][PASSED] - Delayed 5 second(s)

2017-11-17 00:37:58 - [MESSAGE][PASSED] - Text 'ECR-17Nov2017-5' is set on object 'Object Repository/EngInfo/search'

2017-11-17 00:38:03 - [MESSAGE][PASSED] - Delayed 5 second(s)

2017-11-17 00:38:03 - [MESSAGE][PASSED] - Keys 'ENTER + ' sent to object: 'Object Repository/EngInfo/search'

2017-11-17 00:38:08 - [MESSAGE][PASSED] - Delayed 5 second(s)

2017-11-17 00:38:08 - [MESSAGE][PASSED] - com.helper.commonfunct.utilities.search is PASSED

2017-11-17 00:38:08 - [TEST_STEP][PASSED] - maximizeWindow: Current window maximized

2017-11-17 00:38:08 - [MESSAGE][PASSED] - Current window maximized

2017-11-17 00:38:08 - [TEST_STEP][ERROR] - com.helper.commonfunct.utilities.gsOpsReject: No signature of method: com.helper.commonfunct.utilities.gsOpsReject() is applicable for argument types: () values: []
Possible solutions: gsopsReject()

2017-11-17 00:38:08 - [MESSAGE][ERROR] - No signature of method: com.helper.commonfunct.utilities.gsOpsReject() is applicable for argument types: () values: []
Possible solutions: gsopsReject()

2017-11-17 00:38:08 - [MESSAGE][FAILED] - Unable to call Test Case with id 'Test Cases/ECR/REF/ECR_NoRL_Approval' (Root cause: Call Test Case 'Test Cases/ECR/REF/ECR_NoRL_Approval' failed because of error(s))]]></system-out>
         <system-err><![CDATA[2017-11-17 00:33:11 - [TEST_CASE][ERROR] - Test Cases/ECR/TC_ECR_NoMeeting_NoRoutingToRL_AllApproval: Test Cases/ECR/TC_ECR_NoMeeting_NoRoutingToRL_AllApproval FAILED because (of) org.codehaus.groovy.runtime.metaclass.MissingMethodExceptionNoStack: No signature of method: com.helper.commonfunct.utilities.gsOpsReject() is applicable for argument types: () values: []
Possible solutions: gsopsReject()]]></system-err>
      </testcase>
      <system-out><![CDATA[2017-11-16 23:31:08 - [TEST_SUITE][FAILED] - ECR_Approval_Reject_Recall: Test Cases/ECR/TC_ECRLite_NoExpertService_AllReject FAILED because (of) Unable to scroll to object 'Object Repository/NEXT_BUTTON' (Root cause: org.openqa.selenium.UnhandledAlertException: unexpected alert open: {Alert text : Please correct flagged fields before submitting the form!}
  (Session info: chrome=62.0.3202.94)
  (Driver info: chromedriver=2.33.506120 (e3e53437346286c0bc2d2dc9aa4915ba81d9023f),platform=Windows NT 6.1.7601 SP1 x86_64) (WARNING: The server did not provide any stacktrace information)
Command duration or timeout: 0 milliseconds: null
Build info: version: '3.7.1', revision: '8a0099a', time: '2017-11-06T21:07:36.161Z'
System info: host: 'L22622WUS', ip: '10.224.202.96', os.name: 'Windows 7', os.arch: 'amd64', os.version: '6.1', java.version: '1.8.0_102'
Driver info: com.kms.katalon.selenium.driver.CChromeDriver
Capabilities {acceptSslCerts: true, applicationCacheEnabled: false, browserConnectionEnabled: false, browserName: chrome, chrome: {chromedriverVersion: 2.33.506120 (e3e53437346286..., userDataDir: C:\Users\nipin\AppData\Loca...}, cssSelectorsEnabled: true, databaseEnabled: false, handlesAlerts: true, hasTouchScreen: false, javascriptEnabled: true, locationContextEnabled: true, mobileEmulationEnabled: false, nativeEvents: true, networkConnectionEnabled: false, pageLoadStrategy: normal, platform: XP, platformName: XP, rotatable: false, setWindowRect: true, takesHeapSnapshot: true, takesScreenshot: true, unexpectedAlertBehaviour: , unhandledPromptBehavior: , version: 62.0.3202.94, webStorageEnabled: true}
Session ID: 563a1e41d82eb25447d4ee6560d644a9
*** Element info: {Using=xpath, value=//button[@title='Move to the next screen'][count(. | //*[@data-test-id = '20150226064347057917526']) = count(//*[@data-test-id = '20150226064347057917526'])]})]]></system-out>
      <system-err><![CDATA[2017-11-16 23:31:08 - [TEST_SUITE][FAILED] - ECR_Approval_Reject_Recall: Test Cases/ECR/TC_ECRLite_NoExpertService_AllReject FAILED because (of) Unable to scroll to object 'Object Repository/NEXT_BUTTON' (Root cause: org.openqa.selenium.UnhandledAlertException: unexpected alert open: {Alert text : Please correct flagged fields before submitting the form!}
  (Session info: chrome=62.0.3202.94)
  (Driver info: chromedriver=2.33.506120 (e3e53437346286c0bc2d2dc9aa4915ba81d9023f),platform=Windows NT 6.1.7601 SP1 x86_64) (WARNING: The server did not provide any stacktrace information)
Command duration or timeout: 0 milliseconds: null
Build info: version: '3.7.1', revision: '8a0099a', time: '2017-11-06T21:07:36.161Z'
System info: host: 'L22622WUS', ip: '10.224.202.96', os.name: 'Windows 7', os.arch: 'amd64', os.version: '6.1', java.version: '1.8.0_102'
Driver info: com.kms.katalon.selenium.driver.CChromeDriver
Capabilities {acceptSslCerts: true, applicationCacheEnabled: false, browserConnectionEnabled: false, browserName: chrome, chrome: {chromedriverVersion: 2.33.506120 (e3e53437346286..., userDataDir: C:\Users\nipin\AppData\Loca...}, cssSelectorsEnabled: true, databaseEnabled: false, handlesAlerts: true, hasTouchScreen: false, javascriptEnabled: true, locationContextEnabled: true, mobileEmulationEnabled: false, nativeEvents: true, networkConnectionEnabled: false, pageLoadStrategy: normal, platform: XP, platformName: XP, rotatable: false, setWindowRect: true, takesHeapSnapshot: true, takesScreenshot: true, unexpectedAlertBehaviour: , unhandledPromptBehavior: , version: 62.0.3202.94, webStorageEnabled: true}
Session ID: 563a1e41d82eb25447d4ee6560d644a9
*** Element info: {Using=xpath, value=//button[@title='Move to the next screen'][count(. | //*[@data-test-id = '20150226064347057917526']) = count(//*[@data-test-id = '20150226064347057917526'])]})]]></system-err>
   </testsuite>
</testsuites>
