<?xml version="1.0" encoding="UTF-8"?>
<testsuites name="ECR_Approval_Reject_Recall" time="3059" tests="0" failures="4" errors="5">
   <testsuite name="ECR_Approval_Reject_Recall" tests="0" failures="4" errors="5" time="3059" timestamp="2017-11-18 00:27:45" hostname="nipin - L22622WUS.rpega.com" id="Test Suites/ECR_Approval_Reject_Recall">
      <properties>
         <property name="deviceName" value=""/>
         <property name="devicePlatform" value=""/>
         <property name="logFolder" value="C:\\Users\\nipin\\Katalon Studio\\COE\\Reports\\ECR_Approval_Reject_Recall\\20171118_002743"/>
         <property name="logFiles" value="C:\\Users\\nipin\\Katalon Studio\\COE\\Reports\\ECR_Approval_Reject_Recall\\20171118_002743\\execution0.log"/>
         <property name="attachments" value="C:\\Users\\nipin\\Katalon Studio\\COE\\Reports\\ECR_Approval_Reject_Recall\\20171118_002743\\1510983008162.png, C:\\Users\\nipin\\Katalon Studio\\COE\\Reports\\ECR_Approval_Reject_Recall\\20171118_002743\\1510983637134.png, C:\\Users\\nipin\\Katalon Studio\\COE\\Reports\\ECR_Approval_Reject_Recall\\20171118_002743\\1510984258009.png, C:\\Users\\nipin\\Katalon Studio\\COE\\Reports\\ECR_Approval_Reject_Recall\\20171118_002743\\1510984719324.png, C:\\Users\\nipin\\Katalon Studio\\COE\\Reports\\ECR_Approval_Reject_Recall\\20171118_002743\\1510984863811.png, C:\\Users\\nipin\\Katalon Studio\\COE\\Reports\\ECR_Approval_Reject_Recall\\20171118_002743\\1510985426911.png"/>
         <property name="hostName" value="nipin - L22622WUS.rpega.com"/>
         <property name="os" value="Windows 7 64bit"/>
         <property name="katalonVersion" value="5.1.0.1"/>
         <property name="browser" value="Chrome 62.0.3202.94"/>
         <property name="hostAddress" value="10.2.202.111"/>
         <property name="sessionId" value="7f55f698db8b2ef952c67f94f212d890"/>
         <property name="seleniumVersion" value="3.7.1"/>
         <property name="proxyInformation" value="ProxyInformation{proxyOption=NO_PROXY, proxyServerType=HTTP, password=, proxyServerAddress=, proxyServerPort=0}"/>
         <property name="platform" value="Windows 7"/>
      </properties>
      <testcase name="Test Cases/ECR/TC_ECR_Meeting_ExpertService_AllApproval" classname="Test Cases/ECR/TC_ECR_Meeting_ExpertService_AllApproval" status="FAILED">
         <failure type="FAILED" message="Call Test Case 'Test Cases/ECR/REF/ECR_Meeting_ExpertService' successfully"/>
         <system-out><![CDATA[2017-11-18 00:27:45 - [TEST_CASE][FAILED] - Test Cases/ECR/TC_ECR_Meeting_ExpertService_AllApproval: Call Test Case 'Test Cases/ECR/REF/ECR_Meeting_ExpertService' successfully

2017-11-18 00:27:46 - [TEST_STEP][FAILED] - callTestCase: Call Test Case 'Test Cases/ECR/REF/ECR_Meeting_ExpertService' successfully

2017-11-18 00:27:46 - [TEST_CASE][FAILED] - Test Cases/ECR/REF/ECR_Meeting_ExpertService: com.helper.commonfunct.utilities.ECRMeeting is PASSED

2017-11-18 00:27:46 - [TEST_STEP][PASSED] - com.helper.commonfunct.utilities.login: com.helper.commonfunct.utilities.login is PASSED

2017-11-18 00:27:50 - [MESSAGE][PASSED] - Browser is opened with url: ''

2017-11-18 00:27:51 - [MESSAGE][PASSED] - Navigate to 'https://vtcpqa2.rpega.com:9030/tcpqa/PRServlet' successfully

2017-11-18 00:27:51 - [MESSAGE][PASSED] - Text 'pogoa@pegasystems.com' is set on object 'Object Repository/input_UserIdentifier'

2017-11-18 00:27:51 - [MESSAGE][PASSED] - Text 'install' is set on object 'Object Repository/input_Password'

2017-11-18 00:27:56 - [MESSAGE][PASSED] - Keys 'ENTER + ' sent to object: 'Object Repository/input_Password'

2017-11-18 00:27:56 - [MESSAGE][PASSED] - com.helper.commonfunct.utilities.login is PASSED

2017-11-18 00:27:56 - [TEST_STEP][PASSED] - Statement - Meeting = true: null

2017-11-18 00:27:56 - [TEST_STEP][FAILED] - com.helper.commonfunct.utilities.ECRMeeting: com.helper.commonfunct.utilities.ECRMeeting is PASSED

2017-11-18 00:27:56 - [MESSAGE][PASSED] - Object: 'Object Repository/Generic/a_Actions' is clicked on

2017-11-18 00:27:59 - [MESSAGE][PASSED] - Object: 'Object Repository/span_New' is focused

2017-11-18 00:28:00 - [MESSAGE][PASSED] - Object: 'Object Repository/span_Bid Process' is clicked on

2017-11-18 00:28:01 - [MESSAGE][PASSED] - Object: 'Object Repository/ECR/BID_TYPE' is clicked on

2017-11-18 00:28:01 - [MESSAGE][PASSED] - Object 'Object Repository/button_Import' is present

2017-11-18 00:28:06 - [MESSAGE][PASSED] - Delayed 5 second(s)

2017-11-18 00:28:06 - [MESSAGE][PASSED] - Object: 'Object Repository/button_Import' is clicked on

2017-11-18 00:28:06 - [MESSAGE][PASSED] - File 'C:\Users\nipin\Desktop\Latest BSW\Final\ECR_EXPSVC.xlsm' sent to object: 'Object Repository/input_PpyWorkPageppyFilePath'

2017-11-18 00:28:11 - [MESSAGE][PASSED] - Delayed 5 second(s)

2017-11-18 00:28:12 - [MESSAGE][WARNING] - Timeout '0' is invalid. Using default page load timeout: '30'

2017-11-18 00:28:12 - [MESSAGE][PASSED] - Scroll to object 'Object Repository/button_Submit' successfully

2017-11-18 00:28:12 - [MESSAGE][PASSED] - Object: 'Object Repository/button_Submit' is clicked on

2017-11-18 00:28:12 - [MESSAGE][PASSED] - Object 'Object Repository/EngInfo/COID' is visible

2017-11-18 00:28:17 - [MESSAGE][PASSED] - Delayed 5 second(s)

2017-11-18 00:28:22 - [MESSAGE][PASSED] - Delayed 5 second(s)

2017-11-18 00:28:23 - [MESSAGE][PASSED] - Text 'BOFA' is set on object 'Object Repository/Generic/ORG'

2017-11-18 00:28:28 - [MESSAGE][PASSED] - Delayed 5 second(s)

2017-11-18 00:28:28 - [MESSAGE][PASSED] - Keys 'TAB + ' sent to object: 'Object Repository/Generic/ORG'

2017-11-18 00:28:33 - [MESSAGE][PASSED] - Delayed 5 second(s)

2017-11-18 00:28:33 - [MESSAGE][PASSED] - Text 'BOFA' is set on object 'Object Repository/Generic/ACC'

2017-11-18 00:28:33 - [MESSAGE][PASSED] - Keys 'TAB + ' sent to object: 'Object Repository/Generic/ACC'

2017-11-18 00:28:38 - [MESSAGE][PASSED] - Delayed 5 second(s)

2017-11-18 00:28:38 - [MESSAGE][PASSED] - Text 'AUTOTEST1' is set on object 'Object Repository/Generic/ENG_DESC'

2017-11-18 00:28:43 - [MESSAGE][PASSED] - Delayed 5 second(s)

2017-11-18 00:28:43 - [MESSAGE][PASSED] - Scroll to object 'Object Repository/Generic/SUBMIT' successfully

2017-11-18 00:28:44 - [MESSAGE][PASSED] - Object: 'Object Repository/Generic/SUBMIT' is clicked on

2017-11-18 00:28:44 - [MESSAGE][PASSED] - Wait for page load successfully

2017-11-18 00:28:49 - [MESSAGE][PASSED] - Delayed 5 second(s)

2017-11-18 00:28:49 - [MESSAGE][PASSED] - Text 'CO-123' is set on object 'Object Repository/EngInfo/COID'

2017-11-18 00:28:49 - [MESSAGE][PASSED] - Wait for page load successfully

2017-11-18 00:28:54 - [MESSAGE][PASSED] - Delayed 5 second(s)

2017-11-18 00:28:54 - [MESSAGE][PASSED] - Keys 'Jeff Henderson ' sent to object: 'Object Repository/EngInfo/PL'

2017-11-18 00:28:59 - [MESSAGE][PASSED] - Delayed 5 second(s)

2017-11-18 00:28:59 - [MESSAGE][PASSED] - Keys 'Robert Higgins' sent to object: 'Object Repository/EngInfo/PLTL'

2017-11-18 00:29:04 - [MESSAGE][PASSED] - Delayed 5 second(s)

2017-11-18 00:29:05 - [MESSAGE][PASSED] - Keys 'Eric Panepinto' sent to object: 'Object Repository/EngInfo/RL'

2017-11-18 00:29:10 - [MESSAGE][PASSED] - Delayed 5 second(s)

2017-11-18 00:29:10 - [MESSAGE][PASSED] - Keys 'Robert Lang' sent to object: 'Object Repository/EngInfo/RD'

2017-11-18 00:29:15 - [MESSAGE][PASSED] - Delayed 5 second(s)

2017-11-18 00:29:20 - [MESSAGE][PASSED] - Delayed 5 second(s)

2017-11-18 00:29:20 - [MESSAGE][PASSED] - Object: 'Object Repository/Generic/MorethanOneRLS' is clicked on

2017-11-18 00:29:25 - [MESSAGE][PASSED] - Delayed 5 second(s)

2017-11-18 00:29:25 - [MESSAGE][PASSED] - Object: 'Object Repository/Generic/RapidDelivery' is clicked on

2017-11-18 00:29:30 - [MESSAGE][PASSED] - Delayed 5 second(s)

2017-11-18 00:29:31 - [MESSAGE][PASSED] - Object: 'Object Repository/Generic/methodology' is clicked on

2017-11-18 00:29:36 - [MESSAGE][PASSED] - Delayed 5 second(s)

2017-11-18 00:29:36 - [MESSAGE][PASSED] - Text '85000' is set on object 'Object Repository/ECR/Licence'

2017-11-18 00:29:41 - [MESSAGE][PASSED] - Delayed 5 second(s)

2017-11-18 00:29:41 - [MESSAGE][PASSED] - Keys 'AMPchroma' sent to object: 'Object Repository/Generic/PlatformID'

2017-11-18 00:29:46 - [MESSAGE][PASSED] - Delayed 5 second(s)

2017-11-18 00:29:46 - [MESSAGE][PASSED] - Keys 'N/A' sent to object: 'Object Repository/Generic/PlatformVersion'

2017-11-18 00:29:51 - [MESSAGE][PASSED] - Delayed 5 second(s)

2017-11-18 00:29:52 - [MESSAGE][PASSED] - Object: 'Object Repository/Generic/PlatformTrue' is clicked on

2017-11-18 00:29:52 - [MESSAGE][PASSED] - Scroll to object 'Object Repository/NEXT_BUTTON' successfully

2017-11-18 00:29:52 - [MESSAGE][PASSED] - Object: 'Object Repository/NEXT_BUTTON' is clicked on

2017-11-18 00:29:57 - [MESSAGE][PASSED] - Delayed 5 second(s)

2017-11-18 00:29:57 - [MESSAGE][PASSED] - Text '11/20/2017' is set on object 'Object Repository/EngInfo/MeetingDate'

2017-11-18 00:30:02 - [MESSAGE][PASSED] - Delayed 5 second(s)

2017-11-18 00:30:02 - [MESSAGE][PASSED] - Text 'TEsting' is set on object 'Object Repository/EngInfo/instruction'

2017-11-18 00:30:07 - [MESSAGE][PASSED] - Delayed 5 second(s)

2017-11-18 00:30:08 - [MESSAGE][FAILED] - Unable to set text '' of object 'Object Repository/EngInfo/AE' (Root cause: org.openqa.selenium.StaleElementReferenceException: stale element reference: element is not attached to the page document
  (Session info: chrome=62.0.3202.94)
  (Driver info: chromedriver=2.33.506120 (e3e53437346286c0bc2d2dc9aa4915ba81d9023f),platform=Windows NT 6.1.7601 SP1 x86_64) (WARNING: The server did not provide any stacktrace information)
Command duration or timeout: 0 milliseconds
For documentation on this error, please visit: http://seleniumhq.org/exceptions/stale_element_reference.html
Build info: version: '3.7.1', revision: '8a0099a', time: '2017-11-06T21:07:36.161Z'
System info: host: 'L22622WUS', ip: '10.2.202.111', os.name: 'Windows 7', os.arch: 'amd64', os.version: '6.1', java.version: '1.8.0_102'
Driver info: com.kms.katalon.selenium.driver.CChromeDriver
Capabilities {acceptSslCerts: true, applicationCacheEnabled: false, browserConnectionEnabled: false, browserName: chrome, chrome: {chromedriverVersion: 2.33.506120 (e3e53437346286..., userDataDir: C:\Users\nipin\AppData\Loca...}, cssSelectorsEnabled: true, databaseEnabled: false, handlesAlerts: true, hasTouchScreen: false, javascriptEnabled: true, locationContextEnabled: true, mobileEmulationEnabled: false, nativeEvents: true, networkConnectionEnabled: false, pageLoadStrategy: normal, platform: XP, platformName: XP, rotatable: false, setWindowRect: true, takesHeapSnapshot: true, takesScreenshot: true, unexpectedAlertBehaviour: , unhandledPromptBehavior: , version: 62.0.3202.94, webStorageEnabled: true}
Session ID: 44e1e00c84b9de1d8a524b73eab34de3)
[[ATTACHMENT|C:\\Users\\nipin\\Katalon Studio\\COE\\Reports\\ECR_Approval_Reject_Recall\\20171118_002743\\1510983008162.png]]

2017-11-18 00:30:13 - [MESSAGE][PASSED] - Delayed 5 second(s)

2017-11-18 00:30:13 - [MESSAGE][PASSED] - Text 'Nagaveni Nipinale' is set on object 'Object Repository/EngInfo/AE'

2017-11-18 00:30:14 - [MESSAGE][PASSED] - Object: 'Object Repository/EngInfo/isCloudInitiativeYes' is clicked on

2017-11-18 00:30:19 - [MESSAGE][PASSED] - Delayed 5 second(s)

2017-11-18 00:30:19 - [MESSAGE][PASSED] - Object: 'Object Repository/EngInfo/IsPegaMarketingYes' is clicked on

2017-11-18 00:30:24 - [MESSAGE][PASSED] - Delayed 5 second(s)

2017-11-18 00:30:24 - [MESSAGE][PASSED] - Object: 'Object Repository/EngInfo/IsPegaMobileYes' is clicked on

2017-11-18 00:30:29 - [MESSAGE][PASSED] - Delayed 5 second(s)

2017-11-18 00:30:34 - [MESSAGE][PASSED] - Delayed 5 second(s)

2017-11-18 00:30:34 - [MESSAGE][PASSED] - Scroll to object 'Object Repository/NEXT_BUTTON' successfully

2017-11-18 00:30:34 - [MESSAGE][PASSED] - Object: 'Object Repository/NEXT_BUTTON' is clicked on

2017-11-18 00:30:39 - [MESSAGE][PASSED] - Delayed 5 second(s)

2017-11-18 00:30:39 - [MESSAGE][PASSED] - Scroll to object 'Object Repository/NEXT_BUTTON' successfully

2017-11-18 00:30:39 - [MESSAGE][PASSED] - Object: 'Object Repository/NEXT_BUTTON' is clicked on

2017-11-18 00:30:44 - [MESSAGE][PASSED] - Delayed 5 second(s)

2017-11-18 00:30:45 - [MESSAGE][PASSED] - Scroll to object 'Object Repository/Generic/FINISH_BUTTON' successfully

2017-11-18 00:30:45 - [MESSAGE][PASSED] - Object: 'Object Repository/Generic/FINISH_BUTTON' is clicked on

2017-11-18 00:30:50 - [MESSAGE][PASSED] - Delayed 5 second(s)

2017-11-18 00:30:50 - [MESSAGE][PASSED] - Object: 'Object Repository/EngInfo/Continue' is clicked on

2017-11-18 00:30:55 - [MESSAGE][PASSED] - Delayed 5 second(s)

2017-11-18 00:31:00 - [MESSAGE][PASSED] - Delayed 5 second(s)

2017-11-18 00:31:01 - [MESSAGE][PASSED] - Object: 'Object Repository/Approve-Reject/attachdoc' is clicked on

2017-11-18 00:31:06 - [MESSAGE][PASSED] - Delayed 5 second(s)

2017-11-18 00:31:06 - [MESSAGE][PASSED] - Keys 'testing' sent to object: 'Object Repository/ECR_MEETING/BSW_TEXT'

2017-11-18 00:31:11 - [MESSAGE][PASSED] - Delayed 5 second(s)

2017-11-18 00:31:11 - [MESSAGE][PASSED] - Keys 'testing' sent to object: 'Object Repository/ECR_MEETING/ESTIMATE_TEXT'

2017-11-18 00:31:16 - [MESSAGE][PASSED] - Delayed 5 second(s)

2017-11-18 00:31:17 - [MESSAGE][PASSED] - Keys 'testing' sent to object: 'Object Repository/ECR_MEETING/OTHER_TEXT'

2017-11-18 00:31:22 - [MESSAGE][PASSED] - Delayed 5 second(s)

2017-11-18 00:31:22 - [MESSAGE][PASSED] - Keys 'testing' sent to object: 'Object Repository/ECR_MEETING/PRIAGE_TEXT'

2017-11-18 00:31:27 - [MESSAGE][PASSED] - Delayed 5 second(s)

2017-11-18 00:31:27 - [MESSAGE][PASSED] - Keys 'testing' sent to object: 'Object Repository/ECR_MEETING/SIZING_TEXT'

2017-11-18 00:31:32 - [MESSAGE][PASSED] - Delayed 5 second(s)

2017-11-18 00:31:32 - [MESSAGE][PASSED] - Keys 'testing' sent to object: 'Object Repository/Approve-Reject/APPROVE_REJECT_NOTES'

2017-11-18 00:31:37 - [MESSAGE][PASSED] - Delayed 5 second(s)

2017-11-18 00:31:37 - [MESSAGE][WARNING] - Timeout '0' is invalid. Using default page load timeout: '30'

2017-11-18 00:31:37 - [MESSAGE][PASSED] - Scroll to object 'Object Repository/Generic/SUBMIT' successfully

2017-11-18 00:31:37 - [MESSAGE][PASSED] - Object: 'Object Repository/Generic/SUBMIT' is clicked on

2017-11-18 00:31:42 - [MESSAGE][PASSED] - Delayed 5 second(s)

2017-11-18 00:31:42 - [MESSAGE][PASSED] - Text of object 'Object Repository/WO' is: 'ECR-18Nov2017-3'

2017-11-18 00:31:43 - [MESSAGE][PASSED] - Text of object 'Object Repository/ECR/WOSTATUS' is: 'Pending-RDApproval'

2017-11-18 00:31:43 - [MESSAGE][PASSED] - com.helper.commonfunct.utilities.ECRMeeting is PASSED

2017-11-18 00:31:43 - [MESSAGE][PASSED] - Call Test Case 'Test Cases/ECR/REF/ECR_Meeting_ExpertService' successfully

2017-11-18 00:31:43 - [TEST_STEP][PASSED] - callTestCase: Call Test Case 'Test Cases/ECR/REF/ECR_Approval_Reject' successfully

2017-11-18 00:31:43 - [TEST_CASE][PASSED] - Test Cases/ECR/REF/ECR_Approval_Reject: Test Cases/ECR/REF/ECR_Approval_Reject

2017-11-18 00:31:43 - [TEST_STEP][PASSED] - Statement - While (WOSTATUS.contains("Pending")): com.helper.commonfunct.utilities.WOstatus is PASSED

2017-11-18 00:31:43 - [TEST_STEP][PASSED] - Statement - For ([j = 0, j < AssignmentList.size(), (j++)]): com.helper.commonfunct.utilities.WOstatus is PASSED

2017-11-18 00:31:43 - [TEST_STEP][PASSED] - Statement - Status = text: null

2017-11-18 00:31:43 - [TEST_STEP][PASSED] - Statement - println(Status): null

2017-11-18 00:31:43 - [TEST_STEP][PASSED] - Statement - If (Status == "Pending-RDApproval"): com.helper.commonfunct.utilities.WOstatus is PASSED

2017-11-18 00:31:43 - [TEST_STEP][PASSED] - Statement - If (RDReject == false): com.helper.commonfunct.utilities.WOstatus is PASSED

2017-11-18 00:31:43 - [TEST_STEP][PASSED] - Statement - If (Meeting == true): com.helper.commonfunct.utilities.WOstatus is PASSED

2017-11-18 00:31:43 - [TEST_STEP][PASSED] - com.helper.commonfunct.utilities.login: com.helper.commonfunct.utilities.login is PASSED

2017-11-18 00:31:43 - [MESSAGE][WARNING] - A browser is already opened. Closing browser and opening a new one

2017-11-18 00:31:46 - [MESSAGE][PASSED] - Browser is opened with url: ''

2017-11-18 00:31:47 - [MESSAGE][PASSED] - Navigate to 'https://vtcpqa2.rpega.com:9030/tcpqa/PRServlet' successfully

2017-11-18 00:31:47 - [MESSAGE][PASSED] - Text 'langr1@pegasystems.com' is set on object 'Object Repository/input_UserIdentifier'

2017-11-18 00:31:47 - [MESSAGE][PASSED] - Text 'install' is set on object 'Object Repository/input_Password'

2017-11-18 00:31:50 - [MESSAGE][PASSED] - Keys 'ENTER + ' sent to object: 'Object Repository/input_Password'

2017-11-18 00:31:50 - [MESSAGE][PASSED] - com.helper.commonfunct.utilities.login is PASSED

2017-11-18 00:31:50 - [TEST_STEP][PASSED] - com.helper.commonfunct.utilities.search: com.helper.commonfunct.utilities.search is PASSED

2017-11-18 00:31:52 - [MESSAGE][PASSED] - Current window maximized

2017-11-18 00:31:57 - [MESSAGE][PASSED] - Delayed 5 second(s)

2017-11-18 00:31:57 - [MESSAGE][PASSED] - Text 'ECR-18Nov2017-3' is set on object 'Object Repository/EngInfo/search'

2017-11-18 00:32:02 - [MESSAGE][PASSED] - Delayed 5 second(s)

2017-11-18 00:32:02 - [MESSAGE][PASSED] - Keys 'ENTER + ' sent to object: 'Object Repository/EngInfo/search'

2017-11-18 00:32:07 - [MESSAGE][PASSED] - Delayed 5 second(s)

2017-11-18 00:32:07 - [MESSAGE][PASSED] - com.helper.commonfunct.utilities.search is PASSED

2017-11-18 00:32:07 - [TEST_STEP][PASSED] - com.helper.commonfunct.utilities.routeToRL: com.helper.commonfunct.utilities.routeToRL is PASSED

2017-11-18 00:32:12 - [MESSAGE][PASSED] - Delayed 5 second(s)

2017-11-18 00:32:12 - [MESSAGE][WARNING] - Timeout '0' is invalid. Using default page load timeout: '30'

2017-11-18 00:32:17 - [MESSAGE][PASSED] - Delayed 5 second(s)

2017-11-18 00:32:19 - [MESSAGE][PASSED] - Object: 'Object Repository/Approve-Reject/link_assignment' is clicked on

2017-11-18 00:32:24 - [MESSAGE][PASSED] - Delayed 5 second(s)

2017-11-18 00:32:24 - [MESSAGE][WARNING] - Timeout '0' is invalid. Using default page load timeout: '30'

2017-11-18 00:32:24 - [MESSAGE][PASSED] - Scroll to object 'Object Repository/Approve-Reject/APPROVE_BUTTON' successfully

2017-11-18 00:32:24 - [MESSAGE][PASSED] - Object: 'Object Repository/Approve-Reject/APPROVE_BUTTON' is clicked on

2017-11-18 00:32:29 - [MESSAGE][PASSED] - Delayed 5 second(s)

2017-11-18 00:32:29 - [MESSAGE][PASSED] - Keys 'testing' sent to object: 'Object Repository/Approve-Reject/APPROVE_REJECT_NOTES'

2017-11-18 00:32:34 - [MESSAGE][PASSED] - Delayed 5 second(s)

2017-11-18 00:32:35 - [MESSAGE][WARNING] - Timeout '0' is invalid. Using default page load timeout: '30'

2017-11-18 00:32:35 - [MESSAGE][PASSED] - Scroll to object 'Object Repository/Generic/SUBMIT' successfully

2017-11-18 00:32:35 - [MESSAGE][PASSED] - Object: 'Object Repository/Generic/SUBMIT' is clicked on

2017-11-18 00:32:40 - [MESSAGE][PASSED] - Delayed 5 second(s)

2017-11-18 00:32:40 - [MESSAGE][PASSED] - com.helper.commonfunct.utilities.routeToRL is PASSED

2017-11-18 00:32:40 - [TEST_STEP][PASSED] - Statement - print(Status): null

2017-11-18 00:32:40 - [TEST_STEP][PASSED] - com.helper.commonfunct.utilities.WOstatus: com.helper.commonfunct.utilities.WOstatus is PASSED

2017-11-18 00:32:41 - [MESSAGE][PASSED] - Text of object 'Object Repository/ECR/WOSTATUS' is: 'Pending-Approval'

2017-11-18 00:32:41 - [MESSAGE][PASSED] - com.helper.commonfunct.utilities.WOstatus is PASSED

2017-11-18 00:32:41 - [TEST_STEP][PASSED] - Statement - Status = text: null

2017-11-18 00:32:41 - [TEST_STEP][PASSED] - Statement - println(Status): null

2017-11-18 00:32:41 - [TEST_STEP][PASSED] - Statement - If (Status == "Pending-RDApproval"): null

2017-11-18 00:32:41 - [TEST_STEP][PASSED] - Statement - Else If (Status == "Pending-RLApproval"): null

2017-11-18 00:32:41 - [TEST_STEP][PASSED] - Statement - Else If (Status == "Pending-RDDApproval"): null

2017-11-18 00:32:41 - [TEST_STEP][PASSED] - Statement - Else If (Status == "Pending-OPSApproval"): null

2017-11-18 00:32:41 - [TEST_STEP][PASSED] - Statement - Else If (Status == "Pending-ExpSvcApproval"): null

2017-11-18 00:32:41 - [TEST_STEP][PASSED] - Statement - Else If (Status == "Pending-DocUpdate"): null

2017-11-18 00:32:41 - [TEST_STEP][PASSED] - Statement - Else If (Status == "Pending-Contract"): null

2017-11-18 00:32:41 - [TEST_STEP][PASSED] - Statement - Else If (Status == "Pending-MeetingSchedule"): com.helper.commonfunct.utilities.WOstatus is PASSED

2017-11-18 00:32:41 - [TEST_STEP][PASSED] - com.helper.commonfunct.utilities.login: com.helper.commonfunct.utilities.login is PASSED

2017-11-18 00:32:41 - [MESSAGE][WARNING] - A browser is already opened. Closing browser and opening a new one

2017-11-18 00:32:44 - [MESSAGE][PASSED] - Browser is opened with url: ''

2017-11-18 00:32:45 - [MESSAGE][PASSED] - Navigate to 'https://vtcpqa2.rpega.com:9030/tcpqa/PRServlet' successfully

2017-11-18 00:32:45 - [MESSAGE][PASSED] - Text 'diazz@pegasystems.com' is set on object 'Object Repository/input_UserIdentifier'

2017-11-18 00:32:45 - [MESSAGE][PASSED] - Text 'install' is set on object 'Object Repository/input_Password'

2017-11-18 00:32:49 - [MESSAGE][PASSED] - Keys 'ENTER + ' sent to object: 'Object Repository/input_Password'

2017-11-18 00:32:49 - [MESSAGE][PASSED] - com.helper.commonfunct.utilities.login is PASSED

2017-11-18 00:32:49 - [TEST_STEP][PASSED] - com.helper.commonfunct.utilities.search: com.helper.commonfunct.utilities.search is PASSED

2017-11-18 00:32:50 - [MESSAGE][PASSED] - Current window maximized

2017-11-18 00:32:55 - [MESSAGE][PASSED] - Delayed 5 second(s)

2017-11-18 00:32:56 - [MESSAGE][PASSED] - Text 'ECR-18Nov2017-3' is set on object 'Object Repository/EngInfo/search'

2017-11-18 00:33:01 - [MESSAGE][PASSED] - Delayed 5 second(s)

2017-11-18 00:33:01 - [MESSAGE][PASSED] - Keys 'ENTER + ' sent to object: 'Object Repository/EngInfo/search'

2017-11-18 00:33:06 - [MESSAGE][PASSED] - Delayed 5 second(s)

2017-11-18 00:33:06 - [MESSAGE][PASSED] - com.helper.commonfunct.utilities.search is PASSED

2017-11-18 00:33:06 - [TEST_STEP][PASSED] - maximizeWindow: Current window maximized

2017-11-18 00:33:06 - [MESSAGE][PASSED] - Current window maximized

2017-11-18 00:33:06 - [TEST_STEP][PASSED] - com.helper.commonfunct.utilities.scheduleMeeting: com.helper.commonfunct.utilities.scheduleMeeting is PASSED

2017-11-18 00:33:11 - [MESSAGE][PASSED] - Delayed 5 second(s)

2017-11-18 00:33:11 - [MESSAGE][WARNING] - Timeout '0' is invalid. Using default page load timeout: '30'

2017-11-18 00:33:16 - [MESSAGE][PASSED] - Delayed 5 second(s)

2017-11-18 00:33:19 - [MESSAGE][PASSED] - Object: 'Object Repository/ECR_MEETING/meetinglink' is clicked on

2017-11-18 00:33:24 - [MESSAGE][PASSED] - Delayed 5 second(s)

2017-11-18 00:33:24 - [MESSAGE][PASSED] - Text 'Testing' is set on object 'Object Repository/ECR_MEETING/location'

2017-11-18 00:33:29 - [MESSAGE][PASSED] - Delayed 5 second(s)

2017-11-18 00:33:29 - [MESSAGE][WARNING] - Timeout '0' is invalid. Using default page load timeout: '30'

2017-11-18 00:33:29 - [MESSAGE][PASSED] - Scroll to object 'Object Repository/Generic/SUBMIT' successfully

2017-11-18 00:33:30 - [MESSAGE][PASSED] - Object: 'Object Repository/Generic/SUBMIT' is clicked on

2017-11-18 00:33:35 - [MESSAGE][PASSED] - Delayed 5 second(s)

2017-11-18 00:33:35 - [MESSAGE][PASSED] - Text 'This proposal clinic meeting has been scheduled. You may request to reschedule the meeting by using the Actions' is present on page 

2017-11-18 00:33:35 - [MESSAGE][PASSED] - com.helper.commonfunct.utilities.scheduleMeeting is PASSED

2017-11-18 00:33:35 - [TEST_STEP][PASSED] - waitForPageLoad: Wait for page load successfully

2017-11-18 00:33:35 - [MESSAGE][PASSED] - Wait for page load successfully

2017-11-18 00:33:35 - [TEST_STEP][PASSED] - com.helper.commonfunct.utilities.WOstatus: com.helper.commonfunct.utilities.WOstatus is PASSED

2017-11-18 00:33:36 - [MESSAGE][PASSED] - Text of object 'Object Repository/ECR/WOSTATUS' is: 'Pending-Approval'

2017-11-18 00:33:36 - [MESSAGE][PASSED] - com.helper.commonfunct.utilities.WOstatus is PASSED

2017-11-18 00:33:36 - [TEST_STEP][PASSED] - Statement - Status = text: null

2017-11-18 00:33:36 - [TEST_STEP][PASSED] - Statement - println(Status): null

2017-11-18 00:33:36 - [TEST_STEP][PASSED] - Statement - If (Status == "Pending-RDApproval"): null

2017-11-18 00:33:36 - [TEST_STEP][PASSED] - Statement - Else If (Status == "Pending-RLApproval"): null

2017-11-18 00:33:36 - [TEST_STEP][PASSED] - Statement - Else If (Status == "Pending-RDDApproval"): null

2017-11-18 00:33:36 - [TEST_STEP][PASSED] - Statement - Else If (Status == "Pending-OPSApproval"): null

2017-11-18 00:33:36 - [TEST_STEP][PASSED] - Statement - Else If (Status == "Pending-ExpSvcApproval"): com.helper.commonfunct.utilities.WOstatus is PASSED

2017-11-18 00:33:36 - [TEST_STEP][PASSED] - Statement - If (EXP_SVC_Reject == false): com.helper.commonfunct.utilities.WOstatus is PASSED

2017-11-18 00:33:36 - [TEST_STEP][PASSED] - com.helper.commonfunct.utilities.login: com.helper.commonfunct.utilities.login is PASSED

2017-11-18 00:33:36 - [MESSAGE][WARNING] - A browser is already opened. Closing browser and opening a new one

2017-11-18 00:33:38 - [MESSAGE][PASSED] - Browser is opened with url: ''

2017-11-18 00:33:39 - [MESSAGE][PASSED] - Navigate to 'https://vtcpqa2.rpega.com:9030/tcpqa/PRServlet' successfully

2017-11-18 00:33:39 - [MESSAGE][PASSED] - Text 'sachb@pegasystems.com' is set on object 'Object Repository/input_UserIdentifier'

2017-11-18 00:33:39 - [MESSAGE][PASSED] - Text 'install' is set on object 'Object Repository/input_Password'

2017-11-18 00:33:44 - [MESSAGE][PASSED] - Keys 'ENTER + ' sent to object: 'Object Repository/input_Password'

2017-11-18 00:33:44 - [MESSAGE][PASSED] - com.helper.commonfunct.utilities.login is PASSED

2017-11-18 00:33:44 - [TEST_STEP][PASSED] - com.helper.commonfunct.utilities.search: com.helper.commonfunct.utilities.search is PASSED

2017-11-18 00:33:45 - [MESSAGE][PASSED] - Current window maximized

2017-11-18 00:33:50 - [MESSAGE][PASSED] - Delayed 5 second(s)

2017-11-18 00:33:51 - [MESSAGE][PASSED] - Text 'ECR-18Nov2017-3' is set on object 'Object Repository/EngInfo/search'

2017-11-18 00:33:56 - [MESSAGE][PASSED] - Delayed 5 second(s)

2017-11-18 00:33:56 - [MESSAGE][PASSED] - Keys 'ENTER + ' sent to object: 'Object Repository/EngInfo/search'

2017-11-18 00:34:01 - [MESSAGE][PASSED] - Delayed 5 second(s)

2017-11-18 00:34:01 - [MESSAGE][PASSED] - com.helper.commonfunct.utilities.search is PASSED

2017-11-18 00:34:01 - [TEST_STEP][PASSED] - com.helper.commonfunct.utilities.approve: com.helper.commonfunct.utilities.approve is PASSED

2017-11-18 00:34:06 - [MESSAGE][PASSED] - Delayed 5 second(s)

2017-11-18 00:34:06 - [MESSAGE][WARNING] - Timeout '0' is invalid. Using default page load timeout: '30'

2017-11-18 00:34:07 - [MESSAGE][PASSED] - Object: 'Object Repository/Approve-Reject/link_assignment' is clicked on

2017-11-18 00:34:12 - [MESSAGE][PASSED] - Delayed 5 second(s)

2017-11-18 00:34:12 - [MESSAGE][WARNING] - Timeout '0' is invalid. Using default page load timeout: '30'

2017-11-18 00:34:12 - [MESSAGE][PASSED] - Scroll to object 'Object Repository/Approve-Reject/APPROVE_BUTTON' successfully

2017-11-18 00:34:13 - [MESSAGE][PASSED] - Object: 'Object Repository/Approve-Reject/APPROVE_BUTTON' is clicked on

2017-11-18 00:34:18 - [MESSAGE][PASSED] - Delayed 5 second(s)

2017-11-18 00:34:18 - [MESSAGE][PASSED] - Keys 'testing' sent to object: 'Object Repository/Approve-Reject/APPROVE_REJECT_NOTES'

2017-11-18 00:34:23 - [MESSAGE][PASSED] - Delayed 5 second(s)

2017-11-18 00:34:23 - [MESSAGE][WARNING] - Timeout '0' is invalid. Using default page load timeout: '30'

2017-11-18 00:34:23 - [MESSAGE][PASSED] - Scroll to object 'Object Repository/Generic/SUBMIT' successfully

2017-11-18 00:34:23 - [MESSAGE][PASSED] - Object: 'Object Repository/Generic/SUBMIT' is clicked on

2017-11-18 00:34:28 - [MESSAGE][PASSED] - Delayed 5 second(s)

2017-11-18 00:34:28 - [MESSAGE][PASSED] - com.helper.commonfunct.utilities.approve is PASSED

2017-11-18 00:34:28 - [TEST_STEP][PASSED] - com.helper.commonfunct.utilities.WOstatus: com.helper.commonfunct.utilities.WOstatus is PASSED

2017-11-18 00:34:28 - [MESSAGE][PASSED] - Text of object 'Object Repository/ECR/WOSTATUS' is: 'Pending-Approval'

2017-11-18 00:34:28 - [MESSAGE][PASSED] - com.helper.commonfunct.utilities.WOstatus is PASSED

2017-11-18 00:34:28 - [TEST_STEP][PASSED] - Statement - For ([j = 0, j < AssignmentList.size(), (j++)]): com.helper.commonfunct.utilities.WOstatus is PASSED

2017-11-18 00:34:28 - [TEST_STEP][PASSED] - Statement - Status = text: null

2017-11-18 00:34:28 - [TEST_STEP][PASSED] - Statement - println(Status): null

2017-11-18 00:34:28 - [TEST_STEP][PASSED] - Statement - If (Status == "Pending-RDApproval"): null

2017-11-18 00:34:28 - [TEST_STEP][PASSED] - Statement - Else If (Status == "Pending-RLApproval"): null

2017-11-18 00:34:28 - [TEST_STEP][PASSED] - Statement - Else If (Status == "Pending-RDDApproval"): com.helper.commonfunct.utilities.WOstatus is PASSED

2017-11-18 00:34:28 - [TEST_STEP][PASSED] - Statement - If (RDD_Reject == false): com.helper.commonfunct.utilities.WOstatus is PASSED

2017-11-18 00:34:28 - [TEST_STEP][PASSED] - com.helper.commonfunct.utilities.login: com.helper.commonfunct.utilities.login is PASSED

2017-11-18 00:34:28 - [MESSAGE][WARNING] - A browser is already opened. Closing browser and opening a new one

2017-11-18 00:34:31 - [MESSAGE][PASSED] - Browser is opened with url: ''

2017-11-18 00:34:32 - [MESSAGE][PASSED] - Navigate to 'https://vtcpqa2.rpega.com:9030/tcpqa/PRServlet' successfully

2017-11-18 00:34:32 - [MESSAGE][PASSED] - Text 'lachd@pegasystems.com' is set on object 'Object Repository/input_UserIdentifier'

2017-11-18 00:34:32 - [MESSAGE][PASSED] - Text 'install' is set on object 'Object Repository/input_Password'

2017-11-18 00:34:35 - [MESSAGE][PASSED] - Keys 'ENTER + ' sent to object: 'Object Repository/input_Password'

2017-11-18 00:34:35 - [MESSAGE][PASSED] - com.helper.commonfunct.utilities.login is PASSED

2017-11-18 00:34:35 - [TEST_STEP][PASSED] - com.helper.commonfunct.utilities.search: com.helper.commonfunct.utilities.search is PASSED

2017-11-18 00:34:37 - [MESSAGE][PASSED] - Current window maximized

2017-11-18 00:34:42 - [MESSAGE][PASSED] - Delayed 5 second(s)

2017-11-18 00:34:42 - [MESSAGE][PASSED] - Text 'ECR-18Nov2017-3' is set on object 'Object Repository/EngInfo/search'

2017-11-18 00:34:47 - [MESSAGE][PASSED] - Delayed 5 second(s)

2017-11-18 00:34:47 - [MESSAGE][PASSED] - Keys 'ENTER + ' sent to object: 'Object Repository/EngInfo/search'

2017-11-18 00:34:52 - [MESSAGE][PASSED] - Delayed 5 second(s)

2017-11-18 00:34:52 - [MESSAGE][PASSED] - com.helper.commonfunct.utilities.search is PASSED

2017-11-18 00:34:52 - [TEST_STEP][PASSED] - com.helper.commonfunct.utilities.approve: com.helper.commonfunct.utilities.approve is PASSED

2017-11-18 00:34:57 - [MESSAGE][PASSED] - Delayed 5 second(s)

2017-11-18 00:34:57 - [MESSAGE][WARNING] - Timeout '0' is invalid. Using default page load timeout: '30'

2017-11-18 00:34:58 - [MESSAGE][PASSED] - Object: 'Object Repository/Approve-Reject/link_assignment' is clicked on

2017-11-18 00:35:03 - [MESSAGE][PASSED] - Delayed 5 second(s)

2017-11-18 00:35:03 - [MESSAGE][WARNING] - Timeout '0' is invalid. Using default page load timeout: '30'

2017-11-18 00:35:03 - [MESSAGE][PASSED] - Scroll to object 'Object Repository/Approve-Reject/APPROVE_BUTTON' successfully

2017-11-18 00:35:04 - [MESSAGE][PASSED] - Object: 'Object Repository/Approve-Reject/APPROVE_BUTTON' is clicked on

2017-11-18 00:35:09 - [MESSAGE][PASSED] - Delayed 5 second(s)

2017-11-18 00:35:09 - [MESSAGE][PASSED] - Keys 'testing' sent to object: 'Object Repository/Approve-Reject/APPROVE_REJECT_NOTES'

2017-11-18 00:35:14 - [MESSAGE][PASSED] - Delayed 5 second(s)

2017-11-18 00:35:14 - [MESSAGE][WARNING] - Timeout '0' is invalid. Using default page load timeout: '30'

2017-11-18 00:35:14 - [MESSAGE][PASSED] - Scroll to object 'Object Repository/Generic/SUBMIT' successfully

2017-11-18 00:35:14 - [MESSAGE][PASSED] - Object: 'Object Repository/Generic/SUBMIT' is clicked on

2017-11-18 00:35:19 - [MESSAGE][PASSED] - Delayed 5 second(s)

2017-11-18 00:35:19 - [MESSAGE][PASSED] - com.helper.commonfunct.utilities.approve is PASSED

2017-11-18 00:35:19 - [TEST_STEP][PASSED] - com.helper.commonfunct.utilities.WOstatus: com.helper.commonfunct.utilities.WOstatus is PASSED

2017-11-18 00:35:19 - [MESSAGE][PASSED] - Text of object 'Object Repository/ECR/WOSTATUS' is: 'Pending-Approval'

2017-11-18 00:35:19 - [MESSAGE][PASSED] - com.helper.commonfunct.utilities.WOstatus is PASSED

2017-11-18 00:35:19 - [TEST_STEP][PASSED] - Statement - For ([j = 0, j < AssignmentList.size(), (j++)]): com.helper.commonfunct.utilities.WOstatus is PASSED

2017-11-18 00:35:19 - [TEST_STEP][PASSED] - Statement - Status = text: null

2017-11-18 00:35:19 - [TEST_STEP][PASSED] - Statement - println(Status): null

2017-11-18 00:35:19 - [TEST_STEP][PASSED] - Statement - If (Status == "Pending-RDApproval"): null

2017-11-18 00:35:19 - [TEST_STEP][PASSED] - Statement - Else If (Status == "Pending-RLApproval"): null

2017-11-18 00:35:19 - [TEST_STEP][PASSED] - Statement - Else If (Status == "Pending-RDDApproval"): null

2017-11-18 00:35:19 - [TEST_STEP][PASSED] - Statement - Else If (Status == "Pending-OPSApproval"): com.helper.commonfunct.utilities.WOstatus is PASSED

2017-11-18 00:35:19 - [TEST_STEP][PASSED] - Statement - If (OpsReject == false): com.helper.commonfunct.utilities.WOstatus is PASSED

2017-11-18 00:35:19 - [TEST_STEP][PASSED] - com.helper.commonfunct.utilities.login: com.helper.commonfunct.utilities.login is PASSED

2017-11-18 00:35:19 - [MESSAGE][WARNING] - A browser is already opened. Closing browser and opening a new one

2017-11-18 00:35:22 - [MESSAGE][PASSED] - Browser is opened with url: ''

2017-11-18 00:35:23 - [MESSAGE][PASSED] - Navigate to 'https://vtcpqa2.rpega.com:9030/tcpqa/PRServlet' successfully

2017-11-18 00:35:23 - [MESSAGE][PASSED] - Text 'pogoa@pegasystems.com' is set on object 'Object Repository/input_UserIdentifier'

2017-11-18 00:35:23 - [MESSAGE][PASSED] - Text 'install' is set on object 'Object Repository/input_Password'

2017-11-18 00:35:27 - [MESSAGE][PASSED] - Keys 'ENTER + ' sent to object: 'Object Repository/input_Password'

2017-11-18 00:35:27 - [MESSAGE][PASSED] - com.helper.commonfunct.utilities.login is PASSED

2017-11-18 00:35:27 - [TEST_STEP][PASSED] - com.helper.commonfunct.utilities.search: com.helper.commonfunct.utilities.search is PASSED

2017-11-18 00:35:29 - [MESSAGE][PASSED] - Current window maximized

2017-11-18 00:35:34 - [MESSAGE][PASSED] - Delayed 5 second(s)

2017-11-18 00:35:34 - [MESSAGE][PASSED] - Text 'ECR-18Nov2017-3' is set on object 'Object Repository/EngInfo/search'

2017-11-18 00:35:39 - [MESSAGE][PASSED] - Delayed 5 second(s)

2017-11-18 00:35:39 - [MESSAGE][PASSED] - Keys 'ENTER + ' sent to object: 'Object Repository/EngInfo/search'

2017-11-18 00:35:44 - [MESSAGE][PASSED] - Delayed 5 second(s)

2017-11-18 00:35:44 - [MESSAGE][PASSED] - com.helper.commonfunct.utilities.search is PASSED

2017-11-18 00:35:44 - [TEST_STEP][PASSED] - com.helper.commonfunct.utilities.gsopsApprove: com.helper.commonfunct.utilities.gsopsApprove is PASSED

2017-11-18 00:35:49 - [MESSAGE][PASSED] - Delayed 5 second(s)

2017-11-18 00:35:49 - [MESSAGE][WARNING] - Timeout '0' is invalid. Using default page load timeout: '30'

2017-11-18 00:35:51 - [MESSAGE][WARNING] - Timeout '0' is invalid. Using default page load timeout: '30'

2017-11-18 00:35:51 - [MESSAGE][PASSED] - Scroll to object 'Object Repository/Approve-Reject/APPROVE_BUTTON' successfully

2017-11-18 00:35:51 - [MESSAGE][PASSED] - Object: 'Object Repository/Approve-Reject/APPROVE_BUTTON' is clicked on

2017-11-18 00:35:56 - [MESSAGE][PASSED] - Delayed 5 second(s)

2017-11-18 00:35:56 - [MESSAGE][PASSED] - Keys 'testing' sent to object: 'Object Repository/Approve-Reject/APPROVE_REJECT_NOTES'

2017-11-18 00:36:01 - [MESSAGE][PASSED] - Delayed 5 second(s)

2017-11-18 00:36:01 - [MESSAGE][WARNING] - Timeout '0' is invalid. Using default page load timeout: '30'

2017-11-18 00:36:01 - [MESSAGE][PASSED] - Scroll to object 'Object Repository/Generic/SUBMIT' successfully

2017-11-18 00:36:01 - [MESSAGE][PASSED] - Object: 'Object Repository/Generic/SUBMIT' is clicked on

2017-11-18 00:36:06 - [MESSAGE][PASSED] - Delayed 5 second(s)

2017-11-18 00:36:06 - [MESSAGE][PASSED] - com.helper.commonfunct.utilities.gsopsApprove is PASSED

2017-11-18 00:36:06 - [TEST_STEP][PASSED] - com.helper.commonfunct.utilities.WOstatus: com.helper.commonfunct.utilities.WOstatus is PASSED

2017-11-18 00:36:06 - [MESSAGE][PASSED] - Text of object 'Object Repository/ECR/WOSTATUS' is: 'Pending-Clinic'

2017-11-18 00:36:06 - [MESSAGE][PASSED] - com.helper.commonfunct.utilities.WOstatus is PASSED

2017-11-18 00:36:06 - [TEST_STEP][PASSED] - Statement - For ([j = 0, j < AssignmentList.size(), (j++)]): com.helper.commonfunct.utilities.WOstatus is PASSED

2017-11-18 00:36:06 - [TEST_STEP][PASSED] - Statement - Status = text: null

2017-11-18 00:36:06 - [TEST_STEP][PASSED] - Statement - println(Status): null

2017-11-18 00:36:06 - [TEST_STEP][PASSED] - Statement - If (Status == "Pending-RDApproval"): null

2017-11-18 00:36:06 - [TEST_STEP][PASSED] - Statement - Else If (Status == "Pending-RLApproval"): null

2017-11-18 00:36:06 - [TEST_STEP][PASSED] - Statement - Else If (Status == "Pending-RDDApproval"): null

2017-11-18 00:36:06 - [TEST_STEP][PASSED] - Statement - Else If (Status == "Pending-OPSApproval"): null

2017-11-18 00:36:06 - [TEST_STEP][PASSED] - Statement - Else If (Status == "Pending-ExpSvcApproval"): null

2017-11-18 00:36:06 - [TEST_STEP][PASSED] - Statement - Else If (Status == "Pending-DocUpdate"): null

2017-11-18 00:36:06 - [TEST_STEP][PASSED] - Statement - Else If (Status == "Pending-Contract"): null

2017-11-18 00:36:06 - [TEST_STEP][PASSED] - Statement - Else If (Status == "Pending-MeetingSchedule"): null

2017-11-18 00:36:06 - [TEST_STEP][PASSED] - Statement - Else If (Status == "Pending-ExpSvcReview"): null

2017-11-18 00:36:06 - [TEST_STEP][PASSED] - Statement - Else: com.helper.commonfunct.utilities.WOstatus is PASSED

2017-11-18 00:36:06 - [TEST_STEP][PASSED] - com.helper.commonfunct.utilities.login: com.helper.commonfunct.utilities.login is PASSED

2017-11-18 00:36:06 - [MESSAGE][WARNING] - A browser is already opened. Closing browser and opening a new one

2017-11-18 00:36:10 - [MESSAGE][PASSED] - Browser is opened with url: ''

2017-11-18 00:36:10 - [MESSAGE][PASSED] - Navigate to 'https://vtcpqa2.rpega.com:9030/tcpqa/PRServlet' successfully

2017-11-18 00:36:10 - [MESSAGE][PASSED] - Text 'langr1@pegasystems.com' is set on object 'Object Repository/input_UserIdentifier'

2017-11-18 00:36:11 - [MESSAGE][PASSED] - Text 'install' is set on object 'Object Repository/input_Password'

2017-11-18 00:36:14 - [MESSAGE][PASSED] - Keys 'ENTER + ' sent to object: 'Object Repository/input_Password'

2017-11-18 00:36:14 - [MESSAGE][PASSED] - com.helper.commonfunct.utilities.login is PASSED

2017-11-18 00:36:14 - [TEST_STEP][PASSED] - com.helper.commonfunct.utilities.search: com.helper.commonfunct.utilities.search is PASSED

2017-11-18 00:36:15 - [MESSAGE][PASSED] - Current window maximized

2017-11-18 00:36:20 - [MESSAGE][PASSED] - Delayed 5 second(s)

2017-11-18 00:36:20 - [MESSAGE][PASSED] - Text 'ECR-18Nov2017-3' is set on object 'Object Repository/EngInfo/search'

2017-11-18 00:36:25 - [MESSAGE][PASSED] - Delayed 5 second(s)

2017-11-18 00:36:25 - [MESSAGE][PASSED] - Keys 'ENTER + ' sent to object: 'Object Repository/EngInfo/search'

2017-11-18 00:36:30 - [MESSAGE][PASSED] - Delayed 5 second(s)

2017-11-18 00:36:30 - [MESSAGE][PASSED] - com.helper.commonfunct.utilities.search is PASSED

2017-11-18 00:36:30 - [TEST_STEP][PASSED] - maximizeWindow: Current window maximized

2017-11-18 00:36:30 - [MESSAGE][PASSED] - Current window maximized

2017-11-18 00:36:30 - [TEST_STEP][PASSED] - com.helper.commonfunct.utilities.pendingClinic: com.helper.commonfunct.utilities.pendingClinic is PASSED

2017-11-18 00:36:35 - [MESSAGE][PASSED] - Delayed 5 second(s)

2017-11-18 00:36:35 - [MESSAGE][WARNING] - Timeout '0' is invalid. Using default page load timeout: '30'

2017-11-18 00:36:41 - [MESSAGE][PASSED] - Delayed 5 second(s)

2017-11-18 00:36:41 - [MESSAGE][PASSED] - Object: 'Object Repository/ECR_MEETING/HoldClinicMeeting' is clicked on

2017-11-18 00:36:46 - [MESSAGE][PASSED] - Delayed 5 second(s)

2017-11-18 00:36:47 - [MESSAGE][PASSED] - Object: 'Object Repository/ECR_MEETING/CLINIC_OUTCOME' is clicked on

2017-11-18 00:36:52 - [MESSAGE][PASSED] - Delayed 5 second(s)

2017-11-18 00:36:52 - [MESSAGE][PASSED] - Text 'testing' is set on object 'Object Repository/ECR_MEETING/OUTCOME_NOTES'

2017-11-18 00:36:57 - [MESSAGE][PASSED] - Delayed 5 second(s)

2017-11-18 00:36:57 - [MESSAGE][WARNING] - Timeout '0' is invalid. Using default page load timeout: '30'

2017-11-18 00:36:57 - [MESSAGE][PASSED] - Scroll to object 'Object Repository/Generic/SUBMIT' successfully

2017-11-18 00:36:57 - [MESSAGE][PASSED] - Object: 'Object Repository/Generic/SUBMIT' is clicked on

2017-11-18 00:37:02 - [MESSAGE][PASSED] - Delayed 5 second(s)

2017-11-18 00:37:02 - [MESSAGE][PASSED] - com.helper.commonfunct.utilities.pendingClinic is PASSED

2017-11-18 00:37:02 - [TEST_STEP][PASSED] - waitForPageLoad: Wait for page load successfully

2017-11-18 00:37:02 - [MESSAGE][PASSED] - Wait for page load successfully

2017-11-18 00:37:02 - [TEST_STEP][PASSED] - com.helper.commonfunct.utilities.WOstatus: com.helper.commonfunct.utilities.WOstatus is PASSED

2017-11-18 00:37:02 - [MESSAGE][PASSED] - Text of object 'Object Repository/ECR/WOSTATUS' is: 'Pending-Contract'

2017-11-18 00:37:02 - [MESSAGE][PASSED] - com.helper.commonfunct.utilities.WOstatus is PASSED

2017-11-18 00:37:02 - [TEST_STEP][PASSED] - Statement - For ([j = 0, j < AssignmentList.size(), (j++)]): com.helper.commonfunct.utilities.WOstatus is PASSED

2017-11-18 00:37:02 - [TEST_STEP][PASSED] - Statement - Status = text: null

2017-11-18 00:37:02 - [TEST_STEP][PASSED] - Statement - println(Status): null

2017-11-18 00:37:02 - [TEST_STEP][PASSED] - Statement - If (Status == "Pending-RDApproval"): null

2017-11-18 00:37:02 - [TEST_STEP][PASSED] - Statement - Else If (Status == "Pending-RLApproval"): null

2017-11-18 00:37:02 - [TEST_STEP][PASSED] - Statement - Else If (Status == "Pending-RDDApproval"): null

2017-11-18 00:37:02 - [TEST_STEP][PASSED] - Statement - Else If (Status == "Pending-OPSApproval"): null

2017-11-18 00:37:02 - [TEST_STEP][PASSED] - Statement - Else If (Status == "Pending-ExpSvcApproval"): null

2017-11-18 00:37:02 - [TEST_STEP][PASSED] - Statement - Else If (Status == "Pending-DocUpdate"): null

2017-11-18 00:37:02 - [TEST_STEP][PASSED] - Statement - Else If (Status == "Pending-Contract"): com.helper.commonfunct.utilities.WOstatus is PASSED

2017-11-18 00:37:02 - [TEST_STEP][PASSED] - com.helper.commonfunct.utilities.login: com.helper.commonfunct.utilities.login is PASSED

2017-11-18 00:37:02 - [MESSAGE][WARNING] - A browser is already opened. Closing browser and opening a new one

2017-11-18 00:37:05 - [MESSAGE][PASSED] - Browser is opened with url: ''

2017-11-18 00:37:06 - [MESSAGE][PASSED] - Navigate to 'https://vtcpqa2.rpega.com:9030/tcpqa/PRServlet' successfully

2017-11-18 00:37:06 - [MESSAGE][PASSED] - Text 'hendj@pegasystems.com' is set on object 'Object Repository/input_UserIdentifier'

2017-11-18 00:37:06 - [MESSAGE][PASSED] - Text 'install' is set on object 'Object Repository/input_Password'

2017-11-18 00:37:11 - [MESSAGE][PASSED] - Keys 'ENTER + ' sent to object: 'Object Repository/input_Password'

2017-11-18 00:37:11 - [MESSAGE][PASSED] - com.helper.commonfunct.utilities.login is PASSED

2017-11-18 00:37:11 - [TEST_STEP][PASSED] - com.helper.commonfunct.utilities.search: com.helper.commonfunct.utilities.search is PASSED

2017-11-18 00:37:12 - [MESSAGE][PASSED] - Current window maximized

2017-11-18 00:37:17 - [MESSAGE][PASSED] - Delayed 5 second(s)

2017-11-18 00:37:17 - [MESSAGE][PASSED] - Text 'ECR-18Nov2017-3' is set on object 'Object Repository/EngInfo/search'

2017-11-18 00:37:22 - [MESSAGE][PASSED] - Delayed 5 second(s)

2017-11-18 00:37:22 - [MESSAGE][PASSED] - Keys 'ENTER + ' sent to object: 'Object Repository/EngInfo/search'

2017-11-18 00:37:27 - [MESSAGE][PASSED] - Delayed 5 second(s)

2017-11-18 00:37:27 - [MESSAGE][PASSED] - com.helper.commonfunct.utilities.search is PASSED

2017-11-18 00:37:27 - [TEST_STEP][PASSED] - maximizeWindow: Current window maximized

2017-11-18 00:37:27 - [MESSAGE][PASSED] - Current window maximized

2017-11-18 00:37:27 - [TEST_STEP][PASSED] - com.helper.commonfunct.utilities.ContractDisposition: com.helper.commonfunct.utilities.ContractDisposition is PASSED

2017-11-18 00:37:32 - [MESSAGE][PASSED] - Delayed 5 second(s)

2017-11-18 00:37:32 - [MESSAGE][WARNING] - Timeout '0' is invalid. Using default page load timeout: '30'

2017-11-18 00:37:33 - [MESSAGE][PASSED] - Object: 'Object Repository/Approve-Reject/contractlink' is clicked on

2017-11-18 00:37:38 - [MESSAGE][PASSED] - Delayed 5 second(s)

2017-11-18 00:37:38 - [MESSAGE][PASSED] - Object: 'Object Repository/Approve-Reject/cretaeContract' is clicked on

2017-11-18 00:37:43 - [MESSAGE][PASSED] - Delayed 5 second(s)

2017-11-18 00:37:44 - [MESSAGE][PASSED] - Text 'testing' is set on object 'Object Repository/Approve-Reject/contractNotes'

2017-11-18 00:37:49 - [MESSAGE][PASSED] - Delayed 5 second(s)

2017-11-18 00:37:49 - [MESSAGE][WARNING] - Timeout '0' is invalid. Using default page load timeout: '30'

2017-11-18 00:37:49 - [MESSAGE][PASSED] - Scroll to object 'Object Repository/Generic/SUBMIT' successfully

2017-11-18 00:37:49 - [MESSAGE][PASSED] - Object: 'Object Repository/Generic/SUBMIT' is clicked on

2017-11-18 00:37:54 - [MESSAGE][PASSED] - Delayed 5 second(s)

2017-11-18 00:37:54 - [MESSAGE][PASSED] - Wait for page load successfully

2017-11-18 00:37:55 - [MESSAGE][PASSED] - Object: 'Object Repository/Approve-Reject/dispositionLink' is clicked on

2017-11-18 00:38:00 - [MESSAGE][PASSED] - Delayed 5 second(s)

2017-11-18 00:38:00 - [MESSAGE][PASSED] - Object: 'Object Repository/Approve-Reject/dispositionOption' is clicked on

2017-11-18 00:38:05 - [MESSAGE][PASSED] - Delayed 5 second(s)

2017-11-18 00:38:05 - [MESSAGE][PASSED] - Text 'testing' is set on object 'Object Repository/Approve-Reject/disposition_comments'

2017-11-18 00:38:10 - [MESSAGE][PASSED] - Delayed 5 second(s)

2017-11-18 00:38:10 - [MESSAGE][WARNING] - Timeout '0' is invalid. Using default page load timeout: '30'

2017-11-18 00:38:10 - [MESSAGE][PASSED] - Scroll to object 'Object Repository/Generic/SUBMIT' successfully

2017-11-18 00:38:10 - [MESSAGE][PASSED] - Object: 'Object Repository/Generic/SUBMIT' is clicked on

2017-11-18 00:38:15 - [MESSAGE][PASSED] - Delayed 5 second(s)

2017-11-18 00:38:15 - [MESSAGE][PASSED] - com.helper.commonfunct.utilities.ContractDisposition is PASSED

2017-11-18 00:38:15 - [TEST_STEP][PASSED] - waitForPageLoad: Wait for page load successfully

2017-11-18 00:38:15 - [MESSAGE][PASSED] - Wait for page load successfully

2017-11-18 00:38:15 - [TEST_STEP][PASSED] - com.helper.commonfunct.utilities.WOstatus: com.helper.commonfunct.utilities.WOstatus is PASSED

2017-11-18 00:38:16 - [MESSAGE][PASSED] - Text of object 'Object Repository/ECR/WOSTATUS' is: 'Resolved-Won'

2017-11-18 00:38:16 - [MESSAGE][PASSED] - com.helper.commonfunct.utilities.WOstatus is PASSED

2017-11-18 00:38:16 - [MESSAGE][PASSED] - Call Test Case 'Test Cases/ECR/REF/ECR_Approval_Reject' successfully]]></system-out>
         <system-err><![CDATA[2017-11-18 00:27:45 - [TEST_CASE][FAILED] - Test Cases/ECR/TC_ECR_Meeting_ExpertService_AllApproval: Call Test Case 'Test Cases/ECR/REF/ECR_Meeting_ExpertService' successfully]]></system-err>
      </testcase>
      <testcase name="Test Cases/ECR/TC_ECR_Meeting_NoExpertService_AllApproval" classname="Test Cases/ECR/TC_ECR_Meeting_NoExpertService_AllApproval" status="FAILED">
         <failure type="FAILED" message="Call Test Case 'Test Cases/ECR/REF/ECR_Meeting_NoExpertService' successfully"/>
         <system-out><![CDATA[2017-11-18 00:38:16 - [TEST_CASE][FAILED] - Test Cases/ECR/TC_ECR_Meeting_NoExpertService_AllApproval: Call Test Case 'Test Cases/ECR/REF/ECR_Meeting_NoExpertService' successfully

2017-11-18 00:38:17 - [TEST_STEP][FAILED] - callTestCase: Call Test Case 'Test Cases/ECR/REF/ECR_Meeting_NoExpertService' successfully

2017-11-18 00:38:17 - [TEST_CASE][FAILED] - Test Cases/ECR/REF/ECR_Meeting_NoExpertService: com.helper.commonfunct.utilities.ECRMeeting is PASSED

2017-11-18 00:38:17 - [TEST_STEP][PASSED] - com.helper.commonfunct.utilities.login: com.helper.commonfunct.utilities.login is PASSED

2017-11-18 00:38:17 - [MESSAGE][WARNING] - A browser is already opened. Closing browser and opening a new one

2017-11-18 00:38:20 - [MESSAGE][PASSED] - Browser is opened with url: ''

2017-11-18 00:38:20 - [MESSAGE][PASSED] - Navigate to 'https://vtcpqa2.rpega.com:9030/tcpqa/PRServlet' successfully

2017-11-18 00:38:21 - [MESSAGE][PASSED] - Text 'pogoa@pegasystems.com' is set on object 'Object Repository/input_UserIdentifier'

2017-11-18 00:38:21 - [MESSAGE][PASSED] - Text 'install' is set on object 'Object Repository/input_Password'

2017-11-18 00:38:25 - [MESSAGE][PASSED] - Keys 'ENTER + ' sent to object: 'Object Repository/input_Password'

2017-11-18 00:38:25 - [MESSAGE][PASSED] - com.helper.commonfunct.utilities.login is PASSED

2017-11-18 00:38:25 - [TEST_STEP][PASSED] - Statement - Meeting = true: null

2017-11-18 00:38:25 - [TEST_STEP][FAILED] - com.helper.commonfunct.utilities.ECRMeeting: com.helper.commonfunct.utilities.ECRMeeting is PASSED

2017-11-18 00:38:26 - [MESSAGE][PASSED] - Object: 'Object Repository/Generic/a_Actions' is clicked on

2017-11-18 00:38:28 - [MESSAGE][PASSED] - Object: 'Object Repository/span_New' is focused

2017-11-18 00:38:30 - [MESSAGE][PASSED] - Object: 'Object Repository/span_Bid Process' is clicked on

2017-11-18 00:38:30 - [MESSAGE][PASSED] - Object: 'Object Repository/ECR/BID_TYPE' is clicked on

2017-11-18 00:38:30 - [MESSAGE][PASSED] - Object 'Object Repository/button_Import' is present

2017-11-18 00:38:35 - [MESSAGE][PASSED] - Delayed 5 second(s)

2017-11-18 00:38:35 - [MESSAGE][PASSED] - Object: 'Object Repository/button_Import' is clicked on

2017-11-18 00:38:36 - [MESSAGE][PASSED] - File 'C:\Users\nipin\Desktop\Latest BSW\Final\ECR_WITH_MEETING.xlsm' sent to object: 'Object Repository/input_PpyWorkPageppyFilePath'

2017-11-18 00:38:41 - [MESSAGE][PASSED] - Delayed 5 second(s)

2017-11-18 00:38:41 - [MESSAGE][WARNING] - Timeout '0' is invalid. Using default page load timeout: '30'

2017-11-18 00:38:41 - [MESSAGE][PASSED] - Scroll to object 'Object Repository/button_Submit' successfully

2017-11-18 00:38:42 - [MESSAGE][PASSED] - Object: 'Object Repository/button_Submit' is clicked on

2017-11-18 00:38:42 - [MESSAGE][PASSED] - Object 'Object Repository/EngInfo/COID' is visible

2017-11-18 00:38:47 - [MESSAGE][PASSED] - Delayed 5 second(s)

2017-11-18 00:38:52 - [MESSAGE][PASSED] - Delayed 5 second(s)

2017-11-18 00:38:52 - [MESSAGE][PASSED] - Text 'BOFA' is set on object 'Object Repository/Generic/ORG'

2017-11-18 00:38:57 - [MESSAGE][PASSED] - Delayed 5 second(s)

2017-11-18 00:38:57 - [MESSAGE][PASSED] - Keys 'TAB + ' sent to object: 'Object Repository/Generic/ORG'

2017-11-18 00:39:02 - [MESSAGE][PASSED] - Delayed 5 second(s)

2017-11-18 00:39:02 - [MESSAGE][PASSED] - Text 'BOFA' is set on object 'Object Repository/Generic/ACC'

2017-11-18 00:39:02 - [MESSAGE][PASSED] - Keys 'TAB + ' sent to object: 'Object Repository/Generic/ACC'

2017-11-18 00:39:07 - [MESSAGE][PASSED] - Delayed 5 second(s)

2017-11-18 00:39:08 - [MESSAGE][PASSED] - Text 'AUTOTEST1' is set on object 'Object Repository/Generic/ENG_DESC'

2017-11-18 00:39:13 - [MESSAGE][PASSED] - Delayed 5 second(s)

2017-11-18 00:39:13 - [MESSAGE][PASSED] - Scroll to object 'Object Repository/Generic/SUBMIT' successfully

2017-11-18 00:39:13 - [MESSAGE][PASSED] - Object: 'Object Repository/Generic/SUBMIT' is clicked on

2017-11-18 00:39:13 - [MESSAGE][PASSED] - Wait for page load successfully

2017-11-18 00:39:18 - [MESSAGE][PASSED] - Delayed 5 second(s)

2017-11-18 00:39:18 - [MESSAGE][PASSED] - Text 'CO-123' is set on object 'Object Repository/EngInfo/COID'

2017-11-18 00:39:18 - [MESSAGE][PASSED] - Wait for page load successfully

2017-11-18 00:39:23 - [MESSAGE][PASSED] - Delayed 5 second(s)

2017-11-18 00:39:23 - [MESSAGE][PASSED] - Keys 'Jeff Henderson ' sent to object: 'Object Repository/EngInfo/PL'

2017-11-18 00:39:28 - [MESSAGE][PASSED] - Delayed 5 second(s)

2017-11-18 00:39:29 - [MESSAGE][PASSED] - Keys 'Robert Higgins' sent to object: 'Object Repository/EngInfo/PLTL'

2017-11-18 00:39:34 - [MESSAGE][PASSED] - Delayed 5 second(s)

2017-11-18 00:39:34 - [MESSAGE][PASSED] - Keys 'Eric Panepinto' sent to object: 'Object Repository/EngInfo/RL'

2017-11-18 00:39:39 - [MESSAGE][PASSED] - Delayed 5 second(s)

2017-11-18 00:39:39 - [MESSAGE][PASSED] - Keys 'Robert Lang' sent to object: 'Object Repository/EngInfo/RD'

2017-11-18 00:39:44 - [MESSAGE][PASSED] - Delayed 5 second(s)

2017-11-18 00:39:49 - [MESSAGE][PASSED] - Delayed 5 second(s)

2017-11-18 00:39:49 - [MESSAGE][PASSED] - Object: 'Object Repository/Generic/MorethanOneRLS' is clicked on

2017-11-18 00:39:54 - [MESSAGE][PASSED] - Delayed 5 second(s)

2017-11-18 00:39:54 - [MESSAGE][PASSED] - Object: 'Object Repository/Generic/RapidDelivery' is clicked on

2017-11-18 00:39:59 - [MESSAGE][PASSED] - Delayed 5 second(s)

2017-11-18 00:40:00 - [MESSAGE][PASSED] - Object: 'Object Repository/Generic/methodology' is clicked on

2017-11-18 00:40:05 - [MESSAGE][PASSED] - Delayed 5 second(s)

2017-11-18 00:40:05 - [MESSAGE][PASSED] - Text '85000' is set on object 'Object Repository/ECR/Licence'

2017-11-18 00:40:10 - [MESSAGE][PASSED] - Delayed 5 second(s)

2017-11-18 00:40:10 - [MESSAGE][PASSED] - Keys 'AMPchroma' sent to object: 'Object Repository/Generic/PlatformID'

2017-11-18 00:40:15 - [MESSAGE][PASSED] - Delayed 5 second(s)

2017-11-18 00:40:15 - [MESSAGE][PASSED] - Keys 'N/A' sent to object: 'Object Repository/Generic/PlatformVersion'

2017-11-18 00:40:20 - [MESSAGE][PASSED] - Delayed 5 second(s)

2017-11-18 00:40:20 - [MESSAGE][PASSED] - Object: 'Object Repository/Generic/PlatformTrue' is clicked on

2017-11-18 00:40:21 - [MESSAGE][PASSED] - Scroll to object 'Object Repository/NEXT_BUTTON' successfully

2017-11-18 00:40:21 - [MESSAGE][PASSED] - Object: 'Object Repository/NEXT_BUTTON' is clicked on

2017-11-18 00:40:26 - [MESSAGE][PASSED] - Delayed 5 second(s)

2017-11-18 00:40:26 - [MESSAGE][PASSED] - Text '11/20/2017' is set on object 'Object Repository/EngInfo/MeetingDate'

2017-11-18 00:40:31 - [MESSAGE][PASSED] - Delayed 5 second(s)

2017-11-18 00:40:31 - [MESSAGE][PASSED] - Text 'TEsting' is set on object 'Object Repository/EngInfo/instruction'

2017-11-18 00:40:36 - [MESSAGE][PASSED] - Delayed 5 second(s)

2017-11-18 00:40:37 - [MESSAGE][FAILED] - Unable to set text '' of object 'Object Repository/EngInfo/AE' (Root cause: org.openqa.selenium.StaleElementReferenceException: stale element reference: element is not attached to the page document
  (Session info: chrome=62.0.3202.94)
  (Driver info: chromedriver=2.33.506120 (e3e53437346286c0bc2d2dc9aa4915ba81d9023f),platform=Windows NT 6.1.7601 SP1 x86_64) (WARNING: The server did not provide any stacktrace information)
Command duration or timeout: 0 milliseconds
For documentation on this error, please visit: http://seleniumhq.org/exceptions/stale_element_reference.html
Build info: version: '3.7.1', revision: '8a0099a', time: '2017-11-06T21:07:36.161Z'
System info: host: 'L22622WUS', ip: '10.2.202.111', os.name: 'Windows 7', os.arch: 'amd64', os.version: '6.1', java.version: '1.8.0_102'
Driver info: com.kms.katalon.selenium.driver.CChromeDriver
Capabilities {acceptSslCerts: true, applicationCacheEnabled: false, browserConnectionEnabled: false, browserName: chrome, chrome: {chromedriverVersion: 2.33.506120 (e3e53437346286..., userDataDir: C:\Users\nipin\AppData\Loca...}, cssSelectorsEnabled: true, databaseEnabled: false, handlesAlerts: true, hasTouchScreen: false, javascriptEnabled: true, locationContextEnabled: true, mobileEmulationEnabled: false, nativeEvents: true, networkConnectionEnabled: false, pageLoadStrategy: normal, platform: XP, platformName: XP, rotatable: false, setWindowRect: true, takesHeapSnapshot: true, takesScreenshot: true, unexpectedAlertBehaviour: , unhandledPromptBehavior: , version: 62.0.3202.94, webStorageEnabled: true}
Session ID: ac7d225c9fd5b7bd23f5ec2316c0b2db)
[[ATTACHMENT|C:\\Users\\nipin\\Katalon Studio\\COE\\Reports\\ECR_Approval_Reject_Recall\\20171118_002743\\1510983637134.png]]

2017-11-18 00:40:42 - [MESSAGE][PASSED] - Delayed 5 second(s)

2017-11-18 00:40:42 - [MESSAGE][PASSED] - Text 'Nagaveni Nipinale' is set on object 'Object Repository/EngInfo/AE'

2017-11-18 00:40:42 - [MESSAGE][PASSED] - Object: 'Object Repository/EngInfo/isCloudInitiativeYes' is clicked on

2017-11-18 00:40:47 - [MESSAGE][PASSED] - Delayed 5 second(s)

2017-11-18 00:40:48 - [MESSAGE][PASSED] - Object: 'Object Repository/EngInfo/IsPegaMarketingYes' is clicked on

2017-11-18 00:40:53 - [MESSAGE][PASSED] - Delayed 5 second(s)

2017-11-18 00:40:53 - [MESSAGE][PASSED] - Object: 'Object Repository/EngInfo/IsPegaMobileYes' is clicked on

2017-11-18 00:40:58 - [MESSAGE][PASSED] - Delayed 5 second(s)

2017-11-18 00:41:03 - [MESSAGE][PASSED] - Delayed 5 second(s)

2017-11-18 00:41:03 - [MESSAGE][PASSED] - Scroll to object 'Object Repository/NEXT_BUTTON' successfully

2017-11-18 00:41:03 - [MESSAGE][PASSED] - Object: 'Object Repository/NEXT_BUTTON' is clicked on

2017-11-18 00:41:08 - [MESSAGE][PASSED] - Delayed 5 second(s)

2017-11-18 00:41:08 - [MESSAGE][PASSED] - Scroll to object 'Object Repository/NEXT_BUTTON' successfully

2017-11-18 00:41:08 - [MESSAGE][PASSED] - Object: 'Object Repository/NEXT_BUTTON' is clicked on

2017-11-18 00:41:13 - [MESSAGE][PASSED] - Delayed 5 second(s)

2017-11-18 00:41:13 - [MESSAGE][PASSED] - Scroll to object 'Object Repository/Generic/FINISH_BUTTON' successfully

2017-11-18 00:41:14 - [MESSAGE][PASSED] - Object: 'Object Repository/Generic/FINISH_BUTTON' is clicked on

2017-11-18 00:41:19 - [MESSAGE][PASSED] - Delayed 5 second(s)

2017-11-18 00:41:19 - [MESSAGE][PASSED] - Object: 'Object Repository/EngInfo/Continue' is clicked on

2017-11-18 00:41:24 - [MESSAGE][PASSED] - Delayed 5 second(s)

2017-11-18 00:41:29 - [MESSAGE][PASSED] - Delayed 5 second(s)

2017-11-18 00:41:30 - [MESSAGE][PASSED] - Object: 'Object Repository/Approve-Reject/attachdoc' is clicked on

2017-11-18 00:41:35 - [MESSAGE][PASSED] - Delayed 5 second(s)

2017-11-18 00:41:35 - [MESSAGE][PASSED] - Keys 'testing' sent to object: 'Object Repository/ECR_MEETING/BSW_TEXT'

2017-11-18 00:41:40 - [MESSAGE][PASSED] - Delayed 5 second(s)

2017-11-18 00:41:40 - [MESSAGE][PASSED] - Keys 'testing' sent to object: 'Object Repository/ECR_MEETING/ESTIMATE_TEXT'

2017-11-18 00:41:45 - [MESSAGE][PASSED] - Delayed 5 second(s)

2017-11-18 00:41:45 - [MESSAGE][PASSED] - Keys 'testing' sent to object: 'Object Repository/ECR_MEETING/OTHER_TEXT'

2017-11-18 00:41:50 - [MESSAGE][PASSED] - Delayed 5 second(s)

2017-11-18 00:41:50 - [MESSAGE][PASSED] - Keys 'testing' sent to object: 'Object Repository/ECR_MEETING/PRIAGE_TEXT'

2017-11-18 00:41:55 - [MESSAGE][PASSED] - Delayed 5 second(s)

2017-11-18 00:41:56 - [MESSAGE][PASSED] - Keys 'testing' sent to object: 'Object Repository/ECR_MEETING/SIZING_TEXT'

2017-11-18 00:42:01 - [MESSAGE][PASSED] - Delayed 5 second(s)

2017-11-18 00:42:01 - [MESSAGE][PASSED] - Keys 'testing' sent to object: 'Object Repository/Approve-Reject/APPROVE_REJECT_NOTES'

2017-11-18 00:42:06 - [MESSAGE][PASSED] - Delayed 5 second(s)

2017-11-18 00:42:06 - [MESSAGE][WARNING] - Timeout '0' is invalid. Using default page load timeout: '30'

2017-11-18 00:42:06 - [MESSAGE][PASSED] - Scroll to object 'Object Repository/Generic/SUBMIT' successfully

2017-11-18 00:42:06 - [MESSAGE][PASSED] - Object: 'Object Repository/Generic/SUBMIT' is clicked on

2017-11-18 00:42:11 - [MESSAGE][PASSED] - Delayed 5 second(s)

2017-11-18 00:42:11 - [MESSAGE][PASSED] - Text of object 'Object Repository/WO' is: 'ECR-18Nov2017-4'

2017-11-18 00:42:11 - [MESSAGE][PASSED] - Text of object 'Object Repository/ECR/WOSTATUS' is: 'Pending-RDApproval'

2017-11-18 00:42:11 - [MESSAGE][PASSED] - com.helper.commonfunct.utilities.ECRMeeting is PASSED

2017-11-18 00:42:11 - [MESSAGE][PASSED] - Call Test Case 'Test Cases/ECR/REF/ECR_Meeting_NoExpertService' successfully

2017-11-18 00:42:11 - [TEST_STEP][PASSED] - callTestCase: Call Test Case 'Test Cases/ECR/REF/ECR_Approval_Reject' successfully

2017-11-18 00:42:11 - [TEST_CASE][PASSED] - Test Cases/ECR/REF/ECR_Approval_Reject: Test Cases/ECR/REF/ECR_Approval_Reject

2017-11-18 00:42:11 - [TEST_STEP][PASSED] - Statement - While (WOSTATUS.contains("Pending")): com.helper.commonfunct.utilities.WOstatus is PASSED

2017-11-18 00:42:11 - [TEST_STEP][PASSED] - Statement - For ([j = 0, j < AssignmentList.size(), (j++)]): com.helper.commonfunct.utilities.WOstatus is PASSED

2017-11-18 00:42:11 - [TEST_STEP][PASSED] - Statement - Status = text: null

2017-11-18 00:42:11 - [TEST_STEP][PASSED] - Statement - println(Status): null

2017-11-18 00:42:11 - [TEST_STEP][PASSED] - Statement - If (Status == "Pending-RDApproval"): com.helper.commonfunct.utilities.WOstatus is PASSED

2017-11-18 00:42:11 - [TEST_STEP][PASSED] - Statement - If (RDReject == false): com.helper.commonfunct.utilities.WOstatus is PASSED

2017-11-18 00:42:11 - [TEST_STEP][PASSED] - Statement - If (Meeting == true): com.helper.commonfunct.utilities.WOstatus is PASSED

2017-11-18 00:42:11 - [TEST_STEP][PASSED] - com.helper.commonfunct.utilities.login: com.helper.commonfunct.utilities.login is PASSED

2017-11-18 00:42:11 - [MESSAGE][WARNING] - A browser is already opened. Closing browser and opening a new one

2017-11-18 00:42:14 - [MESSAGE][PASSED] - Browser is opened with url: ''

2017-11-18 00:42:15 - [MESSAGE][PASSED] - Navigate to 'https://vtcpqa2.rpega.com:9030/tcpqa/PRServlet' successfully

2017-11-18 00:42:15 - [MESSAGE][PASSED] - Text 'langr1@pegasystems.com' is set on object 'Object Repository/input_UserIdentifier'

2017-11-18 00:42:15 - [MESSAGE][PASSED] - Text 'install' is set on object 'Object Repository/input_Password'

2017-11-18 00:42:20 - [MESSAGE][PASSED] - Keys 'ENTER + ' sent to object: 'Object Repository/input_Password'

2017-11-18 00:42:20 - [MESSAGE][PASSED] - com.helper.commonfunct.utilities.login is PASSED

2017-11-18 00:42:20 - [TEST_STEP][PASSED] - com.helper.commonfunct.utilities.search: com.helper.commonfunct.utilities.search is PASSED

2017-11-18 00:42:21 - [MESSAGE][PASSED] - Current window maximized

2017-11-18 00:42:26 - [MESSAGE][PASSED] - Delayed 5 second(s)

2017-11-18 00:42:26 - [MESSAGE][PASSED] - Text 'ECR-18Nov2017-4' is set on object 'Object Repository/EngInfo/search'

2017-11-18 00:42:31 - [MESSAGE][PASSED] - Delayed 5 second(s)

2017-11-18 00:42:31 - [MESSAGE][PASSED] - Keys 'ENTER + ' sent to object: 'Object Repository/EngInfo/search'

2017-11-18 00:42:36 - [MESSAGE][PASSED] - Delayed 5 second(s)

2017-11-18 00:42:36 - [MESSAGE][PASSED] - com.helper.commonfunct.utilities.search is PASSED

2017-11-18 00:42:36 - [TEST_STEP][PASSED] - com.helper.commonfunct.utilities.routeToRL: com.helper.commonfunct.utilities.routeToRL is PASSED

2017-11-18 00:42:41 - [MESSAGE][PASSED] - Delayed 5 second(s)

2017-11-18 00:42:41 - [MESSAGE][WARNING] - Timeout '0' is invalid. Using default page load timeout: '30'

2017-11-18 00:42:46 - [MESSAGE][PASSED] - Delayed 5 second(s)

2017-11-18 00:42:48 - [MESSAGE][PASSED] - Object: 'Object Repository/Approve-Reject/link_assignment' is clicked on

2017-11-18 00:42:53 - [MESSAGE][PASSED] - Delayed 5 second(s)

2017-11-18 00:42:53 - [MESSAGE][WARNING] - Timeout '0' is invalid. Using default page load timeout: '30'

2017-11-18 00:42:53 - [MESSAGE][PASSED] - Scroll to object 'Object Repository/Approve-Reject/APPROVE_BUTTON' successfully

2017-11-18 00:42:53 - [MESSAGE][PASSED] - Object: 'Object Repository/Approve-Reject/APPROVE_BUTTON' is clicked on

2017-11-18 00:42:58 - [MESSAGE][PASSED] - Delayed 5 second(s)

2017-11-18 00:42:58 - [MESSAGE][PASSED] - Keys 'testing' sent to object: 'Object Repository/Approve-Reject/APPROVE_REJECT_NOTES'

2017-11-18 00:43:03 - [MESSAGE][PASSED] - Delayed 5 second(s)

2017-11-18 00:43:03 - [MESSAGE][WARNING] - Timeout '0' is invalid. Using default page load timeout: '30'

2017-11-18 00:43:03 - [MESSAGE][PASSED] - Scroll to object 'Object Repository/Generic/SUBMIT' successfully

2017-11-18 00:43:04 - [MESSAGE][PASSED] - Object: 'Object Repository/Generic/SUBMIT' is clicked on

2017-11-18 00:43:09 - [MESSAGE][PASSED] - Delayed 5 second(s)

2017-11-18 00:43:09 - [MESSAGE][PASSED] - com.helper.commonfunct.utilities.routeToRL is PASSED

2017-11-18 00:43:09 - [TEST_STEP][PASSED] - Statement - print(Status): null

2017-11-18 00:43:09 - [TEST_STEP][PASSED] - com.helper.commonfunct.utilities.WOstatus: com.helper.commonfunct.utilities.WOstatus is PASSED

2017-11-18 00:43:09 - [MESSAGE][PASSED] - Text of object 'Object Repository/ECR/WOSTATUS' is: 'Pending-Approval'

2017-11-18 00:43:09 - [MESSAGE][PASSED] - com.helper.commonfunct.utilities.WOstatus is PASSED

2017-11-18 00:43:09 - [TEST_STEP][PASSED] - Statement - Status = text: null

2017-11-18 00:43:09 - [TEST_STEP][PASSED] - Statement - println(Status): null

2017-11-18 00:43:09 - [TEST_STEP][PASSED] - Statement - If (Status == "Pending-RDApproval"): null

2017-11-18 00:43:09 - [TEST_STEP][PASSED] - Statement - Else If (Status == "Pending-RLApproval"): null

2017-11-18 00:43:09 - [TEST_STEP][PASSED] - Statement - Else If (Status == "Pending-RDDApproval"): null

2017-11-18 00:43:09 - [TEST_STEP][PASSED] - Statement - Else If (Status == "Pending-OPSApproval"): null

2017-11-18 00:43:09 - [TEST_STEP][PASSED] - Statement - Else If (Status == "Pending-ExpSvcApproval"): null

2017-11-18 00:43:09 - [TEST_STEP][PASSED] - Statement - Else If (Status == "Pending-DocUpdate"): null

2017-11-18 00:43:09 - [TEST_STEP][PASSED] - Statement - Else If (Status == "Pending-Contract"): null

2017-11-18 00:43:09 - [TEST_STEP][PASSED] - Statement - Else If (Status == "Pending-MeetingSchedule"): com.helper.commonfunct.utilities.WOstatus is PASSED

2017-11-18 00:43:09 - [TEST_STEP][PASSED] - com.helper.commonfunct.utilities.login: com.helper.commonfunct.utilities.login is PASSED

2017-11-18 00:43:09 - [MESSAGE][WARNING] - A browser is already opened. Closing browser and opening a new one

2017-11-18 00:43:12 - [MESSAGE][PASSED] - Browser is opened with url: ''

2017-11-18 00:43:12 - [MESSAGE][PASSED] - Navigate to 'https://vtcpqa2.rpega.com:9030/tcpqa/PRServlet' successfully

2017-11-18 00:43:13 - [MESSAGE][PASSED] - Text 'diazz@pegasystems.com' is set on object 'Object Repository/input_UserIdentifier'

2017-11-18 00:43:13 - [MESSAGE][PASSED] - Text 'install' is set on object 'Object Repository/input_Password'

2017-11-18 00:43:17 - [MESSAGE][PASSED] - Keys 'ENTER + ' sent to object: 'Object Repository/input_Password'

2017-11-18 00:43:17 - [MESSAGE][PASSED] - com.helper.commonfunct.utilities.login is PASSED

2017-11-18 00:43:17 - [TEST_STEP][PASSED] - com.helper.commonfunct.utilities.search: com.helper.commonfunct.utilities.search is PASSED

2017-11-18 00:43:18 - [MESSAGE][PASSED] - Current window maximized

2017-11-18 00:43:23 - [MESSAGE][PASSED] - Delayed 5 second(s)

2017-11-18 00:43:23 - [MESSAGE][PASSED] - Text 'ECR-18Nov2017-4' is set on object 'Object Repository/EngInfo/search'

2017-11-18 00:43:28 - [MESSAGE][PASSED] - Delayed 5 second(s)

2017-11-18 00:43:28 - [MESSAGE][PASSED] - Keys 'ENTER + ' sent to object: 'Object Repository/EngInfo/search'

2017-11-18 00:43:33 - [MESSAGE][PASSED] - Delayed 5 second(s)

2017-11-18 00:43:33 - [MESSAGE][PASSED] - com.helper.commonfunct.utilities.search is PASSED

2017-11-18 00:43:33 - [TEST_STEP][PASSED] - maximizeWindow: Current window maximized

2017-11-18 00:43:34 - [MESSAGE][PASSED] - Current window maximized

2017-11-18 00:43:34 - [TEST_STEP][PASSED] - com.helper.commonfunct.utilities.scheduleMeeting: com.helper.commonfunct.utilities.scheduleMeeting is PASSED

2017-11-18 00:43:39 - [MESSAGE][PASSED] - Delayed 5 second(s)

2017-11-18 00:43:39 - [MESSAGE][WARNING] - Timeout '0' is invalid. Using default page load timeout: '30'

2017-11-18 00:43:44 - [MESSAGE][PASSED] - Delayed 5 second(s)

2017-11-18 00:43:48 - [MESSAGE][PASSED] - Object: 'Object Repository/ECR_MEETING/meetinglink' is clicked on

2017-11-18 00:43:53 - [MESSAGE][PASSED] - Delayed 5 second(s)

2017-11-18 00:43:53 - [MESSAGE][PASSED] - Text 'Testing' is set on object 'Object Repository/ECR_MEETING/location'

2017-11-18 00:43:58 - [MESSAGE][PASSED] - Delayed 5 second(s)

2017-11-18 00:43:58 - [MESSAGE][WARNING] - Timeout '0' is invalid. Using default page load timeout: '30'

2017-11-18 00:43:58 - [MESSAGE][PASSED] - Scroll to object 'Object Repository/Generic/SUBMIT' successfully

2017-11-18 00:43:58 - [MESSAGE][PASSED] - Object: 'Object Repository/Generic/SUBMIT' is clicked on

2017-11-18 00:44:03 - [MESSAGE][PASSED] - Delayed 5 second(s)

2017-11-18 00:44:04 - [MESSAGE][PASSED] - Text 'This proposal clinic meeting has been scheduled. You may request to reschedule the meeting by using the Actions' is present on page 

2017-11-18 00:44:04 - [MESSAGE][PASSED] - com.helper.commonfunct.utilities.scheduleMeeting is PASSED

2017-11-18 00:44:04 - [TEST_STEP][PASSED] - waitForPageLoad: Wait for page load successfully

2017-11-18 00:44:04 - [MESSAGE][PASSED] - Wait for page load successfully

2017-11-18 00:44:04 - [TEST_STEP][PASSED] - com.helper.commonfunct.utilities.WOstatus: com.helper.commonfunct.utilities.WOstatus is PASSED

2017-11-18 00:44:04 - [MESSAGE][PASSED] - Text of object 'Object Repository/ECR/WOSTATUS' is: 'Pending-Approval'

2017-11-18 00:44:04 - [MESSAGE][PASSED] - com.helper.commonfunct.utilities.WOstatus is PASSED

2017-11-18 00:44:04 - [TEST_STEP][PASSED] - Statement - Status = text: null

2017-11-18 00:44:04 - [TEST_STEP][PASSED] - Statement - println(Status): null

2017-11-18 00:44:04 - [TEST_STEP][PASSED] - Statement - If (Status == "Pending-RDApproval"): null

2017-11-18 00:44:04 - [TEST_STEP][PASSED] - Statement - Else If (Status == "Pending-RLApproval"): null

2017-11-18 00:44:04 - [TEST_STEP][PASSED] - Statement - Else If (Status == "Pending-RDDApproval"): null

2017-11-18 00:44:04 - [TEST_STEP][PASSED] - Statement - Else If (Status == "Pending-OPSApproval"): null

2017-11-18 00:44:04 - [TEST_STEP][PASSED] - Statement - Else If (Status == "Pending-ExpSvcApproval"): null

2017-11-18 00:44:04 - [TEST_STEP][PASSED] - Statement - Else If (Status == "Pending-DocUpdate"): null

2017-11-18 00:44:04 - [TEST_STEP][PASSED] - Statement - Else If (Status == "Pending-Contract"): null

2017-11-18 00:44:04 - [TEST_STEP][PASSED] - Statement - Else If (Status == "Pending-MeetingSchedule"): null

2017-11-18 00:44:04 - [TEST_STEP][PASSED] - Statement - Else If (Status == "Pending-ExpSvcReview"): com.helper.commonfunct.utilities.WOstatus is PASSED

2017-11-18 00:44:04 - [TEST_STEP][PASSED] - com.helper.commonfunct.utilities.login: com.helper.commonfunct.utilities.login is PASSED

2017-11-18 00:44:04 - [MESSAGE][WARNING] - A browser is already opened. Closing browser and opening a new one

2017-11-18 00:44:07 - [MESSAGE][PASSED] - Browser is opened with url: ''

2017-11-18 00:44:08 - [MESSAGE][PASSED] - Navigate to 'https://vtcpqa2.rpega.com:9030/tcpqa/PRServlet' successfully

2017-11-18 00:44:08 - [MESSAGE][PASSED] - Text 'sachb@pegasystems.com' is set on object 'Object Repository/input_UserIdentifier'

2017-11-18 00:44:08 - [MESSAGE][PASSED] - Text 'install' is set on object 'Object Repository/input_Password'

2017-11-18 00:44:12 - [MESSAGE][PASSED] - Keys 'ENTER + ' sent to object: 'Object Repository/input_Password'

2017-11-18 00:44:12 - [MESSAGE][PASSED] - com.helper.commonfunct.utilities.login is PASSED

2017-11-18 00:44:12 - [TEST_STEP][PASSED] - com.helper.commonfunct.utilities.search: com.helper.commonfunct.utilities.search is PASSED

2017-11-18 00:44:13 - [MESSAGE][PASSED] - Current window maximized

2017-11-18 00:44:18 - [MESSAGE][PASSED] - Delayed 5 second(s)

2017-11-18 00:44:18 - [MESSAGE][PASSED] - Text 'ECR-18Nov2017-4' is set on object 'Object Repository/EngInfo/search'

2017-11-18 00:44:23 - [MESSAGE][PASSED] - Delayed 5 second(s)

2017-11-18 00:44:23 - [MESSAGE][PASSED] - Keys 'ENTER + ' sent to object: 'Object Repository/EngInfo/search'

2017-11-18 00:44:28 - [MESSAGE][PASSED] - Delayed 5 second(s)

2017-11-18 00:44:28 - [MESSAGE][PASSED] - com.helper.commonfunct.utilities.search is PASSED

2017-11-18 00:44:28 - [TEST_STEP][PASSED] - maximizeWindow: Current window maximized

2017-11-18 00:44:28 - [MESSAGE][PASSED] - Current window maximized

2017-11-18 00:44:28 - [TEST_STEP][PASSED] - com.helper.commonfunct.utilities.EXPReview: com.helper.commonfunct.utilities.EXPReview is PASSED

2017-11-18 00:44:33 - [MESSAGE][PASSED] - Delayed 5 second(s)

2017-11-18 00:44:33 - [MESSAGE][WARNING] - Timeout '0' is invalid. Using default page load timeout: '30'

2017-11-18 00:44:35 - [MESSAGE][PASSED] - Object: 'Object Repository/Approve-Reject/Reviewquote' is clicked on

2017-11-18 00:44:40 - [MESSAGE][PASSED] - Delayed 5 second(s)

2017-11-18 00:44:40 - [MESSAGE][WARNING] - Timeout '0' is invalid. Using default page load timeout: '30'

2017-11-18 00:44:40 - [MESSAGE][PASSED] - Scroll to object 'Object Repository/Approve-Reject/APPROVE_REJECT_NOTES' successfully

2017-11-18 00:44:40 - [MESSAGE][PASSED] - Keys 'testing' sent to object: 'Object Repository/Approve-Reject/APPROVE_REJECT_NOTES'

2017-11-18 00:44:45 - [MESSAGE][PASSED] - Delayed 5 second(s)

2017-11-18 00:44:45 - [MESSAGE][WARNING] - Timeout '0' is invalid. Using default page load timeout: '30'

2017-11-18 00:44:45 - [MESSAGE][PASSED] - Scroll to object 'Object Repository/Generic/SUBMIT' successfully

2017-11-18 00:44:46 - [MESSAGE][PASSED] - Object: 'Object Repository/Generic/SUBMIT' is clicked on

2017-11-18 00:44:51 - [MESSAGE][PASSED] - Delayed 5 second(s)

2017-11-18 00:44:51 - [MESSAGE][PASSED] - com.helper.commonfunct.utilities.EXPReview is PASSED

2017-11-18 00:44:51 - [TEST_STEP][PASSED] - waitForPageLoad: Wait for page load successfully

2017-11-18 00:44:51 - [MESSAGE][PASSED] - Wait for page load successfully

2017-11-18 00:44:51 - [TEST_STEP][PASSED] - com.helper.commonfunct.utilities.WOstatus: com.helper.commonfunct.utilities.WOstatus is PASSED

2017-11-18 00:44:51 - [MESSAGE][PASSED] - Text of object 'Object Repository/ECR/WOSTATUS' is: 'Pending-Approval'

2017-11-18 00:44:51 - [MESSAGE][PASSED] - com.helper.commonfunct.utilities.WOstatus is PASSED

2017-11-18 00:44:51 - [TEST_STEP][PASSED] - Statement - For ([j = 0, j < AssignmentList.size(), (j++)]): com.helper.commonfunct.utilities.WOstatus is PASSED

2017-11-18 00:44:51 - [TEST_STEP][PASSED] - Statement - Status = text: null

2017-11-18 00:44:51 - [TEST_STEP][PASSED] - Statement - println(Status): null

2017-11-18 00:44:51 - [TEST_STEP][PASSED] - Statement - If (Status == "Pending-RDApproval"): null

2017-11-18 00:44:51 - [TEST_STEP][PASSED] - Statement - Else If (Status == "Pending-RLApproval"): null

2017-11-18 00:44:51 - [TEST_STEP][PASSED] - Statement - Else If (Status == "Pending-RDDApproval"): com.helper.commonfunct.utilities.WOstatus is PASSED

2017-11-18 00:44:51 - [TEST_STEP][PASSED] - Statement - If (RDD_Reject == false): com.helper.commonfunct.utilities.WOstatus is PASSED

2017-11-18 00:44:51 - [TEST_STEP][PASSED] - com.helper.commonfunct.utilities.login: com.helper.commonfunct.utilities.login is PASSED

2017-11-18 00:44:51 - [MESSAGE][WARNING] - A browser is already opened. Closing browser and opening a new one

2017-11-18 00:44:54 - [MESSAGE][PASSED] - Browser is opened with url: ''

2017-11-18 00:44:54 - [MESSAGE][PASSED] - Navigate to 'https://vtcpqa2.rpega.com:9030/tcpqa/PRServlet' successfully

2017-11-18 00:44:55 - [MESSAGE][PASSED] - Text 'lachd@pegasystems.com' is set on object 'Object Repository/input_UserIdentifier'

2017-11-18 00:44:55 - [MESSAGE][PASSED] - Text 'install' is set on object 'Object Repository/input_Password'

2017-11-18 00:44:59 - [MESSAGE][PASSED] - Keys 'ENTER + ' sent to object: 'Object Repository/input_Password'

2017-11-18 00:44:59 - [MESSAGE][PASSED] - com.helper.commonfunct.utilities.login is PASSED

2017-11-18 00:44:59 - [TEST_STEP][PASSED] - com.helper.commonfunct.utilities.search: com.helper.commonfunct.utilities.search is PASSED

2017-11-18 00:45:01 - [MESSAGE][PASSED] - Current window maximized

2017-11-18 00:45:06 - [MESSAGE][PASSED] - Delayed 5 second(s)

2017-11-18 00:45:06 - [MESSAGE][PASSED] - Text 'ECR-18Nov2017-4' is set on object 'Object Repository/EngInfo/search'

2017-11-18 00:45:11 - [MESSAGE][PASSED] - Delayed 5 second(s)

2017-11-18 00:45:11 - [MESSAGE][PASSED] - Keys 'ENTER + ' sent to object: 'Object Repository/EngInfo/search'

2017-11-18 00:45:16 - [MESSAGE][PASSED] - Delayed 5 second(s)

2017-11-18 00:45:16 - [MESSAGE][PASSED] - com.helper.commonfunct.utilities.search is PASSED

2017-11-18 00:45:16 - [TEST_STEP][PASSED] - com.helper.commonfunct.utilities.approve: com.helper.commonfunct.utilities.approve is PASSED

2017-11-18 00:45:21 - [MESSAGE][PASSED] - Delayed 5 second(s)

2017-11-18 00:45:21 - [MESSAGE][WARNING] - Timeout '0' is invalid. Using default page load timeout: '30'

2017-11-18 00:45:22 - [MESSAGE][PASSED] - Object: 'Object Repository/Approve-Reject/link_assignment' is clicked on

2017-11-18 00:45:27 - [MESSAGE][PASSED] - Delayed 5 second(s)

2017-11-18 00:45:27 - [MESSAGE][WARNING] - Timeout '0' is invalid. Using default page load timeout: '30'

2017-11-18 00:45:27 - [MESSAGE][PASSED] - Scroll to object 'Object Repository/Approve-Reject/APPROVE_BUTTON' successfully

2017-11-18 00:45:28 - [MESSAGE][PASSED] - Object: 'Object Repository/Approve-Reject/APPROVE_BUTTON' is clicked on

2017-11-18 00:45:33 - [MESSAGE][PASSED] - Delayed 5 second(s)

2017-11-18 00:45:33 - [MESSAGE][PASSED] - Keys 'testing' sent to object: 'Object Repository/Approve-Reject/APPROVE_REJECT_NOTES'

2017-11-18 00:45:38 - [MESSAGE][PASSED] - Delayed 5 second(s)

2017-11-18 00:45:38 - [MESSAGE][WARNING] - Timeout '0' is invalid. Using default page load timeout: '30'

2017-11-18 00:45:38 - [MESSAGE][PASSED] - Scroll to object 'Object Repository/Generic/SUBMIT' successfully

2017-11-18 00:45:38 - [MESSAGE][PASSED] - Object: 'Object Repository/Generic/SUBMIT' is clicked on

2017-11-18 00:45:43 - [MESSAGE][PASSED] - Delayed 5 second(s)

2017-11-18 00:45:43 - [MESSAGE][PASSED] - com.helper.commonfunct.utilities.approve is PASSED

2017-11-18 00:45:43 - [TEST_STEP][PASSED] - com.helper.commonfunct.utilities.WOstatus: com.helper.commonfunct.utilities.WOstatus is PASSED

2017-11-18 00:45:43 - [MESSAGE][PASSED] - Text of object 'Object Repository/ECR/WOSTATUS' is: 'Pending-Approval'

2017-11-18 00:45:43 - [MESSAGE][PASSED] - com.helper.commonfunct.utilities.WOstatus is PASSED

2017-11-18 00:45:43 - [TEST_STEP][PASSED] - Statement - For ([j = 0, j < AssignmentList.size(), (j++)]): com.helper.commonfunct.utilities.WOstatus is PASSED

2017-11-18 00:45:43 - [TEST_STEP][PASSED] - Statement - Status = text: null

2017-11-18 00:45:43 - [TEST_STEP][PASSED] - Statement - println(Status): null

2017-11-18 00:45:43 - [TEST_STEP][PASSED] - Statement - If (Status == "Pending-RDApproval"): null

2017-11-18 00:45:43 - [TEST_STEP][PASSED] - Statement - Else If (Status == "Pending-RLApproval"): null

2017-11-18 00:45:43 - [TEST_STEP][PASSED] - Statement - Else If (Status == "Pending-RDDApproval"): null

2017-11-18 00:45:43 - [TEST_STEP][PASSED] - Statement - Else If (Status == "Pending-OPSApproval"): com.helper.commonfunct.utilities.WOstatus is PASSED

2017-11-18 00:45:43 - [TEST_STEP][PASSED] - Statement - If (OpsReject == false): com.helper.commonfunct.utilities.WOstatus is PASSED

2017-11-18 00:45:43 - [TEST_STEP][PASSED] - com.helper.commonfunct.utilities.login: com.helper.commonfunct.utilities.login is PASSED

2017-11-18 00:45:43 - [MESSAGE][WARNING] - A browser is already opened. Closing browser and opening a new one

2017-11-18 00:45:46 - [MESSAGE][PASSED] - Browser is opened with url: ''

2017-11-18 00:45:47 - [MESSAGE][PASSED] - Navigate to 'https://vtcpqa2.rpega.com:9030/tcpqa/PRServlet' successfully

2017-11-18 00:45:47 - [MESSAGE][PASSED] - Text 'pogoa@pegasystems.com' is set on object 'Object Repository/input_UserIdentifier'

2017-11-18 00:45:47 - [MESSAGE][PASSED] - Text 'install' is set on object 'Object Repository/input_Password'

2017-11-18 00:45:51 - [MESSAGE][PASSED] - Keys 'ENTER + ' sent to object: 'Object Repository/input_Password'

2017-11-18 00:45:51 - [MESSAGE][PASSED] - com.helper.commonfunct.utilities.login is PASSED

2017-11-18 00:45:51 - [TEST_STEP][PASSED] - com.helper.commonfunct.utilities.search: com.helper.commonfunct.utilities.search is PASSED

2017-11-18 00:45:52 - [MESSAGE][PASSED] - Current window maximized

2017-11-18 00:45:57 - [MESSAGE][PASSED] - Delayed 5 second(s)

2017-11-18 00:45:57 - [MESSAGE][PASSED] - Text 'ECR-18Nov2017-4' is set on object 'Object Repository/EngInfo/search'

2017-11-18 00:46:02 - [MESSAGE][PASSED] - Delayed 5 second(s)

2017-11-18 00:46:02 - [MESSAGE][PASSED] - Keys 'ENTER + ' sent to object: 'Object Repository/EngInfo/search'

2017-11-18 00:46:07 - [MESSAGE][PASSED] - Delayed 5 second(s)

2017-11-18 00:46:07 - [MESSAGE][PASSED] - com.helper.commonfunct.utilities.search is PASSED

2017-11-18 00:46:07 - [TEST_STEP][PASSED] - com.helper.commonfunct.utilities.gsopsApprove: com.helper.commonfunct.utilities.gsopsApprove is PASSED

2017-11-18 00:46:12 - [MESSAGE][PASSED] - Delayed 5 second(s)

2017-11-18 00:46:12 - [MESSAGE][WARNING] - Timeout '0' is invalid. Using default page load timeout: '30'

2017-11-18 00:46:14 - [MESSAGE][WARNING] - Timeout '0' is invalid. Using default page load timeout: '30'

2017-11-18 00:46:14 - [MESSAGE][PASSED] - Scroll to object 'Object Repository/Approve-Reject/APPROVE_BUTTON' successfully

2017-11-18 00:46:14 - [MESSAGE][PASSED] - Object: 'Object Repository/Approve-Reject/APPROVE_BUTTON' is clicked on

2017-11-18 00:46:19 - [MESSAGE][PASSED] - Delayed 5 second(s)

2017-11-18 00:46:19 - [MESSAGE][PASSED] - Keys 'testing' sent to object: 'Object Repository/Approve-Reject/APPROVE_REJECT_NOTES'

2017-11-18 00:46:24 - [MESSAGE][PASSED] - Delayed 5 second(s)

2017-11-18 00:46:24 - [MESSAGE][WARNING] - Timeout '0' is invalid. Using default page load timeout: '30'

2017-11-18 00:46:24 - [MESSAGE][PASSED] - Scroll to object 'Object Repository/Generic/SUBMIT' successfully

2017-11-18 00:46:24 - [MESSAGE][PASSED] - Object: 'Object Repository/Generic/SUBMIT' is clicked on

2017-11-18 00:46:29 - [MESSAGE][PASSED] - Delayed 5 second(s)

2017-11-18 00:46:29 - [MESSAGE][PASSED] - com.helper.commonfunct.utilities.gsopsApprove is PASSED

2017-11-18 00:46:29 - [TEST_STEP][PASSED] - com.helper.commonfunct.utilities.WOstatus: com.helper.commonfunct.utilities.WOstatus is PASSED

2017-11-18 00:46:29 - [MESSAGE][PASSED] - Text of object 'Object Repository/ECR/WOSTATUS' is: 'Pending-Clinic'

2017-11-18 00:46:29 - [MESSAGE][PASSED] - com.helper.commonfunct.utilities.WOstatus is PASSED

2017-11-18 00:46:29 - [TEST_STEP][PASSED] - Statement - For ([j = 0, j < AssignmentList.size(), (j++)]): com.helper.commonfunct.utilities.WOstatus is PASSED

2017-11-18 00:46:29 - [TEST_STEP][PASSED] - Statement - Status = text: null

2017-11-18 00:46:29 - [TEST_STEP][PASSED] - Statement - println(Status): null

2017-11-18 00:46:29 - [TEST_STEP][PASSED] - Statement - If (Status == "Pending-RDApproval"): null

2017-11-18 00:46:29 - [TEST_STEP][PASSED] - Statement - Else If (Status == "Pending-RLApproval"): null

2017-11-18 00:46:29 - [TEST_STEP][PASSED] - Statement - Else If (Status == "Pending-RDDApproval"): null

2017-11-18 00:46:29 - [TEST_STEP][PASSED] - Statement - Else If (Status == "Pending-OPSApproval"): null

2017-11-18 00:46:29 - [TEST_STEP][PASSED] - Statement - Else If (Status == "Pending-ExpSvcApproval"): null

2017-11-18 00:46:29 - [TEST_STEP][PASSED] - Statement - Else If (Status == "Pending-DocUpdate"): null

2017-11-18 00:46:29 - [TEST_STEP][PASSED] - Statement - Else If (Status == "Pending-Contract"): null

2017-11-18 00:46:29 - [TEST_STEP][PASSED] - Statement - Else If (Status == "Pending-MeetingSchedule"): null

2017-11-18 00:46:29 - [TEST_STEP][PASSED] - Statement - Else If (Status == "Pending-ExpSvcReview"): null

2017-11-18 00:46:29 - [TEST_STEP][PASSED] - Statement - Else: com.helper.commonfunct.utilities.WOstatus is PASSED

2017-11-18 00:46:29 - [TEST_STEP][PASSED] - com.helper.commonfunct.utilities.login: com.helper.commonfunct.utilities.login is PASSED

2017-11-18 00:46:29 - [MESSAGE][WARNING] - A browser is already opened. Closing browser and opening a new one

2017-11-18 00:46:33 - [MESSAGE][PASSED] - Browser is opened with url: ''

2017-11-18 00:46:33 - [MESSAGE][PASSED] - Navigate to 'https://vtcpqa2.rpega.com:9030/tcpqa/PRServlet' successfully

2017-11-18 00:46:34 - [MESSAGE][PASSED] - Text 'langr1@pegasystems.com' is set on object 'Object Repository/input_UserIdentifier'

2017-11-18 00:46:34 - [MESSAGE][PASSED] - Text 'install' is set on object 'Object Repository/input_Password'

2017-11-18 00:46:38 - [MESSAGE][PASSED] - Keys 'ENTER + ' sent to object: 'Object Repository/input_Password'

2017-11-18 00:46:38 - [MESSAGE][PASSED] - com.helper.commonfunct.utilities.login is PASSED

2017-11-18 00:46:38 - [TEST_STEP][PASSED] - com.helper.commonfunct.utilities.search: com.helper.commonfunct.utilities.search is PASSED

2017-11-18 00:46:39 - [MESSAGE][PASSED] - Current window maximized

2017-11-18 00:46:44 - [MESSAGE][PASSED] - Delayed 5 second(s)

2017-11-18 00:46:44 - [MESSAGE][PASSED] - Text 'ECR-18Nov2017-4' is set on object 'Object Repository/EngInfo/search'

2017-11-18 00:46:49 - [MESSAGE][PASSED] - Delayed 5 second(s)

2017-11-18 00:46:49 - [MESSAGE][PASSED] - Keys 'ENTER + ' sent to object: 'Object Repository/EngInfo/search'

2017-11-18 00:46:54 - [MESSAGE][PASSED] - Delayed 5 second(s)

2017-11-18 00:46:54 - [MESSAGE][PASSED] - com.helper.commonfunct.utilities.search is PASSED

2017-11-18 00:46:54 - [TEST_STEP][PASSED] - maximizeWindow: Current window maximized

2017-11-18 00:46:54 - [MESSAGE][PASSED] - Current window maximized

2017-11-18 00:46:54 - [TEST_STEP][PASSED] - com.helper.commonfunct.utilities.pendingClinic: com.helper.commonfunct.utilities.pendingClinic is PASSED

2017-11-18 00:46:59 - [MESSAGE][PASSED] - Delayed 5 second(s)

2017-11-18 00:46:59 - [MESSAGE][WARNING] - Timeout '0' is invalid. Using default page load timeout: '30'

2017-11-18 00:47:04 - [MESSAGE][PASSED] - Delayed 5 second(s)

2017-11-18 00:47:05 - [MESSAGE][PASSED] - Object: 'Object Repository/ECR_MEETING/HoldClinicMeeting' is clicked on

2017-11-18 00:47:10 - [MESSAGE][PASSED] - Delayed 5 second(s)

2017-11-18 00:47:10 - [MESSAGE][PASSED] - Object: 'Object Repository/ECR_MEETING/CLINIC_OUTCOME' is clicked on

2017-11-18 00:47:15 - [MESSAGE][PASSED] - Delayed 5 second(s)

2017-11-18 00:47:16 - [MESSAGE][PASSED] - Text 'testing' is set on object 'Object Repository/ECR_MEETING/OUTCOME_NOTES'

2017-11-18 00:47:21 - [MESSAGE][PASSED] - Delayed 5 second(s)

2017-11-18 00:47:21 - [MESSAGE][WARNING] - Timeout '0' is invalid. Using default page load timeout: '30'

2017-11-18 00:47:21 - [MESSAGE][PASSED] - Scroll to object 'Object Repository/Generic/SUBMIT' successfully

2017-11-18 00:47:21 - [MESSAGE][PASSED] - Object: 'Object Repository/Generic/SUBMIT' is clicked on

2017-11-18 00:47:26 - [MESSAGE][PASSED] - Delayed 5 second(s)

2017-11-18 00:47:26 - [MESSAGE][PASSED] - com.helper.commonfunct.utilities.pendingClinic is PASSED

2017-11-18 00:47:26 - [TEST_STEP][PASSED] - waitForPageLoad: Wait for page load successfully

2017-11-18 00:47:26 - [MESSAGE][PASSED] - Wait for page load successfully

2017-11-18 00:47:26 - [TEST_STEP][PASSED] - com.helper.commonfunct.utilities.WOstatus: com.helper.commonfunct.utilities.WOstatus is PASSED

2017-11-18 00:47:26 - [MESSAGE][PASSED] - Text of object 'Object Repository/ECR/WOSTATUS' is: 'Pending-Contract'

2017-11-18 00:47:26 - [MESSAGE][PASSED] - com.helper.commonfunct.utilities.WOstatus is PASSED

2017-11-18 00:47:26 - [TEST_STEP][PASSED] - Statement - For ([j = 0, j < AssignmentList.size(), (j++)]): com.helper.commonfunct.utilities.WOstatus is PASSED

2017-11-18 00:47:26 - [TEST_STEP][PASSED] - Statement - Status = text: null

2017-11-18 00:47:26 - [TEST_STEP][PASSED] - Statement - println(Status): null

2017-11-18 00:47:26 - [TEST_STEP][PASSED] - Statement - If (Status == "Pending-RDApproval"): null

2017-11-18 00:47:26 - [TEST_STEP][PASSED] - Statement - Else If (Status == "Pending-RLApproval"): null

2017-11-18 00:47:26 - [TEST_STEP][PASSED] - Statement - Else If (Status == "Pending-RDDApproval"): null

2017-11-18 00:47:26 - [TEST_STEP][PASSED] - Statement - Else If (Status == "Pending-OPSApproval"): null

2017-11-18 00:47:26 - [TEST_STEP][PASSED] - Statement - Else If (Status == "Pending-ExpSvcApproval"): null

2017-11-18 00:47:26 - [TEST_STEP][PASSED] - Statement - Else If (Status == "Pending-DocUpdate"): null

2017-11-18 00:47:26 - [TEST_STEP][PASSED] - Statement - Else If (Status == "Pending-Contract"): com.helper.commonfunct.utilities.WOstatus is PASSED

2017-11-18 00:47:26 - [TEST_STEP][PASSED] - com.helper.commonfunct.utilities.login: com.helper.commonfunct.utilities.login is PASSED

2017-11-18 00:47:26 - [MESSAGE][WARNING] - A browser is already opened. Closing browser and opening a new one

2017-11-18 00:47:29 - [MESSAGE][PASSED] - Browser is opened with url: ''

2017-11-18 00:47:30 - [MESSAGE][PASSED] - Navigate to 'https://vtcpqa2.rpega.com:9030/tcpqa/PRServlet' successfully

2017-11-18 00:47:30 - [MESSAGE][PASSED] - Text 'hendj@pegasystems.com' is set on object 'Object Repository/input_UserIdentifier'

2017-11-18 00:47:30 - [MESSAGE][PASSED] - Text 'install' is set on object 'Object Repository/input_Password'

2017-11-18 00:47:33 - [MESSAGE][PASSED] - Keys 'ENTER + ' sent to object: 'Object Repository/input_Password'

2017-11-18 00:47:33 - [MESSAGE][PASSED] - com.helper.commonfunct.utilities.login is PASSED

2017-11-18 00:47:33 - [TEST_STEP][PASSED] - com.helper.commonfunct.utilities.search: com.helper.commonfunct.utilities.search is PASSED

2017-11-18 00:47:35 - [MESSAGE][PASSED] - Current window maximized

2017-11-18 00:47:40 - [MESSAGE][PASSED] - Delayed 5 second(s)

2017-11-18 00:47:40 - [MESSAGE][PASSED] - Text 'ECR-18Nov2017-4' is set on object 'Object Repository/EngInfo/search'

2017-11-18 00:47:45 - [MESSAGE][PASSED] - Delayed 5 second(s)

2017-11-18 00:47:45 - [MESSAGE][PASSED] - Keys 'ENTER + ' sent to object: 'Object Repository/EngInfo/search'

2017-11-18 00:47:50 - [MESSAGE][PASSED] - Delayed 5 second(s)

2017-11-18 00:47:50 - [MESSAGE][PASSED] - com.helper.commonfunct.utilities.search is PASSED

2017-11-18 00:47:50 - [TEST_STEP][PASSED] - maximizeWindow: Current window maximized

2017-11-18 00:47:50 - [MESSAGE][PASSED] - Current window maximized

2017-11-18 00:47:50 - [TEST_STEP][PASSED] - com.helper.commonfunct.utilities.ContractDisposition: com.helper.commonfunct.utilities.ContractDisposition is PASSED

2017-11-18 00:47:55 - [MESSAGE][PASSED] - Delayed 5 second(s)

2017-11-18 00:47:55 - [MESSAGE][WARNING] - Timeout '0' is invalid. Using default page load timeout: '30'

2017-11-18 00:47:56 - [MESSAGE][PASSED] - Object: 'Object Repository/Approve-Reject/contractlink' is clicked on

2017-11-18 00:48:01 - [MESSAGE][PASSED] - Delayed 5 second(s)

2017-11-18 00:48:01 - [MESSAGE][PASSED] - Object: 'Object Repository/Approve-Reject/cretaeContract' is clicked on

2017-11-18 00:48:06 - [MESSAGE][PASSED] - Delayed 5 second(s)

2017-11-18 00:48:06 - [MESSAGE][PASSED] - Text 'testing' is set on object 'Object Repository/Approve-Reject/contractNotes'

2017-11-18 00:48:11 - [MESSAGE][PASSED] - Delayed 5 second(s)

2017-11-18 00:48:11 - [MESSAGE][WARNING] - Timeout '0' is invalid. Using default page load timeout: '30'

2017-11-18 00:48:12 - [MESSAGE][PASSED] - Scroll to object 'Object Repository/Generic/SUBMIT' successfully

2017-11-18 00:48:12 - [MESSAGE][PASSED] - Object: 'Object Repository/Generic/SUBMIT' is clicked on

2017-11-18 00:48:17 - [MESSAGE][PASSED] - Delayed 5 second(s)

2017-11-18 00:48:17 - [MESSAGE][PASSED] - Wait for page load successfully

2017-11-18 00:48:17 - [MESSAGE][PASSED] - Object: 'Object Repository/Approve-Reject/dispositionLink' is clicked on

2017-11-18 00:48:22 - [MESSAGE][PASSED] - Delayed 5 second(s)

2017-11-18 00:48:23 - [MESSAGE][PASSED] - Object: 'Object Repository/Approve-Reject/dispositionOption' is clicked on

2017-11-18 00:48:28 - [MESSAGE][PASSED] - Delayed 5 second(s)

2017-11-18 00:48:28 - [MESSAGE][PASSED] - Text 'testing' is set on object 'Object Repository/Approve-Reject/disposition_comments'

2017-11-18 00:48:33 - [MESSAGE][PASSED] - Delayed 5 second(s)

2017-11-18 00:48:33 - [MESSAGE][WARNING] - Timeout '0' is invalid. Using default page load timeout: '30'

2017-11-18 00:48:33 - [MESSAGE][PASSED] - Scroll to object 'Object Repository/Generic/SUBMIT' successfully

2017-11-18 00:48:33 - [MESSAGE][PASSED] - Object: 'Object Repository/Generic/SUBMIT' is clicked on

2017-11-18 00:48:38 - [MESSAGE][PASSED] - Delayed 5 second(s)

2017-11-18 00:48:38 - [MESSAGE][PASSED] - com.helper.commonfunct.utilities.ContractDisposition is PASSED

2017-11-18 00:48:38 - [TEST_STEP][PASSED] - waitForPageLoad: Wait for page load successfully

2017-11-18 00:48:38 - [MESSAGE][PASSED] - Wait for page load successfully

2017-11-18 00:48:38 - [TEST_STEP][PASSED] - com.helper.commonfunct.utilities.WOstatus: com.helper.commonfunct.utilities.WOstatus is PASSED

2017-11-18 00:48:39 - [MESSAGE][PASSED] - Text of object 'Object Repository/ECR/WOSTATUS' is: 'Resolved-Won'

2017-11-18 00:48:39 - [MESSAGE][PASSED] - com.helper.commonfunct.utilities.WOstatus is PASSED

2017-11-18 00:48:39 - [MESSAGE][PASSED] - Call Test Case 'Test Cases/ECR/REF/ECR_Approval_Reject' successfully]]></system-out>
         <system-err><![CDATA[2017-11-18 00:38:16 - [TEST_CASE][FAILED] - Test Cases/ECR/TC_ECR_Meeting_NoExpertService_AllApproval: Call Test Case 'Test Cases/ECR/REF/ECR_Meeting_NoExpertService' successfully]]></system-err>
      </testcase>
      <testcase name="Test Cases/ECR/TC_ECR_Meeting_ExpertService_AllReject" classname="Test Cases/ECR/TC_ECR_Meeting_ExpertService_AllReject" status="FAILED">
         <failure type="FAILED" message="Unable to get text of object 'Object Repository/ECR/WOSTATUS' (Root cause: com.kms.katalon.core.webui.exception.WebElementNotFoundException: Web element with id: 'Object Repository/ECR/WOSTATUS' located by 'By.xpath: //div[@class='field-item dataValueRead']//span[contains(text(),'Resolved') or contains(text(),'Pending')or contains(text(),'Open-ClinicPreWork') or contains(text(),'Pending-Approval')]' not found)"/>
         <system-out><![CDATA[2017-11-18 00:48:39 - [TEST_CASE][FAILED] - Test Cases/ECR/TC_ECR_Meeting_ExpertService_AllReject: Test Cases/ECR/TC_ECR_Meeting_ExpertService_AllReject FAILED because (of) Unable to get text of object 'Object Repository/ECR/WOSTATUS' (Root cause: com.kms.katalon.core.webui.exception.WebElementNotFoundException: Web element with id: 'Object Repository/ECR/WOSTATUS' located by 'By.xpath: //div[@class='field-item dataValueRead']//span[contains(text(),'Resolved') or contains(text(),'Pending')or contains(text(),'Open-ClinicPreWork') or contains(text(),'Pending-Approval')]' not found)

2017-11-18 00:48:39 - [TEST_STEP][FAILED] - callTestCase: Call Test Case 'Test Cases/ECR/REF/ECR_Meeting_ExpertService' successfully

2017-11-18 00:48:39 - [TEST_CASE][FAILED] - Test Cases/ECR/REF/ECR_Meeting_ExpertService: com.helper.commonfunct.utilities.ECRMeeting is PASSED

2017-11-18 00:48:39 - [TEST_STEP][PASSED] - com.helper.commonfunct.utilities.login: com.helper.commonfunct.utilities.login is PASSED

2017-11-18 00:48:39 - [MESSAGE][WARNING] - A browser is already opened. Closing browser and opening a new one

2017-11-18 00:48:42 - [MESSAGE][PASSED] - Browser is opened with url: ''

2017-11-18 00:48:43 - [MESSAGE][PASSED] - Navigate to 'https://vtcpqa2.rpega.com:9030/tcpqa/PRServlet' successfully

2017-11-18 00:48:43 - [MESSAGE][PASSED] - Text 'pogoa@pegasystems.com' is set on object 'Object Repository/input_UserIdentifier'

2017-11-18 00:48:43 - [MESSAGE][PASSED] - Text 'install' is set on object 'Object Repository/input_Password'

2017-11-18 00:48:47 - [MESSAGE][PASSED] - Keys 'ENTER + ' sent to object: 'Object Repository/input_Password'

2017-11-18 00:48:47 - [MESSAGE][PASSED] - com.helper.commonfunct.utilities.login is PASSED

2017-11-18 00:48:47 - [TEST_STEP][PASSED] - Statement - Meeting = true: null

2017-11-18 00:48:47 - [TEST_STEP][FAILED] - com.helper.commonfunct.utilities.ECRMeeting: com.helper.commonfunct.utilities.ECRMeeting is PASSED

2017-11-18 00:48:47 - [MESSAGE][PASSED] - Object: 'Object Repository/Generic/a_Actions' is clicked on

2017-11-18 00:48:49 - [MESSAGE][PASSED] - Object: 'Object Repository/span_New' is focused

2017-11-18 00:48:51 - [MESSAGE][PASSED] - Object: 'Object Repository/span_Bid Process' is clicked on

2017-11-18 00:48:51 - [MESSAGE][PASSED] - Object: 'Object Repository/ECR/BID_TYPE' is clicked on

2017-11-18 00:48:51 - [MESSAGE][PASSED] - Object 'Object Repository/button_Import' is present

2017-11-18 00:48:56 - [MESSAGE][PASSED] - Delayed 5 second(s)

2017-11-18 00:48:56 - [MESSAGE][PASSED] - Object: 'Object Repository/button_Import' is clicked on

2017-11-18 00:48:57 - [MESSAGE][PASSED] - File 'C:\Users\nipin\Desktop\Latest BSW\Final\ECR_EXPSVC.xlsm' sent to object: 'Object Repository/input_PpyWorkPageppyFilePath'

2017-11-18 00:49:02 - [MESSAGE][PASSED] - Delayed 5 second(s)

2017-11-18 00:49:02 - [MESSAGE][WARNING] - Timeout '0' is invalid. Using default page load timeout: '30'

2017-11-18 00:49:02 - [MESSAGE][PASSED] - Scroll to object 'Object Repository/button_Submit' successfully

2017-11-18 00:49:02 - [MESSAGE][PASSED] - Object: 'Object Repository/button_Submit' is clicked on

2017-11-18 00:49:03 - [MESSAGE][PASSED] - Object 'Object Repository/EngInfo/COID' is visible

2017-11-18 00:49:08 - [MESSAGE][PASSED] - Delayed 5 second(s)

2017-11-18 00:49:13 - [MESSAGE][PASSED] - Delayed 5 second(s)

2017-11-18 00:49:13 - [MESSAGE][PASSED] - Text 'BOFA' is set on object 'Object Repository/Generic/ORG'

2017-11-18 00:49:18 - [MESSAGE][PASSED] - Delayed 5 second(s)

2017-11-18 00:49:18 - [MESSAGE][PASSED] - Keys 'TAB + ' sent to object: 'Object Repository/Generic/ORG'

2017-11-18 00:49:23 - [MESSAGE][PASSED] - Delayed 5 second(s)

2017-11-18 00:49:23 - [MESSAGE][PASSED] - Text 'BOFA' is set on object 'Object Repository/Generic/ACC'

2017-11-18 00:49:23 - [MESSAGE][PASSED] - Keys 'TAB + ' sent to object: 'Object Repository/Generic/ACC'

2017-11-18 00:49:28 - [MESSAGE][PASSED] - Delayed 5 second(s)

2017-11-18 00:49:28 - [MESSAGE][PASSED] - Text 'AUTOTEST1' is set on object 'Object Repository/Generic/ENG_DESC'

2017-11-18 00:49:33 - [MESSAGE][PASSED] - Delayed 5 second(s)

2017-11-18 00:49:33 - [MESSAGE][PASSED] - Scroll to object 'Object Repository/Generic/SUBMIT' successfully

2017-11-18 00:49:34 - [MESSAGE][PASSED] - Object: 'Object Repository/Generic/SUBMIT' is clicked on

2017-11-18 00:49:34 - [MESSAGE][PASSED] - Wait for page load successfully

2017-11-18 00:49:39 - [MESSAGE][PASSED] - Delayed 5 second(s)

2017-11-18 00:49:39 - [MESSAGE][PASSED] - Text 'CO-123' is set on object 'Object Repository/EngInfo/COID'

2017-11-18 00:49:39 - [MESSAGE][PASSED] - Wait for page load successfully

2017-11-18 00:49:44 - [MESSAGE][PASSED] - Delayed 5 second(s)

2017-11-18 00:49:44 - [MESSAGE][PASSED] - Keys 'Jeff Henderson ' sent to object: 'Object Repository/EngInfo/PL'

2017-11-18 00:49:49 - [MESSAGE][PASSED] - Delayed 5 second(s)

2017-11-18 00:49:49 - [MESSAGE][PASSED] - Keys 'Robert Higgins' sent to object: 'Object Repository/EngInfo/PLTL'

2017-11-18 00:49:54 - [MESSAGE][PASSED] - Delayed 5 second(s)

2017-11-18 00:49:55 - [MESSAGE][PASSED] - Keys 'Eric Panepinto' sent to object: 'Object Repository/EngInfo/RL'

2017-11-18 00:50:00 - [MESSAGE][PASSED] - Delayed 5 second(s)

2017-11-18 00:50:00 - [MESSAGE][PASSED] - Keys 'Robert Lang' sent to object: 'Object Repository/EngInfo/RD'

2017-11-18 00:50:05 - [MESSAGE][PASSED] - Delayed 5 second(s)

2017-11-18 00:50:10 - [MESSAGE][PASSED] - Delayed 5 second(s)

2017-11-18 00:50:10 - [MESSAGE][PASSED] - Object: 'Object Repository/Generic/MorethanOneRLS' is clicked on

2017-11-18 00:50:15 - [MESSAGE][PASSED] - Delayed 5 second(s)

2017-11-18 00:50:15 - [MESSAGE][PASSED] - Object: 'Object Repository/Generic/RapidDelivery' is clicked on

2017-11-18 00:50:20 - [MESSAGE][PASSED] - Delayed 5 second(s)

2017-11-18 00:50:21 - [MESSAGE][PASSED] - Object: 'Object Repository/Generic/methodology' is clicked on

2017-11-18 00:50:26 - [MESSAGE][PASSED] - Delayed 5 second(s)

2017-11-18 00:50:26 - [MESSAGE][PASSED] - Text '85000' is set on object 'Object Repository/ECR/Licence'

2017-11-18 00:50:31 - [MESSAGE][PASSED] - Delayed 5 second(s)

2017-11-18 00:50:31 - [MESSAGE][PASSED] - Keys 'AMPchroma' sent to object: 'Object Repository/Generic/PlatformID'

2017-11-18 00:50:36 - [MESSAGE][PASSED] - Delayed 5 second(s)

2017-11-18 00:50:36 - [MESSAGE][PASSED] - Keys 'N/A' sent to object: 'Object Repository/Generic/PlatformVersion'

2017-11-18 00:50:41 - [MESSAGE][PASSED] - Delayed 5 second(s)

2017-11-18 00:50:41 - [MESSAGE][PASSED] - Object: 'Object Repository/Generic/PlatformTrue' is clicked on

2017-11-18 00:50:41 - [MESSAGE][PASSED] - Scroll to object 'Object Repository/NEXT_BUTTON' successfully

2017-11-18 00:50:42 - [MESSAGE][PASSED] - Object: 'Object Repository/NEXT_BUTTON' is clicked on

2017-11-18 00:50:47 - [MESSAGE][PASSED] - Delayed 5 second(s)

2017-11-18 00:50:47 - [MESSAGE][PASSED] - Text '11/20/2017' is set on object 'Object Repository/EngInfo/MeetingDate'

2017-11-18 00:50:52 - [MESSAGE][PASSED] - Delayed 5 second(s)

2017-11-18 00:50:52 - [MESSAGE][PASSED] - Text 'TEsting' is set on object 'Object Repository/EngInfo/instruction'

2017-11-18 00:50:57 - [MESSAGE][PASSED] - Delayed 5 second(s)

2017-11-18 00:50:58 - [MESSAGE][FAILED] - Unable to set text '' of object 'Object Repository/EngInfo/AE' (Root cause: org.openqa.selenium.StaleElementReferenceException: stale element reference: element is not attached to the page document
  (Session info: chrome=62.0.3202.94)
  (Driver info: chromedriver=2.33.506120 (e3e53437346286c0bc2d2dc9aa4915ba81d9023f),platform=Windows NT 6.1.7601 SP1 x86_64) (WARNING: The server did not provide any stacktrace information)
Command duration or timeout: 0 milliseconds
For documentation on this error, please visit: http://seleniumhq.org/exceptions/stale_element_reference.html
Build info: version: '3.7.1', revision: '8a0099a', time: '2017-11-06T21:07:36.161Z'
System info: host: 'L22622WUS', ip: '10.2.202.111', os.name: 'Windows 7', os.arch: 'amd64', os.version: '6.1', java.version: '1.8.0_102'
Driver info: com.kms.katalon.selenium.driver.CChromeDriver
Capabilities {acceptSslCerts: true, applicationCacheEnabled: false, browserConnectionEnabled: false, browserName: chrome, chrome: {chromedriverVersion: 2.33.506120 (e3e53437346286..., userDataDir: C:\Users\nipin\AppData\Loca...}, cssSelectorsEnabled: true, databaseEnabled: false, handlesAlerts: true, hasTouchScreen: false, javascriptEnabled: true, locationContextEnabled: true, mobileEmulationEnabled: false, nativeEvents: true, networkConnectionEnabled: false, pageLoadStrategy: normal, platform: XP, platformName: XP, rotatable: false, setWindowRect: true, takesHeapSnapshot: true, takesScreenshot: true, unexpectedAlertBehaviour: , unhandledPromptBehavior: , version: 62.0.3202.94, webStorageEnabled: true}
Session ID: cc4745e6363c702cbaa91479ebeb29c4)
[[ATTACHMENT|C:\\Users\\nipin\\Katalon Studio\\COE\\Reports\\ECR_Approval_Reject_Recall\\20171118_002743\\1510984258009.png]]

2017-11-18 00:51:03 - [MESSAGE][PASSED] - Delayed 5 second(s)

2017-11-18 00:51:03 - [MESSAGE][PASSED] - Text 'Nagaveni Nipinale' is set on object 'Object Repository/EngInfo/AE'

2017-11-18 00:51:03 - [MESSAGE][PASSED] - Object: 'Object Repository/EngInfo/isCloudInitiativeYes' is clicked on

2017-11-18 00:51:08 - [MESSAGE][PASSED] - Delayed 5 second(s)

2017-11-18 00:51:08 - [MESSAGE][PASSED] - Object: 'Object Repository/EngInfo/IsPegaMarketingYes' is clicked on

2017-11-18 00:51:13 - [MESSAGE][PASSED] - Delayed 5 second(s)

2017-11-18 00:51:14 - [MESSAGE][PASSED] - Object: 'Object Repository/EngInfo/IsPegaMobileYes' is clicked on

2017-11-18 00:51:19 - [MESSAGE][PASSED] - Delayed 5 second(s)

2017-11-18 00:51:24 - [MESSAGE][PASSED] - Delayed 5 second(s)

2017-11-18 00:51:24 - [MESSAGE][PASSED] - Scroll to object 'Object Repository/NEXT_BUTTON' successfully

2017-11-18 00:51:24 - [MESSAGE][PASSED] - Object: 'Object Repository/NEXT_BUTTON' is clicked on

2017-11-18 00:51:29 - [MESSAGE][PASSED] - Delayed 5 second(s)

2017-11-18 00:51:29 - [MESSAGE][PASSED] - Scroll to object 'Object Repository/NEXT_BUTTON' successfully

2017-11-18 00:51:29 - [MESSAGE][PASSED] - Object: 'Object Repository/NEXT_BUTTON' is clicked on

2017-11-18 00:51:34 - [MESSAGE][PASSED] - Delayed 5 second(s)

2017-11-18 00:51:34 - [MESSAGE][PASSED] - Scroll to object 'Object Repository/Generic/FINISH_BUTTON' successfully

2017-11-18 00:51:34 - [MESSAGE][PASSED] - Object: 'Object Repository/Generic/FINISH_BUTTON' is clicked on

2017-11-18 00:51:39 - [MESSAGE][PASSED] - Delayed 5 second(s)

2017-11-18 00:51:40 - [MESSAGE][PASSED] - Object: 'Object Repository/EngInfo/Continue' is clicked on

2017-11-18 00:51:45 - [MESSAGE][PASSED] - Delayed 5 second(s)

2017-11-18 00:51:50 - [MESSAGE][PASSED] - Delayed 5 second(s)

2017-11-18 00:51:50 - [MESSAGE][PASSED] - Object: 'Object Repository/Approve-Reject/attachdoc' is clicked on

2017-11-18 00:51:55 - [MESSAGE][PASSED] - Delayed 5 second(s)

2017-11-18 00:51:56 - [MESSAGE][PASSED] - Keys 'testing' sent to object: 'Object Repository/ECR_MEETING/BSW_TEXT'

2017-11-18 00:52:01 - [MESSAGE][PASSED] - Delayed 5 second(s)

2017-11-18 00:52:01 - [MESSAGE][PASSED] - Keys 'testing' sent to object: 'Object Repository/ECR_MEETING/ESTIMATE_TEXT'

2017-11-18 00:52:06 - [MESSAGE][PASSED] - Delayed 5 second(s)

2017-11-18 00:52:06 - [MESSAGE][PASSED] - Keys 'testing' sent to object: 'Object Repository/ECR_MEETING/OTHER_TEXT'

2017-11-18 00:52:11 - [MESSAGE][PASSED] - Delayed 5 second(s)

2017-11-18 00:52:11 - [MESSAGE][PASSED] - Keys 'testing' sent to object: 'Object Repository/ECR_MEETING/PRIAGE_TEXT'

2017-11-18 00:52:16 - [MESSAGE][PASSED] - Delayed 5 second(s)

2017-11-18 00:52:16 - [MESSAGE][PASSED] - Keys 'testing' sent to object: 'Object Repository/ECR_MEETING/SIZING_TEXT'

2017-11-18 00:52:21 - [MESSAGE][PASSED] - Delayed 5 second(s)

2017-11-18 00:52:21 - [MESSAGE][PASSED] - Keys 'testing' sent to object: 'Object Repository/Approve-Reject/APPROVE_REJECT_NOTES'

2017-11-18 00:52:26 - [MESSAGE][PASSED] - Delayed 5 second(s)

2017-11-18 00:52:27 - [MESSAGE][WARNING] - Timeout '0' is invalid. Using default page load timeout: '30'

2017-11-18 00:52:27 - [MESSAGE][PASSED] - Scroll to object 'Object Repository/Generic/SUBMIT' successfully

2017-11-18 00:52:27 - [MESSAGE][PASSED] - Object: 'Object Repository/Generic/SUBMIT' is clicked on

2017-11-18 00:52:32 - [MESSAGE][PASSED] - Delayed 5 second(s)

2017-11-18 00:52:32 - [MESSAGE][PASSED] - Text of object 'Object Repository/WO' is: 'ECR-18Nov2017-5'

2017-11-18 00:52:32 - [MESSAGE][PASSED] - Text of object 'Object Repository/ECR/WOSTATUS' is: 'Pending-RDApproval'

2017-11-18 00:52:32 - [MESSAGE][PASSED] - com.helper.commonfunct.utilities.ECRMeeting is PASSED

2017-11-18 00:52:32 - [MESSAGE][PASSED] - Call Test Case 'Test Cases/ECR/REF/ECR_Meeting_ExpertService' successfully

2017-11-18 00:52:32 - [TEST_STEP][PASSED] - com.helper.commonfunct.utilities.setprop: com.helper.commonfunct.utilities.setprop is PASSED

2017-11-18 00:52:32 - [MESSAGE][PASSED] - com.helper.commonfunct.utilities.setprop is PASSED

2017-11-18 00:52:32 - [TEST_STEP][FAILED] - callTestCase: Unable to call Test Case with id 'Test Cases/ECR/REF/ECR_Approval_Reject' (Root cause: Call Test Case 'Test Cases/ECR/REF/ECR_Approval_Reject' failed)

2017-11-18 00:52:32 - [TEST_CASE][FAILED] - Test Cases/ECR/REF/ECR_Approval_Reject: Test Cases/ECR/REF/ECR_Approval_Reject FAILED because (of) Unable to get text of object 'Object Repository/ECR/WOSTATUS' (Root cause: com.kms.katalon.core.webui.exception.WebElementNotFoundException: Web element with id: 'Object Repository/ECR/WOSTATUS' located by 'By.xpath: //div[@class='field-item dataValueRead']//span[contains(text(),'Resolved') or contains(text(),'Pending')or contains(text(),'Open-ClinicPreWork') or contains(text(),'Pending-Approval')]' not found)

2017-11-18 00:52:32 - [TEST_STEP][FAILED] - Statement - While (WOSTATUS.contains("Pending")): Unable to get text of object 'Object Repository/ECR/WOSTATUS' (Root cause: com.kms.katalon.core.webui.exception.WebElementNotFoundException: Web element with id: 'Object Repository/ECR/WOSTATUS' located by 'By.xpath: //div[@class='field-item dataValueRead']//span[contains(text(),'Resolved') or contains(text(),'Pending')or contains(text(),'Open-ClinicPreWork') or contains(text(),'Pending-Approval')]' not found)

2017-11-18 00:52:32 - [TEST_STEP][PASSED] - Statement - For ([j = 0, j < AssignmentList.size(), (j++)]): com.helper.commonfunct.utilities.WOstatus is PASSED

2017-11-18 00:52:32 - [TEST_STEP][PASSED] - Statement - Status = text: null

2017-11-18 00:52:32 - [TEST_STEP][PASSED] - Statement - println(Status): null

2017-11-18 00:52:32 - [TEST_STEP][PASSED] - Statement - If (Status == "Pending-RDApproval"): com.helper.commonfunct.utilities.WOstatus is PASSED

2017-11-18 00:52:32 - [TEST_STEP][PASSED] - Statement - If (RDReject == false): null

2017-11-18 00:52:32 - [TEST_STEP][PASSED] - Statement - Else: com.helper.commonfunct.utilities.WOstatus is PASSED

2017-11-18 00:52:32 - [TEST_STEP][PASSED] - com.helper.commonfunct.utilities.login: com.helper.commonfunct.utilities.login is PASSED

2017-11-18 00:52:32 - [MESSAGE][WARNING] - A browser is already opened. Closing browser and opening a new one

2017-11-18 00:52:35 - [MESSAGE][PASSED] - Browser is opened with url: ''

2017-11-18 00:52:35 - [MESSAGE][PASSED] - Navigate to 'https://vtcpqa2.rpega.com:9030/tcpqa/PRServlet' successfully

2017-11-18 00:52:36 - [MESSAGE][PASSED] - Text 'langr1@pegasystems.com' is set on object 'Object Repository/input_UserIdentifier'

2017-11-18 00:52:36 - [MESSAGE][PASSED] - Text 'install' is set on object 'Object Repository/input_Password'

2017-11-18 00:52:39 - [MESSAGE][PASSED] - Keys 'ENTER + ' sent to object: 'Object Repository/input_Password'

2017-11-18 00:52:39 - [MESSAGE][PASSED] - com.helper.commonfunct.utilities.login is PASSED

2017-11-18 00:52:39 - [TEST_STEP][PASSED] - com.helper.commonfunct.utilities.search: com.helper.commonfunct.utilities.search is PASSED

2017-11-18 00:52:40 - [MESSAGE][PASSED] - Current window maximized

2017-11-18 00:52:45 - [MESSAGE][PASSED] - Delayed 5 second(s)

2017-11-18 00:52:46 - [MESSAGE][PASSED] - Text 'ECR-18Nov2017-5' is set on object 'Object Repository/EngInfo/search'

2017-11-18 00:52:51 - [MESSAGE][PASSED] - Delayed 5 second(s)

2017-11-18 00:52:51 - [MESSAGE][PASSED] - Keys 'ENTER + ' sent to object: 'Object Repository/EngInfo/search'

2017-11-18 00:52:56 - [MESSAGE][PASSED] - Delayed 5 second(s)

2017-11-18 00:52:56 - [MESSAGE][PASSED] - com.helper.commonfunct.utilities.search is PASSED

2017-11-18 00:52:56 - [TEST_STEP][PASSED] - maximizeWindow: Current window maximized

2017-11-18 00:52:56 - [MESSAGE][PASSED] - Current window maximized

2017-11-18 00:52:56 - [TEST_STEP][PASSED] - com.helper.commonfunct.utilities.reject: com.helper.commonfunct.utilities.reject is PASSED

2017-11-18 00:53:01 - [MESSAGE][PASSED] - Delayed 5 second(s)

2017-11-18 00:53:01 - [MESSAGE][WARNING] - Timeout '0' is invalid. Using default page load timeout: '30'

2017-11-18 00:53:02 - [MESSAGE][PASSED] - Object: 'Object Repository/Approve-Reject/link_assignment' is clicked on

2017-11-18 00:53:07 - [MESSAGE][PASSED] - Delayed 5 second(s)

2017-11-18 00:53:08 - [MESSAGE][WARNING] - Timeout '0' is invalid. Using default page load timeout: '30'

2017-11-18 00:53:08 - [MESSAGE][PASSED] - Scroll to object 'Object Repository/Approve-Reject/ReturnToRequestor' successfully

2017-11-18 00:53:08 - [MESSAGE][PASSED] - Object: 'Object Repository/Approve-Reject/ReturnToRequestor' is clicked on

2017-11-18 00:53:13 - [MESSAGE][PASSED] - Delayed 5 second(s)

2017-11-18 00:53:13 - [MESSAGE][PASSED] - Keys 'testing' sent to object: 'Object Repository/Approve-Reject/APPROVE_REJECT_NOTES'

2017-11-18 00:53:18 - [MESSAGE][PASSED] - Delayed 5 second(s)

2017-11-18 00:53:18 - [MESSAGE][WARNING] - Timeout '0' is invalid. Using default page load timeout: '30'

2017-11-18 00:53:18 - [MESSAGE][PASSED] - Scroll to object 'Object Repository/Generic/SUBMIT' successfully

2017-11-18 00:53:18 - [MESSAGE][PASSED] - Object: 'Object Repository/Generic/SUBMIT' is clicked on

2017-11-18 00:53:23 - [MESSAGE][PASSED] - Delayed 5 second(s)

2017-11-18 00:53:23 - [MESSAGE][PASSED] - com.helper.commonfunct.utilities.reject is PASSED

2017-11-18 00:53:23 - [TEST_STEP][PASSED] - Statement - RDReject = false: null

2017-11-18 00:53:23 - [TEST_STEP][PASSED] - com.helper.commonfunct.utilities.WOstatus: com.helper.commonfunct.utilities.WOstatus is PASSED

2017-11-18 00:53:23 - [MESSAGE][PASSED] - Text of object 'Object Repository/ECR/WOSTATUS' is: 'Pending-DocUpdate'

2017-11-18 00:53:23 - [MESSAGE][PASSED] - com.helper.commonfunct.utilities.WOstatus is PASSED

2017-11-18 00:53:23 - [TEST_STEP][PASSED] - Statement - For ([j = 0, j < AssignmentList.size(), (j++)]): com.helper.commonfunct.utilities.WOstatus is PASSED

2017-11-18 00:53:23 - [TEST_STEP][PASSED] - Statement - Status = text: null

2017-11-18 00:53:23 - [TEST_STEP][PASSED] - Statement - println(Status): null

2017-11-18 00:53:23 - [TEST_STEP][PASSED] - Statement - If (Status == "Pending-RDApproval"): null

2017-11-18 00:53:23 - [TEST_STEP][PASSED] - Statement - Else If (Status == "Pending-RLApproval"): null

2017-11-18 00:53:23 - [TEST_STEP][PASSED] - Statement - Else If (Status == "Pending-RDDApproval"): null

2017-11-18 00:53:23 - [TEST_STEP][PASSED] - Statement - Else If (Status == "Pending-OPSApproval"): null

2017-11-18 00:53:23 - [TEST_STEP][PASSED] - Statement - Else If (Status == "Pending-ExpSvcApproval"): null

2017-11-18 00:53:23 - [TEST_STEP][PASSED] - Statement - Else If (Status == "Pending-DocUpdate"): com.helper.commonfunct.utilities.WOstatus is PASSED

2017-11-18 00:53:23 - [TEST_STEP][PASSED] - Statement - If (Meeting == false): null

2017-11-18 00:53:23 - [TEST_STEP][PASSED] - Statement - Else: com.helper.commonfunct.utilities.WOstatus is PASSED

2017-11-18 00:53:23 - [TEST_STEP][PASSED] - com.helper.commonfunct.utilities.login: com.helper.commonfunct.utilities.login is PASSED

2017-11-18 00:53:23 - [MESSAGE][WARNING] - A browser is already opened. Closing browser and opening a new one

2017-11-18 00:53:26 - [MESSAGE][PASSED] - Browser is opened with url: ''

2017-11-18 00:53:27 - [MESSAGE][PASSED] - Navigate to 'https://vtcpqa2.rpega.com:9030/tcpqa/PRServlet' successfully

2017-11-18 00:53:28 - [MESSAGE][PASSED] - Text 'pogoa@pegasystems.com' is set on object 'Object Repository/input_UserIdentifier'

2017-11-18 00:53:28 - [MESSAGE][PASSED] - Text 'install' is set on object 'Object Repository/input_Password'

2017-11-18 00:53:32 - [MESSAGE][PASSED] - Keys 'ENTER + ' sent to object: 'Object Repository/input_Password'

2017-11-18 00:53:32 - [MESSAGE][PASSED] - com.helper.commonfunct.utilities.login is PASSED

2017-11-18 00:53:32 - [TEST_STEP][PASSED] - com.helper.commonfunct.utilities.search: com.helper.commonfunct.utilities.search is PASSED

2017-11-18 00:53:33 - [MESSAGE][PASSED] - Current window maximized

2017-11-18 00:53:38 - [MESSAGE][PASSED] - Delayed 5 second(s)

2017-11-18 00:53:39 - [MESSAGE][PASSED] - Text 'ECR-18Nov2017-5' is set on object 'Object Repository/EngInfo/search'

2017-11-18 00:53:44 - [MESSAGE][PASSED] - Delayed 5 second(s)

2017-11-18 00:53:44 - [MESSAGE][PASSED] - Keys 'ENTER + ' sent to object: 'Object Repository/EngInfo/search'

2017-11-18 00:53:49 - [MESSAGE][PASSED] - Delayed 5 second(s)

2017-11-18 00:53:49 - [MESSAGE][PASSED] - com.helper.commonfunct.utilities.search is PASSED

2017-11-18 00:53:49 - [TEST_STEP][PASSED] - maximizeWindow: Current window maximized

2017-11-18 00:53:49 - [MESSAGE][PASSED] - Current window maximized

2017-11-18 00:53:49 - [TEST_STEP][PASSED] - com.helper.commonfunct.utilities.docUpdateMeeting: com.helper.commonfunct.utilities.docUpdateMeeting is PASSED

2017-11-18 00:53:49 - [MESSAGE][WARNING] - Timeout '0' is invalid. Using default page load timeout: '30'

2017-11-18 00:53:54 - [MESSAGE][PASSED] - Delayed 5 second(s)

2017-11-18 00:53:55 - [MESSAGE][PASSED] - Object: 'Object Repository/Approve-Reject/linktoupdateEngData' is clicked on

2017-11-18 00:53:55 - [MESSAGE][PASSED] - Wait for page load successfully

2017-11-18 00:54:00 - [MESSAGE][PASSED] - Delayed 5 second(s)

2017-11-18 00:54:00 - [MESSAGE][WARNING] - Timeout '0' is invalid. Using default page load timeout: '30'

2017-11-18 00:54:00 - [MESSAGE][PASSED] - Scroll to object 'Object Repository/NEXT_BUTTON' successfully

2017-11-18 00:54:01 - [MESSAGE][PASSED] - Object: 'Object Repository/NEXT_BUTTON' is clicked on

2017-11-18 00:54:02 - [MESSAGE][PASSED] - Wait for page load successfully

2017-11-18 00:54:07 - [MESSAGE][PASSED] - Delayed 5 second(s)

2017-11-18 00:54:07 - [MESSAGE][WARNING] - Timeout '0' is invalid. Using default page load timeout: '30'

2017-11-18 00:54:07 - [MESSAGE][PASSED] - Scroll to object 'Object Repository/NEXT_BUTTON' successfully

2017-11-18 00:54:07 - [MESSAGE][PASSED] - Object: 'Object Repository/NEXT_BUTTON' is clicked on

2017-11-18 00:54:12 - [MESSAGE][PASSED] - Delayed 5 second(s)

2017-11-18 00:54:12 - [MESSAGE][WARNING] - Timeout '0' is invalid. Using default page load timeout: '30'

2017-11-18 00:54:12 - [MESSAGE][PASSED] - Scroll to object 'Object Repository/NEXT_BUTTON' successfully

2017-11-18 00:54:12 - [MESSAGE][PASSED] - Object: 'Object Repository/NEXT_BUTTON' is clicked on

2017-11-18 00:54:17 - [MESSAGE][PASSED] - Delayed 5 second(s)

2017-11-18 00:54:17 - [MESSAGE][PASSED] - Wait for page load successfully

2017-11-18 00:54:17 - [MESSAGE][WARNING] - Timeout '0' is invalid. Using default page load timeout: '30'

2017-11-18 00:54:18 - [MESSAGE][PASSED] - Scroll to object 'Object Repository/Generic/FINISH_BUTTON' successfully

2017-11-18 00:54:18 - [MESSAGE][PASSED] - Object: 'Object Repository/Generic/FINISH_BUTTON' is clicked on

2017-11-18 00:54:23 - [MESSAGE][PASSED] - Delayed 5 second(s)

2017-11-18 00:54:23 - [MESSAGE][PASSED] - Object: 'Object Repository/EngInfo/Continue' is clicked on

2017-11-18 00:54:28 - [MESSAGE][PASSED] - Delayed 5 second(s)

2017-11-18 00:54:33 - [MESSAGE][PASSED] - Delayed 5 second(s)

2017-11-18 00:54:38 - [MESSAGE][PASSED] - Delayed 5 second(s)

2017-11-18 00:54:38 - [MESSAGE][PASSED] - Wait for page load successfully

2017-11-18 00:54:38 - [MESSAGE][PASSED] - com.helper.commonfunct.utilities.docUpdateMeeting is PASSED

2017-11-18 00:54:38 - [TEST_STEP][PASSED] - com.helper.commonfunct.utilities.attachDocs: com.helper.commonfunct.utilities.attachDocs is PASSED

2017-11-18 00:54:43 - [MESSAGE][PASSED] - Delayed 5 second(s)

2017-11-18 00:54:44 - [MESSAGE][PASSED] - Object: 'Object Repository/Approve-Reject/attachdoc' is clicked on

2017-11-18 00:54:49 - [MESSAGE][PASSED] - Delayed 5 second(s)

2017-11-18 00:54:49 - [MESSAGE][PASSED] - Keys 'testing' sent to object: 'Object Repository/ECR_MEETING/BSW_TEXT'

2017-11-18 00:54:54 - [MESSAGE][PASSED] - Delayed 5 second(s)

2017-11-18 00:54:54 - [MESSAGE][PASSED] - Keys 'testing' sent to object: 'Object Repository/ECR_MEETING/ESTIMATE_TEXT'

2017-11-18 00:54:59 - [MESSAGE][PASSED] - Delayed 5 second(s)

2017-11-18 00:54:59 - [MESSAGE][PASSED] - Keys 'testing' sent to object: 'Object Repository/ECR_MEETING/OTHER_TEXT'

2017-11-18 00:55:04 - [MESSAGE][PASSED] - Delayed 5 second(s)

2017-11-18 00:55:05 - [MESSAGE][PASSED] - Keys 'testing' sent to object: 'Object Repository/ECR_MEETING/PRIAGE_TEXT'

2017-11-18 00:55:10 - [MESSAGE][PASSED] - Delayed 5 second(s)

2017-11-18 00:55:10 - [MESSAGE][PASSED] - Keys 'testing' sent to object: 'Object Repository/ECR_MEETING/SIZING_TEXT'

2017-11-18 00:55:15 - [MESSAGE][PASSED] - Delayed 5 second(s)

2017-11-18 00:55:15 - [MESSAGE][PASSED] - Keys 'testing' sent to object: 'Object Repository/Approve-Reject/APPROVE_REJECT_NOTES'

2017-11-18 00:55:20 - [MESSAGE][PASSED] - Delayed 5 second(s)

2017-11-18 00:55:20 - [MESSAGE][WARNING] - Timeout '0' is invalid. Using default page load timeout: '30'

2017-11-18 00:55:20 - [MESSAGE][PASSED] - Scroll to object 'Object Repository/Generic/SUBMIT' successfully

2017-11-18 00:55:20 - [MESSAGE][PASSED] - Object: 'Object Repository/Generic/SUBMIT' is clicked on

2017-11-18 00:55:25 - [MESSAGE][PASSED] - Delayed 5 second(s)

2017-11-18 00:55:25 - [MESSAGE][PASSED] - com.helper.commonfunct.utilities.attachDocs is PASSED

2017-11-18 00:55:25 - [TEST_STEP][PASSED] - com.helper.commonfunct.utilities.WOstatus: com.helper.commonfunct.utilities.WOstatus is PASSED

2017-11-18 00:55:25 - [MESSAGE][PASSED] - Text of object 'Object Repository/ECR/WOSTATUS' is: 'Pending-RDApproval'

2017-11-18 00:55:25 - [MESSAGE][PASSED] - com.helper.commonfunct.utilities.WOstatus is PASSED

2017-11-18 00:55:25 - [TEST_STEP][PASSED] - Statement - Status = text: null

2017-11-18 00:55:25 - [TEST_STEP][PASSED] - Statement - println(Status): null

2017-11-18 00:55:25 - [TEST_STEP][PASSED] - Statement - If (Status == "Pending-RDApproval"): null

2017-11-18 00:55:25 - [TEST_STEP][PASSED] - Statement - Else If (Status == "Pending-RLApproval"): null

2017-11-18 00:55:25 - [TEST_STEP][PASSED] - Statement - Else If (Status == "Pending-RDDApproval"): null

2017-11-18 00:55:25 - [TEST_STEP][PASSED] - Statement - Else If (Status == "Pending-OPSApproval"): null

2017-11-18 00:55:25 - [TEST_STEP][PASSED] - Statement - Else If (Status == "Pending-ExpSvcApproval"): null

2017-11-18 00:55:25 - [TEST_STEP][PASSED] - Statement - Else If (Status == "Pending-DocUpdate"): null

2017-11-18 00:55:25 - [TEST_STEP][PASSED] - Statement - Else If (Status == "Pending-Contract"): null

2017-11-18 00:55:25 - [TEST_STEP][PASSED] - Statement - Else If (Status == "Pending-MeetingSchedule"): com.helper.commonfunct.utilities.WOstatus is PASSED

2017-11-18 00:55:25 - [TEST_STEP][PASSED] - com.helper.commonfunct.utilities.login: com.helper.commonfunct.utilities.login is PASSED

2017-11-18 00:55:25 - [MESSAGE][WARNING] - A browser is already opened. Closing browser and opening a new one

2017-11-18 00:55:28 - [MESSAGE][PASSED] - Browser is opened with url: ''

2017-11-18 00:55:29 - [MESSAGE][PASSED] - Navigate to 'https://vtcpqa2.rpega.com:9030/tcpqa/PRServlet' successfully

2017-11-18 00:55:29 - [MESSAGE][PASSED] - Text 'diazz@pegasystems.com' is set on object 'Object Repository/input_UserIdentifier'

2017-11-18 00:55:29 - [MESSAGE][PASSED] - Text 'install' is set on object 'Object Repository/input_Password'

2017-11-18 00:55:33 - [MESSAGE][PASSED] - Keys 'ENTER + ' sent to object: 'Object Repository/input_Password'

2017-11-18 00:55:33 - [MESSAGE][PASSED] - com.helper.commonfunct.utilities.login is PASSED

2017-11-18 00:55:33 - [TEST_STEP][PASSED] - com.helper.commonfunct.utilities.search: com.helper.commonfunct.utilities.search is PASSED

2017-11-18 00:55:34 - [MESSAGE][PASSED] - Current window maximized

2017-11-18 00:55:39 - [MESSAGE][PASSED] - Delayed 5 second(s)

2017-11-18 00:55:39 - [MESSAGE][PASSED] - Text 'ECR-18Nov2017-5' is set on object 'Object Repository/EngInfo/search'

2017-11-18 00:55:44 - [MESSAGE][PASSED] - Delayed 5 second(s)

2017-11-18 00:55:44 - [MESSAGE][PASSED] - Keys 'ENTER + ' sent to object: 'Object Repository/EngInfo/search'

2017-11-18 00:55:49 - [MESSAGE][PASSED] - Delayed 5 second(s)

2017-11-18 00:55:49 - [MESSAGE][PASSED] - com.helper.commonfunct.utilities.search is PASSED

2017-11-18 00:55:49 - [TEST_STEP][PASSED] - maximizeWindow: Current window maximized

2017-11-18 00:55:49 - [MESSAGE][PASSED] - Current window maximized

2017-11-18 00:55:49 - [TEST_STEP][PASSED] - com.helper.commonfunct.utilities.scheduleMeeting: com.helper.commonfunct.utilities.scheduleMeeting is PASSED

2017-11-18 00:55:54 - [MESSAGE][PASSED] - Delayed 5 second(s)

2017-11-18 00:55:54 - [MESSAGE][WARNING] - Timeout '0' is invalid. Using default page load timeout: '30'

2017-11-18 00:55:59 - [MESSAGE][PASSED] - Delayed 5 second(s)

2017-11-18 00:56:04 - [MESSAGE][PASSED] - Object: 'Object Repository/ECR_MEETING/meetinglink' is clicked on

2017-11-18 00:56:09 - [MESSAGE][PASSED] - Delayed 5 second(s)

2017-11-18 00:56:09 - [MESSAGE][PASSED] - Text 'Testing' is set on object 'Object Repository/ECR_MEETING/location'

2017-11-18 00:56:14 - [MESSAGE][PASSED] - Delayed 5 second(s)

2017-11-18 00:56:14 - [MESSAGE][WARNING] - Timeout '0' is invalid. Using default page load timeout: '30'

2017-11-18 00:56:14 - [MESSAGE][PASSED] - Scroll to object 'Object Repository/Generic/SUBMIT' successfully

2017-11-18 00:56:15 - [MESSAGE][PASSED] - Object: 'Object Repository/Generic/SUBMIT' is clicked on

2017-11-18 00:56:20 - [MESSAGE][PASSED] - Delayed 5 second(s)

2017-11-18 00:56:20 - [MESSAGE][PASSED] - Text 'This proposal clinic meeting has been scheduled. You may request to reschedule the meeting by using the Actions' is present on page 

2017-11-18 00:56:20 - [MESSAGE][PASSED] - com.helper.commonfunct.utilities.scheduleMeeting is PASSED

2017-11-18 00:56:20 - [TEST_STEP][PASSED] - waitForPageLoad: Wait for page load successfully

2017-11-18 00:56:20 - [MESSAGE][PASSED] - Wait for page load successfully

2017-11-18 00:56:20 - [TEST_STEP][PASSED] - com.helper.commonfunct.utilities.WOstatus: com.helper.commonfunct.utilities.WOstatus is PASSED

2017-11-18 00:56:20 - [MESSAGE][PASSED] - Text of object 'Object Repository/ECR/WOSTATUS' is: 'Pending-RDApproval'

2017-11-18 00:56:20 - [MESSAGE][PASSED] - com.helper.commonfunct.utilities.WOstatus is PASSED

2017-11-18 00:56:20 - [TEST_STEP][FAILED] - Statement - For ([j = 0, j < AssignmentList.size(), (j++)]): Unable to get text of object 'Object Repository/ECR/WOSTATUS' (Root cause: com.kms.katalon.core.webui.exception.WebElementNotFoundException: Web element with id: 'Object Repository/ECR/WOSTATUS' located by 'By.xpath: //div[@class='field-item dataValueRead']//span[contains(text(),'Resolved') or contains(text(),'Pending')or contains(text(),'Open-ClinicPreWork') or contains(text(),'Pending-Approval')]' not found)

2017-11-18 00:56:20 - [TEST_STEP][PASSED] - Statement - Status = text: null

2017-11-18 00:56:20 - [TEST_STEP][PASSED] - Statement - println(Status): null

2017-11-18 00:56:20 - [TEST_STEP][PASSED] - Statement - If (Status == "Pending-RDApproval"): com.helper.commonfunct.utilities.WOstatus is PASSED

2017-11-18 00:56:20 - [TEST_STEP][PASSED] - Statement - If (RDReject == false): com.helper.commonfunct.utilities.WOstatus is PASSED

2017-11-18 00:56:20 - [TEST_STEP][PASSED] - Statement - If (Meeting == true): null

2017-11-18 00:56:20 - [TEST_STEP][PASSED] - Statement - Else: com.helper.commonfunct.utilities.WOstatus is PASSED

2017-11-18 00:56:20 - [TEST_STEP][PASSED] - com.helper.commonfunct.utilities.login: com.helper.commonfunct.utilities.login is PASSED

2017-11-18 00:56:20 - [MESSAGE][WARNING] - A browser is already opened. Closing browser and opening a new one

2017-11-18 00:56:23 - [MESSAGE][PASSED] - Browser is opened with url: ''

2017-11-18 00:56:24 - [MESSAGE][PASSED] - Navigate to 'https://vtcpqa2.rpega.com:9030/tcpqa/PRServlet' successfully

2017-11-18 00:56:24 - [MESSAGE][PASSED] - Text 'langr1@pegasystems.com' is set on object 'Object Repository/input_UserIdentifier'

2017-11-18 00:56:24 - [MESSAGE][PASSED] - Text 'install' is set on object 'Object Repository/input_Password'

2017-11-18 00:56:29 - [MESSAGE][PASSED] - Keys 'ENTER + ' sent to object: 'Object Repository/input_Password'

2017-11-18 00:56:29 - [MESSAGE][PASSED] - com.helper.commonfunct.utilities.login is PASSED

2017-11-18 00:56:29 - [TEST_STEP][PASSED] - com.helper.commonfunct.utilities.search: com.helper.commonfunct.utilities.search is PASSED

2017-11-18 00:56:30 - [MESSAGE][PASSED] - Current window maximized

2017-11-18 00:56:35 - [MESSAGE][PASSED] - Delayed 5 second(s)

2017-11-18 00:56:35 - [MESSAGE][PASSED] - Text 'ECR-18Nov2017-5' is set on object 'Object Repository/EngInfo/search'

2017-11-18 00:56:40 - [MESSAGE][PASSED] - Delayed 5 second(s)

2017-11-18 00:56:41 - [MESSAGE][PASSED] - Keys 'ENTER + ' sent to object: 'Object Repository/EngInfo/search'

2017-11-18 00:56:46 - [MESSAGE][PASSED] - Delayed 5 second(s)

2017-11-18 00:56:46 - [MESSAGE][PASSED] - com.helper.commonfunct.utilities.search is PASSED

2017-11-18 00:56:46 - [TEST_STEP][PASSED] - com.helper.commonfunct.utilities.approve: com.helper.commonfunct.utilities.approve is PASSED

2017-11-18 00:56:51 - [MESSAGE][PASSED] - Delayed 5 second(s)

2017-11-18 00:56:51 - [MESSAGE][WARNING] - Timeout '0' is invalid. Using default page load timeout: '30'

2017-11-18 00:56:52 - [MESSAGE][PASSED] - Object: 'Object Repository/Approve-Reject/link_assignment' is clicked on

2017-11-18 00:56:57 - [MESSAGE][PASSED] - Delayed 5 second(s)

2017-11-18 00:56:57 - [MESSAGE][WARNING] - Timeout '0' is invalid. Using default page load timeout: '30'

2017-11-18 00:56:57 - [MESSAGE][PASSED] - Scroll to object 'Object Repository/Approve-Reject/APPROVE_BUTTON' successfully

2017-11-18 00:56:57 - [MESSAGE][PASSED] - Object: 'Object Repository/Approve-Reject/APPROVE_BUTTON' is clicked on

2017-11-18 00:57:02 - [MESSAGE][PASSED] - Delayed 5 second(s)

2017-11-18 00:57:02 - [MESSAGE][PASSED] - Keys 'testing' sent to object: 'Object Repository/Approve-Reject/APPROVE_REJECT_NOTES'

2017-11-18 00:57:07 - [MESSAGE][PASSED] - Delayed 5 second(s)

2017-11-18 00:57:07 - [MESSAGE][WARNING] - Timeout '0' is invalid. Using default page load timeout: '30'

2017-11-18 00:57:07 - [MESSAGE][PASSED] - Scroll to object 'Object Repository/Generic/SUBMIT' successfully

2017-11-18 00:57:08 - [MESSAGE][PASSED] - Object: 'Object Repository/Generic/SUBMIT' is clicked on

2017-11-18 00:57:13 - [MESSAGE][PASSED] - Delayed 5 second(s)

2017-11-18 00:57:13 - [MESSAGE][PASSED] - com.helper.commonfunct.utilities.approve is PASSED

2017-11-18 00:57:13 - [TEST_STEP][PASSED] - com.helper.commonfunct.utilities.WOstatus: com.helper.commonfunct.utilities.WOstatus is PASSED

2017-11-18 00:57:13 - [MESSAGE][PASSED] - Text of object 'Object Repository/ECR/WOSTATUS' is: 'Pending-Approval'

2017-11-18 00:57:13 - [MESSAGE][PASSED] - com.helper.commonfunct.utilities.WOstatus is PASSED

2017-11-18 00:57:13 - [TEST_STEP][PASSED] - Statement - Status = text: null

2017-11-18 00:57:13 - [TEST_STEP][PASSED] - Statement - println(Status): null

2017-11-18 00:57:13 - [TEST_STEP][PASSED] - Statement - If (Status == "Pending-RDApproval"): null

2017-11-18 00:57:13 - [TEST_STEP][PASSED] - Statement - Else If (Status == "Pending-RLApproval"): null

2017-11-18 00:57:13 - [TEST_STEP][PASSED] - Statement - Else If (Status == "Pending-RDDApproval"): null

2017-11-18 00:57:13 - [TEST_STEP][FAILED] - Statement - Else If (Status == "Pending-OPSApproval"): Unable to get text of object 'Object Repository/ECR/WOSTATUS' (Root cause: com.kms.katalon.core.webui.exception.WebElementNotFoundException: Web element with id: 'Object Repository/ECR/WOSTATUS' located by 'By.xpath: //div[@class='field-item dataValueRead']//span[contains(text(),'Resolved') or contains(text(),'Pending')or contains(text(),'Open-ClinicPreWork') or contains(text(),'Pending-Approval')]' not found)

2017-11-18 00:57:13 - [TEST_STEP][PASSED] - Statement - If (OpsReject == false): null

2017-11-18 00:57:13 - [TEST_STEP][FAILED] - Statement - Else: Unable to get text of object 'Object Repository/ECR/WOSTATUS' (Root cause: com.kms.katalon.core.webui.exception.WebElementNotFoundException: Web element with id: 'Object Repository/ECR/WOSTATUS' located by 'By.xpath: //div[@class='field-item dataValueRead']//span[contains(text(),'Resolved') or contains(text(),'Pending')or contains(text(),'Open-ClinicPreWork') or contains(text(),'Pending-Approval')]' not found)

2017-11-18 00:57:13 - [TEST_STEP][PASSED] - com.helper.commonfunct.utilities.login: com.helper.commonfunct.utilities.login is PASSED

2017-11-18 00:57:13 - [MESSAGE][WARNING] - A browser is already opened. Closing browser and opening a new one

2017-11-18 00:57:16 - [MESSAGE][PASSED] - Browser is opened with url: ''

2017-11-18 00:57:17 - [MESSAGE][PASSED] - Navigate to 'https://vtcpqa2.rpega.com:9030/tcpqa/PRServlet' successfully

2017-11-18 00:57:17 - [MESSAGE][PASSED] - Text 'pogoa@pegasystems.com' is set on object 'Object Repository/input_UserIdentifier'

2017-11-18 00:57:17 - [MESSAGE][PASSED] - Text 'install' is set on object 'Object Repository/input_Password'

2017-11-18 00:57:22 - [MESSAGE][PASSED] - Keys 'ENTER + ' sent to object: 'Object Repository/input_Password'

2017-11-18 00:57:22 - [MESSAGE][PASSED] - com.helper.commonfunct.utilities.login is PASSED

2017-11-18 00:57:22 - [TEST_STEP][PASSED] - com.helper.commonfunct.utilities.search: com.helper.commonfunct.utilities.search is PASSED

2017-11-18 00:57:24 - [MESSAGE][PASSED] - Current window maximized

2017-11-18 00:57:29 - [MESSAGE][PASSED] - Delayed 5 second(s)

2017-11-18 00:57:29 - [MESSAGE][PASSED] - Text 'ECR-18Nov2017-5' is set on object 'Object Repository/EngInfo/search'

2017-11-18 00:57:34 - [MESSAGE][PASSED] - Delayed 5 second(s)

2017-11-18 00:57:34 - [MESSAGE][PASSED] - Keys 'ENTER + ' sent to object: 'Object Repository/EngInfo/search'

2017-11-18 00:57:39 - [MESSAGE][PASSED] - Delayed 5 second(s)

2017-11-18 00:57:39 - [MESSAGE][PASSED] - com.helper.commonfunct.utilities.search is PASSED

2017-11-18 00:57:39 - [TEST_STEP][PASSED] - maximizeWindow: Current window maximized

2017-11-18 00:57:39 - [MESSAGE][PASSED] - Current window maximized

2017-11-18 00:57:39 - [TEST_STEP][PASSED] - com.helper.commonfunct.utilities.gsopsReject: com.helper.commonfunct.utilities.gsopsReject is PASSED

2017-11-18 00:57:44 - [MESSAGE][PASSED] - Delayed 5 second(s)

2017-11-18 00:57:44 - [MESSAGE][WARNING] - Timeout '0' is invalid. Using default page load timeout: '30'

2017-11-18 00:57:45 - [MESSAGE][WARNING] - Timeout '0' is invalid. Using default page load timeout: '30'

2017-11-18 00:57:46 - [MESSAGE][PASSED] - Scroll to object 'Object Repository/Approve-Reject/ReturnToRequestor' successfully

2017-11-18 00:57:46 - [MESSAGE][PASSED] - Object: 'Object Repository/Approve-Reject/ReturnToRequestor' is clicked on

2017-11-18 00:57:51 - [MESSAGE][PASSED] - Delayed 5 second(s)

2017-11-18 00:57:51 - [MESSAGE][PASSED] - Keys 'testing' sent to object: 'Object Repository/Approve-Reject/APPROVE_REJECT_NOTES'

2017-11-18 00:57:56 - [MESSAGE][PASSED] - Delayed 5 second(s)

2017-11-18 00:57:56 - [MESSAGE][WARNING] - Timeout '0' is invalid. Using default page load timeout: '30'

2017-11-18 00:57:56 - [MESSAGE][PASSED] - Scroll to object 'Object Repository/Generic/SUBMIT' successfully

2017-11-18 00:57:56 - [MESSAGE][PASSED] - Object: 'Object Repository/Generic/SUBMIT' is clicked on

2017-11-18 00:58:01 - [MESSAGE][PASSED] - Delayed 5 second(s)

2017-11-18 00:58:01 - [MESSAGE][PASSED] - Object: 'Object Repository/Generic/CLOSE_WORK_OBJECT' is clicked on

2017-11-18 00:58:06 - [MESSAGE][PASSED] - Delayed 5 second(s)

2017-11-18 00:58:06 - [MESSAGE][PASSED] - com.helper.commonfunct.utilities.gsopsReject is PASSED

2017-11-18 00:58:06 - [TEST_STEP][PASSED] - Statement - OpsReject = false: null

2017-11-18 00:58:06 - [TEST_STEP][FAILED] - com.helper.commonfunct.utilities.WOstatus: Unable to get text of object 'Object Repository/ECR/WOSTATUS' (Root cause: com.kms.katalon.core.webui.exception.WebElementNotFoundException: Web element with id: 'Object Repository/ECR/WOSTATUS' located by 'By.xpath: //div[@class='field-item dataValueRead']//span[contains(text(),'Resolved') or contains(text(),'Pending')or contains(text(),'Open-ClinicPreWork') or contains(text(),'Pending-Approval')]' not found)

2017-11-18 00:58:39 - [MESSAGE][FAILED] - Unable to get text of object 'Object Repository/ECR/WOSTATUS' (Root cause: com.kms.katalon.core.webui.exception.WebElementNotFoundException: Web element with id: 'Object Repository/ECR/WOSTATUS' located by 'By.xpath: //div[@class='field-item dataValueRead']//span[contains(text(),'Resolved') or contains(text(),'Pending')or contains(text(),'Open-ClinicPreWork') or contains(text(),'Pending-Approval')]' not found)
[[ATTACHMENT|C:\\Users\\nipin\\Katalon Studio\\COE\\Reports\\ECR_Approval_Reject_Recall\\20171118_002743\\1510984719324.png]]

2017-11-18 00:58:39 - [MESSAGE][FAILED] - Unable to get text of object 'Object Repository/ECR/WOSTATUS' (Root cause: com.kms.katalon.core.webui.exception.WebElementNotFoundException: Web element with id: 'Object Repository/ECR/WOSTATUS' located by 'By.xpath: //div[@class='field-item dataValueRead']//span[contains(text(),'Resolved') or contains(text(),'Pending')or contains(text(),'Open-ClinicPreWork') or contains(text(),'Pending-Approval')]' not found)

2017-11-18 00:58:39 - [MESSAGE][FAILED] - Unable to call Test Case with id 'Test Cases/ECR/REF/ECR_Approval_Reject' (Root cause: Call Test Case 'Test Cases/ECR/REF/ECR_Approval_Reject' failed)]]></system-out>
         <system-err><![CDATA[2017-11-18 00:48:39 - [TEST_CASE][FAILED] - Test Cases/ECR/TC_ECR_Meeting_ExpertService_AllReject: Test Cases/ECR/TC_ECR_Meeting_ExpertService_AllReject FAILED because (of) Unable to get text of object 'Object Repository/ECR/WOSTATUS' (Root cause: com.kms.katalon.core.webui.exception.WebElementNotFoundException: Web element with id: 'Object Repository/ECR/WOSTATUS' located by 'By.xpath: //div[@class='field-item dataValueRead']//span[contains(text(),'Resolved') or contains(text(),'Pending')or contains(text(),'Open-ClinicPreWork') or contains(text(),'Pending-Approval')]' not found)]]></system-err>
      </testcase>
      <testcase name="Test Cases/ECR/TC_ECR_Meeting_NoExpertService_AllReject" classname="Test Cases/ECR/TC_ECR_Meeting_NoExpertService_AllReject" status="FAILED">
         <failure type="FAILED" message="Unable to click on object 'Object Repository/Approve-Reject/attachdoc' (Root cause: com.kms.katalon.core.webui.exception.WebElementNotFoundException: Web element with id: 'Object Repository/Approve-Reject/attachdoc' located by 'By.xpath: //nobr//a[contains(.,'Attach Documents')]' not found)"/>
         <system-out><![CDATA[2017-11-18 00:58:39 - [TEST_CASE][FAILED] - Test Cases/ECR/TC_ECR_Meeting_NoExpertService_AllReject: Test Cases/ECR/TC_ECR_Meeting_NoExpertService_AllReject FAILED because (of) Unable to click on object 'Object Repository/Approve-Reject/attachdoc' (Root cause: com.kms.katalon.core.webui.exception.WebElementNotFoundException: Web element with id: 'Object Repository/Approve-Reject/attachdoc' located by 'By.xpath: //nobr//a[contains(.,'Attach Documents')]' not found)

2017-11-18 00:58:40 - [TEST_STEP][FAILED] - callTestCase: Call Test Case 'Test Cases/ECR/REF/ECR_Meeting_NoExpertService' successfully

2017-11-18 00:58:40 - [TEST_CASE][FAILED] - Test Cases/ECR/REF/ECR_Meeting_NoExpertService: com.helper.commonfunct.utilities.ECRMeeting is PASSED

2017-11-18 00:58:40 - [TEST_STEP][PASSED] - com.helper.commonfunct.utilities.login: com.helper.commonfunct.utilities.login is PASSED

2017-11-18 00:58:40 - [MESSAGE][WARNING] - A browser is already opened. Closing browser and opening a new one

2017-11-18 00:58:43 - [MESSAGE][PASSED] - Browser is opened with url: ''

2017-11-18 00:58:43 - [MESSAGE][PASSED] - Navigate to 'https://vtcpqa2.rpega.com:9030/tcpqa/PRServlet' successfully

2017-11-18 00:58:43 - [MESSAGE][PASSED] - Text 'pogoa@pegasystems.com' is set on object 'Object Repository/input_UserIdentifier'

2017-11-18 00:58:44 - [MESSAGE][PASSED] - Text 'install' is set on object 'Object Repository/input_Password'

2017-11-18 00:58:48 - [MESSAGE][PASSED] - Keys 'ENTER + ' sent to object: 'Object Repository/input_Password'

2017-11-18 00:58:48 - [MESSAGE][PASSED] - com.helper.commonfunct.utilities.login is PASSED

2017-11-18 00:58:48 - [TEST_STEP][PASSED] - Statement - Meeting = true: null

2017-11-18 00:58:48 - [TEST_STEP][FAILED] - com.helper.commonfunct.utilities.ECRMeeting: com.helper.commonfunct.utilities.ECRMeeting is PASSED

2017-11-18 00:58:49 - [MESSAGE][PASSED] - Object: 'Object Repository/Generic/a_Actions' is clicked on

2017-11-18 00:58:51 - [MESSAGE][PASSED] - Object: 'Object Repository/span_New' is focused

2017-11-18 00:58:52 - [MESSAGE][PASSED] - Object: 'Object Repository/span_Bid Process' is clicked on

2017-11-18 00:58:52 - [MESSAGE][PASSED] - Object: 'Object Repository/ECR/BID_TYPE' is clicked on

2017-11-18 00:58:52 - [MESSAGE][PASSED] - Object 'Object Repository/button_Import' is present

2017-11-18 00:58:57 - [MESSAGE][PASSED] - Delayed 5 second(s)

2017-11-18 00:58:57 - [MESSAGE][PASSED] - Object: 'Object Repository/button_Import' is clicked on

2017-11-18 00:58:58 - [MESSAGE][PASSED] - File 'C:\Users\nipin\Desktop\Latest BSW\Final\ECR_WITH_MEETING.xlsm' sent to object: 'Object Repository/input_PpyWorkPageppyFilePath'

2017-11-18 00:59:03 - [MESSAGE][PASSED] - Delayed 5 second(s)

2017-11-18 00:59:03 - [MESSAGE][WARNING] - Timeout '0' is invalid. Using default page load timeout: '30'

2017-11-18 00:59:03 - [MESSAGE][PASSED] - Scroll to object 'Object Repository/button_Submit' successfully

2017-11-18 00:59:04 - [MESSAGE][PASSED] - Object: 'Object Repository/button_Submit' is clicked on

2017-11-18 00:59:04 - [MESSAGE][PASSED] - Object 'Object Repository/EngInfo/COID' is visible

2017-11-18 00:59:09 - [MESSAGE][PASSED] - Delayed 5 second(s)

2017-11-18 00:59:14 - [MESSAGE][PASSED] - Delayed 5 second(s)

2017-11-18 00:59:14 - [MESSAGE][PASSED] - Text 'BOFA' is set on object 'Object Repository/Generic/ORG'

2017-11-18 00:59:19 - [MESSAGE][PASSED] - Delayed 5 second(s)

2017-11-18 00:59:19 - [MESSAGE][PASSED] - Keys 'TAB + ' sent to object: 'Object Repository/Generic/ORG'

2017-11-18 00:59:24 - [MESSAGE][PASSED] - Delayed 5 second(s)

2017-11-18 00:59:24 - [MESSAGE][PASSED] - Text 'BOFA' is set on object 'Object Repository/Generic/ACC'

2017-11-18 00:59:25 - [MESSAGE][PASSED] - Keys 'TAB + ' sent to object: 'Object Repository/Generic/ACC'

2017-11-18 00:59:30 - [MESSAGE][PASSED] - Delayed 5 second(s)

2017-11-18 00:59:30 - [MESSAGE][PASSED] - Text 'AUTOTEST1' is set on object 'Object Repository/Generic/ENG_DESC'

2017-11-18 00:59:35 - [MESSAGE][PASSED] - Delayed 5 second(s)

2017-11-18 00:59:35 - [MESSAGE][PASSED] - Scroll to object 'Object Repository/Generic/SUBMIT' successfully

2017-11-18 00:59:35 - [MESSAGE][PASSED] - Object: 'Object Repository/Generic/SUBMIT' is clicked on

2017-11-18 00:59:39 - [MESSAGE][PASSED] - Wait for page load successfully

2017-11-18 00:59:44 - [MESSAGE][PASSED] - Delayed 5 second(s)

2017-11-18 00:59:45 - [MESSAGE][PASSED] - Text 'CO-123' is set on object 'Object Repository/EngInfo/COID'

2017-11-18 00:59:45 - [MESSAGE][PASSED] - Wait for page load successfully

2017-11-18 00:59:50 - [MESSAGE][PASSED] - Delayed 5 second(s)

2017-11-18 00:59:50 - [MESSAGE][PASSED] - Keys 'Jeff Henderson ' sent to object: 'Object Repository/EngInfo/PL'

2017-11-18 00:59:55 - [MESSAGE][PASSED] - Delayed 5 second(s)

2017-11-18 00:59:55 - [MESSAGE][PASSED] - Keys 'Robert Higgins' sent to object: 'Object Repository/EngInfo/PLTL'

2017-11-18 01:00:00 - [MESSAGE][PASSED] - Delayed 5 second(s)

2017-11-18 01:00:00 - [MESSAGE][PASSED] - Keys 'Eric Panepinto' sent to object: 'Object Repository/EngInfo/RL'

2017-11-18 01:00:05 - [MESSAGE][PASSED] - Delayed 5 second(s)

2017-11-18 01:00:06 - [MESSAGE][PASSED] - Keys 'Robert Lang' sent to object: 'Object Repository/EngInfo/RD'

2017-11-18 01:00:11 - [MESSAGE][PASSED] - Delayed 5 second(s)

2017-11-18 01:00:16 - [MESSAGE][PASSED] - Delayed 5 second(s)

2017-11-18 01:00:16 - [MESSAGE][PASSED] - Object: 'Object Repository/Generic/MorethanOneRLS' is clicked on

2017-11-18 01:00:21 - [MESSAGE][PASSED] - Delayed 5 second(s)

2017-11-18 01:00:21 - [MESSAGE][PASSED] - Object: 'Object Repository/Generic/RapidDelivery' is clicked on

2017-11-18 01:00:26 - [MESSAGE][PASSED] - Delayed 5 second(s)

2017-11-18 01:00:26 - [MESSAGE][PASSED] - Object: 'Object Repository/Generic/methodology' is clicked on

2017-11-18 01:00:31 - [MESSAGE][PASSED] - Delayed 5 second(s)

2017-11-18 01:00:32 - [MESSAGE][PASSED] - Text '85000' is set on object 'Object Repository/ECR/Licence'

2017-11-18 01:00:37 - [MESSAGE][PASSED] - Delayed 5 second(s)

2017-11-18 01:00:37 - [MESSAGE][PASSED] - Keys 'AMPchroma' sent to object: 'Object Repository/Generic/PlatformID'

2017-11-18 01:00:42 - [MESSAGE][PASSED] - Delayed 5 second(s)

2017-11-18 01:00:42 - [MESSAGE][PASSED] - Keys 'N/A' sent to object: 'Object Repository/Generic/PlatformVersion'

2017-11-18 01:00:47 - [MESSAGE][PASSED] - Delayed 5 second(s)

2017-11-18 01:00:47 - [MESSAGE][PASSED] - Object: 'Object Repository/Generic/PlatformTrue' is clicked on

2017-11-18 01:00:47 - [MESSAGE][PASSED] - Scroll to object 'Object Repository/NEXT_BUTTON' successfully

2017-11-18 01:00:48 - [MESSAGE][PASSED] - Object: 'Object Repository/NEXT_BUTTON' is clicked on

2017-11-18 01:00:53 - [MESSAGE][PASSED] - Delayed 5 second(s)

2017-11-18 01:00:53 - [MESSAGE][PASSED] - Text '11/20/2017' is set on object 'Object Repository/EngInfo/MeetingDate'

2017-11-18 01:00:58 - [MESSAGE][PASSED] - Delayed 5 second(s)

2017-11-18 01:00:58 - [MESSAGE][PASSED] - Text 'TEsting' is set on object 'Object Repository/EngInfo/instruction'

2017-11-18 01:01:03 - [MESSAGE][PASSED] - Delayed 5 second(s)

2017-11-18 01:01:04 - [MESSAGE][FAILED] - Unable to set text '' of object 'Object Repository/EngInfo/AE' (Root cause: org.openqa.selenium.StaleElementReferenceException: stale element reference: element is not attached to the page document
  (Session info: chrome=62.0.3202.94)
  (Driver info: chromedriver=2.33.506120 (e3e53437346286c0bc2d2dc9aa4915ba81d9023f),platform=Windows NT 6.1.7601 SP1 x86_64) (WARNING: The server did not provide any stacktrace information)
Command duration or timeout: 0 milliseconds
For documentation on this error, please visit: http://seleniumhq.org/exceptions/stale_element_reference.html
Build info: version: '3.7.1', revision: '8a0099a', time: '2017-11-06T21:07:36.161Z'
System info: host: 'L22622WUS', ip: '10.2.202.111', os.name: 'Windows 7', os.arch: 'amd64', os.version: '6.1', java.version: '1.8.0_102'
Driver info: com.kms.katalon.selenium.driver.CChromeDriver
Capabilities {acceptSslCerts: true, applicationCacheEnabled: false, browserConnectionEnabled: false, browserName: chrome, chrome: {chromedriverVersion: 2.33.506120 (e3e53437346286..., userDataDir: C:\Users\nipin\AppData\Loca...}, cssSelectorsEnabled: true, databaseEnabled: false, handlesAlerts: true, hasTouchScreen: false, javascriptEnabled: true, locationContextEnabled: true, mobileEmulationEnabled: false, nativeEvents: true, networkConnectionEnabled: false, pageLoadStrategy: normal, platform: XP, platformName: XP, rotatable: false, setWindowRect: true, takesHeapSnapshot: true, takesScreenshot: true, unexpectedAlertBehaviour: , unhandledPromptBehavior: , version: 62.0.3202.94, webStorageEnabled: true}
Session ID: f9a6504ab2c9697ed676077d712532d4)
[[ATTACHMENT|C:\\Users\\nipin\\Katalon Studio\\COE\\Reports\\ECR_Approval_Reject_Recall\\20171118_002743\\1510984863811.png]]

2017-11-18 01:01:09 - [MESSAGE][PASSED] - Delayed 5 second(s)

2017-11-18 01:01:09 - [MESSAGE][PASSED] - Text 'Nagaveni Nipinale' is set on object 'Object Repository/EngInfo/AE'

2017-11-18 01:01:09 - [MESSAGE][PASSED] - Object: 'Object Repository/EngInfo/isCloudInitiativeYes' is clicked on

2017-11-18 01:01:14 - [MESSAGE][PASSED] - Delayed 5 second(s)

2017-11-18 01:01:14 - [MESSAGE][PASSED] - Object: 'Object Repository/EngInfo/IsPegaMarketingYes' is clicked on

2017-11-18 01:01:19 - [MESSAGE][PASSED] - Delayed 5 second(s)

2017-11-18 01:01:19 - [MESSAGE][PASSED] - Object: 'Object Repository/EngInfo/IsPegaMobileYes' is clicked on

2017-11-18 01:01:24 - [MESSAGE][PASSED] - Delayed 5 second(s)

2017-11-18 01:01:29 - [MESSAGE][PASSED] - Delayed 5 second(s)

2017-11-18 01:01:30 - [MESSAGE][PASSED] - Scroll to object 'Object Repository/NEXT_BUTTON' successfully

2017-11-18 01:01:30 - [MESSAGE][PASSED] - Object: 'Object Repository/NEXT_BUTTON' is clicked on

2017-11-18 01:01:35 - [MESSAGE][PASSED] - Delayed 5 second(s)

2017-11-18 01:01:35 - [MESSAGE][PASSED] - Scroll to object 'Object Repository/NEXT_BUTTON' successfully

2017-11-18 01:01:35 - [MESSAGE][PASSED] - Object: 'Object Repository/NEXT_BUTTON' is clicked on

2017-11-18 01:01:40 - [MESSAGE][PASSED] - Delayed 5 second(s)

2017-11-18 01:01:40 - [MESSAGE][PASSED] - Scroll to object 'Object Repository/Generic/FINISH_BUTTON' successfully

2017-11-18 01:01:40 - [MESSAGE][PASSED] - Object: 'Object Repository/Generic/FINISH_BUTTON' is clicked on

2017-11-18 01:01:45 - [MESSAGE][PASSED] - Delayed 5 second(s)

2017-11-18 01:01:45 - [MESSAGE][PASSED] - Object: 'Object Repository/EngInfo/Continue' is clicked on

2017-11-18 01:01:50 - [MESSAGE][PASSED] - Delayed 5 second(s)

2017-11-18 01:01:55 - [MESSAGE][PASSED] - Delayed 5 second(s)

2017-11-18 01:01:56 - [MESSAGE][PASSED] - Object: 'Object Repository/Approve-Reject/attachdoc' is clicked on

2017-11-18 01:02:01 - [MESSAGE][PASSED] - Delayed 5 second(s)

2017-11-18 01:02:01 - [MESSAGE][PASSED] - Keys 'testing' sent to object: 'Object Repository/ECR_MEETING/BSW_TEXT'

2017-11-18 01:02:06 - [MESSAGE][PASSED] - Delayed 5 second(s)

2017-11-18 01:02:07 - [MESSAGE][PASSED] - Keys 'testing' sent to object: 'Object Repository/ECR_MEETING/ESTIMATE_TEXT'

2017-11-18 01:02:12 - [MESSAGE][PASSED] - Delayed 5 second(s)

2017-11-18 01:02:12 - [MESSAGE][PASSED] - Keys 'testing' sent to object: 'Object Repository/ECR_MEETING/OTHER_TEXT'

2017-11-18 01:02:17 - [MESSAGE][PASSED] - Delayed 5 second(s)

2017-11-18 01:02:17 - [MESSAGE][PASSED] - Keys 'testing' sent to object: 'Object Repository/ECR_MEETING/PRIAGE_TEXT'

2017-11-18 01:02:22 - [MESSAGE][PASSED] - Delayed 5 second(s)

2017-11-18 01:02:22 - [MESSAGE][PASSED] - Keys 'testing' sent to object: 'Object Repository/ECR_MEETING/SIZING_TEXT'

2017-11-18 01:02:27 - [MESSAGE][PASSED] - Delayed 5 second(s)

2017-11-18 01:02:27 - [MESSAGE][PASSED] - Keys 'testing' sent to object: 'Object Repository/Approve-Reject/APPROVE_REJECT_NOTES'

2017-11-18 01:02:32 - [MESSAGE][PASSED] - Delayed 5 second(s)

2017-11-18 01:02:32 - [MESSAGE][WARNING] - Timeout '0' is invalid. Using default page load timeout: '30'

2017-11-18 01:02:32 - [MESSAGE][PASSED] - Scroll to object 'Object Repository/Generic/SUBMIT' successfully

2017-11-18 01:02:33 - [MESSAGE][PASSED] - Object: 'Object Repository/Generic/SUBMIT' is clicked on

2017-11-18 01:02:38 - [MESSAGE][PASSED] - Delayed 5 second(s)

2017-11-18 01:02:38 - [MESSAGE][PASSED] - Text of object 'Object Repository/WO' is: 'ECR-18Nov2017-6'

2017-11-18 01:02:38 - [MESSAGE][PASSED] - Text of object 'Object Repository/ECR/WOSTATUS' is: 'Pending-RDApproval'

2017-11-18 01:02:38 - [MESSAGE][PASSED] - com.helper.commonfunct.utilities.ECRMeeting is PASSED

2017-11-18 01:02:38 - [MESSAGE][PASSED] - Call Test Case 'Test Cases/ECR/REF/ECR_Meeting_NoExpertService' successfully

2017-11-18 01:02:38 - [TEST_STEP][PASSED] - com.helper.commonfunct.utilities.setprop: com.helper.commonfunct.utilities.setprop is PASSED

2017-11-18 01:02:38 - [MESSAGE][PASSED] - com.helper.commonfunct.utilities.setprop is PASSED

2017-11-18 01:02:38 - [TEST_STEP][FAILED] - callTestCase: Unable to call Test Case with id 'Test Cases/ECR/REF/ECR_Approval_Reject' (Root cause: Call Test Case 'Test Cases/ECR/REF/ECR_Approval_Reject' failed)

2017-11-18 01:02:38 - [TEST_CASE][FAILED] - Test Cases/ECR/REF/ECR_Approval_Reject: Test Cases/ECR/REF/ECR_Approval_Reject FAILED because (of) Unable to click on object 'Object Repository/Approve-Reject/attachdoc' (Root cause: com.kms.katalon.core.webui.exception.WebElementNotFoundException: Web element with id: 'Object Repository/Approve-Reject/attachdoc' located by 'By.xpath: //nobr//a[contains(.,'Attach Documents')]' not found)

2017-11-18 01:02:38 - [TEST_STEP][FAILED] - Statement - While (WOSTATUS.contains("Pending")): Unable to click on object 'Object Repository/Approve-Reject/attachdoc' (Root cause: com.kms.katalon.core.webui.exception.WebElementNotFoundException: Web element with id: 'Object Repository/Approve-Reject/attachdoc' located by 'By.xpath: //nobr//a[contains(.,'Attach Documents')]' not found)

2017-11-18 01:02:38 - [TEST_STEP][PASSED] - Statement - For ([j = 0, j < AssignmentList.size(), (j++)]): com.helper.commonfunct.utilities.WOstatus is PASSED

2017-11-18 01:02:38 - [TEST_STEP][PASSED] - Statement - Status = text: null

2017-11-18 01:02:38 - [TEST_STEP][PASSED] - Statement - println(Status): null

2017-11-18 01:02:38 - [TEST_STEP][PASSED] - Statement - If (Status == "Pending-RDApproval"): com.helper.commonfunct.utilities.WOstatus is PASSED

2017-11-18 01:02:38 - [TEST_STEP][PASSED] - Statement - If (RDReject == false): null

2017-11-18 01:02:38 - [TEST_STEP][PASSED] - Statement - Else: com.helper.commonfunct.utilities.WOstatus is PASSED

2017-11-18 01:02:38 - [TEST_STEP][PASSED] - com.helper.commonfunct.utilities.login: com.helper.commonfunct.utilities.login is PASSED

2017-11-18 01:02:38 - [MESSAGE][WARNING] - A browser is already opened. Closing browser and opening a new one

2017-11-18 01:02:41 - [MESSAGE][PASSED] - Browser is opened with url: ''

2017-11-18 01:02:41 - [MESSAGE][PASSED] - Navigate to 'https://vtcpqa2.rpega.com:9030/tcpqa/PRServlet' successfully

2017-11-18 01:02:42 - [MESSAGE][PASSED] - Text 'langr1@pegasystems.com' is set on object 'Object Repository/input_UserIdentifier'

2017-11-18 01:02:42 - [MESSAGE][PASSED] - Text 'install' is set on object 'Object Repository/input_Password'

2017-11-18 01:02:45 - [MESSAGE][PASSED] - Keys 'ENTER + ' sent to object: 'Object Repository/input_Password'

2017-11-18 01:02:45 - [MESSAGE][PASSED] - com.helper.commonfunct.utilities.login is PASSED

2017-11-18 01:02:45 - [TEST_STEP][PASSED] - com.helper.commonfunct.utilities.search: com.helper.commonfunct.utilities.search is PASSED

2017-11-18 01:02:47 - [MESSAGE][PASSED] - Current window maximized

2017-11-18 01:02:52 - [MESSAGE][PASSED] - Delayed 5 second(s)

2017-11-18 01:02:52 - [MESSAGE][PASSED] - Text 'ECR-18Nov2017-6' is set on object 'Object Repository/EngInfo/search'

2017-11-18 01:02:57 - [MESSAGE][PASSED] - Delayed 5 second(s)

2017-11-18 01:02:57 - [MESSAGE][PASSED] - Keys 'ENTER + ' sent to object: 'Object Repository/EngInfo/search'

2017-11-18 01:03:02 - [MESSAGE][PASSED] - Delayed 5 second(s)

2017-11-18 01:03:02 - [MESSAGE][PASSED] - com.helper.commonfunct.utilities.search is PASSED

2017-11-18 01:03:02 - [TEST_STEP][PASSED] - maximizeWindow: Current window maximized

2017-11-18 01:03:02 - [MESSAGE][PASSED] - Current window maximized

2017-11-18 01:03:02 - [TEST_STEP][PASSED] - com.helper.commonfunct.utilities.reject: com.helper.commonfunct.utilities.reject is PASSED

2017-11-18 01:03:07 - [MESSAGE][PASSED] - Delayed 5 second(s)

2017-11-18 01:03:07 - [MESSAGE][WARNING] - Timeout '0' is invalid. Using default page load timeout: '30'

2017-11-18 01:03:08 - [MESSAGE][PASSED] - Object: 'Object Repository/Approve-Reject/link_assignment' is clicked on

2017-11-18 01:03:13 - [MESSAGE][PASSED] - Delayed 5 second(s)

2017-11-18 01:03:13 - [MESSAGE][WARNING] - Timeout '0' is invalid. Using default page load timeout: '30'

2017-11-18 01:03:14 - [MESSAGE][PASSED] - Scroll to object 'Object Repository/Approve-Reject/ReturnToRequestor' successfully

2017-11-18 01:03:14 - [MESSAGE][PASSED] - Object: 'Object Repository/Approve-Reject/ReturnToRequestor' is clicked on

2017-11-18 01:03:19 - [MESSAGE][PASSED] - Delayed 5 second(s)

2017-11-18 01:03:19 - [MESSAGE][PASSED] - Keys 'testing' sent to object: 'Object Repository/Approve-Reject/APPROVE_REJECT_NOTES'

2017-11-18 01:03:24 - [MESSAGE][PASSED] - Delayed 5 second(s)

2017-11-18 01:03:24 - [MESSAGE][WARNING] - Timeout '0' is invalid. Using default page load timeout: '30'

2017-11-18 01:03:24 - [MESSAGE][PASSED] - Scroll to object 'Object Repository/Generic/SUBMIT' successfully

2017-11-18 01:03:24 - [MESSAGE][PASSED] - Object: 'Object Repository/Generic/SUBMIT' is clicked on

2017-11-18 01:03:29 - [MESSAGE][PASSED] - Delayed 5 second(s)

2017-11-18 01:03:29 - [MESSAGE][PASSED] - com.helper.commonfunct.utilities.reject is PASSED

2017-11-18 01:03:29 - [TEST_STEP][PASSED] - Statement - RDReject = false: null

2017-11-18 01:03:29 - [TEST_STEP][PASSED] - com.helper.commonfunct.utilities.WOstatus: com.helper.commonfunct.utilities.WOstatus is PASSED

2017-11-18 01:03:29 - [MESSAGE][PASSED] - Text of object 'Object Repository/ECR/WOSTATUS' is: 'Pending-DocUpdate'

2017-11-18 01:03:29 - [MESSAGE][PASSED] - com.helper.commonfunct.utilities.WOstatus is PASSED

2017-11-18 01:03:29 - [TEST_STEP][PASSED] - Statement - For ([j = 0, j < AssignmentList.size(), (j++)]): com.helper.commonfunct.utilities.WOstatus is PASSED

2017-11-18 01:03:29 - [TEST_STEP][PASSED] - Statement - Status = text: null

2017-11-18 01:03:29 - [TEST_STEP][PASSED] - Statement - println(Status): null

2017-11-18 01:03:29 - [TEST_STEP][PASSED] - Statement - If (Status == "Pending-RDApproval"): null

2017-11-18 01:03:29 - [TEST_STEP][PASSED] - Statement - Else If (Status == "Pending-RLApproval"): null

2017-11-18 01:03:29 - [TEST_STEP][PASSED] - Statement - Else If (Status == "Pending-RDDApproval"): null

2017-11-18 01:03:29 - [TEST_STEP][PASSED] - Statement - Else If (Status == "Pending-OPSApproval"): null

2017-11-18 01:03:29 - [TEST_STEP][PASSED] - Statement - Else If (Status == "Pending-ExpSvcApproval"): null

2017-11-18 01:03:29 - [TEST_STEP][PASSED] - Statement - Else If (Status == "Pending-DocUpdate"): com.helper.commonfunct.utilities.WOstatus is PASSED

2017-11-18 01:03:29 - [TEST_STEP][PASSED] - Statement - If (Meeting == false): null

2017-11-18 01:03:29 - [TEST_STEP][PASSED] - Statement - Else: com.helper.commonfunct.utilities.WOstatus is PASSED

2017-11-18 01:03:29 - [TEST_STEP][PASSED] - com.helper.commonfunct.utilities.login: com.helper.commonfunct.utilities.login is PASSED

2017-11-18 01:03:29 - [MESSAGE][WARNING] - A browser is already opened. Closing browser and opening a new one

2017-11-18 01:03:32 - [MESSAGE][PASSED] - Browser is opened with url: ''

2017-11-18 01:03:33 - [MESSAGE][PASSED] - Navigate to 'https://vtcpqa2.rpega.com:9030/tcpqa/PRServlet' successfully

2017-11-18 01:03:33 - [MESSAGE][PASSED] - Text 'pogoa@pegasystems.com' is set on object 'Object Repository/input_UserIdentifier'

2017-11-18 01:03:33 - [MESSAGE][PASSED] - Text 'install' is set on object 'Object Repository/input_Password'

2017-11-18 01:03:38 - [MESSAGE][PASSED] - Keys 'ENTER + ' sent to object: 'Object Repository/input_Password'

2017-11-18 01:03:38 - [MESSAGE][PASSED] - com.helper.commonfunct.utilities.login is PASSED

2017-11-18 01:03:38 - [TEST_STEP][PASSED] - com.helper.commonfunct.utilities.search: com.helper.commonfunct.utilities.search is PASSED

2017-11-18 01:03:40 - [MESSAGE][PASSED] - Current window maximized

2017-11-18 01:03:45 - [MESSAGE][PASSED] - Delayed 5 second(s)

2017-11-18 01:03:45 - [MESSAGE][PASSED] - Text 'ECR-18Nov2017-6' is set on object 'Object Repository/EngInfo/search'

2017-11-18 01:03:50 - [MESSAGE][PASSED] - Delayed 5 second(s)

2017-11-18 01:03:50 - [MESSAGE][PASSED] - Keys 'ENTER + ' sent to object: 'Object Repository/EngInfo/search'

2017-11-18 01:03:55 - [MESSAGE][PASSED] - Delayed 5 second(s)

2017-11-18 01:03:55 - [MESSAGE][PASSED] - com.helper.commonfunct.utilities.search is PASSED

2017-11-18 01:03:55 - [TEST_STEP][PASSED] - maximizeWindow: Current window maximized

2017-11-18 01:03:55 - [MESSAGE][PASSED] - Current window maximized

2017-11-18 01:03:55 - [TEST_STEP][PASSED] - com.helper.commonfunct.utilities.docUpdateMeeting: com.helper.commonfunct.utilities.docUpdateMeeting is PASSED

2017-11-18 01:03:55 - [MESSAGE][WARNING] - Timeout '0' is invalid. Using default page load timeout: '30'

2017-11-18 01:04:00 - [MESSAGE][PASSED] - Delayed 5 second(s)

2017-11-18 01:04:01 - [MESSAGE][PASSED] - Object: 'Object Repository/Approve-Reject/linktoupdateEngData' is clicked on

2017-11-18 01:04:01 - [MESSAGE][PASSED] - Wait for page load successfully

2017-11-18 01:04:06 - [MESSAGE][PASSED] - Delayed 5 second(s)

2017-11-18 01:04:06 - [MESSAGE][WARNING] - Timeout '0' is invalid. Using default page load timeout: '30'

2017-11-18 01:04:06 - [MESSAGE][PASSED] - Scroll to object 'Object Repository/NEXT_BUTTON' successfully

2017-11-18 01:04:07 - [MESSAGE][PASSED] - Object: 'Object Repository/NEXT_BUTTON' is clicked on

2017-11-18 01:04:07 - [MESSAGE][PASSED] - Wait for page load successfully

2017-11-18 01:04:12 - [MESSAGE][PASSED] - Delayed 5 second(s)

2017-11-18 01:04:12 - [MESSAGE][WARNING] - Timeout '0' is invalid. Using default page load timeout: '30'

2017-11-18 01:04:12 - [MESSAGE][PASSED] - Scroll to object 'Object Repository/NEXT_BUTTON' successfully

2017-11-18 01:04:12 - [MESSAGE][PASSED] - Object: 'Object Repository/NEXT_BUTTON' is clicked on

2017-11-18 01:04:17 - [MESSAGE][PASSED] - Delayed 5 second(s)

2017-11-18 01:04:17 - [MESSAGE][WARNING] - Timeout '0' is invalid. Using default page load timeout: '30'

2017-11-18 01:04:17 - [MESSAGE][PASSED] - Scroll to object 'Object Repository/NEXT_BUTTON' successfully

2017-11-18 01:04:17 - [MESSAGE][PASSED] - Object: 'Object Repository/NEXT_BUTTON' is clicked on

2017-11-18 01:04:22 - [MESSAGE][PASSED] - Delayed 5 second(s)

2017-11-18 01:04:22 - [MESSAGE][PASSED] - Wait for page load successfully

2017-11-18 01:04:22 - [MESSAGE][WARNING] - Timeout '0' is invalid. Using default page load timeout: '30'

2017-11-18 01:04:22 - [MESSAGE][PASSED] - Scroll to object 'Object Repository/Generic/FINISH_BUTTON' successfully

2017-11-18 01:04:22 - [MESSAGE][PASSED] - Object: 'Object Repository/Generic/FINISH_BUTTON' is clicked on

2017-11-18 01:04:27 - [MESSAGE][PASSED] - Delayed 5 second(s)

2017-11-18 01:04:28 - [MESSAGE][PASSED] - Object: 'Object Repository/EngInfo/Continue' is clicked on

2017-11-18 01:04:33 - [MESSAGE][PASSED] - Delayed 5 second(s)

2017-11-18 01:04:38 - [MESSAGE][PASSED] - Delayed 5 second(s)

2017-11-18 01:04:43 - [MESSAGE][PASSED] - Delayed 5 second(s)

2017-11-18 01:04:43 - [MESSAGE][PASSED] - Wait for page load successfully

2017-11-18 01:04:43 - [MESSAGE][PASSED] - com.helper.commonfunct.utilities.docUpdateMeeting is PASSED

2017-11-18 01:04:43 - [TEST_STEP][PASSED] - com.helper.commonfunct.utilities.attachDocs: com.helper.commonfunct.utilities.attachDocs is PASSED

2017-11-18 01:04:48 - [MESSAGE][PASSED] - Delayed 5 second(s)

2017-11-18 01:04:49 - [MESSAGE][PASSED] - Object: 'Object Repository/Approve-Reject/attachdoc' is clicked on

2017-11-18 01:04:54 - [MESSAGE][PASSED] - Delayed 5 second(s)

2017-11-18 01:04:54 - [MESSAGE][PASSED] - Keys 'testing' sent to object: 'Object Repository/ECR_MEETING/BSW_TEXT'

2017-11-18 01:04:59 - [MESSAGE][PASSED] - Delayed 5 second(s)

2017-11-18 01:04:59 - [MESSAGE][PASSED] - Keys 'testing' sent to object: 'Object Repository/ECR_MEETING/ESTIMATE_TEXT'

2017-11-18 01:05:04 - [MESSAGE][PASSED] - Delayed 5 second(s)

2017-11-18 01:05:04 - [MESSAGE][PASSED] - Keys 'testing' sent to object: 'Object Repository/ECR_MEETING/OTHER_TEXT'

2017-11-18 01:05:09 - [MESSAGE][PASSED] - Delayed 5 second(s)

2017-11-18 01:05:09 - [MESSAGE][PASSED] - Keys 'testing' sent to object: 'Object Repository/ECR_MEETING/PRIAGE_TEXT'

2017-11-18 01:05:14 - [MESSAGE][PASSED] - Delayed 5 second(s)

2017-11-18 01:05:14 - [MESSAGE][PASSED] - Keys 'testing' sent to object: 'Object Repository/ECR_MEETING/SIZING_TEXT'

2017-11-18 01:05:19 - [MESSAGE][PASSED] - Delayed 5 second(s)

2017-11-18 01:05:20 - [MESSAGE][PASSED] - Keys 'testing' sent to object: 'Object Repository/Approve-Reject/APPROVE_REJECT_NOTES'

2017-11-18 01:05:25 - [MESSAGE][PASSED] - Delayed 5 second(s)

2017-11-18 01:05:25 - [MESSAGE][WARNING] - Timeout '0' is invalid. Using default page load timeout: '30'

2017-11-18 01:05:25 - [MESSAGE][PASSED] - Scroll to object 'Object Repository/Generic/SUBMIT' successfully

2017-11-18 01:05:25 - [MESSAGE][PASSED] - Object: 'Object Repository/Generic/SUBMIT' is clicked on

2017-11-18 01:05:30 - [MESSAGE][PASSED] - Delayed 5 second(s)

2017-11-18 01:05:30 - [MESSAGE][PASSED] - com.helper.commonfunct.utilities.attachDocs is PASSED

2017-11-18 01:05:30 - [TEST_STEP][PASSED] - com.helper.commonfunct.utilities.WOstatus: com.helper.commonfunct.utilities.WOstatus is PASSED

2017-11-18 01:05:30 - [MESSAGE][PASSED] - Text of object 'Object Repository/ECR/WOSTATUS' is: 'Pending-RDApproval'

2017-11-18 01:05:30 - [MESSAGE][PASSED] - com.helper.commonfunct.utilities.WOstatus is PASSED

2017-11-18 01:05:30 - [TEST_STEP][PASSED] - Statement - Status = text: null

2017-11-18 01:05:30 - [TEST_STEP][PASSED] - Statement - println(Status): null

2017-11-18 01:05:30 - [TEST_STEP][PASSED] - Statement - If (Status == "Pending-RDApproval"): null

2017-11-18 01:05:30 - [TEST_STEP][PASSED] - Statement - Else If (Status == "Pending-RLApproval"): null

2017-11-18 01:05:30 - [TEST_STEP][PASSED] - Statement - Else If (Status == "Pending-RDDApproval"): null

2017-11-18 01:05:30 - [TEST_STEP][PASSED] - Statement - Else If (Status == "Pending-OPSApproval"): null

2017-11-18 01:05:30 - [TEST_STEP][PASSED] - Statement - Else If (Status == "Pending-ExpSvcApproval"): null

2017-11-18 01:05:30 - [TEST_STEP][PASSED] - Statement - Else If (Status == "Pending-DocUpdate"): null

2017-11-18 01:05:30 - [TEST_STEP][PASSED] - Statement - Else If (Status == "Pending-Contract"): null

2017-11-18 01:05:30 - [TEST_STEP][PASSED] - Statement - Else If (Status == "Pending-MeetingSchedule"): com.helper.commonfunct.utilities.WOstatus is PASSED

2017-11-18 01:05:30 - [TEST_STEP][PASSED] - com.helper.commonfunct.utilities.login: com.helper.commonfunct.utilities.login is PASSED

2017-11-18 01:05:30 - [MESSAGE][WARNING] - A browser is already opened. Closing browser and opening a new one

2017-11-18 01:05:33 - [MESSAGE][PASSED] - Browser is opened with url: ''

2017-11-18 01:05:34 - [MESSAGE][PASSED] - Navigate to 'https://vtcpqa2.rpega.com:9030/tcpqa/PRServlet' successfully

2017-11-18 01:05:34 - [MESSAGE][PASSED] - Text 'diazz@pegasystems.com' is set on object 'Object Repository/input_UserIdentifier'

2017-11-18 01:05:34 - [MESSAGE][PASSED] - Text 'install' is set on object 'Object Repository/input_Password'

2017-11-18 01:05:40 - [MESSAGE][PASSED] - Keys 'ENTER + ' sent to object: 'Object Repository/input_Password'

2017-11-18 01:05:40 - [MESSAGE][PASSED] - com.helper.commonfunct.utilities.login is PASSED

2017-11-18 01:05:40 - [TEST_STEP][PASSED] - com.helper.commonfunct.utilities.search: com.helper.commonfunct.utilities.search is PASSED

2017-11-18 01:05:41 - [MESSAGE][PASSED] - Current window maximized

2017-11-18 01:05:46 - [MESSAGE][PASSED] - Delayed 5 second(s)

2017-11-18 01:05:46 - [MESSAGE][PASSED] - Text 'ECR-18Nov2017-6' is set on object 'Object Repository/EngInfo/search'

2017-11-18 01:05:51 - [MESSAGE][PASSED] - Delayed 5 second(s)

2017-11-18 01:05:51 - [MESSAGE][PASSED] - Keys 'ENTER + ' sent to object: 'Object Repository/EngInfo/search'

2017-11-18 01:05:56 - [MESSAGE][PASSED] - Delayed 5 second(s)

2017-11-18 01:05:56 - [MESSAGE][PASSED] - com.helper.commonfunct.utilities.search is PASSED

2017-11-18 01:05:56 - [TEST_STEP][PASSED] - maximizeWindow: Current window maximized

2017-11-18 01:05:56 - [MESSAGE][PASSED] - Current window maximized

2017-11-18 01:05:56 - [TEST_STEP][PASSED] - com.helper.commonfunct.utilities.scheduleMeeting: com.helper.commonfunct.utilities.scheduleMeeting is PASSED

2017-11-18 01:06:01 - [MESSAGE][PASSED] - Delayed 5 second(s)

2017-11-18 01:06:01 - [MESSAGE][WARNING] - Timeout '0' is invalid. Using default page load timeout: '30'

2017-11-18 01:06:06 - [MESSAGE][PASSED] - Delayed 5 second(s)

2017-11-18 01:06:10 - [MESSAGE][PASSED] - Object: 'Object Repository/ECR_MEETING/meetinglink' is clicked on

2017-11-18 01:06:15 - [MESSAGE][PASSED] - Delayed 5 second(s)

2017-11-18 01:06:16 - [MESSAGE][PASSED] - Text 'Testing' is set on object 'Object Repository/ECR_MEETING/location'

2017-11-18 01:06:21 - [MESSAGE][PASSED] - Delayed 5 second(s)

2017-11-18 01:06:21 - [MESSAGE][WARNING] - Timeout '0' is invalid. Using default page load timeout: '30'

2017-11-18 01:06:21 - [MESSAGE][PASSED] - Scroll to object 'Object Repository/Generic/SUBMIT' successfully

2017-11-18 01:06:21 - [MESSAGE][PASSED] - Object: 'Object Repository/Generic/SUBMIT' is clicked on

2017-11-18 01:06:26 - [MESSAGE][PASSED] - Delayed 5 second(s)

2017-11-18 01:06:29 - [MESSAGE][PASSED] - Text 'This proposal clinic meeting has been scheduled. You may request to reschedule the meeting by using the Actions' is present on page 

2017-11-18 01:06:29 - [MESSAGE][PASSED] - com.helper.commonfunct.utilities.scheduleMeeting is PASSED

2017-11-18 01:06:29 - [TEST_STEP][PASSED] - waitForPageLoad: Wait for page load successfully

2017-11-18 01:06:29 - [MESSAGE][PASSED] - Wait for page load successfully

2017-11-18 01:06:29 - [TEST_STEP][PASSED] - com.helper.commonfunct.utilities.WOstatus: com.helper.commonfunct.utilities.WOstatus is PASSED

2017-11-18 01:06:29 - [MESSAGE][PASSED] - Text of object 'Object Repository/ECR/WOSTATUS' is: 'Pending-RDApproval'

2017-11-18 01:06:29 - [MESSAGE][PASSED] - com.helper.commonfunct.utilities.WOstatus is PASSED

2017-11-18 01:06:29 - [TEST_STEP][PASSED] - Statement - For ([j = 0, j < AssignmentList.size(), (j++)]): com.helper.commonfunct.utilities.WOstatus is PASSED

2017-11-18 01:06:29 - [TEST_STEP][PASSED] - Statement - Status = text: null

2017-11-18 01:06:29 - [TEST_STEP][PASSED] - Statement - println(Status): null

2017-11-18 01:06:29 - [TEST_STEP][PASSED] - Statement - If (Status == "Pending-RDApproval"): com.helper.commonfunct.utilities.WOstatus is PASSED

2017-11-18 01:06:29 - [TEST_STEP][PASSED] - Statement - If (RDReject == false): com.helper.commonfunct.utilities.WOstatus is PASSED

2017-11-18 01:06:29 - [TEST_STEP][PASSED] - Statement - If (Meeting == true): null

2017-11-18 01:06:29 - [TEST_STEP][PASSED] - Statement - Else: com.helper.commonfunct.utilities.WOstatus is PASSED

2017-11-18 01:06:29 - [TEST_STEP][PASSED] - com.helper.commonfunct.utilities.login: com.helper.commonfunct.utilities.login is PASSED

2017-11-18 01:06:29 - [MESSAGE][WARNING] - A browser is already opened. Closing browser and opening a new one

2017-11-18 01:06:32 - [MESSAGE][PASSED] - Browser is opened with url: ''

2017-11-18 01:06:32 - [MESSAGE][PASSED] - Navigate to 'https://vtcpqa2.rpega.com:9030/tcpqa/PRServlet' successfully

2017-11-18 01:06:33 - [MESSAGE][PASSED] - Text 'langr1@pegasystems.com' is set on object 'Object Repository/input_UserIdentifier'

2017-11-18 01:06:33 - [MESSAGE][PASSED] - Text 'install' is set on object 'Object Repository/input_Password'

2017-11-18 01:06:36 - [MESSAGE][PASSED] - Keys 'ENTER + ' sent to object: 'Object Repository/input_Password'

2017-11-18 01:06:36 - [MESSAGE][PASSED] - com.helper.commonfunct.utilities.login is PASSED

2017-11-18 01:06:36 - [TEST_STEP][PASSED] - com.helper.commonfunct.utilities.search: com.helper.commonfunct.utilities.search is PASSED

2017-11-18 01:06:38 - [MESSAGE][PASSED] - Current window maximized

2017-11-18 01:06:43 - [MESSAGE][PASSED] - Delayed 5 second(s)

2017-11-18 01:06:43 - [MESSAGE][PASSED] - Text 'ECR-18Nov2017-6' is set on object 'Object Repository/EngInfo/search'

2017-11-18 01:06:48 - [MESSAGE][PASSED] - Delayed 5 second(s)

2017-11-18 01:06:48 - [MESSAGE][PASSED] - Keys 'ENTER + ' sent to object: 'Object Repository/EngInfo/search'

2017-11-18 01:06:53 - [MESSAGE][PASSED] - Delayed 5 second(s)

2017-11-18 01:06:53 - [MESSAGE][PASSED] - com.helper.commonfunct.utilities.search is PASSED

2017-11-18 01:06:53 - [TEST_STEP][PASSED] - com.helper.commonfunct.utilities.approve: com.helper.commonfunct.utilities.approve is PASSED

2017-11-18 01:06:58 - [MESSAGE][PASSED] - Delayed 5 second(s)

2017-11-18 01:06:58 - [MESSAGE][WARNING] - Timeout '0' is invalid. Using default page load timeout: '30'

2017-11-18 01:07:00 - [MESSAGE][PASSED] - Object: 'Object Repository/Approve-Reject/link_assignment' is clicked on

2017-11-18 01:07:05 - [MESSAGE][PASSED] - Delayed 5 second(s)

2017-11-18 01:07:05 - [MESSAGE][WARNING] - Timeout '0' is invalid. Using default page load timeout: '30'

2017-11-18 01:07:05 - [MESSAGE][PASSED] - Scroll to object 'Object Repository/Approve-Reject/APPROVE_BUTTON' successfully

2017-11-18 01:07:05 - [MESSAGE][PASSED] - Object: 'Object Repository/Approve-Reject/APPROVE_BUTTON' is clicked on

2017-11-18 01:07:10 - [MESSAGE][PASSED] - Delayed 5 second(s)

2017-11-18 01:07:10 - [MESSAGE][PASSED] - Keys 'testing' sent to object: 'Object Repository/Approve-Reject/APPROVE_REJECT_NOTES'

2017-11-18 01:07:15 - [MESSAGE][PASSED] - Delayed 5 second(s)

2017-11-18 01:07:15 - [MESSAGE][WARNING] - Timeout '0' is invalid. Using default page load timeout: '30'

2017-11-18 01:07:15 - [MESSAGE][PASSED] - Scroll to object 'Object Repository/Generic/SUBMIT' successfully

2017-11-18 01:07:15 - [MESSAGE][PASSED] - Object: 'Object Repository/Generic/SUBMIT' is clicked on

2017-11-18 01:07:20 - [MESSAGE][PASSED] - Delayed 5 second(s)

2017-11-18 01:07:20 - [MESSAGE][PASSED] - com.helper.commonfunct.utilities.approve is PASSED

2017-11-18 01:07:20 - [TEST_STEP][PASSED] - com.helper.commonfunct.utilities.WOstatus: com.helper.commonfunct.utilities.WOstatus is PASSED

2017-11-18 01:07:24 - [MESSAGE][PASSED] - Text of object 'Object Repository/ECR/WOSTATUS' is: 'Pending-Approval'

2017-11-18 01:07:24 - [MESSAGE][PASSED] - com.helper.commonfunct.utilities.WOstatus is PASSED

2017-11-18 01:07:24 - [TEST_STEP][PASSED] - Statement - Status = text: null

2017-11-18 01:07:24 - [TEST_STEP][PASSED] - Statement - println(Status): null

2017-11-18 01:07:24 - [TEST_STEP][PASSED] - Statement - If (Status == "Pending-RDApproval"): null

2017-11-18 01:07:24 - [TEST_STEP][PASSED] - Statement - Else If (Status == "Pending-RLApproval"): null

2017-11-18 01:07:24 - [TEST_STEP][PASSED] - Statement - Else If (Status == "Pending-RDDApproval"): null

2017-11-18 01:07:24 - [TEST_STEP][PASSED] - Statement - Else If (Status == "Pending-OPSApproval"): com.helper.commonfunct.utilities.WOstatus is PASSED

2017-11-18 01:07:24 - [TEST_STEP][PASSED] - Statement - If (OpsReject == false): null

2017-11-18 01:07:24 - [TEST_STEP][PASSED] - Statement - Else: com.helper.commonfunct.utilities.WOstatus is PASSED

2017-11-18 01:07:24 - [TEST_STEP][PASSED] - com.helper.commonfunct.utilities.login: com.helper.commonfunct.utilities.login is PASSED

2017-11-18 01:07:24 - [MESSAGE][WARNING] - A browser is already opened. Closing browser and opening a new one

2017-11-18 01:07:27 - [MESSAGE][PASSED] - Browser is opened with url: ''

2017-11-18 01:07:28 - [MESSAGE][PASSED] - Navigate to 'https://vtcpqa2.rpega.com:9030/tcpqa/PRServlet' successfully

2017-11-18 01:07:28 - [MESSAGE][PASSED] - Text 'pogoa@pegasystems.com' is set on object 'Object Repository/input_UserIdentifier'

2017-11-18 01:07:29 - [MESSAGE][PASSED] - Text 'install' is set on object 'Object Repository/input_Password'

2017-11-18 01:07:33 - [MESSAGE][PASSED] - Keys 'ENTER + ' sent to object: 'Object Repository/input_Password'

2017-11-18 01:07:33 - [MESSAGE][PASSED] - com.helper.commonfunct.utilities.login is PASSED

2017-11-18 01:07:33 - [TEST_STEP][PASSED] - com.helper.commonfunct.utilities.search: com.helper.commonfunct.utilities.search is PASSED

2017-11-18 01:07:34 - [MESSAGE][PASSED] - Current window maximized

2017-11-18 01:07:39 - [MESSAGE][PASSED] - Delayed 5 second(s)

2017-11-18 01:07:39 - [MESSAGE][PASSED] - Text 'ECR-18Nov2017-6' is set on object 'Object Repository/EngInfo/search'

2017-11-18 01:07:44 - [MESSAGE][PASSED] - Delayed 5 second(s)

2017-11-18 01:07:45 - [MESSAGE][PASSED] - Keys 'ENTER + ' sent to object: 'Object Repository/EngInfo/search'

2017-11-18 01:07:50 - [MESSAGE][PASSED] - Delayed 5 second(s)

2017-11-18 01:07:50 - [MESSAGE][PASSED] - com.helper.commonfunct.utilities.search is PASSED

2017-11-18 01:07:50 - [TEST_STEP][PASSED] - maximizeWindow: Current window maximized

2017-11-18 01:07:50 - [MESSAGE][PASSED] - Current window maximized

2017-11-18 01:07:50 - [TEST_STEP][PASSED] - com.helper.commonfunct.utilities.gsopsReject: com.helper.commonfunct.utilities.gsopsReject is PASSED

2017-11-18 01:07:55 - [MESSAGE][PASSED] - Delayed 5 second(s)

2017-11-18 01:07:55 - [MESSAGE][WARNING] - Timeout '0' is invalid. Using default page load timeout: '30'

2017-11-18 01:07:56 - [MESSAGE][WARNING] - Timeout '0' is invalid. Using default page load timeout: '30'

2017-11-18 01:07:56 - [MESSAGE][PASSED] - Scroll to object 'Object Repository/Approve-Reject/ReturnToRequestor' successfully

2017-11-18 01:07:57 - [MESSAGE][PASSED] - Object: 'Object Repository/Approve-Reject/ReturnToRequestor' is clicked on

2017-11-18 01:08:02 - [MESSAGE][PASSED] - Delayed 5 second(s)

2017-11-18 01:08:02 - [MESSAGE][PASSED] - Keys 'testing' sent to object: 'Object Repository/Approve-Reject/APPROVE_REJECT_NOTES'

2017-11-18 01:08:07 - [MESSAGE][PASSED] - Delayed 5 second(s)

2017-11-18 01:08:07 - [MESSAGE][WARNING] - Timeout '0' is invalid. Using default page load timeout: '30'

2017-11-18 01:08:07 - [MESSAGE][PASSED] - Scroll to object 'Object Repository/Generic/SUBMIT' successfully

2017-11-18 01:08:07 - [MESSAGE][PASSED] - Object: 'Object Repository/Generic/SUBMIT' is clicked on

2017-11-18 01:08:12 - [MESSAGE][PASSED] - Delayed 5 second(s)

2017-11-18 01:08:12 - [MESSAGE][PASSED] - Object: 'Object Repository/Generic/CLOSE_WORK_OBJECT' is clicked on

2017-11-18 01:08:17 - [MESSAGE][PASSED] - Delayed 5 second(s)

2017-11-18 01:08:17 - [MESSAGE][PASSED] - Current window maximized

2017-11-18 01:08:22 - [MESSAGE][PASSED] - Delayed 5 second(s)

2017-11-18 01:08:23 - [MESSAGE][PASSED] - Text 'ECR-18Nov2017-6' is set on object 'Object Repository/EngInfo/search'

2017-11-18 01:08:28 - [MESSAGE][PASSED] - Delayed 5 second(s)

2017-11-18 01:08:28 - [MESSAGE][PASSED] - Keys 'ENTER + ' sent to object: 'Object Repository/EngInfo/search'

2017-11-18 01:08:33 - [MESSAGE][PASSED] - Delayed 5 second(s)

2017-11-18 01:08:33 - [MESSAGE][WARNING] - Timeout '0' is invalid. Using default page load timeout: '30'

2017-11-18 01:08:38 - [MESSAGE][PASSED] - Delayed 5 second(s)

2017-11-18 01:08:38 - [MESSAGE][PASSED] - Text of object 'Object Repository/ECR/WOSTATUS' is: 'Pending-DocUpdate'

2017-11-18 01:08:38 - [MESSAGE][PASSED] - com.helper.commonfunct.utilities.gsopsReject is PASSED

2017-11-18 01:08:38 - [TEST_STEP][PASSED] - Statement - OpsReject = false: null

2017-11-18 01:08:38 - [TEST_STEP][PASSED] - com.helper.commonfunct.utilities.WOstatus: com.helper.commonfunct.utilities.WOstatus is PASSED

2017-11-18 01:08:38 - [MESSAGE][PASSED] - Text of object 'Object Repository/ECR/WOSTATUS' is: 'Pending-DocUpdate'

2017-11-18 01:08:38 - [MESSAGE][PASSED] - com.helper.commonfunct.utilities.WOstatus is PASSED

2017-11-18 01:08:38 - [TEST_STEP][FAILED] - Statement - For ([j = 0, j < AssignmentList.size(), (j++)]): Unable to click on object 'Object Repository/Approve-Reject/attachdoc' (Root cause: com.kms.katalon.core.webui.exception.WebElementNotFoundException: Web element with id: 'Object Repository/Approve-Reject/attachdoc' located by 'By.xpath: //nobr//a[contains(.,'Attach Documents')]' not found)

2017-11-18 01:08:38 - [TEST_STEP][PASSED] - Statement - Status = text: null

2017-11-18 01:08:38 - [TEST_STEP][PASSED] - Statement - println(Status): null

2017-11-18 01:08:38 - [TEST_STEP][PASSED] - Statement - If (Status == "Pending-RDApproval"): null

2017-11-18 01:08:38 - [TEST_STEP][PASSED] - Statement - Else If (Status == "Pending-RLApproval"): null

2017-11-18 01:08:38 - [TEST_STEP][PASSED] - Statement - Else If (Status == "Pending-RDDApproval"): null

2017-11-18 01:08:38 - [TEST_STEP][PASSED] - Statement - Else If (Status == "Pending-OPSApproval"): null

2017-11-18 01:08:38 - [TEST_STEP][PASSED] - Statement - Else If (Status == "Pending-ExpSvcApproval"): null

2017-11-18 01:08:38 - [TEST_STEP][FAILED] - Statement - Else If (Status == "Pending-DocUpdate"): Unable to click on object 'Object Repository/Approve-Reject/attachdoc' (Root cause: com.kms.katalon.core.webui.exception.WebElementNotFoundException: Web element with id: 'Object Repository/Approve-Reject/attachdoc' located by 'By.xpath: //nobr//a[contains(.,'Attach Documents')]' not found)

2017-11-18 01:08:38 - [TEST_STEP][PASSED] - Statement - If (Meeting == false): null

2017-11-18 01:08:38 - [TEST_STEP][FAILED] - Statement - Else: Unable to click on object 'Object Repository/Approve-Reject/attachdoc' (Root cause: com.kms.katalon.core.webui.exception.WebElementNotFoundException: Web element with id: 'Object Repository/Approve-Reject/attachdoc' located by 'By.xpath: //nobr//a[contains(.,'Attach Documents')]' not found)

2017-11-18 01:08:38 - [TEST_STEP][PASSED] - com.helper.commonfunct.utilities.login: com.helper.commonfunct.utilities.login is PASSED

2017-11-18 01:08:38 - [MESSAGE][WARNING] - A browser is already opened. Closing browser and opening a new one

2017-11-18 01:08:41 - [MESSAGE][PASSED] - Browser is opened with url: ''

2017-11-18 01:08:41 - [MESSAGE][PASSED] - Navigate to 'https://vtcpqa2.rpega.com:9030/tcpqa/PRServlet' successfully

2017-11-18 01:08:42 - [MESSAGE][PASSED] - Text 'pogoa@pegasystems.com' is set on object 'Object Repository/input_UserIdentifier'

2017-11-18 01:08:42 - [MESSAGE][PASSED] - Text 'install' is set on object 'Object Repository/input_Password'

2017-11-18 01:08:46 - [MESSAGE][PASSED] - Keys 'ENTER + ' sent to object: 'Object Repository/input_Password'

2017-11-18 01:08:46 - [MESSAGE][PASSED] - com.helper.commonfunct.utilities.login is PASSED

2017-11-18 01:08:46 - [TEST_STEP][PASSED] - com.helper.commonfunct.utilities.search: com.helper.commonfunct.utilities.search is PASSED

2017-11-18 01:08:47 - [MESSAGE][PASSED] - Current window maximized

2017-11-18 01:08:52 - [MESSAGE][PASSED] - Delayed 5 second(s)

2017-11-18 01:08:52 - [MESSAGE][PASSED] - Text 'ECR-18Nov2017-6' is set on object 'Object Repository/EngInfo/search'

2017-11-18 01:08:57 - [MESSAGE][PASSED] - Delayed 5 second(s)

2017-11-18 01:08:57 - [MESSAGE][PASSED] - Keys 'ENTER + ' sent to object: 'Object Repository/EngInfo/search'

2017-11-18 01:09:02 - [MESSAGE][PASSED] - Delayed 5 second(s)

2017-11-18 01:09:02 - [MESSAGE][PASSED] - com.helper.commonfunct.utilities.search is PASSED

2017-11-18 01:09:02 - [TEST_STEP][PASSED] - maximizeWindow: Current window maximized

2017-11-18 01:09:02 - [MESSAGE][PASSED] - Current window maximized

2017-11-18 01:09:02 - [TEST_STEP][PASSED] - com.helper.commonfunct.utilities.docUpdateMeeting: com.helper.commonfunct.utilities.docUpdateMeeting is PASSED

2017-11-18 01:09:02 - [MESSAGE][WARNING] - Timeout '0' is invalid. Using default page load timeout: '30'

2017-11-18 01:09:07 - [MESSAGE][PASSED] - Delayed 5 second(s)

2017-11-18 01:09:09 - [MESSAGE][PASSED] - Object: 'Object Repository/Approve-Reject/linktoupdateEngData' is clicked on

2017-11-18 01:09:09 - [MESSAGE][PASSED] - Wait for page load successfully

2017-11-18 01:09:14 - [MESSAGE][PASSED] - Delayed 5 second(s)

2017-11-18 01:09:14 - [MESSAGE][WARNING] - Timeout '0' is invalid. Using default page load timeout: '30'

2017-11-18 01:09:14 - [MESSAGE][PASSED] - Scroll to object 'Object Repository/NEXT_BUTTON' successfully

2017-11-18 01:09:14 - [MESSAGE][PASSED] - Object: 'Object Repository/NEXT_BUTTON' is clicked on

2017-11-18 01:09:14 - [MESSAGE][PASSED] - Wait for page load successfully

2017-11-18 01:09:19 - [MESSAGE][PASSED] - Delayed 5 second(s)

2017-11-18 01:09:19 - [MESSAGE][WARNING] - Timeout '0' is invalid. Using default page load timeout: '30'

2017-11-18 01:09:19 - [MESSAGE][PASSED] - Scroll to object 'Object Repository/NEXT_BUTTON' successfully

2017-11-18 01:09:19 - [MESSAGE][PASSED] - Object: 'Object Repository/NEXT_BUTTON' is clicked on

2017-11-18 01:09:24 - [MESSAGE][PASSED] - Delayed 5 second(s)

2017-11-18 01:09:24 - [MESSAGE][WARNING] - Timeout '0' is invalid. Using default page load timeout: '30'

2017-11-18 01:09:24 - [MESSAGE][PASSED] - Scroll to object 'Object Repository/NEXT_BUTTON' successfully

2017-11-18 01:09:25 - [MESSAGE][PASSED] - Object: 'Object Repository/NEXT_BUTTON' is clicked on

2017-11-18 01:09:30 - [MESSAGE][PASSED] - Delayed 5 second(s)

2017-11-18 01:09:30 - [MESSAGE][PASSED] - Wait for page load successfully

2017-11-18 01:09:30 - [MESSAGE][WARNING] - Timeout '0' is invalid. Using default page load timeout: '30'

2017-11-18 01:09:30 - [MESSAGE][PASSED] - Scroll to object 'Object Repository/Generic/FINISH_BUTTON' successfully

2017-11-18 01:09:30 - [MESSAGE][PASSED] - Object: 'Object Repository/Generic/FINISH_BUTTON' is clicked on

2017-11-18 01:09:35 - [MESSAGE][PASSED] - Delayed 5 second(s)

2017-11-18 01:09:35 - [MESSAGE][PASSED] - Object: 'Object Repository/EngInfo/Continue' is clicked on

2017-11-18 01:09:40 - [MESSAGE][PASSED] - Delayed 5 second(s)

2017-11-18 01:09:45 - [MESSAGE][PASSED] - Delayed 5 second(s)

2017-11-18 01:09:50 - [MESSAGE][PASSED] - Delayed 5 second(s)

2017-11-18 01:09:50 - [MESSAGE][PASSED] - Wait for page load successfully

2017-11-18 01:09:50 - [MESSAGE][PASSED] - com.helper.commonfunct.utilities.docUpdateMeeting is PASSED

2017-11-18 01:09:50 - [TEST_STEP][FAILED] - com.helper.commonfunct.utilities.attachDocs: Unable to click on object 'Object Repository/Approve-Reject/attachdoc' (Root cause: com.kms.katalon.core.webui.exception.WebElementNotFoundException: Web element with id: 'Object Repository/Approve-Reject/attachdoc' located by 'By.xpath: //nobr//a[contains(.,'Attach Documents')]' not found)

2017-11-18 01:09:55 - [MESSAGE][PASSED] - Delayed 5 second(s)

2017-11-18 01:10:27 - [MESSAGE][FAILED] - Unable to click on object 'Object Repository/Approve-Reject/attachdoc' (Root cause: com.kms.katalon.core.webui.exception.WebElementNotFoundException: Web element with id: 'Object Repository/Approve-Reject/attachdoc' located by 'By.xpath: //nobr//a[contains(.,'Attach Documents')]' not found)
[[ATTACHMENT|C:\\Users\\nipin\\Katalon Studio\\COE\\Reports\\ECR_Approval_Reject_Recall\\20171118_002743\\1510985426911.png]]

2017-11-18 01:10:27 - [MESSAGE][FAILED] - Unable to click on object 'Object Repository/Approve-Reject/attachdoc' (Root cause: com.kms.katalon.core.webui.exception.WebElementNotFoundException: Web element with id: 'Object Repository/Approve-Reject/attachdoc' located by 'By.xpath: //nobr//a[contains(.,'Attach Documents')]' not found)

2017-11-18 01:10:27 - [MESSAGE][FAILED] - Unable to call Test Case with id 'Test Cases/ECR/REF/ECR_Approval_Reject' (Root cause: Call Test Case 'Test Cases/ECR/REF/ECR_Approval_Reject' failed)]]></system-out>
         <system-err><![CDATA[2017-11-18 00:58:39 - [TEST_CASE][FAILED] - Test Cases/ECR/TC_ECR_Meeting_NoExpertService_AllReject: Test Cases/ECR/TC_ECR_Meeting_NoExpertService_AllReject FAILED because (of) Unable to click on object 'Object Repository/Approve-Reject/attachdoc' (Root cause: com.kms.katalon.core.webui.exception.WebElementNotFoundException: Web element with id: 'Object Repository/Approve-Reject/attachdoc' located by 'By.xpath: //nobr//a[contains(.,'Attach Documents')]' not found)]]></system-err>
      </testcase>
      <testcase name="Test Cases/ECR/TC_ECR_NoMeeting_NoRoutingToRL_AllApproval" classname="Test Cases/ECR/TC_ECR_NoMeeting_NoRoutingToRL_AllApproval" status="ERROR">
         <error type="ERROR" message="Test Cases/ECR/TC_ECR_NoMeeting_NoRoutingToRL_AllApproval FAILED because (of) org.codehaus.groovy.runtime.InvokerInvocationException: groovy.lang.MissingMethodException: No signature of method: com.helper.commonfunct.utilities.staleElement() is applicable for argument types: (java.lang.String, java.lang.String) values: [Object Repository/Generic/PlatformID, AMPchroma]
Possible solutions: staleElement(com.kms.katalon.core.testobject.TestObject, java.lang.String)"/>
         <system-out><![CDATA[2017-11-18 01:10:27 - [TEST_CASE][ERROR] - Test Cases/ECR/TC_ECR_NoMeeting_NoRoutingToRL_AllApproval: Test Cases/ECR/TC_ECR_NoMeeting_NoRoutingToRL_AllApproval FAILED because (of) org.codehaus.groovy.runtime.InvokerInvocationException: groovy.lang.MissingMethodException: No signature of method: com.helper.commonfunct.utilities.staleElement() is applicable for argument types: (java.lang.String, java.lang.String) values: [Object Repository/Generic/PlatformID, AMPchroma]
Possible solutions: staleElement(com.kms.katalon.core.testobject.TestObject, java.lang.String)

2017-11-18 01:10:27 - [TEST_STEP][FAILED] - callTestCase: Unable to call Test Case with id 'Test Cases/ECR/REF/ECR_Lite_NoExpertService' (Root cause: Call Test Case 'Test Cases/ECR/REF/ECR_Lite_NoExpertService' failed because of error(s))

2017-11-18 01:10:27 - [TEST_CASE][ERROR] - Test Cases/ECR/REF/ECR_Lite_NoExpertService: Test Cases/ECR/REF/ECR_Lite_NoExpertService FAILED because (of) org.codehaus.groovy.runtime.InvokerInvocationException: groovy.lang.MissingMethodException: No signature of method: com.helper.commonfunct.utilities.staleElement() is applicable for argument types: (java.lang.String, java.lang.String) values: [Object Repository/Generic/PlatformID, AMPchroma]
Possible solutions: staleElement(com.kms.katalon.core.testobject.TestObject, java.lang.String)

2017-11-18 01:10:27 - [TEST_STEP][PASSED] - com.helper.commonfunct.utilities.login: com.helper.commonfunct.utilities.login is PASSED

2017-11-18 01:10:27 - [MESSAGE][WARNING] - A browser is already opened. Closing browser and opening a new one

2017-11-18 01:10:30 - [MESSAGE][PASSED] - Browser is opened with url: ''

2017-11-18 01:10:32 - [MESSAGE][PASSED] - Navigate to 'https://vtcpqa2.rpega.com:9030/tcpqa/PRServlet' successfully

2017-11-18 01:10:32 - [MESSAGE][PASSED] - Text 'pogoa@pegasystems.com' is set on object 'Object Repository/input_UserIdentifier'

2017-11-18 01:10:32 - [MESSAGE][PASSED] - Text 'install' is set on object 'Object Repository/input_Password'

2017-11-18 01:10:37 - [MESSAGE][PASSED] - Keys 'ENTER + ' sent to object: 'Object Repository/input_Password'

2017-11-18 01:10:37 - [MESSAGE][PASSED] - com.helper.commonfunct.utilities.login is PASSED

2017-11-18 01:10:37 - [TEST_STEP][ERROR] - com.helper.commonfunct.utilities.createECR: groovy.lang.MissingMethodException: No signature of method: com.helper.commonfunct.utilities.staleElement() is applicable for argument types: (java.lang.String, java.lang.String) values: [Object Repository/Generic/PlatformID, AMPchroma]
Possible solutions: staleElement(com.kms.katalon.core.testobject.TestObject, java.lang.String)

2017-11-18 01:10:38 - [MESSAGE][PASSED] - Object: 'Object Repository/Generic/a_Actions' is clicked on

2017-11-18 01:10:40 - [MESSAGE][PASSED] - Object: 'Object Repository/span_New' is focused

2017-11-18 01:10:41 - [MESSAGE][PASSED] - Object: 'Object Repository/span_Bid Process' is clicked on

2017-11-18 01:10:41 - [MESSAGE][PASSED] - Object: 'Object Repository/ECR/BID_TYPE' is clicked on

2017-11-18 01:10:41 - [MESSAGE][PASSED] - Object 'Object Repository/button_Import' is present

2017-11-18 01:10:46 - [MESSAGE][PASSED] - Delayed 5 second(s)

2017-11-18 01:10:47 - [MESSAGE][PASSED] - Object: 'Object Repository/button_Import' is clicked on

2017-11-18 01:10:47 - [MESSAGE][PASSED] - File 'C:\Users\nipin\Desktop\Latest BSW\Final\ECR_LITE_EXPSVC.xlsm' sent to object: 'Object Repository/input_PpyWorkPageppyFilePath'

2017-11-18 01:10:52 - [MESSAGE][PASSED] - Delayed 5 second(s)

2017-11-18 01:10:52 - [MESSAGE][WARNING] - Timeout '0' is invalid. Using default page load timeout: '30'

2017-11-18 01:10:52 - [MESSAGE][PASSED] - Scroll to object 'Object Repository/button_Submit' successfully

2017-11-18 01:10:53 - [MESSAGE][PASSED] - Object: 'Object Repository/button_Submit' is clicked on

2017-11-18 01:10:53 - [MESSAGE][PASSED] - Object 'Object Repository/EngInfo/COID' is visible

2017-11-18 01:10:58 - [MESSAGE][PASSED] - Delayed 5 second(s)

2017-11-18 01:11:03 - [MESSAGE][PASSED] - Delayed 5 second(s)

2017-11-18 01:11:04 - [MESSAGE][PASSED] - Text 'BOFA' is set on object 'Object Repository/Generic/ORG'

2017-11-18 01:11:09 - [MESSAGE][PASSED] - Delayed 5 second(s)

2017-11-18 01:11:09 - [MESSAGE][PASSED] - Keys 'TAB + ' sent to object: 'Object Repository/Generic/ORG'

2017-11-18 01:11:14 - [MESSAGE][PASSED] - Delayed 5 second(s)

2017-11-18 01:11:14 - [MESSAGE][PASSED] - Text 'BOFA' is set on object 'Object Repository/Generic/ACC'

2017-11-18 01:11:19 - [MESSAGE][PASSED] - Delayed 5 second(s)

2017-11-18 01:11:19 - [MESSAGE][PASSED] - Keys 'TAB + ' sent to object: 'Object Repository/Generic/ACC'

2017-11-18 01:11:24 - [MESSAGE][PASSED] - Delayed 5 second(s)

2017-11-18 01:11:24 - [MESSAGE][PASSED] - Text 'AUTOTEST1' is set on object 'Object Repository/Generic/ENG_DESC'

2017-11-18 01:11:29 - [MESSAGE][PASSED] - Delayed 5 second(s)

2017-11-18 01:11:29 - [MESSAGE][WARNING] - Timeout '0' is invalid. Using default page load timeout: '30'

2017-11-18 01:11:29 - [MESSAGE][PASSED] - Scroll to object 'Object Repository/Generic/SUBMIT' successfully

2017-11-18 01:11:29 - [MESSAGE][PASSED] - Object: 'Object Repository/Generic/SUBMIT' is clicked on

2017-11-18 01:11:34 - [MESSAGE][PASSED] - Delayed 5 second(s)

2017-11-18 01:11:35 - [MESSAGE][PASSED] - Text 'CO-12' is set on object 'Object Repository/EngInfo/COID'

2017-11-18 01:11:42 - [MESSAGE][PASSED] - Delayed 7 second(s)

2017-11-18 01:11:42 - [MESSAGE][PASSED] - Wait for page load successfully

2017-11-18 01:11:42 - [MESSAGE][PASSED] - Object: 'Object Repository/Generic/gapDrivenMethodology' is clicked on

2017-11-18 01:11:47 - [MESSAGE][PASSED] - Delayed 5 second(s)

2017-11-18 01:11:47 - [MESSAGE][PASSED] - Object: 'Object Repository/Generic/RapidDelivery' is clicked on

2017-11-18 01:11:52 - [MESSAGE][PASSED] - Delayed 5 second(s)

2017-11-18 01:11:52 - [MESSAGE][PASSED] - Object: 'Object Repository/Generic/MorethanOneRLS' is clicked on

2017-11-18 01:11:57 - [MESSAGE][PASSED] - Delayed 5 second(s)

2017-11-18 01:11:58 - [MESSAGE][PASSED] - Text '85000' is set on object 'Object Repository/ECR/Licence'

2017-11-18 01:12:03 - [MESSAGE][PASSED] - Delayed 5 second(s)

2017-11-18 01:12:03 - [MESSAGE][PASSED] - Object 'Object Repository/Generic/platform' is visible

2017-11-18 01:12:08 - [MESSAGE][PASSED] - Delayed 5 second(s)

2017-11-18 01:12:08 - [MESSAGE][ERROR] - groovy.lang.MissingMethodException: No signature of method: com.helper.commonfunct.utilities.staleElement() is applicable for argument types: (java.lang.String, java.lang.String) values: [Object Repository/Generic/PlatformID, AMPchroma]
Possible solutions: staleElement(com.kms.katalon.core.testobject.TestObject, java.lang.String)

2017-11-18 01:12:08 - [MESSAGE][FAILED] - Unable to call Test Case with id 'Test Cases/ECR/REF/ECR_Lite_NoExpertService' (Root cause: Call Test Case 'Test Cases/ECR/REF/ECR_Lite_NoExpertService' failed because of error(s))]]></system-out>
         <system-err><![CDATA[2017-11-18 01:10:27 - [TEST_CASE][ERROR] - Test Cases/ECR/TC_ECR_NoMeeting_NoRoutingToRL_AllApproval: Test Cases/ECR/TC_ECR_NoMeeting_NoRoutingToRL_AllApproval FAILED because (of) org.codehaus.groovy.runtime.InvokerInvocationException: groovy.lang.MissingMethodException: No signature of method: com.helper.commonfunct.utilities.staleElement() is applicable for argument types: (java.lang.String, java.lang.String) values: [Object Repository/Generic/PlatformID, AMPchroma]
Possible solutions: staleElement(com.kms.katalon.core.testobject.TestObject, java.lang.String)]]></system-err>
      </testcase>
      <testcase name="Test Cases/ECR/TC_ECRLite_NoExpertService_AllReject" classname="Test Cases/ECR/TC_ECRLite_NoExpertService_AllReject" status="ERROR">
         <error type="ERROR" message="Test Cases/ECR/TC_ECRLite_NoExpertService_AllReject FAILED because (of) org.codehaus.groovy.runtime.InvokerInvocationException: groovy.lang.MissingMethodException: No signature of method: com.helper.commonfunct.utilities.staleElement() is applicable for argument types: (java.lang.String, java.lang.String) values: [Object Repository/Generic/PlatformID, AMPchroma]
Possible solutions: staleElement(com.kms.katalon.core.testobject.TestObject, java.lang.String)"/>
         <system-out><![CDATA[2017-11-18 01:12:08 - [TEST_CASE][ERROR] - Test Cases/ECR/TC_ECRLite_NoExpertService_AllReject: Test Cases/ECR/TC_ECRLite_NoExpertService_AllReject FAILED because (of) org.codehaus.groovy.runtime.InvokerInvocationException: groovy.lang.MissingMethodException: No signature of method: com.helper.commonfunct.utilities.staleElement() is applicable for argument types: (java.lang.String, java.lang.String) values: [Object Repository/Generic/PlatformID, AMPchroma]
Possible solutions: staleElement(com.kms.katalon.core.testobject.TestObject, java.lang.String)

2017-11-18 01:12:08 - [TEST_STEP][FAILED] - callTestCase: Unable to call Test Case with id 'Test Cases/ECR/REF/ECR_Lite_NoExpertService' (Root cause: Call Test Case 'Test Cases/ECR/REF/ECR_Lite_NoExpertService' failed because of error(s))

2017-11-18 01:12:08 - [TEST_CASE][ERROR] - Test Cases/ECR/REF/ECR_Lite_NoExpertService: Test Cases/ECR/REF/ECR_Lite_NoExpertService FAILED because (of) org.codehaus.groovy.runtime.InvokerInvocationException: groovy.lang.MissingMethodException: No signature of method: com.helper.commonfunct.utilities.staleElement() is applicable for argument types: (java.lang.String, java.lang.String) values: [Object Repository/Generic/PlatformID, AMPchroma]
Possible solutions: staleElement(com.kms.katalon.core.testobject.TestObject, java.lang.String)

2017-11-18 01:12:08 - [TEST_STEP][PASSED] - com.helper.commonfunct.utilities.login: com.helper.commonfunct.utilities.login is PASSED

2017-11-18 01:12:08 - [MESSAGE][WARNING] - A browser is already opened. Closing browser and opening a new one

2017-11-18 01:12:11 - [MESSAGE][PASSED] - Browser is opened with url: ''

2017-11-18 01:12:12 - [MESSAGE][PASSED] - Navigate to 'https://vtcpqa2.rpega.com:9030/tcpqa/PRServlet' successfully

2017-11-18 01:12:12 - [MESSAGE][PASSED] - Text 'pogoa@pegasystems.com' is set on object 'Object Repository/input_UserIdentifier'

2017-11-18 01:12:12 - [MESSAGE][PASSED] - Text 'install' is set on object 'Object Repository/input_Password'

2017-11-18 01:12:16 - [MESSAGE][PASSED] - Keys 'ENTER + ' sent to object: 'Object Repository/input_Password'

2017-11-18 01:12:16 - [MESSAGE][PASSED] - com.helper.commonfunct.utilities.login is PASSED

2017-11-18 01:12:16 - [TEST_STEP][ERROR] - com.helper.commonfunct.utilities.createECR: groovy.lang.MissingMethodException: No signature of method: com.helper.commonfunct.utilities.staleElement() is applicable for argument types: (java.lang.String, java.lang.String) values: [Object Repository/Generic/PlatformID, AMPchroma]
Possible solutions: staleElement(com.kms.katalon.core.testobject.TestObject, java.lang.String)

2017-11-18 01:12:17 - [MESSAGE][PASSED] - Object: 'Object Repository/Generic/a_Actions' is clicked on

2017-11-18 01:12:19 - [MESSAGE][PASSED] - Object: 'Object Repository/span_New' is focused

2017-11-18 01:12:20 - [MESSAGE][PASSED] - Object: 'Object Repository/span_Bid Process' is clicked on

2017-11-18 01:12:20 - [MESSAGE][PASSED] - Object: 'Object Repository/ECR/BID_TYPE' is clicked on

2017-11-18 01:12:20 - [MESSAGE][PASSED] - Object 'Object Repository/button_Import' is present

2017-11-18 01:12:25 - [MESSAGE][PASSED] - Delayed 5 second(s)

2017-11-18 01:12:25 - [MESSAGE][PASSED] - Object: 'Object Repository/button_Import' is clicked on

2017-11-18 01:12:26 - [MESSAGE][PASSED] - File 'C:\Users\nipin\Desktop\Latest BSW\Final\ECR_LITE_EXPSVC.xlsm' sent to object: 'Object Repository/input_PpyWorkPageppyFilePath'

2017-11-18 01:12:31 - [MESSAGE][PASSED] - Delayed 5 second(s)

2017-11-18 01:12:31 - [MESSAGE][WARNING] - Timeout '0' is invalid. Using default page load timeout: '30'

2017-11-18 01:12:31 - [MESSAGE][PASSED] - Scroll to object 'Object Repository/button_Submit' successfully

2017-11-18 01:12:32 - [MESSAGE][PASSED] - Object: 'Object Repository/button_Submit' is clicked on

2017-11-18 01:12:32 - [MESSAGE][PASSED] - Object 'Object Repository/EngInfo/COID' is visible

2017-11-18 01:12:37 - [MESSAGE][PASSED] - Delayed 5 second(s)

2017-11-18 01:12:42 - [MESSAGE][PASSED] - Delayed 5 second(s)

2017-11-18 01:12:42 - [MESSAGE][PASSED] - Text 'BOFA' is set on object 'Object Repository/Generic/ORG'

2017-11-18 01:12:47 - [MESSAGE][PASSED] - Delayed 5 second(s)

2017-11-18 01:12:47 - [MESSAGE][PASSED] - Keys 'TAB + ' sent to object: 'Object Repository/Generic/ORG'

2017-11-18 01:12:52 - [MESSAGE][PASSED] - Delayed 5 second(s)

2017-11-18 01:12:52 - [MESSAGE][PASSED] - Text 'BOFA' is set on object 'Object Repository/Generic/ACC'

2017-11-18 01:12:57 - [MESSAGE][PASSED] - Delayed 5 second(s)

2017-11-18 01:12:57 - [MESSAGE][PASSED] - Keys 'TAB + ' sent to object: 'Object Repository/Generic/ACC'

2017-11-18 01:13:02 - [MESSAGE][PASSED] - Delayed 5 second(s)

2017-11-18 01:13:03 - [MESSAGE][PASSED] - Text 'AUTOTEST1' is set on object 'Object Repository/Generic/ENG_DESC'

2017-11-18 01:13:08 - [MESSAGE][PASSED] - Delayed 5 second(s)

2017-11-18 01:13:08 - [MESSAGE][WARNING] - Timeout '0' is invalid. Using default page load timeout: '30'

2017-11-18 01:13:08 - [MESSAGE][PASSED] - Scroll to object 'Object Repository/Generic/SUBMIT' successfully

2017-11-18 01:13:08 - [MESSAGE][PASSED] - Object: 'Object Repository/Generic/SUBMIT' is clicked on

2017-11-18 01:13:13 - [MESSAGE][PASSED] - Delayed 5 second(s)

2017-11-18 01:13:13 - [MESSAGE][PASSED] - Text 'CO-12' is set on object 'Object Repository/EngInfo/COID'

2017-11-18 01:13:20 - [MESSAGE][PASSED] - Delayed 7 second(s)

2017-11-18 01:13:20 - [MESSAGE][PASSED] - Wait for page load successfully

2017-11-18 01:13:20 - [MESSAGE][PASSED] - Object: 'Object Repository/Generic/gapDrivenMethodology' is clicked on

2017-11-18 01:13:25 - [MESSAGE][PASSED] - Delayed 5 second(s)

2017-11-18 01:13:26 - [MESSAGE][PASSED] - Object: 'Object Repository/Generic/RapidDelivery' is clicked on

2017-11-18 01:13:31 - [MESSAGE][PASSED] - Delayed 5 second(s)

2017-11-18 01:13:31 - [MESSAGE][PASSED] - Object: 'Object Repository/Generic/MorethanOneRLS' is clicked on

2017-11-18 01:13:36 - [MESSAGE][PASSED] - Delayed 5 second(s)

2017-11-18 01:13:36 - [MESSAGE][PASSED] - Text '85000' is set on object 'Object Repository/ECR/Licence'

2017-11-18 01:13:41 - [MESSAGE][PASSED] - Delayed 5 second(s)

2017-11-18 01:13:41 - [MESSAGE][PASSED] - Object 'Object Repository/Generic/platform' is visible

2017-11-18 01:13:46 - [MESSAGE][PASSED] - Delayed 5 second(s)

2017-11-18 01:13:46 - [MESSAGE][ERROR] - groovy.lang.MissingMethodException: No signature of method: com.helper.commonfunct.utilities.staleElement() is applicable for argument types: (java.lang.String, java.lang.String) values: [Object Repository/Generic/PlatformID, AMPchroma]
Possible solutions: staleElement(com.kms.katalon.core.testobject.TestObject, java.lang.String)

2017-11-18 01:13:46 - [MESSAGE][FAILED] - Unable to call Test Case with id 'Test Cases/ECR/REF/ECR_Lite_NoExpertService' (Root cause: Call Test Case 'Test Cases/ECR/REF/ECR_Lite_NoExpertService' failed because of error(s))]]></system-out>
         <system-err><![CDATA[2017-11-18 01:12:08 - [TEST_CASE][ERROR] - Test Cases/ECR/TC_ECRLite_NoExpertService_AllReject: Test Cases/ECR/TC_ECRLite_NoExpertService_AllReject FAILED because (of) org.codehaus.groovy.runtime.InvokerInvocationException: groovy.lang.MissingMethodException: No signature of method: com.helper.commonfunct.utilities.staleElement() is applicable for argument types: (java.lang.String, java.lang.String) values: [Object Repository/Generic/PlatformID, AMPchroma]
Possible solutions: staleElement(com.kms.katalon.core.testobject.TestObject, java.lang.String)]]></system-err>
      </testcase>
      <testcase name="Test Cases/ECR/TC_ECRLite_NoExpertService_AllApproval" classname="Test Cases/ECR/TC_ECRLite_NoExpertService_AllApproval" status="ERROR">
         <error type="ERROR" message="Test Cases/ECR/TC_ECRLite_NoExpertService_AllApproval FAILED because (of) org.codehaus.groovy.runtime.InvokerInvocationException: groovy.lang.MissingMethodException: No signature of method: com.helper.commonfunct.utilities.staleElement() is applicable for argument types: (java.lang.String, java.lang.String) values: [Object Repository/Generic/PlatformID, AMPchroma]
Possible solutions: staleElement(com.kms.katalon.core.testobject.TestObject, java.lang.String)"/>
         <system-out><![CDATA[2017-11-18 01:13:46 - [TEST_CASE][ERROR] - Test Cases/ECR/TC_ECRLite_NoExpertService_AllApproval: Test Cases/ECR/TC_ECRLite_NoExpertService_AllApproval FAILED because (of) org.codehaus.groovy.runtime.InvokerInvocationException: groovy.lang.MissingMethodException: No signature of method: com.helper.commonfunct.utilities.staleElement() is applicable for argument types: (java.lang.String, java.lang.String) values: [Object Repository/Generic/PlatformID, AMPchroma]
Possible solutions: staleElement(com.kms.katalon.core.testobject.TestObject, java.lang.String)

2017-11-18 01:13:47 - [TEST_STEP][FAILED] - callTestCase: Unable to call Test Case with id 'Test Cases/ECR/REF/ECR_Lite_NoExpertService' (Root cause: Call Test Case 'Test Cases/ECR/REF/ECR_Lite_NoExpertService' failed because of error(s))

2017-11-18 01:13:47 - [TEST_CASE][ERROR] - Test Cases/ECR/REF/ECR_Lite_NoExpertService: Test Cases/ECR/REF/ECR_Lite_NoExpertService FAILED because (of) org.codehaus.groovy.runtime.InvokerInvocationException: groovy.lang.MissingMethodException: No signature of method: com.helper.commonfunct.utilities.staleElement() is applicable for argument types: (java.lang.String, java.lang.String) values: [Object Repository/Generic/PlatformID, AMPchroma]
Possible solutions: staleElement(com.kms.katalon.core.testobject.TestObject, java.lang.String)

2017-11-18 01:13:47 - [TEST_STEP][PASSED] - com.helper.commonfunct.utilities.login: com.helper.commonfunct.utilities.login is PASSED

2017-11-18 01:13:47 - [MESSAGE][WARNING] - A browser is already opened. Closing browser and opening a new one

2017-11-18 01:13:50 - [MESSAGE][PASSED] - Browser is opened with url: ''

2017-11-18 01:13:50 - [MESSAGE][PASSED] - Navigate to 'https://vtcpqa2.rpega.com:9030/tcpqa/PRServlet' successfully

2017-11-18 01:13:50 - [MESSAGE][PASSED] - Text 'pogoa@pegasystems.com' is set on object 'Object Repository/input_UserIdentifier'

2017-11-18 01:13:51 - [MESSAGE][PASSED] - Text 'install' is set on object 'Object Repository/input_Password'

2017-11-18 01:13:54 - [MESSAGE][PASSED] - Keys 'ENTER + ' sent to object: 'Object Repository/input_Password'

2017-11-18 01:13:54 - [MESSAGE][PASSED] - com.helper.commonfunct.utilities.login is PASSED

2017-11-18 01:13:54 - [TEST_STEP][ERROR] - com.helper.commonfunct.utilities.createECR: groovy.lang.MissingMethodException: No signature of method: com.helper.commonfunct.utilities.staleElement() is applicable for argument types: (java.lang.String, java.lang.String) values: [Object Repository/Generic/PlatformID, AMPchroma]
Possible solutions: staleElement(com.kms.katalon.core.testobject.TestObject, java.lang.String)

2017-11-18 01:13:55 - [MESSAGE][PASSED] - Object: 'Object Repository/Generic/a_Actions' is clicked on

2017-11-18 01:13:57 - [MESSAGE][PASSED] - Object: 'Object Repository/span_New' is focused

2017-11-18 01:13:59 - [MESSAGE][PASSED] - Object: 'Object Repository/span_Bid Process' is clicked on

2017-11-18 01:13:59 - [MESSAGE][PASSED] - Object: 'Object Repository/ECR/BID_TYPE' is clicked on

2017-11-18 01:14:00 - [MESSAGE][PASSED] - Object 'Object Repository/button_Import' is present

2017-11-18 01:14:05 - [MESSAGE][PASSED] - Delayed 5 second(s)

2017-11-18 01:14:05 - [MESSAGE][PASSED] - Object: 'Object Repository/button_Import' is clicked on

2017-11-18 01:14:05 - [MESSAGE][PASSED] - File 'C:\Users\nipin\Desktop\Latest BSW\Final\ECR_LITE_EXPSVC.xlsm' sent to object: 'Object Repository/input_PpyWorkPageppyFilePath'

2017-11-18 01:14:10 - [MESSAGE][PASSED] - Delayed 5 second(s)

2017-11-18 01:14:10 - [MESSAGE][WARNING] - Timeout '0' is invalid. Using default page load timeout: '30'

2017-11-18 01:14:10 - [MESSAGE][PASSED] - Scroll to object 'Object Repository/button_Submit' successfully

2017-11-18 01:14:11 - [MESSAGE][PASSED] - Object: 'Object Repository/button_Submit' is clicked on

2017-11-18 01:14:11 - [MESSAGE][PASSED] - Object 'Object Repository/EngInfo/COID' is visible

2017-11-18 01:14:16 - [MESSAGE][PASSED] - Delayed 5 second(s)

2017-11-18 01:14:21 - [MESSAGE][PASSED] - Delayed 5 second(s)

2017-11-18 01:14:21 - [MESSAGE][PASSED] - Text 'BOFA' is set on object 'Object Repository/Generic/ORG'

2017-11-18 01:14:26 - [MESSAGE][PASSED] - Delayed 5 second(s)

2017-11-18 01:14:27 - [MESSAGE][PASSED] - Keys 'TAB + ' sent to object: 'Object Repository/Generic/ORG'

2017-11-18 01:14:32 - [MESSAGE][PASSED] - Delayed 5 second(s)

2017-11-18 01:14:32 - [MESSAGE][PASSED] - Text 'BOFA' is set on object 'Object Repository/Generic/ACC'

2017-11-18 01:14:37 - [MESSAGE][PASSED] - Delayed 5 second(s)

2017-11-18 01:14:37 - [MESSAGE][PASSED] - Keys 'TAB + ' sent to object: 'Object Repository/Generic/ACC'

2017-11-18 01:14:42 - [MESSAGE][PASSED] - Delayed 5 second(s)

2017-11-18 01:14:42 - [MESSAGE][PASSED] - Text 'AUTOTEST1' is set on object 'Object Repository/Generic/ENG_DESC'

2017-11-18 01:14:47 - [MESSAGE][PASSED] - Delayed 5 second(s)

2017-11-18 01:14:47 - [MESSAGE][WARNING] - Timeout '0' is invalid. Using default page load timeout: '30'

2017-11-18 01:14:47 - [MESSAGE][PASSED] - Scroll to object 'Object Repository/Generic/SUBMIT' successfully

2017-11-18 01:14:47 - [MESSAGE][PASSED] - Object: 'Object Repository/Generic/SUBMIT' is clicked on

2017-11-18 01:14:52 - [MESSAGE][PASSED] - Delayed 5 second(s)

2017-11-18 01:14:53 - [MESSAGE][PASSED] - Text 'CO-12' is set on object 'Object Repository/EngInfo/COID'

2017-11-18 01:15:00 - [MESSAGE][PASSED] - Delayed 7 second(s)

2017-11-18 01:15:00 - [MESSAGE][PASSED] - Wait for page load successfully

2017-11-18 01:15:00 - [MESSAGE][PASSED] - Object: 'Object Repository/Generic/gapDrivenMethodology' is clicked on

2017-11-18 01:15:05 - [MESSAGE][PASSED] - Delayed 5 second(s)

2017-11-18 01:15:05 - [MESSAGE][PASSED] - Object: 'Object Repository/Generic/RapidDelivery' is clicked on

2017-11-18 01:15:10 - [MESSAGE][PASSED] - Delayed 5 second(s)

2017-11-18 01:15:10 - [MESSAGE][PASSED] - Object: 'Object Repository/Generic/MorethanOneRLS' is clicked on

2017-11-18 01:15:15 - [MESSAGE][PASSED] - Delayed 5 second(s)

2017-11-18 01:15:15 - [MESSAGE][PASSED] - Text '85000' is set on object 'Object Repository/ECR/Licence'

2017-11-18 01:15:20 - [MESSAGE][PASSED] - Delayed 5 second(s)

2017-11-18 01:15:20 - [MESSAGE][PASSED] - Object 'Object Repository/Generic/platform' is visible

2017-11-18 01:15:25 - [MESSAGE][PASSED] - Delayed 5 second(s)

2017-11-18 01:15:25 - [MESSAGE][ERROR] - groovy.lang.MissingMethodException: No signature of method: com.helper.commonfunct.utilities.staleElement() is applicable for argument types: (java.lang.String, java.lang.String) values: [Object Repository/Generic/PlatformID, AMPchroma]
Possible solutions: staleElement(com.kms.katalon.core.testobject.TestObject, java.lang.String)

2017-11-18 01:15:25 - [MESSAGE][FAILED] - Unable to call Test Case with id 'Test Cases/ECR/REF/ECR_Lite_NoExpertService' (Root cause: Call Test Case 'Test Cases/ECR/REF/ECR_Lite_NoExpertService' failed because of error(s))]]></system-out>
         <system-err><![CDATA[2017-11-18 01:13:46 - [TEST_CASE][ERROR] - Test Cases/ECR/TC_ECRLite_NoExpertService_AllApproval: Test Cases/ECR/TC_ECRLite_NoExpertService_AllApproval FAILED because (of) org.codehaus.groovy.runtime.InvokerInvocationException: groovy.lang.MissingMethodException: No signature of method: com.helper.commonfunct.utilities.staleElement() is applicable for argument types: (java.lang.String, java.lang.String) values: [Object Repository/Generic/PlatformID, AMPchroma]
Possible solutions: staleElement(com.kms.katalon.core.testobject.TestObject, java.lang.String)]]></system-err>
      </testcase>
      <testcase name="Test Cases/ECR/TC_ECR_Lite_ExpertService_AllApproval" classname="Test Cases/ECR/TC_ECR_Lite_ExpertService_AllApproval" status="ERROR">
         <error type="ERROR" message="Test Cases/ECR/TC_ECR_Lite_ExpertService_AllApproval FAILED because (of) org.codehaus.groovy.runtime.InvokerInvocationException: groovy.lang.MissingMethodException: No signature of method: com.helper.commonfunct.utilities.staleElement() is applicable for argument types: (java.lang.String, java.lang.String) values: [Object Repository/Generic/PlatformID, AMPchroma]
Possible solutions: staleElement(com.kms.katalon.core.testobject.TestObject, java.lang.String)"/>
         <system-out><![CDATA[2017-11-18 01:15:26 - [TEST_CASE][ERROR] - Test Cases/ECR/TC_ECR_Lite_ExpertService_AllApproval: Test Cases/ECR/TC_ECR_Lite_ExpertService_AllApproval FAILED because (of) org.codehaus.groovy.runtime.InvokerInvocationException: groovy.lang.MissingMethodException: No signature of method: com.helper.commonfunct.utilities.staleElement() is applicable for argument types: (java.lang.String, java.lang.String) values: [Object Repository/Generic/PlatformID, AMPchroma]
Possible solutions: staleElement(com.kms.katalon.core.testobject.TestObject, java.lang.String)

2017-11-18 01:15:26 - [TEST_STEP][FAILED] - callTestCase: Unable to call Test Case with id 'Test Cases/ECR/REF/ECR_Lite_ExpertService' (Root cause: Call Test Case 'Test Cases/ECR/REF/ECR_Lite_ExpertService' failed because of error(s))

2017-11-18 01:15:26 - [TEST_CASE][ERROR] - Test Cases/ECR/REF/ECR_Lite_ExpertService: Test Cases/ECR/REF/ECR_Lite_ExpertService FAILED because (of) org.codehaus.groovy.runtime.InvokerInvocationException: groovy.lang.MissingMethodException: No signature of method: com.helper.commonfunct.utilities.staleElement() is applicable for argument types: (java.lang.String, java.lang.String) values: [Object Repository/Generic/PlatformID, AMPchroma]
Possible solutions: staleElement(com.kms.katalon.core.testobject.TestObject, java.lang.String)

2017-11-18 01:15:26 - [TEST_STEP][PASSED] - com.helper.commonfunct.utilities.login: com.helper.commonfunct.utilities.login is PASSED

2017-11-18 01:15:26 - [MESSAGE][WARNING] - A browser is already opened. Closing browser and opening a new one

2017-11-18 01:15:29 - [MESSAGE][PASSED] - Browser is opened with url: ''

2017-11-18 01:15:30 - [MESSAGE][PASSED] - Navigate to 'https://vtcpqa2.rpega.com:9030/tcpqa/PRServlet' successfully

2017-11-18 01:15:30 - [MESSAGE][PASSED] - Text 'pogoa@pegasystems.com' is set on object 'Object Repository/input_UserIdentifier'

2017-11-18 01:15:30 - [MESSAGE][PASSED] - Text 'install' is set on object 'Object Repository/input_Password'

2017-11-18 01:15:35 - [MESSAGE][PASSED] - Keys 'ENTER + ' sent to object: 'Object Repository/input_Password'

2017-11-18 01:15:35 - [MESSAGE][PASSED] - com.helper.commonfunct.utilities.login is PASSED

2017-11-18 01:15:35 - [TEST_STEP][ERROR] - com.helper.commonfunct.utilities.createECR: groovy.lang.MissingMethodException: No signature of method: com.helper.commonfunct.utilities.staleElement() is applicable for argument types: (java.lang.String, java.lang.String) values: [Object Repository/Generic/PlatformID, AMPchroma]
Possible solutions: staleElement(com.kms.katalon.core.testobject.TestObject, java.lang.String)

2017-11-18 01:15:35 - [MESSAGE][PASSED] - Object: 'Object Repository/Generic/a_Actions' is clicked on

2017-11-18 01:15:38 - [MESSAGE][PASSED] - Object: 'Object Repository/span_New' is focused

2017-11-18 01:15:39 - [MESSAGE][PASSED] - Object: 'Object Repository/span_Bid Process' is clicked on

2017-11-18 01:15:39 - [MESSAGE][PASSED] - Object: 'Object Repository/ECR/BID_TYPE' is clicked on

2017-11-18 01:15:39 - [MESSAGE][PASSED] - Object 'Object Repository/button_Import' is present

2017-11-18 01:15:44 - [MESSAGE][PASSED] - Delayed 5 second(s)

2017-11-18 01:15:44 - [MESSAGE][PASSED] - Object: 'Object Repository/button_Import' is clicked on

2017-11-18 01:15:45 - [MESSAGE][PASSED] - File 'C:\Users\nipin\Desktop\Latest BSW\Final\ECR_LITE_EXPSVC.xlsm' sent to object: 'Object Repository/input_PpyWorkPageppyFilePath'

2017-11-18 01:15:50 - [MESSAGE][PASSED] - Delayed 5 second(s)

2017-11-18 01:15:50 - [MESSAGE][WARNING] - Timeout '0' is invalid. Using default page load timeout: '30'

2017-11-18 01:15:50 - [MESSAGE][PASSED] - Scroll to object 'Object Repository/button_Submit' successfully

2017-11-18 01:15:51 - [MESSAGE][PASSED] - Object: 'Object Repository/button_Submit' is clicked on

2017-11-18 01:15:51 - [MESSAGE][PASSED] - Object 'Object Repository/EngInfo/COID' is visible

2017-11-18 01:15:56 - [MESSAGE][PASSED] - Delayed 5 second(s)

2017-11-18 01:16:01 - [MESSAGE][PASSED] - Delayed 5 second(s)

2017-11-18 01:16:01 - [MESSAGE][PASSED] - Text 'BOFA' is set on object 'Object Repository/Generic/ORG'

2017-11-18 01:16:06 - [MESSAGE][PASSED] - Delayed 5 second(s)

2017-11-18 01:16:06 - [MESSAGE][PASSED] - Keys 'TAB + ' sent to object: 'Object Repository/Generic/ORG'

2017-11-18 01:16:11 - [MESSAGE][PASSED] - Delayed 5 second(s)

2017-11-18 01:16:11 - [MESSAGE][PASSED] - Text 'BOFA' is set on object 'Object Repository/Generic/ACC'

2017-11-18 01:16:16 - [MESSAGE][PASSED] - Delayed 5 second(s)

2017-11-18 01:16:16 - [MESSAGE][PASSED] - Keys 'TAB + ' sent to object: 'Object Repository/Generic/ACC'

2017-11-18 01:16:21 - [MESSAGE][PASSED] - Delayed 5 second(s)

2017-11-18 01:16:21 - [MESSAGE][PASSED] - Text 'AUTOTEST1' is set on object 'Object Repository/Generic/ENG_DESC'

2017-11-18 01:16:26 - [MESSAGE][PASSED] - Delayed 5 second(s)

2017-11-18 01:16:27 - [MESSAGE][WARNING] - Timeout '0' is invalid. Using default page load timeout: '30'

2017-11-18 01:16:27 - [MESSAGE][PASSED] - Scroll to object 'Object Repository/Generic/SUBMIT' successfully

2017-11-18 01:16:27 - [MESSAGE][PASSED] - Object: 'Object Repository/Generic/SUBMIT' is clicked on

2017-11-18 01:16:32 - [MESSAGE][PASSED] - Delayed 5 second(s)

2017-11-18 01:16:32 - [MESSAGE][PASSED] - Text 'CO-12' is set on object 'Object Repository/EngInfo/COID'

2017-11-18 01:16:39 - [MESSAGE][PASSED] - Delayed 7 second(s)

2017-11-18 01:16:39 - [MESSAGE][PASSED] - Wait for page load successfully

2017-11-18 01:16:39 - [MESSAGE][PASSED] - Object: 'Object Repository/Generic/gapDrivenMethodology' is clicked on

2017-11-18 01:16:44 - [MESSAGE][PASSED] - Delayed 5 second(s)

2017-11-18 01:16:44 - [MESSAGE][PASSED] - Object: 'Object Repository/Generic/RapidDelivery' is clicked on

2017-11-18 01:16:49 - [MESSAGE][PASSED] - Delayed 5 second(s)

2017-11-18 01:16:50 - [MESSAGE][PASSED] - Object: 'Object Repository/Generic/MorethanOneRLS' is clicked on

2017-11-18 01:16:55 - [MESSAGE][PASSED] - Delayed 5 second(s)

2017-11-18 01:16:55 - [MESSAGE][PASSED] - Text '85000' is set on object 'Object Repository/ECR/Licence'

2017-11-18 01:17:00 - [MESSAGE][PASSED] - Delayed 5 second(s)

2017-11-18 01:17:00 - [MESSAGE][PASSED] - Object 'Object Repository/Generic/platform' is visible

2017-11-18 01:17:05 - [MESSAGE][PASSED] - Delayed 5 second(s)

2017-11-18 01:17:05 - [MESSAGE][ERROR] - groovy.lang.MissingMethodException: No signature of method: com.helper.commonfunct.utilities.staleElement() is applicable for argument types: (java.lang.String, java.lang.String) values: [Object Repository/Generic/PlatformID, AMPchroma]
Possible solutions: staleElement(com.kms.katalon.core.testobject.TestObject, java.lang.String)

2017-11-18 01:17:05 - [MESSAGE][FAILED] - Unable to call Test Case with id 'Test Cases/ECR/REF/ECR_Lite_ExpertService' (Root cause: Call Test Case 'Test Cases/ECR/REF/ECR_Lite_ExpertService' failed because of error(s))]]></system-out>
         <system-err><![CDATA[2017-11-18 01:15:26 - [TEST_CASE][ERROR] - Test Cases/ECR/TC_ECR_Lite_ExpertService_AllApproval: Test Cases/ECR/TC_ECR_Lite_ExpertService_AllApproval FAILED because (of) org.codehaus.groovy.runtime.InvokerInvocationException: groovy.lang.MissingMethodException: No signature of method: com.helper.commonfunct.utilities.staleElement() is applicable for argument types: (java.lang.String, java.lang.String) values: [Object Repository/Generic/PlatformID, AMPchroma]
Possible solutions: staleElement(com.kms.katalon.core.testobject.TestObject, java.lang.String)]]></system-err>
      </testcase>
      <testcase name="Test Cases/ECR/TC_ECR_Lite_ExpertService_AllReject" classname="Test Cases/ECR/TC_ECR_Lite_ExpertService_AllReject" status="ERROR">
         <error type="ERROR" message="Test Cases/ECR/TC_ECR_Lite_ExpertService_AllReject FAILED because (of) org.codehaus.groovy.runtime.InvokerInvocationException: groovy.lang.MissingMethodException: No signature of method: com.helper.commonfunct.utilities.staleElement() is applicable for argument types: (java.lang.String, java.lang.String) values: [Object Repository/Generic/PlatformID, AMPchroma]
Possible solutions: staleElement(com.kms.katalon.core.testobject.TestObject, java.lang.String)"/>
         <system-out><![CDATA[2017-11-18 01:17:05 - [TEST_CASE][ERROR] - Test Cases/ECR/TC_ECR_Lite_ExpertService_AllReject: Test Cases/ECR/TC_ECR_Lite_ExpertService_AllReject FAILED because (of) org.codehaus.groovy.runtime.InvokerInvocationException: groovy.lang.MissingMethodException: No signature of method: com.helper.commonfunct.utilities.staleElement() is applicable for argument types: (java.lang.String, java.lang.String) values: [Object Repository/Generic/PlatformID, AMPchroma]
Possible solutions: staleElement(com.kms.katalon.core.testobject.TestObject, java.lang.String)

2017-11-18 01:17:05 - [TEST_STEP][FAILED] - callTestCase: Unable to call Test Case with id 'Test Cases/ECR/REF/ECR_Lite_ExpertService' (Root cause: Call Test Case 'Test Cases/ECR/REF/ECR_Lite_ExpertService' failed because of error(s))

2017-11-18 01:17:05 - [TEST_CASE][ERROR] - Test Cases/ECR/REF/ECR_Lite_ExpertService: Test Cases/ECR/REF/ECR_Lite_ExpertService FAILED because (of) org.codehaus.groovy.runtime.InvokerInvocationException: groovy.lang.MissingMethodException: No signature of method: com.helper.commonfunct.utilities.staleElement() is applicable for argument types: (java.lang.String, java.lang.String) values: [Object Repository/Generic/PlatformID, AMPchroma]
Possible solutions: staleElement(com.kms.katalon.core.testobject.TestObject, java.lang.String)

2017-11-18 01:17:05 - [TEST_STEP][PASSED] - com.helper.commonfunct.utilities.login: com.helper.commonfunct.utilities.login is PASSED

2017-11-18 01:17:05 - [MESSAGE][WARNING] - A browser is already opened. Closing browser and opening a new one

2017-11-18 01:17:08 - [MESSAGE][PASSED] - Browser is opened with url: ''

2017-11-18 01:17:09 - [MESSAGE][PASSED] - Navigate to 'https://vtcpqa2.rpega.com:9030/tcpqa/PRServlet' successfully

2017-11-18 01:17:09 - [MESSAGE][PASSED] - Text 'pogoa@pegasystems.com' is set on object 'Object Repository/input_UserIdentifier'

2017-11-18 01:17:09 - [MESSAGE][PASSED] - Text 'install' is set on object 'Object Repository/input_Password'

2017-11-18 01:17:13 - [MESSAGE][PASSED] - Keys 'ENTER + ' sent to object: 'Object Repository/input_Password'

2017-11-18 01:17:13 - [MESSAGE][PASSED] - com.helper.commonfunct.utilities.login is PASSED

2017-11-18 01:17:13 - [TEST_STEP][ERROR] - com.helper.commonfunct.utilities.createECR: groovy.lang.MissingMethodException: No signature of method: com.helper.commonfunct.utilities.staleElement() is applicable for argument types: (java.lang.String, java.lang.String) values: [Object Repository/Generic/PlatformID, AMPchroma]
Possible solutions: staleElement(com.kms.katalon.core.testobject.TestObject, java.lang.String)

2017-11-18 01:17:13 - [MESSAGE][PASSED] - Object: 'Object Repository/Generic/a_Actions' is clicked on

2017-11-18 01:17:15 - [MESSAGE][PASSED] - Object: 'Object Repository/span_New' is focused

2017-11-18 01:17:16 - [MESSAGE][PASSED] - Object: 'Object Repository/span_Bid Process' is clicked on

2017-11-18 01:17:17 - [MESSAGE][PASSED] - Object: 'Object Repository/ECR/BID_TYPE' is clicked on

2017-11-18 01:17:17 - [MESSAGE][PASSED] - Object 'Object Repository/button_Import' is present

2017-11-18 01:17:22 - [MESSAGE][PASSED] - Delayed 5 second(s)

2017-11-18 01:17:22 - [MESSAGE][PASSED] - Object: 'Object Repository/button_Import' is clicked on

2017-11-18 01:17:23 - [MESSAGE][PASSED] - File 'C:\Users\nipin\Desktop\Latest BSW\Final\ECR_LITE_EXPSVC.xlsm' sent to object: 'Object Repository/input_PpyWorkPageppyFilePath'

2017-11-18 01:17:28 - [MESSAGE][PASSED] - Delayed 5 second(s)

2017-11-18 01:17:28 - [MESSAGE][WARNING] - Timeout '0' is invalid. Using default page load timeout: '30'

2017-11-18 01:17:28 - [MESSAGE][PASSED] - Scroll to object 'Object Repository/button_Submit' successfully

2017-11-18 01:17:28 - [MESSAGE][PASSED] - Object: 'Object Repository/button_Submit' is clicked on

2017-11-18 01:17:28 - [MESSAGE][PASSED] - Object 'Object Repository/EngInfo/COID' is visible

2017-11-18 01:17:33 - [MESSAGE][PASSED] - Delayed 5 second(s)

2017-11-18 01:17:38 - [MESSAGE][PASSED] - Delayed 5 second(s)

2017-11-18 01:17:39 - [MESSAGE][PASSED] - Text 'BOFA' is set on object 'Object Repository/Generic/ORG'

2017-11-18 01:17:44 - [MESSAGE][PASSED] - Delayed 5 second(s)

2017-11-18 01:17:44 - [MESSAGE][PASSED] - Keys 'TAB + ' sent to object: 'Object Repository/Generic/ORG'

2017-11-18 01:17:49 - [MESSAGE][PASSED] - Delayed 5 second(s)

2017-11-18 01:17:49 - [MESSAGE][PASSED] - Text 'BOFA' is set on object 'Object Repository/Generic/ACC'

2017-11-18 01:17:54 - [MESSAGE][PASSED] - Delayed 5 second(s)

2017-11-18 01:17:54 - [MESSAGE][PASSED] - Keys 'TAB + ' sent to object: 'Object Repository/Generic/ACC'

2017-11-18 01:17:59 - [MESSAGE][PASSED] - Delayed 5 second(s)

2017-11-18 01:17:59 - [MESSAGE][PASSED] - Text 'AUTOTEST1' is set on object 'Object Repository/Generic/ENG_DESC'

2017-11-18 01:18:04 - [MESSAGE][PASSED] - Delayed 5 second(s)

2017-11-18 01:18:04 - [MESSAGE][WARNING] - Timeout '0' is invalid. Using default page load timeout: '30'

2017-11-18 01:18:04 - [MESSAGE][PASSED] - Scroll to object 'Object Repository/Generic/SUBMIT' successfully

2017-11-18 01:18:04 - [MESSAGE][PASSED] - Object: 'Object Repository/Generic/SUBMIT' is clicked on

2017-11-18 01:18:09 - [MESSAGE][PASSED] - Delayed 5 second(s)

2017-11-18 01:18:10 - [MESSAGE][PASSED] - Text 'CO-12' is set on object 'Object Repository/EngInfo/COID'

2017-11-18 01:18:17 - [MESSAGE][PASSED] - Delayed 7 second(s)

2017-11-18 01:18:17 - [MESSAGE][PASSED] - Wait for page load successfully

2017-11-18 01:18:17 - [MESSAGE][PASSED] - Object: 'Object Repository/Generic/gapDrivenMethodology' is clicked on

2017-11-18 01:18:22 - [MESSAGE][PASSED] - Delayed 5 second(s)

2017-11-18 01:18:22 - [MESSAGE][PASSED] - Object: 'Object Repository/Generic/RapidDelivery' is clicked on

2017-11-18 01:18:27 - [MESSAGE][PASSED] - Delayed 5 second(s)

2017-11-18 01:18:27 - [MESSAGE][PASSED] - Object: 'Object Repository/Generic/MorethanOneRLS' is clicked on

2017-11-18 01:18:32 - [MESSAGE][PASSED] - Delayed 5 second(s)

2017-11-18 01:18:33 - [MESSAGE][PASSED] - Text '85000' is set on object 'Object Repository/ECR/Licence'

2017-11-18 01:18:38 - [MESSAGE][PASSED] - Delayed 5 second(s)

2017-11-18 01:18:38 - [MESSAGE][PASSED] - Object 'Object Repository/Generic/platform' is visible

2017-11-18 01:18:43 - [MESSAGE][PASSED] - Delayed 5 second(s)

2017-11-18 01:18:43 - [MESSAGE][ERROR] - groovy.lang.MissingMethodException: No signature of method: com.helper.commonfunct.utilities.staleElement() is applicable for argument types: (java.lang.String, java.lang.String) values: [Object Repository/Generic/PlatformID, AMPchroma]
Possible solutions: staleElement(com.kms.katalon.core.testobject.TestObject, java.lang.String)

2017-11-18 01:18:43 - [MESSAGE][FAILED] - Unable to call Test Case with id 'Test Cases/ECR/REF/ECR_Lite_ExpertService' (Root cause: Call Test Case 'Test Cases/ECR/REF/ECR_Lite_ExpertService' failed because of error(s))]]></system-out>
         <system-err><![CDATA[2017-11-18 01:17:05 - [TEST_CASE][ERROR] - Test Cases/ECR/TC_ECR_Lite_ExpertService_AllReject: Test Cases/ECR/TC_ECR_Lite_ExpertService_AllReject FAILED because (of) org.codehaus.groovy.runtime.InvokerInvocationException: groovy.lang.MissingMethodException: No signature of method: com.helper.commonfunct.utilities.staleElement() is applicable for argument types: (java.lang.String, java.lang.String) values: [Object Repository/Generic/PlatformID, AMPchroma]
Possible solutions: staleElement(com.kms.katalon.core.testobject.TestObject, java.lang.String)]]></system-err>
      </testcase>
      <system-out><![CDATA[2017-11-18 00:27:45 - [TEST_SUITE][FAILED] - ECR_Approval_Reject_Recall: Call Test Case 'Test Cases/ECR/REF/ECR_Meeting_ExpertService' successfully]]></system-out>
      <system-err><![CDATA[2017-11-18 00:27:45 - [TEST_SUITE][FAILED] - ECR_Approval_Reject_Recall: Call Test Case 'Test Cases/ECR/REF/ECR_Meeting_ExpertService' successfully]]></system-err>
   </testsuite>
</testsuites>
