<?xml version="1.0" encoding="UTF-8"?>
<testsuites name="BEP selected" time="579" tests="0" failures="2" errors="0">
   <testsuite name="BEP selected" tests="0" failures="2" errors="0" time="579" timestamp="2017-11-15 09:56:08" hostname="nipin - L22622WUS.rpega.com" id="Test Suites/BID/BEP selected">
      <properties>
         <property name="deviceName" value=""/>
         <property name="devicePlatform" value=""/>
         <property name="logFolder" value="C:\\Users\\nipin\\Katalon Studio\\COE\\Reports\\BID\\BEP selected\\20171115_095605"/>
         <property name="logFiles" value="C:\\Users\\nipin\\Katalon Studio\\COE\\Reports\\BID\\BEP selected\\20171115_095605\\execution0.log"/>
         <property name="attachments" value="C:\\Users\\nipin\\Katalon Studio\\COE\\Reports\\BID\\BEP selected\\20171115_095605\\1510758098925.png, C:\\Users\\nipin\\Katalon Studio\\COE\\Reports\\BID\\BEP selected\\20171115_095605\\1510758346006.png"/>
         <property name="hostName" value="nipin - L22622WUS.rpega.com"/>
         <property name="os" value="Windows 7 64bit"/>
         <property name="katalonVersion" value="5.0.0.1"/>
         <property name="browser" value="Chrome 62.0.3202.89"/>
         <property name="hostAddress" value="10.2.176.77"/>
         <property name="sessionId" value="3372058de72040be7bdffe2b84744155"/>
         <property name="seleniumVersion" value="2.53.0"/>
         <property name="proxyInformation" value="ProxyInformation{proxyOption=NO_PROXY, proxyServerType=HTTP, password=, proxyServerAddress=, proxyServerPort=0}"/>
         <property name="platform" value="Windows 7"/>
      </properties>
      <testcase name="Test Cases/BEP/TC_Create_BEP_EmailOutput" classname="Test Cases/BEP/TC_Create_BEP_EmailOutput" status="FAILED">
         <failure type="FAILED" message="Unable to scroll to object 'Object Repository/Generic/FINISH_BUTTON' (Root cause: com.kms.katalon.core.webui.exception.WebElementNotFoundException: Web element with id: 'Object Repository/Generic/FINISH_BUTTON' located by 'By.xpath: //button[contains(.,'Finish')]' not found)"/>
         <system-out><![CDATA[2017-11-15 09:56:08 - [TEST_CASE][FAILED] - Test Cases/BEP/TC_Create_BEP_EmailOutput: Test Cases/BEP/TC_Create_BEP_EmailOutput FAILED because (of) Unable to scroll to object 'Object Repository/Generic/FINISH_BUTTON' (Root cause: com.kms.katalon.core.webui.exception.WebElementNotFoundException: Web element with id: 'Object Repository/Generic/FINISH_BUTTON' located by 'By.xpath: //button[contains(.,'Finish')]' not found)

2017-11-15 09:56:09 - [TEST_STEP][PASSED] - com.helper.commonfunct.utilities.login: com.helper.commonfunct.utilities.login is PASSED

2017-11-15 09:56:13 - [MESSAGE][PASSED] - Browser is opened with url: ''

2017-11-15 09:56:14 - [MESSAGE][PASSED] - Navigate to 'https://vtcpclone.rpega.com:9630/tcpclone/PRServlet' successfully

2017-11-15 09:56:15 - [MESSAGE][PASSED] - Text 'hendj@pegasystems.com' is set on object 'Object Repository/input_UserIdentifier'

2017-11-15 09:56:15 - [MESSAGE][PASSED] - Text 'install' is set on object 'Object Repository/input_Password'

2017-11-15 09:56:18 - [MESSAGE][PASSED] - Keys 'ENTER + ' sent to object: 'Object Repository/input_Password'

2017-11-15 09:56:18 - [MESSAGE][PASSED] - com.helper.commonfunct.utilities.login is PASSED

2017-11-15 09:56:18 - [TEST_STEP][FAILED] - com.helper.commonfunct.BEP_CommonMethod.EstimateEmailOutput: Unable to scroll to object 'Object Repository/Generic/FINISH_BUTTON' (Root cause: com.kms.katalon.core.webui.exception.WebElementNotFoundException: Web element with id: 'Object Repository/Generic/FINISH_BUTTON' located by 'By.xpath: //button[contains(.,'Finish')]' not found)

2017-11-15 09:56:19 - [MESSAGE][PASSED] - Object: 'Object Repository/Generic/a_Actions' is clicked on

2017-11-15 09:56:20 - [MESSAGE][PASSED] - Object: 'Object Repository/span_New' is focused

2017-11-15 09:56:25 - [MESSAGE][PASSED] - Object: 'Object Repository/BEP/EstimateLink' is clicked on

2017-11-15 09:56:30 - [MESSAGE][PASSED] - Delayed 5 second(s)

2017-11-15 09:56:30 - [MESSAGE][WARNING] - Timeout '0' is invalid. Using default page load timeout: '30'

2017-11-15 09:56:31 - [MESSAGE][PASSED] - Object 'Object Repository/BEP/import' is visible

2017-11-15 09:56:31 - [MESSAGE][PASSED] - Object: 'Object Repository/BEP/import' is clicked on

2017-11-15 09:56:36 - [MESSAGE][PASSED] - Delayed 5 second(s)

2017-11-15 09:56:37 - [MESSAGE][PASSED] - File 'C:\EStimate.xlsm' sent to object: 'Object Repository/input_PpyWorkPageppyFilePath'

2017-11-15 09:56:42 - [MESSAGE][PASSED] - Delayed 5 second(s)

2017-11-15 09:56:45 - [MESSAGE][PASSED] - Object: 'Object Repository/button_Submit' is clicked on

2017-11-15 09:56:55 - [MESSAGE][PASSED] - Delayed 10 second(s)

2017-11-15 09:56:56 - [MESSAGE][PASSED] - Text 'BOFA' is set on object 'Object Repository/Generic/ORG'

2017-11-15 09:57:01 - [MESSAGE][PASSED] - Delayed 5 second(s)

2017-11-15 09:57:01 - [MESSAGE][PASSED] - Keys 'TAB + ' sent to object: 'Object Repository/Generic/ORG'

2017-11-15 09:57:06 - [MESSAGE][PASSED] - Delayed 5 second(s)

2017-11-15 09:57:06 - [MESSAGE][PASSED] - Text 'BOFA' is set on object 'Object Repository/Generic/ACC'

2017-11-15 09:57:11 - [MESSAGE][PASSED] - Delayed 5 second(s)

2017-11-15 09:57:11 - [MESSAGE][PASSED] - Keys 'TAB + ' sent to object: 'Object Repository/Generic/ACC'

2017-11-15 09:57:16 - [MESSAGE][PASSED] - Delayed 5 second(s)

2017-11-15 09:57:17 - [MESSAGE][PASSED] - Text 'AUTOTEST1' is set on object 'Object Repository/Generic/ENG_DESC'

2017-11-15 09:57:22 - [MESSAGE][PASSED] - Delayed 5 second(s)

2017-11-15 09:57:22 - [MESSAGE][PASSED] - Object: 'Object Repository/Generic/PlatformID' is clicked on

2017-11-15 09:57:27 - [MESSAGE][PASSED] - Delayed 5 second(s)

2017-11-15 09:57:27 - [MESSAGE][PASSED] - Keys 'AMPchroma' sent to object: 'Object Repository/Generic/PlatformID'

2017-11-15 09:57:32 - [MESSAGE][PASSED] - Delayed 5 second(s)

2017-11-15 09:57:33 - [MESSAGE][PASSED] - Object: 'Object Repository/Generic/PlatformVersion' is clicked on

2017-11-15 09:57:38 - [MESSAGE][PASSED] - Delayed 5 second(s)

2017-11-15 09:57:38 - [MESSAGE][PASSED] - Keys 'N/A' sent to object: 'Object Repository/Generic/PlatformVersion'

2017-11-15 09:57:43 - [MESSAGE][PASSED] - Delayed 5 second(s)

2017-11-15 09:57:43 - [MESSAGE][PASSED] - Scroll to object 'Object Repository/BEP/MorethanOneRLSNO' successfully

2017-11-15 09:57:43 - [MESSAGE][PASSED] - Object: 'Object Repository/BEP/MorethanOneRLSNO' is clicked on

2017-11-15 09:57:48 - [MESSAGE][PASSED] - Delayed 5 second(s)

2017-11-15 09:57:49 - [MESSAGE][PASSED] - Object: 'Object Repository/Generic/PlatformTrue' is clicked on

2017-11-15 09:57:54 - [MESSAGE][PASSED] - Delayed 5 second(s)

2017-11-15 09:57:59 - [MESSAGE][PASSED] - Delayed 5 second(s)

2017-11-15 09:57:59 - [MESSAGE][PASSED] - Object: 'Object Repository/EngInfo/PL' is clicked on

2017-11-15 09:58:04 - [MESSAGE][PASSED] - Delayed 5 second(s)

2017-11-15 09:58:04 - [MESSAGE][PASSED] - Keys 'Jeff Henderson ' sent to object: 'Object Repository/EngInfo/PL'

2017-11-15 09:58:09 - [MESSAGE][PASSED] - Delayed 5 second(s)

2017-11-15 09:58:09 - [MESSAGE][PASSED] - Object: 'Object Repository/EngInfo/PLTL' is clicked on

2017-11-15 09:58:14 - [MESSAGE][PASSED] - Delayed 5 second(s)

2017-11-15 09:58:15 - [MESSAGE][PASSED] - Keys 'Robert Higgins' sent to object: 'Object Repository/EngInfo/PLTL'

2017-11-15 09:58:20 - [MESSAGE][PASSED] - Delayed 5 second(s)

2017-11-15 09:58:20 - [MESSAGE][PASSED] - Object: 'Object Repository/EngInfo/RL' is clicked on

2017-11-15 09:58:25 - [MESSAGE][PASSED] - Delayed 5 second(s)

2017-11-15 09:58:25 - [MESSAGE][PASSED] - Keys 'Eric Panepinto' sent to object: 'Object Repository/EngInfo/RL'

2017-11-15 09:58:30 - [MESSAGE][PASSED] - Delayed 5 second(s)

2017-11-15 09:58:31 - [MESSAGE][PASSED] - Object: 'Object Repository/EngInfo/RD' is clicked on

2017-11-15 09:58:36 - [MESSAGE][PASSED] - Delayed 5 second(s)

2017-11-15 09:58:36 - [MESSAGE][PASSED] - Keys 'Robert Lang' sent to object: 'Object Repository/EngInfo/RD'

2017-11-15 09:58:41 - [MESSAGE][PASSED] - Delayed 5 second(s)

2017-11-15 09:58:41 - [MESSAGE][PASSED] - Scroll to object 'Object Repository/NEXT_BUTTON' successfully

2017-11-15 09:58:46 - [MESSAGE][PASSED] - Object: 'Object Repository/NEXT_BUTTON' is clicked on

2017-11-15 09:58:51 - [MESSAGE][PASSED] - Delayed 5 second(s)

2017-11-15 09:58:52 - [MESSAGE][PASSED] - Text '12' is set on object 'Object Repository/BEP/DurationLow'

2017-11-15 09:58:57 - [MESSAGE][PASSED] - Delayed 5 second(s)

2017-11-15 09:58:57 - [MESSAGE][PASSED] - Keys 'TAB + ' sent to object: 'Object Repository/BEP/DurationLow'

2017-11-15 09:59:02 - [MESSAGE][PASSED] - Delayed 5 second(s)

2017-11-15 09:59:02 - [MESSAGE][PASSED] - Text '12' is set on object 'Object Repository/BEP/DurationHigh'

2017-11-15 09:59:07 - [MESSAGE][PASSED] - Delayed 5 second(s)

2017-11-15 09:59:07 - [MESSAGE][PASSED] - Keys 'TAB + ' sent to object: 'Object Repository/BEP/DurationHigh'

2017-11-15 09:59:12 - [MESSAGE][PASSED] - Delayed 5 second(s)

2017-11-15 09:59:12 - [MESSAGE][PASSED] - Text '12' is set on object 'Object Repository/BEP/PartnerHoursLow'

2017-11-15 09:59:17 - [MESSAGE][PASSED] - Delayed 5 second(s)

2017-11-15 09:59:17 - [MESSAGE][PASSED] - Keys 'TAB + ' sent to object: 'Object Repository/BEP/PartnerHoursLow'

2017-11-15 09:59:22 - [MESSAGE][PASSED] - Delayed 5 second(s)

2017-11-15 09:59:23 - [MESSAGE][PASSED] - Text '12' is set on object 'Object Repository/BEP/PartnerHoursHigh'

2017-11-15 09:59:28 - [MESSAGE][PASSED] - Delayed 5 second(s)

2017-11-15 09:59:33 - [MESSAGE][PASSED] - Object: 'Object Repository/BEP/EstimationMethod' is clicked on

2017-11-15 09:59:38 - [MESSAGE][PASSED] - Delayed 5 second(s)

2017-11-15 09:59:38 - [MESSAGE][PASSED] - Keys 'BSW' sent to object: 'Object Repository/BEP/EstimationMethod'

2017-11-15 09:59:43 - [MESSAGE][PASSED] - Delayed 5 second(s)

2017-11-15 09:59:48 - [MESSAGE][PASSED] - Object: 'Object Repository/BEP/routeToRL' is clicked on

2017-11-15 09:59:53 - [MESSAGE][PASSED] - Delayed 5 second(s)

2017-11-15 09:59:53 - [MESSAGE][PASSED] - Scroll to object 'Object Repository/NEXT_BUTTON' successfully

2017-11-15 09:59:59 - [MESSAGE][PASSED] - Object: 'Object Repository/NEXT_BUTTON' is clicked on

2017-11-15 10:00:04 - [MESSAGE][PASSED] - Delayed 5 second(s)

2017-11-15 10:00:15 - [MESSAGE][PASSED] - Object: 'Object Repository/BEP/BEPOutputEmail' is clicked on

2017-11-15 10:00:20 - [MESSAGE][PASSED] - Delayed 5 second(s)

2017-11-15 10:00:25 - [MESSAGE][PASSED] - Object: 'Object Repository/BEP/RECEIPIENT' is clicked on

2017-11-15 10:00:30 - [MESSAGE][PASSED] - Delayed 5 second(s)

2017-11-15 10:00:36 - [MESSAGE][PASSED] - Object: 'Object Repository/BEP/AddEmailID' is clicked on

2017-11-15 10:00:41 - [MESSAGE][PASSED] - Delayed 5 second(s)

2017-11-15 10:00:41 - [MESSAGE][PASSED] - Keys 'nagaveni.nipinale@in.pega.com' sent to object: 'Object Repository/BEP/MAILID_XPATH'

2017-11-15 10:00:46 - [MESSAGE][PASSED] - Delayed 5 second(s)

2017-11-15 10:00:51 - [MESSAGE][PASSED] - Object: 'Object Repository/BEP/modal_submit' is clicked on

2017-11-15 10:00:56 - [MESSAGE][PASSED] - Delayed 5 second(s)

2017-11-15 10:00:57 - [MESSAGE][PASSED] - Keys 'Test Automation' sent to object: 'Object Repository/BEP/Email_Subject'

2017-11-15 10:00:57 - [MESSAGE][PASSED] - Scroll to object 'Object Repository/NEXT_BUTTON' successfully

2017-11-15 10:01:02 - [MESSAGE][PASSED] - Object: 'Object Repository/NEXT_BUTTON' is clicked on

2017-11-15 10:01:07 - [MESSAGE][PASSED] - Delayed 5 second(s)

2017-11-15 10:01:39 - [MESSAGE][FAILED] - Unable to scroll to object 'Object Repository/Generic/FINISH_BUTTON' (Root cause: com.kms.katalon.core.webui.exception.WebElementNotFoundException: Web element with id: 'Object Repository/Generic/FINISH_BUTTON' located by 'By.xpath: //button[contains(.,'Finish')]' not found)
[[ATTACHMENT|C:\\Users\\nipin\\Katalon Studio\\COE\\Reports\\BID\\BEP selected\\20171115_095605\\1510758098925.png]]

2017-11-15 10:01:39 - [MESSAGE][FAILED] - Unable to scroll to object 'Object Repository/Generic/FINISH_BUTTON' (Root cause: com.kms.katalon.core.webui.exception.WebElementNotFoundException: Web element with id: 'Object Repository/Generic/FINISH_BUTTON' located by 'By.xpath: //button[contains(.,'Finish')]' not found)]]></system-out>
         <system-err><![CDATA[2017-11-15 09:56:08 - [TEST_CASE][FAILED] - Test Cases/BEP/TC_Create_BEP_EmailOutput: Test Cases/BEP/TC_Create_BEP_EmailOutput FAILED because (of) Unable to scroll to object 'Object Repository/Generic/FINISH_BUTTON' (Root cause: com.kms.katalon.core.webui.exception.WebElementNotFoundException: Web element with id: 'Object Repository/Generic/FINISH_BUTTON' located by 'By.xpath: //button[contains(.,'Finish')]' not found)]]></system-err>
      </testcase>
      <testcase name="Test Cases/BEP/TC_CreateBEP_EmailOutput_SendEmail_CreateECR" classname="Test Cases/BEP/TC_CreateBEP_EmailOutput_SendEmail_CreateECR" status="FAILED">
         <failure type="FAILED" message="Unable to get text of object 'Object Repository/BEP/BEPWOID' (Root cause: org.openqa.selenium.StaleElementReferenceException: stale element reference: element is not attached to the page document
  (Session info: chrome=62.0.3202.89)
  (Driver info: chromedriver=2.33.506120 (e3e53437346286c0bc2d2dc9aa4915ba81d9023f),platform=Windows NT 6.1.7601 SP1 x86_64) (WARNING: The server did not provide any stacktrace information)
Command duration or timeout: 62 milliseconds
For documentation on this error, please visit: http://seleniumhq.org/exceptions/stale_element_reference.html
Build info: version: '2.53.0', revision: '35ae25b', time: '2016-03-15 17:00:58'
System info: host: 'L22622WUS', ip: '10.2.176.77', os.name: 'Windows 7', os.arch: 'amd64', os.version: '6.1', java.version: '1.8.0_102'
Driver info: com.kms.katalon.selenium.driver.CChromeDriver
Capabilities [{applicationCacheEnabled=false, rotatable=false, mobileEmulationEnabled=false, networkConnectionEnabled=false, chrome={chromedriverVersion=2.33.506120 (e3e53437346286c0bc2d2dc9aa4915ba81d9023f), userDataDir=C:\Users\nipin\AppData\Local\Temp\scoped_dir5080_23740}, takesHeapSnapshot=true, pageLoadStrategy=normal, databaseEnabled=false, handlesAlerts=true, hasTouchScreen=false, version=62.0.3202.89, platform=XP, browserConnectionEnabled=false, nativeEvents=true, acceptSslCerts=true, locationContextEnabled=true, webStorageEnabled=true, browserName=chrome, takesScreenshot=true, javascriptEnabled=true, cssSelectorsEnabled=true, setWindowRect=true, unexpectedAlertBehaviour=}]
Session ID: 3372058de72040be7bdffe2b84744155)"/>
         <system-out><![CDATA[2017-11-15 10:01:39 - [TEST_CASE][FAILED] - Test Cases/BEP/TC_CreateBEP_EmailOutput_SendEmail_CreateECR: Test Cases/BEP/TC_CreateBEP_EmailOutput_SendEmail_CreateECR FAILED because (of) Unable to get text of object 'Object Repository/BEP/BEPWOID' (Root cause: org.openqa.selenium.StaleElementReferenceException: stale element reference: element is not attached to the page document
  (Session info: chrome=62.0.3202.89)
  (Driver info: chromedriver=2.33.506120 (e3e53437346286c0bc2d2dc9aa4915ba81d9023f),platform=Windows NT 6.1.7601 SP1 x86_64) (WARNING: The server did not provide any stacktrace information)
Command duration or timeout: 62 milliseconds
For documentation on this error, please visit: http://seleniumhq.org/exceptions/stale_element_reference.html
Build info: version: '2.53.0', revision: '35ae25b', time: '2016-03-15 17:00:58'
System info: host: 'L22622WUS', ip: '10.2.176.77', os.name: 'Windows 7', os.arch: 'amd64', os.version: '6.1', java.version: '1.8.0_102'
Driver info: com.kms.katalon.selenium.driver.CChromeDriver
Capabilities [{applicationCacheEnabled=false, rotatable=false, mobileEmulationEnabled=false, networkConnectionEnabled=false, chrome={chromedriverVersion=2.33.506120 (e3e53437346286c0bc2d2dc9aa4915ba81d9023f), userDataDir=C:\Users\nipin\AppData\Local\Temp\scoped_dir5080_23740}, takesHeapSnapshot=true, pageLoadStrategy=normal, databaseEnabled=false, handlesAlerts=true, hasTouchScreen=false, version=62.0.3202.89, platform=XP, browserConnectionEnabled=false, nativeEvents=true, acceptSslCerts=true, locationContextEnabled=true, webStorageEnabled=true, browserName=chrome, takesScreenshot=true, javascriptEnabled=true, cssSelectorsEnabled=true, setWindowRect=true, unexpectedAlertBehaviour=}]
Session ID: 3372058de72040be7bdffe2b84744155)

2017-11-15 10:01:40 - [TEST_STEP][FAILED] - callTestCase: Unable to call Test Case with id 'Test Cases/BEP/TC_Create_BEP_EmailOutput' (Root cause: Call Test Case 'Test Cases/BEP/TC_Create_BEP_EmailOutput' failed)

2017-11-15 10:01:40 - [TEST_CASE][FAILED] - Test Cases/BEP/TC_Create_BEP_EmailOutput: Test Cases/BEP/TC_Create_BEP_EmailOutput FAILED because (of) Unable to get text of object 'Object Repository/BEP/BEPWOID' (Root cause: org.openqa.selenium.StaleElementReferenceException: stale element reference: element is not attached to the page document
  (Session info: chrome=62.0.3202.89)
  (Driver info: chromedriver=2.33.506120 (e3e53437346286c0bc2d2dc9aa4915ba81d9023f),platform=Windows NT 6.1.7601 SP1 x86_64) (WARNING: The server did not provide any stacktrace information)
Command duration or timeout: 62 milliseconds
For documentation on this error, please visit: http://seleniumhq.org/exceptions/stale_element_reference.html
Build info: version: '2.53.0', revision: '35ae25b', time: '2016-03-15 17:00:58'
System info: host: 'L22622WUS', ip: '10.2.176.77', os.name: 'Windows 7', os.arch: 'amd64', os.version: '6.1', java.version: '1.8.0_102'
Driver info: com.kms.katalon.selenium.driver.CChromeDriver
Capabilities [{applicationCacheEnabled=false, rotatable=false, mobileEmulationEnabled=false, networkConnectionEnabled=false, chrome={chromedriverVersion=2.33.506120 (e3e53437346286c0bc2d2dc9aa4915ba81d9023f), userDataDir=C:\Users\nipin\AppData\Local\Temp\scoped_dir5080_23740}, takesHeapSnapshot=true, pageLoadStrategy=normal, databaseEnabled=false, handlesAlerts=true, hasTouchScreen=false, version=62.0.3202.89, platform=XP, browserConnectionEnabled=false, nativeEvents=true, acceptSslCerts=true, locationContextEnabled=true, webStorageEnabled=true, browserName=chrome, takesScreenshot=true, javascriptEnabled=true, cssSelectorsEnabled=true, setWindowRect=true, unexpectedAlertBehaviour=}]
Session ID: 3372058de72040be7bdffe2b84744155)

2017-11-15 10:01:40 - [TEST_STEP][PASSED] - com.helper.commonfunct.utilities.login: com.helper.commonfunct.utilities.login is PASSED

2017-11-15 10:01:40 - [MESSAGE][WARNING] - A browser is already opened. Closing browser and opening a new one

2017-11-15 10:01:43 - [MESSAGE][PASSED] - Browser is opened with url: ''

2017-11-15 10:01:44 - [MESSAGE][PASSED] - Navigate to 'https://vtcpclone.rpega.com:9630/tcpclone/PRServlet' successfully

2017-11-15 10:01:44 - [MESSAGE][PASSED] - Text 'hendj@pegasystems.com' is set on object 'Object Repository/input_UserIdentifier'

2017-11-15 10:01:44 - [MESSAGE][PASSED] - Text 'install' is set on object 'Object Repository/input_Password'

2017-11-15 10:01:48 - [MESSAGE][PASSED] - Keys 'ENTER + ' sent to object: 'Object Repository/input_Password'

2017-11-15 10:01:48 - [MESSAGE][PASSED] - com.helper.commonfunct.utilities.login is PASSED

2017-11-15 10:01:48 - [TEST_STEP][FAILED] - com.helper.commonfunct.BEP_CommonMethod.EstimateEmailOutput: Unable to get text of object 'Object Repository/BEP/BEPWOID' (Root cause: org.openqa.selenium.StaleElementReferenceException: stale element reference: element is not attached to the page document
  (Session info: chrome=62.0.3202.89)
  (Driver info: chromedriver=2.33.506120 (e3e53437346286c0bc2d2dc9aa4915ba81d9023f),platform=Windows NT 6.1.7601 SP1 x86_64) (WARNING: The server did not provide any stacktrace information)
Command duration or timeout: 62 milliseconds
For documentation on this error, please visit: http://seleniumhq.org/exceptions/stale_element_reference.html
Build info: version: '2.53.0', revision: '35ae25b', time: '2016-03-15 17:00:58'
System info: host: 'L22622WUS', ip: '10.2.176.77', os.name: 'Windows 7', os.arch: 'amd64', os.version: '6.1', java.version: '1.8.0_102'
Driver info: com.kms.katalon.selenium.driver.CChromeDriver
Capabilities [{applicationCacheEnabled=false, rotatable=false, mobileEmulationEnabled=false, networkConnectionEnabled=false, chrome={chromedriverVersion=2.33.506120 (e3e53437346286c0bc2d2dc9aa4915ba81d9023f), userDataDir=C:\Users\nipin\AppData\Local\Temp\scoped_dir5080_23740}, takesHeapSnapshot=true, pageLoadStrategy=normal, databaseEnabled=false, handlesAlerts=true, hasTouchScreen=false, version=62.0.3202.89, platform=XP, browserConnectionEnabled=false, nativeEvents=true, acceptSslCerts=true, locationContextEnabled=true, webStorageEnabled=true, browserName=chrome, takesScreenshot=true, javascriptEnabled=true, cssSelectorsEnabled=true, setWindowRect=true, unexpectedAlertBehaviour=}]
Session ID: 3372058de72040be7bdffe2b84744155)

2017-11-15 10:01:48 - [MESSAGE][PASSED] - Object: 'Object Repository/Generic/a_Actions' is clicked on

2017-11-15 10:01:49 - [MESSAGE][PASSED] - Object: 'Object Repository/span_New' is focused

2017-11-15 10:01:51 - [MESSAGE][PASSED] - Object: 'Object Repository/BEP/EstimateLink' is clicked on

2017-11-15 10:01:56 - [MESSAGE][PASSED] - Delayed 5 second(s)

2017-11-15 10:01:56 - [MESSAGE][WARNING] - Timeout '0' is invalid. Using default page load timeout: '30'

2017-11-15 10:01:56 - [MESSAGE][PASSED] - Object 'Object Repository/BEP/import' is visible

2017-11-15 10:01:57 - [MESSAGE][PASSED] - Object: 'Object Repository/BEP/import' is clicked on

2017-11-15 10:02:02 - [MESSAGE][PASSED] - Delayed 5 second(s)

2017-11-15 10:02:02 - [MESSAGE][PASSED] - File 'C:\EStimate.xlsm' sent to object: 'Object Repository/input_PpyWorkPageppyFilePath'

2017-11-15 10:02:07 - [MESSAGE][PASSED] - Delayed 5 second(s)

2017-11-15 10:02:09 - [MESSAGE][PASSED] - Object: 'Object Repository/button_Submit' is clicked on

2017-11-15 10:02:19 - [MESSAGE][PASSED] - Delayed 10 second(s)

2017-11-15 10:02:20 - [MESSAGE][PASSED] - Text 'BOFA' is set on object 'Object Repository/Generic/ORG'

2017-11-15 10:02:25 - [MESSAGE][PASSED] - Delayed 5 second(s)

2017-11-15 10:02:25 - [MESSAGE][PASSED] - Keys 'TAB + ' sent to object: 'Object Repository/Generic/ORG'

2017-11-15 10:02:30 - [MESSAGE][PASSED] - Delayed 5 second(s)

2017-11-15 10:02:30 - [MESSAGE][PASSED] - Text 'BOFA' is set on object 'Object Repository/Generic/ACC'

2017-11-15 10:02:35 - [MESSAGE][PASSED] - Delayed 5 second(s)

2017-11-15 10:02:35 - [MESSAGE][PASSED] - Keys 'TAB + ' sent to object: 'Object Repository/Generic/ACC'

2017-11-15 10:02:40 - [MESSAGE][PASSED] - Delayed 5 second(s)

2017-11-15 10:02:41 - [MESSAGE][PASSED] - Text 'AUTOTEST1' is set on object 'Object Repository/Generic/ENG_DESC'

2017-11-15 10:02:46 - [MESSAGE][PASSED] - Delayed 5 second(s)

2017-11-15 10:02:46 - [MESSAGE][PASSED] - Object: 'Object Repository/Generic/PlatformID' is clicked on

2017-11-15 10:02:51 - [MESSAGE][PASSED] - Delayed 5 second(s)

2017-11-15 10:02:51 - [MESSAGE][PASSED] - Keys 'AMPchroma' sent to object: 'Object Repository/Generic/PlatformID'

2017-11-15 10:02:56 - [MESSAGE][PASSED] - Delayed 5 second(s)

2017-11-15 10:02:56 - [MESSAGE][PASSED] - Object: 'Object Repository/Generic/PlatformVersion' is clicked on

2017-11-15 10:03:01 - [MESSAGE][PASSED] - Delayed 5 second(s)

2017-11-15 10:03:01 - [MESSAGE][PASSED] - Keys 'N/A' sent to object: 'Object Repository/Generic/PlatformVersion'

2017-11-15 10:03:06 - [MESSAGE][PASSED] - Delayed 5 second(s)

2017-11-15 10:03:07 - [MESSAGE][PASSED] - Scroll to object 'Object Repository/BEP/MorethanOneRLSNO' successfully

2017-11-15 10:03:07 - [MESSAGE][PASSED] - Object: 'Object Repository/BEP/MorethanOneRLSNO' is clicked on

2017-11-15 10:03:12 - [MESSAGE][PASSED] - Delayed 5 second(s)

2017-11-15 10:03:12 - [MESSAGE][PASSED] - Object: 'Object Repository/Generic/PlatformTrue' is clicked on

2017-11-15 10:03:17 - [MESSAGE][PASSED] - Delayed 5 second(s)

2017-11-15 10:03:22 - [MESSAGE][PASSED] - Delayed 5 second(s)

2017-11-15 10:03:22 - [MESSAGE][PASSED] - Object: 'Object Repository/EngInfo/PL' is clicked on

2017-11-15 10:03:27 - [MESSAGE][PASSED] - Delayed 5 second(s)

2017-11-15 10:03:28 - [MESSAGE][PASSED] - Keys 'Jeff Henderson ' sent to object: 'Object Repository/EngInfo/PL'

2017-11-15 10:03:33 - [MESSAGE][PASSED] - Delayed 5 second(s)

2017-11-15 10:03:33 - [MESSAGE][PASSED] - Object: 'Object Repository/EngInfo/PLTL' is clicked on

2017-11-15 10:03:38 - [MESSAGE][PASSED] - Delayed 5 second(s)

2017-11-15 10:03:38 - [MESSAGE][PASSED] - Keys 'Robert Higgins' sent to object: 'Object Repository/EngInfo/PLTL'

2017-11-15 10:03:43 - [MESSAGE][PASSED] - Delayed 5 second(s)

2017-11-15 10:03:44 - [MESSAGE][PASSED] - Object: 'Object Repository/EngInfo/RL' is clicked on

2017-11-15 10:03:49 - [MESSAGE][PASSED] - Delayed 5 second(s)

2017-11-15 10:03:49 - [MESSAGE][PASSED] - Keys 'Eric Panepinto' sent to object: 'Object Repository/EngInfo/RL'

2017-11-15 10:03:54 - [MESSAGE][PASSED] - Delayed 5 second(s)

2017-11-15 10:03:54 - [MESSAGE][PASSED] - Object: 'Object Repository/EngInfo/RD' is clicked on

2017-11-15 10:03:59 - [MESSAGE][PASSED] - Delayed 5 second(s)

2017-11-15 10:03:59 - [MESSAGE][PASSED] - Keys 'Robert Lang' sent to object: 'Object Repository/EngInfo/RD'

2017-11-15 10:04:04 - [MESSAGE][PASSED] - Delayed 5 second(s)

2017-11-15 10:04:04 - [MESSAGE][PASSED] - Scroll to object 'Object Repository/NEXT_BUTTON' successfully

2017-11-15 10:04:05 - [MESSAGE][PASSED] - Object: 'Object Repository/NEXT_BUTTON' is clicked on

2017-11-15 10:04:10 - [MESSAGE][PASSED] - Delayed 5 second(s)

2017-11-15 10:04:10 - [MESSAGE][PASSED] - Text '12' is set on object 'Object Repository/BEP/DurationLow'

2017-11-15 10:04:15 - [MESSAGE][PASSED] - Delayed 5 second(s)

2017-11-15 10:04:15 - [MESSAGE][PASSED] - Keys 'TAB + ' sent to object: 'Object Repository/BEP/DurationLow'

2017-11-15 10:04:20 - [MESSAGE][PASSED] - Delayed 5 second(s)

2017-11-15 10:04:20 - [MESSAGE][PASSED] - Text '12' is set on object 'Object Repository/BEP/DurationHigh'

2017-11-15 10:04:25 - [MESSAGE][PASSED] - Delayed 5 second(s)

2017-11-15 10:04:25 - [MESSAGE][PASSED] - Keys 'TAB + ' sent to object: 'Object Repository/BEP/DurationHigh'

2017-11-15 10:04:30 - [MESSAGE][PASSED] - Delayed 5 second(s)

2017-11-15 10:04:31 - [MESSAGE][PASSED] - Text '12' is set on object 'Object Repository/BEP/PartnerHoursLow'

2017-11-15 10:04:36 - [MESSAGE][PASSED] - Delayed 5 second(s)

2017-11-15 10:04:36 - [MESSAGE][PASSED] - Keys 'TAB + ' sent to object: 'Object Repository/BEP/PartnerHoursLow'

2017-11-15 10:04:41 - [MESSAGE][PASSED] - Delayed 5 second(s)

2017-11-15 10:04:41 - [MESSAGE][PASSED] - Text '12' is set on object 'Object Repository/BEP/PartnerHoursHigh'

2017-11-15 10:04:46 - [MESSAGE][PASSED] - Delayed 5 second(s)

2017-11-15 10:04:46 - [MESSAGE][PASSED] - Object: 'Object Repository/BEP/EstimationMethod' is clicked on

2017-11-15 10:04:51 - [MESSAGE][PASSED] - Delayed 5 second(s)

2017-11-15 10:04:51 - [MESSAGE][PASSED] - Keys 'BSW' sent to object: 'Object Repository/BEP/EstimationMethod'

2017-11-15 10:04:56 - [MESSAGE][PASSED] - Delayed 5 second(s)

2017-11-15 10:04:57 - [MESSAGE][PASSED] - Object: 'Object Repository/BEP/routeToRL' is clicked on

2017-11-15 10:05:02 - [MESSAGE][PASSED] - Delayed 5 second(s)

2017-11-15 10:05:02 - [MESSAGE][PASSED] - Scroll to object 'Object Repository/NEXT_BUTTON' successfully

2017-11-15 10:05:02 - [MESSAGE][PASSED] - Object: 'Object Repository/NEXT_BUTTON' is clicked on

2017-11-15 10:05:07 - [MESSAGE][PASSED] - Delayed 5 second(s)

2017-11-15 10:05:07 - [MESSAGE][PASSED] - Object: 'Object Repository/BEP/BEPOutputEmail' is clicked on

2017-11-15 10:05:12 - [MESSAGE][PASSED] - Delayed 5 second(s)

2017-11-15 10:05:12 - [MESSAGE][PASSED] - Object: 'Object Repository/BEP/RECEIPIENT' is clicked on

2017-11-15 10:05:17 - [MESSAGE][PASSED] - Delayed 5 second(s)

2017-11-15 10:05:18 - [MESSAGE][PASSED] - Object: 'Object Repository/BEP/AddEmailID' is clicked on

2017-11-15 10:05:23 - [MESSAGE][PASSED] - Delayed 5 second(s)

2017-11-15 10:05:23 - [MESSAGE][PASSED] - Keys 'nagaveni.nipinale@in.pega.com' sent to object: 'Object Repository/BEP/MAILID_XPATH'

2017-11-15 10:05:28 - [MESSAGE][PASSED] - Delayed 5 second(s)

2017-11-15 10:05:28 - [MESSAGE][PASSED] - Object: 'Object Repository/BEP/modal_submit' is clicked on

2017-11-15 10:05:33 - [MESSAGE][PASSED] - Delayed 5 second(s)

2017-11-15 10:05:34 - [MESSAGE][PASSED] - Keys 'Test Automation' sent to object: 'Object Repository/BEP/Email_Subject'

2017-11-15 10:05:34 - [MESSAGE][PASSED] - Scroll to object 'Object Repository/NEXT_BUTTON' successfully

2017-11-15 10:05:34 - [MESSAGE][PASSED] - Object: 'Object Repository/NEXT_BUTTON' is clicked on

2017-11-15 10:05:39 - [MESSAGE][PASSED] - Delayed 5 second(s)

2017-11-15 10:05:39 - [MESSAGE][PASSED] - Scroll to object 'Object Repository/Generic/FINISH_BUTTON' successfully

2017-11-15 10:05:39 - [MESSAGE][PASSED] - Object: 'Object Repository/Generic/FINISH_BUTTON' is clicked on

2017-11-15 10:05:46 - [MESSAGE][FAILED] - Unable to get text of object 'Object Repository/BEP/BEPWOID' (Root cause: org.openqa.selenium.StaleElementReferenceException: stale element reference: element is not attached to the page document
  (Session info: chrome=62.0.3202.89)
  (Driver info: chromedriver=2.33.506120 (e3e53437346286c0bc2d2dc9aa4915ba81d9023f),platform=Windows NT 6.1.7601 SP1 x86_64) (WARNING: The server did not provide any stacktrace information)
Command duration or timeout: 62 milliseconds
For documentation on this error, please visit: http://seleniumhq.org/exceptions/stale_element_reference.html
Build info: version: '2.53.0', revision: '35ae25b', time: '2016-03-15 17:00:58'
System info: host: 'L22622WUS', ip: '10.2.176.77', os.name: 'Windows 7', os.arch: 'amd64', os.version: '6.1', java.version: '1.8.0_102'
Driver info: com.kms.katalon.selenium.driver.CChromeDriver
Capabilities [{applicationCacheEnabled=false, rotatable=false, mobileEmulationEnabled=false, networkConnectionEnabled=false, chrome={chromedriverVersion=2.33.506120 (e3e53437346286c0bc2d2dc9aa4915ba81d9023f), userDataDir=C:\Users\nipin\AppData\Local\Temp\scoped_dir5080_23740}, takesHeapSnapshot=true, pageLoadStrategy=normal, databaseEnabled=false, handlesAlerts=true, hasTouchScreen=false, version=62.0.3202.89, platform=XP, browserConnectionEnabled=false, nativeEvents=true, acceptSslCerts=true, locationContextEnabled=true, webStorageEnabled=true, browserName=chrome, takesScreenshot=true, javascriptEnabled=true, cssSelectorsEnabled=true, setWindowRect=true, unexpectedAlertBehaviour=}]
Session ID: 3372058de72040be7bdffe2b84744155)
[[ATTACHMENT|C:\\Users\\nipin\\Katalon Studio\\COE\\Reports\\BID\\BEP selected\\20171115_095605\\1510758346006.png]]

2017-11-15 10:05:46 - [MESSAGE][FAILED] - Unable to get text of object 'Object Repository/BEP/BEPWOID' (Root cause: org.openqa.selenium.StaleElementReferenceException: stale element reference: element is not attached to the page document
  (Session info: chrome=62.0.3202.89)
  (Driver info: chromedriver=2.33.506120 (e3e53437346286c0bc2d2dc9aa4915ba81d9023f),platform=Windows NT 6.1.7601 SP1 x86_64) (WARNING: The server did not provide any stacktrace information)
Command duration or timeout: 62 milliseconds
For documentation on this error, please visit: http://seleniumhq.org/exceptions/stale_element_reference.html
Build info: version: '2.53.0', revision: '35ae25b', time: '2016-03-15 17:00:58'
System info: host: 'L22622WUS', ip: '10.2.176.77', os.name: 'Windows 7', os.arch: 'amd64', os.version: '6.1', java.version: '1.8.0_102'
Driver info: com.kms.katalon.selenium.driver.CChromeDriver
Capabilities [{applicationCacheEnabled=false, rotatable=false, mobileEmulationEnabled=false, networkConnectionEnabled=false, chrome={chromedriverVersion=2.33.506120 (e3e53437346286c0bc2d2dc9aa4915ba81d9023f), userDataDir=C:\Users\nipin\AppData\Local\Temp\scoped_dir5080_23740}, takesHeapSnapshot=true, pageLoadStrategy=normal, databaseEnabled=false, handlesAlerts=true, hasTouchScreen=false, version=62.0.3202.89, platform=XP, browserConnectionEnabled=false, nativeEvents=true, acceptSslCerts=true, locationContextEnabled=true, webStorageEnabled=true, browserName=chrome, takesScreenshot=true, javascriptEnabled=true, cssSelectorsEnabled=true, setWindowRect=true, unexpectedAlertBehaviour=}]
Session ID: 3372058de72040be7bdffe2b84744155)

2017-11-15 10:05:46 - [MESSAGE][FAILED] - Unable to call Test Case with id 'Test Cases/BEP/TC_Create_BEP_EmailOutput' (Root cause: Call Test Case 'Test Cases/BEP/TC_Create_BEP_EmailOutput' failed)]]></system-out>
         <system-err><![CDATA[2017-11-15 10:01:39 - [TEST_CASE][FAILED] - Test Cases/BEP/TC_CreateBEP_EmailOutput_SendEmail_CreateECR: Test Cases/BEP/TC_CreateBEP_EmailOutput_SendEmail_CreateECR FAILED because (of) Unable to get text of object 'Object Repository/BEP/BEPWOID' (Root cause: org.openqa.selenium.StaleElementReferenceException: stale element reference: element is not attached to the page document
  (Session info: chrome=62.0.3202.89)
  (Driver info: chromedriver=2.33.506120 (e3e53437346286c0bc2d2dc9aa4915ba81d9023f),platform=Windows NT 6.1.7601 SP1 x86_64) (WARNING: The server did not provide any stacktrace information)
Command duration or timeout: 62 milliseconds
For documentation on this error, please visit: http://seleniumhq.org/exceptions/stale_element_reference.html
Build info: version: '2.53.0', revision: '35ae25b', time: '2016-03-15 17:00:58'
System info: host: 'L22622WUS', ip: '10.2.176.77', os.name: 'Windows 7', os.arch: 'amd64', os.version: '6.1', java.version: '1.8.0_102'
Driver info: com.kms.katalon.selenium.driver.CChromeDriver
Capabilities [{applicationCacheEnabled=false, rotatable=false, mobileEmulationEnabled=false, networkConnectionEnabled=false, chrome={chromedriverVersion=2.33.506120 (e3e53437346286c0bc2d2dc9aa4915ba81d9023f), userDataDir=C:\Users\nipin\AppData\Local\Temp\scoped_dir5080_23740}, takesHeapSnapshot=true, pageLoadStrategy=normal, databaseEnabled=false, handlesAlerts=true, hasTouchScreen=false, version=62.0.3202.89, platform=XP, browserConnectionEnabled=false, nativeEvents=true, acceptSslCerts=true, locationContextEnabled=true, webStorageEnabled=true, browserName=chrome, takesScreenshot=true, javascriptEnabled=true, cssSelectorsEnabled=true, setWindowRect=true, unexpectedAlertBehaviour=}]
Session ID: 3372058de72040be7bdffe2b84744155)]]></system-err>
      </testcase>
      <system-out><![CDATA[2017-11-15 09:56:08 - [TEST_SUITE][FAILED] - BEP selected: Test Cases/BEP/TC_Create_BEP_EmailOutput FAILED because (of) Unable to scroll to object 'Object Repository/Generic/FINISH_BUTTON' (Root cause: com.kms.katalon.core.webui.exception.WebElementNotFoundException: Web element with id: 'Object Repository/Generic/FINISH_BUTTON' located by 'By.xpath: //button[contains(.,'Finish')]' not found)]]></system-out>
      <system-err><![CDATA[2017-11-15 09:56:08 - [TEST_SUITE][FAILED] - BEP selected: Test Cases/BEP/TC_Create_BEP_EmailOutput FAILED because (of) Unable to scroll to object 'Object Repository/Generic/FINISH_BUTTON' (Root cause: com.kms.katalon.core.webui.exception.WebElementNotFoundException: Web element with id: 'Object Repository/Generic/FINISH_BUTTON' located by 'By.xpath: //button[contains(.,'Finish')]' not found)]]></system-err>
   </testsuite>
</testsuites>
